<?xml version="1.0" encoding="UTF-8"?><TestSessionContainer xmlns="http://www.codecover.org/xml/testsession-container" Date="1421689149618" TestSessionContainerId="12b2b511-a7a6-4353-b687-46e704a79880" version="1.0">
<SrcFileList>
<SrcFile Content="package com.aconex.coding.challenge;&#13;&#10;&#13;&#10;public class ResultFormatter {&#13;&#10;&#13;&#10;&#9;&#13;&#10;&#9;private static int findIndexOfDigit(String word){&#13;&#10;&#9;&#9;for(int i=0;i&lt;word.length();i++){&#13;&#10;&#9;&#9;&#9;char c = word.charAt(i);&#13;&#10;&#9;&#9;&#9;if(c&gt;='0'&amp;&amp;c&lt;='9'){&#13;&#10;&#9;&#9;&#9;&#9;return i;&#13;&#10;&#9;&#9;&#9;}&#13;&#10;&#9;&#9;}&#13;&#10;&#9;&#9;return -1;&#13;&#10;&#9;}&#13;&#10;&#9;&#13;&#10;&#9;public static String format(final String resultWord){&#13;&#10;&#9;&#9;StringBuffer newResultString = new StringBuffer();&#13;&#10;&#9;&#9;int digitPos = findIndexOfDigit(resultWord);&#13;&#10;&#9;&#9;do{&#13;&#10;&#9;&#9;&#9;if(digitPos != -1){&#13;&#10;&#9;&#9;&#9;&#9;resultWord.substring(0,digitPos+1);&#13;&#10;&#9;&#9;&#9;}&#13;&#10;&#9;&#9;&#9;for(int i=0;i&lt;resultWord.length();i++){&#13;&#10;&#9;&#9;&#9;&#9;&#13;&#10;&#9;&#9;&#9;}&#13;&#10;&#9;&#9;}while(digitPos != -1);&#13;&#10;&#9;&#9;return newResultString.toString();&#13;&#10;&#9;}&#13;&#10;&#9;&#13;&#10;}&#13;&#10;" Filename="ResultFormatter.java" Intrnl_Id="1"/>
<SrcFile Content="package com.aconex.coding.challenge;&#13;&#10;&#13;&#10;import java.io.BufferedReader;&#13;&#10;import java.io.File;&#13;&#10;import java.io.FileReader;&#13;&#10;import java.util.Set;&#13;&#10;&#13;&#10;public class PhoneDirectory {&#13;&#10;&#13;&#10;&#9;private String directoryPath = null;&#13;&#10;&#9;&#13;&#10;&#9;public PhoneDirectory(){&#13;&#10;&#9;&#9;&#13;&#10;&#9;}&#13;&#10;&#9;&#13;&#10;&#9;public PhoneDirectory(String directoryPath){&#13;&#10;&#9;&#9;this.directoryPath = directoryPath;&#13;&#10;&#9;}&#13;&#10;&#9;&#13;&#10;&#9;public void init(String directoryPath){&#13;&#10;&#9;&#9;this.directoryPath = directoryPath;&#13;&#10;&#9;}&#13;&#10;&#9;&#13;&#10;&#9;public void readDirectoryAndCovertNumbertoAlpha(){&#13;&#10;&#9;&#9;File file = new File(directoryPath);&#13;&#10;&#9;&#9;FileReader fread = null;&#13;&#10;&#9;&#9;BufferedReader bfread = null;&#13;&#10;&#9;&#9;try{&#13;&#10;&#9;&#9;&#9;if(!file.exists()){&#13;&#10;&#9;&#9;&#9;&#9;System.err.print(&quot;Phone Directory File Not Found!!!&quot;);&#13;&#10;&#9;&#9;&#9;&#9;System.exit(1);&#13;&#10;&#9;&#9;&#9;}&#13;&#10;&#9;&#9;&#9;fread = new FileReader(file);&#13;&#10;&#9;&#9;&#9;bfread = new BufferedReader(fread);&#13;&#10;&#9;&#9;&#9;String line = null;&#13;&#10;&#9;&#9;&#9;while((line = bfread.readLine())!=null){&#13;&#10;&#9;&#9;&#9;&#9;Phone phone = new Phone();&#13;&#10;&#9;&#9;&#9;&#9;try{&#13;&#10;&#9;&#9;&#9;&#9;&#9;phone.initNumber(line);&#13;&#10;&#9;&#9;&#9;&#9;&#9;Set&lt;String&gt; set = NumberToAlphaConverter.convertToAlpha(phone.getNumber());&#13;&#10;&#9;&#9;&#9;&#9;&#9;if(set.size()&gt;0){&#13;&#10;&#9;&#9;&#9;&#9;&#9;&#9;System.out.println(&quot;Possible Word Conversion-&quot;);&#13;&#10;&#9;&#9;&#9;&#9;&#9;&#9;for(String alpha:set){&#13;&#10;&#9;&#9;&#9;&#9;&#9;&#9;&#9;System.out.println(alpha);&#13;&#10;&#9;&#9;&#9;&#9;&#9;&#9;}&#13;&#10;&#9;&#9;&#9;&#9;&#9;}else{&#13;&#10;&#9;&#9;&#9;&#9;&#9;&#9;System.out.println(&quot;No Possible Word Conversion!!!&quot;);&#13;&#10;&#9;&#9;&#9;&#9;&#9;}&#13;&#10;&#9;&#9;&#9;&#9;}catch(Exception e){&#13;&#10;&#9;&#9;&#9;&#9;&#9;//Expected&#13;&#10;&#9;&#9;&#9;&#9;}&#13;&#10;&#9;&#9;&#9;}&#13;&#10;&#9;&#9;}catch(Exception e){&#13;&#10;&#9;&#9;&#9;e.printStackTrace();&#13;&#10;&#9;&#9;}finally{&#13;&#10;&#9;&#9;&#9;if(bfread!=null){&#13;&#10;&#9;&#9;&#9;&#9;try{&#13;&#10;&#9;&#9;&#9;&#9;&#9;bfread.close();&#13;&#10;&#9;&#9;&#9;&#9;}catch(Exception e){&#13;&#10;&#9;&#9;&#9;&#9;&#9;e.printStackTrace();&#13;&#10;&#9;&#9;&#9;&#9;}&#13;&#10;&#9;&#9;&#9;}&#13;&#10;&#9;&#9;&#9;if(fread!=null){&#13;&#10;&#9;&#9;&#9;&#9;try{&#13;&#10;&#9;&#9;&#9;&#9;&#9;fread.close();&#13;&#10;&#9;&#9;&#9;&#9;}catch(Exception e){&#13;&#10;&#9;&#9;&#9;&#9;&#9;e.printStackTrace();&#13;&#10;&#9;&#9;&#9;&#9;}&#13;&#10;&#9;&#9;&#9;}&#13;&#10;&#9;&#9;}&#13;&#10;&#9;}&#13;&#10;&#9;&#13;&#10;&#9;&#13;&#10;}&#13;&#10;" Filename="PhoneDirectory.java" Intrnl_Id="2"/>
<SrcFile Content="package com.aconex.coding.challenge;&#13;&#10;&#13;&#10;&#13;&#10;public class Phone {&#13;&#10;&#13;&#10;&#9;private String number = null;&#13;&#10;&#9;&#13;&#10;&#9;public void initNumber(String number){&#13;&#10;&#9;&#9;this.number = number;&#13;&#10;&#9;}&#13;&#10;&#9;&#13;&#10;&#9;public String getNumber(){&#13;&#10;&#9;&#9;return number;&#13;&#10;&#9;}&#13;&#10;&#9;&#13;&#10;}&#13;&#10;" Filename="Phone.java" Intrnl_Id="3"/>
<SrcFile Content="package com.aconex.coding.challenge;&#13;&#10;&#13;&#10;import java.text.DecimalFormat;&#13;&#10;import java.util.ArrayList;&#13;&#10;import java.util.HashMap;&#13;&#10;import java.util.HashSet;&#13;&#10;import java.util.Map;&#13;&#10;import java.util.Set;&#13;&#10;&#13;&#10;public class NumberToAlphaConverter {&#13;&#10;&#13;&#10;static Map&lt;String,ArrayList&lt;String&gt;&gt; numberEncodingMap = new HashMap&lt;String,ArrayList&lt;String&gt;&gt;();&#13;&#10;&#9;&#13;&#10;&#9;static {&#13;&#10;&#9;&#9;ArrayList&lt;String&gt; decimalEncoding = new ArrayList&lt;String&gt;();&#13;&#10;&#9;&#9;decimalEncoding.add(&quot;-&quot;);&#13;&#10;&#9;&#9;numberEncodingMap.put(&quot;.&quot;,decimalEncoding);&#13;&#10;&#9;&#9;ArrayList&lt;String&gt; digit2Encoding = new ArrayList&lt;String&gt;();&#13;&#10;&#9;&#9;digit2Encoding.add(&quot;A&quot;);&#13;&#10;&#9;&#9;digit2Encoding.add(&quot;B&quot;);&#13;&#10;&#9;&#9;digit2Encoding.add(&quot;C&quot;);&#13;&#10;&#9;&#9;numberEncodingMap.put(&quot;2&quot;,digit2Encoding);&#13;&#10;&#9;&#9;ArrayList&lt;String&gt; digit3Encoding = new ArrayList&lt;String&gt;();&#13;&#10;&#9;&#9;digit3Encoding.add(&quot;D&quot;);&#13;&#10;&#9;&#9;digit3Encoding.add(&quot;E&quot;);&#13;&#10;&#9;&#9;digit3Encoding.add(&quot;F&quot;);&#13;&#10;&#9;&#9;numberEncodingMap.put(&quot;3&quot;,digit3Encoding);&#13;&#10;&#9;&#9;ArrayList&lt;String&gt; digit4Encoding = new ArrayList&lt;String&gt;();&#13;&#10;&#9;&#9;digit4Encoding.add(&quot;G&quot;);&#13;&#10;&#9;&#9;digit4Encoding.add(&quot;H&quot;);&#13;&#10;&#9;&#9;digit4Encoding.add(&quot;I&quot;);&#13;&#10;&#9;&#9;numberEncodingMap.put(&quot;4&quot;,digit4Encoding);&#13;&#10;&#9;&#9;ArrayList&lt;String&gt; digit5Encoding = new ArrayList&lt;String&gt;();&#13;&#10;&#9;&#9;digit5Encoding.add(&quot;J&quot;);&#13;&#10;&#9;&#9;digit5Encoding.add(&quot;K&quot;);&#13;&#10;&#9;&#9;digit5Encoding.add(&quot;L&quot;);&#13;&#10;&#9;&#9;numberEncodingMap.put(&quot;5&quot;,digit5Encoding);&#13;&#10;&#9;&#9;ArrayList&lt;String&gt; digit6Encoding = new ArrayList&lt;String&gt;();&#13;&#10;&#9;&#9;digit6Encoding.add(&quot;M&quot;);&#13;&#10;&#9;&#9;digit6Encoding.add(&quot;N&quot;);&#13;&#10;&#9;&#9;digit6Encoding.add(&quot;O&quot;);&#13;&#10;&#9;&#9;numberEncodingMap.put(&quot;6&quot;,digit6Encoding);&#13;&#10;&#9;&#9;ArrayList&lt;String&gt; digit7Encoding = new ArrayList&lt;String&gt;();&#13;&#10;&#9;&#9;digit7Encoding.add(&quot;P&quot;);&#13;&#10;&#9;&#9;digit7Encoding.add(&quot;Q&quot;);&#13;&#10;&#9;&#9;digit7Encoding.add(&quot;R&quot;);&#13;&#10;&#9;&#9;digit7Encoding.add(&quot;S&quot;);&#13;&#10;&#9;&#9;numberEncodingMap.put(&quot;7&quot;,digit7Encoding);&#13;&#10;&#9;&#9;ArrayList&lt;String&gt; digit8Encoding = new ArrayList&lt;String&gt;();&#13;&#10;&#9;&#9;digit8Encoding.add(&quot;T&quot;);&#13;&#10;&#9;&#9;digit8Encoding.add(&quot;U&quot;);&#13;&#10;&#9;&#9;digit8Encoding.add(&quot;V&quot;);&#13;&#10;&#9;&#9;numberEncodingMap.put(&quot;8&quot;,digit8Encoding);&#13;&#10;&#9;&#9;ArrayList&lt;String&gt; digit9Encoding = new ArrayList&lt;String&gt;();&#13;&#10;&#9;&#9;digit9Encoding.add(&quot;W&quot;);&#13;&#10;&#9;&#9;digit9Encoding.add(&quot;X&quot;);&#13;&#10;&#9;&#9;digit9Encoding.add(&quot;Y&quot;);&#13;&#10;&#9;&#9;digit9Encoding.add(&quot;Z&quot;);&#13;&#10;&#9;&#9;numberEncodingMap.put(&quot;9&quot;,digit9Encoding);&#13;&#10;&#9;}&#13;&#10;&#9;&#13;&#10;&#9;&#13;&#10;&#9;private static int findLastDigitPosition(String convertedString){&#13;&#10;&#9;&#9;int pos = -1;&#13;&#10;&#9;&#9;char digit0 = '0';&#13;&#10;&#9;&#9;char digit9 = '9';&#13;&#10;&#9;&#9;for(int index = 0; index&lt;convertedString.length();index++){&#13;&#10;&#9;&#9;&#9;char charAtPos = convertedString.charAt(index);&#13;&#10;&#9;&#9;&#9;if(charAtPos&gt;=digit0 &amp;&amp; charAtPos&lt;=digit9){&#13;&#10;&#9;&#9;&#9;&#9;pos = index;&#13;&#10;&#9;&#9;&#9;}else if(charAtPos == '-'){&#13;&#10;&#9;&#9;&#9;&#9;pos = index;&#13;&#10;&#9;&#9;&#9;}&#13;&#10;&#9;&#9;}&#13;&#10;&#9;&#9;return pos;&#13;&#10;&#9;&#9;&#13;&#10;&#9;}&#13;&#10;&#9;&#13;&#10;&#9;private static String alphaToDigit(char alpha){&#13;&#10;&#9;&#9;if(alpha&gt;='A'&amp;&amp;alpha&lt;='C'){&#13;&#10;&#9;&#9;&#9;return &quot;2&quot;;&#13;&#10;&#9;&#9;}else if(alpha&gt;='D'&amp;&amp;alpha&lt;='F'){&#13;&#10;&#9;&#9;&#9;return &quot;3&quot;;&#13;&#10;&#9;&#9;}else if(alpha&gt;='G'&amp;&amp;alpha&lt;='I'){&#13;&#10;&#9;&#9;&#9;return &quot;4&quot;;&#13;&#10;&#9;&#9;}else if(alpha&gt;='J'&amp;&amp;alpha&lt;='L'){&#13;&#10;&#9;&#9;&#9;return &quot;5&quot;;&#13;&#10;&#9;&#9;}else if(alpha&gt;='M'&amp;&amp;alpha&lt;='O'){&#13;&#10;&#9;&#9;&#9;return &quot;6&quot;;&#13;&#10;&#9;&#9;}else if(alpha&gt;='P'&amp;&amp;alpha&lt;='S'){&#13;&#10;&#9;&#9;&#9;return &quot;7&quot;;&#13;&#10;&#9;&#9;}else if(alpha&gt;='T'&amp;&amp;alpha&lt;='V'){&#13;&#10;&#9;&#9;&#9;return &quot;8&quot;;&#13;&#10;&#9;&#9;}else{&#13;&#10;&#9;&#9;&#9;return &quot;9&quot;;&#13;&#10;&#9;&#9;}&#13;&#10;&#9;}&#13;&#10;&#9;&#13;&#10;&#9;&#13;&#10;&#9;private static Set&lt;String&gt; replaceStringWithDigit(String str){&#13;&#10;&#9;&#9;Set&lt;String&gt; newSet = new HashSet&lt;String&gt;();&#13;&#10;&#9;&#9;for(int i=0;i&lt;str.length()-1;i++){&#13;&#10;&#9;&#9;&#9;if(i==0){&#13;&#10;&#9;&#9;&#9;&#9;String temp = str.substring(i+1);&#13;&#10;&#9;&#9;&#9;&#9;if(Dictionary.isStringPatternExistInDictionary(temp)){&#13;&#10;&#9;&#9;&#9;&#9;&#9;newSet.add(alphaToDigit(str.charAt(i))+temp);&#13;&#10;&#9;&#9;&#9;&#9;}&#13;&#10;&#9;&#9;&#9;}&#13;&#10;&#9;&#9;&#9;else{&#13;&#10;&#9;&#9;&#9;&#9;String temp = str.substring(0,i);&#13;&#10;//&#9;&#9;&#9;&#9;System.out.println(&quot;temp: &quot;+temp);&#13;&#10;&#9;&#9;&#9;&#9;if(Dictionary.isStringExistInDictionary(temp)){&#13;&#10;&#9;&#9;&#9;&#9;&#9;String temp2 = str.substring(i+1);&#13;&#10;//&#9;&#9;&#9;&#9;&#9;System.out.println(&quot;temp2: &quot;+temp2);&#13;&#10;&#9;&#9;&#9;&#9;&#9;if(Dictionary.isStringPatternExistInDictionary(temp2)){&#13;&#10;&#9;&#9;&#9;&#9;&#9;&#9;newSet.add(temp+alphaToDigit(str.charAt(i))+temp2);&#13;&#10;&#9;&#9;&#9;&#9;&#9;}&#13;&#10;&#9;&#9;&#9;&#9;}&#13;&#10;&#9;&#9;&#9;}&#13;&#10;&#9;&#9;}&#13;&#10;//&#9;&#9;if(newSet.size()&gt;0){&#13;&#10;//&#9;&#9;&#9;System.out.println(&quot;AlphaToDigitConverter--&quot;);&#13;&#10;//&#9;&#9;&#9;for(String atr:newSet){&#13;&#10;//&#9;&#9;&#9;&#9;System.out.println(atr);&#13;&#10;//&#9;&#9;&#9;}&#13;&#10;//&#9;&#9;}&#13;&#10;&#9;&#9;return newSet;&#13;&#10;&#9;}&#13;&#10;&#9;&#13;&#10;&#9;private static Set&lt;String&gt; addToSet(Set&lt;String&gt; convertedSet,ArrayList&lt;String&gt; arr, String digit,boolean isFirstIndex){&#13;&#10;&#9;&#9;Set&lt;String&gt; newConvertedSet = new HashSet&lt;String&gt;();&#13;&#10;&#9;&#9;if(digit.equals(&quot;.&quot;)){&#13;&#10;&#9;&#9;&#9;for(String encodedStr : convertedSet){&#13;&#10;&#9;&#9;&#9;&#9;int lastDigitPos = findLastDigitPosition(encodedStr);&#13;&#10;&#9;&#9;&#9;&#9;String str = encodedStr.substring(lastDigitPos+1);&#13;&#10;&#9;&#9;&#9;&#9;if(Dictionary.isStringExistInDictionary(str) || str.equals(&quot;&quot;)){&#13;&#10;&#9;&#9;&#9;&#9;&#9;newConvertedSet.add(encodedStr.concat(&quot;-&quot;));&#13;&#10;&#9;&#9;&#9;&#9;}&#13;&#10;&#9;&#9;&#9;}&#13;&#10;&#9;&#9;}&#13;&#10;&#9;&#9;else if(convertedSet.size()&gt;0){&#13;&#10;&#9;&#9;&#9;for(String convertedStr : convertedSet){&#13;&#10;&#9;&#9;&#9;&#9;int lastDigitPos = findLastDigitPosition(convertedStr);&#13;&#10;&#9;&#9;&#9;&#9;String str = convertedStr.substring(lastDigitPos+1);&#13;&#10;&#9;&#9;&#9;&#9;for(String encodedStr : arr){&#13;&#10;&#9;&#9;&#9;&#9;&#9;String temp = str.concat(encodedStr);&#13;&#10;&#9;&#9;&#9;&#9;&#9;if(Dictionary.isStringPatternExistInDictionary(temp)){&#13;&#10;&#9;&#9;&#9;&#9;&#9;&#9;newConvertedSet.add(convertedStr.concat(encodedStr));&#13;&#10;&#9;&#9;&#9;&#9;&#9;}else{&#13;&#10;&#9;&#9;&#9;&#9;&#9;&#9;if(Dictionary.isStringExistInDictionary(str) &amp;&amp; (lastDigitPos!=convertedStr.length()-1)&#13;&#10;&#9;&#9;&#9;&#9;&#9;&#9;&#9;&#9;|| (str.equals(&quot;&quot;)  &amp;&amp; (lastDigitPos!=-1) &amp;&amp; (convertedStr.charAt(lastDigitPos) == '-')))&#13;&#10;&#9;&#9;&#9;&#9;&#9;&#9;{&#13;&#10;&#9;&#9;&#9;&#9;&#9;&#9;&#9;boolean flag = true;&#13;&#10;&#9;&#9;&#9;&#9;&#9;&#9;&#9;if((lastDigitPos!=-1) &amp;&amp; convertedStr.charAt(lastDigitPos) == '-' &amp;&amp; str.equals(&quot;&quot;)){&#13;&#10;&#9;&#9;&#9;&#9;&#9;&#9;&#9;&#9;char c = convertedStr.charAt(lastDigitPos-1);&#13;&#10;&#9;&#9;&#9;&#9;&#9;&#9;&#9;&#9;if(c&gt;='0' &amp;&amp;c&lt;='9'){&#13;&#10;&#9;&#9;&#9;&#9;&#9;&#9;&#9;&#9;&#9;flag = false;&#13;&#10;&#9;&#9;&#9;&#9;&#9;&#9;&#9;&#9;}&#13;&#10;&#9;&#9;&#9;&#9;&#9;&#9;&#9;}&#13;&#10;&#9;&#9;&#9;&#9;&#9;&#9;&#9;if(flag){&#13;&#10;&#9;&#9;&#9;&#9;&#9;&#9;&#9;&#9;newConvertedSet.add(convertedStr.concat(digit));&#13;&#10;&#9;&#9;&#9;&#9;&#9;&#9;&#9;}&#13;&#10;&#9;&#9;&#9;&#9;&#9;&#9;}&#13;&#10;&#9;&#9;&#9;&#9;&#9;&#9;Set&lt;String&gt; tempSet = replaceStringWithDigit(temp);&#13;&#10;&#9;&#9;&#9;&#9;&#9;&#9;if(tempSet.size()&gt;0){&#13;&#10;&#9;&#9;&#9;&#9;&#9;&#9;&#9;for(String tempStr:tempSet){&#13;&#10;&#9;&#9;&#9;&#9;&#9;&#9;&#9;&#9;char firstLetter = tempStr.charAt(0);&#13;&#10;&#9;&#9;&#9;&#9;&#9;&#9;&#9;&#9;if(!(firstLetter &gt;= '0' &amp;&amp; firstLetter&lt;='9') || lastDigitPos == -1){&#13;&#10;&#9;&#9;&#9;&#9;&#9;&#9;&#9;&#9;&#9;if(lastDigitPos == -1){&#13;&#10;&#9;&#9;&#9;&#9;&#9;&#9;&#9;&#9;&#9;&#9;newConvertedSet.add(tempStr);&#13;&#10;&#9;&#9;&#9;&#9;&#9;&#9;&#9;&#9;&#9;}else{&#13;&#10;&#9;&#9;&#9;&#9;&#9;&#9;&#9;&#9;&#9;&#9;newConvertedSet.add(convertedStr.substring(0,lastDigitPos).concat(tempStr));&#13;&#10;&#9;&#9;&#9;&#9;&#9;&#9;&#9;&#9;&#9;}&#13;&#10;&#9;&#9;&#9;&#9;&#9;&#9;&#9;&#9;}&#13;&#10;&#9;&#9;&#9;&#9;&#9;&#9;&#9;}&#13;&#10;&#9;&#9;&#9;&#9;&#9;&#9;}&#13;&#10;&#9;&#9;&#9;&#9;&#9;}&#13;&#10;&#9;&#9;&#9;&#9;}&#13;&#10;&#9;&#9;&#9;}&#13;&#10;&#9;&#9;}else if(isFirstIndex){&#13;&#10;&#9;&#9;&#9;for(String encodedStr:arr){&#13;&#10;&#9;&#9;&#9;&#9;newConvertedSet.add(encodedStr);&#13;&#10;&#9;&#9;&#9;}&#13;&#10;&#9;&#9;}&#13;&#10;&#9;&#9;return newConvertedSet;&#13;&#10;&#9;}&#13;&#10;&#9;&#13;&#10;&#9;&#13;&#10;&#9;public static Set&lt;String&gt; convertToAlpha(final String number){&#13;&#10;&#9;&#9;Set&lt;String&gt; convertedSet = new HashSet&lt;String&gt;();&#13;&#10;&#9;&#9;try{ &#13;&#10;&#9;&#9;&#9;for(int index = 0;index&lt;number.length();index++){&#13;&#10;&#9;&#9;&#9;&#9;char digit = number.charAt(index);&#13;&#10;&#9;&#9;&#9;&#9;if(numberEncodingMap.containsKey(String.valueOf(digit))){&#13;&#10;&#9;&#9;&#9;&#9;&#9;ArrayList&lt;String&gt; arr = numberEncodingMap.get(String.valueOf(digit));&#13;&#10;&#9;&#9;&#9;&#9;&#9;convertedSet = addToSet(convertedSet,arr,String.valueOf(digit),index==0);&#13;&#10;&#9;&#9;&#9;&#9;&#9;if(convertedSet.size()==0){&#13;&#10;&#9;&#9;&#9;&#9;&#9;&#9;break;&#13;&#10;&#9;&#9;&#9;&#9;&#9;}&#13;&#10;//&#9;&#9;&#9;&#9;&#9;System.out.println(&quot;Iteratation -- &quot;+(index+1));&#13;&#10;//&#9;&#9;&#9;&#9;&#9;for(String c:convertedSet){&#13;&#10;//&#9;&#9;&#9;&#9;&#9;&#9;System.out.println(c);&#13;&#10;//&#9;&#9;&#9;&#9;&#9;}&#13;&#10;&#9;&#9;&#9;&#9;}&#13;&#10;&#9;&#9;&#9;}&#13;&#10;&#9;&#9;}catch(Exception e){&#13;&#10;&#9;&#9;&#9;e.printStackTrace();&#13;&#10;&#9;&#9;}&#13;&#10;&#9;&#9;return convertedSet;&#13;&#10;&#9;}&#13;&#10;&#9;&#13;&#10;}&#13;&#10;" Filename="NumberToAlphaConverter.java" Intrnl_Id="4"/>
<SrcFile Content="package com.aconex.coding.challenge;&#13;&#10;&#13;&#10;import java.io.BufferedReader;&#13;&#10;import java.io.InputStreamReader;&#13;&#10;&#13;&#10;public class Main {&#13;&#10;&#13;&#10;//&#9;private  static final String DICTIONARY_FILE_PATH = &quot;DictionaryFilePath&quot;;&#13;&#10;&#9;&#13;&#10;&#9;&#13;&#10;&#9;public static void main(String args[]){&#13;&#10;&#9;&#9;String dictionaryPath = null;&#13;&#10;&#9;&#9;&#13;&#10;&#9;&#9;InputStreamReader isr = null;&#13;&#10;&#9;&#9;BufferedReader bfread = null;&#13;&#10;&#9;&#9;&#13;&#10;&#9;&#9;String phoneDirectoryPath = null;&#13;&#10;&#9;&#9;int dictionaryPathArgIndex = -1;&#13;&#10;&#9;&#9;for(int index=0;index&lt;args.length;index++){&#13;&#10;&#9;&#9;&#9;String arg = args[index];&#13;&#10;&#9;&#9;&#9;if(arg.equals(&quot;-d&quot;)){&#13;&#10;&#9;&#9;&#9;&#9;try{&#13;&#10;&#9;&#9;&#9;&#9;&#9;dictionaryPath = args[index+1];&#13;&#10;&#9;&#9;&#9;&#9;&#9;dictionaryPathArgIndex = index;&#13;&#10;&#9;&#9;&#9;&#9;&#9;break;&#13;&#10;&#9;&#9;&#9;&#9;}catch(ArrayIndexOutOfBoundsException e){&#13;&#10;&#9;&#9;&#9;&#9;&#9;//Expected&#13;&#10;&#9;&#9;&#9;&#9;}&#13;&#10;&#9;&#9;&#9;&#9;catch(Exception e){&#13;&#10;&#9;&#9;&#9;&#9;&#9;e.printStackTrace();&#13;&#10;&#9;&#9;&#9;&#9;}&#13;&#10;&#9;&#9;&#9;}&#13;&#10;&#9;&#9;}&#13;&#10;&#9;&#9;if(dictionaryPath==null){&#13;&#10;&#9;&#9;&#9;System.out.println(&quot;Dcitionary Path Not Provided!!!&quot;);&#13;&#10;&#9;&#9;&#9;System.exit(1);&#13;&#10;&#9;&#9;}&#13;&#10;&#9;&#9;&#13;&#10;&#9;&#9;if(dictionaryPath!=null &amp;&amp; args.length == 3){&#13;&#10;&#9;&#9;&#9;if(dictionaryPathArgIndex == 1){&#13;&#10;&#9;&#9;&#9;&#9;phoneDirectoryPath = args[0];&#13;&#10;&#9;&#9;&#9;}else{&#13;&#10;&#9;&#9;&#9;&#9;phoneDirectoryPath = args[2];&#13;&#10;&#9;&#9;&#9;}&#13;&#10;&#9;&#9;}else if(dictionaryPath!=null &amp;&amp; args.length == 2){&#13;&#10;&#9;&#9;&#9;System.out.println(&quot;Phone Directory Path:&quot;);&#13;&#10;&#9;&#9;&#9;try{&#13;&#10;&#9;&#9;&#9;&#9;isr = new InputStreamReader(System.in);&#13;&#10;&#9;&#9;&#9;&#9;bfread = new BufferedReader(isr);&#13;&#10;&#9;&#9;&#9;&#9;phoneDirectoryPath = bfread.readLine();&#13;&#10;&#9;&#9;&#9;}catch(Exception e){&#13;&#10;&#9;&#9;&#9;&#9;e.printStackTrace();&#13;&#10;&#9;&#9;&#9;}finally{&#13;&#10;&#9;&#9;&#9;&#9;if(bfread!=null){&#13;&#10;&#9;&#9;&#9;&#9;&#9;try{&#13;&#10;&#9;&#9;&#9;&#9;&#9;&#9;bfread.close();&#13;&#10;&#9;&#9;&#9;&#9;&#9;}catch(Exception e){&#13;&#10;&#9;&#9;&#9;&#9;&#9;&#9;e.printStackTrace();&#13;&#10;&#9;&#9;&#9;&#9;&#9;}&#13;&#10;&#9;&#9;&#9;&#9;}&#13;&#10;&#9;&#9;&#9;&#9;if(isr!=null){&#13;&#10;&#9;&#9;&#9;&#9;&#9;try{&#13;&#10;&#9;&#9;&#9;&#9;&#9;&#9;isr.close();&#13;&#10;&#9;&#9;&#9;&#9;&#9;}catch(Exception e){&#13;&#10;&#9;&#9;&#9;&#9;&#9;&#9;e.printStackTrace();&#13;&#10;&#9;&#9;&#9;&#9;&#9;}&#13;&#10;&#9;&#9;&#9;&#9;}&#13;&#10;&#9;&#9;&#9;}&#13;&#10;&#9;&#9;}&#13;&#10;&#9;&#9;Dictionary dictionary = Dictionary.getInstance();&#13;&#10;&#9;&#9;dictionary.init(dictionaryPath);&#13;&#10;&#9;&#9;PhoneDirectory dir = new PhoneDirectory();&#13;&#10;&#9;&#9;dir.init(phoneDirectoryPath);&#13;&#10;&#9;&#9;dir.readDirectoryAndCovertNumbertoAlpha();&#13;&#10;&#9;}&#13;&#10;&#9;&#13;&#10;}&#13;&#10;" Filename="Main.java" Intrnl_Id="5"/>
<SrcFile Content="package com.aconex.coding.challenge;&#13;&#10;&#13;&#10;import java.io.BufferedReader;&#13;&#10;import java.io.File;&#13;&#10;import java.io.FileReader;&#13;&#10;import java.util.HashSet;&#13;&#10;import java.util.Set;&#13;&#10;&#13;&#10;public class Dictionary {&#13;&#10;&#13;&#10;&#9;private static Set&lt;String&gt; words = new HashSet&lt;String&gt;();&#13;&#10;&#9;&#13;&#10;&#9;&#13;&#10;&#9;private static Dictionary object = null;&#13;&#10;&#9;&#13;&#10;&#9;private Dictionary(){&#13;&#10;&#9;&#9;&#13;&#10;&#9;}&#13;&#10;&#13;&#10;&#9;&#13;&#10;&#9;public static Dictionary getInstance(){&#13;&#10;&#9;&#9;if(object==null){&#13;&#10;&#9;&#9;&#9;object = new Dictionary();&#13;&#10;&#9;&#9;}&#13;&#10;&#9;&#9;return object;&#13;&#10;&#9;}&#13;&#10;&#9;&#13;&#10;&#9;public void init(String filePath){&#13;&#10;&#9;&#9;File file = null;&#13;&#10;&#9;&#9;FileReader fread = null;&#13;&#10;&#9;&#9;BufferedReader bfread = null;&#13;&#10;&#9;&#9;try{&#13;&#10;&#9;&#9;&#9;file = new File(filePath);&#13;&#10;&#9;&#9;&#9;fread = new FileReader(file);&#13;&#10;&#9;&#9;&#9;bfread = new BufferedReader(fread);&#13;&#10;&#9;&#9;&#9;String line = null;&#13;&#10;&#9;&#9;&#9;while((line = bfread.readLine())!=null){&#13;&#10;&#9;&#9;&#9;&#9;words.add(line.toUpperCase());&#13;&#10;&#9;&#9;&#9;}&#13;&#10;&#9;&#9;}catch(Exception e){&#13;&#10;&#9;&#9;&#9;e.printStackTrace();&#13;&#10;&#9;&#9;}finally{&#13;&#10;&#9;&#9;&#9;if(bfread!=null){&#13;&#10;&#9;&#9;&#9;&#9;try{&#13;&#10;&#9;&#9;&#9;&#9;&#9;bfread.close();&#13;&#10;&#9;&#9;&#9;&#9;}catch(Exception e){&#13;&#10;&#9;&#9;&#9;&#9;&#9;e.printStackTrace();&#13;&#10;&#9;&#9;&#9;&#9;}&#13;&#10;&#9;&#9;&#9;}&#13;&#10;&#9;&#9;&#9;if(fread!=null){&#13;&#10;&#9;&#9;&#9;&#9;try{&#13;&#10;&#9;&#9;&#9;&#9;&#9;fread.close();&#13;&#10;&#9;&#9;&#9;&#9;}catch(Exception e){&#13;&#10;&#9;&#9;&#9;&#9;&#9;e.printStackTrace();&#13;&#10;&#9;&#9;&#9;&#9;}&#13;&#10;&#9;&#9;&#9;}&#13;&#10;&#9;&#9;}&#13;&#10;&#9;}&#13;&#10;&#9;&#13;&#10;&#9;&#13;&#10;&#9;public static boolean isStringExistInDictionary(String str){&#13;&#10;&#9;&#9;boolean flag = false;&#13;&#10;&#9;&#9;if(words.contains(str)){&#13;&#10;&#9;&#9;&#9;flag = true;&#13;&#10;&#9;&#9;}&#13;&#10;&#9;&#9;return flag;&#13;&#10;&#9;}&#13;&#10;&#9;&#13;&#10;&#9;&#13;&#10;&#9;public static boolean isStringPatternExistInDictionary(String str){&#13;&#10;&#9;&#9;boolean flag = false;&#13;&#10;&#9;&#9;for(String word:words){&#13;&#10;&#9;&#9;&#9;if(word.startsWith(str)){&#13;&#10;&#9;&#9;&#9;&#9;flag = true;&#13;&#10;&#9;&#9;&#9;&#9;break;&#13;&#10;&#9;&#9;&#9;}&#13;&#10;&#9;&#9;}&#13;&#10;&#9;&#9;return flag;&#13;&#10;&#9;}&#13;&#10;&#9;&#13;&#10;}&#13;&#10;" Filename="Dictionary.java" Intrnl_Id="6"/>
<SrcFile Content="package com.aconex.coding.challenge;&#13;&#10;&#13;&#10;public class DBManager {&#13;&#10;&#13;&#10;&#9;&#13;&#10;&#9;&#13;&#10;&#9;public static void init(){&#13;&#10;&#9;&#9;&#13;&#10;&#9;}&#13;&#10;&#9;&#13;&#10;}&#13;&#10;" Filename="DBManager.java" Intrnl_Id="7"/>
<SrcFile Content="package com.aconex.test;&#13;&#10;&#13;&#10;import org.junit.runner.JUnitCore;&#13;&#10;import org.junit.runner.Result;&#13;&#10;import org.junit.runner.notification.Failure;&#13;&#10;&#13;&#10;public class TestRunner {&#13;&#10;&#13;&#10;&#9;public static void main(String[] args) {&#13;&#10;&#9;      Result result = JUnitCore.runClasses(TestAconex.class);&#13;&#10;&#9;      for (Failure failure : result.getFailures()) {&#13;&#10;&#9;         System.out.println(failure.toString());&#13;&#10;&#9;      }&#13;&#10;&#9;      System.out.println(result.wasSuccessful());&#13;&#10;&#9;   }&#13;&#10;}&#13;&#10; " Filename="TestRunner.java" Intrnl_Id="8"/>
<SrcFile Content="package com.aconex.test;&#13;&#10;&#13;&#10;import static org.junit.Assert.assertFalse;&#13;&#10;&#13;&#10;import java.io.File;&#13;&#10;import java.util.Set;&#13;&#10;&#13;&#10;import org.junit.Before;&#13;&#10;import org.junit.Test;&#13;&#10;&#13;&#10;import com.aconex.coding.challenge.Dictionary;&#13;&#10;import com.aconex.coding.challenge.NumberToAlphaConverter;&#13;&#10;&#13;&#10;public class TestAconex{&#13;&#10;&#13;&#10;&#9;Dictionary dictionary = Dictionary.getInstance();&#13;&#10;&#9;&#13;&#10;&#9;@Before&#13;&#10;&#9;public void init(){&#13;&#10;&#9;&#9;dictionary.init(&quot;dictionary&quot;+File.separator+&quot;dict2.txt&quot;);&#13;&#10;&#9;}&#13;&#10;&#9;&#13;&#10;&#9;@Test&#13;&#10;&#9;public void checkForSimpleConversionWithSingleResult(){&#13;&#10;&#9;&#9;Set&lt;String&gt; result = NumberToAlphaConverter.convertToAlpha(&quot;27426&quot;);&#13;&#10;&#9;&#9;boolean flag = false;&#13;&#10;&#9;&#9;if(result.size()&gt;0){&#13;&#10;&#9;&#9;&#9;for(String str:result){&#13;&#10;&#9;&#9;&#9;&#9;if(!str.equals(&quot;BRIAN&quot;)){&#13;&#10;&#9;&#9;&#9;&#9;&#9;flag = true;&#13;&#10;&#9;&#9;&#9;&#9;}&#13;&#10;&#9;&#9;&#9;}&#13;&#10;&#9;&#9;}else{&#13;&#10;&#9;&#9;&#9;flag = true;&#13;&#10;&#9;&#9;}&#13;&#10;&#9;&#9;assertFalse(flag);&#13;&#10;&#9;}&#13;&#10;&#9;&#13;&#10;&#9;&#13;&#10;&#9;&#13;&#10;&#9;@Test&#13;&#10;&#9;public void checkForSimpleConversionWithMultipleResult(){&#13;&#10;&#9;&#9;Set&lt;String&gt; result = NumberToAlphaConverter.convertToAlpha(&quot;626474&quot;);&#13;&#10;&#9;&#9;boolean flag = false;&#13;&#10;&#9;&#9;if(result.size()&gt;0){&#13;&#10;&#9;&#9;&#9;for(String str:result){&#13;&#10;&#9;&#9;&#9;&#9;if(!str.equals(&quot;MANISH&quot;) &amp;&amp; !str.equals(&quot;MAMISH&quot;) &amp;&amp; !str.equals(&quot;MAOISH&quot;)){&#13;&#10;&#9;&#9;&#9;&#9;&#9;flag = true;&#13;&#10;&#9;&#9;&#9;&#9;}&#13;&#10;&#9;&#9;&#9;}&#13;&#10;&#9;&#9;}else{&#13;&#10;&#9;&#9;&#9;flag = true;&#13;&#10;&#9;&#9;}&#13;&#10;&#9;&#9;assertFalse(flag);&#13;&#10;&#9;}&#13;&#10;&#9;&#13;&#10;&#9;&#13;&#10;&#9;&#13;&#10;&#9;@Test&#13;&#10;&#9;public void testsSingleStringResultWithMultipleDictionaryWord(){&#13;&#10;&#9;&#9;Set&lt;String&gt; result = NumberToAlphaConverter.convertToAlpha(&quot;722446.56739&quot;);&#13;&#10;&#9;&#9;boolean flag = false;&#13;&#10;&#9;&#9;if(result.size()&gt;0){&#13;&#10;&#9;&#9;&#9;for(String str:result){&#13;&#10;&#9;&#9;&#9;&#9;if(!str.equals(&quot;SACHIN-LOPEZ&quot;)){&#13;&#10;&#9;&#9;&#9;&#9;&#9;flag = true;&#13;&#10;&#9;&#9;&#9;&#9;}&#13;&#10;&#9;&#9;&#9;}&#13;&#10;&#9;&#9;}else{&#13;&#10;&#9;&#9;&#9;flag = true;&#13;&#10;&#9;&#9;}&#13;&#10;&#9;&#9;assertFalse(flag);&#13;&#10;&#9;}&#13;&#10;&#13;&#10;&#9;@Test&#13;&#10;&#9;public void testsSingleStringResultWithMultipleDictionaryWordAndSingleNumbersInBetween(){&#13;&#10;&#9;&#9;Set&lt;String&gt; result = NumberToAlphaConverter.convertToAlpha(&quot;722446.356739&quot;);&#13;&#10;&#9;&#9;boolean flag = false;&#13;&#10;&#9;&#9;if(result.size()&gt;0){&#13;&#10;&#9;&#9;&#9;for(String str:result){&#13;&#10;&#9;&#9;&#9;&#9;if(!str.equals(&quot;SACHIN-3LOPEZ&quot;)){&#13;&#10;&#9;&#9;&#9;&#9;&#9;flag = true;&#13;&#10;&#9;&#9;&#9;&#9;}&#13;&#10;&#9;&#9;&#9;}&#13;&#10;&#9;&#9;}else{&#13;&#10;&#9;&#9;&#9;flag = true;&#13;&#10;&#9;&#9;}&#13;&#10;&#9;&#9;if(!flag){&#13;&#10;&#9;&#9;&#9;Set&lt;String&gt; result1 = NumberToAlphaConverter.convertToAlpha(&quot;7224462.56739&quot;);&#13;&#10;&#9;&#9;&#9;if(result1.size()&gt;0){&#13;&#10;&#9;&#9;&#9;&#9;for(String str:result1){&#13;&#10;&#9;&#9;&#9;&#9;&#9;if(!str.equals(&quot;SACHIN2-LOPEZ&quot;)){&#13;&#10;&#9;&#9;&#9;&#9;&#9;&#9;flag = true;&#13;&#10;&#9;&#9;&#9;&#9;&#9;}&#13;&#10;&#9;&#9;&#9;&#9;}&#13;&#10;&#9;&#9;&#9;}else{&#13;&#10;&#9;&#9;&#9;&#9;flag = true;&#13;&#10;&#9;&#9;&#9;}&#13;&#10;&#9;&#9;}&#13;&#10;&#9;&#9;assertFalse(flag);&#13;&#10;&#9;}&#13;&#10;&#9;&#13;&#10;&#9;@Test&#13;&#10;&#9;public void testsSingleStringResultWithMultipleDictionaryWordAndMultipleNumbersInBetween(){&#13;&#10;&#9;&#9;Set&lt;String&gt; result = NumberToAlphaConverter.convertToAlpha(&quot;7224465.76626356739&quot;);&#13;&#10;&#9;&#9;boolean flag = false;&#13;&#10;&#9;&#9;if(result.size()&gt;0){&#13;&#10;&#9;&#9;&#9;for(String str:result){&#13;&#10;&#9;&#9;&#9;&#9;if(!str.equals(&quot;SACHIN5-SONAM3LOPEZ&quot;)){&#13;&#10;&#9;&#9;&#9;&#9;&#9;flag = true;&#13;&#10;&#9;&#9;&#9;&#9;}&#13;&#10;&#9;&#9;&#9;}&#13;&#10;&#9;&#9;}else{&#13;&#10;&#9;&#9;&#9;flag = true;&#13;&#10;&#9;&#9;}&#13;&#10;&#9;&#9;assertFalse(flag);&#13;&#10;&#9;}&#13;&#10;&#9;&#13;&#10;&#9;&#13;&#10;&#9;@Test&#13;&#10;&#9;public void testsSingleStringResultWithMultipleDictionaryWordAndSingleNumbersAtLeftEnd(){&#13;&#10;&#9;&#9;Set&lt;String&gt; result = NumberToAlphaConverter.convertToAlpha(&quot;527426.76626&quot;);&#13;&#10;&#9;&#9;boolean flag = false;&#13;&#10;&#9;&#9;if(result.size()&gt;0){&#13;&#10;&#9;&#9;&#9;for(String str:result){&#13;&#10;&#9;&#9;&#9;&#9;if(!str.equals(&quot;5BRIAN-SONAM&quot;)){&#13;&#10;&#9;&#9;&#9;&#9;&#9;flag = true;&#13;&#10;&#9;&#9;&#9;&#9;}&#13;&#10;&#9;&#9;&#9;}&#13;&#10;&#9;&#9;}else{&#13;&#10;&#9;&#9;&#9;flag = true;&#13;&#10;&#9;&#9;}&#13;&#10;&#9;&#9;assertFalse(flag);&#13;&#10;&#9;}&#13;&#10;&#9;&#13;&#10;&#9;&#13;&#10;&#9;@Test&#13;&#10;&#9;public void testsSingleStringResultWithMultipleDictionaryWordAndSingleNumbersAtRightEnd(){&#13;&#10;&#9;&#9;Set&lt;String&gt; result = NumberToAlphaConverter.convertToAlpha(&quot;27426.766269&quot;);&#13;&#10;&#9;&#9;boolean flag = false;&#13;&#10;&#9;&#9;if(result.size()&gt;0){&#13;&#10;&#9;&#9;&#9;for(String str:result){&#13;&#10;&#9;&#9;&#9;&#9;if(!str.equals(&quot;BRIAN-SONAM9&quot;)){&#13;&#10;&#9;&#9;&#9;&#9;&#9;flag = true;&#13;&#10;&#9;&#9;&#9;&#9;}&#13;&#10;&#9;&#9;&#9;}&#13;&#10;&#9;&#9;}else{&#13;&#10;&#9;&#9;&#9;flag = true;&#13;&#10;&#9;&#9;}&#13;&#10;&#9;&#9;assertFalse(flag);&#13;&#10;&#9;}&#13;&#10;&#9;&#13;&#10;&#9;@Test&#13;&#10;&#9;public void testsSingleStringResultWithMultipleDictionaryWordAndNumbersAtBothEnds(){&#13;&#10;&#9;&#9;Set&lt;String&gt; result = NumberToAlphaConverter.convertToAlpha(&quot;527426.766269&quot;);&#13;&#10;&#9;&#9;boolean flag = false;&#13;&#10;&#9;&#9;if(result.size()&gt;0){&#13;&#10;&#9;&#9;&#9;for(String str:result){&#13;&#10;&#9;&#9;&#9;&#9;if(!str.equals(&quot;5BRIAN-SONAM9&quot;)){&#13;&#10;&#9;&#9;&#9;&#9;&#9;flag = true;&#13;&#10;&#9;&#9;&#9;&#9;}&#13;&#10;&#9;&#9;&#9;}&#13;&#10;&#9;&#9;}else{&#13;&#10;&#9;&#9;&#9;flag = true;&#13;&#10;&#9;&#9;}&#13;&#10;&#9;&#9;assertFalse(flag);&#13;&#10;&#9;}&#13;&#10;&#9;&#13;&#10;&#9;@Test&#13;&#10;&#9;public void testsSingleStringResultWithMultipleDictionaryWordAndNumbersAtEndsAndInBetween(){&#13;&#10;&#9;&#9;Set&lt;String&gt; result = NumberToAlphaConverter.convertToAlpha(&quot;5274264.766269567399&quot;);&#13;&#10;&#9;&#9;boolean flag = false;&#13;&#10;&#9;&#9;if(result.size()&gt;0){&#13;&#10;&#9;&#9;&#9;for(String str:result){&#13;&#10;&#9;&#9;&#9;&#9;if(!str.equals(&quot;5BRIAN4-SONAM9LOPEZ9&quot;)){&#13;&#10;&#9;&#9;&#9;&#9;&#9;flag = true;&#13;&#10;&#9;&#9;&#9;&#9;}&#13;&#10;&#9;&#9;&#9;}&#13;&#10;&#9;&#9;}else{&#13;&#10;&#9;&#9;&#9;flag = true;&#13;&#10;&#9;&#9;}&#13;&#10;&#9;&#9;assertFalse(flag);&#13;&#10;&#9;}&#13;&#10;&#9;&#13;&#10;&#9;&#13;&#10;&#9;@Test&#13;&#10;&#9;public void testsResultWithMultipleDictionaryWordAndNumbersConsecutiveInResult(){&#13;&#10;&#9;&#9;Set&lt;String&gt; result = NumberToAlphaConverter.convertToAlpha(&quot;5274264.2766269567399&quot;);&#13;&#10;&#9;&#9;boolean flag = true;&#13;&#10;&#9;&#9;&#13;&#10;&#9;&#9;if(result.size()&gt;0){&#13;&#10;&#9;&#9;&#9;for(String str:result){&#13;&#10;&#9;&#9;&#9;&#9;if(str.equals(&quot;5BRIAN4-2SONAM9LOPEZ9&quot;)){&#13;&#10;&#9;&#9;&#9;&#9;&#9;flag = false;&#13;&#10;&#9;&#9;&#9;&#9;}&#13;&#10;&#9;&#9;&#9;}&#13;&#10;&#9;&#9;}&#13;&#10;&#9;&#9;&#13;&#10;&#9;&#9;if(flag){&#13;&#10;&#9;&#9;&#9;Set&lt;String&gt; result1 = NumberToAlphaConverter.convertToAlpha(&quot;5274264.27662699567399&quot;);&#13;&#10;&#9;&#9;&#9;if(result1.size()&gt;0){&#13;&#10;&#9;&#9;&#9;&#9;for(String str:result){&#13;&#10;&#9;&#9;&#9;&#9;&#9;if(str.equals(&quot;5BRIAN-2SONAM99LOPEZ9&quot;)){&#13;&#10;&#9;&#9;&#9;&#9;&#9;&#9;flag = false;&#13;&#10;&#9;&#9;&#9;&#9;&#9;}&#13;&#10;&#9;&#9;&#9;&#9;}&#13;&#10;&#9;&#9;&#9;}&#13;&#10;&#9;&#9;}&#13;&#10;&#9;&#9;assertFalse(!flag);&#13;&#10;&#9;}&#13;&#10;&#9;&#13;&#10;&#9;&#13;&#10;&#9;/**&#13;&#10;&#9; * In Dictionary Added - NIS,HA,HHA,AN,NISHHAN&#13;&#10;&#9; */&#13;&#10;&#9;@Test&#13;&#10;&#9;public void testPhoneNumberForAmbiguity(){&#13;&#10;&#9;&#9;Set&lt;String&gt; result = NumberToAlphaConverter.convertToAlpha(&quot;6474426&quot;);&#13;&#10;&#9;&#9;boolean flag = false;&#13;&#10;&#9;&#9;if(result.size()&gt;0){&#13;&#10;&#9;&#9;&#9;for(String str:result){&#13;&#10;&#9;&#9;&#9;&#9;if(!str.equals(&quot;NIS4HA6&quot;) &amp;&amp; !str.equals(&quot;NISHHAN&quot;)){&#13;&#10;&#9;&#9;&#9;&#9;&#9;flag = true;&#13;&#10;&#9;&#9;&#9;&#9;}&#13;&#10;&#9;&#9;&#9;}&#13;&#10;&#9;&#9;}else{&#13;&#10;&#9;&#9;&#9;flag = true;&#13;&#10;&#9;&#9;}&#13;&#10;&#9;&#9;assertFalse(flag);&#13;&#10;&#9;}&#13;&#10;&#9;&#13;&#10;}&#13;&#10;" Filename="TestAconex.java" Intrnl_Id="9"/>
</SrcFileList>
<CritList>
<CritListEntry Name="org.codecover.model.utils.criteria.LoopCoverage" PluginName="org.codecover"/>
<CritListEntry Name="org.codecover.model.utils.criteria.BranchCoverage" PluginName="org.codecover"/>
<CritListEntry Name="org.codecover.model.utils.criteria.ConditionCoverage" PluginName="org.codecover"/>
<CritListEntry Name="org.codecover.model.utils.criteria.SynchronizedStatementCoverage" PluginName="org.codecover"/>
<CritListEntry Name="org.codecover.model.utils.criteria.QMOCoverage" PluginName="org.codecover"/>
<CritListEntry Name="org.codecover.model.utils.criteria.StatementCoverage" PluginName="org.codecover"/>
</CritList>
<BoolOpList>
<BoolOp Arity="1" Intrnl_Id="10" Name="not (!)">
<BoolAssgnmntBoolMapList>
<MapEntry BoolAssgnmnt="0" Value="true"/>
<MapEntry BoolAssgnmnt="1" Value="false"/>
</BoolAssgnmntBoolMapList>
</BoolOp>
<BoolOp Arity="2" Intrnl_Id="11" Name="conditional and (&amp;&amp;)">
<BoolAssgnmntBoolMapList>
<MapEntry BoolAssgnmnt="10" Value="false"/>
<MapEntry BoolAssgnmnt="02" Value="false"/>
<MapEntry BoolAssgnmnt="11" Value="true"/>
</BoolAssgnmntBoolMapList>
</BoolOp>
<BoolOp Arity="2" Intrnl_Id="12" Name="conditional or (||)">
<BoolAssgnmntBoolMapList>
<MapEntry BoolAssgnmnt="01" Value="true"/>
<MapEntry BoolAssgnmnt="00" Value="false"/>
<MapEntry BoolAssgnmnt="12" Value="true"/>
</BoolAssgnmntBoolMapList>
</BoolOp>
</BoolOpList>
<HierarchyLvlTypeList>
<HierarchyLvlType EnglishName="package" IntrnlName="package" Intrnl_Id="13"/>
<HierarchyLvlType EnglishName="class" IntrnlName="class" Intrnl_Id="14"/>
<HierarchyLvlType EnglishName="method" IntrnlName="method" Intrnl_Id="15"/>
<HierarchyLvlType EnglishName="default package" IntrnlName="default package" Intrnl_Id="16"/>
</HierarchyLvlTypeList>
<MASTRoot>
<HierarchyLvl HierarchyLvlId="51" HierarchyLvlTypeId="16" Intrnl_Id="17" Name="default package">
<Header/>
<LocList/>
<HierarchyLvl HierarchyLvlId="50" HierarchyLvlTypeId="13" Intrnl_Id="18" Name="com">
<Header/>
<LocList/>
<HierarchyLvl HierarchyLvlId="49" HierarchyLvlTypeId="13" Intrnl_Id="19" Name="aconex">
<Header/>
<LocList/>
<HierarchyLvl HierarchyLvlId="47" HierarchyLvlTypeId="13" Intrnl_Id="20" Name="coding">
<Header/>
<LocList/>
<HierarchyLvl HierarchyLvlId="46" HierarchyLvlTypeId="13" Intrnl_Id="21" Name="challenge">
<Header/>
<LocList/>
<HierarchyLvl HierarchyLvlId="6" HierarchyLvlTypeId="14" Intrnl_Id="22" Name="ResultFormatter">
<Header>
<Loc EndOffset="68" SrcFileId="1" StartOffset="40"/>
</Header>
<LocList>
<Loc EndOffset="631" SrcFileId="1" StartOffset="40"/>
</LocList>
<HierarchyLvl HierarchyLvlId="4" HierarchyLvlTypeId="15" Intrnl_Id="23" Name="findIndexOfDigit">
<Header>
<Loc EndOffset="126" SrcFileId="1" StartOffset="78"/>
</Header>
<LocList>
<Loc EndOffset="261" SrcFileId="1" StartOffset="78"/>
</LocList>
<StmntSeq Intrnl_Id="24">
<LocList>
<Loc EndOffset="243" SrcFileId="1" StartOffset="131"/>
<Loc EndOffset="257" SrcFileId="1" StartOffset="247"/>
</LocList>
<LoopStmnt CovItemId="S1" CovItemPrefix="com.aconex.coding.challenge.ResultFormatter.java" Intrnl_Id="25" MltplExecId="L1-2" MltplExecPrefix="com.aconex.coding.challenge.ResultFormatter.java" NvrExecId="L1-0" NvrExecPrefix="com.aconex.coding.challenge.ResultFormatter.java" OnceExecutedId="L1-1" OnceExecutedPrefix="com.aconex.coding.challenge.ResultFormatter.java" OptBodyExec="true">
<StmntSeq Intrnl_Id="26">
<LocList>
<Loc EndOffset="193" SrcFileId="1" StartOffset="169"/>
<Loc EndOffset="238" SrcFileId="1" StartOffset="198"/>
</LocList>
<BasicStmnt CovItemId="S2" CovItemPrefix="com.aconex.coding.challenge.ResultFormatter.java" Intrnl_Id="27">
<LocList>
<Loc EndOffset="193" SrcFileId="1" StartOffset="169"/>
</LocList>
</BasicStmnt>
<CondStmnt CovItemId="S3" CovItemPrefix="com.aconex.coding.challenge.ResultFormatter.java" Intrnl_Id="28">
<Branch CovItemId="B1" CovItemPrefix="com.aconex.coding.challenge.ResultFormatter.java" Implct="false" Intrnl_Id="29">
<Cond/>
<LocList>
<Loc EndOffset="238" SrcFileId="1" StartOffset="216"/>
</LocList>
<StmntSeq Intrnl_Id="30">
<LocList>
<Loc EndOffset="232" SrcFileId="1" StartOffset="223"/>
</LocList>
<BasicStmnt CovItemId="S4" CovItemPrefix="com.aconex.coding.challenge.ResultFormatter.java" Intrnl_Id="31">
<LocList>
<Loc EndOffset="232" SrcFileId="1" StartOffset="223"/>
</LocList>
</BasicStmnt>
</StmntSeq>
</Branch>
<Branch CovItemId="B2" CovItemPrefix="com.aconex.coding.challenge.ResultFormatter.java" Implct="true" Intrnl_Id="32">
<Cond/>
<LocList/>
<StmntSeq Intrnl_Id="33">
<LocList/>
</StmntSeq>
</Branch>
<Keyword EndOffset="200" SrcFileId="1" StartOffset="198"/>
<LocList>
<Loc EndOffset="238" SrcFileId="1" StartOffset="198"/>
</LocList>
<RootTerm CovItemId="C2" CovItemPrefix="com.aconex.coding.challenge.ResultFormatter.java" Intrnl_Id="34">
<OpTerm BooleanOpId="11" Intrnl_Id="35">
<BasicBoolTerm Intrnl_Id="36">
<LocList>
<Loc EndOffset="207" SrcFileId="1" StartOffset="201"/>
</LocList>
</BasicBoolTerm>
<BasicBoolTerm Intrnl_Id="37">
<LocList>
<Loc EndOffset="215" SrcFileId="1" StartOffset="209"/>
</LocList>
</BasicBoolTerm>
<LocList>
<Loc EndOffset="209" SrcFileId="1" StartOffset="207"/>
</LocList>
</OpTerm>
</RootTerm>
</CondStmnt>
</StmntSeq>
<Keyword EndOffset="134" SrcFileId="1" StartOffset="131"/>
<LocList>
<Loc EndOffset="243" SrcFileId="1" StartOffset="131"/>
</LocList>
<RootTerm CovItemId="C1" CovItemPrefix="com.aconex.coding.challenge.ResultFormatter.java" Intrnl_Id="38">
<BasicBoolTerm Intrnl_Id="39">
<LocList>
<Loc EndOffset="158" SrcFileId="1" StartOffset="143"/>
</LocList>
</BasicBoolTerm>
</RootTerm>
</LoopStmnt>
<BasicStmnt CovItemId="S5" CovItemPrefix="com.aconex.coding.challenge.ResultFormatter.java" Intrnl_Id="40">
<LocList>
<Loc EndOffset="257" SrcFileId="1" StartOffset="247"/>
</LocList>
</BasicStmnt>
</StmntSeq>
</HierarchyLvl>
<HierarchyLvl HierarchyLvlId="5" HierarchyLvlTypeId="15" Intrnl_Id="41" Name="format">
<Header>
<Loc EndOffset="319" SrcFileId="1" StartOffset="267"/>
</Header>
<LocList>
<Loc EndOffset="625" SrcFileId="1" StartOffset="267"/>
</LocList>
<StmntSeq Intrnl_Id="42">
<LocList>
<Loc EndOffset="374" SrcFileId="1" StartOffset="324"/>
<Loc EndOffset="422" SrcFileId="1" StartOffset="378"/>
<Loc EndOffset="583" SrcFileId="1" StartOffset="426"/>
<Loc EndOffset="621" SrcFileId="1" StartOffset="587"/>
</LocList>
<BasicStmnt CovItemId="S6" CovItemPrefix="com.aconex.coding.challenge.ResultFormatter.java" Intrnl_Id="43">
<LocList>
<Loc EndOffset="374" SrcFileId="1" StartOffset="324"/>
</LocList>
</BasicStmnt>
<BasicStmnt CovItemId="S7" CovItemPrefix="com.aconex.coding.challenge.ResultFormatter.java" Intrnl_Id="44">
<LocList>
<Loc EndOffset="422" SrcFileId="1" StartOffset="378"/>
</LocList>
</BasicStmnt>
<LoopStmnt CovItemId="S8" CovItemPrefix="com.aconex.coding.challenge.ResultFormatter.java" Intrnl_Id="45" MltplExecId="L2-2" MltplExecPrefix="com.aconex.coding.challenge.ResultFormatter.java" NvrExecId="L2-0" NvrExecPrefix="com.aconex.coding.challenge.ResultFormatter.java" OnceExecutedId="L2-1" OnceExecutedPrefix="com.aconex.coding.challenge.ResultFormatter.java" OptBodyExec="false">
<StmntSeq Intrnl_Id="46">
<LocList>
<Loc EndOffset="500" SrcFileId="1" StartOffset="434"/>
<Loc EndOffset="556" SrcFileId="1" StartOffset="505"/>
</LocList>
<CondStmnt CovItemId="S9" CovItemPrefix="com.aconex.coding.challenge.ResultFormatter.java" Intrnl_Id="47">
<Branch CovItemId="B3" CovItemPrefix="com.aconex.coding.challenge.ResultFormatter.java" Implct="false" Intrnl_Id="48">
<Cond/>
<LocList>
<Loc EndOffset="500" SrcFileId="1" StartOffset="452"/>
</LocList>
<StmntSeq Intrnl_Id="49">
<LocList>
<Loc EndOffset="494" SrcFileId="1" StartOffset="459"/>
</LocList>
<BasicStmnt CovItemId="S10" CovItemPrefix="com.aconex.coding.challenge.ResultFormatter.java" Intrnl_Id="50">
<LocList>
<Loc EndOffset="494" SrcFileId="1" StartOffset="459"/>
</LocList>
</BasicStmnt>
</StmntSeq>
</Branch>
<Branch CovItemId="B4" CovItemPrefix="com.aconex.coding.challenge.ResultFormatter.java" Implct="true" Intrnl_Id="51">
<Cond/>
<LocList/>
<StmntSeq Intrnl_Id="52">
<LocList/>
</StmntSeq>
</Branch>
<Keyword EndOffset="436" SrcFileId="1" StartOffset="434"/>
<LocList>
<Loc EndOffset="500" SrcFileId="1" StartOffset="434"/>
</LocList>
<RootTerm CovItemId="C4" CovItemPrefix="com.aconex.coding.challenge.ResultFormatter.java" Intrnl_Id="53">
<BasicBoolTerm Intrnl_Id="54">
<LocList>
<Loc EndOffset="451" SrcFileId="1" StartOffset="437"/>
</LocList>
</BasicBoolTerm>
</RootTerm>
</CondStmnt>
<LoopStmnt CovItemId="S11" CovItemPrefix="com.aconex.coding.challenge.ResultFormatter.java" Intrnl_Id="55" MltplExecId="L3-2" MltplExecPrefix="com.aconex.coding.challenge.ResultFormatter.java" NvrExecId="L3-0" NvrExecPrefix="com.aconex.coding.challenge.ResultFormatter.java" OnceExecutedId="L3-1" OnceExecutedPrefix="com.aconex.coding.challenge.ResultFormatter.java" OptBodyExec="true">
<StmntSeq Intrnl_Id="56">
<LocList/>
</StmntSeq>
<Keyword EndOffset="508" SrcFileId="1" StartOffset="505"/>
<LocList>
<Loc EndOffset="556" SrcFileId="1" StartOffset="505"/>
</LocList>
<RootTerm CovItemId="C5" CovItemPrefix="com.aconex.coding.challenge.ResultFormatter.java" Intrnl_Id="57">
<BasicBoolTerm Intrnl_Id="58">
<LocList>
<Loc EndOffset="538" SrcFileId="1" StartOffset="517"/>
</LocList>
</BasicBoolTerm>
</RootTerm>
</LoopStmnt>
</StmntSeq>
<Keyword EndOffset="428" SrcFileId="1" StartOffset="426"/>
<LocList>
<Loc EndOffset="583" SrcFileId="1" StartOffset="426"/>
</LocList>
<RootTerm CovItemId="C3" CovItemPrefix="com.aconex.coding.challenge.ResultFormatter.java" Intrnl_Id="59">
<BasicBoolTerm Intrnl_Id="60">
<LocList>
<Loc EndOffset="581" SrcFileId="1" StartOffset="567"/>
</LocList>
</BasicBoolTerm>
</RootTerm>
</LoopStmnt>
<BasicStmnt CovItemId="S12" CovItemPrefix="com.aconex.coding.challenge.ResultFormatter.java" Intrnl_Id="61">
<LocList>
<Loc EndOffset="621" SrcFileId="1" StartOffset="587"/>
</LocList>
</BasicStmnt>
</StmntSeq>
</HierarchyLvl>
</HierarchyLvl>
<HierarchyLvl HierarchyLvlId="11" HierarchyLvlTypeId="14" Intrnl_Id="62" Name="PhoneDirectory">
<Header>
<Loc EndOffset="174" SrcFileId="2" StartOffset="147"/>
</Header>
<LocList>
<Loc EndOffset="1619" SrcFileId="2" StartOffset="147"/>
</LocList>
<StmntSeq Intrnl_Id="63">
<LocList>
<Loc EndOffset="217" SrcFileId="2" StartOffset="181"/>
</LocList>
<BasicStmnt CovItemId="S1" CovItemPrefix="com.aconex.coding.challenge.PhoneDirectory.java" Intrnl_Id="64">
<LocList>
<Loc EndOffset="217" SrcFileId="2" StartOffset="181"/>
</LocList>
</BasicStmnt>
</StmntSeq>
<HierarchyLvl HierarchyLvlId="7" HierarchyLvlTypeId="15" Intrnl_Id="65" Name="PhoneDirectory">
<Header>
<Loc EndOffset="246" SrcFileId="2" StartOffset="223"/>
</Header>
<LocList>
<Loc EndOffset="255" SrcFileId="2" StartOffset="223"/>
</LocList>
</HierarchyLvl>
<HierarchyLvl HierarchyLvlId="8" HierarchyLvlTypeId="15" Intrnl_Id="66" Name="PhoneDirectory">
<Header>
<Loc EndOffset="304" SrcFileId="2" StartOffset="261"/>
</Header>
<LocList>
<Loc EndOffset="348" SrcFileId="2" StartOffset="261"/>
</LocList>
<StmntSeq Intrnl_Id="67">
<LocList>
<Loc EndOffset="344" SrcFileId="2" StartOffset="309"/>
</LocList>
<BasicStmnt CovItemId="S2" CovItemPrefix="com.aconex.coding.challenge.PhoneDirectory.java" Intrnl_Id="68">
<LocList>
<Loc EndOffset="344" SrcFileId="2" StartOffset="309"/>
</LocList>
</BasicStmnt>
</StmntSeq>
</HierarchyLvl>
<HierarchyLvl HierarchyLvlId="9" HierarchyLvlTypeId="15" Intrnl_Id="69" Name="init">
<Header>
<Loc EndOffset="392" SrcFileId="2" StartOffset="354"/>
</Header>
<LocList>
<Loc EndOffset="436" SrcFileId="2" StartOffset="354"/>
</LocList>
<StmntSeq Intrnl_Id="70">
<LocList>
<Loc EndOffset="432" SrcFileId="2" StartOffset="397"/>
</LocList>
<BasicStmnt CovItemId="S3" CovItemPrefix="com.aconex.coding.challenge.PhoneDirectory.java" Intrnl_Id="71">
<LocList>
<Loc EndOffset="432" SrcFileId="2" StartOffset="397"/>
</LocList>
</BasicStmnt>
</StmntSeq>
</HierarchyLvl>
<HierarchyLvl HierarchyLvlId="10" HierarchyLvlTypeId="15" Intrnl_Id="72" Name="readDirectoryAndCovertNumbertoAlpha">
<Header>
<Loc EndOffset="491" SrcFileId="2" StartOffset="442"/>
</Header>
<LocList>
<Loc EndOffset="1610" SrcFileId="2" StartOffset="442"/>
</LocList>
<StmntSeq Intrnl_Id="73">
<LocList>
<Loc EndOffset="532" SrcFileId="2" StartOffset="496"/>
<Loc EndOffset="560" SrcFileId="2" StartOffset="536"/>
<Loc EndOffset="593" SrcFileId="2" StartOffset="564"/>
<Loc EndOffset="712" SrcFileId="2" StartOffset="606"/>
<Loc EndOffset="746" SrcFileId="2" StartOffset="717"/>
<Loc EndOffset="786" SrcFileId="2" StartOffset="751"/>
<Loc EndOffset="810" SrcFileId="2" StartOffset="791"/>
<Loc EndOffset="1301" SrcFileId="2" StartOffset="815"/>
<Loc EndOffset="1355" SrcFileId="2" StartOffset="597"/>
<Loc EndOffset="1483" SrcFileId="2" StartOffset="1368"/>
<Loc EndOffset="1601" SrcFileId="2" StartOffset="1488"/>
</LocList>
<BasicStmnt CovItemId="S4" CovItemPrefix="com.aconex.coding.challenge.PhoneDirectory.java" Intrnl_Id="74">
<LocList>
<Loc EndOffset="532" SrcFileId="2" StartOffset="496"/>
</LocList>
</BasicStmnt>
<BasicStmnt CovItemId="S5" CovItemPrefix="com.aconex.coding.challenge.PhoneDirectory.java" Intrnl_Id="75">
<LocList>
<Loc EndOffset="560" SrcFileId="2" StartOffset="536"/>
</LocList>
</BasicStmnt>
<BasicStmnt CovItemId="S6" CovItemPrefix="com.aconex.coding.challenge.PhoneDirectory.java" Intrnl_Id="76">
<LocList>
<Loc EndOffset="593" SrcFileId="2" StartOffset="564"/>
</LocList>
</BasicStmnt>
<CondStmnt CovItemId="S8" CovItemPrefix="com.aconex.coding.challenge.PhoneDirectory.java" Intrnl_Id="77">
<Branch CovItemId="B2" CovItemPrefix="com.aconex.coding.challenge.PhoneDirectory.java" Implct="false" Intrnl_Id="78">
<Cond/>
<LocList>
<Loc EndOffset="712" SrcFileId="2" StartOffset="624"/>
</LocList>
<StmntSeq Intrnl_Id="79">
<LocList>
<Loc EndOffset="685" SrcFileId="2" StartOffset="631"/>
<Loc EndOffset="706" SrcFileId="2" StartOffset="691"/>
</LocList>
<BasicStmnt CovItemId="S9" CovItemPrefix="com.aconex.coding.challenge.PhoneDirectory.java" Intrnl_Id="80">
<LocList>
<Loc EndOffset="685" SrcFileId="2" StartOffset="631"/>
</LocList>
</BasicStmnt>
<BasicStmnt CovItemId="S10" CovItemPrefix="com.aconex.coding.challenge.PhoneDirectory.java" Intrnl_Id="81">
<LocList>
<Loc EndOffset="706" SrcFileId="2" StartOffset="691"/>
</LocList>
</BasicStmnt>
</StmntSeq>
</Branch>
<Branch CovItemId="B3" CovItemPrefix="com.aconex.coding.challenge.PhoneDirectory.java" Implct="true" Intrnl_Id="82">
<Cond/>
<LocList/>
<StmntSeq Intrnl_Id="83">
<LocList/>
</StmntSeq>
</Branch>
<Keyword EndOffset="608" SrcFileId="2" StartOffset="606"/>
<LocList>
<Loc EndOffset="712" SrcFileId="2" StartOffset="606"/>
</LocList>
<RootTerm CovItemId="C1" CovItemPrefix="com.aconex.coding.challenge.PhoneDirectory.java" Intrnl_Id="84">
<OpTerm BooleanOpId="10" Intrnl_Id="85">
<BasicBoolTerm Intrnl_Id="86">
<LocList>
<Loc EndOffset="623" SrcFileId="2" StartOffset="610"/>
</LocList>
</BasicBoolTerm>
<LocList>
<Loc EndOffset="610" SrcFileId="2" StartOffset="609"/>
</LocList>
</OpTerm>
</RootTerm>
</CondStmnt>
<BasicStmnt CovItemId="S11" CovItemPrefix="com.aconex.coding.challenge.PhoneDirectory.java" Intrnl_Id="87">
<LocList>
<Loc EndOffset="746" SrcFileId="2" StartOffset="717"/>
</LocList>
</BasicStmnt>
<BasicStmnt CovItemId="S12" CovItemPrefix="com.aconex.coding.challenge.PhoneDirectory.java" Intrnl_Id="88">
<LocList>
<Loc EndOffset="786" SrcFileId="2" StartOffset="751"/>
</LocList>
</BasicStmnt>
<BasicStmnt CovItemId="S13" CovItemPrefix="com.aconex.coding.challenge.PhoneDirectory.java" Intrnl_Id="89">
<LocList>
<Loc EndOffset="810" SrcFileId="2" StartOffset="791"/>
</LocList>
</BasicStmnt>
<LoopStmnt CovItemId="S14" CovItemPrefix="com.aconex.coding.challenge.PhoneDirectory.java" Intrnl_Id="90" MltplExecId="L1-2" MltplExecPrefix="com.aconex.coding.challenge.PhoneDirectory.java" NvrExecId="L1-0" NvrExecPrefix="com.aconex.coding.challenge.PhoneDirectory.java" OnceExecutedId="L1-1" OnceExecutedPrefix="com.aconex.coding.challenge.PhoneDirectory.java" OptBodyExec="true">
<StmntSeq Intrnl_Id="91">
<LocList>
<Loc EndOffset="887" SrcFileId="2" StartOffset="861"/>
<Loc EndOffset="927" SrcFileId="2" StartOffset="904"/>
<Loc EndOffset="1009" SrcFileId="2" StartOffset="934"/>
<Loc EndOffset="1245" SrcFileId="2" StartOffset="1016"/>
<Loc EndOffset="1295" SrcFileId="2" StartOffset="893"/>
</LocList>
<BasicStmnt CovItemId="S15" CovItemPrefix="com.aconex.coding.challenge.PhoneDirectory.java" Intrnl_Id="92">
<LocList>
<Loc EndOffset="887" SrcFileId="2" StartOffset="861"/>
</LocList>
</BasicStmnt>
<BasicStmnt CovItemId="S17" CovItemPrefix="com.aconex.coding.challenge.PhoneDirectory.java" Intrnl_Id="93">
<LocList>
<Loc EndOffset="927" SrcFileId="2" StartOffset="904"/>
</LocList>
</BasicStmnt>
<BasicStmnt CovItemId="S18" CovItemPrefix="com.aconex.coding.challenge.PhoneDirectory.java" Intrnl_Id="94">
<LocList>
<Loc EndOffset="1009" SrcFileId="2" StartOffset="934"/>
</LocList>
</BasicStmnt>
<CondStmnt CovItemId="S19" CovItemPrefix="com.aconex.coding.challenge.PhoneDirectory.java" Intrnl_Id="95">
<Branch CovItemId="B5" CovItemPrefix="com.aconex.coding.challenge.PhoneDirectory.java" Implct="false" Intrnl_Id="96">
<Cond/>
<LocList>
<Loc EndOffset="1171" SrcFileId="2" StartOffset="1032"/>
</LocList>
<StmntSeq Intrnl_Id="97">
<LocList>
<Loc EndOffset="1089" SrcFileId="2" StartOffset="1041"/>
<Loc EndOffset="1163" SrcFileId="2" StartOffset="1097"/>
</LocList>
<BasicStmnt CovItemId="S20" CovItemPrefix="com.aconex.coding.challenge.PhoneDirectory.java" Intrnl_Id="98">
<LocList>
<Loc EndOffset="1089" SrcFileId="2" StartOffset="1041"/>
</LocList>
</BasicStmnt>
<LoopStmnt CovItemId="S21" CovItemPrefix="com.aconex.coding.challenge.PhoneDirectory.java" Intrnl_Id="99" MltplExecId="L2-2" MltplExecPrefix="com.aconex.coding.challenge.PhoneDirectory.java" NvrExecId="L2-0" NvrExecPrefix="com.aconex.coding.challenge.PhoneDirectory.java" OnceExecutedId="L2-1" OnceExecutedPrefix="com.aconex.coding.challenge.PhoneDirectory.java" OptBodyExec="true">
<StmntSeq Intrnl_Id="100">
<LocList>
<Loc EndOffset="1154" SrcFileId="2" StartOffset="1128"/>
</LocList>
<BasicStmnt CovItemId="S22" CovItemPrefix="com.aconex.coding.challenge.PhoneDirectory.java" Intrnl_Id="101">
<LocList>
<Loc EndOffset="1154" SrcFileId="2" StartOffset="1128"/>
</LocList>
</BasicStmnt>
</StmntSeq>
<Keyword EndOffset="1100" SrcFileId="2" StartOffset="1097"/>
<LocList>
<Loc EndOffset="1163" SrcFileId="2" StartOffset="1097"/>
</LocList>
</LoopStmnt>
</StmntSeq>
</Branch>
<Branch CovItemId="B6" CovItemPrefix="com.aconex.coding.challenge.PhoneDirectory.java" Implct="false" Intrnl_Id="102">
<Cond>
<Loc EndOffset="1175" SrcFileId="2" StartOffset="1171"/>
</Cond>
<LocList>
<Loc EndOffset="1245" SrcFileId="2" StartOffset="1175"/>
</LocList>
<StmntSeq Intrnl_Id="103">
<LocList>
<Loc EndOffset="1237" SrcFileId="2" StartOffset="1184"/>
</LocList>
<BasicStmnt CovItemId="S23" CovItemPrefix="com.aconex.coding.challenge.PhoneDirectory.java" Intrnl_Id="104">
<LocList>
<Loc EndOffset="1237" SrcFileId="2" StartOffset="1184"/>
</LocList>
</BasicStmnt>
</StmntSeq>
</Branch>
<Keyword EndOffset="1018" SrcFileId="2" StartOffset="1016"/>
<LocList>
<Loc EndOffset="1245" SrcFileId="2" StartOffset="1016"/>
</LocList>
<RootTerm CovItemId="C3" CovItemPrefix="com.aconex.coding.challenge.PhoneDirectory.java" Intrnl_Id="105">
<BasicBoolTerm Intrnl_Id="106">
<LocList>
<Loc EndOffset="1031" SrcFileId="2" StartOffset="1019"/>
</LocList>
</BasicBoolTerm>
</RootTerm>
</CondStmnt>
<CondStmnt CovItemId="S16" CovItemPrefix="com.aconex.coding.challenge.PhoneDirectory.java" Intrnl_Id="107">
<Branch CovItemId="B4" CovItemPrefix="com.aconex.coding.challenge.PhoneDirectory.java" Implct="true" Intrnl_Id="108">
<Cond/>
<LocList/>
<StmntSeq Intrnl_Id="109">
<LocList/>
</StmntSeq>
</Branch>
<Branch CovItemId="B7" CovItemPrefix="com.aconex.coding.challenge.PhoneDirectory.java" Implct="false" Intrnl_Id="110">
<Cond>
<Loc EndOffset="1270" SrcFileId="2" StartOffset="1252"/>
</Cond>
<LocList>
<Loc EndOffset="1295" SrcFileId="2" StartOffset="1270"/>
</LocList>
<StmntSeq Intrnl_Id="111">
<LocList/>
</StmntSeq>
</Branch>
<Keyword EndOffset="896" SrcFileId="2" StartOffset="893"/>
<LocList>
<Loc EndOffset="1295" SrcFileId="2" StartOffset="893"/>
</LocList>
</CondStmnt>
</StmntSeq>
<Keyword EndOffset="820" SrcFileId="2" StartOffset="815"/>
<LocList>
<Loc EndOffset="1301" SrcFileId="2" StartOffset="815"/>
</LocList>
</LoopStmnt>
<CondStmnt CovItemId="S7" CovItemPrefix="com.aconex.coding.challenge.PhoneDirectory.java" Intrnl_Id="112">
<Branch CovItemId="B1" CovItemPrefix="com.aconex.coding.challenge.PhoneDirectory.java" Implct="true" Intrnl_Id="113">
<Cond/>
<LocList/>
<StmntSeq Intrnl_Id="114">
<LocList/>
</StmntSeq>
</Branch>
<Branch CovItemId="B8" CovItemPrefix="com.aconex.coding.challenge.PhoneDirectory.java" Implct="false" Intrnl_Id="115">
<Cond>
<Loc EndOffset="1324" SrcFileId="2" StartOffset="1306"/>
</Cond>
<LocList>
<Loc EndOffset="1355" SrcFileId="2" StartOffset="1324"/>
</LocList>
<StmntSeq Intrnl_Id="116">
<LocList>
<Loc EndOffset="1350" SrcFileId="2" StartOffset="1330"/>
</LocList>
<BasicStmnt CovItemId="S24" CovItemPrefix="com.aconex.coding.challenge.PhoneDirectory.java" Intrnl_Id="117">
<LocList>
<Loc EndOffset="1350" SrcFileId="2" StartOffset="1330"/>
</LocList>
</BasicStmnt>
</StmntSeq>
</Branch>
<Keyword EndOffset="600" SrcFileId="2" StartOffset="597"/>
<LocList>
<Loc EndOffset="1355" SrcFileId="2" StartOffset="597"/>
</LocList>
</CondStmnt>
<CondStmnt CovItemId="S25" CovItemPrefix="com.aconex.coding.challenge.PhoneDirectory.java" Intrnl_Id="118">
<Branch CovItemId="B9" CovItemPrefix="com.aconex.coding.challenge.PhoneDirectory.java" Implct="false" Intrnl_Id="119">
<Cond/>
<LocList>
<Loc EndOffset="1483" SrcFileId="2" StartOffset="1384"/>
</LocList>
<StmntSeq Intrnl_Id="120">
<LocList>
<Loc EndOffset="1417" SrcFileId="2" StartOffset="1402"/>
<Loc EndOffset="1477" SrcFileId="2" StartOffset="1391"/>
</LocList>
<BasicStmnt CovItemId="S27" CovItemPrefix="com.aconex.coding.challenge.PhoneDirectory.java" Intrnl_Id="121">
<LocList>
<Loc EndOffset="1417" SrcFileId="2" StartOffset="1402"/>
</LocList>
</BasicStmnt>
<CondStmnt CovItemId="S26" CovItemPrefix="com.aconex.coding.challenge.PhoneDirectory.java" Intrnl_Id="122">
<Branch CovItemId="B11" CovItemPrefix="com.aconex.coding.challenge.PhoneDirectory.java" Implct="true" Intrnl_Id="123">
<Cond/>
<LocList/>
<StmntSeq Intrnl_Id="124">
<LocList/>
</StmntSeq>
</Branch>
<Branch CovItemId="B12" CovItemPrefix="com.aconex.coding.challenge.PhoneDirectory.java" Implct="false" Intrnl_Id="125">
<Cond>
<Loc EndOffset="1442" SrcFileId="2" StartOffset="1424"/>
</Cond>
<LocList>
<Loc EndOffset="1477" SrcFileId="2" StartOffset="1442"/>
</LocList>
<StmntSeq Intrnl_Id="126">
<LocList>
<Loc EndOffset="1470" SrcFileId="2" StartOffset="1450"/>
</LocList>
<BasicStmnt CovItemId="S28" CovItemPrefix="com.aconex.coding.challenge.PhoneDirectory.java" Intrnl_Id="127">
<LocList>
<Loc EndOffset="1470" SrcFileId="2" StartOffset="1450"/>
</LocList>
</BasicStmnt>
</StmntSeq>
</Branch>
<Keyword EndOffset="1394" SrcFileId="2" StartOffset="1391"/>
<LocList>
<Loc EndOffset="1477" SrcFileId="2" StartOffset="1391"/>
</LocList>
</CondStmnt>
</StmntSeq>
</Branch>
<Branch CovItemId="B10" CovItemPrefix="com.aconex.coding.challenge.PhoneDirectory.java" Implct="true" Intrnl_Id="128">
<Cond/>
<LocList/>
<StmntSeq Intrnl_Id="129">
<LocList/>
</StmntSeq>
</Branch>
<Keyword EndOffset="1370" SrcFileId="2" StartOffset="1368"/>
<LocList>
<Loc EndOffset="1483" SrcFileId="2" StartOffset="1368"/>
</LocList>
<RootTerm CovItemId="C4" CovItemPrefix="com.aconex.coding.challenge.PhoneDirectory.java" Intrnl_Id="130">
<BasicBoolTerm Intrnl_Id="131">
<LocList>
<Loc EndOffset="1383" SrcFileId="2" StartOffset="1371"/>
</LocList>
</BasicBoolTerm>
</RootTerm>
</CondStmnt>
<CondStmnt CovItemId="S29" CovItemPrefix="com.aconex.coding.challenge.PhoneDirectory.java" Intrnl_Id="132">
<Branch CovItemId="B13" CovItemPrefix="com.aconex.coding.challenge.PhoneDirectory.java" Implct="false" Intrnl_Id="133">
<Cond/>
<LocList>
<Loc EndOffset="1601" SrcFileId="2" StartOffset="1503"/>
</LocList>
<StmntSeq Intrnl_Id="134">
<LocList>
<Loc EndOffset="1535" SrcFileId="2" StartOffset="1521"/>
<Loc EndOffset="1595" SrcFileId="2" StartOffset="1510"/>
</LocList>
<BasicStmnt CovItemId="S31" CovItemPrefix="com.aconex.coding.challenge.PhoneDirectory.java" Intrnl_Id="135">
<LocList>
<Loc EndOffset="1535" SrcFileId="2" StartOffset="1521"/>
</LocList>
</BasicStmnt>
<CondStmnt CovItemId="S30" CovItemPrefix="com.aconex.coding.challenge.PhoneDirectory.java" Intrnl_Id="136">
<Branch CovItemId="B15" CovItemPrefix="com.aconex.coding.challenge.PhoneDirectory.java" Implct="true" Intrnl_Id="137">
<Cond/>
<LocList/>
<StmntSeq Intrnl_Id="138">
<LocList/>
</StmntSeq>
</Branch>
<Branch CovItemId="B16" CovItemPrefix="com.aconex.coding.challenge.PhoneDirectory.java" Implct="false" Intrnl_Id="139">
<Cond>
<Loc EndOffset="1560" SrcFileId="2" StartOffset="1542"/>
</Cond>
<LocList>
<Loc EndOffset="1595" SrcFileId="2" StartOffset="1560"/>
</LocList>
<StmntSeq Intrnl_Id="140">
<LocList>
<Loc EndOffset="1588" SrcFileId="2" StartOffset="1568"/>
</LocList>
<BasicStmnt CovItemId="S32" CovItemPrefix="com.aconex.coding.challenge.PhoneDirectory.java" Intrnl_Id="141">
<LocList>
<Loc EndOffset="1588" SrcFileId="2" StartOffset="1568"/>
</LocList>
</BasicStmnt>
</StmntSeq>
</Branch>
<Keyword EndOffset="1513" SrcFileId="2" StartOffset="1510"/>
<LocList>
<Loc EndOffset="1595" SrcFileId="2" StartOffset="1510"/>
</LocList>
</CondStmnt>
</StmntSeq>
</Branch>
<Branch CovItemId="B14" CovItemPrefix="com.aconex.coding.challenge.PhoneDirectory.java" Implct="true" Intrnl_Id="142">
<Cond/>
<LocList/>
<StmntSeq Intrnl_Id="143">
<LocList/>
</StmntSeq>
</Branch>
<Keyword EndOffset="1490" SrcFileId="2" StartOffset="1488"/>
<LocList>
<Loc EndOffset="1601" SrcFileId="2" StartOffset="1488"/>
</LocList>
<RootTerm CovItemId="C5" CovItemPrefix="com.aconex.coding.challenge.PhoneDirectory.java" Intrnl_Id="144">
<BasicBoolTerm Intrnl_Id="145">
<LocList>
<Loc EndOffset="1502" SrcFileId="2" StartOffset="1491"/>
</LocList>
</BasicBoolTerm>
</RootTerm>
</CondStmnt>
</StmntSeq>
</HierarchyLvl>
</HierarchyLvl>
<HierarchyLvl HierarchyLvlId="14" HierarchyLvlTypeId="14" Intrnl_Id="146" Name="Phone">
<Header>
<Loc EndOffset="60" SrcFileId="3" StartOffset="42"/>
</Header>
<LocList>
<Loc EndOffset="229" SrcFileId="3" StartOffset="42"/>
</LocList>
<StmntSeq Intrnl_Id="147">
<LocList>
<Loc EndOffset="96" SrcFileId="3" StartOffset="67"/>
</LocList>
<BasicStmnt CovItemId="S1" CovItemPrefix="com.aconex.coding.challenge.Phone.java" Intrnl_Id="148">
<LocList>
<Loc EndOffset="96" SrcFileId="3" StartOffset="67"/>
</LocList>
</BasicStmnt>
</StmntSeq>
<HierarchyLvl HierarchyLvlId="12" HierarchyLvlTypeId="15" Intrnl_Id="149" Name="initNumber">
<Header>
<Loc EndOffset="139" SrcFileId="3" StartOffset="102"/>
</Header>
<LocList>
<Loc EndOffset="169" SrcFileId="3" StartOffset="102"/>
</LocList>
<StmntSeq Intrnl_Id="150">
<LocList>
<Loc EndOffset="165" SrcFileId="3" StartOffset="144"/>
</LocList>
<BasicStmnt CovItemId="S2" CovItemPrefix="com.aconex.coding.challenge.Phone.java" Intrnl_Id="151">
<LocList>
<Loc EndOffset="165" SrcFileId="3" StartOffset="144"/>
</LocList>
</BasicStmnt>
</StmntSeq>
</HierarchyLvl>
<HierarchyLvl HierarchyLvlId="13" HierarchyLvlTypeId="15" Intrnl_Id="152" Name="getNumber">
<Header>
<Loc EndOffset="200" SrcFileId="3" StartOffset="175"/>
</Header>
<LocList>
<Loc EndOffset="223" SrcFileId="3" StartOffset="175"/>
</LocList>
<StmntSeq Intrnl_Id="153">
<LocList>
<Loc EndOffset="219" SrcFileId="3" StartOffset="205"/>
</LocList>
<BasicStmnt CovItemId="S3" CovItemPrefix="com.aconex.coding.challenge.Phone.java" Intrnl_Id="154">
<LocList>
<Loc EndOffset="219" SrcFileId="3" StartOffset="205"/>
</LocList>
</BasicStmnt>
</StmntSeq>
</HierarchyLvl>
</HierarchyLvl>
<HierarchyLvl HierarchyLvlId="20" HierarchyLvlTypeId="14" Intrnl_Id="155" Name="NumberToAlphaConverter">
<Header>
<Loc EndOffset="239" SrcFileId="4" StartOffset="204"/>
</Header>
<LocList>
<Loc EndOffset="6680" SrcFileId="4" StartOffset="204"/>
</LocList>
<StmntSeq Intrnl_Id="156">
<LocList>
<Loc EndOffset="342" SrcFileId="4" StartOffset="245"/>
<Loc EndOffset="420" SrcFileId="4" StartOffset="360"/>
<Loc EndOffset="449" SrcFileId="4" StartOffset="424"/>
<Loc EndOffset="496" SrcFileId="4" StartOffset="453"/>
<Loc EndOffset="559" SrcFileId="4" StartOffset="500"/>
<Loc EndOffset="587" SrcFileId="4" StartOffset="563"/>
<Loc EndOffset="615" SrcFileId="4" StartOffset="591"/>
<Loc EndOffset="643" SrcFileId="4" StartOffset="619"/>
<Loc EndOffset="689" SrcFileId="4" StartOffset="647"/>
<Loc EndOffset="752" SrcFileId="4" StartOffset="693"/>
<Loc EndOffset="780" SrcFileId="4" StartOffset="756"/>
<Loc EndOffset="808" SrcFileId="4" StartOffset="784"/>
<Loc EndOffset="836" SrcFileId="4" StartOffset="812"/>
<Loc EndOffset="882" SrcFileId="4" StartOffset="840"/>
<Loc EndOffset="945" SrcFileId="4" StartOffset="886"/>
<Loc EndOffset="973" SrcFileId="4" StartOffset="949"/>
<Loc EndOffset="1001" SrcFileId="4" StartOffset="977"/>
<Loc EndOffset="1029" SrcFileId="4" StartOffset="1005"/>
<Loc EndOffset="1075" SrcFileId="4" StartOffset="1033"/>
<Loc EndOffset="1138" SrcFileId="4" StartOffset="1079"/>
<Loc EndOffset="1166" SrcFileId="4" StartOffset="1142"/>
<Loc EndOffset="1194" SrcFileId="4" StartOffset="1170"/>
<Loc EndOffset="1222" SrcFileId="4" StartOffset="1198"/>
<Loc EndOffset="1268" SrcFileId="4" StartOffset="1226"/>
<Loc EndOffset="1331" SrcFileId="4" StartOffset="1272"/>
<Loc EndOffset="1359" SrcFileId="4" StartOffset="1335"/>
<Loc EndOffset="1387" SrcFileId="4" StartOffset="1363"/>
<Loc EndOffset="1415" SrcFileId="4" StartOffset="1391"/>
<Loc EndOffset="1461" SrcFileId="4" StartOffset="1419"/>
<Loc EndOffset="1524" SrcFileId="4" StartOffset="1465"/>
<Loc EndOffset="1552" SrcFileId="4" StartOffset="1528"/>
<Loc EndOffset="1580" SrcFileId="4" StartOffset="1556"/>
<Loc EndOffset="1608" SrcFileId="4" StartOffset="1584"/>
<Loc EndOffset="1636" SrcFileId="4" StartOffset="1612"/>
<Loc EndOffset="1682" SrcFileId="4" StartOffset="1640"/>
<Loc EndOffset="1745" SrcFileId="4" StartOffset="1686"/>
<Loc EndOffset="1773" SrcFileId="4" StartOffset="1749"/>
<Loc EndOffset="1801" SrcFileId="4" StartOffset="1777"/>
<Loc EndOffset="1829" SrcFileId="4" StartOffset="1805"/>
<Loc EndOffset="1875" SrcFileId="4" StartOffset="1833"/>
<Loc EndOffset="1938" SrcFileId="4" StartOffset="1879"/>
<Loc EndOffset="1966" SrcFileId="4" StartOffset="1942"/>
<Loc EndOffset="1994" SrcFileId="4" StartOffset="1970"/>
<Loc EndOffset="2022" SrcFileId="4" StartOffset="1998"/>
<Loc EndOffset="2050" SrcFileId="4" StartOffset="2026"/>
<Loc EndOffset="2096" SrcFileId="4" StartOffset="2054"/>
</LocList>
<BasicStmnt CovItemId="S1" CovItemPrefix="com.aconex.coding.challenge.NumberToAlphaConverter.java" Intrnl_Id="157">
<LocList>
<Loc EndOffset="342" SrcFileId="4" StartOffset="245"/>
</LocList>
</BasicStmnt>
<BasicStmnt CovItemId="S2" CovItemPrefix="com.aconex.coding.challenge.NumberToAlphaConverter.java" Intrnl_Id="158">
<LocList>
<Loc EndOffset="420" SrcFileId="4" StartOffset="360"/>
</LocList>
</BasicStmnt>
<BasicStmnt CovItemId="S3" CovItemPrefix="com.aconex.coding.challenge.NumberToAlphaConverter.java" Intrnl_Id="159">
<LocList>
<Loc EndOffset="449" SrcFileId="4" StartOffset="424"/>
</LocList>
</BasicStmnt>
<BasicStmnt CovItemId="S4" CovItemPrefix="com.aconex.coding.challenge.NumberToAlphaConverter.java" Intrnl_Id="160">
<LocList>
<Loc EndOffset="496" SrcFileId="4" StartOffset="453"/>
</LocList>
</BasicStmnt>
<BasicStmnt CovItemId="S5" CovItemPrefix="com.aconex.coding.challenge.NumberToAlphaConverter.java" Intrnl_Id="161">
<LocList>
<Loc EndOffset="559" SrcFileId="4" StartOffset="500"/>
</LocList>
</BasicStmnt>
<BasicStmnt CovItemId="S6" CovItemPrefix="com.aconex.coding.challenge.NumberToAlphaConverter.java" Intrnl_Id="162">
<LocList>
<Loc EndOffset="587" SrcFileId="4" StartOffset="563"/>
</LocList>
</BasicStmnt>
<BasicStmnt CovItemId="S7" CovItemPrefix="com.aconex.coding.challenge.NumberToAlphaConverter.java" Intrnl_Id="163">
<LocList>
<Loc EndOffset="615" SrcFileId="4" StartOffset="591"/>
</LocList>
</BasicStmnt>
<BasicStmnt CovItemId="S8" CovItemPrefix="com.aconex.coding.challenge.NumberToAlphaConverter.java" Intrnl_Id="164">
<LocList>
<Loc EndOffset="643" SrcFileId="4" StartOffset="619"/>
</LocList>
</BasicStmnt>
<BasicStmnt CovItemId="S9" CovItemPrefix="com.aconex.coding.challenge.NumberToAlphaConverter.java" Intrnl_Id="165">
<LocList>
<Loc EndOffset="689" SrcFileId="4" StartOffset="647"/>
</LocList>
</BasicStmnt>
<BasicStmnt CovItemId="S10" CovItemPrefix="com.aconex.coding.challenge.NumberToAlphaConverter.java" Intrnl_Id="166">
<LocList>
<Loc EndOffset="752" SrcFileId="4" StartOffset="693"/>
</LocList>
</BasicStmnt>
<BasicStmnt CovItemId="S11" CovItemPrefix="com.aconex.coding.challenge.NumberToAlphaConverter.java" Intrnl_Id="167">
<LocList>
<Loc EndOffset="780" SrcFileId="4" StartOffset="756"/>
</LocList>
</BasicStmnt>
<BasicStmnt CovItemId="S12" CovItemPrefix="com.aconex.coding.challenge.NumberToAlphaConverter.java" Intrnl_Id="168">
<LocList>
<Loc EndOffset="808" SrcFileId="4" StartOffset="784"/>
</LocList>
</BasicStmnt>
<BasicStmnt CovItemId="S13" CovItemPrefix="com.aconex.coding.challenge.NumberToAlphaConverter.java" Intrnl_Id="169">
<LocList>
<Loc EndOffset="836" SrcFileId="4" StartOffset="812"/>
</LocList>
</BasicStmnt>
<BasicStmnt CovItemId="S14" CovItemPrefix="com.aconex.coding.challenge.NumberToAlphaConverter.java" Intrnl_Id="170">
<LocList>
<Loc EndOffset="882" SrcFileId="4" StartOffset="840"/>
</LocList>
</BasicStmnt>
<BasicStmnt CovItemId="S15" CovItemPrefix="com.aconex.coding.challenge.NumberToAlphaConverter.java" Intrnl_Id="171">
<LocList>
<Loc EndOffset="945" SrcFileId="4" StartOffset="886"/>
</LocList>
</BasicStmnt>
<BasicStmnt CovItemId="S16" CovItemPrefix="com.aconex.coding.challenge.NumberToAlphaConverter.java" Intrnl_Id="172">
<LocList>
<Loc EndOffset="973" SrcFileId="4" StartOffset="949"/>
</LocList>
</BasicStmnt>
<BasicStmnt CovItemId="S17" CovItemPrefix="com.aconex.coding.challenge.NumberToAlphaConverter.java" Intrnl_Id="173">
<LocList>
<Loc EndOffset="1001" SrcFileId="4" StartOffset="977"/>
</LocList>
</BasicStmnt>
<BasicStmnt CovItemId="S18" CovItemPrefix="com.aconex.coding.challenge.NumberToAlphaConverter.java" Intrnl_Id="174">
<LocList>
<Loc EndOffset="1029" SrcFileId="4" StartOffset="1005"/>
</LocList>
</BasicStmnt>
<BasicStmnt CovItemId="S19" CovItemPrefix="com.aconex.coding.challenge.NumberToAlphaConverter.java" Intrnl_Id="175">
<LocList>
<Loc EndOffset="1075" SrcFileId="4" StartOffset="1033"/>
</LocList>
</BasicStmnt>
<BasicStmnt CovItemId="S20" CovItemPrefix="com.aconex.coding.challenge.NumberToAlphaConverter.java" Intrnl_Id="176">
<LocList>
<Loc EndOffset="1138" SrcFileId="4" StartOffset="1079"/>
</LocList>
</BasicStmnt>
<BasicStmnt CovItemId="S21" CovItemPrefix="com.aconex.coding.challenge.NumberToAlphaConverter.java" Intrnl_Id="177">
<LocList>
<Loc EndOffset="1166" SrcFileId="4" StartOffset="1142"/>
</LocList>
</BasicStmnt>
<BasicStmnt CovItemId="S22" CovItemPrefix="com.aconex.coding.challenge.NumberToAlphaConverter.java" Intrnl_Id="178">
<LocList>
<Loc EndOffset="1194" SrcFileId="4" StartOffset="1170"/>
</LocList>
</BasicStmnt>
<BasicStmnt CovItemId="S23" CovItemPrefix="com.aconex.coding.challenge.NumberToAlphaConverter.java" Intrnl_Id="179">
<LocList>
<Loc EndOffset="1222" SrcFileId="4" StartOffset="1198"/>
</LocList>
</BasicStmnt>
<BasicStmnt CovItemId="S24" CovItemPrefix="com.aconex.coding.challenge.NumberToAlphaConverter.java" Intrnl_Id="180">
<LocList>
<Loc EndOffset="1268" SrcFileId="4" StartOffset="1226"/>
</LocList>
</BasicStmnt>
<BasicStmnt CovItemId="S25" CovItemPrefix="com.aconex.coding.challenge.NumberToAlphaConverter.java" Intrnl_Id="181">
<LocList>
<Loc EndOffset="1331" SrcFileId="4" StartOffset="1272"/>
</LocList>
</BasicStmnt>
<BasicStmnt CovItemId="S26" CovItemPrefix="com.aconex.coding.challenge.NumberToAlphaConverter.java" Intrnl_Id="182">
<LocList>
<Loc EndOffset="1359" SrcFileId="4" StartOffset="1335"/>
</LocList>
</BasicStmnt>
<BasicStmnt CovItemId="S27" CovItemPrefix="com.aconex.coding.challenge.NumberToAlphaConverter.java" Intrnl_Id="183">
<LocList>
<Loc EndOffset="1387" SrcFileId="4" StartOffset="1363"/>
</LocList>
</BasicStmnt>
<BasicStmnt CovItemId="S28" CovItemPrefix="com.aconex.coding.challenge.NumberToAlphaConverter.java" Intrnl_Id="184">
<LocList>
<Loc EndOffset="1415" SrcFileId="4" StartOffset="1391"/>
</LocList>
</BasicStmnt>
<BasicStmnt CovItemId="S29" CovItemPrefix="com.aconex.coding.challenge.NumberToAlphaConverter.java" Intrnl_Id="185">
<LocList>
<Loc EndOffset="1461" SrcFileId="4" StartOffset="1419"/>
</LocList>
</BasicStmnt>
<BasicStmnt CovItemId="S30" CovItemPrefix="com.aconex.coding.challenge.NumberToAlphaConverter.java" Intrnl_Id="186">
<LocList>
<Loc EndOffset="1524" SrcFileId="4" StartOffset="1465"/>
</LocList>
</BasicStmnt>
<BasicStmnt CovItemId="S31" CovItemPrefix="com.aconex.coding.challenge.NumberToAlphaConverter.java" Intrnl_Id="187">
<LocList>
<Loc EndOffset="1552" SrcFileId="4" StartOffset="1528"/>
</LocList>
</BasicStmnt>
<BasicStmnt CovItemId="S32" CovItemPrefix="com.aconex.coding.challenge.NumberToAlphaConverter.java" Intrnl_Id="188">
<LocList>
<Loc EndOffset="1580" SrcFileId="4" StartOffset="1556"/>
</LocList>
</BasicStmnt>
<BasicStmnt CovItemId="S33" CovItemPrefix="com.aconex.coding.challenge.NumberToAlphaConverter.java" Intrnl_Id="189">
<LocList>
<Loc EndOffset="1608" SrcFileId="4" StartOffset="1584"/>
</LocList>
</BasicStmnt>
<BasicStmnt CovItemId="S34" CovItemPrefix="com.aconex.coding.challenge.NumberToAlphaConverter.java" Intrnl_Id="190">
<LocList>
<Loc EndOffset="1636" SrcFileId="4" StartOffset="1612"/>
</LocList>
</BasicStmnt>
<BasicStmnt CovItemId="S35" CovItemPrefix="com.aconex.coding.challenge.NumberToAlphaConverter.java" Intrnl_Id="191">
<LocList>
<Loc EndOffset="1682" SrcFileId="4" StartOffset="1640"/>
</LocList>
</BasicStmnt>
<BasicStmnt CovItemId="S36" CovItemPrefix="com.aconex.coding.challenge.NumberToAlphaConverter.java" Intrnl_Id="192">
<LocList>
<Loc EndOffset="1745" SrcFileId="4" StartOffset="1686"/>
</LocList>
</BasicStmnt>
<BasicStmnt CovItemId="S37" CovItemPrefix="com.aconex.coding.challenge.NumberToAlphaConverter.java" Intrnl_Id="193">
<LocList>
<Loc EndOffset="1773" SrcFileId="4" StartOffset="1749"/>
</LocList>
</BasicStmnt>
<BasicStmnt CovItemId="S38" CovItemPrefix="com.aconex.coding.challenge.NumberToAlphaConverter.java" Intrnl_Id="194">
<LocList>
<Loc EndOffset="1801" SrcFileId="4" StartOffset="1777"/>
</LocList>
</BasicStmnt>
<BasicStmnt CovItemId="S39" CovItemPrefix="com.aconex.coding.challenge.NumberToAlphaConverter.java" Intrnl_Id="195">
<LocList>
<Loc EndOffset="1829" SrcFileId="4" StartOffset="1805"/>
</LocList>
</BasicStmnt>
<BasicStmnt CovItemId="S40" CovItemPrefix="com.aconex.coding.challenge.NumberToAlphaConverter.java" Intrnl_Id="196">
<LocList>
<Loc EndOffset="1875" SrcFileId="4" StartOffset="1833"/>
</LocList>
</BasicStmnt>
<BasicStmnt CovItemId="S41" CovItemPrefix="com.aconex.coding.challenge.NumberToAlphaConverter.java" Intrnl_Id="197">
<LocList>
<Loc EndOffset="1938" SrcFileId="4" StartOffset="1879"/>
</LocList>
</BasicStmnt>
<BasicStmnt CovItemId="S42" CovItemPrefix="com.aconex.coding.challenge.NumberToAlphaConverter.java" Intrnl_Id="198">
<LocList>
<Loc EndOffset="1966" SrcFileId="4" StartOffset="1942"/>
</LocList>
</BasicStmnt>
<BasicStmnt CovItemId="S43" CovItemPrefix="com.aconex.coding.challenge.NumberToAlphaConverter.java" Intrnl_Id="199">
<LocList>
<Loc EndOffset="1994" SrcFileId="4" StartOffset="1970"/>
</LocList>
</BasicStmnt>
<BasicStmnt CovItemId="S44" CovItemPrefix="com.aconex.coding.challenge.NumberToAlphaConverter.java" Intrnl_Id="200">
<LocList>
<Loc EndOffset="2022" SrcFileId="4" StartOffset="1998"/>
</LocList>
</BasicStmnt>
<BasicStmnt CovItemId="S45" CovItemPrefix="com.aconex.coding.challenge.NumberToAlphaConverter.java" Intrnl_Id="201">
<LocList>
<Loc EndOffset="2050" SrcFileId="4" StartOffset="2026"/>
</LocList>
</BasicStmnt>
<BasicStmnt CovItemId="S46" CovItemPrefix="com.aconex.coding.challenge.NumberToAlphaConverter.java" Intrnl_Id="202">
<LocList>
<Loc EndOffset="2096" SrcFileId="4" StartOffset="2054"/>
</LocList>
</BasicStmnt>
</StmntSeq>
<HierarchyLvl HierarchyLvlId="15" HierarchyLvlTypeId="15" Intrnl_Id="203" Name="findLastDigitPosition">
<Header>
<Loc EndOffset="2173" SrcFileId="4" StartOffset="2109"/>
</Header>
<LocList>
<Loc EndOffset="2500" SrcFileId="4" StartOffset="2109"/>
</LocList>
<StmntSeq Intrnl_Id="204">
<LocList>
<Loc EndOffset="2191" SrcFileId="4" StartOffset="2178"/>
<Loc EndOffset="2213" SrcFileId="4" StartOffset="2195"/>
<Loc EndOffset="2235" SrcFileId="4" StartOffset="2217"/>
<Loc EndOffset="2477" SrcFileId="4" StartOffset="2239"/>
<Loc EndOffset="2492" SrcFileId="4" StartOffset="2481"/>
</LocList>
<BasicStmnt CovItemId="S47" CovItemPrefix="com.aconex.coding.challenge.NumberToAlphaConverter.java" Intrnl_Id="205">
<LocList>
<Loc EndOffset="2191" SrcFileId="4" StartOffset="2178"/>
</LocList>
</BasicStmnt>
<BasicStmnt CovItemId="S48" CovItemPrefix="com.aconex.coding.challenge.NumberToAlphaConverter.java" Intrnl_Id="206">
<LocList>
<Loc EndOffset="2213" SrcFileId="4" StartOffset="2195"/>
</LocList>
</BasicStmnt>
<BasicStmnt CovItemId="S49" CovItemPrefix="com.aconex.coding.challenge.NumberToAlphaConverter.java" Intrnl_Id="207">
<LocList>
<Loc EndOffset="2235" SrcFileId="4" StartOffset="2217"/>
</LocList>
</BasicStmnt>
<LoopStmnt CovItemId="S50" CovItemPrefix="com.aconex.coding.challenge.NumberToAlphaConverter.java" Intrnl_Id="208" MltplExecId="L1-2" MltplExecPrefix="com.aconex.coding.challenge.NumberToAlphaConverter.java" NvrExecId="L1-0" NvrExecPrefix="com.aconex.coding.challenge.NumberToAlphaConverter.java" OnceExecutedId="L1-1" OnceExecutedPrefix="com.aconex.coding.challenge.NumberToAlphaConverter.java" OptBodyExec="true">
<StmntSeq Intrnl_Id="209">
<LocList>
<Loc EndOffset="2350" SrcFileId="4" StartOffset="2303"/>
<Loc EndOffset="2472" SrcFileId="4" StartOffset="2355"/>
</LocList>
<BasicStmnt CovItemId="S51" CovItemPrefix="com.aconex.coding.challenge.NumberToAlphaConverter.java" Intrnl_Id="210">
<LocList>
<Loc EndOffset="2350" SrcFileId="4" StartOffset="2303"/>
</LocList>
</BasicStmnt>
<CondStmnt CovItemId="S52" CovItemPrefix="com.aconex.coding.challenge.NumberToAlphaConverter.java" Intrnl_Id="211">
<Branch CovItemId="B1" CovItemPrefix="com.aconex.coding.challenge.NumberToAlphaConverter.java" Implct="false" Intrnl_Id="212">
<Cond/>
<LocList>
<Loc EndOffset="2422" SrcFileId="4" StartOffset="2397"/>
</LocList>
<StmntSeq Intrnl_Id="213">
<LocList>
<Loc EndOffset="2416" SrcFileId="4" StartOffset="2404"/>
</LocList>
<BasicStmnt CovItemId="S53" CovItemPrefix="com.aconex.coding.challenge.NumberToAlphaConverter.java" Intrnl_Id="214">
<LocList>
<Loc EndOffset="2416" SrcFileId="4" StartOffset="2404"/>
</LocList>
</BasicStmnt>
</StmntSeq>
</Branch>
<Branch CovItemId="B2" CovItemPrefix="com.aconex.coding.challenge.NumberToAlphaConverter.java" Implct="false" Intrnl_Id="215">
<Cond>
<Loc EndOffset="2426" SrcFileId="4" StartOffset="2422"/>
</Cond>
<LocList>
<Loc EndOffset="2472" SrcFileId="4" StartOffset="2427"/>
</LocList>
<StmntSeq Intrnl_Id="216">
<LocList>
<Loc EndOffset="2472" SrcFileId="4" StartOffset="2427"/>
</LocList>
<CondStmnt CovItemId="S54" CovItemPrefix="com.aconex.coding.challenge.NumberToAlphaConverter.java" Intrnl_Id="217">
<Branch CovItemId="B3" CovItemPrefix="com.aconex.coding.challenge.NumberToAlphaConverter.java" Implct="false" Intrnl_Id="218">
<Cond/>
<LocList>
<Loc EndOffset="2472" SrcFileId="4" StartOffset="2447"/>
</LocList>
<StmntSeq Intrnl_Id="219">
<LocList>
<Loc EndOffset="2466" SrcFileId="4" StartOffset="2454"/>
</LocList>
<BasicStmnt CovItemId="S55" CovItemPrefix="com.aconex.coding.challenge.NumberToAlphaConverter.java" Intrnl_Id="220">
<LocList>
<Loc EndOffset="2466" SrcFileId="4" StartOffset="2454"/>
</LocList>
</BasicStmnt>
</StmntSeq>
</Branch>
<Branch CovItemId="B4" CovItemPrefix="com.aconex.coding.challenge.NumberToAlphaConverter.java" Implct="true" Intrnl_Id="221">
<Cond/>
<LocList/>
<StmntSeq Intrnl_Id="222">
<LocList/>
</StmntSeq>
</Branch>
<Keyword EndOffset="2429" SrcFileId="4" StartOffset="2427"/>
<LocList>
<Loc EndOffset="2472" SrcFileId="4" StartOffset="2427"/>
</LocList>
<RootTerm CovItemId="C3" CovItemPrefix="com.aconex.coding.challenge.NumberToAlphaConverter.java" Intrnl_Id="223">
<BasicBoolTerm Intrnl_Id="224">
<LocList>
<Loc EndOffset="2446" SrcFileId="4" StartOffset="2430"/>
</LocList>
</BasicBoolTerm>
</RootTerm>
</CondStmnt>
</StmntSeq>
</Branch>
<Keyword EndOffset="2357" SrcFileId="4" StartOffset="2355"/>
<LocList>
<Loc EndOffset="2472" SrcFileId="4" StartOffset="2355"/>
</LocList>
<RootTerm CovItemId="C2" CovItemPrefix="com.aconex.coding.challenge.NumberToAlphaConverter.java" Intrnl_Id="225">
<OpTerm BooleanOpId="11" Intrnl_Id="226">
<BasicBoolTerm Intrnl_Id="227">
<LocList>
<Loc EndOffset="2375" SrcFileId="4" StartOffset="2358"/>
</LocList>
</BasicBoolTerm>
<BasicBoolTerm Intrnl_Id="228">
<LocList>
<Loc EndOffset="2396" SrcFileId="4" StartOffset="2379"/>
</LocList>
</BasicBoolTerm>
<LocList>
<Loc EndOffset="2378" SrcFileId="4" StartOffset="2376"/>
</LocList>
</OpTerm>
</RootTerm>
</CondStmnt>
</StmntSeq>
<Keyword EndOffset="2242" SrcFileId="4" StartOffset="2239"/>
<LocList>
<Loc EndOffset="2477" SrcFileId="4" StartOffset="2239"/>
</LocList>
<RootTerm CovItemId="C1" CovItemPrefix="com.aconex.coding.challenge.NumberToAlphaConverter.java" Intrnl_Id="229">
<BasicBoolTerm Intrnl_Id="230">
<LocList>
<Loc EndOffset="2288" SrcFileId="4" StartOffset="2258"/>
</LocList>
</BasicBoolTerm>
</RootTerm>
</LoopStmnt>
<BasicStmnt CovItemId="S56" CovItemPrefix="com.aconex.coding.challenge.NumberToAlphaConverter.java" Intrnl_Id="231">
<LocList>
<Loc EndOffset="2492" SrcFileId="4" StartOffset="2481"/>
</LocList>
</BasicStmnt>
</StmntSeq>
</HierarchyLvl>
<HierarchyLvl HierarchyLvlId="16" HierarchyLvlTypeId="15" Intrnl_Id="232" Name="alphaToDigit">
<Header>
<Loc EndOffset="2552" SrcFileId="4" StartOffset="2506"/>
</Header>
<LocList>
<Loc EndOffset="2953" SrcFileId="4" StartOffset="2506"/>
</LocList>
<StmntSeq Intrnl_Id="233">
<LocList>
<Loc EndOffset="2949" SrcFileId="4" StartOffset="2557"/>
</LocList>
<CondStmnt CovItemId="S57" CovItemPrefix="com.aconex.coding.challenge.NumberToAlphaConverter.java" Intrnl_Id="234">
<Branch CovItemId="B5" CovItemPrefix="com.aconex.coding.challenge.NumberToAlphaConverter.java" Implct="false" Intrnl_Id="235">
<Cond/>
<LocList>
<Loc EndOffset="2605" SrcFileId="4" StartOffset="2583"/>
</LocList>
<StmntSeq Intrnl_Id="236">
<LocList>
<Loc EndOffset="2600" SrcFileId="4" StartOffset="2589"/>
</LocList>
<BasicStmnt CovItemId="S58" CovItemPrefix="com.aconex.coding.challenge.NumberToAlphaConverter.java" Intrnl_Id="237">
<LocList>
<Loc EndOffset="2600" SrcFileId="4" StartOffset="2589"/>
</LocList>
</BasicStmnt>
</StmntSeq>
</Branch>
<Branch CovItemId="B6" CovItemPrefix="com.aconex.coding.challenge.NumberToAlphaConverter.java" Implct="false" Intrnl_Id="238">
<Cond>
<Loc EndOffset="2609" SrcFileId="4" StartOffset="2605"/>
</Cond>
<LocList>
<Loc EndOffset="2949" SrcFileId="4" StartOffset="2610"/>
</LocList>
<StmntSeq Intrnl_Id="239">
<LocList>
<Loc EndOffset="2949" SrcFileId="4" StartOffset="2610"/>
</LocList>
<CondStmnt CovItemId="S59" CovItemPrefix="com.aconex.coding.challenge.NumberToAlphaConverter.java" Intrnl_Id="240">
<Branch CovItemId="B7" CovItemPrefix="com.aconex.coding.challenge.NumberToAlphaConverter.java" Implct="false" Intrnl_Id="241">
<Cond/>
<LocList>
<Loc EndOffset="2658" SrcFileId="4" StartOffset="2636"/>
</LocList>
<StmntSeq Intrnl_Id="242">
<LocList>
<Loc EndOffset="2653" SrcFileId="4" StartOffset="2642"/>
</LocList>
<BasicStmnt CovItemId="S60" CovItemPrefix="com.aconex.coding.challenge.NumberToAlphaConverter.java" Intrnl_Id="243">
<LocList>
<Loc EndOffset="2653" SrcFileId="4" StartOffset="2642"/>
</LocList>
</BasicStmnt>
</StmntSeq>
</Branch>
<Branch CovItemId="B8" CovItemPrefix="com.aconex.coding.challenge.NumberToAlphaConverter.java" Implct="false" Intrnl_Id="244">
<Cond>
<Loc EndOffset="2662" SrcFileId="4" StartOffset="2658"/>
</Cond>
<LocList>
<Loc EndOffset="2949" SrcFileId="4" StartOffset="2663"/>
</LocList>
<StmntSeq Intrnl_Id="245">
<LocList>
<Loc EndOffset="2949" SrcFileId="4" StartOffset="2663"/>
</LocList>
<CondStmnt CovItemId="S61" CovItemPrefix="com.aconex.coding.challenge.NumberToAlphaConverter.java" Intrnl_Id="246">
<Branch CovItemId="B9" CovItemPrefix="com.aconex.coding.challenge.NumberToAlphaConverter.java" Implct="false" Intrnl_Id="247">
<Cond/>
<LocList>
<Loc EndOffset="2711" SrcFileId="4" StartOffset="2689"/>
</LocList>
<StmntSeq Intrnl_Id="248">
<LocList>
<Loc EndOffset="2706" SrcFileId="4" StartOffset="2695"/>
</LocList>
<BasicStmnt CovItemId="S62" CovItemPrefix="com.aconex.coding.challenge.NumberToAlphaConverter.java" Intrnl_Id="249">
<LocList>
<Loc EndOffset="2706" SrcFileId="4" StartOffset="2695"/>
</LocList>
</BasicStmnt>
</StmntSeq>
</Branch>
<Branch CovItemId="B10" CovItemPrefix="com.aconex.coding.challenge.NumberToAlphaConverter.java" Implct="false" Intrnl_Id="250">
<Cond>
<Loc EndOffset="2715" SrcFileId="4" StartOffset="2711"/>
</Cond>
<LocList>
<Loc EndOffset="2949" SrcFileId="4" StartOffset="2716"/>
</LocList>
<StmntSeq Intrnl_Id="251">
<LocList>
<Loc EndOffset="2949" SrcFileId="4" StartOffset="2716"/>
</LocList>
<CondStmnt CovItemId="S63" CovItemPrefix="com.aconex.coding.challenge.NumberToAlphaConverter.java" Intrnl_Id="252">
<Branch CovItemId="B11" CovItemPrefix="com.aconex.coding.challenge.NumberToAlphaConverter.java" Implct="false" Intrnl_Id="253">
<Cond/>
<LocList>
<Loc EndOffset="2764" SrcFileId="4" StartOffset="2742"/>
</LocList>
<StmntSeq Intrnl_Id="254">
<LocList>
<Loc EndOffset="2759" SrcFileId="4" StartOffset="2748"/>
</LocList>
<BasicStmnt CovItemId="S64" CovItemPrefix="com.aconex.coding.challenge.NumberToAlphaConverter.java" Intrnl_Id="255">
<LocList>
<Loc EndOffset="2759" SrcFileId="4" StartOffset="2748"/>
</LocList>
</BasicStmnt>
</StmntSeq>
</Branch>
<Branch CovItemId="B12" CovItemPrefix="com.aconex.coding.challenge.NumberToAlphaConverter.java" Implct="false" Intrnl_Id="256">
<Cond>
<Loc EndOffset="2768" SrcFileId="4" StartOffset="2764"/>
</Cond>
<LocList>
<Loc EndOffset="2949" SrcFileId="4" StartOffset="2769"/>
</LocList>
<StmntSeq Intrnl_Id="257">
<LocList>
<Loc EndOffset="2949" SrcFileId="4" StartOffset="2769"/>
</LocList>
<CondStmnt CovItemId="S65" CovItemPrefix="com.aconex.coding.challenge.NumberToAlphaConverter.java" Intrnl_Id="258">
<Branch CovItemId="B13" CovItemPrefix="com.aconex.coding.challenge.NumberToAlphaConverter.java" Implct="false" Intrnl_Id="259">
<Cond/>
<LocList>
<Loc EndOffset="2817" SrcFileId="4" StartOffset="2795"/>
</LocList>
<StmntSeq Intrnl_Id="260">
<LocList>
<Loc EndOffset="2812" SrcFileId="4" StartOffset="2801"/>
</LocList>
<BasicStmnt CovItemId="S66" CovItemPrefix="com.aconex.coding.challenge.NumberToAlphaConverter.java" Intrnl_Id="261">
<LocList>
<Loc EndOffset="2812" SrcFileId="4" StartOffset="2801"/>
</LocList>
</BasicStmnt>
</StmntSeq>
</Branch>
<Branch CovItemId="B14" CovItemPrefix="com.aconex.coding.challenge.NumberToAlphaConverter.java" Implct="false" Intrnl_Id="262">
<Cond>
<Loc EndOffset="2821" SrcFileId="4" StartOffset="2817"/>
</Cond>
<LocList>
<Loc EndOffset="2949" SrcFileId="4" StartOffset="2822"/>
</LocList>
<StmntSeq Intrnl_Id="263">
<LocList>
<Loc EndOffset="2949" SrcFileId="4" StartOffset="2822"/>
</LocList>
<CondStmnt CovItemId="S67" CovItemPrefix="com.aconex.coding.challenge.NumberToAlphaConverter.java" Intrnl_Id="264">
<Branch CovItemId="B15" CovItemPrefix="com.aconex.coding.challenge.NumberToAlphaConverter.java" Implct="false" Intrnl_Id="265">
<Cond/>
<LocList>
<Loc EndOffset="2870" SrcFileId="4" StartOffset="2848"/>
</LocList>
<StmntSeq Intrnl_Id="266">
<LocList>
<Loc EndOffset="2865" SrcFileId="4" StartOffset="2854"/>
</LocList>
<BasicStmnt CovItemId="S68" CovItemPrefix="com.aconex.coding.challenge.NumberToAlphaConverter.java" Intrnl_Id="267">
<LocList>
<Loc EndOffset="2865" SrcFileId="4" StartOffset="2854"/>
</LocList>
</BasicStmnt>
</StmntSeq>
</Branch>
<Branch CovItemId="B16" CovItemPrefix="com.aconex.coding.challenge.NumberToAlphaConverter.java" Implct="false" Intrnl_Id="268">
<Cond>
<Loc EndOffset="2874" SrcFileId="4" StartOffset="2870"/>
</Cond>
<LocList>
<Loc EndOffset="2949" SrcFileId="4" StartOffset="2875"/>
</LocList>
<StmntSeq Intrnl_Id="269">
<LocList>
<Loc EndOffset="2949" SrcFileId="4" StartOffset="2875"/>
</LocList>
<CondStmnt CovItemId="S69" CovItemPrefix="com.aconex.coding.challenge.NumberToAlphaConverter.java" Intrnl_Id="270">
<Branch CovItemId="B17" CovItemPrefix="com.aconex.coding.challenge.NumberToAlphaConverter.java" Implct="false" Intrnl_Id="271">
<Cond/>
<LocList>
<Loc EndOffset="2923" SrcFileId="4" StartOffset="2901"/>
</LocList>
<StmntSeq Intrnl_Id="272">
<LocList>
<Loc EndOffset="2918" SrcFileId="4" StartOffset="2907"/>
</LocList>
<BasicStmnt CovItemId="S70" CovItemPrefix="com.aconex.coding.challenge.NumberToAlphaConverter.java" Intrnl_Id="273">
<LocList>
<Loc EndOffset="2918" SrcFileId="4" StartOffset="2907"/>
</LocList>
</BasicStmnt>
</StmntSeq>
</Branch>
<Branch CovItemId="B18" CovItemPrefix="com.aconex.coding.challenge.NumberToAlphaConverter.java" Implct="false" Intrnl_Id="274">
<Cond>
<Loc EndOffset="2927" SrcFileId="4" StartOffset="2923"/>
</Cond>
<LocList>
<Loc EndOffset="2949" SrcFileId="4" StartOffset="2927"/>
</LocList>
<StmntSeq Intrnl_Id="275">
<LocList>
<Loc EndOffset="2944" SrcFileId="4" StartOffset="2933"/>
</LocList>
<BasicStmnt CovItemId="S71" CovItemPrefix="com.aconex.coding.challenge.NumberToAlphaConverter.java" Intrnl_Id="276">
<LocList>
<Loc EndOffset="2944" SrcFileId="4" StartOffset="2933"/>
</LocList>
</BasicStmnt>
</StmntSeq>
</Branch>
<Keyword EndOffset="2877" SrcFileId="4" StartOffset="2875"/>
<LocList>
<Loc EndOffset="2949" SrcFileId="4" StartOffset="2875"/>
</LocList>
<RootTerm CovItemId="C10" CovItemPrefix="com.aconex.coding.challenge.NumberToAlphaConverter.java" Intrnl_Id="277">
<OpTerm BooleanOpId="11" Intrnl_Id="278">
<BasicBoolTerm Intrnl_Id="279">
<LocList>
<Loc EndOffset="2888" SrcFileId="4" StartOffset="2878"/>
</LocList>
</BasicBoolTerm>
<BasicBoolTerm Intrnl_Id="280">
<LocList>
<Loc EndOffset="2900" SrcFileId="4" StartOffset="2890"/>
</LocList>
</BasicBoolTerm>
<LocList>
<Loc EndOffset="2890" SrcFileId="4" StartOffset="2888"/>
</LocList>
</OpTerm>
</RootTerm>
</CondStmnt>
</StmntSeq>
</Branch>
<Keyword EndOffset="2824" SrcFileId="4" StartOffset="2822"/>
<LocList>
<Loc EndOffset="2949" SrcFileId="4" StartOffset="2822"/>
</LocList>
<RootTerm CovItemId="C9" CovItemPrefix="com.aconex.coding.challenge.NumberToAlphaConverter.java" Intrnl_Id="281">
<OpTerm BooleanOpId="11" Intrnl_Id="282">
<BasicBoolTerm Intrnl_Id="283">
<LocList>
<Loc EndOffset="2835" SrcFileId="4" StartOffset="2825"/>
</LocList>
</BasicBoolTerm>
<BasicBoolTerm Intrnl_Id="284">
<LocList>
<Loc EndOffset="2847" SrcFileId="4" StartOffset="2837"/>
</LocList>
</BasicBoolTerm>
<LocList>
<Loc EndOffset="2837" SrcFileId="4" StartOffset="2835"/>
</LocList>
</OpTerm>
</RootTerm>
</CondStmnt>
</StmntSeq>
</Branch>
<Keyword EndOffset="2771" SrcFileId="4" StartOffset="2769"/>
<LocList>
<Loc EndOffset="2949" SrcFileId="4" StartOffset="2769"/>
</LocList>
<RootTerm CovItemId="C8" CovItemPrefix="com.aconex.coding.challenge.NumberToAlphaConverter.java" Intrnl_Id="285">
<OpTerm BooleanOpId="11" Intrnl_Id="286">
<BasicBoolTerm Intrnl_Id="287">
<LocList>
<Loc EndOffset="2782" SrcFileId="4" StartOffset="2772"/>
</LocList>
</BasicBoolTerm>
<BasicBoolTerm Intrnl_Id="288">
<LocList>
<Loc EndOffset="2794" SrcFileId="4" StartOffset="2784"/>
</LocList>
</BasicBoolTerm>
<LocList>
<Loc EndOffset="2784" SrcFileId="4" StartOffset="2782"/>
</LocList>
</OpTerm>
</RootTerm>
</CondStmnt>
</StmntSeq>
</Branch>
<Keyword EndOffset="2718" SrcFileId="4" StartOffset="2716"/>
<LocList>
<Loc EndOffset="2949" SrcFileId="4" StartOffset="2716"/>
</LocList>
<RootTerm CovItemId="C7" CovItemPrefix="com.aconex.coding.challenge.NumberToAlphaConverter.java" Intrnl_Id="289">
<OpTerm BooleanOpId="11" Intrnl_Id="290">
<BasicBoolTerm Intrnl_Id="291">
<LocList>
<Loc EndOffset="2729" SrcFileId="4" StartOffset="2719"/>
</LocList>
</BasicBoolTerm>
<BasicBoolTerm Intrnl_Id="292">
<LocList>
<Loc EndOffset="2741" SrcFileId="4" StartOffset="2731"/>
</LocList>
</BasicBoolTerm>
<LocList>
<Loc EndOffset="2731" SrcFileId="4" StartOffset="2729"/>
</LocList>
</OpTerm>
</RootTerm>
</CondStmnt>
</StmntSeq>
</Branch>
<Keyword EndOffset="2665" SrcFileId="4" StartOffset="2663"/>
<LocList>
<Loc EndOffset="2949" SrcFileId="4" StartOffset="2663"/>
</LocList>
<RootTerm CovItemId="C6" CovItemPrefix="com.aconex.coding.challenge.NumberToAlphaConverter.java" Intrnl_Id="293">
<OpTerm BooleanOpId="11" Intrnl_Id="294">
<BasicBoolTerm Intrnl_Id="295">
<LocList>
<Loc EndOffset="2676" SrcFileId="4" StartOffset="2666"/>
</LocList>
</BasicBoolTerm>
<BasicBoolTerm Intrnl_Id="296">
<LocList>
<Loc EndOffset="2688" SrcFileId="4" StartOffset="2678"/>
</LocList>
</BasicBoolTerm>
<LocList>
<Loc EndOffset="2678" SrcFileId="4" StartOffset="2676"/>
</LocList>
</OpTerm>
</RootTerm>
</CondStmnt>
</StmntSeq>
</Branch>
<Keyword EndOffset="2612" SrcFileId="4" StartOffset="2610"/>
<LocList>
<Loc EndOffset="2949" SrcFileId="4" StartOffset="2610"/>
</LocList>
<RootTerm CovItemId="C5" CovItemPrefix="com.aconex.coding.challenge.NumberToAlphaConverter.java" Intrnl_Id="297">
<OpTerm BooleanOpId="11" Intrnl_Id="298">
<BasicBoolTerm Intrnl_Id="299">
<LocList>
<Loc EndOffset="2623" SrcFileId="4" StartOffset="2613"/>
</LocList>
</BasicBoolTerm>
<BasicBoolTerm Intrnl_Id="300">
<LocList>
<Loc EndOffset="2635" SrcFileId="4" StartOffset="2625"/>
</LocList>
</BasicBoolTerm>
<LocList>
<Loc EndOffset="2625" SrcFileId="4" StartOffset="2623"/>
</LocList>
</OpTerm>
</RootTerm>
</CondStmnt>
</StmntSeq>
</Branch>
<Keyword EndOffset="2559" SrcFileId="4" StartOffset="2557"/>
<LocList>
<Loc EndOffset="2949" SrcFileId="4" StartOffset="2557"/>
</LocList>
<RootTerm CovItemId="C4" CovItemPrefix="com.aconex.coding.challenge.NumberToAlphaConverter.java" Intrnl_Id="301">
<OpTerm BooleanOpId="11" Intrnl_Id="302">
<BasicBoolTerm Intrnl_Id="303">
<LocList>
<Loc EndOffset="2570" SrcFileId="4" StartOffset="2560"/>
</LocList>
</BasicBoolTerm>
<BasicBoolTerm Intrnl_Id="304">
<LocList>
<Loc EndOffset="2582" SrcFileId="4" StartOffset="2572"/>
</LocList>
</BasicBoolTerm>
<LocList>
<Loc EndOffset="2572" SrcFileId="4" StartOffset="2570"/>
</LocList>
</OpTerm>
</RootTerm>
</CondStmnt>
</StmntSeq>
</HierarchyLvl>
<HierarchyLvl HierarchyLvlId="17" HierarchyLvlTypeId="15" Intrnl_Id="305" Name="replaceStringWithDigit">
<Header>
<Loc EndOffset="3023" SrcFileId="4" StartOffset="2962"/>
</Header>
<LocList>
<Loc EndOffset="3842" SrcFileId="4" StartOffset="2962"/>
</LocList>
<StmntSeq Intrnl_Id="306">
<LocList>
<Loc EndOffset="3071" SrcFileId="4" StartOffset="3028"/>
<Loc EndOffset="3664" SrcFileId="4" StartOffset="3075"/>
<Loc EndOffset="3838" SrcFileId="4" StartOffset="3824"/>
</LocList>
<BasicStmnt CovItemId="S72" CovItemPrefix="com.aconex.coding.challenge.NumberToAlphaConverter.java" Intrnl_Id="307">
<LocList>
<Loc EndOffset="3071" SrcFileId="4" StartOffset="3028"/>
</LocList>
</BasicStmnt>
<LoopStmnt CovItemId="S73" CovItemPrefix="com.aconex.coding.challenge.NumberToAlphaConverter.java" Intrnl_Id="308" MltplExecId="L2-2" MltplExecPrefix="com.aconex.coding.challenge.NumberToAlphaConverter.java" NvrExecId="L2-0" NvrExecPrefix="com.aconex.coding.challenge.NumberToAlphaConverter.java" OnceExecutedId="L2-1" OnceExecutedPrefix="com.aconex.coding.challenge.NumberToAlphaConverter.java" OptBodyExec="true">
<StmntSeq Intrnl_Id="309">
<LocList>
<Loc EndOffset="3659" SrcFileId="4" StartOffset="3114"/>
</LocList>
<CondStmnt CovItemId="S74" CovItemPrefix="com.aconex.coding.challenge.NumberToAlphaConverter.java" Intrnl_Id="310">
<Branch CovItemId="B19" CovItemPrefix="com.aconex.coding.challenge.NumberToAlphaConverter.java" Implct="false" Intrnl_Id="311">
<Cond/>
<LocList>
<Loc EndOffset="3287" SrcFileId="4" StartOffset="3122"/>
</LocList>
<StmntSeq Intrnl_Id="312">
<LocList>
<Loc EndOffset="3162" SrcFileId="4" StartOffset="3129"/>
<Loc EndOffset="3281" SrcFileId="4" StartOffset="3168"/>
</LocList>
<BasicStmnt CovItemId="S75" CovItemPrefix="com.aconex.coding.challenge.NumberToAlphaConverter.java" Intrnl_Id="313">
<LocList>
<Loc EndOffset="3162" SrcFileId="4" StartOffset="3129"/>
</LocList>
</BasicStmnt>
<CondStmnt CovItemId="S76" CovItemPrefix="com.aconex.coding.challenge.NumberToAlphaConverter.java" Intrnl_Id="314">
<Branch CovItemId="B21" CovItemPrefix="com.aconex.coding.challenge.NumberToAlphaConverter.java" Implct="false" Intrnl_Id="315">
<Cond/>
<LocList>
<Loc EndOffset="3281" SrcFileId="4" StartOffset="3221"/>
</LocList>
<StmntSeq Intrnl_Id="316">
<LocList>
<Loc EndOffset="3274" SrcFileId="4" StartOffset="3229"/>
</LocList>
<BasicStmnt CovItemId="S77" CovItemPrefix="com.aconex.coding.challenge.NumberToAlphaConverter.java" Intrnl_Id="317">
<LocList>
<Loc EndOffset="3274" SrcFileId="4" StartOffset="3229"/>
</LocList>
</BasicStmnt>
</StmntSeq>
</Branch>
<Branch CovItemId="B22" CovItemPrefix="com.aconex.coding.challenge.NumberToAlphaConverter.java" Implct="true" Intrnl_Id="318">
<Cond/>
<LocList/>
<StmntSeq Intrnl_Id="319">
<LocList/>
</StmntSeq>
</Branch>
<Keyword EndOffset="3170" SrcFileId="4" StartOffset="3168"/>
<LocList>
<Loc EndOffset="3281" SrcFileId="4" StartOffset="3168"/>
</LocList>
<RootTerm CovItemId="C13" CovItemPrefix="com.aconex.coding.challenge.NumberToAlphaConverter.java" Intrnl_Id="320">
<BasicBoolTerm Intrnl_Id="321">
<LocList>
<Loc EndOffset="3220" SrcFileId="4" StartOffset="3171"/>
</LocList>
</BasicBoolTerm>
</RootTerm>
</CondStmnt>
</StmntSeq>
</Branch>
<Branch CovItemId="B20" CovItemPrefix="com.aconex.coding.challenge.NumberToAlphaConverter.java" Implct="false" Intrnl_Id="322">
<Cond>
<Loc EndOffset="3296" SrcFileId="4" StartOffset="3292"/>
</Cond>
<LocList>
<Loc EndOffset="3659" SrcFileId="4" StartOffset="3296"/>
</LocList>
<StmntSeq Intrnl_Id="323">
<LocList>
<Loc EndOffset="3336" SrcFileId="4" StartOffset="3303"/>
<Loc EndOffset="3653" SrcFileId="4" StartOffset="3384"/>
</LocList>
<BasicStmnt CovItemId="S78" CovItemPrefix="com.aconex.coding.challenge.NumberToAlphaConverter.java" Intrnl_Id="324">
<LocList>
<Loc EndOffset="3336" SrcFileId="4" StartOffset="3303"/>
</LocList>
</BasicStmnt>
<CondStmnt CovItemId="S79" CovItemPrefix="com.aconex.coding.challenge.NumberToAlphaConverter.java" Intrnl_Id="325">
<Branch CovItemId="B23" CovItemPrefix="com.aconex.coding.challenge.NumberToAlphaConverter.java" Implct="false" Intrnl_Id="326">
<Cond/>
<LocList>
<Loc EndOffset="3653" SrcFileId="4" StartOffset="3430"/>
</LocList>
<StmntSeq Intrnl_Id="327">
<LocList>
<Loc EndOffset="3472" SrcFileId="4" StartOffset="3438"/>
<Loc EndOffset="3646" SrcFileId="4" StartOffset="3524"/>
</LocList>
<BasicStmnt CovItemId="S80" CovItemPrefix="com.aconex.coding.challenge.NumberToAlphaConverter.java" Intrnl_Id="328">
<LocList>
<Loc EndOffset="3472" SrcFileId="4" StartOffset="3438"/>
</LocList>
</BasicStmnt>
<CondStmnt CovItemId="S81" CovItemPrefix="com.aconex.coding.challenge.NumberToAlphaConverter.java" Intrnl_Id="329">
<Branch CovItemId="B25" CovItemPrefix="com.aconex.coding.challenge.NumberToAlphaConverter.java" Implct="false" Intrnl_Id="330">
<Cond/>
<LocList>
<Loc EndOffset="3646" SrcFileId="4" StartOffset="3578"/>
</LocList>
<StmntSeq Intrnl_Id="331">
<LocList>
<Loc EndOffset="3638" SrcFileId="4" StartOffset="3587"/>
</LocList>
<BasicStmnt CovItemId="S82" CovItemPrefix="com.aconex.coding.challenge.NumberToAlphaConverter.java" Intrnl_Id="332">
<LocList>
<Loc EndOffset="3638" SrcFileId="4" StartOffset="3587"/>
</LocList>
</BasicStmnt>
</StmntSeq>
</Branch>
<Branch CovItemId="B26" CovItemPrefix="com.aconex.coding.challenge.NumberToAlphaConverter.java" Implct="true" Intrnl_Id="333">
<Cond/>
<LocList/>
<StmntSeq Intrnl_Id="334">
<LocList/>
</StmntSeq>
</Branch>
<Keyword EndOffset="3526" SrcFileId="4" StartOffset="3524"/>
<LocList>
<Loc EndOffset="3646" SrcFileId="4" StartOffset="3524"/>
</LocList>
<RootTerm CovItemId="C15" CovItemPrefix="com.aconex.coding.challenge.NumberToAlphaConverter.java" Intrnl_Id="335">
<BasicBoolTerm Intrnl_Id="336">
<LocList>
<Loc EndOffset="3577" SrcFileId="4" StartOffset="3527"/>
</LocList>
</BasicBoolTerm>
</RootTerm>
</CondStmnt>
</StmntSeq>
</Branch>
<Branch CovItemId="B24" CovItemPrefix="com.aconex.coding.challenge.NumberToAlphaConverter.java" Implct="true" Intrnl_Id="337">
<Cond/>
<LocList/>
<StmntSeq Intrnl_Id="338">
<LocList/>
</StmntSeq>
</Branch>
<Keyword EndOffset="3386" SrcFileId="4" StartOffset="3384"/>
<LocList>
<Loc EndOffset="3653" SrcFileId="4" StartOffset="3384"/>
</LocList>
<RootTerm CovItemId="C14" CovItemPrefix="com.aconex.coding.challenge.NumberToAlphaConverter.java" Intrnl_Id="339">
<BasicBoolTerm Intrnl_Id="340">
<LocList>
<Loc EndOffset="3429" SrcFileId="4" StartOffset="3387"/>
</LocList>
</BasicBoolTerm>
</RootTerm>
</CondStmnt>
</StmntSeq>
</Branch>
<Keyword EndOffset="3116" SrcFileId="4" StartOffset="3114"/>
<LocList>
<Loc EndOffset="3659" SrcFileId="4" StartOffset="3114"/>
</LocList>
<RootTerm CovItemId="C12" CovItemPrefix="com.aconex.coding.challenge.NumberToAlphaConverter.java" Intrnl_Id="341">
<BasicBoolTerm Intrnl_Id="342">
<LocList>
<Loc EndOffset="3121" SrcFileId="4" StartOffset="3117"/>
</LocList>
</BasicBoolTerm>
</RootTerm>
</CondStmnt>
</StmntSeq>
<Keyword EndOffset="3078" SrcFileId="4" StartOffset="3075"/>
<LocList>
<Loc EndOffset="3664" SrcFileId="4" StartOffset="3075"/>
</LocList>
<RootTerm CovItemId="C11" CovItemPrefix="com.aconex.coding.challenge.NumberToAlphaConverter.java" Intrnl_Id="343">
<BasicBoolTerm Intrnl_Id="344">
<LocList>
<Loc EndOffset="3103" SrcFileId="4" StartOffset="3087"/>
</LocList>
</BasicBoolTerm>
</RootTerm>
</LoopStmnt>
<BasicStmnt CovItemId="S83" CovItemPrefix="com.aconex.coding.challenge.NumberToAlphaConverter.java" Intrnl_Id="345">
<LocList>
<Loc EndOffset="3838" SrcFileId="4" StartOffset="3824"/>
</LocList>
</BasicStmnt>
</StmntSeq>
</HierarchyLvl>
<HierarchyLvl HierarchyLvlId="18" HierarchyLvlTypeId="15" Intrnl_Id="346" Name="addToSet">
<Header>
<Loc EndOffset="3966" SrcFileId="4" StartOffset="3848"/>
</Header>
<LocList>
<Loc EndOffset="5942" SrcFileId="4" StartOffset="3848"/>
</LocList>
<StmntSeq Intrnl_Id="347">
<LocList>
<Loc EndOffset="4023" SrcFileId="4" StartOffset="3971"/>
<Loc EndOffset="5911" SrcFileId="4" StartOffset="4027"/>
<Loc EndOffset="5938" SrcFileId="4" StartOffset="5915"/>
</LocList>
<BasicStmnt CovItemId="S84" CovItemPrefix="com.aconex.coding.challenge.NumberToAlphaConverter.java" Intrnl_Id="348">
<LocList>
<Loc EndOffset="4023" SrcFileId="4" StartOffset="3971"/>
</LocList>
</BasicStmnt>
<CondStmnt CovItemId="S85" CovItemPrefix="com.aconex.coding.challenge.NumberToAlphaConverter.java" Intrnl_Id="349">
<Branch CovItemId="B27" CovItemPrefix="com.aconex.coding.challenge.NumberToAlphaConverter.java" Implct="false" Intrnl_Id="350">
<Cond/>
<LocList>
<Loc EndOffset="4346" SrcFileId="4" StartOffset="4048"/>
</LocList>
<StmntSeq Intrnl_Id="351">
<LocList>
<Loc EndOffset="4341" SrcFileId="4" StartOffset="4054"/>
</LocList>
<LoopStmnt CovItemId="S86" CovItemPrefix="com.aconex.coding.challenge.NumberToAlphaConverter.java" Intrnl_Id="352" MltplExecId="L3-2" MltplExecPrefix="com.aconex.coding.challenge.NumberToAlphaConverter.java" NvrExecId="L3-0" NvrExecPrefix="com.aconex.coding.challenge.NumberToAlphaConverter.java" OnceExecutedId="L3-1" OnceExecutedPrefix="com.aconex.coding.challenge.NumberToAlphaConverter.java" OptBodyExec="true">
<StmntSeq Intrnl_Id="353">
<LocList>
<Loc EndOffset="4151" SrcFileId="4" StartOffset="4098"/>
<Loc EndOffset="4207" SrcFileId="4" StartOffset="4157"/>
<Loc EndOffset="4335" SrcFileId="4" StartOffset="4213"/>
</LocList>
<BasicStmnt CovItemId="S87" CovItemPrefix="com.aconex.coding.challenge.NumberToAlphaConverter.java" Intrnl_Id="354">
<LocList>
<Loc EndOffset="4151" SrcFileId="4" StartOffset="4098"/>
</LocList>
</BasicStmnt>
<BasicStmnt CovItemId="S88" CovItemPrefix="com.aconex.coding.challenge.NumberToAlphaConverter.java" Intrnl_Id="355">
<LocList>
<Loc EndOffset="4207" SrcFileId="4" StartOffset="4157"/>
</LocList>
</BasicStmnt>
<CondStmnt CovItemId="S89" CovItemPrefix="com.aconex.coding.challenge.NumberToAlphaConverter.java" Intrnl_Id="356">
<Branch CovItemId="B29" CovItemPrefix="com.aconex.coding.challenge.NumberToAlphaConverter.java" Implct="false" Intrnl_Id="357">
<Cond/>
<LocList>
<Loc EndOffset="4335" SrcFileId="4" StartOffset="4276"/>
</LocList>
<StmntSeq Intrnl_Id="358">
<LocList>
<Loc EndOffset="4328" SrcFileId="4" StartOffset="4284"/>
</LocList>
<BasicStmnt CovItemId="S90" CovItemPrefix="com.aconex.coding.challenge.NumberToAlphaConverter.java" Intrnl_Id="359">
<LocList>
<Loc EndOffset="4328" SrcFileId="4" StartOffset="4284"/>
</LocList>
</BasicStmnt>
</StmntSeq>
</Branch>
<Branch CovItemId="B30" CovItemPrefix="com.aconex.coding.challenge.NumberToAlphaConverter.java" Implct="true" Intrnl_Id="360">
<Cond/>
<LocList/>
<StmntSeq Intrnl_Id="361">
<LocList/>
</StmntSeq>
</Branch>
<Keyword EndOffset="4215" SrcFileId="4" StartOffset="4213"/>
<LocList>
<Loc EndOffset="4335" SrcFileId="4" StartOffset="4213"/>
</LocList>
<RootTerm CovItemId="C17" CovItemPrefix="com.aconex.coding.challenge.NumberToAlphaConverter.java" Intrnl_Id="362">
<OpTerm BooleanOpId="12" Intrnl_Id="363">
<BasicBoolTerm Intrnl_Id="364">
<LocList>
<Loc EndOffset="4257" SrcFileId="4" StartOffset="4216"/>
</LocList>
</BasicBoolTerm>
<BasicBoolTerm Intrnl_Id="365">
<LocList>
<Loc EndOffset="4275" SrcFileId="4" StartOffset="4261"/>
</LocList>
</BasicBoolTerm>
<LocList>
<Loc EndOffset="4260" SrcFileId="4" StartOffset="4258"/>
</LocList>
</OpTerm>
</RootTerm>
</CondStmnt>
</StmntSeq>
<Keyword EndOffset="4057" SrcFileId="4" StartOffset="4054"/>
<LocList>
<Loc EndOffset="4341" SrcFileId="4" StartOffset="4054"/>
</LocList>
</LoopStmnt>
</StmntSeq>
</Branch>
<Branch CovItemId="B28" CovItemPrefix="com.aconex.coding.challenge.NumberToAlphaConverter.java" Implct="false" Intrnl_Id="366">
<Cond>
<Loc EndOffset="4354" SrcFileId="4" StartOffset="4350"/>
</Cond>
<LocList>
<Loc EndOffset="5911" SrcFileId="4" StartOffset="4355"/>
</LocList>
<StmntSeq Intrnl_Id="367">
<LocList>
<Loc EndOffset="5911" SrcFileId="4" StartOffset="4355"/>
</LocList>
<CondStmnt CovItemId="S91" CovItemPrefix="com.aconex.coding.challenge.NumberToAlphaConverter.java" Intrnl_Id="368">
<Branch CovItemId="B31" CovItemPrefix="com.aconex.coding.challenge.NumberToAlphaConverter.java" Implct="false" Intrnl_Id="369">
<Cond/>
<LocList>
<Loc EndOffset="5808" SrcFileId="4" StartOffset="4380"/>
</LocList>
<StmntSeq Intrnl_Id="370">
<LocList>
<Loc EndOffset="5803" SrcFileId="4" StartOffset="4386"/>
</LocList>
<LoopStmnt CovItemId="S92" CovItemPrefix="com.aconex.coding.challenge.NumberToAlphaConverter.java" Intrnl_Id="371" MltplExecId="L4-2" MltplExecPrefix="com.aconex.coding.challenge.NumberToAlphaConverter.java" NvrExecId="L4-0" NvrExecPrefix="com.aconex.coding.challenge.NumberToAlphaConverter.java" OnceExecutedId="L4-1" OnceExecutedPrefix="com.aconex.coding.challenge.NumberToAlphaConverter.java" OptBodyExec="true">
<StmntSeq Intrnl_Id="372">
<LocList>
<Loc EndOffset="4487" SrcFileId="4" StartOffset="4432"/>
<Loc EndOffset="4545" SrcFileId="4" StartOffset="4493"/>
<Loc EndOffset="5797" SrcFileId="4" StartOffset="4551"/>
</LocList>
<BasicStmnt CovItemId="S93" CovItemPrefix="com.aconex.coding.challenge.NumberToAlphaConverter.java" Intrnl_Id="373">
<LocList>
<Loc EndOffset="4487" SrcFileId="4" StartOffset="4432"/>
</LocList>
</BasicStmnt>
<BasicStmnt CovItemId="S94" CovItemPrefix="com.aconex.coding.challenge.NumberToAlphaConverter.java" Intrnl_Id="374">
<LocList>
<Loc EndOffset="4545" SrcFileId="4" StartOffset="4493"/>
</LocList>
</BasicStmnt>
<LoopStmnt CovItemId="S95" CovItemPrefix="com.aconex.coding.challenge.NumberToAlphaConverter.java" Intrnl_Id="375" MltplExecId="L5-2" MltplExecPrefix="com.aconex.coding.challenge.NumberToAlphaConverter.java" NvrExecId="L5-0" NvrExecPrefix="com.aconex.coding.challenge.NumberToAlphaConverter.java" OnceExecutedId="L5-1" OnceExecutedPrefix="com.aconex.coding.challenge.NumberToAlphaConverter.java" OptBodyExec="true">
<StmntSeq Intrnl_Id="376">
<LocList>
<Loc EndOffset="4624" SrcFileId="4" StartOffset="4587"/>
<Loc EndOffset="5790" SrcFileId="4" StartOffset="4631"/>
</LocList>
<BasicStmnt CovItemId="S96" CovItemPrefix="com.aconex.coding.challenge.NumberToAlphaConverter.java" Intrnl_Id="377">
<LocList>
<Loc EndOffset="4624" SrcFileId="4" StartOffset="4587"/>
</LocList>
</BasicStmnt>
<CondStmnt CovItemId="S97" CovItemPrefix="com.aconex.coding.challenge.NumberToAlphaConverter.java" Intrnl_Id="378">
<Branch CovItemId="B33" CovItemPrefix="com.aconex.coding.challenge.NumberToAlphaConverter.java" Implct="false" Intrnl_Id="379">
<Cond/>
<LocList>
<Loc EndOffset="4754" SrcFileId="4" StartOffset="4684"/>
</LocList>
<StmntSeq Intrnl_Id="380">
<LocList>
<Loc EndOffset="4746" SrcFileId="4" StartOffset="4693"/>
</LocList>
<BasicStmnt CovItemId="S98" CovItemPrefix="com.aconex.coding.challenge.NumberToAlphaConverter.java" Intrnl_Id="381">
<LocList>
<Loc EndOffset="4746" SrcFileId="4" StartOffset="4693"/>
</LocList>
</BasicStmnt>
</StmntSeq>
</Branch>
<Branch CovItemId="B34" CovItemPrefix="com.aconex.coding.challenge.NumberToAlphaConverter.java" Implct="false" Intrnl_Id="382">
<Cond>
<Loc EndOffset="4758" SrcFileId="4" StartOffset="4754"/>
</Cond>
<LocList>
<Loc EndOffset="5790" SrcFileId="4" StartOffset="4758"/>
</LocList>
<StmntSeq Intrnl_Id="383">
<LocList>
<Loc EndOffset="5310" SrcFileId="4" StartOffset="4767"/>
<Loc EndOffset="5369" SrcFileId="4" StartOffset="5318"/>
<Loc EndOffset="5782" SrcFileId="4" StartOffset="5377"/>
</LocList>
<CondStmnt CovItemId="S99" CovItemPrefix="com.aconex.coding.challenge.NumberToAlphaConverter.java" Intrnl_Id="384">
<Branch CovItemId="B35" CovItemPrefix="com.aconex.coding.challenge.NumberToAlphaConverter.java" Implct="false" Intrnl_Id="385">
<Cond/>
<LocList>
<Loc EndOffset="5310" SrcFileId="4" StartOffset="4961"/>
</LocList>
<StmntSeq Intrnl_Id="386">
<LocList>
<Loc EndOffset="4991" SrcFileId="4" StartOffset="4971"/>
<Loc EndOffset="5215" SrcFileId="4" StartOffset="5000"/>
<Loc EndOffset="5301" SrcFileId="4" StartOffset="5224"/>
</LocList>
<BasicStmnt CovItemId="S100" CovItemPrefix="com.aconex.coding.challenge.NumberToAlphaConverter.java" Intrnl_Id="387">
<LocList>
<Loc EndOffset="4991" SrcFileId="4" StartOffset="4971"/>
</LocList>
</BasicStmnt>
<CondStmnt CovItemId="S101" CovItemPrefix="com.aconex.coding.challenge.NumberToAlphaConverter.java" Intrnl_Id="388">
<Branch CovItemId="B37" CovItemPrefix="com.aconex.coding.challenge.NumberToAlphaConverter.java" Implct="false" Intrnl_Id="389">
<Cond/>
<LocList>
<Loc EndOffset="5215" SrcFileId="4" StartOffset="5084"/>
</LocList>
<StmntSeq Intrnl_Id="390">
<LocList>
<Loc EndOffset="5140" SrcFileId="4" StartOffset="5095"/>
<Loc EndOffset="5205" SrcFileId="4" StartOffset="5150"/>
</LocList>
<BasicStmnt CovItemId="S102" CovItemPrefix="com.aconex.coding.challenge.NumberToAlphaConverter.java" Intrnl_Id="391">
<LocList>
<Loc EndOffset="5140" SrcFileId="4" StartOffset="5095"/>
</LocList>
</BasicStmnt>
<CondStmnt CovItemId="S103" CovItemPrefix="com.aconex.coding.challenge.NumberToAlphaConverter.java" Intrnl_Id="392">
<Branch CovItemId="B39" CovItemPrefix="com.aconex.coding.challenge.NumberToAlphaConverter.java" Implct="false" Intrnl_Id="393">
<Cond/>
<LocList>
<Loc EndOffset="5205" SrcFileId="4" StartOffset="5169"/>
</LocList>
<StmntSeq Intrnl_Id="394">
<LocList>
<Loc EndOffset="5194" SrcFileId="4" StartOffset="5181"/>
</LocList>
<BasicStmnt CovItemId="S104" CovItemPrefix="com.aconex.coding.challenge.NumberToAlphaConverter.java" Intrnl_Id="395">
<LocList>
<Loc EndOffset="5194" SrcFileId="4" StartOffset="5181"/>
</LocList>
</BasicStmnt>
</StmntSeq>
</Branch>
<Branch CovItemId="B40" CovItemPrefix="com.aconex.coding.challenge.NumberToAlphaConverter.java" Implct="true" Intrnl_Id="396">
<Cond/>
<LocList/>
<StmntSeq Intrnl_Id="397">
<LocList/>
</StmntSeq>
</Branch>
<Keyword EndOffset="5152" SrcFileId="4" StartOffset="5150"/>
<LocList>
<Loc EndOffset="5205" SrcFileId="4" StartOffset="5150"/>
</LocList>
<RootTerm CovItemId="C22" CovItemPrefix="com.aconex.coding.challenge.NumberToAlphaConverter.java" Intrnl_Id="398">
<OpTerm BooleanOpId="11" Intrnl_Id="399">
<BasicBoolTerm Intrnl_Id="400">
<LocList>
<Loc EndOffset="5159" SrcFileId="4" StartOffset="5153"/>
</LocList>
</BasicBoolTerm>
<BasicBoolTerm Intrnl_Id="401">
<LocList>
<Loc EndOffset="5168" SrcFileId="4" StartOffset="5162"/>
</LocList>
</BasicBoolTerm>
<LocList>
<Loc EndOffset="5162" SrcFileId="4" StartOffset="5160"/>
</LocList>
</OpTerm>
</RootTerm>
</CondStmnt>
</StmntSeq>
</Branch>
<Branch CovItemId="B38" CovItemPrefix="com.aconex.coding.challenge.NumberToAlphaConverter.java" Implct="true" Intrnl_Id="402">
<Cond/>
<LocList/>
<StmntSeq Intrnl_Id="403">
<LocList/>
</StmntSeq>
</Branch>
<Keyword EndOffset="5002" SrcFileId="4" StartOffset="5000"/>
<LocList>
<Loc EndOffset="5215" SrcFileId="4" StartOffset="5000"/>
</LocList>
<RootTerm CovItemId="C21" CovItemPrefix="com.aconex.coding.challenge.NumberToAlphaConverter.java" Intrnl_Id="404">
<OpTerm BooleanOpId="11" Intrnl_Id="405">
<OpTerm BooleanOpId="11" Intrnl_Id="406">
<BasicBoolTerm Intrnl_Id="407">
<LocList>
<Loc EndOffset="5020" SrcFileId="4" StartOffset="5004"/>
</LocList>
</BasicBoolTerm>
<BasicBoolTerm Intrnl_Id="408">
<LocList>
<Loc EndOffset="5065" SrcFileId="4" StartOffset="5025"/>
</LocList>
</BasicBoolTerm>
<LocList>
<Loc EndOffset="5024" SrcFileId="4" StartOffset="5022"/>
</LocList>
</OpTerm>
<BasicBoolTerm Intrnl_Id="409">
<LocList>
<Loc EndOffset="5083" SrcFileId="4" StartOffset="5069"/>
</LocList>
</BasicBoolTerm>
<LocList>
<Loc EndOffset="5068" SrcFileId="4" StartOffset="5066"/>
</LocList>
</OpTerm>
</RootTerm>
</CondStmnt>
<CondStmnt CovItemId="S105" CovItemPrefix="com.aconex.coding.challenge.NumberToAlphaConverter.java" Intrnl_Id="410">
<Branch CovItemId="B41" CovItemPrefix="com.aconex.coding.challenge.NumberToAlphaConverter.java" Implct="false" Intrnl_Id="411">
<Cond/>
<LocList>
<Loc EndOffset="5301" SrcFileId="4" StartOffset="5232"/>
</LocList>
<StmntSeq Intrnl_Id="412">
<LocList>
<Loc EndOffset="5291" SrcFileId="4" StartOffset="5243"/>
</LocList>
<BasicStmnt CovItemId="S106" CovItemPrefix="com.aconex.coding.challenge.NumberToAlphaConverter.java" Intrnl_Id="413">
<LocList>
<Loc EndOffset="5291" SrcFileId="4" StartOffset="5243"/>
</LocList>
</BasicStmnt>
</StmntSeq>
</Branch>
<Branch CovItemId="B42" CovItemPrefix="com.aconex.coding.challenge.NumberToAlphaConverter.java" Implct="true" Intrnl_Id="414">
<Cond/>
<LocList/>
<StmntSeq Intrnl_Id="415">
<LocList/>
</StmntSeq>
</Branch>
<Keyword EndOffset="5226" SrcFileId="4" StartOffset="5224"/>
<LocList>
<Loc EndOffset="5301" SrcFileId="4" StartOffset="5224"/>
</LocList>
<RootTerm CovItemId="C23" CovItemPrefix="com.aconex.coding.challenge.NumberToAlphaConverter.java" Intrnl_Id="416">
<BasicBoolTerm Intrnl_Id="417">
<LocList>
<Loc EndOffset="5231" SrcFileId="4" StartOffset="5227"/>
</LocList>
</BasicBoolTerm>
</RootTerm>
</CondStmnt>
</StmntSeq>
</Branch>
<Branch CovItemId="B36" CovItemPrefix="com.aconex.coding.challenge.NumberToAlphaConverter.java" Implct="true" Intrnl_Id="418">
<Cond/>
<LocList/>
<StmntSeq Intrnl_Id="419">
<LocList/>
</StmntSeq>
</Branch>
<Keyword EndOffset="4769" SrcFileId="4" StartOffset="4767"/>
<LocList>
<Loc EndOffset="5310" SrcFileId="4" StartOffset="4767"/>
</LocList>
<RootTerm CovItemId="C20" CovItemPrefix="com.aconex.coding.challenge.NumberToAlphaConverter.java" Intrnl_Id="420">
<OpTerm BooleanOpId="12" Intrnl_Id="421">
<OpTerm BooleanOpId="11" Intrnl_Id="422">
<BasicBoolTerm Intrnl_Id="423">
<LocList>
<Loc EndOffset="4811" SrcFileId="4" StartOffset="4770"/>
</LocList>
</BasicBoolTerm>
<BasicBoolTerm Intrnl_Id="424">
<LocList>
<Loc EndOffset="4853" SrcFileId="4" StartOffset="4816"/>
</LocList>
</BasicBoolTerm>
<LocList>
<Loc EndOffset="4814" SrcFileId="4" StartOffset="4812"/>
</LocList>
</OpTerm>
<OpTerm BooleanOpId="11" Intrnl_Id="425">
<OpTerm BooleanOpId="11" Intrnl_Id="426">
<BasicBoolTerm Intrnl_Id="427">
<LocList>
<Loc EndOffset="4882" SrcFileId="4" StartOffset="4868"/>
</LocList>
</BasicBoolTerm>
<BasicBoolTerm Intrnl_Id="428">
<LocList>
<Loc EndOffset="4904" SrcFileId="4" StartOffset="4888"/>
</LocList>
</BasicBoolTerm>
<LocList>
<Loc EndOffset="4886" SrcFileId="4" StartOffset="4884"/>
</LocList>
</OpTerm>
<BasicBoolTerm Intrnl_Id="429">
<LocList>
<Loc EndOffset="4950" SrcFileId="4" StartOffset="4910"/>
</LocList>
</BasicBoolTerm>
<LocList>
<Loc EndOffset="4908" SrcFileId="4" StartOffset="4906"/>
</LocList>
</OpTerm>
<LocList>
<Loc EndOffset="4866" SrcFileId="4" StartOffset="4864"/>
</LocList>
</OpTerm>
</RootTerm>
</CondStmnt>
<BasicStmnt CovItemId="S107" CovItemPrefix="com.aconex.coding.challenge.NumberToAlphaConverter.java" Intrnl_Id="430">
<LocList>
<Loc EndOffset="5369" SrcFileId="4" StartOffset="5318"/>
</LocList>
</BasicStmnt>
<CondStmnt CovItemId="S108" CovItemPrefix="com.aconex.coding.challenge.NumberToAlphaConverter.java" Intrnl_Id="431">
<Branch CovItemId="B43" CovItemPrefix="com.aconex.coding.challenge.NumberToAlphaConverter.java" Implct="false" Intrnl_Id="432">
<Cond/>
<LocList>
<Loc EndOffset="5782" SrcFileId="4" StartOffset="5397"/>
</LocList>
<StmntSeq Intrnl_Id="433">
<LocList>
<Loc EndOffset="5773" SrcFileId="4" StartOffset="5407"/>
</LocList>
<LoopStmnt CovItemId="S109" CovItemPrefix="com.aconex.coding.challenge.NumberToAlphaConverter.java" Intrnl_Id="434" MltplExecId="L6-2" MltplExecPrefix="com.aconex.coding.challenge.NumberToAlphaConverter.java" NvrExecId="L6-0" NvrExecPrefix="com.aconex.coding.challenge.NumberToAlphaConverter.java" OnceExecutedId="L6-1" OnceExecutedPrefix="com.aconex.coding.challenge.NumberToAlphaConverter.java" OptBodyExec="true">
<StmntSeq Intrnl_Id="435">
<LocList>
<Loc EndOffset="5482" SrcFileId="4" StartOffset="5445"/>
<Loc EndOffset="5763" SrcFileId="4" StartOffset="5492"/>
</LocList>
<BasicStmnt CovItemId="S110" CovItemPrefix="com.aconex.coding.challenge.NumberToAlphaConverter.java" Intrnl_Id="436">
<LocList>
<Loc EndOffset="5482" SrcFileId="4" StartOffset="5445"/>
</LocList>
</BasicStmnt>
<CondStmnt CovItemId="S111" CovItemPrefix="com.aconex.coding.challenge.NumberToAlphaConverter.java" Intrnl_Id="437">
<Branch CovItemId="B45" CovItemPrefix="com.aconex.coding.challenge.NumberToAlphaConverter.java" Implct="false" Intrnl_Id="438">
<Cond/>
<LocList>
<Loc EndOffset="5763" SrcFileId="4" StartOffset="5559"/>
</LocList>
<StmntSeq Intrnl_Id="439">
<LocList>
<Loc EndOffset="5752" SrcFileId="4" StartOffset="5571"/>
</LocList>
<CondStmnt CovItemId="S112" CovItemPrefix="com.aconex.coding.challenge.NumberToAlphaConverter.java" Intrnl_Id="440">
<Branch CovItemId="B47" CovItemPrefix="com.aconex.coding.challenge.NumberToAlphaConverter.java" Implct="false" Intrnl_Id="441">
<Cond/>
<LocList>
<Loc EndOffset="5647" SrcFileId="4" StartOffset="5593"/>
</LocList>
<StmntSeq Intrnl_Id="442">
<LocList>
<Loc EndOffset="5635" SrcFileId="4" StartOffset="5606"/>
</LocList>
<BasicStmnt CovItemId="S113" CovItemPrefix="com.aconex.coding.challenge.NumberToAlphaConverter.java" Intrnl_Id="443">
<LocList>
<Loc EndOffset="5635" SrcFileId="4" StartOffset="5606"/>
</LocList>
</BasicStmnt>
</StmntSeq>
</Branch>
<Branch CovItemId="B48" CovItemPrefix="com.aconex.coding.challenge.NumberToAlphaConverter.java" Implct="false" Intrnl_Id="444">
<Cond>
<Loc EndOffset="5651" SrcFileId="4" StartOffset="5647"/>
</Cond>
<LocList>
<Loc EndOffset="5752" SrcFileId="4" StartOffset="5651"/>
</LocList>
<StmntSeq Intrnl_Id="445">
<LocList>
<Loc EndOffset="5740" SrcFileId="4" StartOffset="5664"/>
</LocList>
<BasicStmnt CovItemId="S114" CovItemPrefix="com.aconex.coding.challenge.NumberToAlphaConverter.java" Intrnl_Id="446">
<LocList>
<Loc EndOffset="5740" SrcFileId="4" StartOffset="5664"/>
</LocList>
</BasicStmnt>
</StmntSeq>
</Branch>
<Keyword EndOffset="5573" SrcFileId="4" StartOffset="5571"/>
<LocList>
<Loc EndOffset="5752" SrcFileId="4" StartOffset="5571"/>
</LocList>
<RootTerm CovItemId="C26" CovItemPrefix="com.aconex.coding.challenge.NumberToAlphaConverter.java" Intrnl_Id="447">
<BasicBoolTerm Intrnl_Id="448">
<LocList>
<Loc EndOffset="5592" SrcFileId="4" StartOffset="5574"/>
</LocList>
</BasicBoolTerm>
</RootTerm>
</CondStmnt>
</StmntSeq>
</Branch>
<Branch CovItemId="B46" CovItemPrefix="com.aconex.coding.challenge.NumberToAlphaConverter.java" Implct="true" Intrnl_Id="449">
<Cond/>
<LocList/>
<StmntSeq Intrnl_Id="450">
<LocList/>
</StmntSeq>
</Branch>
<Keyword EndOffset="5494" SrcFileId="4" StartOffset="5492"/>
<LocList>
<Loc EndOffset="5763" SrcFileId="4" StartOffset="5492"/>
</LocList>
<RootTerm CovItemId="C25" CovItemPrefix="com.aconex.coding.challenge.NumberToAlphaConverter.java" Intrnl_Id="451">
<OpTerm BooleanOpId="12" Intrnl_Id="452">
<OpTerm BooleanOpId="10" Intrnl_Id="453">
<OpTerm BooleanOpId="11" Intrnl_Id="454">
<BasicBoolTerm Intrnl_Id="455">
<LocList>
<Loc EndOffset="5515" SrcFileId="4" StartOffset="5497"/>
</LocList>
</BasicBoolTerm>
<BasicBoolTerm Intrnl_Id="456">
<LocList>
<Loc EndOffset="5535" SrcFileId="4" StartOffset="5519"/>
</LocList>
</BasicBoolTerm>
<LocList>
<Loc EndOffset="5518" SrcFileId="4" StartOffset="5516"/>
</LocList>
</OpTerm>
<LocList>
<Loc EndOffset="5496" SrcFileId="4" StartOffset="5495"/>
</LocList>
</OpTerm>
<BasicBoolTerm Intrnl_Id="457">
<LocList>
<Loc EndOffset="5558" SrcFileId="4" StartOffset="5540"/>
</LocList>
</BasicBoolTerm>
<LocList>
<Loc EndOffset="5539" SrcFileId="4" StartOffset="5537"/>
</LocList>
</OpTerm>
</RootTerm>
</CondStmnt>
</StmntSeq>
<Keyword EndOffset="5410" SrcFileId="4" StartOffset="5407"/>
<LocList>
<Loc EndOffset="5773" SrcFileId="4" StartOffset="5407"/>
</LocList>
</LoopStmnt>
</StmntSeq>
</Branch>
<Branch CovItemId="B44" CovItemPrefix="com.aconex.coding.challenge.NumberToAlphaConverter.java" Implct="true" Intrnl_Id="458">
<Cond/>
<LocList/>
<StmntSeq Intrnl_Id="459">
<LocList/>
</StmntSeq>
</Branch>
<Keyword EndOffset="5379" SrcFileId="4" StartOffset="5377"/>
<LocList>
<Loc EndOffset="5782" SrcFileId="4" StartOffset="5377"/>
</LocList>
<RootTerm CovItemId="C24" CovItemPrefix="com.aconex.coding.challenge.NumberToAlphaConverter.java" Intrnl_Id="460">
<BasicBoolTerm Intrnl_Id="461">
<LocList>
<Loc EndOffset="5396" SrcFileId="4" StartOffset="5380"/>
</LocList>
</BasicBoolTerm>
</RootTerm>
</CondStmnt>
</StmntSeq>
</Branch>
<Keyword EndOffset="4633" SrcFileId="4" StartOffset="4631"/>
<LocList>
<Loc EndOffset="5790" SrcFileId="4" StartOffset="4631"/>
</LocList>
<RootTerm CovItemId="C19" CovItemPrefix="com.aconex.coding.challenge.NumberToAlphaConverter.java" Intrnl_Id="462">
<BasicBoolTerm Intrnl_Id="463">
<LocList>
<Loc EndOffset="4683" SrcFileId="4" StartOffset="4634"/>
</LocList>
</BasicBoolTerm>
</RootTerm>
</CondStmnt>
</StmntSeq>
<Keyword EndOffset="4554" SrcFileId="4" StartOffset="4551"/>
<LocList>
<Loc EndOffset="5797" SrcFileId="4" StartOffset="4551"/>
</LocList>
</LoopStmnt>
</StmntSeq>
<Keyword EndOffset="4389" SrcFileId="4" StartOffset="4386"/>
<LocList>
<Loc EndOffset="5803" SrcFileId="4" StartOffset="4386"/>
</LocList>
</LoopStmnt>
</StmntSeq>
</Branch>
<Branch CovItemId="B32" CovItemPrefix="com.aconex.coding.challenge.NumberToAlphaConverter.java" Implct="false" Intrnl_Id="464">
<Cond>
<Loc EndOffset="5812" SrcFileId="4" StartOffset="5808"/>
</Cond>
<LocList>
<Loc EndOffset="5911" SrcFileId="4" StartOffset="5813"/>
</LocList>
<StmntSeq Intrnl_Id="465">
<LocList>
<Loc EndOffset="5911" SrcFileId="4" StartOffset="5813"/>
</LocList>
<CondStmnt CovItemId="S115" CovItemPrefix="com.aconex.coding.challenge.NumberToAlphaConverter.java" Intrnl_Id="466">
<Branch CovItemId="B49" CovItemPrefix="com.aconex.coding.challenge.NumberToAlphaConverter.java" Implct="false" Intrnl_Id="467">
<Cond/>
<LocList>
<Loc EndOffset="5911" SrcFileId="4" StartOffset="5829"/>
</LocList>
<StmntSeq Intrnl_Id="468">
<LocList>
<Loc EndOffset="5906" SrcFileId="4" StartOffset="5835"/>
</LocList>
<LoopStmnt CovItemId="S116" CovItemPrefix="com.aconex.coding.challenge.NumberToAlphaConverter.java" Intrnl_Id="469" MltplExecId="L7-2" MltplExecPrefix="com.aconex.coding.challenge.NumberToAlphaConverter.java" NvrExecId="L7-0" NvrExecPrefix="com.aconex.coding.challenge.NumberToAlphaConverter.java" OnceExecutedId="L7-1" OnceExecutedPrefix="com.aconex.coding.challenge.NumberToAlphaConverter.java" OptBodyExec="true">
<StmntSeq Intrnl_Id="470">
<LocList>
<Loc EndOffset="5900" SrcFileId="4" StartOffset="5868"/>
</LocList>
<BasicStmnt CovItemId="S117" CovItemPrefix="com.aconex.coding.challenge.NumberToAlphaConverter.java" Intrnl_Id="471">
<LocList>
<Loc EndOffset="5900" SrcFileId="4" StartOffset="5868"/>
</LocList>
</BasicStmnt>
</StmntSeq>
<Keyword EndOffset="5838" SrcFileId="4" StartOffset="5835"/>
<LocList>
<Loc EndOffset="5906" SrcFileId="4" StartOffset="5835"/>
</LocList>
</LoopStmnt>
</StmntSeq>
</Branch>
<Branch CovItemId="B50" CovItemPrefix="com.aconex.coding.challenge.NumberToAlphaConverter.java" Implct="true" Intrnl_Id="472">
<Cond/>
<LocList/>
<StmntSeq Intrnl_Id="473">
<LocList/>
</StmntSeq>
</Branch>
<Keyword EndOffset="5815" SrcFileId="4" StartOffset="5813"/>
<LocList>
<Loc EndOffset="5911" SrcFileId="4" StartOffset="5813"/>
</LocList>
<RootTerm CovItemId="C27" CovItemPrefix="com.aconex.coding.challenge.NumberToAlphaConverter.java" Intrnl_Id="474">
<BasicBoolTerm Intrnl_Id="475">
<LocList>
<Loc EndOffset="5828" SrcFileId="4" StartOffset="5816"/>
</LocList>
</BasicBoolTerm>
</RootTerm>
</CondStmnt>
</StmntSeq>
</Branch>
<Keyword EndOffset="4357" SrcFileId="4" StartOffset="4355"/>
<LocList>
<Loc EndOffset="5911" SrcFileId="4" StartOffset="4355"/>
</LocList>
<RootTerm CovItemId="C18" CovItemPrefix="com.aconex.coding.challenge.NumberToAlphaConverter.java" Intrnl_Id="476">
<BasicBoolTerm Intrnl_Id="477">
<LocList>
<Loc EndOffset="4379" SrcFileId="4" StartOffset="4358"/>
</LocList>
</BasicBoolTerm>
</RootTerm>
</CondStmnt>
</StmntSeq>
</Branch>
<Keyword EndOffset="4029" SrcFileId="4" StartOffset="4027"/>
<LocList>
<Loc EndOffset="5911" SrcFileId="4" StartOffset="4027"/>
</LocList>
<RootTerm CovItemId="C16" CovItemPrefix="com.aconex.coding.challenge.NumberToAlphaConverter.java" Intrnl_Id="478">
<BasicBoolTerm Intrnl_Id="479">
<LocList>
<Loc EndOffset="4047" SrcFileId="4" StartOffset="4030"/>
</LocList>
</BasicBoolTerm>
</RootTerm>
</CondStmnt>
<BasicStmnt CovItemId="S118" CovItemPrefix="com.aconex.coding.challenge.NumberToAlphaConverter.java" Intrnl_Id="480">
<LocList>
<Loc EndOffset="5938" SrcFileId="4" StartOffset="5915"/>
</LocList>
</BasicStmnt>
</StmntSeq>
</HierarchyLvl>
<HierarchyLvl HierarchyLvlId="19" HierarchyLvlTypeId="15" Intrnl_Id="481" Name="convertToAlpha">
<Header>
<Loc EndOffset="6012" SrcFileId="4" StartOffset="5951"/>
</Header>
<LocList>
<Loc EndOffset="6674" SrcFileId="4" StartOffset="5951"/>
</LocList>
<StmntSeq Intrnl_Id="482">
<LocList>
<Loc EndOffset="6066" SrcFileId="4" StartOffset="6017"/>
<Loc EndOffset="6592" SrcFileId="4" StartOffset="6080"/>
<Loc EndOffset="6646" SrcFileId="4" StartOffset="6070"/>
<Loc EndOffset="6670" SrcFileId="4" StartOffset="6650"/>
</LocList>
<BasicStmnt CovItemId="S119" CovItemPrefix="com.aconex.coding.challenge.NumberToAlphaConverter.java" Intrnl_Id="483">
<LocList>
<Loc EndOffset="6066" SrcFileId="4" StartOffset="6017"/>
</LocList>
</BasicStmnt>
<LoopStmnt CovItemId="S121" CovItemPrefix="com.aconex.coding.challenge.NumberToAlphaConverter.java" Intrnl_Id="484" MltplExecId="L8-2" MltplExecPrefix="com.aconex.coding.challenge.NumberToAlphaConverter.java" NvrExecId="L8-0" NvrExecPrefix="com.aconex.coding.challenge.NumberToAlphaConverter.java" OnceExecutedId="L8-1" OnceExecutedPrefix="com.aconex.coding.challenge.NumberToAlphaConverter.java" OptBodyExec="true">
<StmntSeq Intrnl_Id="485">
<LocList>
<Loc EndOffset="6169" SrcFileId="4" StartOffset="6135"/>
<Loc EndOffset="6586" SrcFileId="4" StartOffset="6175"/>
</LocList>
<BasicStmnt CovItemId="S122" CovItemPrefix="com.aconex.coding.challenge.NumberToAlphaConverter.java" Intrnl_Id="486">
<LocList>
<Loc EndOffset="6169" SrcFileId="4" StartOffset="6135"/>
</LocList>
</BasicStmnt>
<CondStmnt CovItemId="S123" CovItemPrefix="com.aconex.coding.challenge.NumberToAlphaConverter.java" Intrnl_Id="487">
<Branch CovItemId="B52" CovItemPrefix="com.aconex.coding.challenge.NumberToAlphaConverter.java" Implct="false" Intrnl_Id="488">
<Cond/>
<LocList>
<Loc EndOffset="6586" SrcFileId="4" StartOffset="6231"/>
</LocList>
<StmntSeq Intrnl_Id="489">
<LocList>
<Loc EndOffset="6308" SrcFileId="4" StartOffset="6239"/>
<Loc EndOffset="6388" SrcFileId="4" StartOffset="6315"/>
<Loc EndOffset="6444" SrcFileId="4" StartOffset="6395"/>
</LocList>
<BasicStmnt CovItemId="S124" CovItemPrefix="com.aconex.coding.challenge.NumberToAlphaConverter.java" Intrnl_Id="490">
<LocList>
<Loc EndOffset="6308" SrcFileId="4" StartOffset="6239"/>
</LocList>
</BasicStmnt>
<BasicStmnt CovItemId="S125" CovItemPrefix="com.aconex.coding.challenge.NumberToAlphaConverter.java" Intrnl_Id="491">
<LocList>
<Loc EndOffset="6388" SrcFileId="4" StartOffset="6315"/>
</LocList>
</BasicStmnt>
<CondStmnt CovItemId="S126" CovItemPrefix="com.aconex.coding.challenge.NumberToAlphaConverter.java" Intrnl_Id="492">
<Branch CovItemId="B54" CovItemPrefix="com.aconex.coding.challenge.NumberToAlphaConverter.java" Implct="false" Intrnl_Id="493">
<Cond/>
<LocList>
<Loc EndOffset="6444" SrcFileId="4" StartOffset="6421"/>
</LocList>
<StmntSeq Intrnl_Id="494">
<LocList>
<Loc EndOffset="6436" SrcFileId="4" StartOffset="6430"/>
</LocList>
<BasicStmnt CovItemId="S127" CovItemPrefix="com.aconex.coding.challenge.NumberToAlphaConverter.java" Intrnl_Id="495">
<LocList>
<Loc EndOffset="6436" SrcFileId="4" StartOffset="6430"/>
</LocList>
</BasicStmnt>
</StmntSeq>
</Branch>
<Branch CovItemId="B55" CovItemPrefix="com.aconex.coding.challenge.NumberToAlphaConverter.java" Implct="true" Intrnl_Id="496">
<Cond/>
<LocList/>
<StmntSeq Intrnl_Id="497">
<LocList/>
</StmntSeq>
</Branch>
<Keyword EndOffset="6397" SrcFileId="4" StartOffset="6395"/>
<LocList>
<Loc EndOffset="6444" SrcFileId="4" StartOffset="6395"/>
</LocList>
<RootTerm CovItemId="C30" CovItemPrefix="com.aconex.coding.challenge.NumberToAlphaConverter.java" Intrnl_Id="498">
<BasicBoolTerm Intrnl_Id="499">
<LocList>
<Loc EndOffset="6420" SrcFileId="4" StartOffset="6398"/>
</LocList>
</BasicBoolTerm>
</RootTerm>
</CondStmnt>
</StmntSeq>
</Branch>
<Branch CovItemId="B53" CovItemPrefix="com.aconex.coding.challenge.NumberToAlphaConverter.java" Implct="true" Intrnl_Id="500">
<Cond/>
<LocList/>
<StmntSeq Intrnl_Id="501">
<LocList/>
</StmntSeq>
</Branch>
<Keyword EndOffset="6177" SrcFileId="4" StartOffset="6175"/>
<LocList>
<Loc EndOffset="6586" SrcFileId="4" StartOffset="6175"/>
</LocList>
<RootTerm CovItemId="C29" CovItemPrefix="com.aconex.coding.challenge.NumberToAlphaConverter.java" Intrnl_Id="502">
<BasicBoolTerm Intrnl_Id="503">
<LocList>
<Loc EndOffset="6230" SrcFileId="4" StartOffset="6178"/>
</LocList>
</BasicBoolTerm>
</RootTerm>
</CondStmnt>
</StmntSeq>
<Keyword EndOffset="6083" SrcFileId="4" StartOffset="6080"/>
<LocList>
<Loc EndOffset="6592" SrcFileId="4" StartOffset="6080"/>
</LocList>
<RootTerm CovItemId="C28" CovItemPrefix="com.aconex.coding.challenge.NumberToAlphaConverter.java" Intrnl_Id="504">
<BasicBoolTerm Intrnl_Id="505">
<LocList>
<Loc EndOffset="6119" SrcFileId="4" StartOffset="6098"/>
</LocList>
</BasicBoolTerm>
</RootTerm>
</LoopStmnt>
<CondStmnt CovItemId="S120" CovItemPrefix="com.aconex.coding.challenge.NumberToAlphaConverter.java" Intrnl_Id="506">
<Branch CovItemId="B51" CovItemPrefix="com.aconex.coding.challenge.NumberToAlphaConverter.java" Implct="true" Intrnl_Id="507">
<Cond/>
<LocList/>
<StmntSeq Intrnl_Id="508">
<LocList/>
</StmntSeq>
</Branch>
<Branch CovItemId="B56" CovItemPrefix="com.aconex.coding.challenge.NumberToAlphaConverter.java" Implct="false" Intrnl_Id="509">
<Cond>
<Loc EndOffset="6615" SrcFileId="4" StartOffset="6597"/>
</Cond>
<LocList>
<Loc EndOffset="6646" SrcFileId="4" StartOffset="6615"/>
</LocList>
<StmntSeq Intrnl_Id="510">
<LocList>
<Loc EndOffset="6641" SrcFileId="4" StartOffset="6621"/>
</LocList>
<BasicStmnt CovItemId="S128" CovItemPrefix="com.aconex.coding.challenge.NumberToAlphaConverter.java" Intrnl_Id="511">
<LocList>
<Loc EndOffset="6641" SrcFileId="4" StartOffset="6621"/>
</LocList>
</BasicStmnt>
</StmntSeq>
</Branch>
<Keyword EndOffset="6073" SrcFileId="4" StartOffset="6070"/>
<LocList>
<Loc EndOffset="6646" SrcFileId="4" StartOffset="6070"/>
</LocList>
</CondStmnt>
<BasicStmnt CovItemId="S129" CovItemPrefix="com.aconex.coding.challenge.NumberToAlphaConverter.java" Intrnl_Id="512">
<LocList>
<Loc EndOffset="6670" SrcFileId="4" StartOffset="6650"/>
</LocList>
</BasicStmnt>
</StmntSeq>
</HierarchyLvl>
</HierarchyLvl>
<HierarchyLvl HierarchyLvlId="22" HierarchyLvlTypeId="14" Intrnl_Id="513" Name="Main">
<Header>
<Loc EndOffset="126" SrcFileId="5" StartOffset="109"/>
</Header>
<LocList>
<Loc EndOffset="1859" SrcFileId="5" StartOffset="109"/>
</LocList>
<HierarchyLvl HierarchyLvlId="21" HierarchyLvlTypeId="15" Intrnl_Id="514" Name="main">
<Header>
<Loc EndOffset="255" SrcFileId="5" StartOffset="217"/>
</Header>
<LocList>
<Loc EndOffset="1853" SrcFileId="5" StartOffset="217"/>
</LocList>
<StmntSeq Intrnl_Id="515">
<LocList>
<Loc EndOffset="289" SrcFileId="5" StartOffset="260"/>
<Loc EndOffset="326" SrcFileId="5" StartOffset="297"/>
<Loc EndOffset="359" SrcFileId="5" StartOffset="330"/>
<Loc EndOffset="400" SrcFileId="5" StartOffset="367"/>
<Loc EndOffset="436" SrcFileId="5" StartOffset="404"/>
<Loc EndOffset="779" SrcFileId="5" StartOffset="440"/>
<Loc EndOffset="892" SrcFileId="5" StartOffset="783"/>
<Loc EndOffset="1635" SrcFileId="5" StartOffset="900"/>
<Loc EndOffset="1688" SrcFileId="5" StartOffset="1639"/>
<Loc EndOffset="1724" SrcFileId="5" StartOffset="1692"/>
<Loc EndOffset="1770" SrcFileId="5" StartOffset="1728"/>
<Loc EndOffset="1803" SrcFileId="5" StartOffset="1774"/>
<Loc EndOffset="1849" SrcFileId="5" StartOffset="1807"/>
</LocList>
<BasicStmnt CovItemId="S1" CovItemPrefix="com.aconex.coding.challenge.Main.java" Intrnl_Id="516">
<LocList>
<Loc EndOffset="289" SrcFileId="5" StartOffset="260"/>
</LocList>
</BasicStmnt>
<BasicStmnt CovItemId="S2" CovItemPrefix="com.aconex.coding.challenge.Main.java" Intrnl_Id="517">
<LocList>
<Loc EndOffset="326" SrcFileId="5" StartOffset="297"/>
</LocList>
</BasicStmnt>
<BasicStmnt CovItemId="S3" CovItemPrefix="com.aconex.coding.challenge.Main.java" Intrnl_Id="518">
<LocList>
<Loc EndOffset="359" SrcFileId="5" StartOffset="330"/>
</LocList>
</BasicStmnt>
<BasicStmnt CovItemId="S4" CovItemPrefix="com.aconex.coding.challenge.Main.java" Intrnl_Id="519">
<LocList>
<Loc EndOffset="400" SrcFileId="5" StartOffset="367"/>
</LocList>
</BasicStmnt>
<BasicStmnt CovItemId="S5" CovItemPrefix="com.aconex.coding.challenge.Main.java" Intrnl_Id="520">
<LocList>
<Loc EndOffset="436" SrcFileId="5" StartOffset="404"/>
</LocList>
</BasicStmnt>
<LoopStmnt CovItemId="S6" CovItemPrefix="com.aconex.coding.challenge.Main.java" Intrnl_Id="521" MltplExecId="L1-2" MltplExecPrefix="com.aconex.coding.challenge.Main.java" NvrExecId="L1-0" NvrExecPrefix="com.aconex.coding.challenge.Main.java" OnceExecutedId="L1-1" OnceExecutedPrefix="com.aconex.coding.challenge.Main.java" OptBodyExec="true">
<StmntSeq Intrnl_Id="522">
<LocList>
<Loc EndOffset="513" SrcFileId="5" StartOffset="488"/>
<Loc EndOffset="774" SrcFileId="5" StartOffset="518"/>
</LocList>
<BasicStmnt CovItemId="S7" CovItemPrefix="com.aconex.coding.challenge.Main.java" Intrnl_Id="523">
<LocList>
<Loc EndOffset="513" SrcFileId="5" StartOffset="488"/>
</LocList>
</BasicStmnt>
<CondStmnt CovItemId="S8" CovItemPrefix="com.aconex.coding.challenge.Main.java" Intrnl_Id="524">
<Branch CovItemId="B1" CovItemPrefix="com.aconex.coding.challenge.Main.java" Implct="false" Intrnl_Id="525">
<Cond/>
<LocList>
<Loc EndOffset="774" SrcFileId="5" StartOffset="538"/>
</LocList>
<StmntSeq Intrnl_Id="526">
<LocList>
<Loc EndOffset="587" SrcFileId="5" StartOffset="556"/>
<Loc EndOffset="625" SrcFileId="5" StartOffset="594"/>
<Loc EndOffset="638" SrcFileId="5" StartOffset="632"/>
<Loc EndOffset="768" SrcFileId="5" StartOffset="545"/>
</LocList>
<BasicStmnt CovItemId="S10" CovItemPrefix="com.aconex.coding.challenge.Main.java" Intrnl_Id="527">
<LocList>
<Loc EndOffset="587" SrcFileId="5" StartOffset="556"/>
</LocList>
</BasicStmnt>
<BasicStmnt CovItemId="S11" CovItemPrefix="com.aconex.coding.challenge.Main.java" Intrnl_Id="528">
<LocList>
<Loc EndOffset="625" SrcFileId="5" StartOffset="594"/>
</LocList>
</BasicStmnt>
<BasicStmnt CovItemId="S12" CovItemPrefix="com.aconex.coding.challenge.Main.java" Intrnl_Id="529">
<LocList>
<Loc EndOffset="638" SrcFileId="5" StartOffset="632"/>
</LocList>
</BasicStmnt>
<CondStmnt CovItemId="S9" CovItemPrefix="com.aconex.coding.challenge.Main.java" Intrnl_Id="530">
<Branch CovItemId="B3" CovItemPrefix="com.aconex.coding.challenge.Main.java" Implct="true" Intrnl_Id="531">
<Cond/>
<LocList/>
<StmntSeq Intrnl_Id="532">
<LocList/>
</StmntSeq>
</Branch>
<Branch CovItemId="B4" CovItemPrefix="com.aconex.coding.challenge.Main.java" Implct="false" Intrnl_Id="533">
<Cond>
<Loc EndOffset="684" SrcFileId="5" StartOffset="645"/>
</Cond>
<LocList>
<Loc EndOffset="709" SrcFileId="5" StartOffset="684"/>
</LocList>
<StmntSeq Intrnl_Id="534">
<LocList/>
</StmntSeq>
</Branch>
<Branch CovItemId="B5" CovItemPrefix="com.aconex.coding.challenge.Main.java" Implct="false" Intrnl_Id="535">
<Cond>
<Loc EndOffset="733" SrcFileId="5" StartOffset="715"/>
</Cond>
<LocList>
<Loc EndOffset="768" SrcFileId="5" StartOffset="733"/>
</LocList>
<StmntSeq Intrnl_Id="536">
<LocList>
<Loc EndOffset="761" SrcFileId="5" StartOffset="741"/>
</LocList>
<BasicStmnt CovItemId="S13" CovItemPrefix="com.aconex.coding.challenge.Main.java" Intrnl_Id="537">
<LocList>
<Loc EndOffset="761" SrcFileId="5" StartOffset="741"/>
</LocList>
</BasicStmnt>
</StmntSeq>
</Branch>
<Keyword EndOffset="548" SrcFileId="5" StartOffset="545"/>
<LocList>
<Loc EndOffset="768" SrcFileId="5" StartOffset="545"/>
</LocList>
</CondStmnt>
</StmntSeq>
</Branch>
<Branch CovItemId="B2" CovItemPrefix="com.aconex.coding.challenge.Main.java" Implct="true" Intrnl_Id="538">
<Cond/>
<LocList/>
<StmntSeq Intrnl_Id="539">
<LocList/>
</StmntSeq>
</Branch>
<Keyword EndOffset="520" SrcFileId="5" StartOffset="518"/>
<LocList>
<Loc EndOffset="774" SrcFileId="5" StartOffset="518"/>
</LocList>
<RootTerm CovItemId="C2" CovItemPrefix="com.aconex.coding.challenge.Main.java" Intrnl_Id="540">
<BasicBoolTerm Intrnl_Id="541">
<LocList>
<Loc EndOffset="537" SrcFileId="5" StartOffset="521"/>
</LocList>
</BasicBoolTerm>
</RootTerm>
</CondStmnt>
</StmntSeq>
<Keyword EndOffset="443" SrcFileId="5" StartOffset="440"/>
<LocList>
<Loc EndOffset="779" SrcFileId="5" StartOffset="440"/>
</LocList>
<RootTerm CovItemId="C1" CovItemPrefix="com.aconex.coding.challenge.Main.java" Intrnl_Id="542">
<BasicBoolTerm Intrnl_Id="543">
<LocList>
<Loc EndOffset="473" SrcFileId="5" StartOffset="456"/>
</LocList>
</BasicBoolTerm>
</RootTerm>
</LoopStmnt>
<CondStmnt CovItemId="S14" CovItemPrefix="com.aconex.coding.challenge.Main.java" Intrnl_Id="544">
<Branch CovItemId="B6" CovItemPrefix="com.aconex.coding.challenge.Main.java" Implct="false" Intrnl_Id="545">
<Cond/>
<LocList>
<Loc EndOffset="892" SrcFileId="5" StartOffset="807"/>
</LocList>
<StmntSeq Intrnl_Id="546">
<LocList>
<Loc EndOffset="867" SrcFileId="5" StartOffset="813"/>
<Loc EndOffset="887" SrcFileId="5" StartOffset="872"/>
</LocList>
<BasicStmnt CovItemId="S15" CovItemPrefix="com.aconex.coding.challenge.Main.java" Intrnl_Id="547">
<LocList>
<Loc EndOffset="867" SrcFileId="5" StartOffset="813"/>
</LocList>
</BasicStmnt>
<BasicStmnt CovItemId="S16" CovItemPrefix="com.aconex.coding.challenge.Main.java" Intrnl_Id="548">
<LocList>
<Loc EndOffset="887" SrcFileId="5" StartOffset="872"/>
</LocList>
</BasicStmnt>
</StmntSeq>
</Branch>
<Branch CovItemId="B7" CovItemPrefix="com.aconex.coding.challenge.Main.java" Implct="true" Intrnl_Id="549">
<Cond/>
<LocList/>
<StmntSeq Intrnl_Id="550">
<LocList/>
</StmntSeq>
</Branch>
<Keyword EndOffset="785" SrcFileId="5" StartOffset="783"/>
<LocList>
<Loc EndOffset="892" SrcFileId="5" StartOffset="783"/>
</LocList>
<RootTerm CovItemId="C3" CovItemPrefix="com.aconex.coding.challenge.Main.java" Intrnl_Id="551">
<BasicBoolTerm Intrnl_Id="552">
<LocList>
<Loc EndOffset="806" SrcFileId="5" StartOffset="786"/>
</LocList>
</BasicBoolTerm>
</RootTerm>
</CondStmnt>
<CondStmnt CovItemId="S17" CovItemPrefix="com.aconex.coding.challenge.Main.java" Intrnl_Id="553">
<Branch CovItemId="B8" CovItemPrefix="com.aconex.coding.challenge.Main.java" Implct="false" Intrnl_Id="554">
<Cond/>
<LocList>
<Loc EndOffset="1074" SrcFileId="5" StartOffset="944"/>
</LocList>
<StmntSeq Intrnl_Id="555">
<LocList>
<Loc EndOffset="1069" SrcFileId="5" StartOffset="950"/>
</LocList>
<CondStmnt CovItemId="S18" CovItemPrefix="com.aconex.coding.challenge.Main.java" Intrnl_Id="556">
<Branch CovItemId="B10" CovItemPrefix="com.aconex.coding.challenge.Main.java" Implct="false" Intrnl_Id="557">
<Cond/>
<LocList>
<Loc EndOffset="1023" SrcFileId="5" StartOffset="981"/>
</LocList>
<StmntSeq Intrnl_Id="558">
<LocList>
<Loc EndOffset="1017" SrcFileId="5" StartOffset="988"/>
</LocList>
<BasicStmnt CovItemId="S19" CovItemPrefix="com.aconex.coding.challenge.Main.java" Intrnl_Id="559">
<LocList>
<Loc EndOffset="1017" SrcFileId="5" StartOffset="988"/>
</LocList>
</BasicStmnt>
</StmntSeq>
</Branch>
<Branch CovItemId="B11" CovItemPrefix="com.aconex.coding.challenge.Main.java" Implct="false" Intrnl_Id="560">
<Cond>
<Loc EndOffset="1027" SrcFileId="5" StartOffset="1023"/>
</Cond>
<LocList>
<Loc EndOffset="1069" SrcFileId="5" StartOffset="1027"/>
</LocList>
<StmntSeq Intrnl_Id="561">
<LocList>
<Loc EndOffset="1063" SrcFileId="5" StartOffset="1034"/>
</LocList>
<BasicStmnt CovItemId="S20" CovItemPrefix="com.aconex.coding.challenge.Main.java" Intrnl_Id="562">
<LocList>
<Loc EndOffset="1063" SrcFileId="5" StartOffset="1034"/>
</LocList>
</BasicStmnt>
</StmntSeq>
</Branch>
<Keyword EndOffset="952" SrcFileId="5" StartOffset="950"/>
<LocList>
<Loc EndOffset="1069" SrcFileId="5" StartOffset="950"/>
</LocList>
<RootTerm CovItemId="C5" CovItemPrefix="com.aconex.coding.challenge.Main.java" Intrnl_Id="563">
<BasicBoolTerm Intrnl_Id="564">
<LocList>
<Loc EndOffset="980" SrcFileId="5" StartOffset="953"/>
</LocList>
</BasicBoolTerm>
</RootTerm>
</CondStmnt>
</StmntSeq>
</Branch>
<Branch CovItemId="B9" CovItemPrefix="com.aconex.coding.challenge.Main.java" Implct="false" Intrnl_Id="565">
<Cond>
<Loc EndOffset="1078" SrcFileId="5" StartOffset="1074"/>
</Cond>
<LocList>
<Loc EndOffset="1635" SrcFileId="5" StartOffset="1079"/>
</LocList>
<StmntSeq Intrnl_Id="566">
<LocList>
<Loc EndOffset="1635" SrcFileId="5" StartOffset="1079"/>
</LocList>
<CondStmnt CovItemId="S21" CovItemPrefix="com.aconex.coding.challenge.Main.java" Intrnl_Id="567">
<Branch CovItemId="B12" CovItemPrefix="com.aconex.coding.challenge.Main.java" Implct="false" Intrnl_Id="568">
<Cond/>
<LocList>
<Loc EndOffset="1635" SrcFileId="5" StartOffset="1123"/>
</LocList>
<StmntSeq Intrnl_Id="569">
<LocList>
<Loc EndOffset="1173" SrcFileId="5" StartOffset="1129"/>
<Loc EndOffset="1227" SrcFileId="5" StartOffset="1188"/>
<Loc EndOffset="1266" SrcFileId="5" StartOffset="1233"/>
<Loc EndOffset="1311" SrcFileId="5" StartOffset="1272"/>
<Loc EndOffset="1368" SrcFileId="5" StartOffset="1178"/>
<Loc EndOffset="1503" SrcFileId="5" StartOffset="1382"/>
<Loc EndOffset="1624" SrcFileId="5" StartOffset="1509"/>
</LocList>
<BasicStmnt CovItemId="S22" CovItemPrefix="com.aconex.coding.challenge.Main.java" Intrnl_Id="570">
<LocList>
<Loc EndOffset="1173" SrcFileId="5" StartOffset="1129"/>
</LocList>
</BasicStmnt>
<BasicStmnt CovItemId="S24" CovItemPrefix="com.aconex.coding.challenge.Main.java" Intrnl_Id="571">
<LocList>
<Loc EndOffset="1227" SrcFileId="5" StartOffset="1188"/>
</LocList>
</BasicStmnt>
<BasicStmnt CovItemId="S25" CovItemPrefix="com.aconex.coding.challenge.Main.java" Intrnl_Id="572">
<LocList>
<Loc EndOffset="1266" SrcFileId="5" StartOffset="1233"/>
</LocList>
</BasicStmnt>
<BasicStmnt CovItemId="S26" CovItemPrefix="com.aconex.coding.challenge.Main.java" Intrnl_Id="573">
<LocList>
<Loc EndOffset="1311" SrcFileId="5" StartOffset="1272"/>
</LocList>
</BasicStmnt>
<CondStmnt CovItemId="S23" CovItemPrefix="com.aconex.coding.challenge.Main.java" Intrnl_Id="574">
<Branch CovItemId="B14" CovItemPrefix="com.aconex.coding.challenge.Main.java" Implct="true" Intrnl_Id="575">
<Cond/>
<LocList/>
<StmntSeq Intrnl_Id="576">
<LocList/>
</StmntSeq>
</Branch>
<Branch CovItemId="B15" CovItemPrefix="com.aconex.coding.challenge.Main.java" Implct="false" Intrnl_Id="577">
<Cond>
<Loc EndOffset="1335" SrcFileId="5" StartOffset="1317"/>
</Cond>
<LocList>
<Loc EndOffset="1368" SrcFileId="5" StartOffset="1335"/>
</LocList>
<StmntSeq Intrnl_Id="578">
<LocList>
<Loc EndOffset="1362" SrcFileId="5" StartOffset="1342"/>
</LocList>
<BasicStmnt CovItemId="S27" CovItemPrefix="com.aconex.coding.challenge.Main.java" Intrnl_Id="579">
<LocList>
<Loc EndOffset="1362" SrcFileId="5" StartOffset="1342"/>
</LocList>
</BasicStmnt>
</StmntSeq>
</Branch>
<Keyword EndOffset="1181" SrcFileId="5" StartOffset="1178"/>
<LocList>
<Loc EndOffset="1368" SrcFileId="5" StartOffset="1178"/>
</LocList>
</CondStmnt>
<CondStmnt CovItemId="S28" CovItemPrefix="com.aconex.coding.challenge.Main.java" Intrnl_Id="580">
<Branch CovItemId="B16" CovItemPrefix="com.aconex.coding.challenge.Main.java" Implct="false" Intrnl_Id="581">
<Cond/>
<LocList>
<Loc EndOffset="1503" SrcFileId="5" StartOffset="1398"/>
</LocList>
<StmntSeq Intrnl_Id="582">
<LocList>
<Loc EndOffset="1433" SrcFileId="5" StartOffset="1418"/>
<Loc EndOffset="1496" SrcFileId="5" StartOffset="1406"/>
</LocList>
<BasicStmnt CovItemId="S30" CovItemPrefix="com.aconex.coding.challenge.Main.java" Intrnl_Id="583">
<LocList>
<Loc EndOffset="1433" SrcFileId="5" StartOffset="1418"/>
</LocList>
</BasicStmnt>
<CondStmnt CovItemId="S29" CovItemPrefix="com.aconex.coding.challenge.Main.java" Intrnl_Id="584">
<Branch CovItemId="B18" CovItemPrefix="com.aconex.coding.challenge.Main.java" Implct="true" Intrnl_Id="585">
<Cond/>
<LocList/>
<StmntSeq Intrnl_Id="586">
<LocList/>
</StmntSeq>
</Branch>
<Branch CovItemId="B19" CovItemPrefix="com.aconex.coding.challenge.Main.java" Implct="false" Intrnl_Id="587">
<Cond>
<Loc EndOffset="1459" SrcFileId="5" StartOffset="1441"/>
</Cond>
<LocList>
<Loc EndOffset="1496" SrcFileId="5" StartOffset="1459"/>
</LocList>
<StmntSeq Intrnl_Id="588">
<LocList>
<Loc EndOffset="1488" SrcFileId="5" StartOffset="1468"/>
</LocList>
<BasicStmnt CovItemId="S31" CovItemPrefix="com.aconex.coding.challenge.Main.java" Intrnl_Id="589">
<LocList>
<Loc EndOffset="1488" SrcFileId="5" StartOffset="1468"/>
</LocList>
</BasicStmnt>
</StmntSeq>
</Branch>
<Keyword EndOffset="1409" SrcFileId="5" StartOffset="1406"/>
<LocList>
<Loc EndOffset="1496" SrcFileId="5" StartOffset="1406"/>
</LocList>
</CondStmnt>
</StmntSeq>
</Branch>
<Branch CovItemId="B17" CovItemPrefix="com.aconex.coding.challenge.Main.java" Implct="true" Intrnl_Id="590">
<Cond/>
<LocList/>
<StmntSeq Intrnl_Id="591">
<LocList/>
</StmntSeq>
</Branch>
<Keyword EndOffset="1384" SrcFileId="5" StartOffset="1382"/>
<LocList>
<Loc EndOffset="1503" SrcFileId="5" StartOffset="1382"/>
</LocList>
<RootTerm CovItemId="C7" CovItemPrefix="com.aconex.coding.challenge.Main.java" Intrnl_Id="592">
<BasicBoolTerm Intrnl_Id="593">
<LocList>
<Loc EndOffset="1397" SrcFileId="5" StartOffset="1385"/>
</LocList>
</BasicBoolTerm>
</RootTerm>
</CondStmnt>
<CondStmnt CovItemId="S32" CovItemPrefix="com.aconex.coding.challenge.Main.java" Intrnl_Id="594">
<Branch CovItemId="B20" CovItemPrefix="com.aconex.coding.challenge.Main.java" Implct="false" Intrnl_Id="595">
<Cond/>
<LocList>
<Loc EndOffset="1624" SrcFileId="5" StartOffset="1522"/>
</LocList>
<StmntSeq Intrnl_Id="596">
<LocList>
<Loc EndOffset="1554" SrcFileId="5" StartOffset="1542"/>
<Loc EndOffset="1617" SrcFileId="5" StartOffset="1530"/>
</LocList>
<BasicStmnt CovItemId="S34" CovItemPrefix="com.aconex.coding.challenge.Main.java" Intrnl_Id="597">
<LocList>
<Loc EndOffset="1554" SrcFileId="5" StartOffset="1542"/>
</LocList>
</BasicStmnt>
<CondStmnt CovItemId="S33" CovItemPrefix="com.aconex.coding.challenge.Main.java" Intrnl_Id="598">
<Branch CovItemId="B22" CovItemPrefix="com.aconex.coding.challenge.Main.java" Implct="true" Intrnl_Id="599">
<Cond/>
<LocList/>
<StmntSeq Intrnl_Id="600">
<LocList/>
</StmntSeq>
</Branch>
<Branch CovItemId="B23" CovItemPrefix="com.aconex.coding.challenge.Main.java" Implct="false" Intrnl_Id="601">
<Cond>
<Loc EndOffset="1580" SrcFileId="5" StartOffset="1562"/>
</Cond>
<LocList>
<Loc EndOffset="1617" SrcFileId="5" StartOffset="1580"/>
</LocList>
<StmntSeq Intrnl_Id="602">
<LocList>
<Loc EndOffset="1609" SrcFileId="5" StartOffset="1589"/>
</LocList>
<BasicStmnt CovItemId="S35" CovItemPrefix="com.aconex.coding.challenge.Main.java" Intrnl_Id="603">
<LocList>
<Loc EndOffset="1609" SrcFileId="5" StartOffset="1589"/>
</LocList>
</BasicStmnt>
</StmntSeq>
</Branch>
<Keyword EndOffset="1533" SrcFileId="5" StartOffset="1530"/>
<LocList>
<Loc EndOffset="1617" SrcFileId="5" StartOffset="1530"/>
</LocList>
</CondStmnt>
</StmntSeq>
</Branch>
<Branch CovItemId="B21" CovItemPrefix="com.aconex.coding.challenge.Main.java" Implct="true" Intrnl_Id="604">
<Cond/>
<LocList/>
<StmntSeq Intrnl_Id="605">
<LocList/>
</StmntSeq>
</Branch>
<Keyword EndOffset="1511" SrcFileId="5" StartOffset="1509"/>
<LocList>
<Loc EndOffset="1624" SrcFileId="5" StartOffset="1509"/>
</LocList>
<RootTerm CovItemId="C8" CovItemPrefix="com.aconex.coding.challenge.Main.java" Intrnl_Id="606">
<BasicBoolTerm Intrnl_Id="607">
<LocList>
<Loc EndOffset="1521" SrcFileId="5" StartOffset="1512"/>
</LocList>
</BasicBoolTerm>
</RootTerm>
</CondStmnt>
</StmntSeq>
</Branch>
<Branch CovItemId="B13" CovItemPrefix="com.aconex.coding.challenge.Main.java" Implct="true" Intrnl_Id="608">
<Cond/>
<LocList/>
<StmntSeq Intrnl_Id="609">
<LocList/>
</StmntSeq>
</Branch>
<Keyword EndOffset="1081" SrcFileId="5" StartOffset="1079"/>
<LocList>
<Loc EndOffset="1635" SrcFileId="5" StartOffset="1079"/>
</LocList>
<RootTerm CovItemId="C6" CovItemPrefix="com.aconex.coding.challenge.Main.java" Intrnl_Id="610">
<OpTerm BooleanOpId="11" Intrnl_Id="611">
<BasicBoolTerm Intrnl_Id="612">
<LocList>
<Loc EndOffset="1102" SrcFileId="5" StartOffset="1082"/>
</LocList>
</BasicBoolTerm>
<BasicBoolTerm Intrnl_Id="613">
<LocList>
<Loc EndOffset="1122" SrcFileId="5" StartOffset="1106"/>
</LocList>
</BasicBoolTerm>
<LocList>
<Loc EndOffset="1105" SrcFileId="5" StartOffset="1103"/>
</LocList>
</OpTerm>
</RootTerm>
</CondStmnt>
</StmntSeq>
</Branch>
<Keyword EndOffset="902" SrcFileId="5" StartOffset="900"/>
<LocList>
<Loc EndOffset="1635" SrcFileId="5" StartOffset="900"/>
</LocList>
<RootTerm CovItemId="C4" CovItemPrefix="com.aconex.coding.challenge.Main.java" Intrnl_Id="614">
<OpTerm BooleanOpId="11" Intrnl_Id="615">
<BasicBoolTerm Intrnl_Id="616">
<LocList>
<Loc EndOffset="923" SrcFileId="5" StartOffset="903"/>
</LocList>
</BasicBoolTerm>
<BasicBoolTerm Intrnl_Id="617">
<LocList>
<Loc EndOffset="943" SrcFileId="5" StartOffset="927"/>
</LocList>
</BasicBoolTerm>
<LocList>
<Loc EndOffset="926" SrcFileId="5" StartOffset="924"/>
</LocList>
</OpTerm>
</RootTerm>
</CondStmnt>
<BasicStmnt CovItemId="S36" CovItemPrefix="com.aconex.coding.challenge.Main.java" Intrnl_Id="618">
<LocList>
<Loc EndOffset="1688" SrcFileId="5" StartOffset="1639"/>
</LocList>
</BasicStmnt>
<BasicStmnt CovItemId="S37" CovItemPrefix="com.aconex.coding.challenge.Main.java" Intrnl_Id="619">
<LocList>
<Loc EndOffset="1724" SrcFileId="5" StartOffset="1692"/>
</LocList>
</BasicStmnt>
<BasicStmnt CovItemId="S38" CovItemPrefix="com.aconex.coding.challenge.Main.java" Intrnl_Id="620">
<LocList>
<Loc EndOffset="1770" SrcFileId="5" StartOffset="1728"/>
</LocList>
</BasicStmnt>
<BasicStmnt CovItemId="S39" CovItemPrefix="com.aconex.coding.challenge.Main.java" Intrnl_Id="621">
<LocList>
<Loc EndOffset="1803" SrcFileId="5" StartOffset="1774"/>
</LocList>
</BasicStmnt>
<BasicStmnt CovItemId="S40" CovItemPrefix="com.aconex.coding.challenge.Main.java" Intrnl_Id="622">
<LocList>
<Loc EndOffset="1849" SrcFileId="5" StartOffset="1807"/>
</LocList>
</BasicStmnt>
</StmntSeq>
</HierarchyLvl>
</HierarchyLvl>
<HierarchyLvl HierarchyLvlId="28" HierarchyLvlTypeId="14" Intrnl_Id="623" Name="Dictionary">
<Header>
<Loc EndOffset="197" SrcFileId="6" StartOffset="174"/>
</Header>
<LocList>
<Loc EndOffset="1515" SrcFileId="6" StartOffset="174"/>
</LocList>
<StmntSeq Intrnl_Id="624">
<LocList>
<Loc EndOffset="261" SrcFileId="6" StartOffset="204"/>
<Loc EndOffset="310" SrcFileId="6" StartOffset="270"/>
</LocList>
<BasicStmnt CovItemId="S1" CovItemPrefix="com.aconex.coding.challenge.Dictionary.java" Intrnl_Id="625">
<LocList>
<Loc EndOffset="261" SrcFileId="6" StartOffset="204"/>
</LocList>
</BasicStmnt>
<BasicStmnt CovItemId="S2" CovItemPrefix="com.aconex.coding.challenge.Dictionary.java" Intrnl_Id="626">
<LocList>
<Loc EndOffset="310" SrcFileId="6" StartOffset="270"/>
</LocList>
</BasicStmnt>
</StmntSeq>
<HierarchyLvl HierarchyLvlId="23" HierarchyLvlTypeId="15" Intrnl_Id="627" Name="Dictionary">
<Header>
<Loc EndOffset="336" SrcFileId="6" StartOffset="316"/>
</Header>
<LocList>
<Loc EndOffset="345" SrcFileId="6" StartOffset="316"/>
</LocList>
</HierarchyLvl>
<HierarchyLvl HierarchyLvlId="24" HierarchyLvlTypeId="15" Intrnl_Id="628" Name="getInstance">
<Header>
<Loc EndOffset="391" SrcFileId="6" StartOffset="353"/>
</Header>
<LocList>
<Loc EndOffset="471" SrcFileId="6" StartOffset="353"/>
</LocList>
<StmntSeq Intrnl_Id="629">
<LocList>
<Loc EndOffset="449" SrcFileId="6" StartOffset="396"/>
<Loc EndOffset="467" SrcFileId="6" StartOffset="453"/>
</LocList>
<CondStmnt CovItemId="S3" CovItemPrefix="com.aconex.coding.challenge.Dictionary.java" Intrnl_Id="630">
<Branch CovItemId="B1" CovItemPrefix="com.aconex.coding.challenge.Dictionary.java" Implct="false" Intrnl_Id="631">
<Cond/>
<LocList>
<Loc EndOffset="449" SrcFileId="6" StartOffset="412"/>
</LocList>
<StmntSeq Intrnl_Id="632">
<LocList>
<Loc EndOffset="444" SrcFileId="6" StartOffset="418"/>
</LocList>
<BasicStmnt CovItemId="S4" CovItemPrefix="com.aconex.coding.challenge.Dictionary.java" Intrnl_Id="633">
<LocList>
<Loc EndOffset="444" SrcFileId="6" StartOffset="418"/>
</LocList>
</BasicStmnt>
</StmntSeq>
</Branch>
<Branch CovItemId="B2" CovItemPrefix="com.aconex.coding.challenge.Dictionary.java" Implct="true" Intrnl_Id="634">
<Cond/>
<LocList/>
<StmntSeq Intrnl_Id="635">
<LocList/>
</StmntSeq>
</Branch>
<Keyword EndOffset="398" SrcFileId="6" StartOffset="396"/>
<LocList>
<Loc EndOffset="449" SrcFileId="6" StartOffset="396"/>
</LocList>
<RootTerm CovItemId="C1" CovItemPrefix="com.aconex.coding.challenge.Dictionary.java" Intrnl_Id="636">
<BasicBoolTerm Intrnl_Id="637">
<LocList>
<Loc EndOffset="411" SrcFileId="6" StartOffset="399"/>
</LocList>
</BasicBoolTerm>
</RootTerm>
</CondStmnt>
<BasicStmnt CovItemId="S5" CovItemPrefix="com.aconex.coding.challenge.Dictionary.java" Intrnl_Id="638">
<LocList>
<Loc EndOffset="467" SrcFileId="6" StartOffset="453"/>
</LocList>
</BasicStmnt>
</StmntSeq>
</HierarchyLvl>
<HierarchyLvl HierarchyLvlId="25" HierarchyLvlTypeId="15" Intrnl_Id="639" Name="init">
<Header>
<Loc EndOffset="510" SrcFileId="6" StartOffset="477"/>
</Header>
<LocList>
<Loc EndOffset="1126" SrcFileId="6" StartOffset="477"/>
</LocList>
<StmntSeq Intrnl_Id="640">
<LocList>
<Loc EndOffset="532" SrcFileId="6" StartOffset="515"/>
<Loc EndOffset="560" SrcFileId="6" StartOffset="536"/>
<Loc EndOffset="593" SrcFileId="6" StartOffset="564"/>
<Loc EndOffset="632" SrcFileId="6" StartOffset="606"/>
<Loc EndOffset="666" SrcFileId="6" StartOffset="637"/>
<Loc EndOffset="706" SrcFileId="6" StartOffset="671"/>
<Loc EndOffset="730" SrcFileId="6" StartOffset="711"/>
<Loc EndOffset="817" SrcFileId="6" StartOffset="735"/>
<Loc EndOffset="871" SrcFileId="6" StartOffset="597"/>
<Loc EndOffset="999" SrcFileId="6" StartOffset="884"/>
<Loc EndOffset="1117" SrcFileId="6" StartOffset="1004"/>
</LocList>
<BasicStmnt CovItemId="S6" CovItemPrefix="com.aconex.coding.challenge.Dictionary.java" Intrnl_Id="641">
<LocList>
<Loc EndOffset="532" SrcFileId="6" StartOffset="515"/>
</LocList>
</BasicStmnt>
<BasicStmnt CovItemId="S7" CovItemPrefix="com.aconex.coding.challenge.Dictionary.java" Intrnl_Id="642">
<LocList>
<Loc EndOffset="560" SrcFileId="6" StartOffset="536"/>
</LocList>
</BasicStmnt>
<BasicStmnt CovItemId="S8" CovItemPrefix="com.aconex.coding.challenge.Dictionary.java" Intrnl_Id="643">
<LocList>
<Loc EndOffset="593" SrcFileId="6" StartOffset="564"/>
</LocList>
</BasicStmnt>
<BasicStmnt CovItemId="S10" CovItemPrefix="com.aconex.coding.challenge.Dictionary.java" Intrnl_Id="644">
<LocList>
<Loc EndOffset="632" SrcFileId="6" StartOffset="606"/>
</LocList>
</BasicStmnt>
<BasicStmnt CovItemId="S11" CovItemPrefix="com.aconex.coding.challenge.Dictionary.java" Intrnl_Id="645">
<LocList>
<Loc EndOffset="666" SrcFileId="6" StartOffset="637"/>
</LocList>
</BasicStmnt>
<BasicStmnt CovItemId="S12" CovItemPrefix="com.aconex.coding.challenge.Dictionary.java" Intrnl_Id="646">
<LocList>
<Loc EndOffset="706" SrcFileId="6" StartOffset="671"/>
</LocList>
</BasicStmnt>
<BasicStmnt CovItemId="S13" CovItemPrefix="com.aconex.coding.challenge.Dictionary.java" Intrnl_Id="647">
<LocList>
<Loc EndOffset="730" SrcFileId="6" StartOffset="711"/>
</LocList>
</BasicStmnt>
<LoopStmnt CovItemId="S14" CovItemPrefix="com.aconex.coding.challenge.Dictionary.java" Intrnl_Id="648" MltplExecId="L1-2" MltplExecPrefix="com.aconex.coding.challenge.Dictionary.java" NvrExecId="L1-0" NvrExecPrefix="com.aconex.coding.challenge.Dictionary.java" OnceExecutedId="L1-1" OnceExecutedPrefix="com.aconex.coding.challenge.Dictionary.java" OptBodyExec="true">
<StmntSeq Intrnl_Id="649">
<LocList>
<Loc EndOffset="811" SrcFileId="6" StartOffset="781"/>
</LocList>
<BasicStmnt CovItemId="S15" CovItemPrefix="com.aconex.coding.challenge.Dictionary.java" Intrnl_Id="650">
<LocList>
<Loc EndOffset="811" SrcFileId="6" StartOffset="781"/>
</LocList>
</BasicStmnt>
</StmntSeq>
<Keyword EndOffset="740" SrcFileId="6" StartOffset="735"/>
<LocList>
<Loc EndOffset="817" SrcFileId="6" StartOffset="735"/>
</LocList>
</LoopStmnt>
<CondStmnt CovItemId="S9" CovItemPrefix="com.aconex.coding.challenge.Dictionary.java" Intrnl_Id="651">
<Branch CovItemId="B3" CovItemPrefix="com.aconex.coding.challenge.Dictionary.java" Implct="true" Intrnl_Id="652">
<Cond/>
<LocList/>
<StmntSeq Intrnl_Id="653">
<LocList/>
</StmntSeq>
</Branch>
<Branch CovItemId="B4" CovItemPrefix="com.aconex.coding.challenge.Dictionary.java" Implct="false" Intrnl_Id="654">
<Cond>
<Loc EndOffset="840" SrcFileId="6" StartOffset="822"/>
</Cond>
<LocList>
<Loc EndOffset="871" SrcFileId="6" StartOffset="840"/>
</LocList>
<StmntSeq Intrnl_Id="655">
<LocList>
<Loc EndOffset="866" SrcFileId="6" StartOffset="846"/>
</LocList>
<BasicStmnt CovItemId="S16" CovItemPrefix="com.aconex.coding.challenge.Dictionary.java" Intrnl_Id="656">
<LocList>
<Loc EndOffset="866" SrcFileId="6" StartOffset="846"/>
</LocList>
</BasicStmnt>
</StmntSeq>
</Branch>
<Keyword EndOffset="600" SrcFileId="6" StartOffset="597"/>
<LocList>
<Loc EndOffset="871" SrcFileId="6" StartOffset="597"/>
</LocList>
</CondStmnt>
<CondStmnt CovItemId="S17" CovItemPrefix="com.aconex.coding.challenge.Dictionary.java" Intrnl_Id="657">
<Branch CovItemId="B5" CovItemPrefix="com.aconex.coding.challenge.Dictionary.java" Implct="false" Intrnl_Id="658">
<Cond/>
<LocList>
<Loc EndOffset="999" SrcFileId="6" StartOffset="900"/>
</LocList>
<StmntSeq Intrnl_Id="659">
<LocList>
<Loc EndOffset="933" SrcFileId="6" StartOffset="918"/>
<Loc EndOffset="993" SrcFileId="6" StartOffset="907"/>
</LocList>
<BasicStmnt CovItemId="S19" CovItemPrefix="com.aconex.coding.challenge.Dictionary.java" Intrnl_Id="660">
<LocList>
<Loc EndOffset="933" SrcFileId="6" StartOffset="918"/>
</LocList>
</BasicStmnt>
<CondStmnt CovItemId="S18" CovItemPrefix="com.aconex.coding.challenge.Dictionary.java" Intrnl_Id="661">
<Branch CovItemId="B7" CovItemPrefix="com.aconex.coding.challenge.Dictionary.java" Implct="true" Intrnl_Id="662">
<Cond/>
<LocList/>
<StmntSeq Intrnl_Id="663">
<LocList/>
</StmntSeq>
</Branch>
<Branch CovItemId="B8" CovItemPrefix="com.aconex.coding.challenge.Dictionary.java" Implct="false" Intrnl_Id="664">
<Cond>
<Loc EndOffset="958" SrcFileId="6" StartOffset="940"/>
</Cond>
<LocList>
<Loc EndOffset="993" SrcFileId="6" StartOffset="958"/>
</LocList>
<StmntSeq Intrnl_Id="665">
<LocList>
<Loc EndOffset="986" SrcFileId="6" StartOffset="966"/>
</LocList>
<BasicStmnt CovItemId="S20" CovItemPrefix="com.aconex.coding.challenge.Dictionary.java" Intrnl_Id="666">
<LocList>
<Loc EndOffset="986" SrcFileId="6" StartOffset="966"/>
</LocList>
</BasicStmnt>
</StmntSeq>
</Branch>
<Keyword EndOffset="910" SrcFileId="6" StartOffset="907"/>
<LocList>
<Loc EndOffset="993" SrcFileId="6" StartOffset="907"/>
</LocList>
</CondStmnt>
</StmntSeq>
</Branch>
<Branch CovItemId="B6" CovItemPrefix="com.aconex.coding.challenge.Dictionary.java" Implct="true" Intrnl_Id="667">
<Cond/>
<LocList/>
<StmntSeq Intrnl_Id="668">
<LocList/>
</StmntSeq>
</Branch>
<Keyword EndOffset="886" SrcFileId="6" StartOffset="884"/>
<LocList>
<Loc EndOffset="999" SrcFileId="6" StartOffset="884"/>
</LocList>
<RootTerm CovItemId="C3" CovItemPrefix="com.aconex.coding.challenge.Dictionary.java" Intrnl_Id="669">
<BasicBoolTerm Intrnl_Id="670">
<LocList>
<Loc EndOffset="899" SrcFileId="6" StartOffset="887"/>
</LocList>
</BasicBoolTerm>
</RootTerm>
</CondStmnt>
<CondStmnt CovItemId="S21" CovItemPrefix="com.aconex.coding.challenge.Dictionary.java" Intrnl_Id="671">
<Branch CovItemId="B9" CovItemPrefix="com.aconex.coding.challenge.Dictionary.java" Implct="false" Intrnl_Id="672">
<Cond/>
<LocList>
<Loc EndOffset="1117" SrcFileId="6" StartOffset="1019"/>
</LocList>
<StmntSeq Intrnl_Id="673">
<LocList>
<Loc EndOffset="1051" SrcFileId="6" StartOffset="1037"/>
<Loc EndOffset="1111" SrcFileId="6" StartOffset="1026"/>
</LocList>
<BasicStmnt CovItemId="S23" CovItemPrefix="com.aconex.coding.challenge.Dictionary.java" Intrnl_Id="674">
<LocList>
<Loc EndOffset="1051" SrcFileId="6" StartOffset="1037"/>
</LocList>
</BasicStmnt>
<CondStmnt CovItemId="S22" CovItemPrefix="com.aconex.coding.challenge.Dictionary.java" Intrnl_Id="675">
<Branch CovItemId="B11" CovItemPrefix="com.aconex.coding.challenge.Dictionary.java" Implct="true" Intrnl_Id="676">
<Cond/>
<LocList/>
<StmntSeq Intrnl_Id="677">
<LocList/>
</StmntSeq>
</Branch>
<Branch CovItemId="B12" CovItemPrefix="com.aconex.coding.challenge.Dictionary.java" Implct="false" Intrnl_Id="678">
<Cond>
<Loc EndOffset="1076" SrcFileId="6" StartOffset="1058"/>
</Cond>
<LocList>
<Loc EndOffset="1111" SrcFileId="6" StartOffset="1076"/>
</LocList>
<StmntSeq Intrnl_Id="679">
<LocList>
<Loc EndOffset="1104" SrcFileId="6" StartOffset="1084"/>
</LocList>
<BasicStmnt CovItemId="S24" CovItemPrefix="com.aconex.coding.challenge.Dictionary.java" Intrnl_Id="680">
<LocList>
<Loc EndOffset="1104" SrcFileId="6" StartOffset="1084"/>
</LocList>
</BasicStmnt>
</StmntSeq>
</Branch>
<Keyword EndOffset="1029" SrcFileId="6" StartOffset="1026"/>
<LocList>
<Loc EndOffset="1111" SrcFileId="6" StartOffset="1026"/>
</LocList>
</CondStmnt>
</StmntSeq>
</Branch>
<Branch CovItemId="B10" CovItemPrefix="com.aconex.coding.challenge.Dictionary.java" Implct="true" Intrnl_Id="681">
<Cond/>
<LocList/>
<StmntSeq Intrnl_Id="682">
<LocList/>
</StmntSeq>
</Branch>
<Keyword EndOffset="1006" SrcFileId="6" StartOffset="1004"/>
<LocList>
<Loc EndOffset="1117" SrcFileId="6" StartOffset="1004"/>
</LocList>
<RootTerm CovItemId="C4" CovItemPrefix="com.aconex.coding.challenge.Dictionary.java" Intrnl_Id="683">
<BasicBoolTerm Intrnl_Id="684">
<LocList>
<Loc EndOffset="1018" SrcFileId="6" StartOffset="1007"/>
</LocList>
</BasicBoolTerm>
</RootTerm>
</CondStmnt>
</StmntSeq>
</HierarchyLvl>
<HierarchyLvl HierarchyLvlId="26" HierarchyLvlTypeId="15" Intrnl_Id="685" Name="isStringExistInDictionary">
<Header>
<Loc EndOffset="1194" SrcFileId="6" StartOffset="1135"/>
</Header>
<LocList>
<Loc EndOffset="1290" SrcFileId="6" StartOffset="1135"/>
</LocList>
<StmntSeq Intrnl_Id="686">
<LocList>
<Loc EndOffset="1220" SrcFileId="6" StartOffset="1199"/>
<Loc EndOffset="1270" SrcFileId="6" StartOffset="1224"/>
<Loc EndOffset="1286" SrcFileId="6" StartOffset="1274"/>
</LocList>
<BasicStmnt CovItemId="S25" CovItemPrefix="com.aconex.coding.challenge.Dictionary.java" Intrnl_Id="687">
<LocList>
<Loc EndOffset="1220" SrcFileId="6" StartOffset="1199"/>
</LocList>
</BasicStmnt>
<CondStmnt CovItemId="S26" CovItemPrefix="com.aconex.coding.challenge.Dictionary.java" Intrnl_Id="688">
<Branch CovItemId="B13" CovItemPrefix="com.aconex.coding.challenge.Dictionary.java" Implct="false" Intrnl_Id="689">
<Cond/>
<LocList>
<Loc EndOffset="1270" SrcFileId="6" StartOffset="1247"/>
</LocList>
<StmntSeq Intrnl_Id="690">
<LocList>
<Loc EndOffset="1265" SrcFileId="6" StartOffset="1253"/>
</LocList>
<BasicStmnt CovItemId="S27" CovItemPrefix="com.aconex.coding.challenge.Dictionary.java" Intrnl_Id="691">
<LocList>
<Loc EndOffset="1265" SrcFileId="6" StartOffset="1253"/>
</LocList>
</BasicStmnt>
</StmntSeq>
</Branch>
<Branch CovItemId="B14" CovItemPrefix="com.aconex.coding.challenge.Dictionary.java" Implct="true" Intrnl_Id="692">
<Cond/>
<LocList/>
<StmntSeq Intrnl_Id="693">
<LocList/>
</StmntSeq>
</Branch>
<Keyword EndOffset="1226" SrcFileId="6" StartOffset="1224"/>
<LocList>
<Loc EndOffset="1270" SrcFileId="6" StartOffset="1224"/>
</LocList>
<RootTerm CovItemId="C5" CovItemPrefix="com.aconex.coding.challenge.Dictionary.java" Intrnl_Id="694">
<BasicBoolTerm Intrnl_Id="695">
<LocList>
<Loc EndOffset="1246" SrcFileId="6" StartOffset="1227"/>
</LocList>
</BasicBoolTerm>
</RootTerm>
</CondStmnt>
<BasicStmnt CovItemId="S28" CovItemPrefix="com.aconex.coding.challenge.Dictionary.java" Intrnl_Id="696">
<LocList>
<Loc EndOffset="1286" SrcFileId="6" StartOffset="1274"/>
</LocList>
</BasicStmnt>
</StmntSeq>
</HierarchyLvl>
<HierarchyLvl HierarchyLvlId="27" HierarchyLvlTypeId="15" Intrnl_Id="697" Name="isStringPatternExistInDictionary">
<Header>
<Loc EndOffset="1365" SrcFileId="6" StartOffset="1299"/>
</Header>
<LocList>
<Loc EndOffset="1509" SrcFileId="6" StartOffset="1299"/>
</LocList>
<StmntSeq Intrnl_Id="698">
<LocList>
<Loc EndOffset="1391" SrcFileId="6" StartOffset="1370"/>
<Loc EndOffset="1489" SrcFileId="6" StartOffset="1395"/>
<Loc EndOffset="1505" SrcFileId="6" StartOffset="1493"/>
</LocList>
<BasicStmnt CovItemId="S29" CovItemPrefix="com.aconex.coding.challenge.Dictionary.java" Intrnl_Id="699">
<LocList>
<Loc EndOffset="1391" SrcFileId="6" StartOffset="1370"/>
</LocList>
</BasicStmnt>
<LoopStmnt CovItemId="S30" CovItemPrefix="com.aconex.coding.challenge.Dictionary.java" Intrnl_Id="700" MltplExecId="L2-2" MltplExecPrefix="com.aconex.coding.challenge.Dictionary.java" NvrExecId="L2-0" NvrExecPrefix="com.aconex.coding.challenge.Dictionary.java" OnceExecutedId="L2-1" OnceExecutedPrefix="com.aconex.coding.challenge.Dictionary.java" OptBodyExec="true">
<StmntSeq Intrnl_Id="701">
<LocList>
<Loc EndOffset="1484" SrcFileId="6" StartOffset="1423"/>
</LocList>
<CondStmnt CovItemId="S31" CovItemPrefix="com.aconex.coding.challenge.Dictionary.java" Intrnl_Id="702">
<Branch CovItemId="B15" CovItemPrefix="com.aconex.coding.challenge.Dictionary.java" Implct="false" Intrnl_Id="703">
<Cond/>
<LocList>
<Loc EndOffset="1484" SrcFileId="6" StartOffset="1447"/>
</LocList>
<StmntSeq Intrnl_Id="704">
<LocList>
<Loc EndOffset="1466" SrcFileId="6" StartOffset="1454"/>
<Loc EndOffset="1478" SrcFileId="6" StartOffset="1472"/>
</LocList>
<BasicStmnt CovItemId="S32" CovItemPrefix="com.aconex.coding.challenge.Dictionary.java" Intrnl_Id="705">
<LocList>
<Loc EndOffset="1466" SrcFileId="6" StartOffset="1454"/>
</LocList>
</BasicStmnt>
<BasicStmnt CovItemId="S33" CovItemPrefix="com.aconex.coding.challenge.Dictionary.java" Intrnl_Id="706">
<LocList>
<Loc EndOffset="1478" SrcFileId="6" StartOffset="1472"/>
</LocList>
</BasicStmnt>
</StmntSeq>
</Branch>
<Branch CovItemId="B16" CovItemPrefix="com.aconex.coding.challenge.Dictionary.java" Implct="true" Intrnl_Id="707">
<Cond/>
<LocList/>
<StmntSeq Intrnl_Id="708">
<LocList/>
</StmntSeq>
</Branch>
<Keyword EndOffset="1425" SrcFileId="6" StartOffset="1423"/>
<LocList>
<Loc EndOffset="1484" SrcFileId="6" StartOffset="1423"/>
</LocList>
<RootTerm CovItemId="C6" CovItemPrefix="com.aconex.coding.challenge.Dictionary.java" Intrnl_Id="709">
<BasicBoolTerm Intrnl_Id="710">
<LocList>
<Loc EndOffset="1446" SrcFileId="6" StartOffset="1426"/>
</LocList>
</BasicBoolTerm>
</RootTerm>
</CondStmnt>
</StmntSeq>
<Keyword EndOffset="1398" SrcFileId="6" StartOffset="1395"/>
<LocList>
<Loc EndOffset="1489" SrcFileId="6" StartOffset="1395"/>
</LocList>
</LoopStmnt>
<BasicStmnt CovItemId="S34" CovItemPrefix="com.aconex.coding.challenge.Dictionary.java" Intrnl_Id="711">
<LocList>
<Loc EndOffset="1505" SrcFileId="6" StartOffset="1493"/>
</LocList>
</BasicStmnt>
</StmntSeq>
</HierarchyLvl>
</HierarchyLvl>
<HierarchyLvl HierarchyLvlId="30" HierarchyLvlTypeId="14" Intrnl_Id="712" Name="DBManager">
<Header>
<Loc EndOffset="62" SrcFileId="7" StartOffset="40"/>
</Header>
<LocList>
<Loc EndOffset="115" SrcFileId="7" StartOffset="40"/>
</LocList>
<HierarchyLvl HierarchyLvlId="29" HierarchyLvlTypeId="15" Intrnl_Id="713" Name="init">
<Header>
<Loc EndOffset="100" SrcFileId="7" StartOffset="75"/>
</Header>
<LocList>
<Loc EndOffset="109" SrcFileId="7" StartOffset="75"/>
</LocList>
</HierarchyLvl>
</HierarchyLvl>
</HierarchyLvl>
</HierarchyLvl>
<HierarchyLvl HierarchyLvlId="48" HierarchyLvlTypeId="13" Intrnl_Id="714" Name="test">
<Header/>
<LocList/>
<HierarchyLvl HierarchyLvlId="32" HierarchyLvlTypeId="14" Intrnl_Id="715" Name="TestRunner">
<Header>
<Loc EndOffset="169" SrcFileId="8" StartOffset="146"/>
</Header>
<LocList>
<Loc EndOffset="458" SrcFileId="8" StartOffset="146"/>
</LocList>
<HierarchyLvl HierarchyLvlId="31" HierarchyLvlTypeId="15" Intrnl_Id="716" Name="main">
<Header>
<Loc EndOffset="214" SrcFileId="8" StartOffset="176"/>
</Header>
<LocList>
<Loc EndOffset="455" SrcFileId="8" StartOffset="176"/>
</LocList>
<StmntSeq Intrnl_Id="717">
<LocList>
<Loc EndOffset="280" SrcFileId="8" StartOffset="225"/>
<Loc EndOffset="396" SrcFileId="8" StartOffset="289"/>
<Loc EndOffset="448" SrcFileId="8" StartOffset="405"/>
</LocList>
<BasicStmnt CovItemId="S1" CovItemPrefix="com.aconex.test.TestRunner.java" Intrnl_Id="718">
<LocList>
<Loc EndOffset="280" SrcFileId="8" StartOffset="225"/>
</LocList>
</BasicStmnt>
<LoopStmnt CovItemId="S2" CovItemPrefix="com.aconex.test.TestRunner.java" Intrnl_Id="719" MltplExecId="L1-2" MltplExecPrefix="com.aconex.test.TestRunner.java" NvrExecId="L1-0" NvrExecPrefix="com.aconex.test.TestRunner.java" OnceExecutedId="L1-1" OnceExecutedPrefix="com.aconex.test.TestRunner.java" OptBodyExec="true">
<StmntSeq Intrnl_Id="720">
<LocList>
<Loc EndOffset="386" SrcFileId="8" StartOffset="347"/>
</LocList>
<BasicStmnt CovItemId="S3" CovItemPrefix="com.aconex.test.TestRunner.java" Intrnl_Id="721">
<LocList>
<Loc EndOffset="386" SrcFileId="8" StartOffset="347"/>
</LocList>
</BasicStmnt>
</StmntSeq>
<Keyword EndOffset="292" SrcFileId="8" StartOffset="289"/>
<LocList>
<Loc EndOffset="396" SrcFileId="8" StartOffset="289"/>
</LocList>
</LoopStmnt>
<BasicStmnt CovItemId="S4" CovItemPrefix="com.aconex.test.TestRunner.java" Intrnl_Id="722">
<LocList>
<Loc EndOffset="448" SrcFileId="8" StartOffset="405"/>
</LocList>
</BasicStmnt>
</StmntSeq>
</HierarchyLvl>
</HierarchyLvl>
<HierarchyLvl HierarchyLvlId="45" HierarchyLvlTypeId="14" Intrnl_Id="723" Name="TestAconex">
<Header>
<Loc EndOffset="307" SrcFileId="9" StartOffset="284"/>
</Header>
<LocList>
<Loc EndOffset="5257" SrcFileId="9" StartOffset="284"/>
</LocList>
<StmntSeq Intrnl_Id="724">
<LocList>
<Loc EndOffset="362" SrcFileId="9" StartOffset="313"/>
</LocList>
<BasicStmnt CovItemId="S1" CovItemPrefix="com.aconex.test.TestAconex.java" Intrnl_Id="725">
<LocList>
<Loc EndOffset="362" SrcFileId="9" StartOffset="313"/>
</LocList>
</BasicStmnt>
</StmntSeq>
<HierarchyLvl HierarchyLvlId="33" HierarchyLvlTypeId="15" Intrnl_Id="726" Name="init">
<Header>
<Loc EndOffset="396" SrcFileId="9" StartOffset="368"/>
</Header>
<LocList>
<Loc EndOffset="462" SrcFileId="9" StartOffset="368"/>
</LocList>
<StmntSeq Intrnl_Id="727">
<LocList>
<Loc EndOffset="458" SrcFileId="9" StartOffset="401"/>
</LocList>
<BasicStmnt CovItemId="S2" CovItemPrefix="com.aconex.test.TestAconex.java" Intrnl_Id="728">
<LocList>
<Loc EndOffset="458" SrcFileId="9" StartOffset="401"/>
</LocList>
</BasicStmnt>
</StmntSeq>
</HierarchyLvl>
<HierarchyLvl HierarchyLvlId="34" HierarchyLvlTypeId="15" Intrnl_Id="729" Name="checkForSimpleConversionWithSingleResult">
<Header>
<Loc EndOffset="530" SrcFileId="9" StartOffset="468"/>
</Header>
<LocList>
<Loc EndOffset="801" SrcFileId="9" StartOffset="468"/>
</LocList>
<StmntSeq Intrnl_Id="730">
<LocList>
<Loc EndOffset="603" SrcFileId="9" StartOffset="535"/>
<Loc EndOffset="628" SrcFileId="9" StartOffset="607"/>
<Loc EndOffset="775" SrcFileId="9" StartOffset="632"/>
<Loc EndOffset="797" SrcFileId="9" StartOffset="779"/>
</LocList>
<BasicStmnt CovItemId="S3" CovItemPrefix="com.aconex.test.TestAconex.java" Intrnl_Id="731">
<LocList>
<Loc EndOffset="603" SrcFileId="9" StartOffset="535"/>
</LocList>
</BasicStmnt>
<BasicStmnt CovItemId="S4" CovItemPrefix="com.aconex.test.TestAconex.java" Intrnl_Id="732">
<LocList>
<Loc EndOffset="628" SrcFileId="9" StartOffset="607"/>
</LocList>
</BasicStmnt>
<CondStmnt CovItemId="S5" CovItemPrefix="com.aconex.test.TestAconex.java" Intrnl_Id="733">
<Branch CovItemId="B1" CovItemPrefix="com.aconex.test.TestAconex.java" Implct="false" Intrnl_Id="734">
<Cond/>
<LocList>
<Loc EndOffset="748" SrcFileId="9" StartOffset="651"/>
</LocList>
<StmntSeq Intrnl_Id="735">
<LocList>
<Loc EndOffset="743" SrcFileId="9" StartOffset="657"/>
</LocList>
<LoopStmnt CovItemId="S6" CovItemPrefix="com.aconex.test.TestAconex.java" Intrnl_Id="736" MltplExecId="L1-2" MltplExecPrefix="com.aconex.test.TestAconex.java" NvrExecId="L1-0" NvrExecPrefix="com.aconex.test.TestAconex.java" OnceExecutedId="L1-1" OnceExecutedPrefix="com.aconex.test.TestAconex.java" OptBodyExec="true">
<StmntSeq Intrnl_Id="737">
<LocList>
<Loc EndOffset="737" SrcFileId="9" StartOffset="686"/>
</LocList>
<CondStmnt CovItemId="S7" CovItemPrefix="com.aconex.test.TestAconex.java" Intrnl_Id="738">
<Branch CovItemId="B3" CovItemPrefix="com.aconex.test.TestAconex.java" Implct="false" Intrnl_Id="739">
<Cond/>
<LocList>
<Loc EndOffset="737" SrcFileId="9" StartOffset="710"/>
</LocList>
<StmntSeq Intrnl_Id="740">
<LocList>
<Loc EndOffset="730" SrcFileId="9" StartOffset="718"/>
</LocList>
<BasicStmnt CovItemId="S8" CovItemPrefix="com.aconex.test.TestAconex.java" Intrnl_Id="741">
<LocList>
<Loc EndOffset="730" SrcFileId="9" StartOffset="718"/>
</LocList>
</BasicStmnt>
</StmntSeq>
</Branch>
<Branch CovItemId="B4" CovItemPrefix="com.aconex.test.TestAconex.java" Implct="true" Intrnl_Id="742">
<Cond/>
<LocList/>
<StmntSeq Intrnl_Id="743">
<LocList/>
</StmntSeq>
</Branch>
<Keyword EndOffset="688" SrcFileId="9" StartOffset="686"/>
<LocList>
<Loc EndOffset="737" SrcFileId="9" StartOffset="686"/>
</LocList>
<RootTerm CovItemId="C2" CovItemPrefix="com.aconex.test.TestAconex.java" Intrnl_Id="744">
<OpTerm BooleanOpId="10" Intrnl_Id="745">
<BasicBoolTerm Intrnl_Id="746">
<LocList>
<Loc EndOffset="709" SrcFileId="9" StartOffset="690"/>
</LocList>
</BasicBoolTerm>
<LocList>
<Loc EndOffset="690" SrcFileId="9" StartOffset="689"/>
</LocList>
</OpTerm>
</RootTerm>
</CondStmnt>
</StmntSeq>
<Keyword EndOffset="660" SrcFileId="9" StartOffset="657"/>
<LocList>
<Loc EndOffset="743" SrcFileId="9" StartOffset="657"/>
</LocList>
</LoopStmnt>
</StmntSeq>
</Branch>
<Branch CovItemId="B2" CovItemPrefix="com.aconex.test.TestAconex.java" Implct="false" Intrnl_Id="747">
<Cond>
<Loc EndOffset="752" SrcFileId="9" StartOffset="748"/>
</Cond>
<LocList>
<Loc EndOffset="775" SrcFileId="9" StartOffset="752"/>
</LocList>
<StmntSeq Intrnl_Id="748">
<LocList>
<Loc EndOffset="770" SrcFileId="9" StartOffset="758"/>
</LocList>
<BasicStmnt CovItemId="S9" CovItemPrefix="com.aconex.test.TestAconex.java" Intrnl_Id="749">
<LocList>
<Loc EndOffset="770" SrcFileId="9" StartOffset="758"/>
</LocList>
</BasicStmnt>
</StmntSeq>
</Branch>
<Keyword EndOffset="634" SrcFileId="9" StartOffset="632"/>
<LocList>
<Loc EndOffset="775" SrcFileId="9" StartOffset="632"/>
</LocList>
<RootTerm CovItemId="C1" CovItemPrefix="com.aconex.test.TestAconex.java" Intrnl_Id="750">
<BasicBoolTerm Intrnl_Id="751">
<LocList>
<Loc EndOffset="650" SrcFileId="9" StartOffset="635"/>
</LocList>
</BasicBoolTerm>
</RootTerm>
</CondStmnt>
<BasicStmnt CovItemId="S10" CovItemPrefix="com.aconex.test.TestAconex.java" Intrnl_Id="752">
<LocList>
<Loc EndOffset="797" SrcFileId="9" StartOffset="779"/>
</LocList>
</BasicStmnt>
</StmntSeq>
</HierarchyLvl>
<HierarchyLvl HierarchyLvlId="35" HierarchyLvlTypeId="15" Intrnl_Id="753" Name="checkForSimpleConversionWithMultipleResult">
<Header>
<Loc EndOffset="877" SrcFileId="9" StartOffset="813"/>
</Header>
<LocList>
<Loc EndOffset="1200" SrcFileId="9" StartOffset="813"/>
</LocList>
<StmntSeq Intrnl_Id="754">
<LocList>
<Loc EndOffset="951" SrcFileId="9" StartOffset="882"/>
<Loc EndOffset="976" SrcFileId="9" StartOffset="955"/>
<Loc EndOffset="1174" SrcFileId="9" StartOffset="980"/>
<Loc EndOffset="1196" SrcFileId="9" StartOffset="1178"/>
</LocList>
<BasicStmnt CovItemId="S11" CovItemPrefix="com.aconex.test.TestAconex.java" Intrnl_Id="755">
<LocList>
<Loc EndOffset="951" SrcFileId="9" StartOffset="882"/>
</LocList>
</BasicStmnt>
<BasicStmnt CovItemId="S12" CovItemPrefix="com.aconex.test.TestAconex.java" Intrnl_Id="756">
<LocList>
<Loc EndOffset="976" SrcFileId="9" StartOffset="955"/>
</LocList>
</BasicStmnt>
<CondStmnt CovItemId="S13" CovItemPrefix="com.aconex.test.TestAconex.java" Intrnl_Id="757">
<Branch CovItemId="B5" CovItemPrefix="com.aconex.test.TestAconex.java" Implct="false" Intrnl_Id="758">
<Cond/>
<LocList>
<Loc EndOffset="1147" SrcFileId="9" StartOffset="999"/>
</LocList>
<StmntSeq Intrnl_Id="759">
<LocList>
<Loc EndOffset="1142" SrcFileId="9" StartOffset="1005"/>
</LocList>
<LoopStmnt CovItemId="S14" CovItemPrefix="com.aconex.test.TestAconex.java" Intrnl_Id="760" MltplExecId="L2-2" MltplExecPrefix="com.aconex.test.TestAconex.java" NvrExecId="L2-0" NvrExecPrefix="com.aconex.test.TestAconex.java" OnceExecutedId="L2-1" OnceExecutedPrefix="com.aconex.test.TestAconex.java" OptBodyExec="true">
<StmntSeq Intrnl_Id="761">
<LocList>
<Loc EndOffset="1136" SrcFileId="9" StartOffset="1034"/>
</LocList>
<CondStmnt CovItemId="S15" CovItemPrefix="com.aconex.test.TestAconex.java" Intrnl_Id="762">
<Branch CovItemId="B7" CovItemPrefix="com.aconex.test.TestAconex.java" Implct="false" Intrnl_Id="763">
<Cond/>
<LocList>
<Loc EndOffset="1136" SrcFileId="9" StartOffset="1109"/>
</LocList>
<StmntSeq Intrnl_Id="764">
<LocList>
<Loc EndOffset="1129" SrcFileId="9" StartOffset="1117"/>
</LocList>
<BasicStmnt CovItemId="S16" CovItemPrefix="com.aconex.test.TestAconex.java" Intrnl_Id="765">
<LocList>
<Loc EndOffset="1129" SrcFileId="9" StartOffset="1117"/>
</LocList>
</BasicStmnt>
</StmntSeq>
</Branch>
<Branch CovItemId="B8" CovItemPrefix="com.aconex.test.TestAconex.java" Implct="true" Intrnl_Id="766">
<Cond/>
<LocList/>
<StmntSeq Intrnl_Id="767">
<LocList/>
</StmntSeq>
</Branch>
<Keyword EndOffset="1036" SrcFileId="9" StartOffset="1034"/>
<LocList>
<Loc EndOffset="1136" SrcFileId="9" StartOffset="1034"/>
</LocList>
<RootTerm CovItemId="C4" CovItemPrefix="com.aconex.test.TestAconex.java" Intrnl_Id="768">
<OpTerm BooleanOpId="11" Intrnl_Id="769">
<OpTerm BooleanOpId="11" Intrnl_Id="770">
<OpTerm BooleanOpId="10" Intrnl_Id="771">
<BasicBoolTerm Intrnl_Id="772">
<LocList>
<Loc EndOffset="1058" SrcFileId="9" StartOffset="1038"/>
</LocList>
</BasicBoolTerm>
<LocList>
<Loc EndOffset="1038" SrcFileId="9" StartOffset="1037"/>
</LocList>
</OpTerm>
<OpTerm BooleanOpId="10" Intrnl_Id="773">
<BasicBoolTerm Intrnl_Id="774">
<LocList>
<Loc EndOffset="1083" SrcFileId="9" StartOffset="1063"/>
</LocList>
</BasicBoolTerm>
<LocList>
<Loc EndOffset="1063" SrcFileId="9" StartOffset="1062"/>
</LocList>
</OpTerm>
<LocList>
<Loc EndOffset="1061" SrcFileId="9" StartOffset="1059"/>
</LocList>
</OpTerm>
<OpTerm BooleanOpId="10" Intrnl_Id="775">
<BasicBoolTerm Intrnl_Id="776">
<LocList>
<Loc EndOffset="1108" SrcFileId="9" StartOffset="1088"/>
</LocList>
</BasicBoolTerm>
<LocList>
<Loc EndOffset="1088" SrcFileId="9" StartOffset="1087"/>
</LocList>
</OpTerm>
<LocList>
<Loc EndOffset="1086" SrcFileId="9" StartOffset="1084"/>
</LocList>
</OpTerm>
</RootTerm>
</CondStmnt>
</StmntSeq>
<Keyword EndOffset="1008" SrcFileId="9" StartOffset="1005"/>
<LocList>
<Loc EndOffset="1142" SrcFileId="9" StartOffset="1005"/>
</LocList>
</LoopStmnt>
</StmntSeq>
</Branch>
<Branch CovItemId="B6" CovItemPrefix="com.aconex.test.TestAconex.java" Implct="false" Intrnl_Id="777">
<Cond>
<Loc EndOffset="1151" SrcFileId="9" StartOffset="1147"/>
</Cond>
<LocList>
<Loc EndOffset="1174" SrcFileId="9" StartOffset="1151"/>
</LocList>
<StmntSeq Intrnl_Id="778">
<LocList>
<Loc EndOffset="1169" SrcFileId="9" StartOffset="1157"/>
</LocList>
<BasicStmnt CovItemId="S17" CovItemPrefix="com.aconex.test.TestAconex.java" Intrnl_Id="779">
<LocList>
<Loc EndOffset="1169" SrcFileId="9" StartOffset="1157"/>
</LocList>
</BasicStmnt>
</StmntSeq>
</Branch>
<Keyword EndOffset="982" SrcFileId="9" StartOffset="980"/>
<LocList>
<Loc EndOffset="1174" SrcFileId="9" StartOffset="980"/>
</LocList>
<RootTerm CovItemId="C3" CovItemPrefix="com.aconex.test.TestAconex.java" Intrnl_Id="780">
<BasicBoolTerm Intrnl_Id="781">
<LocList>
<Loc EndOffset="998" SrcFileId="9" StartOffset="983"/>
</LocList>
</BasicBoolTerm>
</RootTerm>
</CondStmnt>
<BasicStmnt CovItemId="S18" CovItemPrefix="com.aconex.test.TestAconex.java" Intrnl_Id="782">
<LocList>
<Loc EndOffset="1196" SrcFileId="9" StartOffset="1178"/>
</LocList>
</BasicStmnt>
</StmntSeq>
</HierarchyLvl>
<HierarchyLvl HierarchyLvlId="36" HierarchyLvlTypeId="15" Intrnl_Id="783" Name="testsSingleStringResultWithMultipleDictionaryWord">
<Header>
<Loc EndOffset="1283" SrcFileId="9" StartOffset="1212"/>
</Header>
<LocList>
<Loc EndOffset="1568" SrcFileId="9" StartOffset="1212"/>
</LocList>
<StmntSeq Intrnl_Id="784">
<LocList>
<Loc EndOffset="1363" SrcFileId="9" StartOffset="1288"/>
<Loc EndOffset="1388" SrcFileId="9" StartOffset="1367"/>
<Loc EndOffset="1542" SrcFileId="9" StartOffset="1392"/>
<Loc EndOffset="1564" SrcFileId="9" StartOffset="1546"/>
</LocList>
<BasicStmnt CovItemId="S19" CovItemPrefix="com.aconex.test.TestAconex.java" Intrnl_Id="785">
<LocList>
<Loc EndOffset="1363" SrcFileId="9" StartOffset="1288"/>
</LocList>
</BasicStmnt>
<BasicStmnt CovItemId="S20" CovItemPrefix="com.aconex.test.TestAconex.java" Intrnl_Id="786">
<LocList>
<Loc EndOffset="1388" SrcFileId="9" StartOffset="1367"/>
</LocList>
</BasicStmnt>
<CondStmnt CovItemId="S21" CovItemPrefix="com.aconex.test.TestAconex.java" Intrnl_Id="787">
<Branch CovItemId="B9" CovItemPrefix="com.aconex.test.TestAconex.java" Implct="false" Intrnl_Id="788">
<Cond/>
<LocList>
<Loc EndOffset="1515" SrcFileId="9" StartOffset="1411"/>
</LocList>
<StmntSeq Intrnl_Id="789">
<LocList>
<Loc EndOffset="1510" SrcFileId="9" StartOffset="1417"/>
</LocList>
<LoopStmnt CovItemId="S22" CovItemPrefix="com.aconex.test.TestAconex.java" Intrnl_Id="790" MltplExecId="L3-2" MltplExecPrefix="com.aconex.test.TestAconex.java" NvrExecId="L3-0" NvrExecPrefix="com.aconex.test.TestAconex.java" OnceExecutedId="L3-1" OnceExecutedPrefix="com.aconex.test.TestAconex.java" OptBodyExec="true">
<StmntSeq Intrnl_Id="791">
<LocList>
<Loc EndOffset="1504" SrcFileId="9" StartOffset="1446"/>
</LocList>
<CondStmnt CovItemId="S23" CovItemPrefix="com.aconex.test.TestAconex.java" Intrnl_Id="792">
<Branch CovItemId="B11" CovItemPrefix="com.aconex.test.TestAconex.java" Implct="false" Intrnl_Id="793">
<Cond/>
<LocList>
<Loc EndOffset="1504" SrcFileId="9" StartOffset="1477"/>
</LocList>
<StmntSeq Intrnl_Id="794">
<LocList>
<Loc EndOffset="1497" SrcFileId="9" StartOffset="1485"/>
</LocList>
<BasicStmnt CovItemId="S24" CovItemPrefix="com.aconex.test.TestAconex.java" Intrnl_Id="795">
<LocList>
<Loc EndOffset="1497" SrcFileId="9" StartOffset="1485"/>
</LocList>
</BasicStmnt>
</StmntSeq>
</Branch>
<Branch CovItemId="B12" CovItemPrefix="com.aconex.test.TestAconex.java" Implct="true" Intrnl_Id="796">
<Cond/>
<LocList/>
<StmntSeq Intrnl_Id="797">
<LocList/>
</StmntSeq>
</Branch>
<Keyword EndOffset="1448" SrcFileId="9" StartOffset="1446"/>
<LocList>
<Loc EndOffset="1504" SrcFileId="9" StartOffset="1446"/>
</LocList>
<RootTerm CovItemId="C6" CovItemPrefix="com.aconex.test.TestAconex.java" Intrnl_Id="798">
<OpTerm BooleanOpId="10" Intrnl_Id="799">
<BasicBoolTerm Intrnl_Id="800">
<LocList>
<Loc EndOffset="1476" SrcFileId="9" StartOffset="1450"/>
</LocList>
</BasicBoolTerm>
<LocList>
<Loc EndOffset="1450" SrcFileId="9" StartOffset="1449"/>
</LocList>
</OpTerm>
</RootTerm>
</CondStmnt>
</StmntSeq>
<Keyword EndOffset="1420" SrcFileId="9" StartOffset="1417"/>
<LocList>
<Loc EndOffset="1510" SrcFileId="9" StartOffset="1417"/>
</LocList>
</LoopStmnt>
</StmntSeq>
</Branch>
<Branch CovItemId="B10" CovItemPrefix="com.aconex.test.TestAconex.java" Implct="false" Intrnl_Id="801">
<Cond>
<Loc EndOffset="1519" SrcFileId="9" StartOffset="1515"/>
</Cond>
<LocList>
<Loc EndOffset="1542" SrcFileId="9" StartOffset="1519"/>
</LocList>
<StmntSeq Intrnl_Id="802">
<LocList>
<Loc EndOffset="1537" SrcFileId="9" StartOffset="1525"/>
</LocList>
<BasicStmnt CovItemId="S25" CovItemPrefix="com.aconex.test.TestAconex.java" Intrnl_Id="803">
<LocList>
<Loc EndOffset="1537" SrcFileId="9" StartOffset="1525"/>
</LocList>
</BasicStmnt>
</StmntSeq>
</Branch>
<Keyword EndOffset="1394" SrcFileId="9" StartOffset="1392"/>
<LocList>
<Loc EndOffset="1542" SrcFileId="9" StartOffset="1392"/>
</LocList>
<RootTerm CovItemId="C5" CovItemPrefix="com.aconex.test.TestAconex.java" Intrnl_Id="804">
<BasicBoolTerm Intrnl_Id="805">
<LocList>
<Loc EndOffset="1410" SrcFileId="9" StartOffset="1395"/>
</LocList>
</BasicBoolTerm>
</RootTerm>
</CondStmnt>
<BasicStmnt CovItemId="S26" CovItemPrefix="com.aconex.test.TestAconex.java" Intrnl_Id="806">
<LocList>
<Loc EndOffset="1564" SrcFileId="9" StartOffset="1546"/>
</LocList>
</BasicStmnt>
</StmntSeq>
</HierarchyLvl>
<HierarchyLvl HierarchyLvlId="37" HierarchyLvlTypeId="15" Intrnl_Id="807" Name="testsSingleStringResultWithMultipleDictionaryWordAndSingleNumbersInBetween">
<Header>
<Loc EndOffset="1669" SrcFileId="9" StartOffset="1573"/>
</Header>
<LocList>
<Loc EndOffset="2223" SrcFileId="9" StartOffset="1573"/>
</LocList>
<StmntSeq Intrnl_Id="808">
<LocList>
<Loc EndOffset="1750" SrcFileId="9" StartOffset="1674"/>
<Loc EndOffset="1775" SrcFileId="9" StartOffset="1754"/>
<Loc EndOffset="1930" SrcFileId="9" StartOffset="1779"/>
<Loc EndOffset="2197" SrcFileId="9" StartOffset="1934"/>
<Loc EndOffset="2219" SrcFileId="9" StartOffset="2201"/>
</LocList>
<BasicStmnt CovItemId="S27" CovItemPrefix="com.aconex.test.TestAconex.java" Intrnl_Id="809">
<LocList>
<Loc EndOffset="1750" SrcFileId="9" StartOffset="1674"/>
</LocList>
</BasicStmnt>
<BasicStmnt CovItemId="S28" CovItemPrefix="com.aconex.test.TestAconex.java" Intrnl_Id="810">
<LocList>
<Loc EndOffset="1775" SrcFileId="9" StartOffset="1754"/>
</LocList>
</BasicStmnt>
<CondStmnt CovItemId="S29" CovItemPrefix="com.aconex.test.TestAconex.java" Intrnl_Id="811">
<Branch CovItemId="B13" CovItemPrefix="com.aconex.test.TestAconex.java" Implct="false" Intrnl_Id="812">
<Cond/>
<LocList>
<Loc EndOffset="1903" SrcFileId="9" StartOffset="1798"/>
</LocList>
<StmntSeq Intrnl_Id="813">
<LocList>
<Loc EndOffset="1898" SrcFileId="9" StartOffset="1804"/>
</LocList>
<LoopStmnt CovItemId="S30" CovItemPrefix="com.aconex.test.TestAconex.java" Intrnl_Id="814" MltplExecId="L4-2" MltplExecPrefix="com.aconex.test.TestAconex.java" NvrExecId="L4-0" NvrExecPrefix="com.aconex.test.TestAconex.java" OnceExecutedId="L4-1" OnceExecutedPrefix="com.aconex.test.TestAconex.java" OptBodyExec="true">
<StmntSeq Intrnl_Id="815">
<LocList>
<Loc EndOffset="1892" SrcFileId="9" StartOffset="1833"/>
</LocList>
<CondStmnt CovItemId="S31" CovItemPrefix="com.aconex.test.TestAconex.java" Intrnl_Id="816">
<Branch CovItemId="B15" CovItemPrefix="com.aconex.test.TestAconex.java" Implct="false" Intrnl_Id="817">
<Cond/>
<LocList>
<Loc EndOffset="1892" SrcFileId="9" StartOffset="1865"/>
</LocList>
<StmntSeq Intrnl_Id="818">
<LocList>
<Loc EndOffset="1885" SrcFileId="9" StartOffset="1873"/>
</LocList>
<BasicStmnt CovItemId="S32" CovItemPrefix="com.aconex.test.TestAconex.java" Intrnl_Id="819">
<LocList>
<Loc EndOffset="1885" SrcFileId="9" StartOffset="1873"/>
</LocList>
</BasicStmnt>
</StmntSeq>
</Branch>
<Branch CovItemId="B16" CovItemPrefix="com.aconex.test.TestAconex.java" Implct="true" Intrnl_Id="820">
<Cond/>
<LocList/>
<StmntSeq Intrnl_Id="821">
<LocList/>
</StmntSeq>
</Branch>
<Keyword EndOffset="1835" SrcFileId="9" StartOffset="1833"/>
<LocList>
<Loc EndOffset="1892" SrcFileId="9" StartOffset="1833"/>
</LocList>
<RootTerm CovItemId="C8" CovItemPrefix="com.aconex.test.TestAconex.java" Intrnl_Id="822">
<OpTerm BooleanOpId="10" Intrnl_Id="823">
<BasicBoolTerm Intrnl_Id="824">
<LocList>
<Loc EndOffset="1864" SrcFileId="9" StartOffset="1837"/>
</LocList>
</BasicBoolTerm>
<LocList>
<Loc EndOffset="1837" SrcFileId="9" StartOffset="1836"/>
</LocList>
</OpTerm>
</RootTerm>
</CondStmnt>
</StmntSeq>
<Keyword EndOffset="1807" SrcFileId="9" StartOffset="1804"/>
<LocList>
<Loc EndOffset="1898" SrcFileId="9" StartOffset="1804"/>
</LocList>
</LoopStmnt>
</StmntSeq>
</Branch>
<Branch CovItemId="B14" CovItemPrefix="com.aconex.test.TestAconex.java" Implct="false" Intrnl_Id="825">
<Cond>
<Loc EndOffset="1907" SrcFileId="9" StartOffset="1903"/>
</Cond>
<LocList>
<Loc EndOffset="1930" SrcFileId="9" StartOffset="1907"/>
</LocList>
<StmntSeq Intrnl_Id="826">
<LocList>
<Loc EndOffset="1925" SrcFileId="9" StartOffset="1913"/>
</LocList>
<BasicStmnt CovItemId="S33" CovItemPrefix="com.aconex.test.TestAconex.java" Intrnl_Id="827">
<LocList>
<Loc EndOffset="1925" SrcFileId="9" StartOffset="1913"/>
</LocList>
</BasicStmnt>
</StmntSeq>
</Branch>
<Keyword EndOffset="1781" SrcFileId="9" StartOffset="1779"/>
<LocList>
<Loc EndOffset="1930" SrcFileId="9" StartOffset="1779"/>
</LocList>
<RootTerm CovItemId="C7" CovItemPrefix="com.aconex.test.TestAconex.java" Intrnl_Id="828">
<BasicBoolTerm Intrnl_Id="829">
<LocList>
<Loc EndOffset="1797" SrcFileId="9" StartOffset="1782"/>
</LocList>
</BasicBoolTerm>
</RootTerm>
</CondStmnt>
<CondStmnt CovItemId="S34" CovItemPrefix="com.aconex.test.TestAconex.java" Intrnl_Id="830">
<Branch CovItemId="B17" CovItemPrefix="com.aconex.test.TestAconex.java" Implct="false" Intrnl_Id="831">
<Cond/>
<LocList>
<Loc EndOffset="2197" SrcFileId="9" StartOffset="1943"/>
</LocList>
<StmntSeq Intrnl_Id="832">
<LocList>
<Loc EndOffset="2026" SrcFileId="9" StartOffset="1949"/>
<Loc EndOffset="2192" SrcFileId="9" StartOffset="2031"/>
</LocList>
<BasicStmnt CovItemId="S35" CovItemPrefix="com.aconex.test.TestAconex.java" Intrnl_Id="833">
<LocList>
<Loc EndOffset="2026" SrcFileId="9" StartOffset="1949"/>
</LocList>
</BasicStmnt>
<CondStmnt CovItemId="S36" CovItemPrefix="com.aconex.test.TestAconex.java" Intrnl_Id="834">
<Branch CovItemId="B19" CovItemPrefix="com.aconex.test.TestAconex.java" Implct="false" Intrnl_Id="835">
<Cond/>
<LocList>
<Loc EndOffset="2163" SrcFileId="9" StartOffset="2051"/>
</LocList>
<StmntSeq Intrnl_Id="836">
<LocList>
<Loc EndOffset="2157" SrcFileId="9" StartOffset="2058"/>
</LocList>
<LoopStmnt CovItemId="S37" CovItemPrefix="com.aconex.test.TestAconex.java" Intrnl_Id="837" MltplExecId="L5-2" MltplExecPrefix="com.aconex.test.TestAconex.java" NvrExecId="L5-0" NvrExecPrefix="com.aconex.test.TestAconex.java" OnceExecutedId="L5-1" OnceExecutedPrefix="com.aconex.test.TestAconex.java" OptBodyExec="true">
<StmntSeq Intrnl_Id="838">
<LocList>
<Loc EndOffset="2150" SrcFileId="9" StartOffset="2089"/>
</LocList>
<CondStmnt CovItemId="S38" CovItemPrefix="com.aconex.test.TestAconex.java" Intrnl_Id="839">
<Branch CovItemId="B21" CovItemPrefix="com.aconex.test.TestAconex.java" Implct="false" Intrnl_Id="840">
<Cond/>
<LocList>
<Loc EndOffset="2150" SrcFileId="9" StartOffset="2121"/>
</LocList>
<StmntSeq Intrnl_Id="841">
<LocList>
<Loc EndOffset="2142" SrcFileId="9" StartOffset="2130"/>
</LocList>
<BasicStmnt CovItemId="S39" CovItemPrefix="com.aconex.test.TestAconex.java" Intrnl_Id="842">
<LocList>
<Loc EndOffset="2142" SrcFileId="9" StartOffset="2130"/>
</LocList>
</BasicStmnt>
</StmntSeq>
</Branch>
<Branch CovItemId="B22" CovItemPrefix="com.aconex.test.TestAconex.java" Implct="true" Intrnl_Id="843">
<Cond/>
<LocList/>
<StmntSeq Intrnl_Id="844">
<LocList/>
</StmntSeq>
</Branch>
<Keyword EndOffset="2091" SrcFileId="9" StartOffset="2089"/>
<LocList>
<Loc EndOffset="2150" SrcFileId="9" StartOffset="2089"/>
</LocList>
<RootTerm CovItemId="C11" CovItemPrefix="com.aconex.test.TestAconex.java" Intrnl_Id="845">
<OpTerm BooleanOpId="10" Intrnl_Id="846">
<BasicBoolTerm Intrnl_Id="847">
<LocList>
<Loc EndOffset="2120" SrcFileId="9" StartOffset="2093"/>
</LocList>
</BasicBoolTerm>
<LocList>
<Loc EndOffset="2093" SrcFileId="9" StartOffset="2092"/>
</LocList>
</OpTerm>
</RootTerm>
</CondStmnt>
</StmntSeq>
<Keyword EndOffset="2061" SrcFileId="9" StartOffset="2058"/>
<LocList>
<Loc EndOffset="2157" SrcFileId="9" StartOffset="2058"/>
</LocList>
</LoopStmnt>
</StmntSeq>
</Branch>
<Branch CovItemId="B20" CovItemPrefix="com.aconex.test.TestAconex.java" Implct="false" Intrnl_Id="848">
<Cond>
<Loc EndOffset="2167" SrcFileId="9" StartOffset="2163"/>
</Cond>
<LocList>
<Loc EndOffset="2192" SrcFileId="9" StartOffset="2167"/>
</LocList>
<StmntSeq Intrnl_Id="849">
<LocList>
<Loc EndOffset="2186" SrcFileId="9" StartOffset="2174"/>
</LocList>
<BasicStmnt CovItemId="S40" CovItemPrefix="com.aconex.test.TestAconex.java" Intrnl_Id="850">
<LocList>
<Loc EndOffset="2186" SrcFileId="9" StartOffset="2174"/>
</LocList>
</BasicStmnt>
</StmntSeq>
</Branch>
<Keyword EndOffset="2033" SrcFileId="9" StartOffset="2031"/>
<LocList>
<Loc EndOffset="2192" SrcFileId="9" StartOffset="2031"/>
</LocList>
<RootTerm CovItemId="C10" CovItemPrefix="com.aconex.test.TestAconex.java" Intrnl_Id="851">
<BasicBoolTerm Intrnl_Id="852">
<LocList>
<Loc EndOffset="2050" SrcFileId="9" StartOffset="2034"/>
</LocList>
</BasicBoolTerm>
</RootTerm>
</CondStmnt>
</StmntSeq>
</Branch>
<Branch CovItemId="B18" CovItemPrefix="com.aconex.test.TestAconex.java" Implct="true" Intrnl_Id="853">
<Cond/>
<LocList/>
<StmntSeq Intrnl_Id="854">
<LocList/>
</StmntSeq>
</Branch>
<Keyword EndOffset="1936" SrcFileId="9" StartOffset="1934"/>
<LocList>
<Loc EndOffset="2197" SrcFileId="9" StartOffset="1934"/>
</LocList>
<RootTerm CovItemId="C9" CovItemPrefix="com.aconex.test.TestAconex.java" Intrnl_Id="855">
<OpTerm BooleanOpId="10" Intrnl_Id="856">
<BasicBoolTerm Intrnl_Id="857">
<LocList>
<Loc EndOffset="1942" SrcFileId="9" StartOffset="1938"/>
</LocList>
</BasicBoolTerm>
<LocList>
<Loc EndOffset="1938" SrcFileId="9" StartOffset="1937"/>
</LocList>
</OpTerm>
</RootTerm>
</CondStmnt>
<BasicStmnt CovItemId="S41" CovItemPrefix="com.aconex.test.TestAconex.java" Intrnl_Id="858">
<LocList>
<Loc EndOffset="2219" SrcFileId="9" StartOffset="2201"/>
</LocList>
</BasicStmnt>
</StmntSeq>
</HierarchyLvl>
<HierarchyLvl HierarchyLvlId="38" HierarchyLvlTypeId="15" Intrnl_Id="859" Name="testsSingleStringResultWithMultipleDictionaryWordAndMultipleNumbersInBetween">
<Header>
<Loc EndOffset="2327" SrcFileId="9" StartOffset="2229"/>
</Header>
<LocList>
<Loc EndOffset="2626" SrcFileId="9" StartOffset="2229"/>
</LocList>
<StmntSeq Intrnl_Id="860">
<LocList>
<Loc EndOffset="2414" SrcFileId="9" StartOffset="2332"/>
<Loc EndOffset="2439" SrcFileId="9" StartOffset="2418"/>
<Loc EndOffset="2600" SrcFileId="9" StartOffset="2443"/>
<Loc EndOffset="2622" SrcFileId="9" StartOffset="2604"/>
</LocList>
<BasicStmnt CovItemId="S42" CovItemPrefix="com.aconex.test.TestAconex.java" Intrnl_Id="861">
<LocList>
<Loc EndOffset="2414" SrcFileId="9" StartOffset="2332"/>
</LocList>
</BasicStmnt>
<BasicStmnt CovItemId="S43" CovItemPrefix="com.aconex.test.TestAconex.java" Intrnl_Id="862">
<LocList>
<Loc EndOffset="2439" SrcFileId="9" StartOffset="2418"/>
</LocList>
</BasicStmnt>
<CondStmnt CovItemId="S44" CovItemPrefix="com.aconex.test.TestAconex.java" Intrnl_Id="863">
<Branch CovItemId="B23" CovItemPrefix="com.aconex.test.TestAconex.java" Implct="false" Intrnl_Id="864">
<Cond/>
<LocList>
<Loc EndOffset="2573" SrcFileId="9" StartOffset="2462"/>
</LocList>
<StmntSeq Intrnl_Id="865">
<LocList>
<Loc EndOffset="2568" SrcFileId="9" StartOffset="2468"/>
</LocList>
<LoopStmnt CovItemId="S45" CovItemPrefix="com.aconex.test.TestAconex.java" Intrnl_Id="866" MltplExecId="L6-2" MltplExecPrefix="com.aconex.test.TestAconex.java" NvrExecId="L6-0" NvrExecPrefix="com.aconex.test.TestAconex.java" OnceExecutedId="L6-1" OnceExecutedPrefix="com.aconex.test.TestAconex.java" OptBodyExec="true">
<StmntSeq Intrnl_Id="867">
<LocList>
<Loc EndOffset="2562" SrcFileId="9" StartOffset="2497"/>
</LocList>
<CondStmnt CovItemId="S46" CovItemPrefix="com.aconex.test.TestAconex.java" Intrnl_Id="868">
<Branch CovItemId="B25" CovItemPrefix="com.aconex.test.TestAconex.java" Implct="false" Intrnl_Id="869">
<Cond/>
<LocList>
<Loc EndOffset="2562" SrcFileId="9" StartOffset="2535"/>
</LocList>
<StmntSeq Intrnl_Id="870">
<LocList>
<Loc EndOffset="2555" SrcFileId="9" StartOffset="2543"/>
</LocList>
<BasicStmnt CovItemId="S47" CovItemPrefix="com.aconex.test.TestAconex.java" Intrnl_Id="871">
<LocList>
<Loc EndOffset="2555" SrcFileId="9" StartOffset="2543"/>
</LocList>
</BasicStmnt>
</StmntSeq>
</Branch>
<Branch CovItemId="B26" CovItemPrefix="com.aconex.test.TestAconex.java" Implct="true" Intrnl_Id="872">
<Cond/>
<LocList/>
<StmntSeq Intrnl_Id="873">
<LocList/>
</StmntSeq>
</Branch>
<Keyword EndOffset="2499" SrcFileId="9" StartOffset="2497"/>
<LocList>
<Loc EndOffset="2562" SrcFileId="9" StartOffset="2497"/>
</LocList>
<RootTerm CovItemId="C13" CovItemPrefix="com.aconex.test.TestAconex.java" Intrnl_Id="874">
<OpTerm BooleanOpId="10" Intrnl_Id="875">
<BasicBoolTerm Intrnl_Id="876">
<LocList>
<Loc EndOffset="2534" SrcFileId="9" StartOffset="2501"/>
</LocList>
</BasicBoolTerm>
<LocList>
<Loc EndOffset="2501" SrcFileId="9" StartOffset="2500"/>
</LocList>
</OpTerm>
</RootTerm>
</CondStmnt>
</StmntSeq>
<Keyword EndOffset="2471" SrcFileId="9" StartOffset="2468"/>
<LocList>
<Loc EndOffset="2568" SrcFileId="9" StartOffset="2468"/>
</LocList>
</LoopStmnt>
</StmntSeq>
</Branch>
<Branch CovItemId="B24" CovItemPrefix="com.aconex.test.TestAconex.java" Implct="false" Intrnl_Id="877">
<Cond>
<Loc EndOffset="2577" SrcFileId="9" StartOffset="2573"/>
</Cond>
<LocList>
<Loc EndOffset="2600" SrcFileId="9" StartOffset="2577"/>
</LocList>
<StmntSeq Intrnl_Id="878">
<LocList>
<Loc EndOffset="2595" SrcFileId="9" StartOffset="2583"/>
</LocList>
<BasicStmnt CovItemId="S48" CovItemPrefix="com.aconex.test.TestAconex.java" Intrnl_Id="879">
<LocList>
<Loc EndOffset="2595" SrcFileId="9" StartOffset="2583"/>
</LocList>
</BasicStmnt>
</StmntSeq>
</Branch>
<Keyword EndOffset="2445" SrcFileId="9" StartOffset="2443"/>
<LocList>
<Loc EndOffset="2600" SrcFileId="9" StartOffset="2443"/>
</LocList>
<RootTerm CovItemId="C12" CovItemPrefix="com.aconex.test.TestAconex.java" Intrnl_Id="880">
<BasicBoolTerm Intrnl_Id="881">
<LocList>
<Loc EndOffset="2461" SrcFileId="9" StartOffset="2446"/>
</LocList>
</BasicBoolTerm>
</RootTerm>
</CondStmnt>
<BasicStmnt CovItemId="S49" CovItemPrefix="com.aconex.test.TestAconex.java" Intrnl_Id="882">
<LocList>
<Loc EndOffset="2622" SrcFileId="9" StartOffset="2604"/>
</LocList>
</BasicStmnt>
</StmntSeq>
</HierarchyLvl>
<HierarchyLvl HierarchyLvlId="39" HierarchyLvlTypeId="15" Intrnl_Id="883" Name="testsSingleStringResultWithMultipleDictionaryWordAndSingleNumbersAtLeftEnd">
<Header>
<Loc EndOffset="2731" SrcFileId="9" StartOffset="2635"/>
</Header>
<LocList>
<Loc EndOffset="3016" SrcFileId="9" StartOffset="2635"/>
</LocList>
<StmntSeq Intrnl_Id="884">
<LocList>
<Loc EndOffset="2811" SrcFileId="9" StartOffset="2736"/>
<Loc EndOffset="2836" SrcFileId="9" StartOffset="2815"/>
<Loc EndOffset="2990" SrcFileId="9" StartOffset="2840"/>
<Loc EndOffset="3012" SrcFileId="9" StartOffset="2994"/>
</LocList>
<BasicStmnt CovItemId="S50" CovItemPrefix="com.aconex.test.TestAconex.java" Intrnl_Id="885">
<LocList>
<Loc EndOffset="2811" SrcFileId="9" StartOffset="2736"/>
</LocList>
</BasicStmnt>
<BasicStmnt CovItemId="S51" CovItemPrefix="com.aconex.test.TestAconex.java" Intrnl_Id="886">
<LocList>
<Loc EndOffset="2836" SrcFileId="9" StartOffset="2815"/>
</LocList>
</BasicStmnt>
<CondStmnt CovItemId="S52" CovItemPrefix="com.aconex.test.TestAconex.java" Intrnl_Id="887">
<Branch CovItemId="B27" CovItemPrefix="com.aconex.test.TestAconex.java" Implct="false" Intrnl_Id="888">
<Cond/>
<LocList>
<Loc EndOffset="2963" SrcFileId="9" StartOffset="2859"/>
</LocList>
<StmntSeq Intrnl_Id="889">
<LocList>
<Loc EndOffset="2958" SrcFileId="9" StartOffset="2865"/>
</LocList>
<LoopStmnt CovItemId="S53" CovItemPrefix="com.aconex.test.TestAconex.java" Intrnl_Id="890" MltplExecId="L7-2" MltplExecPrefix="com.aconex.test.TestAconex.java" NvrExecId="L7-0" NvrExecPrefix="com.aconex.test.TestAconex.java" OnceExecutedId="L7-1" OnceExecutedPrefix="com.aconex.test.TestAconex.java" OptBodyExec="true">
<StmntSeq Intrnl_Id="891">
<LocList>
<Loc EndOffset="2952" SrcFileId="9" StartOffset="2894"/>
</LocList>
<CondStmnt CovItemId="S54" CovItemPrefix="com.aconex.test.TestAconex.java" Intrnl_Id="892">
<Branch CovItemId="B29" CovItemPrefix="com.aconex.test.TestAconex.java" Implct="false" Intrnl_Id="893">
<Cond/>
<LocList>
<Loc EndOffset="2952" SrcFileId="9" StartOffset="2925"/>
</LocList>
<StmntSeq Intrnl_Id="894">
<LocList>
<Loc EndOffset="2945" SrcFileId="9" StartOffset="2933"/>
</LocList>
<BasicStmnt CovItemId="S55" CovItemPrefix="com.aconex.test.TestAconex.java" Intrnl_Id="895">
<LocList>
<Loc EndOffset="2945" SrcFileId="9" StartOffset="2933"/>
</LocList>
</BasicStmnt>
</StmntSeq>
</Branch>
<Branch CovItemId="B30" CovItemPrefix="com.aconex.test.TestAconex.java" Implct="true" Intrnl_Id="896">
<Cond/>
<LocList/>
<StmntSeq Intrnl_Id="897">
<LocList/>
</StmntSeq>
</Branch>
<Keyword EndOffset="2896" SrcFileId="9" StartOffset="2894"/>
<LocList>
<Loc EndOffset="2952" SrcFileId="9" StartOffset="2894"/>
</LocList>
<RootTerm CovItemId="C15" CovItemPrefix="com.aconex.test.TestAconex.java" Intrnl_Id="898">
<OpTerm BooleanOpId="10" Intrnl_Id="899">
<BasicBoolTerm Intrnl_Id="900">
<LocList>
<Loc EndOffset="2924" SrcFileId="9" StartOffset="2898"/>
</LocList>
</BasicBoolTerm>
<LocList>
<Loc EndOffset="2898" SrcFileId="9" StartOffset="2897"/>
</LocList>
</OpTerm>
</RootTerm>
</CondStmnt>
</StmntSeq>
<Keyword EndOffset="2868" SrcFileId="9" StartOffset="2865"/>
<LocList>
<Loc EndOffset="2958" SrcFileId="9" StartOffset="2865"/>
</LocList>
</LoopStmnt>
</StmntSeq>
</Branch>
<Branch CovItemId="B28" CovItemPrefix="com.aconex.test.TestAconex.java" Implct="false" Intrnl_Id="901">
<Cond>
<Loc EndOffset="2967" SrcFileId="9" StartOffset="2963"/>
</Cond>
<LocList>
<Loc EndOffset="2990" SrcFileId="9" StartOffset="2967"/>
</LocList>
<StmntSeq Intrnl_Id="902">
<LocList>
<Loc EndOffset="2985" SrcFileId="9" StartOffset="2973"/>
</LocList>
<BasicStmnt CovItemId="S56" CovItemPrefix="com.aconex.test.TestAconex.java" Intrnl_Id="903">
<LocList>
<Loc EndOffset="2985" SrcFileId="9" StartOffset="2973"/>
</LocList>
</BasicStmnt>
</StmntSeq>
</Branch>
<Keyword EndOffset="2842" SrcFileId="9" StartOffset="2840"/>
<LocList>
<Loc EndOffset="2990" SrcFileId="9" StartOffset="2840"/>
</LocList>
<RootTerm CovItemId="C14" CovItemPrefix="com.aconex.test.TestAconex.java" Intrnl_Id="904">
<BasicBoolTerm Intrnl_Id="905">
<LocList>
<Loc EndOffset="2858" SrcFileId="9" StartOffset="2843"/>
</LocList>
</BasicBoolTerm>
</RootTerm>
</CondStmnt>
<BasicStmnt CovItemId="S57" CovItemPrefix="com.aconex.test.TestAconex.java" Intrnl_Id="906">
<LocList>
<Loc EndOffset="3012" SrcFileId="9" StartOffset="2994"/>
</LocList>
</BasicStmnt>
</StmntSeq>
</HierarchyLvl>
<HierarchyLvl HierarchyLvlId="40" HierarchyLvlTypeId="15" Intrnl_Id="907" Name="testsSingleStringResultWithMultipleDictionaryWordAndSingleNumbersAtRightEnd">
<Header>
<Loc EndOffset="3122" SrcFileId="9" StartOffset="3025"/>
</Header>
<LocList>
<Loc EndOffset="3407" SrcFileId="9" StartOffset="3025"/>
</LocList>
<StmntSeq Intrnl_Id="908">
<LocList>
<Loc EndOffset="3202" SrcFileId="9" StartOffset="3127"/>
<Loc EndOffset="3227" SrcFileId="9" StartOffset="3206"/>
<Loc EndOffset="3381" SrcFileId="9" StartOffset="3231"/>
<Loc EndOffset="3403" SrcFileId="9" StartOffset="3385"/>
</LocList>
<BasicStmnt CovItemId="S58" CovItemPrefix="com.aconex.test.TestAconex.java" Intrnl_Id="909">
<LocList>
<Loc EndOffset="3202" SrcFileId="9" StartOffset="3127"/>
</LocList>
</BasicStmnt>
<BasicStmnt CovItemId="S59" CovItemPrefix="com.aconex.test.TestAconex.java" Intrnl_Id="910">
<LocList>
<Loc EndOffset="3227" SrcFileId="9" StartOffset="3206"/>
</LocList>
</BasicStmnt>
<CondStmnt CovItemId="S60" CovItemPrefix="com.aconex.test.TestAconex.java" Intrnl_Id="911">
<Branch CovItemId="B31" CovItemPrefix="com.aconex.test.TestAconex.java" Implct="false" Intrnl_Id="912">
<Cond/>
<LocList>
<Loc EndOffset="3354" SrcFileId="9" StartOffset="3250"/>
</LocList>
<StmntSeq Intrnl_Id="913">
<LocList>
<Loc EndOffset="3349" SrcFileId="9" StartOffset="3256"/>
</LocList>
<LoopStmnt CovItemId="S61" CovItemPrefix="com.aconex.test.TestAconex.java" Intrnl_Id="914" MltplExecId="L8-2" MltplExecPrefix="com.aconex.test.TestAconex.java" NvrExecId="L8-0" NvrExecPrefix="com.aconex.test.TestAconex.java" OnceExecutedId="L8-1" OnceExecutedPrefix="com.aconex.test.TestAconex.java" OptBodyExec="true">
<StmntSeq Intrnl_Id="915">
<LocList>
<Loc EndOffset="3343" SrcFileId="9" StartOffset="3285"/>
</LocList>
<CondStmnt CovItemId="S62" CovItemPrefix="com.aconex.test.TestAconex.java" Intrnl_Id="916">
<Branch CovItemId="B33" CovItemPrefix="com.aconex.test.TestAconex.java" Implct="false" Intrnl_Id="917">
<Cond/>
<LocList>
<Loc EndOffset="3343" SrcFileId="9" StartOffset="3316"/>
</LocList>
<StmntSeq Intrnl_Id="918">
<LocList>
<Loc EndOffset="3336" SrcFileId="9" StartOffset="3324"/>
</LocList>
<BasicStmnt CovItemId="S63" CovItemPrefix="com.aconex.test.TestAconex.java" Intrnl_Id="919">
<LocList>
<Loc EndOffset="3336" SrcFileId="9" StartOffset="3324"/>
</LocList>
</BasicStmnt>
</StmntSeq>
</Branch>
<Branch CovItemId="B34" CovItemPrefix="com.aconex.test.TestAconex.java" Implct="true" Intrnl_Id="920">
<Cond/>
<LocList/>
<StmntSeq Intrnl_Id="921">
<LocList/>
</StmntSeq>
</Branch>
<Keyword EndOffset="3287" SrcFileId="9" StartOffset="3285"/>
<LocList>
<Loc EndOffset="3343" SrcFileId="9" StartOffset="3285"/>
</LocList>
<RootTerm CovItemId="C17" CovItemPrefix="com.aconex.test.TestAconex.java" Intrnl_Id="922">
<OpTerm BooleanOpId="10" Intrnl_Id="923">
<BasicBoolTerm Intrnl_Id="924">
<LocList>
<Loc EndOffset="3315" SrcFileId="9" StartOffset="3289"/>
</LocList>
</BasicBoolTerm>
<LocList>
<Loc EndOffset="3289" SrcFileId="9" StartOffset="3288"/>
</LocList>
</OpTerm>
</RootTerm>
</CondStmnt>
</StmntSeq>
<Keyword EndOffset="3259" SrcFileId="9" StartOffset="3256"/>
<LocList>
<Loc EndOffset="3349" SrcFileId="9" StartOffset="3256"/>
</LocList>
</LoopStmnt>
</StmntSeq>
</Branch>
<Branch CovItemId="B32" CovItemPrefix="com.aconex.test.TestAconex.java" Implct="false" Intrnl_Id="925">
<Cond>
<Loc EndOffset="3358" SrcFileId="9" StartOffset="3354"/>
</Cond>
<LocList>
<Loc EndOffset="3381" SrcFileId="9" StartOffset="3358"/>
</LocList>
<StmntSeq Intrnl_Id="926">
<LocList>
<Loc EndOffset="3376" SrcFileId="9" StartOffset="3364"/>
</LocList>
<BasicStmnt CovItemId="S64" CovItemPrefix="com.aconex.test.TestAconex.java" Intrnl_Id="927">
<LocList>
<Loc EndOffset="3376" SrcFileId="9" StartOffset="3364"/>
</LocList>
</BasicStmnt>
</StmntSeq>
</Branch>
<Keyword EndOffset="3233" SrcFileId="9" StartOffset="3231"/>
<LocList>
<Loc EndOffset="3381" SrcFileId="9" StartOffset="3231"/>
</LocList>
<RootTerm CovItemId="C16" CovItemPrefix="com.aconex.test.TestAconex.java" Intrnl_Id="928">
<BasicBoolTerm Intrnl_Id="929">
<LocList>
<Loc EndOffset="3249" SrcFileId="9" StartOffset="3234"/>
</LocList>
</BasicBoolTerm>
</RootTerm>
</CondStmnt>
<BasicStmnt CovItemId="S65" CovItemPrefix="com.aconex.test.TestAconex.java" Intrnl_Id="930">
<LocList>
<Loc EndOffset="3403" SrcFileId="9" StartOffset="3385"/>
</LocList>
</BasicStmnt>
</StmntSeq>
</HierarchyLvl>
<HierarchyLvl HierarchyLvlId="41" HierarchyLvlTypeId="15" Intrnl_Id="931" Name="testsSingleStringResultWithMultipleDictionaryWordAndNumbersAtBothEnds">
<Header>
<Loc EndOffset="3504" SrcFileId="9" StartOffset="3413"/>
</Header>
<LocList>
<Loc EndOffset="3791" SrcFileId="9" StartOffset="3413"/>
</LocList>
<StmntSeq Intrnl_Id="932">
<LocList>
<Loc EndOffset="3585" SrcFileId="9" StartOffset="3509"/>
<Loc EndOffset="3610" SrcFileId="9" StartOffset="3589"/>
<Loc EndOffset="3765" SrcFileId="9" StartOffset="3614"/>
<Loc EndOffset="3787" SrcFileId="9" StartOffset="3769"/>
</LocList>
<BasicStmnt CovItemId="S66" CovItemPrefix="com.aconex.test.TestAconex.java" Intrnl_Id="933">
<LocList>
<Loc EndOffset="3585" SrcFileId="9" StartOffset="3509"/>
</LocList>
</BasicStmnt>
<BasicStmnt CovItemId="S67" CovItemPrefix="com.aconex.test.TestAconex.java" Intrnl_Id="934">
<LocList>
<Loc EndOffset="3610" SrcFileId="9" StartOffset="3589"/>
</LocList>
</BasicStmnt>
<CondStmnt CovItemId="S68" CovItemPrefix="com.aconex.test.TestAconex.java" Intrnl_Id="935">
<Branch CovItemId="B35" CovItemPrefix="com.aconex.test.TestAconex.java" Implct="false" Intrnl_Id="936">
<Cond/>
<LocList>
<Loc EndOffset="3738" SrcFileId="9" StartOffset="3633"/>
</LocList>
<StmntSeq Intrnl_Id="937">
<LocList>
<Loc EndOffset="3733" SrcFileId="9" StartOffset="3639"/>
</LocList>
<LoopStmnt CovItemId="S69" CovItemPrefix="com.aconex.test.TestAconex.java" Intrnl_Id="938" MltplExecId="L9-2" MltplExecPrefix="com.aconex.test.TestAconex.java" NvrExecId="L9-0" NvrExecPrefix="com.aconex.test.TestAconex.java" OnceExecutedId="L9-1" OnceExecutedPrefix="com.aconex.test.TestAconex.java" OptBodyExec="true">
<StmntSeq Intrnl_Id="939">
<LocList>
<Loc EndOffset="3727" SrcFileId="9" StartOffset="3668"/>
</LocList>
<CondStmnt CovItemId="S70" CovItemPrefix="com.aconex.test.TestAconex.java" Intrnl_Id="940">
<Branch CovItemId="B37" CovItemPrefix="com.aconex.test.TestAconex.java" Implct="false" Intrnl_Id="941">
<Cond/>
<LocList>
<Loc EndOffset="3727" SrcFileId="9" StartOffset="3700"/>
</LocList>
<StmntSeq Intrnl_Id="942">
<LocList>
<Loc EndOffset="3720" SrcFileId="9" StartOffset="3708"/>
</LocList>
<BasicStmnt CovItemId="S71" CovItemPrefix="com.aconex.test.TestAconex.java" Intrnl_Id="943">
<LocList>
<Loc EndOffset="3720" SrcFileId="9" StartOffset="3708"/>
</LocList>
</BasicStmnt>
</StmntSeq>
</Branch>
<Branch CovItemId="B38" CovItemPrefix="com.aconex.test.TestAconex.java" Implct="true" Intrnl_Id="944">
<Cond/>
<LocList/>
<StmntSeq Intrnl_Id="945">
<LocList/>
</StmntSeq>
</Branch>
<Keyword EndOffset="3670" SrcFileId="9" StartOffset="3668"/>
<LocList>
<Loc EndOffset="3727" SrcFileId="9" StartOffset="3668"/>
</LocList>
<RootTerm CovItemId="C19" CovItemPrefix="com.aconex.test.TestAconex.java" Intrnl_Id="946">
<OpTerm BooleanOpId="10" Intrnl_Id="947">
<BasicBoolTerm Intrnl_Id="948">
<LocList>
<Loc EndOffset="3699" SrcFileId="9" StartOffset="3672"/>
</LocList>
</BasicBoolTerm>
<LocList>
<Loc EndOffset="3672" SrcFileId="9" StartOffset="3671"/>
</LocList>
</OpTerm>
</RootTerm>
</CondStmnt>
</StmntSeq>
<Keyword EndOffset="3642" SrcFileId="9" StartOffset="3639"/>
<LocList>
<Loc EndOffset="3733" SrcFileId="9" StartOffset="3639"/>
</LocList>
</LoopStmnt>
</StmntSeq>
</Branch>
<Branch CovItemId="B36" CovItemPrefix="com.aconex.test.TestAconex.java" Implct="false" Intrnl_Id="949">
<Cond>
<Loc EndOffset="3742" SrcFileId="9" StartOffset="3738"/>
</Cond>
<LocList>
<Loc EndOffset="3765" SrcFileId="9" StartOffset="3742"/>
</LocList>
<StmntSeq Intrnl_Id="950">
<LocList>
<Loc EndOffset="3760" SrcFileId="9" StartOffset="3748"/>
</LocList>
<BasicStmnt CovItemId="S72" CovItemPrefix="com.aconex.test.TestAconex.java" Intrnl_Id="951">
<LocList>
<Loc EndOffset="3760" SrcFileId="9" StartOffset="3748"/>
</LocList>
</BasicStmnt>
</StmntSeq>
</Branch>
<Keyword EndOffset="3616" SrcFileId="9" StartOffset="3614"/>
<LocList>
<Loc EndOffset="3765" SrcFileId="9" StartOffset="3614"/>
</LocList>
<RootTerm CovItemId="C18" CovItemPrefix="com.aconex.test.TestAconex.java" Intrnl_Id="952">
<BasicBoolTerm Intrnl_Id="953">
<LocList>
<Loc EndOffset="3632" SrcFileId="9" StartOffset="3617"/>
</LocList>
</BasicBoolTerm>
</RootTerm>
</CondStmnt>
<BasicStmnt CovItemId="S73" CovItemPrefix="com.aconex.test.TestAconex.java" Intrnl_Id="954">
<LocList>
<Loc EndOffset="3787" SrcFileId="9" StartOffset="3769"/>
</LocList>
</BasicStmnt>
</StmntSeq>
</HierarchyLvl>
<HierarchyLvl HierarchyLvlId="42" HierarchyLvlTypeId="15" Intrnl_Id="955" Name="testsSingleStringResultWithMultipleDictionaryWordAndNumbersAtEndsAndInBetween">
<Header>
<Loc EndOffset="3896" SrcFileId="9" StartOffset="3797"/>
</Header>
<LocList>
<Loc EndOffset="4197" SrcFileId="9" StartOffset="3797"/>
</LocList>
<StmntSeq Intrnl_Id="956">
<LocList>
<Loc EndOffset="3984" SrcFileId="9" StartOffset="3901"/>
<Loc EndOffset="4009" SrcFileId="9" StartOffset="3988"/>
<Loc EndOffset="4171" SrcFileId="9" StartOffset="4013"/>
<Loc EndOffset="4193" SrcFileId="9" StartOffset="4175"/>
</LocList>
<BasicStmnt CovItemId="S74" CovItemPrefix="com.aconex.test.TestAconex.java" Intrnl_Id="957">
<LocList>
<Loc EndOffset="3984" SrcFileId="9" StartOffset="3901"/>
</LocList>
</BasicStmnt>
<BasicStmnt CovItemId="S75" CovItemPrefix="com.aconex.test.TestAconex.java" Intrnl_Id="958">
<LocList>
<Loc EndOffset="4009" SrcFileId="9" StartOffset="3988"/>
</LocList>
</BasicStmnt>
<CondStmnt CovItemId="S76" CovItemPrefix="com.aconex.test.TestAconex.java" Intrnl_Id="959">
<Branch CovItemId="B39" CovItemPrefix="com.aconex.test.TestAconex.java" Implct="false" Intrnl_Id="960">
<Cond/>
<LocList>
<Loc EndOffset="4144" SrcFileId="9" StartOffset="4032"/>
</LocList>
<StmntSeq Intrnl_Id="961">
<LocList>
<Loc EndOffset="4139" SrcFileId="9" StartOffset="4038"/>
</LocList>
<LoopStmnt CovItemId="S77" CovItemPrefix="com.aconex.test.TestAconex.java" Intrnl_Id="962" MltplExecId="L10-2" MltplExecPrefix="com.aconex.test.TestAconex.java" NvrExecId="L10-0" NvrExecPrefix="com.aconex.test.TestAconex.java" OnceExecutedId="L10-1" OnceExecutedPrefix="com.aconex.test.TestAconex.java" OptBodyExec="true">
<StmntSeq Intrnl_Id="963">
<LocList>
<Loc EndOffset="4133" SrcFileId="9" StartOffset="4067"/>
</LocList>
<CondStmnt CovItemId="S78" CovItemPrefix="com.aconex.test.TestAconex.java" Intrnl_Id="964">
<Branch CovItemId="B41" CovItemPrefix="com.aconex.test.TestAconex.java" Implct="false" Intrnl_Id="965">
<Cond/>
<LocList>
<Loc EndOffset="4133" SrcFileId="9" StartOffset="4106"/>
</LocList>
<StmntSeq Intrnl_Id="966">
<LocList>
<Loc EndOffset="4126" SrcFileId="9" StartOffset="4114"/>
</LocList>
<BasicStmnt CovItemId="S79" CovItemPrefix="com.aconex.test.TestAconex.java" Intrnl_Id="967">
<LocList>
<Loc EndOffset="4126" SrcFileId="9" StartOffset="4114"/>
</LocList>
</BasicStmnt>
</StmntSeq>
</Branch>
<Branch CovItemId="B42" CovItemPrefix="com.aconex.test.TestAconex.java" Implct="true" Intrnl_Id="968">
<Cond/>
<LocList/>
<StmntSeq Intrnl_Id="969">
<LocList/>
</StmntSeq>
</Branch>
<Keyword EndOffset="4069" SrcFileId="9" StartOffset="4067"/>
<LocList>
<Loc EndOffset="4133" SrcFileId="9" StartOffset="4067"/>
</LocList>
<RootTerm CovItemId="C21" CovItemPrefix="com.aconex.test.TestAconex.java" Intrnl_Id="970">
<OpTerm BooleanOpId="10" Intrnl_Id="971">
<BasicBoolTerm Intrnl_Id="972">
<LocList>
<Loc EndOffset="4105" SrcFileId="9" StartOffset="4071"/>
</LocList>
</BasicBoolTerm>
<LocList>
<Loc EndOffset="4071" SrcFileId="9" StartOffset="4070"/>
</LocList>
</OpTerm>
</RootTerm>
</CondStmnt>
</StmntSeq>
<Keyword EndOffset="4041" SrcFileId="9" StartOffset="4038"/>
<LocList>
<Loc EndOffset="4139" SrcFileId="9" StartOffset="4038"/>
</LocList>
</LoopStmnt>
</StmntSeq>
</Branch>
<Branch CovItemId="B40" CovItemPrefix="com.aconex.test.TestAconex.java" Implct="false" Intrnl_Id="973">
<Cond>
<Loc EndOffset="4148" SrcFileId="9" StartOffset="4144"/>
</Cond>
<LocList>
<Loc EndOffset="4171" SrcFileId="9" StartOffset="4148"/>
</LocList>
<StmntSeq Intrnl_Id="974">
<LocList>
<Loc EndOffset="4166" SrcFileId="9" StartOffset="4154"/>
</LocList>
<BasicStmnt CovItemId="S80" CovItemPrefix="com.aconex.test.TestAconex.java" Intrnl_Id="975">
<LocList>
<Loc EndOffset="4166" SrcFileId="9" StartOffset="4154"/>
</LocList>
</BasicStmnt>
</StmntSeq>
</Branch>
<Keyword EndOffset="4015" SrcFileId="9" StartOffset="4013"/>
<LocList>
<Loc EndOffset="4171" SrcFileId="9" StartOffset="4013"/>
</LocList>
<RootTerm CovItemId="C20" CovItemPrefix="com.aconex.test.TestAconex.java" Intrnl_Id="976">
<BasicBoolTerm Intrnl_Id="977">
<LocList>
<Loc EndOffset="4031" SrcFileId="9" StartOffset="4016"/>
</LocList>
</BasicBoolTerm>
</RootTerm>
</CondStmnt>
<BasicStmnt CovItemId="S81" CovItemPrefix="com.aconex.test.TestAconex.java" Intrnl_Id="978">
<LocList>
<Loc EndOffset="4193" SrcFileId="9" StartOffset="4175"/>
</LocList>
</BasicStmnt>
</StmntSeq>
</HierarchyLvl>
<HierarchyLvl HierarchyLvlId="43" HierarchyLvlTypeId="15" Intrnl_Id="979" Name="testsResultWithMultipleDictionaryWordAndNumbersConsecutiveInResult">
<Header>
<Loc EndOffset="4294" SrcFileId="9" StartOffset="4206"/>
</Header>
<LocList>
<Loc EndOffset="4831" SrcFileId="9" StartOffset="4206"/>
</LocList>
<StmntSeq Intrnl_Id="980">
<LocList>
<Loc EndOffset="4383" SrcFileId="9" StartOffset="4299"/>
<Loc EndOffset="4407" SrcFileId="9" StartOffset="4387"/>
<Loc EndOffset="4547" SrcFileId="9" StartOffset="4415"/>
<Loc EndOffset="4804" SrcFileId="9" StartOffset="4555"/>
<Loc EndOffset="4827" SrcFileId="9" StartOffset="4808"/>
</LocList>
<BasicStmnt CovItemId="S82" CovItemPrefix="com.aconex.test.TestAconex.java" Intrnl_Id="981">
<LocList>
<Loc EndOffset="4383" SrcFileId="9" StartOffset="4299"/>
</LocList>
</BasicStmnt>
<BasicStmnt CovItemId="S83" CovItemPrefix="com.aconex.test.TestAconex.java" Intrnl_Id="982">
<LocList>
<Loc EndOffset="4407" SrcFileId="9" StartOffset="4387"/>
</LocList>
</BasicStmnt>
<CondStmnt CovItemId="S84" CovItemPrefix="com.aconex.test.TestAconex.java" Intrnl_Id="983">
<Branch CovItemId="B43" CovItemPrefix="com.aconex.test.TestAconex.java" Implct="false" Intrnl_Id="984">
<Cond/>
<LocList>
<Loc EndOffset="4547" SrcFileId="9" StartOffset="4434"/>
</LocList>
<StmntSeq Intrnl_Id="985">
<LocList>
<Loc EndOffset="4542" SrcFileId="9" StartOffset="4440"/>
</LocList>
<LoopStmnt CovItemId="S85" CovItemPrefix="com.aconex.test.TestAconex.java" Intrnl_Id="986" MltplExecId="L11-2" MltplExecPrefix="com.aconex.test.TestAconex.java" NvrExecId="L11-0" NvrExecPrefix="com.aconex.test.TestAconex.java" OnceExecutedId="L11-1" OnceExecutedPrefix="com.aconex.test.TestAconex.java" OptBodyExec="true">
<StmntSeq Intrnl_Id="987">
<LocList>
<Loc EndOffset="4536" SrcFileId="9" StartOffset="4469"/>
</LocList>
<CondStmnt CovItemId="S86" CovItemPrefix="com.aconex.test.TestAconex.java" Intrnl_Id="988">
<Branch CovItemId="B45" CovItemPrefix="com.aconex.test.TestAconex.java" Implct="false" Intrnl_Id="989">
<Cond/>
<LocList>
<Loc EndOffset="4536" SrcFileId="9" StartOffset="4508"/>
</LocList>
<StmntSeq Intrnl_Id="990">
<LocList>
<Loc EndOffset="4529" SrcFileId="9" StartOffset="4516"/>
</LocList>
<BasicStmnt CovItemId="S87" CovItemPrefix="com.aconex.test.TestAconex.java" Intrnl_Id="991">
<LocList>
<Loc EndOffset="4529" SrcFileId="9" StartOffset="4516"/>
</LocList>
</BasicStmnt>
</StmntSeq>
</Branch>
<Branch CovItemId="B46" CovItemPrefix="com.aconex.test.TestAconex.java" Implct="true" Intrnl_Id="992">
<Cond/>
<LocList/>
<StmntSeq Intrnl_Id="993">
<LocList/>
</StmntSeq>
</Branch>
<Keyword EndOffset="4471" SrcFileId="9" StartOffset="4469"/>
<LocList>
<Loc EndOffset="4536" SrcFileId="9" StartOffset="4469"/>
</LocList>
<RootTerm CovItemId="C23" CovItemPrefix="com.aconex.test.TestAconex.java" Intrnl_Id="994">
<BasicBoolTerm Intrnl_Id="995">
<LocList>
<Loc EndOffset="4507" SrcFileId="9" StartOffset="4472"/>
</LocList>
</BasicBoolTerm>
</RootTerm>
</CondStmnt>
</StmntSeq>
<Keyword EndOffset="4443" SrcFileId="9" StartOffset="4440"/>
<LocList>
<Loc EndOffset="4542" SrcFileId="9" StartOffset="4440"/>
</LocList>
</LoopStmnt>
</StmntSeq>
</Branch>
<Branch CovItemId="B44" CovItemPrefix="com.aconex.test.TestAconex.java" Implct="true" Intrnl_Id="996">
<Cond/>
<LocList/>
<StmntSeq Intrnl_Id="997">
<LocList/>
</StmntSeq>
</Branch>
<Keyword EndOffset="4417" SrcFileId="9" StartOffset="4415"/>
<LocList>
<Loc EndOffset="4547" SrcFileId="9" StartOffset="4415"/>
</LocList>
<RootTerm CovItemId="C22" CovItemPrefix="com.aconex.test.TestAconex.java" Intrnl_Id="998">
<BasicBoolTerm Intrnl_Id="999">
<LocList>
<Loc EndOffset="4433" SrcFileId="9" StartOffset="4418"/>
</LocList>
</BasicBoolTerm>
</RootTerm>
</CondStmnt>
<CondStmnt CovItemId="S88" CovItemPrefix="com.aconex.test.TestAconex.java" Intrnl_Id="1000">
<Branch CovItemId="B47" CovItemPrefix="com.aconex.test.TestAconex.java" Implct="false" Intrnl_Id="1001">
<Cond/>
<LocList>
<Loc EndOffset="4804" SrcFileId="9" StartOffset="4563"/>
</LocList>
<StmntSeq Intrnl_Id="1002">
<LocList>
<Loc EndOffset="4655" SrcFileId="9" StartOffset="4569"/>
<Loc EndOffset="4799" SrcFileId="9" StartOffset="4660"/>
</LocList>
<BasicStmnt CovItemId="S89" CovItemPrefix="com.aconex.test.TestAconex.java" Intrnl_Id="1003">
<LocList>
<Loc EndOffset="4655" SrcFileId="9" StartOffset="4569"/>
</LocList>
</BasicStmnt>
<CondStmnt CovItemId="S90" CovItemPrefix="com.aconex.test.TestAconex.java" Intrnl_Id="1004">
<Branch CovItemId="B49" CovItemPrefix="com.aconex.test.TestAconex.java" Implct="false" Intrnl_Id="1005">
<Cond/>
<LocList>
<Loc EndOffset="4799" SrcFileId="9" StartOffset="4680"/>
</LocList>
<StmntSeq Intrnl_Id="1006">
<LocList>
<Loc EndOffset="4793" SrcFileId="9" StartOffset="4687"/>
</LocList>
<LoopStmnt CovItemId="S91" CovItemPrefix="com.aconex.test.TestAconex.java" Intrnl_Id="1007" MltplExecId="L12-2" MltplExecPrefix="com.aconex.test.TestAconex.java" NvrExecId="L12-0" NvrExecPrefix="com.aconex.test.TestAconex.java" OnceExecutedId="L12-1" OnceExecutedPrefix="com.aconex.test.TestAconex.java" OptBodyExec="true">
<StmntSeq Intrnl_Id="1008">
<LocList>
<Loc EndOffset="4786" SrcFileId="9" StartOffset="4717"/>
</LocList>
<CondStmnt CovItemId="S92" CovItemPrefix="com.aconex.test.TestAconex.java" Intrnl_Id="1009">
<Branch CovItemId="B51" CovItemPrefix="com.aconex.test.TestAconex.java" Implct="false" Intrnl_Id="1010">
<Cond/>
<LocList>
<Loc EndOffset="4786" SrcFileId="9" StartOffset="4756"/>
</LocList>
<StmntSeq Intrnl_Id="1011">
<LocList>
<Loc EndOffset="4778" SrcFileId="9" StartOffset="4765"/>
</LocList>
<BasicStmnt CovItemId="S93" CovItemPrefix="com.aconex.test.TestAconex.java" Intrnl_Id="1012">
<LocList>
<Loc EndOffset="4778" SrcFileId="9" StartOffset="4765"/>
</LocList>
</BasicStmnt>
</StmntSeq>
</Branch>
<Branch CovItemId="B52" CovItemPrefix="com.aconex.test.TestAconex.java" Implct="true" Intrnl_Id="1013">
<Cond/>
<LocList/>
<StmntSeq Intrnl_Id="1014">
<LocList/>
</StmntSeq>
</Branch>
<Keyword EndOffset="4719" SrcFileId="9" StartOffset="4717"/>
<LocList>
<Loc EndOffset="4786" SrcFileId="9" StartOffset="4717"/>
</LocList>
<RootTerm CovItemId="C26" CovItemPrefix="com.aconex.test.TestAconex.java" Intrnl_Id="1015">
<BasicBoolTerm Intrnl_Id="1016">
<LocList>
<Loc EndOffset="4755" SrcFileId="9" StartOffset="4720"/>
</LocList>
</BasicBoolTerm>
</RootTerm>
</CondStmnt>
</StmntSeq>
<Keyword EndOffset="4690" SrcFileId="9" StartOffset="4687"/>
<LocList>
<Loc EndOffset="4793" SrcFileId="9" StartOffset="4687"/>
</LocList>
</LoopStmnt>
</StmntSeq>
</Branch>
<Branch CovItemId="B50" CovItemPrefix="com.aconex.test.TestAconex.java" Implct="true" Intrnl_Id="1017">
<Cond/>
<LocList/>
<StmntSeq Intrnl_Id="1018">
<LocList/>
</StmntSeq>
</Branch>
<Keyword EndOffset="4662" SrcFileId="9" StartOffset="4660"/>
<LocList>
<Loc EndOffset="4799" SrcFileId="9" StartOffset="4660"/>
</LocList>
<RootTerm CovItemId="C25" CovItemPrefix="com.aconex.test.TestAconex.java" Intrnl_Id="1019">
<BasicBoolTerm Intrnl_Id="1020">
<LocList>
<Loc EndOffset="4679" SrcFileId="9" StartOffset="4663"/>
</LocList>
</BasicBoolTerm>
</RootTerm>
</CondStmnt>
</StmntSeq>
</Branch>
<Branch CovItemId="B48" CovItemPrefix="com.aconex.test.TestAconex.java" Implct="true" Intrnl_Id="1021">
<Cond/>
<LocList/>
<StmntSeq Intrnl_Id="1022">
<LocList/>
</StmntSeq>
</Branch>
<Keyword EndOffset="4557" SrcFileId="9" StartOffset="4555"/>
<LocList>
<Loc EndOffset="4804" SrcFileId="9" StartOffset="4555"/>
</LocList>
<RootTerm CovItemId="C24" CovItemPrefix="com.aconex.test.TestAconex.java" Intrnl_Id="1023">
<BasicBoolTerm Intrnl_Id="1024">
<LocList>
<Loc EndOffset="4562" SrcFileId="9" StartOffset="4558"/>
</LocList>
</BasicBoolTerm>
</RootTerm>
</CondStmnt>
<BasicStmnt CovItemId="S94" CovItemPrefix="com.aconex.test.TestAconex.java" Intrnl_Id="1025">
<LocList>
<Loc EndOffset="4827" SrcFileId="9" StartOffset="4808"/>
</LocList>
</BasicStmnt>
</StmntSeq>
</HierarchyLvl>
<HierarchyLvl HierarchyLvlId="44" HierarchyLvlTypeId="15" Intrnl_Id="1026" Name="testPhoneNumberForAmbiguity">
<Header>
<Loc EndOffset="4950" SrcFileId="9" StartOffset="4901"/>
</Header>
<LocList>
<Loc EndOffset="5251" SrcFileId="9" StartOffset="4901"/>
</LocList>
<StmntSeq Intrnl_Id="1027">
<LocList>
<Loc EndOffset="5025" SrcFileId="9" StartOffset="4955"/>
<Loc EndOffset="5050" SrcFileId="9" StartOffset="5029"/>
<Loc EndOffset="5225" SrcFileId="9" StartOffset="5054"/>
<Loc EndOffset="5247" SrcFileId="9" StartOffset="5229"/>
</LocList>
<BasicStmnt CovItemId="S95" CovItemPrefix="com.aconex.test.TestAconex.java" Intrnl_Id="1028">
<LocList>
<Loc EndOffset="5025" SrcFileId="9" StartOffset="4955"/>
</LocList>
</BasicStmnt>
<BasicStmnt CovItemId="S96" CovItemPrefix="com.aconex.test.TestAconex.java" Intrnl_Id="1029">
<LocList>
<Loc EndOffset="5050" SrcFileId="9" StartOffset="5029"/>
</LocList>
</BasicStmnt>
<CondStmnt CovItemId="S97" CovItemPrefix="com.aconex.test.TestAconex.java" Intrnl_Id="1030">
<Branch CovItemId="B53" CovItemPrefix="com.aconex.test.TestAconex.java" Implct="false" Intrnl_Id="1031">
<Cond/>
<LocList>
<Loc EndOffset="5198" SrcFileId="9" StartOffset="5073"/>
</LocList>
<StmntSeq Intrnl_Id="1032">
<LocList>
<Loc EndOffset="5193" SrcFileId="9" StartOffset="5079"/>
</LocList>
<LoopStmnt CovItemId="S98" CovItemPrefix="com.aconex.test.TestAconex.java" Intrnl_Id="1033" MltplExecId="L13-2" MltplExecPrefix="com.aconex.test.TestAconex.java" NvrExecId="L13-0" NvrExecPrefix="com.aconex.test.TestAconex.java" OnceExecutedId="L13-1" OnceExecutedPrefix="com.aconex.test.TestAconex.java" OptBodyExec="true">
<StmntSeq Intrnl_Id="1034">
<LocList>
<Loc EndOffset="5187" SrcFileId="9" StartOffset="5108"/>
</LocList>
<CondStmnt CovItemId="S99" CovItemPrefix="com.aconex.test.TestAconex.java" Intrnl_Id="1035">
<Branch CovItemId="B55" CovItemPrefix="com.aconex.test.TestAconex.java" Implct="false" Intrnl_Id="1036">
<Cond/>
<LocList>
<Loc EndOffset="5187" SrcFileId="9" StartOffset="5160"/>
</LocList>
<StmntSeq Intrnl_Id="1037">
<LocList>
<Loc EndOffset="5180" SrcFileId="9" StartOffset="5168"/>
</LocList>
<BasicStmnt CovItemId="S100" CovItemPrefix="com.aconex.test.TestAconex.java" Intrnl_Id="1038">
<LocList>
<Loc EndOffset="5180" SrcFileId="9" StartOffset="5168"/>
</LocList>
</BasicStmnt>
</StmntSeq>
</Branch>
<Branch CovItemId="B56" CovItemPrefix="com.aconex.test.TestAconex.java" Implct="true" Intrnl_Id="1039">
<Cond/>
<LocList/>
<StmntSeq Intrnl_Id="1040">
<LocList/>
</StmntSeq>
</Branch>
<Keyword EndOffset="5110" SrcFileId="9" StartOffset="5108"/>
<LocList>
<Loc EndOffset="5187" SrcFileId="9" StartOffset="5108"/>
</LocList>
<RootTerm CovItemId="C28" CovItemPrefix="com.aconex.test.TestAconex.java" Intrnl_Id="1041">
<OpTerm BooleanOpId="11" Intrnl_Id="1042">
<OpTerm BooleanOpId="10" Intrnl_Id="1043">
<BasicBoolTerm Intrnl_Id="1044">
<LocList>
<Loc EndOffset="5133" SrcFileId="9" StartOffset="5112"/>
</LocList>
</BasicBoolTerm>
<LocList>
<Loc EndOffset="5112" SrcFileId="9" StartOffset="5111"/>
</LocList>
</OpTerm>
<OpTerm BooleanOpId="10" Intrnl_Id="1045">
<BasicBoolTerm Intrnl_Id="1046">
<LocList>
<Loc EndOffset="5159" SrcFileId="9" StartOffset="5138"/>
</LocList>
</BasicBoolTerm>
<LocList>
<Loc EndOffset="5138" SrcFileId="9" StartOffset="5137"/>
</LocList>
</OpTerm>
<LocList>
<Loc EndOffset="5136" SrcFileId="9" StartOffset="5134"/>
</LocList>
</OpTerm>
</RootTerm>
</CondStmnt>
</StmntSeq>
<Keyword EndOffset="5082" SrcFileId="9" StartOffset="5079"/>
<LocList>
<Loc EndOffset="5193" SrcFileId="9" StartOffset="5079"/>
</LocList>
</LoopStmnt>
</StmntSeq>
</Branch>
<Branch CovItemId="B54" CovItemPrefix="com.aconex.test.TestAconex.java" Implct="false" Intrnl_Id="1047">
<Cond>
<Loc EndOffset="5202" SrcFileId="9" StartOffset="5198"/>
</Cond>
<LocList>
<Loc EndOffset="5225" SrcFileId="9" StartOffset="5202"/>
</LocList>
<StmntSeq Intrnl_Id="1048">
<LocList>
<Loc EndOffset="5220" SrcFileId="9" StartOffset="5208"/>
</LocList>
<BasicStmnt CovItemId="S101" CovItemPrefix="com.aconex.test.TestAconex.java" Intrnl_Id="1049">
<LocList>
<Loc EndOffset="5220" SrcFileId="9" StartOffset="5208"/>
</LocList>
</BasicStmnt>
</StmntSeq>
</Branch>
<Keyword EndOffset="5056" SrcFileId="9" StartOffset="5054"/>
<LocList>
<Loc EndOffset="5225" SrcFileId="9" StartOffset="5054"/>
</LocList>
<RootTerm CovItemId="C27" CovItemPrefix="com.aconex.test.TestAconex.java" Intrnl_Id="1050">
<BasicBoolTerm Intrnl_Id="1051">
<LocList>
<Loc EndOffset="5072" SrcFileId="9" StartOffset="5057"/>
</LocList>
</BasicBoolTerm>
</RootTerm>
</CondStmnt>
<BasicStmnt CovItemId="S102" CovItemPrefix="com.aconex.test.TestAconex.java" Intrnl_Id="1052">
<LocList>
<Loc EndOffset="5247" SrcFileId="9" StartOffset="5229"/>
</LocList>
</BasicStmnt>
</StmntSeq>
</HierarchyLvl>
</HierarchyLvl>
</HierarchyLvl>
</HierarchyLvl>
</HierarchyLvl>
</HierarchyLvl>
</MASTRoot>
</TestSessionContainer>
