<?xml version="1.0" encoding="UTF-8"?><TestSessionContainer xmlns="http://www.codecover.org/xml/testsession-container" Date="1421699306112" TestSessionContainerId="535d22fc-04e2-4081-8601-96f981efb4e1" version="1.0">
<SrcFileList>
<SrcFile Content="package com.aconex.coding.challenge;&#13;&#10;&#13;&#10;import java.util.ArrayList;&#13;&#10;import java.util.HashMap;&#13;&#10;import java.util.HashSet;&#13;&#10;import java.util.Map;&#13;&#10;import java.util.Set;&#13;&#10;&#13;&#10;public class NumberToAlphaConverter {&#13;&#10;&#13;&#10;static Map&lt;String,ArrayList&lt;String&gt;&gt; numberEncodingMap = new HashMap&lt;String,ArrayList&lt;String&gt;&gt;();&#13;&#10;&#9;&#13;&#10;&#9;static {&#13;&#10;&#9;&#9;ArrayList&lt;String&gt; digit2Encoding = new ArrayList&lt;String&gt;();&#13;&#10;&#9;&#9;digit2Encoding.add(&quot;A&quot;);&#13;&#10;&#9;&#9;digit2Encoding.add(&quot;B&quot;);&#13;&#10;&#9;&#9;digit2Encoding.add(&quot;C&quot;);&#13;&#10;&#9;&#9;numberEncodingMap.put(&quot;2&quot;,digit2Encoding);&#13;&#10;&#9;&#9;ArrayList&lt;String&gt; digit3Encoding = new ArrayList&lt;String&gt;();&#13;&#10;&#9;&#9;digit3Encoding.add(&quot;D&quot;);&#13;&#10;&#9;&#9;digit3Encoding.add(&quot;E&quot;);&#13;&#10;&#9;&#9;digit3Encoding.add(&quot;F&quot;);&#13;&#10;&#9;&#9;numberEncodingMap.put(&quot;3&quot;,digit3Encoding);&#13;&#10;&#9;&#9;ArrayList&lt;String&gt; digit4Encoding = new ArrayList&lt;String&gt;();&#13;&#10;&#9;&#9;digit4Encoding.add(&quot;G&quot;);&#13;&#10;&#9;&#9;digit4Encoding.add(&quot;H&quot;);&#13;&#10;&#9;&#9;digit4Encoding.add(&quot;I&quot;);&#13;&#10;&#9;&#9;numberEncodingMap.put(&quot;4&quot;,digit4Encoding);&#13;&#10;&#9;&#9;ArrayList&lt;String&gt; digit5Encoding = new ArrayList&lt;String&gt;();&#13;&#10;&#9;&#9;digit5Encoding.add(&quot;J&quot;);&#13;&#10;&#9;&#9;digit5Encoding.add(&quot;K&quot;);&#13;&#10;&#9;&#9;digit5Encoding.add(&quot;L&quot;);&#13;&#10;&#9;&#9;numberEncodingMap.put(&quot;5&quot;,digit5Encoding);&#13;&#10;&#9;&#9;ArrayList&lt;String&gt; digit6Encoding = new ArrayList&lt;String&gt;();&#13;&#10;&#9;&#9;digit6Encoding.add(&quot;M&quot;);&#13;&#10;&#9;&#9;digit6Encoding.add(&quot;N&quot;);&#13;&#10;&#9;&#9;digit6Encoding.add(&quot;O&quot;);&#13;&#10;&#9;&#9;numberEncodingMap.put(&quot;6&quot;,digit6Encoding);&#13;&#10;&#9;&#9;ArrayList&lt;String&gt; digit7Encoding = new ArrayList&lt;String&gt;();&#13;&#10;&#9;&#9;digit7Encoding.add(&quot;P&quot;);&#13;&#10;&#9;&#9;digit7Encoding.add(&quot;Q&quot;);&#13;&#10;&#9;&#9;digit7Encoding.add(&quot;R&quot;);&#13;&#10;&#9;&#9;digit7Encoding.add(&quot;S&quot;);&#13;&#10;&#9;&#9;numberEncodingMap.put(&quot;7&quot;,digit7Encoding);&#13;&#10;&#9;&#9;ArrayList&lt;String&gt; digit8Encoding = new ArrayList&lt;String&gt;();&#13;&#10;&#9;&#9;digit8Encoding.add(&quot;T&quot;);&#13;&#10;&#9;&#9;digit8Encoding.add(&quot;U&quot;);&#13;&#10;&#9;&#9;digit8Encoding.add(&quot;V&quot;);&#13;&#10;&#9;&#9;numberEncodingMap.put(&quot;8&quot;,digit8Encoding);&#13;&#10;&#9;&#9;ArrayList&lt;String&gt; digit9Encoding = new ArrayList&lt;String&gt;();&#13;&#10;&#9;&#9;digit9Encoding.add(&quot;W&quot;);&#13;&#10;&#9;&#9;digit9Encoding.add(&quot;X&quot;);&#13;&#10;&#9;&#9;digit9Encoding.add(&quot;Y&quot;);&#13;&#10;&#9;&#9;digit9Encoding.add(&quot;Z&quot;);&#13;&#10;&#9;&#9;numberEncodingMap.put(&quot;9&quot;,digit9Encoding);&#13;&#10;&#9;}&#13;&#10;&#9;&#13;&#10;&#9;&#13;&#10;&#9;private static int findLastDigitPosition(String convertedString){&#13;&#10;&#9;&#9;int pos = -1;&#13;&#10;&#9;&#9;char digit0 = '0';&#13;&#10;&#9;&#9;char digit9 = '9';&#13;&#10;&#9;&#9;for(int index = 0; index&lt;convertedString.length();index++){&#13;&#10;&#9;&#9;&#9;char charAtPos = convertedString.charAt(index);&#13;&#10;&#9;&#9;&#9;if(charAtPos&gt;=digit0 &amp;&amp; charAtPos&lt;=digit9){&#13;&#10;&#9;&#9;&#9;&#9;pos = index;&#13;&#10;&#9;&#9;&#9;}else if(charAtPos == '-'){&#13;&#10;&#9;&#9;&#9;&#9;pos = index;&#13;&#10;&#9;&#9;&#9;}&#13;&#10;&#9;&#9;}&#13;&#10;&#9;&#9;return pos;&#13;&#10;&#9;&#9;&#13;&#10;&#9;}&#13;&#10;&#9;&#13;&#10;&#9;private static String alphaToDigit(char alpha){&#13;&#10;&#9;&#9;if(alpha&gt;='A'&amp;&amp;alpha&lt;='C'){&#13;&#10;&#9;&#9;&#9;return &quot;2&quot;;&#13;&#10;&#9;&#9;}else if(alpha&gt;='D'&amp;&amp;alpha&lt;='F'){&#13;&#10;&#9;&#9;&#9;return &quot;3&quot;;&#13;&#10;&#9;&#9;}else if(alpha&gt;='G'&amp;&amp;alpha&lt;='I'){&#13;&#10;&#9;&#9;&#9;return &quot;4&quot;;&#13;&#10;&#9;&#9;}else if(alpha&gt;='J'&amp;&amp;alpha&lt;='L'){&#13;&#10;&#9;&#9;&#9;return &quot;5&quot;;&#13;&#10;&#9;&#9;}else if(alpha&gt;='M'&amp;&amp;alpha&lt;='O'){&#13;&#10;&#9;&#9;&#9;return &quot;6&quot;;&#13;&#10;&#9;&#9;}else if(alpha&gt;='P'&amp;&amp;alpha&lt;='S'){&#13;&#10;&#9;&#9;&#9;return &quot;7&quot;;&#13;&#10;&#9;&#9;}else if(alpha&gt;='T'&amp;&amp;alpha&lt;='V'){&#13;&#10;&#9;&#9;&#9;return &quot;8&quot;;&#13;&#10;&#9;&#9;}else{&#13;&#10;&#9;&#9;&#9;return &quot;9&quot;;&#13;&#10;&#9;&#9;}&#13;&#10;&#9;}&#13;&#10;&#9;&#13;&#10;&#9;&#13;&#10;&#9;private static Set&lt;String&gt; replaceStringWithDigit(String str){&#13;&#10;&#9;&#9;Set&lt;String&gt; newSet = new HashSet&lt;String&gt;();&#13;&#10;&#9;&#9;for(int i=0;i&lt;str.length()-1;i++){&#13;&#10;&#9;&#9;&#9;if(i==0){&#13;&#10;&#9;&#9;&#9;&#9;String temp = str.substring(i+1);&#13;&#10;&#9;&#9;&#9;&#9;if(Dictionary.isStringPatternExistInDictionary(temp)){&#13;&#10;&#9;&#9;&#9;&#9;&#9;newSet.add(alphaToDigit(str.charAt(i))+temp);&#13;&#10;&#9;&#9;&#9;&#9;}&#13;&#10;&#9;&#9;&#9;}&#13;&#10;&#9;&#9;&#9;else{&#13;&#10;&#9;&#9;&#9;&#9;String temp = str.substring(0,i);&#13;&#10;&#9;&#9;&#9;&#9;if(Dictionary.isStringExistInDictionary(temp)){&#13;&#10;&#9;&#9;&#9;&#9;&#9;String temp2 = str.substring(i+1);&#13;&#10;&#9;&#9;&#9;&#9;&#9;if(Dictionary.isStringPatternExistInDictionary(temp2)){&#13;&#10;&#9;&#9;&#9;&#9;&#9;&#9;newSet.add(temp+alphaToDigit(str.charAt(i))+temp2);&#13;&#10;&#9;&#9;&#9;&#9;&#9;}&#13;&#10;&#9;&#9;&#9;&#9;}&#13;&#10;&#9;&#9;&#9;}&#13;&#10;&#9;&#9;}&#13;&#10;//&#9;&#9;if(newSet.size()&gt;0){&#13;&#10;//&#9;&#9;&#9;System.out.println(&quot;AlphaToDigitConverter--&quot;);&#13;&#10;//&#9;&#9;&#9;for(String atr:newSet){&#13;&#10;//&#9;&#9;&#9;&#9;System.out.println(atr);&#13;&#10;//&#9;&#9;&#9;}&#13;&#10;//&#9;&#9;}&#13;&#10;&#9;&#9;return newSet;&#13;&#10;&#9;}&#13;&#10;&#9;&#13;&#10;&#9;private static Set&lt;String&gt; addToSet(Set&lt;String&gt; convertedSet,ArrayList&lt;String&gt; arr, String digit,boolean isFirstIndex){&#13;&#10;&#9;&#9;Set&lt;String&gt; newConvertedSet = new HashSet&lt;String&gt;();&#13;&#10;&#9;&#9;if(convertedSet.size()&gt;0){&#13;&#10;&#9;&#9;&#9;for(String convertedStr : convertedSet){&#13;&#10;&#9;&#9;&#9;&#9;final int lastDigitPos = findLastDigitPosition(convertedStr);&#13;&#10;&#9;&#9;&#9;&#9;String str = convertedStr.substring(lastDigitPos+1);&#13;&#10;&#9;&#9;&#9;&#9;for(String encodedStr : arr){&#13;&#10;&#9;&#9;&#9;&#9;&#9;final String temp = str.concat(encodedStr);&#13;&#10;&#9;&#9;&#9;&#9;&#9;if(Dictionary.isStringPatternExistInDictionary(temp)){&#13;&#10;&#9;&#9;&#9;&#9;&#9;&#9;newConvertedSet.add(convertedStr.concat(encodedStr));&#13;&#10;&#9;&#9;&#9;&#9;&#9;}&#13;&#10;&#9;&#9;&#9;&#9;&#9;else{&#13;&#10;&#9;&#9;&#9;&#9;&#9;&#9;if(Dictionary.isStringExistInDictionary(str) &amp;&amp; (lastDigitPos!=convertedStr.length()-1))&#13;&#10;&#9;&#9;&#9;&#9;&#9;&#9;{&#13;&#10;&#9;&#9;&#9;&#9;&#9;&#9;&#9;newConvertedSet.add(convertedStr.concat(digit));&#13;&#10;&#9;&#9;&#9;&#9;&#9;&#9;}&#13;&#10;&#9;&#9;&#9;&#9;&#9;&#9;Set&lt;String&gt; tempSet = replaceStringWithDigit(temp);&#13;&#10;&#9;&#9;&#9;&#9;&#9;&#9;if(tempSet.size()&gt;0){&#13;&#10;&#9;&#9;&#9;&#9;&#9;&#9;&#9;for(String tempStr:tempSet){&#13;&#10;&#9;&#9;&#9;&#9;&#9;&#9;&#9;&#9;char firstLetter = tempStr.charAt(0);&#13;&#10;&#9;&#9;&#9;&#9;&#9;&#9;&#9;&#9;if(!(firstLetter &gt;= '0' &amp;&amp; firstLetter&lt;='9') || lastDigitPos == -1){&#13;&#10;&#9;&#9;&#9;&#9;&#9;&#9;&#9;&#9;&#9;newConvertedSet.add(tempStr);&#13;&#10;&#9;&#9;&#9;&#9;&#9;&#9;&#9;&#9;}&#13;&#10;&#9;&#9;&#9;&#9;&#9;&#9;&#9;}&#13;&#10;&#9;&#9;&#9;&#9;&#9;&#9;}&#13;&#10;&#9;&#9;&#9;&#9;&#9;}&#13;&#10;&#9;&#9;&#9;&#9;&#9;if(lastDigitPos!=-1){&#13;&#10;&#9;&#9;&#9;&#9;&#9;&#9;ArrayList&lt;String&gt; arr1 = numberEncodingMap.get(String.valueOf(convertedStr.charAt(lastDigitPos)));&#13;&#10;&#9;&#9;&#9;&#9;&#9;&#9;if(arr1!=null){&#13;&#10;&#9;&#9;&#9;&#9;&#9;&#9;&#9;for(String strL : arr1){&#13;&#10;&#9;&#9;&#9;&#9;&#9;&#9;&#9;&#9;String tempStr = strL+temp;&#13;&#10;&#9;&#9;&#9;&#9;&#9;&#9;&#9;&#9;if(Dictionary.isStringPatternExistInDictionary(tempStr)){&#13;&#10;&#9;&#9;&#9;&#9;&#9;&#9;&#9;&#9;&#9;if(lastDigitPos != 0){&#13;&#10;&#9;&#9;&#9;&#9;&#9;&#9;&#9;&#9;&#9;&#9;newConvertedSet.add(convertedStr.substring(0,lastDigitPos).concat(&quot;-&quot;).concat(tempStr));&#13;&#10;&#9;&#9;&#9;&#9;&#9;&#9;&#9;&#9;&#9;}else{&#13;&#10;&#9;&#9;&#9;&#9;&#9;&#9;&#9;&#9;&#9;&#9;newConvertedSet.add(tempStr);&#13;&#10;&#9;&#9;&#9;&#9;&#9;&#9;&#9;&#9;&#9;}&#13;&#10;&#9;&#9;&#9;&#9;&#9;&#9;&#9;&#9;}&#13;&#10;&#9;&#9;&#9;&#9;&#9;&#9;&#9;}&#13;&#10;&#9;&#9;&#9;&#9;&#9;&#9;}&#13;&#10;&#9;&#9;&#9;&#9;&#9;}&#13;&#10;&#9;&#9;&#9;&#9;}&#13;&#10;&#9;&#9;&#9;}&#13;&#10;&#9;&#9;}else if(isFirstIndex){&#13;&#10;&#9;&#9;&#9;for(String encodedStr:arr){&#13;&#10;&#9;&#9;&#9;&#9;newConvertedSet.add(encodedStr);&#13;&#10;&#9;&#9;&#9;}&#13;&#10;&#9;&#9;}&#13;&#10;&#9;&#9;return newConvertedSet;&#13;&#10;&#9;}&#13;&#10;&#9;&#13;&#10;&#9;&#13;&#10;&#9;public static Set&lt;String&gt; convertToAlpha(final String number){&#13;&#10;&#9;&#9;Set&lt;String&gt; convertedSet = new HashSet&lt;String&gt;();&#13;&#10;&#9;&#9;boolean isFirst = true;&#13;&#10;&#9;&#9;for(int index = 0;index&lt;number.length();index++){&#13;&#10;&#9;&#9;&#9;char digit = number.charAt(index);&#13;&#10;&#9;&#9;&#9;if(numberEncodingMap.containsKey(String.valueOf(digit)) || digit == '1'){&#13;&#10;&#9;&#9;&#9;&#9;if(digit == '1'){&#13;&#10;&#9;&#9;&#9;&#9;&#9;Set&lt;String&gt; newConvertedSet = new HashSet&lt;String&gt;();&#13;&#10;&#9;&#9;&#9;&#9;&#9;for(String convertedStr:convertedSet){&#13;&#10;&#9;&#9;&#9;&#9;&#9;&#9;final int lastDigitPos = findLastDigitPosition(convertedStr);&#13;&#10;&#9;&#9;&#9;&#9;&#9;&#9;if(lastDigitPos != convertedStr.length()-1){&#13;&#10;&#9;&#9;&#9;&#9;&#9;&#9;&#9;String str = convertedStr.substring(lastDigitPos+1);&#13;&#10;&#9;&#9;&#9;&#9;&#9;&#9;&#9;if(Dictionary.isStringExistInDictionary(str)){&#13;&#10;&#9;&#9;&#9;&#9;&#9;&#9;&#9;&#9;newConvertedSet.add(convertedStr.concat(&quot;1&quot;));&#13;&#10;&#9;&#9;&#9;&#9;&#9;&#9;&#9;}&#13;&#10;&#9;&#9;&#9;&#9;&#9;&#9;}&#13;&#10;&#9;&#9;&#9;&#9;&#9;}&#13;&#10;&#9;&#9;&#9;&#9;&#9;convertedSet.clear();&#13;&#10;&#9;&#9;&#9;&#9;&#9;for(String str : newConvertedSet){&#13;&#10;&#9;&#9;&#9;&#9;&#9;&#9;convertedSet.add(str);&#13;&#10;&#9;&#9;&#9;&#9;&#9;}&#13;&#10;&#9;&#9;&#9;&#9;}else{&#13;&#10;&#9;&#9;&#9;&#9;&#9;ArrayList&lt;String&gt; arr = numberEncodingMap.get(String.valueOf(digit));&#13;&#10;&#9;&#9;&#9;&#9;&#9;convertedSet = addToSet(convertedSet,arr,String.valueOf(digit),isFirst);&#13;&#10;&#9;&#9;&#9;&#9;}&#13;&#10;&#9;&#9;&#9;&#9;if(convertedSet.size()==0){&#13;&#10;&#9;&#9;&#9;&#9;&#9;break;&#13;&#10;&#9;&#9;&#9;&#9;}&#13;&#10;&#9;&#9;&#9;&#9;isFirst = false;&#13;&#10;//&#9;&#9;&#9;&#9;System.out.println(&quot;Iteratation -- &quot;+(index+1));&#13;&#10;//&#9;&#9;&#9;&#9;for(String c:convertedSet){&#13;&#10;//&#9;&#9;&#9;&#9;&#9;System.out.println(c);&#13;&#10;//&#9;&#9;&#9;&#9;}&#13;&#10;&#9;&#9;&#9;}&#13;&#10;&#9;&#9;}&#13;&#10;&#9;&#9;return convertedSet;&#13;&#10;&#9;}&#13;&#10;&#9;&#13;&#10;}&#13;&#10;" Filename="NumberToAlphaConverter.java" Intrnl_Id="1"/>
</SrcFileList>
<CritList>
<CritListEntry Name="org.codecover.model.utils.criteria.LoopCoverage" PluginName="org.codecover"/>
<CritListEntry Name="org.codecover.model.utils.criteria.BranchCoverage" PluginName="org.codecover"/>
<CritListEntry Name="org.codecover.model.utils.criteria.ConditionCoverage" PluginName="org.codecover"/>
<CritListEntry Name="org.codecover.model.utils.criteria.SynchronizedStatementCoverage" PluginName="org.codecover"/>
<CritListEntry Name="org.codecover.model.utils.criteria.QMOCoverage" PluginName="org.codecover"/>
<CritListEntry Name="org.codecover.model.utils.criteria.StatementCoverage" PluginName="org.codecover"/>
</CritList>
<BoolOpList>
<BoolOp Arity="1" Intrnl_Id="2" Name="not (!)">
<BoolAssgnmntBoolMapList>
<MapEntry BoolAssgnmnt="0" Value="true"/>
<MapEntry BoolAssgnmnt="1" Value="false"/>
</BoolAssgnmntBoolMapList>
</BoolOp>
<BoolOp Arity="2" Intrnl_Id="3" Name="conditional and (&amp;&amp;)">
<BoolAssgnmntBoolMapList>
<MapEntry BoolAssgnmnt="10" Value="false"/>
<MapEntry BoolAssgnmnt="02" Value="false"/>
<MapEntry BoolAssgnmnt="11" Value="true"/>
</BoolAssgnmntBoolMapList>
</BoolOp>
<BoolOp Arity="2" Intrnl_Id="4" Name="conditional or (||)">
<BoolAssgnmntBoolMapList>
<MapEntry BoolAssgnmnt="01" Value="true"/>
<MapEntry BoolAssgnmnt="00" Value="false"/>
<MapEntry BoolAssgnmnt="12" Value="true"/>
</BoolAssgnmntBoolMapList>
</BoolOp>
</BoolOpList>
<HierarchyLvlTypeList>
<HierarchyLvlType EnglishName="package" IntrnlName="package" Intrnl_Id="5"/>
<HierarchyLvlType EnglishName="class" IntrnlName="class" Intrnl_Id="6"/>
<HierarchyLvlType EnglishName="method" IntrnlName="method" Intrnl_Id="7"/>
<HierarchyLvlType EnglishName="default package" IntrnlName="default package" Intrnl_Id="8"/>
</HierarchyLvlTypeList>
<MASTRoot>
<HierarchyLvl HierarchyLvlId="1624" HierarchyLvlTypeId="8" Intrnl_Id="9" Name="default package">
<Header/>
<LocList/>
<HierarchyLvl HierarchyLvlId="1623" HierarchyLvlTypeId="5" Intrnl_Id="10" Name="com">
<Header/>
<LocList/>
<HierarchyLvl HierarchyLvlId="1622" HierarchyLvlTypeId="5" Intrnl_Id="11" Name="aconex">
<Header/>
<LocList/>
<HierarchyLvl HierarchyLvlId="1621" HierarchyLvlTypeId="5" Intrnl_Id="12" Name="coding">
<Header/>
<LocList/>
<HierarchyLvl HierarchyLvlId="1620" HierarchyLvlTypeId="5" Intrnl_Id="13" Name="challenge">
<Header/>
<LocList/>
<HierarchyLvl HierarchyLvlId="1619" HierarchyLvlTypeId="6" Intrnl_Id="14" Name="NumberToAlphaConverter">
<Header>
<Loc EndOffset="206" SrcFileId="1" StartOffset="171"/>
</Header>
<LocList>
<Loc EndOffset="6676" SrcFileId="1" StartOffset="171"/>
</LocList>
<StmntSeq Intrnl_Id="15">
<LocList>
<Loc EndOffset="309" SrcFileId="1" StartOffset="212"/>
<Loc EndOffset="386" SrcFileId="1" StartOffset="327"/>
<Loc EndOffset="414" SrcFileId="1" StartOffset="390"/>
<Loc EndOffset="442" SrcFileId="1" StartOffset="418"/>
<Loc EndOffset="470" SrcFileId="1" StartOffset="446"/>
<Loc EndOffset="516" SrcFileId="1" StartOffset="474"/>
<Loc EndOffset="579" SrcFileId="1" StartOffset="520"/>
<Loc EndOffset="607" SrcFileId="1" StartOffset="583"/>
<Loc EndOffset="635" SrcFileId="1" StartOffset="611"/>
<Loc EndOffset="663" SrcFileId="1" StartOffset="639"/>
<Loc EndOffset="709" SrcFileId="1" StartOffset="667"/>
<Loc EndOffset="772" SrcFileId="1" StartOffset="713"/>
<Loc EndOffset="800" SrcFileId="1" StartOffset="776"/>
<Loc EndOffset="828" SrcFileId="1" StartOffset="804"/>
<Loc EndOffset="856" SrcFileId="1" StartOffset="832"/>
<Loc EndOffset="902" SrcFileId="1" StartOffset="860"/>
<Loc EndOffset="965" SrcFileId="1" StartOffset="906"/>
<Loc EndOffset="993" SrcFileId="1" StartOffset="969"/>
<Loc EndOffset="1021" SrcFileId="1" StartOffset="997"/>
<Loc EndOffset="1049" SrcFileId="1" StartOffset="1025"/>
<Loc EndOffset="1095" SrcFileId="1" StartOffset="1053"/>
<Loc EndOffset="1158" SrcFileId="1" StartOffset="1099"/>
<Loc EndOffset="1186" SrcFileId="1" StartOffset="1162"/>
<Loc EndOffset="1214" SrcFileId="1" StartOffset="1190"/>
<Loc EndOffset="1242" SrcFileId="1" StartOffset="1218"/>
<Loc EndOffset="1288" SrcFileId="1" StartOffset="1246"/>
<Loc EndOffset="1351" SrcFileId="1" StartOffset="1292"/>
<Loc EndOffset="1379" SrcFileId="1" StartOffset="1355"/>
<Loc EndOffset="1407" SrcFileId="1" StartOffset="1383"/>
<Loc EndOffset="1435" SrcFileId="1" StartOffset="1411"/>
<Loc EndOffset="1463" SrcFileId="1" StartOffset="1439"/>
<Loc EndOffset="1509" SrcFileId="1" StartOffset="1467"/>
<Loc EndOffset="1572" SrcFileId="1" StartOffset="1513"/>
<Loc EndOffset="1600" SrcFileId="1" StartOffset="1576"/>
<Loc EndOffset="1628" SrcFileId="1" StartOffset="1604"/>
<Loc EndOffset="1656" SrcFileId="1" StartOffset="1632"/>
<Loc EndOffset="1702" SrcFileId="1" StartOffset="1660"/>
<Loc EndOffset="1765" SrcFileId="1" StartOffset="1706"/>
<Loc EndOffset="1793" SrcFileId="1" StartOffset="1769"/>
<Loc EndOffset="1821" SrcFileId="1" StartOffset="1797"/>
<Loc EndOffset="1849" SrcFileId="1" StartOffset="1825"/>
<Loc EndOffset="1877" SrcFileId="1" StartOffset="1853"/>
<Loc EndOffset="1923" SrcFileId="1" StartOffset="1881"/>
</LocList>
<BasicStmnt CovItemId="S1" CovItemPrefix="com.aconex.coding.challenge.NumberToAlphaConverter.java" Intrnl_Id="16">
<LocList>
<Loc EndOffset="309" SrcFileId="1" StartOffset="212"/>
</LocList>
</BasicStmnt>
<BasicStmnt CovItemId="S2" CovItemPrefix="com.aconex.coding.challenge.NumberToAlphaConverter.java" Intrnl_Id="17">
<LocList>
<Loc EndOffset="386" SrcFileId="1" StartOffset="327"/>
</LocList>
</BasicStmnt>
<BasicStmnt CovItemId="S3" CovItemPrefix="com.aconex.coding.challenge.NumberToAlphaConverter.java" Intrnl_Id="18">
<LocList>
<Loc EndOffset="414" SrcFileId="1" StartOffset="390"/>
</LocList>
</BasicStmnt>
<BasicStmnt CovItemId="S4" CovItemPrefix="com.aconex.coding.challenge.NumberToAlphaConverter.java" Intrnl_Id="19">
<LocList>
<Loc EndOffset="442" SrcFileId="1" StartOffset="418"/>
</LocList>
</BasicStmnt>
<BasicStmnt CovItemId="S5" CovItemPrefix="com.aconex.coding.challenge.NumberToAlphaConverter.java" Intrnl_Id="20">
<LocList>
<Loc EndOffset="470" SrcFileId="1" StartOffset="446"/>
</LocList>
</BasicStmnt>
<BasicStmnt CovItemId="S6" CovItemPrefix="com.aconex.coding.challenge.NumberToAlphaConverter.java" Intrnl_Id="21">
<LocList>
<Loc EndOffset="516" SrcFileId="1" StartOffset="474"/>
</LocList>
</BasicStmnt>
<BasicStmnt CovItemId="S7" CovItemPrefix="com.aconex.coding.challenge.NumberToAlphaConverter.java" Intrnl_Id="22">
<LocList>
<Loc EndOffset="579" SrcFileId="1" StartOffset="520"/>
</LocList>
</BasicStmnt>
<BasicStmnt CovItemId="S8" CovItemPrefix="com.aconex.coding.challenge.NumberToAlphaConverter.java" Intrnl_Id="23">
<LocList>
<Loc EndOffset="607" SrcFileId="1" StartOffset="583"/>
</LocList>
</BasicStmnt>
<BasicStmnt CovItemId="S9" CovItemPrefix="com.aconex.coding.challenge.NumberToAlphaConverter.java" Intrnl_Id="24">
<LocList>
<Loc EndOffset="635" SrcFileId="1" StartOffset="611"/>
</LocList>
</BasicStmnt>
<BasicStmnt CovItemId="S10" CovItemPrefix="com.aconex.coding.challenge.NumberToAlphaConverter.java" Intrnl_Id="25">
<LocList>
<Loc EndOffset="663" SrcFileId="1" StartOffset="639"/>
</LocList>
</BasicStmnt>
<BasicStmnt CovItemId="S11" CovItemPrefix="com.aconex.coding.challenge.NumberToAlphaConverter.java" Intrnl_Id="26">
<LocList>
<Loc EndOffset="709" SrcFileId="1" StartOffset="667"/>
</LocList>
</BasicStmnt>
<BasicStmnt CovItemId="S12" CovItemPrefix="com.aconex.coding.challenge.NumberToAlphaConverter.java" Intrnl_Id="27">
<LocList>
<Loc EndOffset="772" SrcFileId="1" StartOffset="713"/>
</LocList>
</BasicStmnt>
<BasicStmnt CovItemId="S13" CovItemPrefix="com.aconex.coding.challenge.NumberToAlphaConverter.java" Intrnl_Id="28">
<LocList>
<Loc EndOffset="800" SrcFileId="1" StartOffset="776"/>
</LocList>
</BasicStmnt>
<BasicStmnt CovItemId="S14" CovItemPrefix="com.aconex.coding.challenge.NumberToAlphaConverter.java" Intrnl_Id="29">
<LocList>
<Loc EndOffset="828" SrcFileId="1" StartOffset="804"/>
</LocList>
</BasicStmnt>
<BasicStmnt CovItemId="S15" CovItemPrefix="com.aconex.coding.challenge.NumberToAlphaConverter.java" Intrnl_Id="30">
<LocList>
<Loc EndOffset="856" SrcFileId="1" StartOffset="832"/>
</LocList>
</BasicStmnt>
<BasicStmnt CovItemId="S16" CovItemPrefix="com.aconex.coding.challenge.NumberToAlphaConverter.java" Intrnl_Id="31">
<LocList>
<Loc EndOffset="902" SrcFileId="1" StartOffset="860"/>
</LocList>
</BasicStmnt>
<BasicStmnt CovItemId="S17" CovItemPrefix="com.aconex.coding.challenge.NumberToAlphaConverter.java" Intrnl_Id="32">
<LocList>
<Loc EndOffset="965" SrcFileId="1" StartOffset="906"/>
</LocList>
</BasicStmnt>
<BasicStmnt CovItemId="S18" CovItemPrefix="com.aconex.coding.challenge.NumberToAlphaConverter.java" Intrnl_Id="33">
<LocList>
<Loc EndOffset="993" SrcFileId="1" StartOffset="969"/>
</LocList>
</BasicStmnt>
<BasicStmnt CovItemId="S19" CovItemPrefix="com.aconex.coding.challenge.NumberToAlphaConverter.java" Intrnl_Id="34">
<LocList>
<Loc EndOffset="1021" SrcFileId="1" StartOffset="997"/>
</LocList>
</BasicStmnt>
<BasicStmnt CovItemId="S20" CovItemPrefix="com.aconex.coding.challenge.NumberToAlphaConverter.java" Intrnl_Id="35">
<LocList>
<Loc EndOffset="1049" SrcFileId="1" StartOffset="1025"/>
</LocList>
</BasicStmnt>
<BasicStmnt CovItemId="S21" CovItemPrefix="com.aconex.coding.challenge.NumberToAlphaConverter.java" Intrnl_Id="36">
<LocList>
<Loc EndOffset="1095" SrcFileId="1" StartOffset="1053"/>
</LocList>
</BasicStmnt>
<BasicStmnt CovItemId="S22" CovItemPrefix="com.aconex.coding.challenge.NumberToAlphaConverter.java" Intrnl_Id="37">
<LocList>
<Loc EndOffset="1158" SrcFileId="1" StartOffset="1099"/>
</LocList>
</BasicStmnt>
<BasicStmnt CovItemId="S23" CovItemPrefix="com.aconex.coding.challenge.NumberToAlphaConverter.java" Intrnl_Id="38">
<LocList>
<Loc EndOffset="1186" SrcFileId="1" StartOffset="1162"/>
</LocList>
</BasicStmnt>
<BasicStmnt CovItemId="S24" CovItemPrefix="com.aconex.coding.challenge.NumberToAlphaConverter.java" Intrnl_Id="39">
<LocList>
<Loc EndOffset="1214" SrcFileId="1" StartOffset="1190"/>
</LocList>
</BasicStmnt>
<BasicStmnt CovItemId="S25" CovItemPrefix="com.aconex.coding.challenge.NumberToAlphaConverter.java" Intrnl_Id="40">
<LocList>
<Loc EndOffset="1242" SrcFileId="1" StartOffset="1218"/>
</LocList>
</BasicStmnt>
<BasicStmnt CovItemId="S26" CovItemPrefix="com.aconex.coding.challenge.NumberToAlphaConverter.java" Intrnl_Id="41">
<LocList>
<Loc EndOffset="1288" SrcFileId="1" StartOffset="1246"/>
</LocList>
</BasicStmnt>
<BasicStmnt CovItemId="S27" CovItemPrefix="com.aconex.coding.challenge.NumberToAlphaConverter.java" Intrnl_Id="42">
<LocList>
<Loc EndOffset="1351" SrcFileId="1" StartOffset="1292"/>
</LocList>
</BasicStmnt>
<BasicStmnt CovItemId="S28" CovItemPrefix="com.aconex.coding.challenge.NumberToAlphaConverter.java" Intrnl_Id="43">
<LocList>
<Loc EndOffset="1379" SrcFileId="1" StartOffset="1355"/>
</LocList>
</BasicStmnt>
<BasicStmnt CovItemId="S29" CovItemPrefix="com.aconex.coding.challenge.NumberToAlphaConverter.java" Intrnl_Id="44">
<LocList>
<Loc EndOffset="1407" SrcFileId="1" StartOffset="1383"/>
</LocList>
</BasicStmnt>
<BasicStmnt CovItemId="S30" CovItemPrefix="com.aconex.coding.challenge.NumberToAlphaConverter.java" Intrnl_Id="45">
<LocList>
<Loc EndOffset="1435" SrcFileId="1" StartOffset="1411"/>
</LocList>
</BasicStmnt>
<BasicStmnt CovItemId="S31" CovItemPrefix="com.aconex.coding.challenge.NumberToAlphaConverter.java" Intrnl_Id="46">
<LocList>
<Loc EndOffset="1463" SrcFileId="1" StartOffset="1439"/>
</LocList>
</BasicStmnt>
<BasicStmnt CovItemId="S32" CovItemPrefix="com.aconex.coding.challenge.NumberToAlphaConverter.java" Intrnl_Id="47">
<LocList>
<Loc EndOffset="1509" SrcFileId="1" StartOffset="1467"/>
</LocList>
</BasicStmnt>
<BasicStmnt CovItemId="S33" CovItemPrefix="com.aconex.coding.challenge.NumberToAlphaConverter.java" Intrnl_Id="48">
<LocList>
<Loc EndOffset="1572" SrcFileId="1" StartOffset="1513"/>
</LocList>
</BasicStmnt>
<BasicStmnt CovItemId="S34" CovItemPrefix="com.aconex.coding.challenge.NumberToAlphaConverter.java" Intrnl_Id="49">
<LocList>
<Loc EndOffset="1600" SrcFileId="1" StartOffset="1576"/>
</LocList>
</BasicStmnt>
<BasicStmnt CovItemId="S35" CovItemPrefix="com.aconex.coding.challenge.NumberToAlphaConverter.java" Intrnl_Id="50">
<LocList>
<Loc EndOffset="1628" SrcFileId="1" StartOffset="1604"/>
</LocList>
</BasicStmnt>
<BasicStmnt CovItemId="S36" CovItemPrefix="com.aconex.coding.challenge.NumberToAlphaConverter.java" Intrnl_Id="51">
<LocList>
<Loc EndOffset="1656" SrcFileId="1" StartOffset="1632"/>
</LocList>
</BasicStmnt>
<BasicStmnt CovItemId="S37" CovItemPrefix="com.aconex.coding.challenge.NumberToAlphaConverter.java" Intrnl_Id="52">
<LocList>
<Loc EndOffset="1702" SrcFileId="1" StartOffset="1660"/>
</LocList>
</BasicStmnt>
<BasicStmnt CovItemId="S38" CovItemPrefix="com.aconex.coding.challenge.NumberToAlphaConverter.java" Intrnl_Id="53">
<LocList>
<Loc EndOffset="1765" SrcFileId="1" StartOffset="1706"/>
</LocList>
</BasicStmnt>
<BasicStmnt CovItemId="S39" CovItemPrefix="com.aconex.coding.challenge.NumberToAlphaConverter.java" Intrnl_Id="54">
<LocList>
<Loc EndOffset="1793" SrcFileId="1" StartOffset="1769"/>
</LocList>
</BasicStmnt>
<BasicStmnt CovItemId="S40" CovItemPrefix="com.aconex.coding.challenge.NumberToAlphaConverter.java" Intrnl_Id="55">
<LocList>
<Loc EndOffset="1821" SrcFileId="1" StartOffset="1797"/>
</LocList>
</BasicStmnt>
<BasicStmnt CovItemId="S41" CovItemPrefix="com.aconex.coding.challenge.NumberToAlphaConverter.java" Intrnl_Id="56">
<LocList>
<Loc EndOffset="1849" SrcFileId="1" StartOffset="1825"/>
</LocList>
</BasicStmnt>
<BasicStmnt CovItemId="S42" CovItemPrefix="com.aconex.coding.challenge.NumberToAlphaConverter.java" Intrnl_Id="57">
<LocList>
<Loc EndOffset="1877" SrcFileId="1" StartOffset="1853"/>
</LocList>
</BasicStmnt>
<BasicStmnt CovItemId="S43" CovItemPrefix="com.aconex.coding.challenge.NumberToAlphaConverter.java" Intrnl_Id="58">
<LocList>
<Loc EndOffset="1923" SrcFileId="1" StartOffset="1881"/>
</LocList>
</BasicStmnt>
</StmntSeq>
<HierarchyLvl HierarchyLvlId="1614" HierarchyLvlTypeId="7" Intrnl_Id="59" Name="findLastDigitPosition">
<Header>
<Loc EndOffset="2000" SrcFileId="1" StartOffset="1936"/>
</Header>
<LocList>
<Loc EndOffset="2327" SrcFileId="1" StartOffset="1936"/>
</LocList>
<StmntSeq Intrnl_Id="60">
<LocList>
<Loc EndOffset="2018" SrcFileId="1" StartOffset="2005"/>
<Loc EndOffset="2040" SrcFileId="1" StartOffset="2022"/>
<Loc EndOffset="2062" SrcFileId="1" StartOffset="2044"/>
<Loc EndOffset="2304" SrcFileId="1" StartOffset="2066"/>
<Loc EndOffset="2319" SrcFileId="1" StartOffset="2308"/>
</LocList>
<BasicStmnt CovItemId="S44" CovItemPrefix="com.aconex.coding.challenge.NumberToAlphaConverter.java" Intrnl_Id="61">
<LocList>
<Loc EndOffset="2018" SrcFileId="1" StartOffset="2005"/>
</LocList>
</BasicStmnt>
<BasicStmnt CovItemId="S45" CovItemPrefix="com.aconex.coding.challenge.NumberToAlphaConverter.java" Intrnl_Id="62">
<LocList>
<Loc EndOffset="2040" SrcFileId="1" StartOffset="2022"/>
</LocList>
</BasicStmnt>
<BasicStmnt CovItemId="S46" CovItemPrefix="com.aconex.coding.challenge.NumberToAlphaConverter.java" Intrnl_Id="63">
<LocList>
<Loc EndOffset="2062" SrcFileId="1" StartOffset="2044"/>
</LocList>
</BasicStmnt>
<LoopStmnt CovItemId="S47" CovItemPrefix="com.aconex.coding.challenge.NumberToAlphaConverter.java" Intrnl_Id="64" MltplExecId="L1-2" MltplExecPrefix="com.aconex.coding.challenge.NumberToAlphaConverter.java" NvrExecId="L1-0" NvrExecPrefix="com.aconex.coding.challenge.NumberToAlphaConverter.java" OnceExecutedId="L1-1" OnceExecutedPrefix="com.aconex.coding.challenge.NumberToAlphaConverter.java" OptBodyExec="true">
<StmntSeq Intrnl_Id="65">
<LocList>
<Loc EndOffset="2177" SrcFileId="1" StartOffset="2130"/>
<Loc EndOffset="2299" SrcFileId="1" StartOffset="2182"/>
</LocList>
<BasicStmnt CovItemId="S48" CovItemPrefix="com.aconex.coding.challenge.NumberToAlphaConverter.java" Intrnl_Id="66">
<LocList>
<Loc EndOffset="2177" SrcFileId="1" StartOffset="2130"/>
</LocList>
</BasicStmnt>
<CondStmnt CovItemId="S49" CovItemPrefix="com.aconex.coding.challenge.NumberToAlphaConverter.java" Intrnl_Id="67">
<Branch CovItemId="B1" CovItemPrefix="com.aconex.coding.challenge.NumberToAlphaConverter.java" Implct="false" Intrnl_Id="68">
<Cond/>
<LocList>
<Loc EndOffset="2249" SrcFileId="1" StartOffset="2224"/>
</LocList>
<StmntSeq Intrnl_Id="69">
<LocList>
<Loc EndOffset="2243" SrcFileId="1" StartOffset="2231"/>
</LocList>
<BasicStmnt CovItemId="S50" CovItemPrefix="com.aconex.coding.challenge.NumberToAlphaConverter.java" Intrnl_Id="70">
<LocList>
<Loc EndOffset="2243" SrcFileId="1" StartOffset="2231"/>
</LocList>
</BasicStmnt>
</StmntSeq>
</Branch>
<Branch CovItemId="B2" CovItemPrefix="com.aconex.coding.challenge.NumberToAlphaConverter.java" Implct="false" Intrnl_Id="71">
<Cond>
<Loc EndOffset="2253" SrcFileId="1" StartOffset="2249"/>
</Cond>
<LocList>
<Loc EndOffset="2299" SrcFileId="1" StartOffset="2254"/>
</LocList>
<StmntSeq Intrnl_Id="72">
<LocList>
<Loc EndOffset="2299" SrcFileId="1" StartOffset="2254"/>
</LocList>
<CondStmnt CovItemId="S51" CovItemPrefix="com.aconex.coding.challenge.NumberToAlphaConverter.java" Intrnl_Id="73">
<Branch CovItemId="B3" CovItemPrefix="com.aconex.coding.challenge.NumberToAlphaConverter.java" Implct="false" Intrnl_Id="74">
<Cond/>
<LocList>
<Loc EndOffset="2299" SrcFileId="1" StartOffset="2274"/>
</LocList>
<StmntSeq Intrnl_Id="75">
<LocList>
<Loc EndOffset="2293" SrcFileId="1" StartOffset="2281"/>
</LocList>
<BasicStmnt CovItemId="S52" CovItemPrefix="com.aconex.coding.challenge.NumberToAlphaConverter.java" Intrnl_Id="76">
<LocList>
<Loc EndOffset="2293" SrcFileId="1" StartOffset="2281"/>
</LocList>
</BasicStmnt>
</StmntSeq>
</Branch>
<Branch CovItemId="B4" CovItemPrefix="com.aconex.coding.challenge.NumberToAlphaConverter.java" Implct="true" Intrnl_Id="77">
<Cond/>
<LocList/>
<StmntSeq Intrnl_Id="78">
<LocList/>
</StmntSeq>
</Branch>
<Keyword EndOffset="2256" SrcFileId="1" StartOffset="2254"/>
<LocList>
<Loc EndOffset="2299" SrcFileId="1" StartOffset="2254"/>
</LocList>
<RootTerm CovItemId="C3" CovItemPrefix="com.aconex.coding.challenge.NumberToAlphaConverter.java" Intrnl_Id="79">
<BasicBoolTerm Intrnl_Id="80">
<LocList>
<Loc EndOffset="2273" SrcFileId="1" StartOffset="2257"/>
</LocList>
</BasicBoolTerm>
</RootTerm>
</CondStmnt>
</StmntSeq>
</Branch>
<Keyword EndOffset="2184" SrcFileId="1" StartOffset="2182"/>
<LocList>
<Loc EndOffset="2299" SrcFileId="1" StartOffset="2182"/>
</LocList>
<RootTerm CovItemId="C2" CovItemPrefix="com.aconex.coding.challenge.NumberToAlphaConverter.java" Intrnl_Id="81">
<OpTerm BooleanOpId="3" Intrnl_Id="82">
<BasicBoolTerm Intrnl_Id="83">
<LocList>
<Loc EndOffset="2202" SrcFileId="1" StartOffset="2185"/>
</LocList>
</BasicBoolTerm>
<BasicBoolTerm Intrnl_Id="84">
<LocList>
<Loc EndOffset="2223" SrcFileId="1" StartOffset="2206"/>
</LocList>
</BasicBoolTerm>
<LocList>
<Loc EndOffset="2205" SrcFileId="1" StartOffset="2203"/>
</LocList>
</OpTerm>
</RootTerm>
</CondStmnt>
</StmntSeq>
<Keyword EndOffset="2069" SrcFileId="1" StartOffset="2066"/>
<LocList>
<Loc EndOffset="2304" SrcFileId="1" StartOffset="2066"/>
</LocList>
<RootTerm CovItemId="C1" CovItemPrefix="com.aconex.coding.challenge.NumberToAlphaConverter.java" Intrnl_Id="85">
<BasicBoolTerm Intrnl_Id="86">
<LocList>
<Loc EndOffset="2115" SrcFileId="1" StartOffset="2085"/>
</LocList>
</BasicBoolTerm>
</RootTerm>
</LoopStmnt>
<BasicStmnt CovItemId="S53" CovItemPrefix="com.aconex.coding.challenge.NumberToAlphaConverter.java" Intrnl_Id="87">
<LocList>
<Loc EndOffset="2319" SrcFileId="1" StartOffset="2308"/>
</LocList>
</BasicStmnt>
</StmntSeq>
</HierarchyLvl>
<HierarchyLvl HierarchyLvlId="1615" HierarchyLvlTypeId="7" Intrnl_Id="88" Name="alphaToDigit">
<Header>
<Loc EndOffset="2379" SrcFileId="1" StartOffset="2333"/>
</Header>
<LocList>
<Loc EndOffset="2780" SrcFileId="1" StartOffset="2333"/>
</LocList>
<StmntSeq Intrnl_Id="89">
<LocList>
<Loc EndOffset="2776" SrcFileId="1" StartOffset="2384"/>
</LocList>
<CondStmnt CovItemId="S54" CovItemPrefix="com.aconex.coding.challenge.NumberToAlphaConverter.java" Intrnl_Id="90">
<Branch CovItemId="B5" CovItemPrefix="com.aconex.coding.challenge.NumberToAlphaConverter.java" Implct="false" Intrnl_Id="91">
<Cond/>
<LocList>
<Loc EndOffset="2432" SrcFileId="1" StartOffset="2410"/>
</LocList>
<StmntSeq Intrnl_Id="92">
<LocList>
<Loc EndOffset="2427" SrcFileId="1" StartOffset="2416"/>
</LocList>
<BasicStmnt CovItemId="S55" CovItemPrefix="com.aconex.coding.challenge.NumberToAlphaConverter.java" Intrnl_Id="93">
<LocList>
<Loc EndOffset="2427" SrcFileId="1" StartOffset="2416"/>
</LocList>
</BasicStmnt>
</StmntSeq>
</Branch>
<Branch CovItemId="B6" CovItemPrefix="com.aconex.coding.challenge.NumberToAlphaConverter.java" Implct="false" Intrnl_Id="94">
<Cond>
<Loc EndOffset="2436" SrcFileId="1" StartOffset="2432"/>
</Cond>
<LocList>
<Loc EndOffset="2776" SrcFileId="1" StartOffset="2437"/>
</LocList>
<StmntSeq Intrnl_Id="95">
<LocList>
<Loc EndOffset="2776" SrcFileId="1" StartOffset="2437"/>
</LocList>
<CondStmnt CovItemId="S56" CovItemPrefix="com.aconex.coding.challenge.NumberToAlphaConverter.java" Intrnl_Id="96">
<Branch CovItemId="B7" CovItemPrefix="com.aconex.coding.challenge.NumberToAlphaConverter.java" Implct="false" Intrnl_Id="97">
<Cond/>
<LocList>
<Loc EndOffset="2485" SrcFileId="1" StartOffset="2463"/>
</LocList>
<StmntSeq Intrnl_Id="98">
<LocList>
<Loc EndOffset="2480" SrcFileId="1" StartOffset="2469"/>
</LocList>
<BasicStmnt CovItemId="S57" CovItemPrefix="com.aconex.coding.challenge.NumberToAlphaConverter.java" Intrnl_Id="99">
<LocList>
<Loc EndOffset="2480" SrcFileId="1" StartOffset="2469"/>
</LocList>
</BasicStmnt>
</StmntSeq>
</Branch>
<Branch CovItemId="B8" CovItemPrefix="com.aconex.coding.challenge.NumberToAlphaConverter.java" Implct="false" Intrnl_Id="100">
<Cond>
<Loc EndOffset="2489" SrcFileId="1" StartOffset="2485"/>
</Cond>
<LocList>
<Loc EndOffset="2776" SrcFileId="1" StartOffset="2490"/>
</LocList>
<StmntSeq Intrnl_Id="101">
<LocList>
<Loc EndOffset="2776" SrcFileId="1" StartOffset="2490"/>
</LocList>
<CondStmnt CovItemId="S58" CovItemPrefix="com.aconex.coding.challenge.NumberToAlphaConverter.java" Intrnl_Id="102">
<Branch CovItemId="B9" CovItemPrefix="com.aconex.coding.challenge.NumberToAlphaConverter.java" Implct="false" Intrnl_Id="103">
<Cond/>
<LocList>
<Loc EndOffset="2538" SrcFileId="1" StartOffset="2516"/>
</LocList>
<StmntSeq Intrnl_Id="104">
<LocList>
<Loc EndOffset="2533" SrcFileId="1" StartOffset="2522"/>
</LocList>
<BasicStmnt CovItemId="S59" CovItemPrefix="com.aconex.coding.challenge.NumberToAlphaConverter.java" Intrnl_Id="105">
<LocList>
<Loc EndOffset="2533" SrcFileId="1" StartOffset="2522"/>
</LocList>
</BasicStmnt>
</StmntSeq>
</Branch>
<Branch CovItemId="B10" CovItemPrefix="com.aconex.coding.challenge.NumberToAlphaConverter.java" Implct="false" Intrnl_Id="106">
<Cond>
<Loc EndOffset="2542" SrcFileId="1" StartOffset="2538"/>
</Cond>
<LocList>
<Loc EndOffset="2776" SrcFileId="1" StartOffset="2543"/>
</LocList>
<StmntSeq Intrnl_Id="107">
<LocList>
<Loc EndOffset="2776" SrcFileId="1" StartOffset="2543"/>
</LocList>
<CondStmnt CovItemId="S60" CovItemPrefix="com.aconex.coding.challenge.NumberToAlphaConverter.java" Intrnl_Id="108">
<Branch CovItemId="B11" CovItemPrefix="com.aconex.coding.challenge.NumberToAlphaConverter.java" Implct="false" Intrnl_Id="109">
<Cond/>
<LocList>
<Loc EndOffset="2591" SrcFileId="1" StartOffset="2569"/>
</LocList>
<StmntSeq Intrnl_Id="110">
<LocList>
<Loc EndOffset="2586" SrcFileId="1" StartOffset="2575"/>
</LocList>
<BasicStmnt CovItemId="S61" CovItemPrefix="com.aconex.coding.challenge.NumberToAlphaConverter.java" Intrnl_Id="111">
<LocList>
<Loc EndOffset="2586" SrcFileId="1" StartOffset="2575"/>
</LocList>
</BasicStmnt>
</StmntSeq>
</Branch>
<Branch CovItemId="B12" CovItemPrefix="com.aconex.coding.challenge.NumberToAlphaConverter.java" Implct="false" Intrnl_Id="112">
<Cond>
<Loc EndOffset="2595" SrcFileId="1" StartOffset="2591"/>
</Cond>
<LocList>
<Loc EndOffset="2776" SrcFileId="1" StartOffset="2596"/>
</LocList>
<StmntSeq Intrnl_Id="113">
<LocList>
<Loc EndOffset="2776" SrcFileId="1" StartOffset="2596"/>
</LocList>
<CondStmnt CovItemId="S62" CovItemPrefix="com.aconex.coding.challenge.NumberToAlphaConverter.java" Intrnl_Id="114">
<Branch CovItemId="B13" CovItemPrefix="com.aconex.coding.challenge.NumberToAlphaConverter.java" Implct="false" Intrnl_Id="115">
<Cond/>
<LocList>
<Loc EndOffset="2644" SrcFileId="1" StartOffset="2622"/>
</LocList>
<StmntSeq Intrnl_Id="116">
<LocList>
<Loc EndOffset="2639" SrcFileId="1" StartOffset="2628"/>
</LocList>
<BasicStmnt CovItemId="S63" CovItemPrefix="com.aconex.coding.challenge.NumberToAlphaConverter.java" Intrnl_Id="117">
<LocList>
<Loc EndOffset="2639" SrcFileId="1" StartOffset="2628"/>
</LocList>
</BasicStmnt>
</StmntSeq>
</Branch>
<Branch CovItemId="B14" CovItemPrefix="com.aconex.coding.challenge.NumberToAlphaConverter.java" Implct="false" Intrnl_Id="118">
<Cond>
<Loc EndOffset="2648" SrcFileId="1" StartOffset="2644"/>
</Cond>
<LocList>
<Loc EndOffset="2776" SrcFileId="1" StartOffset="2649"/>
</LocList>
<StmntSeq Intrnl_Id="119">
<LocList>
<Loc EndOffset="2776" SrcFileId="1" StartOffset="2649"/>
</LocList>
<CondStmnt CovItemId="S64" CovItemPrefix="com.aconex.coding.challenge.NumberToAlphaConverter.java" Intrnl_Id="120">
<Branch CovItemId="B15" CovItemPrefix="com.aconex.coding.challenge.NumberToAlphaConverter.java" Implct="false" Intrnl_Id="121">
<Cond/>
<LocList>
<Loc EndOffset="2697" SrcFileId="1" StartOffset="2675"/>
</LocList>
<StmntSeq Intrnl_Id="122">
<LocList>
<Loc EndOffset="2692" SrcFileId="1" StartOffset="2681"/>
</LocList>
<BasicStmnt CovItemId="S65" CovItemPrefix="com.aconex.coding.challenge.NumberToAlphaConverter.java" Intrnl_Id="123">
<LocList>
<Loc EndOffset="2692" SrcFileId="1" StartOffset="2681"/>
</LocList>
</BasicStmnt>
</StmntSeq>
</Branch>
<Branch CovItemId="B16" CovItemPrefix="com.aconex.coding.challenge.NumberToAlphaConverter.java" Implct="false" Intrnl_Id="124">
<Cond>
<Loc EndOffset="2701" SrcFileId="1" StartOffset="2697"/>
</Cond>
<LocList>
<Loc EndOffset="2776" SrcFileId="1" StartOffset="2702"/>
</LocList>
<StmntSeq Intrnl_Id="125">
<LocList>
<Loc EndOffset="2776" SrcFileId="1" StartOffset="2702"/>
</LocList>
<CondStmnt CovItemId="S66" CovItemPrefix="com.aconex.coding.challenge.NumberToAlphaConverter.java" Intrnl_Id="126">
<Branch CovItemId="B17" CovItemPrefix="com.aconex.coding.challenge.NumberToAlphaConverter.java" Implct="false" Intrnl_Id="127">
<Cond/>
<LocList>
<Loc EndOffset="2750" SrcFileId="1" StartOffset="2728"/>
</LocList>
<StmntSeq Intrnl_Id="128">
<LocList>
<Loc EndOffset="2745" SrcFileId="1" StartOffset="2734"/>
</LocList>
<BasicStmnt CovItemId="S67" CovItemPrefix="com.aconex.coding.challenge.NumberToAlphaConverter.java" Intrnl_Id="129">
<LocList>
<Loc EndOffset="2745" SrcFileId="1" StartOffset="2734"/>
</LocList>
</BasicStmnt>
</StmntSeq>
</Branch>
<Branch CovItemId="B18" CovItemPrefix="com.aconex.coding.challenge.NumberToAlphaConverter.java" Implct="false" Intrnl_Id="130">
<Cond>
<Loc EndOffset="2754" SrcFileId="1" StartOffset="2750"/>
</Cond>
<LocList>
<Loc EndOffset="2776" SrcFileId="1" StartOffset="2754"/>
</LocList>
<StmntSeq Intrnl_Id="131">
<LocList>
<Loc EndOffset="2771" SrcFileId="1" StartOffset="2760"/>
</LocList>
<BasicStmnt CovItemId="S68" CovItemPrefix="com.aconex.coding.challenge.NumberToAlphaConverter.java" Intrnl_Id="132">
<LocList>
<Loc EndOffset="2771" SrcFileId="1" StartOffset="2760"/>
</LocList>
</BasicStmnt>
</StmntSeq>
</Branch>
<Keyword EndOffset="2704" SrcFileId="1" StartOffset="2702"/>
<LocList>
<Loc EndOffset="2776" SrcFileId="1" StartOffset="2702"/>
</LocList>
<RootTerm CovItemId="C10" CovItemPrefix="com.aconex.coding.challenge.NumberToAlphaConverter.java" Intrnl_Id="133">
<OpTerm BooleanOpId="3" Intrnl_Id="134">
<BasicBoolTerm Intrnl_Id="135">
<LocList>
<Loc EndOffset="2715" SrcFileId="1" StartOffset="2705"/>
</LocList>
</BasicBoolTerm>
<BasicBoolTerm Intrnl_Id="136">
<LocList>
<Loc EndOffset="2727" SrcFileId="1" StartOffset="2717"/>
</LocList>
</BasicBoolTerm>
<LocList>
<Loc EndOffset="2717" SrcFileId="1" StartOffset="2715"/>
</LocList>
</OpTerm>
</RootTerm>
</CondStmnt>
</StmntSeq>
</Branch>
<Keyword EndOffset="2651" SrcFileId="1" StartOffset="2649"/>
<LocList>
<Loc EndOffset="2776" SrcFileId="1" StartOffset="2649"/>
</LocList>
<RootTerm CovItemId="C9" CovItemPrefix="com.aconex.coding.challenge.NumberToAlphaConverter.java" Intrnl_Id="137">
<OpTerm BooleanOpId="3" Intrnl_Id="138">
<BasicBoolTerm Intrnl_Id="139">
<LocList>
<Loc EndOffset="2662" SrcFileId="1" StartOffset="2652"/>
</LocList>
</BasicBoolTerm>
<BasicBoolTerm Intrnl_Id="140">
<LocList>
<Loc EndOffset="2674" SrcFileId="1" StartOffset="2664"/>
</LocList>
</BasicBoolTerm>
<LocList>
<Loc EndOffset="2664" SrcFileId="1" StartOffset="2662"/>
</LocList>
</OpTerm>
</RootTerm>
</CondStmnt>
</StmntSeq>
</Branch>
<Keyword EndOffset="2598" SrcFileId="1" StartOffset="2596"/>
<LocList>
<Loc EndOffset="2776" SrcFileId="1" StartOffset="2596"/>
</LocList>
<RootTerm CovItemId="C8" CovItemPrefix="com.aconex.coding.challenge.NumberToAlphaConverter.java" Intrnl_Id="141">
<OpTerm BooleanOpId="3" Intrnl_Id="142">
<BasicBoolTerm Intrnl_Id="143">
<LocList>
<Loc EndOffset="2609" SrcFileId="1" StartOffset="2599"/>
</LocList>
</BasicBoolTerm>
<BasicBoolTerm Intrnl_Id="144">
<LocList>
<Loc EndOffset="2621" SrcFileId="1" StartOffset="2611"/>
</LocList>
</BasicBoolTerm>
<LocList>
<Loc EndOffset="2611" SrcFileId="1" StartOffset="2609"/>
</LocList>
</OpTerm>
</RootTerm>
</CondStmnt>
</StmntSeq>
</Branch>
<Keyword EndOffset="2545" SrcFileId="1" StartOffset="2543"/>
<LocList>
<Loc EndOffset="2776" SrcFileId="1" StartOffset="2543"/>
</LocList>
<RootTerm CovItemId="C7" CovItemPrefix="com.aconex.coding.challenge.NumberToAlphaConverter.java" Intrnl_Id="145">
<OpTerm BooleanOpId="3" Intrnl_Id="146">
<BasicBoolTerm Intrnl_Id="147">
<LocList>
<Loc EndOffset="2556" SrcFileId="1" StartOffset="2546"/>
</LocList>
</BasicBoolTerm>
<BasicBoolTerm Intrnl_Id="148">
<LocList>
<Loc EndOffset="2568" SrcFileId="1" StartOffset="2558"/>
</LocList>
</BasicBoolTerm>
<LocList>
<Loc EndOffset="2558" SrcFileId="1" StartOffset="2556"/>
</LocList>
</OpTerm>
</RootTerm>
</CondStmnt>
</StmntSeq>
</Branch>
<Keyword EndOffset="2492" SrcFileId="1" StartOffset="2490"/>
<LocList>
<Loc EndOffset="2776" SrcFileId="1" StartOffset="2490"/>
</LocList>
<RootTerm CovItemId="C6" CovItemPrefix="com.aconex.coding.challenge.NumberToAlphaConverter.java" Intrnl_Id="149">
<OpTerm BooleanOpId="3" Intrnl_Id="150">
<BasicBoolTerm Intrnl_Id="151">
<LocList>
<Loc EndOffset="2503" SrcFileId="1" StartOffset="2493"/>
</LocList>
</BasicBoolTerm>
<BasicBoolTerm Intrnl_Id="152">
<LocList>
<Loc EndOffset="2515" SrcFileId="1" StartOffset="2505"/>
</LocList>
</BasicBoolTerm>
<LocList>
<Loc EndOffset="2505" SrcFileId="1" StartOffset="2503"/>
</LocList>
</OpTerm>
</RootTerm>
</CondStmnt>
</StmntSeq>
</Branch>
<Keyword EndOffset="2439" SrcFileId="1" StartOffset="2437"/>
<LocList>
<Loc EndOffset="2776" SrcFileId="1" StartOffset="2437"/>
</LocList>
<RootTerm CovItemId="C5" CovItemPrefix="com.aconex.coding.challenge.NumberToAlphaConverter.java" Intrnl_Id="153">
<OpTerm BooleanOpId="3" Intrnl_Id="154">
<BasicBoolTerm Intrnl_Id="155">
<LocList>
<Loc EndOffset="2450" SrcFileId="1" StartOffset="2440"/>
</LocList>
</BasicBoolTerm>
<BasicBoolTerm Intrnl_Id="156">
<LocList>
<Loc EndOffset="2462" SrcFileId="1" StartOffset="2452"/>
</LocList>
</BasicBoolTerm>
<LocList>
<Loc EndOffset="2452" SrcFileId="1" StartOffset="2450"/>
</LocList>
</OpTerm>
</RootTerm>
</CondStmnt>
</StmntSeq>
</Branch>
<Keyword EndOffset="2386" SrcFileId="1" StartOffset="2384"/>
<LocList>
<Loc EndOffset="2776" SrcFileId="1" StartOffset="2384"/>
</LocList>
<RootTerm CovItemId="C4" CovItemPrefix="com.aconex.coding.challenge.NumberToAlphaConverter.java" Intrnl_Id="157">
<OpTerm BooleanOpId="3" Intrnl_Id="158">
<BasicBoolTerm Intrnl_Id="159">
<LocList>
<Loc EndOffset="2397" SrcFileId="1" StartOffset="2387"/>
</LocList>
</BasicBoolTerm>
<BasicBoolTerm Intrnl_Id="160">
<LocList>
<Loc EndOffset="2409" SrcFileId="1" StartOffset="2399"/>
</LocList>
</BasicBoolTerm>
<LocList>
<Loc EndOffset="2399" SrcFileId="1" StartOffset="2397"/>
</LocList>
</OpTerm>
</RootTerm>
</CondStmnt>
</StmntSeq>
</HierarchyLvl>
<HierarchyLvl HierarchyLvlId="1616" HierarchyLvlTypeId="7" Intrnl_Id="161" Name="replaceStringWithDigit">
<Header>
<Loc EndOffset="2850" SrcFileId="1" StartOffset="2789"/>
</Header>
<LocList>
<Loc EndOffset="3582" SrcFileId="1" StartOffset="2789"/>
</LocList>
<StmntSeq Intrnl_Id="162">
<LocList>
<Loc EndOffset="2898" SrcFileId="1" StartOffset="2855"/>
<Loc EndOffset="3404" SrcFileId="1" StartOffset="2902"/>
<Loc EndOffset="3578" SrcFileId="1" StartOffset="3564"/>
</LocList>
<BasicStmnt CovItemId="S69" CovItemPrefix="com.aconex.coding.challenge.NumberToAlphaConverter.java" Intrnl_Id="163">
<LocList>
<Loc EndOffset="2898" SrcFileId="1" StartOffset="2855"/>
</LocList>
</BasicStmnt>
<LoopStmnt CovItemId="S70" CovItemPrefix="com.aconex.coding.challenge.NumberToAlphaConverter.java" Intrnl_Id="164" MltplExecId="L2-2" MltplExecPrefix="com.aconex.coding.challenge.NumberToAlphaConverter.java" NvrExecId="L2-0" NvrExecPrefix="com.aconex.coding.challenge.NumberToAlphaConverter.java" OnceExecutedId="L2-1" OnceExecutedPrefix="com.aconex.coding.challenge.NumberToAlphaConverter.java" OptBodyExec="true">
<StmntSeq Intrnl_Id="165">
<LocList>
<Loc EndOffset="3399" SrcFileId="1" StartOffset="2941"/>
</LocList>
<CondStmnt CovItemId="S71" CovItemPrefix="com.aconex.coding.challenge.NumberToAlphaConverter.java" Intrnl_Id="166">
<Branch CovItemId="B19" CovItemPrefix="com.aconex.coding.challenge.NumberToAlphaConverter.java" Implct="false" Intrnl_Id="167">
<Cond/>
<LocList>
<Loc EndOffset="3114" SrcFileId="1" StartOffset="2949"/>
</LocList>
<StmntSeq Intrnl_Id="168">
<LocList>
<Loc EndOffset="2989" SrcFileId="1" StartOffset="2956"/>
<Loc EndOffset="3108" SrcFileId="1" StartOffset="2995"/>
</LocList>
<BasicStmnt CovItemId="S72" CovItemPrefix="com.aconex.coding.challenge.NumberToAlphaConverter.java" Intrnl_Id="169">
<LocList>
<Loc EndOffset="2989" SrcFileId="1" StartOffset="2956"/>
</LocList>
</BasicStmnt>
<CondStmnt CovItemId="S73" CovItemPrefix="com.aconex.coding.challenge.NumberToAlphaConverter.java" Intrnl_Id="170">
<Branch CovItemId="B21" CovItemPrefix="com.aconex.coding.challenge.NumberToAlphaConverter.java" Implct="false" Intrnl_Id="171">
<Cond/>
<LocList>
<Loc EndOffset="3108" SrcFileId="1" StartOffset="3048"/>
</LocList>
<StmntSeq Intrnl_Id="172">
<LocList>
<Loc EndOffset="3101" SrcFileId="1" StartOffset="3056"/>
</LocList>
<BasicStmnt CovItemId="S74" CovItemPrefix="com.aconex.coding.challenge.NumberToAlphaConverter.java" Intrnl_Id="173">
<LocList>
<Loc EndOffset="3101" SrcFileId="1" StartOffset="3056"/>
</LocList>
</BasicStmnt>
</StmntSeq>
</Branch>
<Branch CovItemId="B22" CovItemPrefix="com.aconex.coding.challenge.NumberToAlphaConverter.java" Implct="true" Intrnl_Id="174">
<Cond/>
<LocList/>
<StmntSeq Intrnl_Id="175">
<LocList/>
</StmntSeq>
</Branch>
<Keyword EndOffset="2997" SrcFileId="1" StartOffset="2995"/>
<LocList>
<Loc EndOffset="3108" SrcFileId="1" StartOffset="2995"/>
</LocList>
<RootTerm CovItemId="C13" CovItemPrefix="com.aconex.coding.challenge.NumberToAlphaConverter.java" Intrnl_Id="176">
<BasicBoolTerm Intrnl_Id="177">
<LocList>
<Loc EndOffset="3047" SrcFileId="1" StartOffset="2998"/>
</LocList>
</BasicBoolTerm>
</RootTerm>
</CondStmnt>
</StmntSeq>
</Branch>
<Branch CovItemId="B20" CovItemPrefix="com.aconex.coding.challenge.NumberToAlphaConverter.java" Implct="false" Intrnl_Id="178">
<Cond>
<Loc EndOffset="3123" SrcFileId="1" StartOffset="3119"/>
</Cond>
<LocList>
<Loc EndOffset="3399" SrcFileId="1" StartOffset="3123"/>
</LocList>
<StmntSeq Intrnl_Id="179">
<LocList>
<Loc EndOffset="3163" SrcFileId="1" StartOffset="3130"/>
<Loc EndOffset="3393" SrcFileId="1" StartOffset="3169"/>
</LocList>
<BasicStmnt CovItemId="S75" CovItemPrefix="com.aconex.coding.challenge.NumberToAlphaConverter.java" Intrnl_Id="180">
<LocList>
<Loc EndOffset="3163" SrcFileId="1" StartOffset="3130"/>
</LocList>
</BasicStmnt>
<CondStmnt CovItemId="S76" CovItemPrefix="com.aconex.coding.challenge.NumberToAlphaConverter.java" Intrnl_Id="181">
<Branch CovItemId="B23" CovItemPrefix="com.aconex.coding.challenge.NumberToAlphaConverter.java" Implct="false" Intrnl_Id="182">
<Cond/>
<LocList>
<Loc EndOffset="3393" SrcFileId="1" StartOffset="3215"/>
</LocList>
<StmntSeq Intrnl_Id="183">
<LocList>
<Loc EndOffset="3257" SrcFileId="1" StartOffset="3223"/>
<Loc EndOffset="3386" SrcFileId="1" StartOffset="3264"/>
</LocList>
<BasicStmnt CovItemId="S77" CovItemPrefix="com.aconex.coding.challenge.NumberToAlphaConverter.java" Intrnl_Id="184">
<LocList>
<Loc EndOffset="3257" SrcFileId="1" StartOffset="3223"/>
</LocList>
</BasicStmnt>
<CondStmnt CovItemId="S78" CovItemPrefix="com.aconex.coding.challenge.NumberToAlphaConverter.java" Intrnl_Id="185">
<Branch CovItemId="B25" CovItemPrefix="com.aconex.coding.challenge.NumberToAlphaConverter.java" Implct="false" Intrnl_Id="186">
<Cond/>
<LocList>
<Loc EndOffset="3386" SrcFileId="1" StartOffset="3318"/>
</LocList>
<StmntSeq Intrnl_Id="187">
<LocList>
<Loc EndOffset="3378" SrcFileId="1" StartOffset="3327"/>
</LocList>
<BasicStmnt CovItemId="S79" CovItemPrefix="com.aconex.coding.challenge.NumberToAlphaConverter.java" Intrnl_Id="188">
<LocList>
<Loc EndOffset="3378" SrcFileId="1" StartOffset="3327"/>
</LocList>
</BasicStmnt>
</StmntSeq>
</Branch>
<Branch CovItemId="B26" CovItemPrefix="com.aconex.coding.challenge.NumberToAlphaConverter.java" Implct="true" Intrnl_Id="189">
<Cond/>
<LocList/>
<StmntSeq Intrnl_Id="190">
<LocList/>
</StmntSeq>
</Branch>
<Keyword EndOffset="3266" SrcFileId="1" StartOffset="3264"/>
<LocList>
<Loc EndOffset="3386" SrcFileId="1" StartOffset="3264"/>
</LocList>
<RootTerm CovItemId="C15" CovItemPrefix="com.aconex.coding.challenge.NumberToAlphaConverter.java" Intrnl_Id="191">
<BasicBoolTerm Intrnl_Id="192">
<LocList>
<Loc EndOffset="3317" SrcFileId="1" StartOffset="3267"/>
</LocList>
</BasicBoolTerm>
</RootTerm>
</CondStmnt>
</StmntSeq>
</Branch>
<Branch CovItemId="B24" CovItemPrefix="com.aconex.coding.challenge.NumberToAlphaConverter.java" Implct="true" Intrnl_Id="193">
<Cond/>
<LocList/>
<StmntSeq Intrnl_Id="194">
<LocList/>
</StmntSeq>
</Branch>
<Keyword EndOffset="3171" SrcFileId="1" StartOffset="3169"/>
<LocList>
<Loc EndOffset="3393" SrcFileId="1" StartOffset="3169"/>
</LocList>
<RootTerm CovItemId="C14" CovItemPrefix="com.aconex.coding.challenge.NumberToAlphaConverter.java" Intrnl_Id="195">
<BasicBoolTerm Intrnl_Id="196">
<LocList>
<Loc EndOffset="3214" SrcFileId="1" StartOffset="3172"/>
</LocList>
</BasicBoolTerm>
</RootTerm>
</CondStmnt>
</StmntSeq>
</Branch>
<Keyword EndOffset="2943" SrcFileId="1" StartOffset="2941"/>
<LocList>
<Loc EndOffset="3399" SrcFileId="1" StartOffset="2941"/>
</LocList>
<RootTerm CovItemId="C12" CovItemPrefix="com.aconex.coding.challenge.NumberToAlphaConverter.java" Intrnl_Id="197">
<BasicBoolTerm Intrnl_Id="198">
<LocList>
<Loc EndOffset="2948" SrcFileId="1" StartOffset="2944"/>
</LocList>
</BasicBoolTerm>
</RootTerm>
</CondStmnt>
</StmntSeq>
<Keyword EndOffset="2905" SrcFileId="1" StartOffset="2902"/>
<LocList>
<Loc EndOffset="3404" SrcFileId="1" StartOffset="2902"/>
</LocList>
<RootTerm CovItemId="C11" CovItemPrefix="com.aconex.coding.challenge.NumberToAlphaConverter.java" Intrnl_Id="199">
<BasicBoolTerm Intrnl_Id="200">
<LocList>
<Loc EndOffset="2930" SrcFileId="1" StartOffset="2914"/>
</LocList>
</BasicBoolTerm>
</RootTerm>
</LoopStmnt>
<BasicStmnt CovItemId="S80" CovItemPrefix="com.aconex.coding.challenge.NumberToAlphaConverter.java" Intrnl_Id="201">
<LocList>
<Loc EndOffset="3578" SrcFileId="1" StartOffset="3564"/>
</LocList>
</BasicStmnt>
</StmntSeq>
</HierarchyLvl>
<HierarchyLvl HierarchyLvlId="1617" HierarchyLvlTypeId="7" Intrnl_Id="202" Name="addToSet">
<Header>
<Loc EndOffset="3706" SrcFileId="1" StartOffset="3588"/>
</Header>
<LocList>
<Loc EndOffset="5376" SrcFileId="1" StartOffset="3588"/>
</LocList>
<StmntSeq Intrnl_Id="203">
<LocList>
<Loc EndOffset="3763" SrcFileId="1" StartOffset="3711"/>
<Loc EndOffset="5345" SrcFileId="1" StartOffset="3767"/>
<Loc EndOffset="5372" SrcFileId="1" StartOffset="5349"/>
</LocList>
<BasicStmnt CovItemId="S81" CovItemPrefix="com.aconex.coding.challenge.NumberToAlphaConverter.java" Intrnl_Id="204">
<LocList>
<Loc EndOffset="3763" SrcFileId="1" StartOffset="3711"/>
</LocList>
</BasicStmnt>
<CondStmnt CovItemId="S82" CovItemPrefix="com.aconex.coding.challenge.NumberToAlphaConverter.java" Intrnl_Id="205">
<Branch CovItemId="B27" CovItemPrefix="com.aconex.coding.challenge.NumberToAlphaConverter.java" Implct="false" Intrnl_Id="206">
<Cond/>
<LocList>
<Loc EndOffset="5242" SrcFileId="1" StartOffset="3792"/>
</LocList>
<StmntSeq Intrnl_Id="207">
<LocList>
<Loc EndOffset="5237" SrcFileId="1" StartOffset="3798"/>
</LocList>
<LoopStmnt CovItemId="S83" CovItemPrefix="com.aconex.coding.challenge.NumberToAlphaConverter.java" Intrnl_Id="208" MltplExecId="L3-2" MltplExecPrefix="com.aconex.coding.challenge.NumberToAlphaConverter.java" NvrExecId="L3-0" NvrExecPrefix="com.aconex.coding.challenge.NumberToAlphaConverter.java" OnceExecutedId="L3-1" OnceExecutedPrefix="com.aconex.coding.challenge.NumberToAlphaConverter.java" OptBodyExec="true">
<StmntSeq Intrnl_Id="209">
<LocList>
<Loc EndOffset="3905" SrcFileId="1" StartOffset="3844"/>
<Loc EndOffset="3963" SrcFileId="1" StartOffset="3911"/>
<Loc EndOffset="5231" SrcFileId="1" StartOffset="3969"/>
</LocList>
<BasicStmnt CovItemId="S84" CovItemPrefix="com.aconex.coding.challenge.NumberToAlphaConverter.java" Intrnl_Id="210">
<LocList>
<Loc EndOffset="3905" SrcFileId="1" StartOffset="3844"/>
</LocList>
</BasicStmnt>
<BasicStmnt CovItemId="S85" CovItemPrefix="com.aconex.coding.challenge.NumberToAlphaConverter.java" Intrnl_Id="211">
<LocList>
<Loc EndOffset="3963" SrcFileId="1" StartOffset="3911"/>
</LocList>
</BasicStmnt>
<LoopStmnt CovItemId="S86" CovItemPrefix="com.aconex.coding.challenge.NumberToAlphaConverter.java" Intrnl_Id="212" MltplExecId="L4-2" MltplExecPrefix="com.aconex.coding.challenge.NumberToAlphaConverter.java" NvrExecId="L4-0" NvrExecPrefix="com.aconex.coding.challenge.NumberToAlphaConverter.java" OnceExecutedId="L4-1" OnceExecutedPrefix="com.aconex.coding.challenge.NumberToAlphaConverter.java" OptBodyExec="true">
<StmntSeq Intrnl_Id="213">
<LocList>
<Loc EndOffset="4048" SrcFileId="1" StartOffset="4005"/>
<Loc EndOffset="4689" SrcFileId="1" StartOffset="4055"/>
<Loc EndOffset="5224" SrcFileId="1" StartOffset="4696"/>
</LocList>
<BasicStmnt CovItemId="S87" CovItemPrefix="com.aconex.coding.challenge.NumberToAlphaConverter.java" Intrnl_Id="214">
<LocList>
<Loc EndOffset="4048" SrcFileId="1" StartOffset="4005"/>
</LocList>
</BasicStmnt>
<CondStmnt CovItemId="S88" CovItemPrefix="com.aconex.coding.challenge.NumberToAlphaConverter.java" Intrnl_Id="215">
<Branch CovItemId="B29" CovItemPrefix="com.aconex.coding.challenge.NumberToAlphaConverter.java" Implct="false" Intrnl_Id="216">
<Cond/>
<LocList>
<Loc EndOffset="4178" SrcFileId="1" StartOffset="4108"/>
</LocList>
<StmntSeq Intrnl_Id="217">
<LocList>
<Loc EndOffset="4170" SrcFileId="1" StartOffset="4117"/>
</LocList>
<BasicStmnt CovItemId="S89" CovItemPrefix="com.aconex.coding.challenge.NumberToAlphaConverter.java" Intrnl_Id="218">
<LocList>
<Loc EndOffset="4170" SrcFileId="1" StartOffset="4117"/>
</LocList>
</BasicStmnt>
</StmntSeq>
</Branch>
<Branch CovItemId="B30" CovItemPrefix="com.aconex.coding.challenge.NumberToAlphaConverter.java" Implct="false" Intrnl_Id="219">
<Cond>
<Loc EndOffset="4189" SrcFileId="1" StartOffset="4185"/>
</Cond>
<LocList>
<Loc EndOffset="4689" SrcFileId="1" StartOffset="4189"/>
</LocList>
<StmntSeq Intrnl_Id="220">
<LocList>
<Loc EndOffset="4361" SrcFileId="1" StartOffset="4198"/>
<Loc EndOffset="4420" SrcFileId="1" StartOffset="4369"/>
<Loc EndOffset="4681" SrcFileId="1" StartOffset="4428"/>
</LocList>
<CondStmnt CovItemId="S90" CovItemPrefix="com.aconex.coding.challenge.NumberToAlphaConverter.java" Intrnl_Id="221">
<Branch CovItemId="B31" CovItemPrefix="com.aconex.coding.challenge.NumberToAlphaConverter.java" Implct="false" Intrnl_Id="222">
<Cond/>
<LocList>
<Loc EndOffset="4361" SrcFileId="1" StartOffset="4294"/>
</LocList>
<StmntSeq Intrnl_Id="223">
<LocList>
<Loc EndOffset="4352" SrcFileId="1" StartOffset="4304"/>
</LocList>
<BasicStmnt CovItemId="S91" CovItemPrefix="com.aconex.coding.challenge.NumberToAlphaConverter.java" Intrnl_Id="224">
<LocList>
<Loc EndOffset="4352" SrcFileId="1" StartOffset="4304"/>
</LocList>
</BasicStmnt>
</StmntSeq>
</Branch>
<Branch CovItemId="B32" CovItemPrefix="com.aconex.coding.challenge.NumberToAlphaConverter.java" Implct="true" Intrnl_Id="225">
<Cond/>
<LocList/>
<StmntSeq Intrnl_Id="226">
<LocList/>
</StmntSeq>
</Branch>
<Keyword EndOffset="4200" SrcFileId="1" StartOffset="4198"/>
<LocList>
<Loc EndOffset="4361" SrcFileId="1" StartOffset="4198"/>
</LocList>
<RootTerm CovItemId="C18" CovItemPrefix="com.aconex.coding.challenge.NumberToAlphaConverter.java" Intrnl_Id="227">
<OpTerm BooleanOpId="3" Intrnl_Id="228">
<BasicBoolTerm Intrnl_Id="229">
<LocList>
<Loc EndOffset="4242" SrcFileId="1" StartOffset="4201"/>
</LocList>
</BasicBoolTerm>
<BasicBoolTerm Intrnl_Id="230">
<LocList>
<Loc EndOffset="4284" SrcFileId="1" StartOffset="4247"/>
</LocList>
</BasicBoolTerm>
<LocList>
<Loc EndOffset="4245" SrcFileId="1" StartOffset="4243"/>
</LocList>
</OpTerm>
</RootTerm>
</CondStmnt>
<BasicStmnt CovItemId="S92" CovItemPrefix="com.aconex.coding.challenge.NumberToAlphaConverter.java" Intrnl_Id="231">
<LocList>
<Loc EndOffset="4420" SrcFileId="1" StartOffset="4369"/>
</LocList>
</BasicStmnt>
<CondStmnt CovItemId="S93" CovItemPrefix="com.aconex.coding.challenge.NumberToAlphaConverter.java" Intrnl_Id="232">
<Branch CovItemId="B33" CovItemPrefix="com.aconex.coding.challenge.NumberToAlphaConverter.java" Implct="false" Intrnl_Id="233">
<Cond/>
<LocList>
<Loc EndOffset="4681" SrcFileId="1" StartOffset="4448"/>
</LocList>
<StmntSeq Intrnl_Id="234">
<LocList>
<Loc EndOffset="4672" SrcFileId="1" StartOffset="4458"/>
</LocList>
<LoopStmnt CovItemId="S94" CovItemPrefix="com.aconex.coding.challenge.NumberToAlphaConverter.java" Intrnl_Id="235" MltplExecId="L5-2" MltplExecPrefix="com.aconex.coding.challenge.NumberToAlphaConverter.java" NvrExecId="L5-0" NvrExecPrefix="com.aconex.coding.challenge.NumberToAlphaConverter.java" OnceExecutedId="L5-1" OnceExecutedPrefix="com.aconex.coding.challenge.NumberToAlphaConverter.java" OptBodyExec="true">
<StmntSeq Intrnl_Id="236">
<LocList>
<Loc EndOffset="4533" SrcFileId="1" StartOffset="4496"/>
<Loc EndOffset="4662" SrcFileId="1" StartOffset="4543"/>
</LocList>
<BasicStmnt CovItemId="S95" CovItemPrefix="com.aconex.coding.challenge.NumberToAlphaConverter.java" Intrnl_Id="237">
<LocList>
<Loc EndOffset="4533" SrcFileId="1" StartOffset="4496"/>
</LocList>
</BasicStmnt>
<CondStmnt CovItemId="S96" CovItemPrefix="com.aconex.coding.challenge.NumberToAlphaConverter.java" Intrnl_Id="238">
<Branch CovItemId="B35" CovItemPrefix="com.aconex.coding.challenge.NumberToAlphaConverter.java" Implct="false" Intrnl_Id="239">
<Cond/>
<LocList>
<Loc EndOffset="4662" SrcFileId="1" StartOffset="4610"/>
</LocList>
<StmntSeq Intrnl_Id="240">
<LocList>
<Loc EndOffset="4651" SrcFileId="1" StartOffset="4622"/>
</LocList>
<BasicStmnt CovItemId="S97" CovItemPrefix="com.aconex.coding.challenge.NumberToAlphaConverter.java" Intrnl_Id="241">
<LocList>
<Loc EndOffset="4651" SrcFileId="1" StartOffset="4622"/>
</LocList>
</BasicStmnt>
</StmntSeq>
</Branch>
<Branch CovItemId="B36" CovItemPrefix="com.aconex.coding.challenge.NumberToAlphaConverter.java" Implct="true" Intrnl_Id="242">
<Cond/>
<LocList/>
<StmntSeq Intrnl_Id="243">
<LocList/>
</StmntSeq>
</Branch>
<Keyword EndOffset="4545" SrcFileId="1" StartOffset="4543"/>
<LocList>
<Loc EndOffset="4662" SrcFileId="1" StartOffset="4543"/>
</LocList>
<RootTerm CovItemId="C20" CovItemPrefix="com.aconex.coding.challenge.NumberToAlphaConverter.java" Intrnl_Id="244">
<OpTerm BooleanOpId="4" Intrnl_Id="245">
<OpTerm BooleanOpId="2" Intrnl_Id="246">
<OpTerm BooleanOpId="3" Intrnl_Id="247">
<BasicBoolTerm Intrnl_Id="248">
<LocList>
<Loc EndOffset="4566" SrcFileId="1" StartOffset="4548"/>
</LocList>
</BasicBoolTerm>
<BasicBoolTerm Intrnl_Id="249">
<LocList>
<Loc EndOffset="4586" SrcFileId="1" StartOffset="4570"/>
</LocList>
</BasicBoolTerm>
<LocList>
<Loc EndOffset="4569" SrcFileId="1" StartOffset="4567"/>
</LocList>
</OpTerm>
<LocList>
<Loc EndOffset="4547" SrcFileId="1" StartOffset="4546"/>
</LocList>
</OpTerm>
<BasicBoolTerm Intrnl_Id="250">
<LocList>
<Loc EndOffset="4609" SrcFileId="1" StartOffset="4591"/>
</LocList>
</BasicBoolTerm>
<LocList>
<Loc EndOffset="4590" SrcFileId="1" StartOffset="4588"/>
</LocList>
</OpTerm>
</RootTerm>
</CondStmnt>
</StmntSeq>
<Keyword EndOffset="4461" SrcFileId="1" StartOffset="4458"/>
<LocList>
<Loc EndOffset="4672" SrcFileId="1" StartOffset="4458"/>
</LocList>
</LoopStmnt>
</StmntSeq>
</Branch>
<Branch CovItemId="B34" CovItemPrefix="com.aconex.coding.challenge.NumberToAlphaConverter.java" Implct="true" Intrnl_Id="251">
<Cond/>
<LocList/>
<StmntSeq Intrnl_Id="252">
<LocList/>
</StmntSeq>
</Branch>
<Keyword EndOffset="4430" SrcFileId="1" StartOffset="4428"/>
<LocList>
<Loc EndOffset="4681" SrcFileId="1" StartOffset="4428"/>
</LocList>
<RootTerm CovItemId="C19" CovItemPrefix="com.aconex.coding.challenge.NumberToAlphaConverter.java" Intrnl_Id="253">
<BasicBoolTerm Intrnl_Id="254">
<LocList>
<Loc EndOffset="4447" SrcFileId="1" StartOffset="4431"/>
</LocList>
</BasicBoolTerm>
</RootTerm>
</CondStmnt>
</StmntSeq>
</Branch>
<Keyword EndOffset="4057" SrcFileId="1" StartOffset="4055"/>
<LocList>
<Loc EndOffset="4689" SrcFileId="1" StartOffset="4055"/>
</LocList>
<RootTerm CovItemId="C17" CovItemPrefix="com.aconex.coding.challenge.NumberToAlphaConverter.java" Intrnl_Id="255">
<BasicBoolTerm Intrnl_Id="256">
<LocList>
<Loc EndOffset="4107" SrcFileId="1" StartOffset="4058"/>
</LocList>
</BasicBoolTerm>
</RootTerm>
</CondStmnt>
<CondStmnt CovItemId="S98" CovItemPrefix="com.aconex.coding.challenge.NumberToAlphaConverter.java" Intrnl_Id="257">
<Branch CovItemId="B37" CovItemPrefix="com.aconex.coding.challenge.NumberToAlphaConverter.java" Implct="false" Intrnl_Id="258">
<Cond/>
<LocList>
<Loc EndOffset="5224" SrcFileId="1" StartOffset="4716"/>
</LocList>
<StmntSeq Intrnl_Id="259">
<LocList>
<Loc EndOffset="4823" SrcFileId="1" StartOffset="4725"/>
<Loc EndOffset="5216" SrcFileId="1" StartOffset="4831"/>
</LocList>
<BasicStmnt CovItemId="S99" CovItemPrefix="com.aconex.coding.challenge.NumberToAlphaConverter.java" Intrnl_Id="260">
<LocList>
<Loc EndOffset="4823" SrcFileId="1" StartOffset="4725"/>
</LocList>
</BasicStmnt>
<CondStmnt CovItemId="S100" CovItemPrefix="com.aconex.coding.challenge.NumberToAlphaConverter.java" Intrnl_Id="261">
<Branch CovItemId="B39" CovItemPrefix="com.aconex.coding.challenge.NumberToAlphaConverter.java" Implct="false" Intrnl_Id="262">
<Cond/>
<LocList>
<Loc EndOffset="5216" SrcFileId="1" StartOffset="4845"/>
</LocList>
<StmntSeq Intrnl_Id="263">
<LocList>
<Loc EndOffset="5207" SrcFileId="1" StartOffset="4855"/>
</LocList>
<LoopStmnt CovItemId="S101" CovItemPrefix="com.aconex.coding.challenge.NumberToAlphaConverter.java" Intrnl_Id="264" MltplExecId="L6-2" MltplExecPrefix="com.aconex.coding.challenge.NumberToAlphaConverter.java" NvrExecId="L6-0" NvrExecPrefix="com.aconex.coding.challenge.NumberToAlphaConverter.java" OnceExecutedId="L6-1" OnceExecutedPrefix="com.aconex.coding.challenge.NumberToAlphaConverter.java" OptBodyExec="true">
<StmntSeq Intrnl_Id="265">
<LocList>
<Loc EndOffset="4916" SrcFileId="1" StartOffset="4889"/>
<Loc EndOffset="5197" SrcFileId="1" StartOffset="4926"/>
</LocList>
<BasicStmnt CovItemId="S102" CovItemPrefix="com.aconex.coding.challenge.NumberToAlphaConverter.java" Intrnl_Id="266">
<LocList>
<Loc EndOffset="4916" SrcFileId="1" StartOffset="4889"/>
</LocList>
</BasicStmnt>
<CondStmnt CovItemId="S103" CovItemPrefix="com.aconex.coding.challenge.NumberToAlphaConverter.java" Intrnl_Id="267">
<Branch CovItemId="B41" CovItemPrefix="com.aconex.coding.challenge.NumberToAlphaConverter.java" Implct="false" Intrnl_Id="268">
<Cond/>
<LocList>
<Loc EndOffset="5197" SrcFileId="1" StartOffset="4982"/>
</LocList>
<StmntSeq Intrnl_Id="269">
<LocList>
<Loc EndOffset="5186" SrcFileId="1" StartOffset="4994"/>
</LocList>
<CondStmnt CovItemId="S104" CovItemPrefix="com.aconex.coding.challenge.NumberToAlphaConverter.java" Intrnl_Id="270">
<Branch CovItemId="B43" CovItemPrefix="com.aconex.coding.challenge.NumberToAlphaConverter.java" Implct="false" Intrnl_Id="271">
<Cond/>
<LocList>
<Loc EndOffset="5128" SrcFileId="1" StartOffset="5015"/>
</LocList>
<StmntSeq Intrnl_Id="272">
<LocList>
<Loc EndOffset="5116" SrcFileId="1" StartOffset="5028"/>
</LocList>
<BasicStmnt CovItemId="S105" CovItemPrefix="com.aconex.coding.challenge.NumberToAlphaConverter.java" Intrnl_Id="273">
<LocList>
<Loc EndOffset="5116" SrcFileId="1" StartOffset="5028"/>
</LocList>
</BasicStmnt>
</StmntSeq>
</Branch>
<Branch CovItemId="B44" CovItemPrefix="com.aconex.coding.challenge.NumberToAlphaConverter.java" Implct="false" Intrnl_Id="274">
<Cond>
<Loc EndOffset="5132" SrcFileId="1" StartOffset="5128"/>
</Cond>
<LocList>
<Loc EndOffset="5186" SrcFileId="1" StartOffset="5132"/>
</LocList>
<StmntSeq Intrnl_Id="275">
<LocList>
<Loc EndOffset="5174" SrcFileId="1" StartOffset="5145"/>
</LocList>
<BasicStmnt CovItemId="S106" CovItemPrefix="com.aconex.coding.challenge.NumberToAlphaConverter.java" Intrnl_Id="276">
<LocList>
<Loc EndOffset="5174" SrcFileId="1" StartOffset="5145"/>
</LocList>
</BasicStmnt>
</StmntSeq>
</Branch>
<Keyword EndOffset="4996" SrcFileId="1" StartOffset="4994"/>
<LocList>
<Loc EndOffset="5186" SrcFileId="1" StartOffset="4994"/>
</LocList>
<RootTerm CovItemId="C24" CovItemPrefix="com.aconex.coding.challenge.NumberToAlphaConverter.java" Intrnl_Id="277">
<BasicBoolTerm Intrnl_Id="278">
<LocList>
<Loc EndOffset="5014" SrcFileId="1" StartOffset="4997"/>
</LocList>
</BasicBoolTerm>
</RootTerm>
</CondStmnt>
</StmntSeq>
</Branch>
<Branch CovItemId="B42" CovItemPrefix="com.aconex.coding.challenge.NumberToAlphaConverter.java" Implct="true" Intrnl_Id="279">
<Cond/>
<LocList/>
<StmntSeq Intrnl_Id="280">
<LocList/>
</StmntSeq>
</Branch>
<Keyword EndOffset="4928" SrcFileId="1" StartOffset="4926"/>
<LocList>
<Loc EndOffset="5197" SrcFileId="1" StartOffset="4926"/>
</LocList>
<RootTerm CovItemId="C23" CovItemPrefix="com.aconex.coding.challenge.NumberToAlphaConverter.java" Intrnl_Id="281">
<BasicBoolTerm Intrnl_Id="282">
<LocList>
<Loc EndOffset="4981" SrcFileId="1" StartOffset="4929"/>
</LocList>
</BasicBoolTerm>
</RootTerm>
</CondStmnt>
</StmntSeq>
<Keyword EndOffset="4858" SrcFileId="1" StartOffset="4855"/>
<LocList>
<Loc EndOffset="5207" SrcFileId="1" StartOffset="4855"/>
</LocList>
</LoopStmnt>
</StmntSeq>
</Branch>
<Branch CovItemId="B40" CovItemPrefix="com.aconex.coding.challenge.NumberToAlphaConverter.java" Implct="true" Intrnl_Id="283">
<Cond/>
<LocList/>
<StmntSeq Intrnl_Id="284">
<LocList/>
</StmntSeq>
</Branch>
<Keyword EndOffset="4833" SrcFileId="1" StartOffset="4831"/>
<LocList>
<Loc EndOffset="5216" SrcFileId="1" StartOffset="4831"/>
</LocList>
<RootTerm CovItemId="C22" CovItemPrefix="com.aconex.coding.challenge.NumberToAlphaConverter.java" Intrnl_Id="285">
<BasicBoolTerm Intrnl_Id="286">
<LocList>
<Loc EndOffset="4844" SrcFileId="1" StartOffset="4834"/>
</LocList>
</BasicBoolTerm>
</RootTerm>
</CondStmnt>
</StmntSeq>
</Branch>
<Branch CovItemId="B38" CovItemPrefix="com.aconex.coding.challenge.NumberToAlphaConverter.java" Implct="true" Intrnl_Id="287">
<Cond/>
<LocList/>
<StmntSeq Intrnl_Id="288">
<LocList/>
</StmntSeq>
</Branch>
<Keyword EndOffset="4698" SrcFileId="1" StartOffset="4696"/>
<LocList>
<Loc EndOffset="5224" SrcFileId="1" StartOffset="4696"/>
</LocList>
<RootTerm CovItemId="C21" CovItemPrefix="com.aconex.coding.challenge.NumberToAlphaConverter.java" Intrnl_Id="289">
<BasicBoolTerm Intrnl_Id="290">
<LocList>
<Loc EndOffset="4715" SrcFileId="1" StartOffset="4699"/>
</LocList>
</BasicBoolTerm>
</RootTerm>
</CondStmnt>
</StmntSeq>
<Keyword EndOffset="3972" SrcFileId="1" StartOffset="3969"/>
<LocList>
<Loc EndOffset="5231" SrcFileId="1" StartOffset="3969"/>
</LocList>
</LoopStmnt>
</StmntSeq>
<Keyword EndOffset="3801" SrcFileId="1" StartOffset="3798"/>
<LocList>
<Loc EndOffset="5237" SrcFileId="1" StartOffset="3798"/>
</LocList>
</LoopStmnt>
</StmntSeq>
</Branch>
<Branch CovItemId="B28" CovItemPrefix="com.aconex.coding.challenge.NumberToAlphaConverter.java" Implct="false" Intrnl_Id="291">
<Cond>
<Loc EndOffset="5246" SrcFileId="1" StartOffset="5242"/>
</Cond>
<LocList>
<Loc EndOffset="5345" SrcFileId="1" StartOffset="5247"/>
</LocList>
<StmntSeq Intrnl_Id="292">
<LocList>
<Loc EndOffset="5345" SrcFileId="1" StartOffset="5247"/>
</LocList>
<CondStmnt CovItemId="S107" CovItemPrefix="com.aconex.coding.challenge.NumberToAlphaConverter.java" Intrnl_Id="293">
<Branch CovItemId="B45" CovItemPrefix="com.aconex.coding.challenge.NumberToAlphaConverter.java" Implct="false" Intrnl_Id="294">
<Cond/>
<LocList>
<Loc EndOffset="5345" SrcFileId="1" StartOffset="5263"/>
</LocList>
<StmntSeq Intrnl_Id="295">
<LocList>
<Loc EndOffset="5340" SrcFileId="1" StartOffset="5269"/>
</LocList>
<LoopStmnt CovItemId="S108" CovItemPrefix="com.aconex.coding.challenge.NumberToAlphaConverter.java" Intrnl_Id="296" MltplExecId="L7-2" MltplExecPrefix="com.aconex.coding.challenge.NumberToAlphaConverter.java" NvrExecId="L7-0" NvrExecPrefix="com.aconex.coding.challenge.NumberToAlphaConverter.java" OnceExecutedId="L7-1" OnceExecutedPrefix="com.aconex.coding.challenge.NumberToAlphaConverter.java" OptBodyExec="true">
<StmntSeq Intrnl_Id="297">
<LocList>
<Loc EndOffset="5334" SrcFileId="1" StartOffset="5302"/>
</LocList>
<BasicStmnt CovItemId="S109" CovItemPrefix="com.aconex.coding.challenge.NumberToAlphaConverter.java" Intrnl_Id="298">
<LocList>
<Loc EndOffset="5334" SrcFileId="1" StartOffset="5302"/>
</LocList>
</BasicStmnt>
</StmntSeq>
<Keyword EndOffset="5272" SrcFileId="1" StartOffset="5269"/>
<LocList>
<Loc EndOffset="5340" SrcFileId="1" StartOffset="5269"/>
</LocList>
</LoopStmnt>
</StmntSeq>
</Branch>
<Branch CovItemId="B46" CovItemPrefix="com.aconex.coding.challenge.NumberToAlphaConverter.java" Implct="true" Intrnl_Id="299">
<Cond/>
<LocList/>
<StmntSeq Intrnl_Id="300">
<LocList/>
</StmntSeq>
</Branch>
<Keyword EndOffset="5249" SrcFileId="1" StartOffset="5247"/>
<LocList>
<Loc EndOffset="5345" SrcFileId="1" StartOffset="5247"/>
</LocList>
<RootTerm CovItemId="C25" CovItemPrefix="com.aconex.coding.challenge.NumberToAlphaConverter.java" Intrnl_Id="301">
<BasicBoolTerm Intrnl_Id="302">
<LocList>
<Loc EndOffset="5262" SrcFileId="1" StartOffset="5250"/>
</LocList>
</BasicBoolTerm>
</RootTerm>
</CondStmnt>
</StmntSeq>
</Branch>
<Keyword EndOffset="3769" SrcFileId="1" StartOffset="3767"/>
<LocList>
<Loc EndOffset="5345" SrcFileId="1" StartOffset="3767"/>
</LocList>
<RootTerm CovItemId="C16" CovItemPrefix="com.aconex.coding.challenge.NumberToAlphaConverter.java" Intrnl_Id="303">
<BasicBoolTerm Intrnl_Id="304">
<LocList>
<Loc EndOffset="3791" SrcFileId="1" StartOffset="3770"/>
</LocList>
</BasicBoolTerm>
</RootTerm>
</CondStmnt>
<BasicStmnt CovItemId="S110" CovItemPrefix="com.aconex.coding.challenge.NumberToAlphaConverter.java" Intrnl_Id="305">
<LocList>
<Loc EndOffset="5372" SrcFileId="1" StartOffset="5349"/>
</LocList>
</BasicStmnt>
</StmntSeq>
</HierarchyLvl>
<HierarchyLvl HierarchyLvlId="1618" HierarchyLvlTypeId="7" Intrnl_Id="306" Name="convertToAlpha">
<Header>
<Loc EndOffset="5446" SrcFileId="1" StartOffset="5385"/>
</Header>
<LocList>
<Loc EndOffset="6670" SrcFileId="1" StartOffset="5385"/>
</LocList>
<StmntSeq Intrnl_Id="307">
<LocList>
<Loc EndOffset="5500" SrcFileId="1" StartOffset="5451"/>
<Loc EndOffset="5527" SrcFileId="1" StartOffset="5504"/>
<Loc EndOffset="6642" SrcFileId="1" StartOffset="5531"/>
<Loc EndOffset="6666" SrcFileId="1" StartOffset="6646"/>
</LocList>
<BasicStmnt CovItemId="S111" CovItemPrefix="com.aconex.coding.challenge.NumberToAlphaConverter.java" Intrnl_Id="308">
<LocList>
<Loc EndOffset="5500" SrcFileId="1" StartOffset="5451"/>
</LocList>
</BasicStmnt>
<BasicStmnt CovItemId="S112" CovItemPrefix="com.aconex.coding.challenge.NumberToAlphaConverter.java" Intrnl_Id="309">
<LocList>
<Loc EndOffset="5527" SrcFileId="1" StartOffset="5504"/>
</LocList>
</BasicStmnt>
<LoopStmnt CovItemId="S113" CovItemPrefix="com.aconex.coding.challenge.NumberToAlphaConverter.java" Intrnl_Id="310" MltplExecId="L8-2" MltplExecPrefix="com.aconex.coding.challenge.NumberToAlphaConverter.java" NvrExecId="L8-0" NvrExecPrefix="com.aconex.coding.challenge.NumberToAlphaConverter.java" OnceExecutedId="L8-1" OnceExecutedPrefix="com.aconex.coding.challenge.NumberToAlphaConverter.java" OptBodyExec="true">
<StmntSeq Intrnl_Id="311">
<LocList>
<Loc EndOffset="5619" SrcFileId="1" StartOffset="5585"/>
<Loc EndOffset="6637" SrcFileId="1" StartOffset="5624"/>
</LocList>
<BasicStmnt CovItemId="S114" CovItemPrefix="com.aconex.coding.challenge.NumberToAlphaConverter.java" Intrnl_Id="312">
<LocList>
<Loc EndOffset="5619" SrcFileId="1" StartOffset="5585"/>
</LocList>
</BasicStmnt>
<CondStmnt CovItemId="S115" CovItemPrefix="com.aconex.coding.challenge.NumberToAlphaConverter.java" Intrnl_Id="313">
<Branch CovItemId="B47" CovItemPrefix="com.aconex.coding.challenge.NumberToAlphaConverter.java" Implct="false" Intrnl_Id="314">
<Cond/>
<LocList>
<Loc EndOffset="6637" SrcFileId="1" StartOffset="5696"/>
</LocList>
<StmntSeq Intrnl_Id="315">
<LocList>
<Loc EndOffset="6425" SrcFileId="1" StartOffset="5703"/>
<Loc EndOffset="6478" SrcFileId="1" StartOffset="6431"/>
<Loc EndOffset="6500" SrcFileId="1" StartOffset="6484"/>
</LocList>
<CondStmnt CovItemId="S116" CovItemPrefix="com.aconex.coding.challenge.NumberToAlphaConverter.java" Intrnl_Id="316">
<Branch CovItemId="B49" CovItemPrefix="com.aconex.coding.challenge.NumberToAlphaConverter.java" Implct="false" Intrnl_Id="317">
<Cond/>
<LocList>
<Loc EndOffset="6258" SrcFileId="1" StartOffset="5719"/>
</LocList>
<StmntSeq Intrnl_Id="318">
<LocList>
<Loc EndOffset="5779" SrcFileId="1" StartOffset="5727"/>
<Loc EndOffset="6144" SrcFileId="1" StartOffset="5786"/>
<Loc EndOffset="6172" SrcFileId="1" StartOffset="6151"/>
<Loc EndOffset="6251" SrcFileId="1" StartOffset="6179"/>
</LocList>
<BasicStmnt CovItemId="S117" CovItemPrefix="com.aconex.coding.challenge.NumberToAlphaConverter.java" Intrnl_Id="319">
<LocList>
<Loc EndOffset="5779" SrcFileId="1" StartOffset="5727"/>
</LocList>
</BasicStmnt>
<LoopStmnt CovItemId="S118" CovItemPrefix="com.aconex.coding.challenge.NumberToAlphaConverter.java" Intrnl_Id="320" MltplExecId="L9-2" MltplExecPrefix="com.aconex.coding.challenge.NumberToAlphaConverter.java" NvrExecId="L9-0" NvrExecPrefix="com.aconex.coding.challenge.NumberToAlphaConverter.java" OnceExecutedId="L9-1" OnceExecutedPrefix="com.aconex.coding.challenge.NumberToAlphaConverter.java" OptBodyExec="true">
<StmntSeq Intrnl_Id="321">
<LocList>
<Loc EndOffset="5893" SrcFileId="1" StartOffset="5832"/>
<Loc EndOffset="6136" SrcFileId="1" StartOffset="5901"/>
</LocList>
<BasicStmnt CovItemId="S119" CovItemPrefix="com.aconex.coding.challenge.NumberToAlphaConverter.java" Intrnl_Id="322">
<LocList>
<Loc EndOffset="5893" SrcFileId="1" StartOffset="5832"/>
</LocList>
</BasicStmnt>
<CondStmnt CovItemId="S120" CovItemPrefix="com.aconex.coding.challenge.NumberToAlphaConverter.java" Intrnl_Id="323">
<Branch CovItemId="B51" CovItemPrefix="com.aconex.coding.challenge.NumberToAlphaConverter.java" Implct="false" Intrnl_Id="324">
<Cond/>
<LocList>
<Loc EndOffset="6136" SrcFileId="1" StartOffset="5944"/>
</LocList>
<StmntSeq Intrnl_Id="325">
<LocList>
<Loc EndOffset="6006" SrcFileId="1" StartOffset="5954"/>
<Loc EndOffset="6127" SrcFileId="1" StartOffset="6015"/>
</LocList>
<BasicStmnt CovItemId="S121" CovItemPrefix="com.aconex.coding.challenge.NumberToAlphaConverter.java" Intrnl_Id="326">
<LocList>
<Loc EndOffset="6006" SrcFileId="1" StartOffset="5954"/>
</LocList>
</BasicStmnt>
<CondStmnt CovItemId="S122" CovItemPrefix="com.aconex.coding.challenge.NumberToAlphaConverter.java" Intrnl_Id="327">
<Branch CovItemId="B53" CovItemPrefix="com.aconex.coding.challenge.NumberToAlphaConverter.java" Implct="false" Intrnl_Id="328">
<Cond/>
<LocList>
<Loc EndOffset="6127" SrcFileId="1" StartOffset="6060"/>
</LocList>
<StmntSeq Intrnl_Id="329">
<LocList>
<Loc EndOffset="6117" SrcFileId="1" StartOffset="6071"/>
</LocList>
<BasicStmnt CovItemId="S123" CovItemPrefix="com.aconex.coding.challenge.NumberToAlphaConverter.java" Intrnl_Id="330">
<LocList>
<Loc EndOffset="6117" SrcFileId="1" StartOffset="6071"/>
</LocList>
</BasicStmnt>
</StmntSeq>
</Branch>
<Branch CovItemId="B54" CovItemPrefix="com.aconex.coding.challenge.NumberToAlphaConverter.java" Implct="true" Intrnl_Id="331">
<Cond/>
<LocList/>
<StmntSeq Intrnl_Id="332">
<LocList/>
</StmntSeq>
</Branch>
<Keyword EndOffset="6017" SrcFileId="1" StartOffset="6015"/>
<LocList>
<Loc EndOffset="6127" SrcFileId="1" StartOffset="6015"/>
</LocList>
<RootTerm CovItemId="C30" CovItemPrefix="com.aconex.coding.challenge.NumberToAlphaConverter.java" Intrnl_Id="333">
<BasicBoolTerm Intrnl_Id="334">
<LocList>
<Loc EndOffset="6059" SrcFileId="1" StartOffset="6018"/>
</LocList>
</BasicBoolTerm>
</RootTerm>
</CondStmnt>
</StmntSeq>
</Branch>
<Branch CovItemId="B52" CovItemPrefix="com.aconex.coding.challenge.NumberToAlphaConverter.java" Implct="true" Intrnl_Id="335">
<Cond/>
<LocList/>
<StmntSeq Intrnl_Id="336">
<LocList/>
</StmntSeq>
</Branch>
<Keyword EndOffset="5903" SrcFileId="1" StartOffset="5901"/>
<LocList>
<Loc EndOffset="6136" SrcFileId="1" StartOffset="5901"/>
</LocList>
<RootTerm CovItemId="C29" CovItemPrefix="com.aconex.coding.challenge.NumberToAlphaConverter.java" Intrnl_Id="337">
<BasicBoolTerm Intrnl_Id="338">
<LocList>
<Loc EndOffset="5943" SrcFileId="1" StartOffset="5904"/>
</LocList>
</BasicBoolTerm>
</RootTerm>
</CondStmnt>
</StmntSeq>
<Keyword EndOffset="5789" SrcFileId="1" StartOffset="5786"/>
<LocList>
<Loc EndOffset="6144" SrcFileId="1" StartOffset="5786"/>
</LocList>
</LoopStmnt>
<BasicStmnt CovItemId="S124" CovItemPrefix="com.aconex.coding.challenge.NumberToAlphaConverter.java" Intrnl_Id="339">
<LocList>
<Loc EndOffset="6172" SrcFileId="1" StartOffset="6151"/>
</LocList>
</BasicStmnt>
<LoopStmnt CovItemId="S125" CovItemPrefix="com.aconex.coding.challenge.NumberToAlphaConverter.java" Intrnl_Id="340" MltplExecId="L10-2" MltplExecPrefix="com.aconex.coding.challenge.NumberToAlphaConverter.java" NvrExecId="L10-0" NvrExecPrefix="com.aconex.coding.challenge.NumberToAlphaConverter.java" OnceExecutedId="L10-1" OnceExecutedPrefix="com.aconex.coding.challenge.NumberToAlphaConverter.java" OptBodyExec="true">
<StmntSeq Intrnl_Id="341">
<LocList>
<Loc EndOffset="6243" SrcFileId="1" StartOffset="6221"/>
</LocList>
<BasicStmnt CovItemId="S126" CovItemPrefix="com.aconex.coding.challenge.NumberToAlphaConverter.java" Intrnl_Id="342">
<LocList>
<Loc EndOffset="6243" SrcFileId="1" StartOffset="6221"/>
</LocList>
</BasicStmnt>
</StmntSeq>
<Keyword EndOffset="6182" SrcFileId="1" StartOffset="6179"/>
<LocList>
<Loc EndOffset="6251" SrcFileId="1" StartOffset="6179"/>
</LocList>
</LoopStmnt>
</StmntSeq>
</Branch>
<Branch CovItemId="B50" CovItemPrefix="com.aconex.coding.challenge.NumberToAlphaConverter.java" Implct="false" Intrnl_Id="343">
<Cond>
<Loc EndOffset="6262" SrcFileId="1" StartOffset="6258"/>
</Cond>
<LocList>
<Loc EndOffset="6425" SrcFileId="1" StartOffset="6262"/>
</LocList>
<StmntSeq Intrnl_Id="344">
<LocList>
<Loc EndOffset="6339" SrcFileId="1" StartOffset="6270"/>
<Loc EndOffset="6418" SrcFileId="1" StartOffset="6346"/>
</LocList>
<BasicStmnt CovItemId="S127" CovItemPrefix="com.aconex.coding.challenge.NumberToAlphaConverter.java" Intrnl_Id="345">
<LocList>
<Loc EndOffset="6339" SrcFileId="1" StartOffset="6270"/>
</LocList>
</BasicStmnt>
<BasicStmnt CovItemId="S128" CovItemPrefix="com.aconex.coding.challenge.NumberToAlphaConverter.java" Intrnl_Id="346">
<LocList>
<Loc EndOffset="6418" SrcFileId="1" StartOffset="6346"/>
</LocList>
</BasicStmnt>
</StmntSeq>
</Branch>
<Keyword EndOffset="5705" SrcFileId="1" StartOffset="5703"/>
<LocList>
<Loc EndOffset="6425" SrcFileId="1" StartOffset="5703"/>
</LocList>
<RootTerm CovItemId="C28" CovItemPrefix="com.aconex.coding.challenge.NumberToAlphaConverter.java" Intrnl_Id="347">
<BasicBoolTerm Intrnl_Id="348">
<LocList>
<Loc EndOffset="5718" SrcFileId="1" StartOffset="5706"/>
</LocList>
</BasicBoolTerm>
</RootTerm>
</CondStmnt>
<CondStmnt CovItemId="S129" CovItemPrefix="com.aconex.coding.challenge.NumberToAlphaConverter.java" Intrnl_Id="349">
<Branch CovItemId="B55" CovItemPrefix="com.aconex.coding.challenge.NumberToAlphaConverter.java" Implct="false" Intrnl_Id="350">
<Cond/>
<LocList>
<Loc EndOffset="6478" SrcFileId="1" StartOffset="6457"/>
</LocList>
<StmntSeq Intrnl_Id="351">
<LocList>
<Loc EndOffset="6471" SrcFileId="1" StartOffset="6465"/>
</LocList>
<BasicStmnt CovItemId="S130" CovItemPrefix="com.aconex.coding.challenge.NumberToAlphaConverter.java" Intrnl_Id="352">
<LocList>
<Loc EndOffset="6471" SrcFileId="1" StartOffset="6465"/>
</LocList>
</BasicStmnt>
</StmntSeq>
</Branch>
<Branch CovItemId="B56" CovItemPrefix="com.aconex.coding.challenge.NumberToAlphaConverter.java" Implct="true" Intrnl_Id="353">
<Cond/>
<LocList/>
<StmntSeq Intrnl_Id="354">
<LocList/>
</StmntSeq>
</Branch>
<Keyword EndOffset="6433" SrcFileId="1" StartOffset="6431"/>
<LocList>
<Loc EndOffset="6478" SrcFileId="1" StartOffset="6431"/>
</LocList>
<RootTerm CovItemId="C31" CovItemPrefix="com.aconex.coding.challenge.NumberToAlphaConverter.java" Intrnl_Id="355">
<BasicBoolTerm Intrnl_Id="356">
<LocList>
<Loc EndOffset="6456" SrcFileId="1" StartOffset="6434"/>
</LocList>
</BasicBoolTerm>
</RootTerm>
</CondStmnt>
<BasicStmnt CovItemId="S131" CovItemPrefix="com.aconex.coding.challenge.NumberToAlphaConverter.java" Intrnl_Id="357">
<LocList>
<Loc EndOffset="6500" SrcFileId="1" StartOffset="6484"/>
</LocList>
</BasicStmnt>
</StmntSeq>
</Branch>
<Branch CovItemId="B48" CovItemPrefix="com.aconex.coding.challenge.NumberToAlphaConverter.java" Implct="true" Intrnl_Id="358">
<Cond/>
<LocList/>
<StmntSeq Intrnl_Id="359">
<LocList/>
</StmntSeq>
</Branch>
<Keyword EndOffset="5626" SrcFileId="1" StartOffset="5624"/>
<LocList>
<Loc EndOffset="6637" SrcFileId="1" StartOffset="5624"/>
</LocList>
<RootTerm CovItemId="C27" CovItemPrefix="com.aconex.coding.challenge.NumberToAlphaConverter.java" Intrnl_Id="360">
<OpTerm BooleanOpId="4" Intrnl_Id="361">
<BasicBoolTerm Intrnl_Id="362">
<LocList>
<Loc EndOffset="5679" SrcFileId="1" StartOffset="5627"/>
</LocList>
</BasicBoolTerm>
<BasicBoolTerm Intrnl_Id="363">
<LocList>
<Loc EndOffset="5695" SrcFileId="1" StartOffset="5683"/>
</LocList>
</BasicBoolTerm>
<LocList>
<Loc EndOffset="5682" SrcFileId="1" StartOffset="5680"/>
</LocList>
</OpTerm>
</RootTerm>
</CondStmnt>
</StmntSeq>
<Keyword EndOffset="5534" SrcFileId="1" StartOffset="5531"/>
<LocList>
<Loc EndOffset="6642" SrcFileId="1" StartOffset="5531"/>
</LocList>
<RootTerm CovItemId="C26" CovItemPrefix="com.aconex.coding.challenge.NumberToAlphaConverter.java" Intrnl_Id="364">
<BasicBoolTerm Intrnl_Id="365">
<LocList>
<Loc EndOffset="5570" SrcFileId="1" StartOffset="5549"/>
</LocList>
</BasicBoolTerm>
</RootTerm>
</LoopStmnt>
<BasicStmnt CovItemId="S132" CovItemPrefix="com.aconex.coding.challenge.NumberToAlphaConverter.java" Intrnl_Id="366">
<LocList>
<Loc EndOffset="6666" SrcFileId="1" StartOffset="6646"/>
</LocList>
</BasicStmnt>
</StmntSeq>
</HierarchyLvl>
</HierarchyLvl>
</HierarchyLvl>
</HierarchyLvl>
</HierarchyLvl>
</HierarchyLvl>
</HierarchyLvl>
</MASTRoot>
</TestSessionContainer>
