<?xml version="1.0" encoding="UTF-8"?><TestSessionContainer xmlns="http://www.codecover.org/xml/testsession-container" Date="1421694260211" TestSessionContainerId="1ee4e36d-476a-4a6f-ae65-2189a8619c1e" version="1.0">
<SrcFileList>
<SrcFile Content="package com.aconex.coding.challenge;&#13;&#10;&#13;&#10;import java.util.ArrayList;&#13;&#10;import java.util.HashMap;&#13;&#10;import java.util.HashSet;&#13;&#10;import java.util.Map;&#13;&#10;import java.util.Set;&#13;&#10;&#13;&#10;public class NumberToAlphaConverter {&#13;&#10;&#13;&#10;static Map&lt;String,ArrayList&lt;String&gt;&gt; numberEncodingMap = new HashMap&lt;String,ArrayList&lt;String&gt;&gt;();&#13;&#10;&#9;&#13;&#10;&#9;static {&#13;&#10;&#9;&#9;ArrayList&lt;String&gt; digit2Encoding = new ArrayList&lt;String&gt;();&#13;&#10;&#9;&#9;digit2Encoding.add(&quot;A&quot;);&#13;&#10;&#9;&#9;digit2Encoding.add(&quot;B&quot;);&#13;&#10;&#9;&#9;digit2Encoding.add(&quot;C&quot;);&#13;&#10;&#9;&#9;numberEncodingMap.put(&quot;2&quot;,digit2Encoding);&#13;&#10;&#9;&#9;ArrayList&lt;String&gt; digit3Encoding = new ArrayList&lt;String&gt;();&#13;&#10;&#9;&#9;digit3Encoding.add(&quot;D&quot;);&#13;&#10;&#9;&#9;digit3Encoding.add(&quot;E&quot;);&#13;&#10;&#9;&#9;digit3Encoding.add(&quot;F&quot;);&#13;&#10;&#9;&#9;numberEncodingMap.put(&quot;3&quot;,digit3Encoding);&#13;&#10;&#9;&#9;ArrayList&lt;String&gt; digit4Encoding = new ArrayList&lt;String&gt;();&#13;&#10;&#9;&#9;digit4Encoding.add(&quot;G&quot;);&#13;&#10;&#9;&#9;digit4Encoding.add(&quot;H&quot;);&#13;&#10;&#9;&#9;digit4Encoding.add(&quot;I&quot;);&#13;&#10;&#9;&#9;numberEncodingMap.put(&quot;4&quot;,digit4Encoding);&#13;&#10;&#9;&#9;ArrayList&lt;String&gt; digit5Encoding = new ArrayList&lt;String&gt;();&#13;&#10;&#9;&#9;digit5Encoding.add(&quot;J&quot;);&#13;&#10;&#9;&#9;digit5Encoding.add(&quot;K&quot;);&#13;&#10;&#9;&#9;digit5Encoding.add(&quot;L&quot;);&#13;&#10;&#9;&#9;numberEncodingMap.put(&quot;5&quot;,digit5Encoding);&#13;&#10;&#9;&#9;ArrayList&lt;String&gt; digit6Encoding = new ArrayList&lt;String&gt;();&#13;&#10;&#9;&#9;digit6Encoding.add(&quot;M&quot;);&#13;&#10;&#9;&#9;digit6Encoding.add(&quot;N&quot;);&#13;&#10;&#9;&#9;digit6Encoding.add(&quot;O&quot;);&#13;&#10;&#9;&#9;numberEncodingMap.put(&quot;6&quot;,digit6Encoding);&#13;&#10;&#9;&#9;ArrayList&lt;String&gt; digit7Encoding = new ArrayList&lt;String&gt;();&#13;&#10;&#9;&#9;digit7Encoding.add(&quot;P&quot;);&#13;&#10;&#9;&#9;digit7Encoding.add(&quot;Q&quot;);&#13;&#10;&#9;&#9;digit7Encoding.add(&quot;R&quot;);&#13;&#10;&#9;&#9;digit7Encoding.add(&quot;S&quot;);&#13;&#10;&#9;&#9;numberEncodingMap.put(&quot;7&quot;,digit7Encoding);&#13;&#10;&#9;&#9;ArrayList&lt;String&gt; digit8Encoding = new ArrayList&lt;String&gt;();&#13;&#10;&#9;&#9;digit8Encoding.add(&quot;T&quot;);&#13;&#10;&#9;&#9;digit8Encoding.add(&quot;U&quot;);&#13;&#10;&#9;&#9;digit8Encoding.add(&quot;V&quot;);&#13;&#10;&#9;&#9;numberEncodingMap.put(&quot;8&quot;,digit8Encoding);&#13;&#10;&#9;&#9;ArrayList&lt;String&gt; digit9Encoding = new ArrayList&lt;String&gt;();&#13;&#10;&#9;&#9;digit9Encoding.add(&quot;W&quot;);&#13;&#10;&#9;&#9;digit9Encoding.add(&quot;X&quot;);&#13;&#10;&#9;&#9;digit9Encoding.add(&quot;Y&quot;);&#13;&#10;&#9;&#9;digit9Encoding.add(&quot;Z&quot;);&#13;&#10;&#9;&#9;numberEncodingMap.put(&quot;9&quot;,digit9Encoding);&#13;&#10;&#9;}&#13;&#10;&#9;&#13;&#10;&#9;&#13;&#10;&#9;private static int findLastDigitPosition(String convertedString){&#13;&#10;&#9;&#9;int pos = -1;&#13;&#10;&#9;&#9;char digit0 = '0';&#13;&#10;&#9;&#9;char digit9 = '9';&#13;&#10;&#9;&#9;for(int index = 0; index&lt;convertedString.length();index++){&#13;&#10;&#9;&#9;&#9;char charAtPos = convertedString.charAt(index);&#13;&#10;&#9;&#9;&#9;if(charAtPos&gt;=digit0 &amp;&amp; charAtPos&lt;=digit9){&#13;&#10;//&#9;&#9;&#9;&#9;System.out.println(charAtPos +&quot; - &quot;+index);&#13;&#10;&#9;&#9;&#9;&#9;pos = index;&#13;&#10;&#9;&#9;&#9;}else if(charAtPos == '-'){&#13;&#10;&#9;&#9;&#9;&#9;pos = index;&#13;&#10;&#9;&#9;&#9;}&#13;&#10;&#9;&#9;}&#13;&#10;&#9;&#9;return pos;&#13;&#10;&#9;&#9;&#13;&#10;&#9;}&#13;&#10;&#9;&#13;&#10;&#9;private static String alphaToDigit(char alpha){&#13;&#10;&#9;&#9;if(alpha&gt;='A'&amp;&amp;alpha&lt;='C'){&#13;&#10;&#9;&#9;&#9;return &quot;2&quot;;&#13;&#10;&#9;&#9;}else if(alpha&gt;='D'&amp;&amp;alpha&lt;='F'){&#13;&#10;&#9;&#9;&#9;return &quot;3&quot;;&#13;&#10;&#9;&#9;}else if(alpha&gt;='G'&amp;&amp;alpha&lt;='I'){&#13;&#10;&#9;&#9;&#9;return &quot;4&quot;;&#13;&#10;&#9;&#9;}else if(alpha&gt;='J'&amp;&amp;alpha&lt;='L'){&#13;&#10;&#9;&#9;&#9;return &quot;5&quot;;&#13;&#10;&#9;&#9;}else if(alpha&gt;='M'&amp;&amp;alpha&lt;='O'){&#13;&#10;&#9;&#9;&#9;return &quot;6&quot;;&#13;&#10;&#9;&#9;}else if(alpha&gt;='P'&amp;&amp;alpha&lt;='S'){&#13;&#10;&#9;&#9;&#9;return &quot;7&quot;;&#13;&#10;&#9;&#9;}else if(alpha&gt;='T'&amp;&amp;alpha&lt;='V'){&#13;&#10;&#9;&#9;&#9;return &quot;8&quot;;&#13;&#10;&#9;&#9;}else{&#13;&#10;&#9;&#9;&#9;return &quot;9&quot;;&#13;&#10;&#9;&#9;}&#13;&#10;&#9;}&#13;&#10;&#9;&#13;&#10;&#9;&#13;&#10;&#9;private static Set&lt;String&gt; replaceStringWithDigit(String str){&#13;&#10;&#9;&#9;Set&lt;String&gt; newSet = new HashSet&lt;String&gt;();&#13;&#10;//&#9;&#9;System.out.println(&quot;str: &quot;+str);&#13;&#10;&#9;&#9;for(int i=0;i&lt;str.length()-1;i++){&#13;&#10;&#9;&#9;&#9;if(i==0){&#13;&#10;&#9;&#9;&#9;&#9;String temp = str.substring(i+1);&#13;&#10;&#9;&#9;&#9;&#9;if(Dictionary.isStringPatternExistInDictionary(temp)){&#13;&#10;&#9;&#9;&#9;&#9;&#9;newSet.add(alphaToDigit(str.charAt(i))+temp);&#13;&#10;&#9;&#9;&#9;&#9;}&#13;&#10;&#9;&#9;&#9;}&#13;&#10;&#9;&#9;&#9;else{&#13;&#10;&#9;&#9;&#9;&#9;String temp = str.substring(0,i);&#13;&#10;//&#9;&#9;&#9;&#9;System.out.println(&quot;temp: &quot;+temp);&#13;&#10;&#9;&#9;&#9;&#9;if(Dictionary.isStringExistInDictionary(temp)){&#13;&#10;&#9;&#9;&#9;&#9;&#9;String temp2 = str.substring(i+1);&#13;&#10;//&#9;&#9;&#9;&#9;&#9;System.out.println(&quot;temp2: &quot;+temp2);&#13;&#10;&#9;&#9;&#9;&#9;&#9;if(Dictionary.isStringPatternExistInDictionary(temp2)){&#13;&#10;&#9;&#9;&#9;&#9;&#9;&#9;newSet.add(temp+alphaToDigit(str.charAt(i))+temp2);&#13;&#10;&#9;&#9;&#9;&#9;&#9;}&#13;&#10;&#9;&#9;&#9;&#9;}&#13;&#10;&#9;&#9;&#9;}&#13;&#10;&#9;&#9;}&#13;&#10;//&#9;&#9;if(newSet.size()&gt;0){&#13;&#10;//&#9;&#9;&#9;System.out.println(&quot;AlphaToDigitConverter--&quot;);&#13;&#10;//&#9;&#9;&#9;for(String atr:newSet){&#13;&#10;//&#9;&#9;&#9;&#9;System.out.println(atr);&#13;&#10;//&#9;&#9;&#9;}&#13;&#10;//&#9;&#9;}&#13;&#10;&#9;&#9;return newSet;&#13;&#10;&#9;}&#13;&#10;&#9;&#13;&#10;&#9;private static Set&lt;String&gt; addToSet(Set&lt;String&gt; convertedSet,ArrayList&lt;String&gt; arr, String digit,boolean isFirstIndex){&#13;&#10;&#9;&#9;Set&lt;String&gt; newConvertedSet = new HashSet&lt;String&gt;();&#13;&#10;//&#9;&#9;if(digit.equals(&quot;.&quot;)){&#13;&#10;//&#9;&#9;&#9;System.out.println(&quot;Period ocured&quot;);&#13;&#10;//&#9;&#9;&#9;for(String encodedStr : convertedSet){&#13;&#10;//&#9;&#9;&#9;&#9;final int lastDigitPos = findLastDigitPosition(encodedStr);&#13;&#10;//&#9;&#9;&#9;&#9;String str = encodedStr.substring(lastDigitPos+1);&#13;&#10;//&#9;&#9;&#9;&#9;if(Dictionary.isStringExistInDictionary(str) || str.equals(&quot;&quot;)){&#13;&#10;//&#9;&#9;&#9;&#9;&#9;newConvertedSet.add(encodedStr.concat(&quot;-&quot;));&#13;&#10;//&#9;&#9;&#9;&#9;}&#13;&#10;//&#9;&#9;&#9;}&#13;&#10;//&#9;&#9;}&#13;&#10;//&#9;&#9;else&#13;&#10;&#9;&#9;if(convertedSet.size()&gt;0){&#13;&#10;&#9;&#9;&#9;for(String convertedStr : convertedSet){&#13;&#10;&#9;&#9;&#9;&#9;final int lastDigitPos = findLastDigitPosition(convertedStr);&#13;&#10;&#9;&#9;&#9;&#9;String str = convertedStr.substring(lastDigitPos+1);&#13;&#10;&#9;&#9;&#9;&#9;for(String encodedStr : arr){&#13;&#10;&#9;&#9;&#9;&#9;&#9;String temp = str.concat(encodedStr);&#13;&#10;&#9;&#9;&#9;&#9;&#9;if(Dictionary.isStringPatternExistInDictionary(temp)){&#13;&#10;&#9;&#9;&#9;&#9;&#9;&#9;newConvertedSet.add(convertedStr.concat(encodedStr));&#13;&#10;&#9;&#9;&#9;&#9;&#9;}else{&#13;&#10;&#9;&#9;&#9;&#9;&#9;&#9;if(Dictionary.isStringExistInDictionary(str) &amp;&amp; (lastDigitPos!=convertedStr.length()-1))&#13;&#10;&#9;&#9;&#9;&#9;&#9;&#9;&#9;&#9;//|| (str.equals(&quot;&quot;)  &amp;&amp; (lastDigitPos!=-1) &amp;&amp; (convertedStr.charAt(lastDigitPos) == '-')))&#13;&#10;&#9;&#9;&#9;&#9;&#9;&#9;{&#13;&#10;//&#9;&#9;&#9;&#9;&#9;&#9;&#9;boolean flag = true;&#13;&#10;//&#9;&#9;&#9;&#9;&#9;&#9;&#9;if((lastDigitPos!=-1) &amp;&amp; convertedStr.charAt(lastDigitPos) == '-' &amp;&amp; str.equals(&quot;&quot;)){&#13;&#10;//&#9;&#9;&#9;&#9;&#9;&#9;&#9;&#9;char c = convertedStr.charAt(lastDigitPos-1);&#13;&#10;//&#9;&#9;&#9;&#9;&#9;&#9;&#9;&#9;if(c&gt;='0' &amp;&amp; c&lt;='9'){&#13;&#10;//&#9;&#9;&#9;&#9;&#9;&#9;&#9;&#9;&#9;flag = false;&#13;&#10;//&#9;&#9;&#9;&#9;&#9;&#9;&#9;&#9;}&#13;&#10;//&#9;&#9;&#9;&#9;&#9;&#9;&#9;}&#13;&#10;//&#9;&#9;&#9;&#9;&#9;&#9;&#9;if(flag){&#13;&#10;&#9;&#9;&#9;&#9;&#9;&#9;&#9;&#9;newConvertedSet.add(convertedStr.concat(digit));&#13;&#10;//&#9;&#9;&#9;&#9;&#9;&#9;&#9;}&#13;&#10;&#9;&#9;&#9;&#9;&#9;&#9;}&#13;&#10;&#9;&#9;&#9;&#9;&#9;&#9;if(lastDigitPos!=-1){&#13;&#10;&#9;&#9;&#9;&#9;&#9;&#9;&#9;&#13;&#10;&#9;&#9;&#9;&#9;&#9;&#9;&#9;ArrayList&lt;String&gt; arr1 = numberEncodingMap.get(String.valueOf(convertedStr.charAt(lastDigitPos)));&#13;&#10;//&#9;&#9;&#9;&#9;&#9;&#9;&#9;System.out.println(&quot;temp: &quot;+temp);&#13;&#10;&#9;&#9;&#9;&#9;&#9;&#9;&#9;if(arr1!=null){&#13;&#10;&#9;&#9;&#9;&#9;&#9;&#9;&#9;&#9;for(String strL : arr1){&#13;&#10;&#9;&#9;&#9;&#9;&#9;&#9;&#9;&#9;&#9;String tempStr = strL+temp;&#13;&#10;//&#9;&#9;&#9;&#9;&#9;&#9;&#9;&#9;&#9;System.out.println(tempStr);&#13;&#10;&#9;&#9;&#9;&#9;&#9;&#9;&#9;&#9;&#9;if(Dictionary.isStringPatternExistInDictionary(tempStr)){&#13;&#10;//&#9;&#9;&#9;&#9;&#9;&#9;&#9;&#9;&#9;&#9;System.out.println(&quot;lastDigitPos: &quot;+lastDigitPos);&#13;&#10;&#9;&#9;&#9;&#9;&#9;&#9;&#9;&#9;&#9;&#9;if(lastDigitPos != 0){&#13;&#10;&#9;&#9;&#9;&#9;&#9;&#9;&#9;&#9;&#9;&#9;&#9;newConvertedSet.add(convertedStr.substring(0,lastDigitPos).concat(&quot;-&quot;).concat(tempStr));&#13;&#10;&#9;&#9;&#9;&#9;&#9;&#9;&#9;&#9;&#9;&#9;}else{&#13;&#10;&#9;&#9;&#9;&#9;&#9;&#9;&#9;&#9;&#9;&#9;&#9;newConvertedSet.add(tempStr);&#13;&#10;&#9;&#9;&#9;&#9;&#9;&#9;&#9;&#9;&#9;&#9;}&#13;&#10;&#9;&#9;&#9;&#9;&#9;&#9;&#9;&#9;&#9;}&#13;&#10;&#9;&#9;&#9;&#9;&#9;&#9;&#9;&#9;}&#13;&#10;&#9;&#9;&#9;&#9;&#9;&#9;&#9;}&#13;&#10;&#9;&#9;&#9;&#9;&#9;&#9;}&#13;&#10;&#9;&#9;&#9;&#9;&#9;&#9;&#13;&#10;&#9;&#9;&#9;&#9;&#9;&#9;&#13;&#10;&#9;&#9;&#9;&#9;&#9;&#9;Set&lt;String&gt; tempSet = replaceStringWithDigit(temp);&#13;&#10;&#9;&#9;&#9;&#9;&#9;&#9;if(tempSet.size()&gt;0){&#13;&#10;&#9;&#9;&#9;&#9;&#9;&#9;&#9;for(String tempStr:tempSet){&#13;&#10;&#9;&#9;&#9;&#9;&#9;&#9;&#9;&#9;char firstLetter = tempStr.charAt(0);&#13;&#10;&#9;&#9;&#9;&#9;&#9;&#9;&#9;&#9;if(!(firstLetter &gt;= '0' &amp;&amp; firstLetter&lt;='9') || lastDigitPos == -1){&#13;&#10;&#9;&#9;&#9;&#9;&#9;&#9;&#9;&#9;&#9;if(lastDigitPos == -1){&#13;&#10;&#9;&#9;&#9;&#9;&#9;&#9;&#9;&#9;&#9;&#9;newConvertedSet.add(tempStr);&#13;&#10;&#9;&#9;&#9;&#9;&#9;&#9;&#9;&#9;&#9;}else{&#13;&#10;&#9;&#9;&#9;&#9;&#9;&#9;&#9;&#9;&#9;&#9;newConvertedSet.add(convertedStr.substring(0,lastDigitPos).concat(tempStr));&#13;&#10;&#9;&#9;&#9;&#9;&#9;&#9;&#9;&#9;&#9;}&#13;&#10;&#9;&#9;&#9;&#9;&#9;&#9;&#9;&#9;}&#13;&#10;&#9;&#9;&#9;&#9;&#9;&#9;&#9;}&#13;&#10;&#9;&#9;&#9;&#9;&#9;&#9;}&#13;&#10;&#9;&#9;&#9;&#9;&#9;}&#13;&#10;&#9;&#9;&#9;&#9;}&#13;&#10;&#9;&#9;&#9;}&#13;&#10;&#9;&#9;}else if(isFirstIndex){&#13;&#10;&#9;&#9;&#9;for(String encodedStr:arr){&#13;&#10;&#9;&#9;&#9;&#9;newConvertedSet.add(encodedStr);&#13;&#10;&#9;&#9;&#9;}&#13;&#10;&#9;&#9;}&#13;&#10;&#9;&#9;return newConvertedSet;&#13;&#10;&#9;}&#13;&#10;&#9;&#13;&#10;&#9;&#13;&#10;&#9;public static Set&lt;String&gt; convertToAlpha(final String number){&#13;&#10;&#9;&#9;Set&lt;String&gt; convertedSet = new HashSet&lt;String&gt;();&#13;&#10;&#9;&#9;try{ &#13;&#10;&#9;&#9;&#9;boolean isFirst = true;&#13;&#10;&#9;&#9;&#9;for(int index = 0;index&lt;number.length();index++){&#13;&#10;&#9;&#9;&#9;&#9;char digit = number.charAt(index);&#13;&#10;&#9;&#9;&#9;&#9;if(numberEncodingMap.containsKey(String.valueOf(digit))){&#13;&#10;&#9;&#9;&#9;&#9;&#9;ArrayList&lt;String&gt; arr = numberEncodingMap.get(String.valueOf(digit));&#13;&#10;&#9;&#9;&#9;&#9;&#9;convertedSet = addToSet(convertedSet,arr,String.valueOf(digit),isFirst);&#13;&#10;&#9;&#9;&#9;&#9;&#9;if(convertedSet.size()==0){&#13;&#10;&#9;&#9;&#9;&#9;&#9;&#9;break;&#13;&#10;&#9;&#9;&#9;&#9;&#9;}&#13;&#10;&#9;&#9;&#9;&#9;&#9;isFirst = false;&#13;&#10;//&#9;&#9;&#9;&#9;&#9;System.out.println(&quot;Iteratation -- &quot;+(index+1));&#13;&#10;//&#9;&#9;&#9;&#9;&#9;for(String c:convertedSet){&#13;&#10;//&#9;&#9;&#9;&#9;&#9;&#9;System.out.println(c);&#13;&#10;//&#9;&#9;&#9;&#9;&#9;}&#13;&#10;&#9;&#9;&#9;&#9;}&#13;&#10;&#9;&#9;&#9;}&#13;&#10;&#9;&#9;}catch(Exception e){&#13;&#10;&#9;&#9;&#9;e.printStackTrace();&#13;&#10;&#9;&#9;}&#13;&#10;&#9;&#9;return convertedSet;&#13;&#10;&#9;}&#13;&#10;&#9;&#13;&#10;}&#13;&#10;" Filename="NumberToAlphaConverter.java" Intrnl_Id="1"/>
</SrcFileList>
<CritList>
<CritListEntry Name="org.codecover.model.utils.criteria.LoopCoverage" PluginName="org.codecover"/>
<CritListEntry Name="org.codecover.model.utils.criteria.BranchCoverage" PluginName="org.codecover"/>
<CritListEntry Name="org.codecover.model.utils.criteria.ConditionCoverage" PluginName="org.codecover"/>
<CritListEntry Name="org.codecover.model.utils.criteria.SynchronizedStatementCoverage" PluginName="org.codecover"/>
<CritListEntry Name="org.codecover.model.utils.criteria.QMOCoverage" PluginName="org.codecover"/>
<CritListEntry Name="org.codecover.model.utils.criteria.StatementCoverage" PluginName="org.codecover"/>
</CritList>
<BoolOpList>
<BoolOp Arity="1" Intrnl_Id="2" Name="not (!)">
<BoolAssgnmntBoolMapList>
<MapEntry BoolAssgnmnt="0" Value="true"/>
<MapEntry BoolAssgnmnt="1" Value="false"/>
</BoolAssgnmntBoolMapList>
</BoolOp>
<BoolOp Arity="2" Intrnl_Id="3" Name="conditional and (&amp;&amp;)">
<BoolAssgnmntBoolMapList>
<MapEntry BoolAssgnmnt="10" Value="false"/>
<MapEntry BoolAssgnmnt="02" Value="false"/>
<MapEntry BoolAssgnmnt="11" Value="true"/>
</BoolAssgnmntBoolMapList>
</BoolOp>
<BoolOp Arity="2" Intrnl_Id="4" Name="conditional or (||)">
<BoolAssgnmntBoolMapList>
<MapEntry BoolAssgnmnt="01" Value="true"/>
<MapEntry BoolAssgnmnt="00" Value="false"/>
<MapEntry BoolAssgnmnt="12" Value="true"/>
</BoolAssgnmntBoolMapList>
</BoolOp>
</BoolOpList>
<HierarchyLvlTypeList>
<HierarchyLvlType EnglishName="package" IntrnlName="package" Intrnl_Id="5"/>
<HierarchyLvlType EnglishName="class" IntrnlName="class" Intrnl_Id="6"/>
<HierarchyLvlType EnglishName="method" IntrnlName="method" Intrnl_Id="7"/>
<HierarchyLvlType EnglishName="default package" IntrnlName="default package" Intrnl_Id="8"/>
</HierarchyLvlTypeList>
<MASTRoot>
<HierarchyLvl HierarchyLvlId="568" HierarchyLvlTypeId="8" Intrnl_Id="9" Name="default package">
<Header/>
<LocList/>
<HierarchyLvl HierarchyLvlId="567" HierarchyLvlTypeId="5" Intrnl_Id="10" Name="com">
<Header/>
<LocList/>
<HierarchyLvl HierarchyLvlId="566" HierarchyLvlTypeId="5" Intrnl_Id="11" Name="aconex">
<Header/>
<LocList/>
<HierarchyLvl HierarchyLvlId="565" HierarchyLvlTypeId="5" Intrnl_Id="12" Name="coding">
<Header/>
<LocList/>
<HierarchyLvl HierarchyLvlId="564" HierarchyLvlTypeId="5" Intrnl_Id="13" Name="challenge">
<Header/>
<LocList/>
<HierarchyLvl HierarchyLvlId="563" HierarchyLvlTypeId="6" Intrnl_Id="14" Name="NumberToAlphaConverter">
<Header>
<Loc EndOffset="206" SrcFileId="1" StartOffset="171"/>
</Header>
<LocList>
<Loc EndOffset="7471" SrcFileId="1" StartOffset="171"/>
</LocList>
<StmntSeq Intrnl_Id="15">
<LocList>
<Loc EndOffset="309" SrcFileId="1" StartOffset="212"/>
<Loc EndOffset="386" SrcFileId="1" StartOffset="327"/>
<Loc EndOffset="414" SrcFileId="1" StartOffset="390"/>
<Loc EndOffset="442" SrcFileId="1" StartOffset="418"/>
<Loc EndOffset="470" SrcFileId="1" StartOffset="446"/>
<Loc EndOffset="516" SrcFileId="1" StartOffset="474"/>
<Loc EndOffset="579" SrcFileId="1" StartOffset="520"/>
<Loc EndOffset="607" SrcFileId="1" StartOffset="583"/>
<Loc EndOffset="635" SrcFileId="1" StartOffset="611"/>
<Loc EndOffset="663" SrcFileId="1" StartOffset="639"/>
<Loc EndOffset="709" SrcFileId="1" StartOffset="667"/>
<Loc EndOffset="772" SrcFileId="1" StartOffset="713"/>
<Loc EndOffset="800" SrcFileId="1" StartOffset="776"/>
<Loc EndOffset="828" SrcFileId="1" StartOffset="804"/>
<Loc EndOffset="856" SrcFileId="1" StartOffset="832"/>
<Loc EndOffset="902" SrcFileId="1" StartOffset="860"/>
<Loc EndOffset="965" SrcFileId="1" StartOffset="906"/>
<Loc EndOffset="993" SrcFileId="1" StartOffset="969"/>
<Loc EndOffset="1021" SrcFileId="1" StartOffset="997"/>
<Loc EndOffset="1049" SrcFileId="1" StartOffset="1025"/>
<Loc EndOffset="1095" SrcFileId="1" StartOffset="1053"/>
<Loc EndOffset="1158" SrcFileId="1" StartOffset="1099"/>
<Loc EndOffset="1186" SrcFileId="1" StartOffset="1162"/>
<Loc EndOffset="1214" SrcFileId="1" StartOffset="1190"/>
<Loc EndOffset="1242" SrcFileId="1" StartOffset="1218"/>
<Loc EndOffset="1288" SrcFileId="1" StartOffset="1246"/>
<Loc EndOffset="1351" SrcFileId="1" StartOffset="1292"/>
<Loc EndOffset="1379" SrcFileId="1" StartOffset="1355"/>
<Loc EndOffset="1407" SrcFileId="1" StartOffset="1383"/>
<Loc EndOffset="1435" SrcFileId="1" StartOffset="1411"/>
<Loc EndOffset="1463" SrcFileId="1" StartOffset="1439"/>
<Loc EndOffset="1509" SrcFileId="1" StartOffset="1467"/>
<Loc EndOffset="1572" SrcFileId="1" StartOffset="1513"/>
<Loc EndOffset="1600" SrcFileId="1" StartOffset="1576"/>
<Loc EndOffset="1628" SrcFileId="1" StartOffset="1604"/>
<Loc EndOffset="1656" SrcFileId="1" StartOffset="1632"/>
<Loc EndOffset="1702" SrcFileId="1" StartOffset="1660"/>
<Loc EndOffset="1765" SrcFileId="1" StartOffset="1706"/>
<Loc EndOffset="1793" SrcFileId="1" StartOffset="1769"/>
<Loc EndOffset="1821" SrcFileId="1" StartOffset="1797"/>
<Loc EndOffset="1849" SrcFileId="1" StartOffset="1825"/>
<Loc EndOffset="1877" SrcFileId="1" StartOffset="1853"/>
<Loc EndOffset="1923" SrcFileId="1" StartOffset="1881"/>
</LocList>
<BasicStmnt CovItemId="S1" CovItemPrefix="com.aconex.coding.challenge.NumberToAlphaConverter.java" Intrnl_Id="16">
<LocList>
<Loc EndOffset="309" SrcFileId="1" StartOffset="212"/>
</LocList>
</BasicStmnt>
<BasicStmnt CovItemId="S2" CovItemPrefix="com.aconex.coding.challenge.NumberToAlphaConverter.java" Intrnl_Id="17">
<LocList>
<Loc EndOffset="386" SrcFileId="1" StartOffset="327"/>
</LocList>
</BasicStmnt>
<BasicStmnt CovItemId="S3" CovItemPrefix="com.aconex.coding.challenge.NumberToAlphaConverter.java" Intrnl_Id="18">
<LocList>
<Loc EndOffset="414" SrcFileId="1" StartOffset="390"/>
</LocList>
</BasicStmnt>
<BasicStmnt CovItemId="S4" CovItemPrefix="com.aconex.coding.challenge.NumberToAlphaConverter.java" Intrnl_Id="19">
<LocList>
<Loc EndOffset="442" SrcFileId="1" StartOffset="418"/>
</LocList>
</BasicStmnt>
<BasicStmnt CovItemId="S5" CovItemPrefix="com.aconex.coding.challenge.NumberToAlphaConverter.java" Intrnl_Id="20">
<LocList>
<Loc EndOffset="470" SrcFileId="1" StartOffset="446"/>
</LocList>
</BasicStmnt>
<BasicStmnt CovItemId="S6" CovItemPrefix="com.aconex.coding.challenge.NumberToAlphaConverter.java" Intrnl_Id="21">
<LocList>
<Loc EndOffset="516" SrcFileId="1" StartOffset="474"/>
</LocList>
</BasicStmnt>
<BasicStmnt CovItemId="S7" CovItemPrefix="com.aconex.coding.challenge.NumberToAlphaConverter.java" Intrnl_Id="22">
<LocList>
<Loc EndOffset="579" SrcFileId="1" StartOffset="520"/>
</LocList>
</BasicStmnt>
<BasicStmnt CovItemId="S8" CovItemPrefix="com.aconex.coding.challenge.NumberToAlphaConverter.java" Intrnl_Id="23">
<LocList>
<Loc EndOffset="607" SrcFileId="1" StartOffset="583"/>
</LocList>
</BasicStmnt>
<BasicStmnt CovItemId="S9" CovItemPrefix="com.aconex.coding.challenge.NumberToAlphaConverter.java" Intrnl_Id="24">
<LocList>
<Loc EndOffset="635" SrcFileId="1" StartOffset="611"/>
</LocList>
</BasicStmnt>
<BasicStmnt CovItemId="S10" CovItemPrefix="com.aconex.coding.challenge.NumberToAlphaConverter.java" Intrnl_Id="25">
<LocList>
<Loc EndOffset="663" SrcFileId="1" StartOffset="639"/>
</LocList>
</BasicStmnt>
<BasicStmnt CovItemId="S11" CovItemPrefix="com.aconex.coding.challenge.NumberToAlphaConverter.java" Intrnl_Id="26">
<LocList>
<Loc EndOffset="709" SrcFileId="1" StartOffset="667"/>
</LocList>
</BasicStmnt>
<BasicStmnt CovItemId="S12" CovItemPrefix="com.aconex.coding.challenge.NumberToAlphaConverter.java" Intrnl_Id="27">
<LocList>
<Loc EndOffset="772" SrcFileId="1" StartOffset="713"/>
</LocList>
</BasicStmnt>
<BasicStmnt CovItemId="S13" CovItemPrefix="com.aconex.coding.challenge.NumberToAlphaConverter.java" Intrnl_Id="28">
<LocList>
<Loc EndOffset="800" SrcFileId="1" StartOffset="776"/>
</LocList>
</BasicStmnt>
<BasicStmnt CovItemId="S14" CovItemPrefix="com.aconex.coding.challenge.NumberToAlphaConverter.java" Intrnl_Id="29">
<LocList>
<Loc EndOffset="828" SrcFileId="1" StartOffset="804"/>
</LocList>
</BasicStmnt>
<BasicStmnt CovItemId="S15" CovItemPrefix="com.aconex.coding.challenge.NumberToAlphaConverter.java" Intrnl_Id="30">
<LocList>
<Loc EndOffset="856" SrcFileId="1" StartOffset="832"/>
</LocList>
</BasicStmnt>
<BasicStmnt CovItemId="S16" CovItemPrefix="com.aconex.coding.challenge.NumberToAlphaConverter.java" Intrnl_Id="31">
<LocList>
<Loc EndOffset="902" SrcFileId="1" StartOffset="860"/>
</LocList>
</BasicStmnt>
<BasicStmnt CovItemId="S17" CovItemPrefix="com.aconex.coding.challenge.NumberToAlphaConverter.java" Intrnl_Id="32">
<LocList>
<Loc EndOffset="965" SrcFileId="1" StartOffset="906"/>
</LocList>
</BasicStmnt>
<BasicStmnt CovItemId="S18" CovItemPrefix="com.aconex.coding.challenge.NumberToAlphaConverter.java" Intrnl_Id="33">
<LocList>
<Loc EndOffset="993" SrcFileId="1" StartOffset="969"/>
</LocList>
</BasicStmnt>
<BasicStmnt CovItemId="S19" CovItemPrefix="com.aconex.coding.challenge.NumberToAlphaConverter.java" Intrnl_Id="34">
<LocList>
<Loc EndOffset="1021" SrcFileId="1" StartOffset="997"/>
</LocList>
</BasicStmnt>
<BasicStmnt CovItemId="S20" CovItemPrefix="com.aconex.coding.challenge.NumberToAlphaConverter.java" Intrnl_Id="35">
<LocList>
<Loc EndOffset="1049" SrcFileId="1" StartOffset="1025"/>
</LocList>
</BasicStmnt>
<BasicStmnt CovItemId="S21" CovItemPrefix="com.aconex.coding.challenge.NumberToAlphaConverter.java" Intrnl_Id="36">
<LocList>
<Loc EndOffset="1095" SrcFileId="1" StartOffset="1053"/>
</LocList>
</BasicStmnt>
<BasicStmnt CovItemId="S22" CovItemPrefix="com.aconex.coding.challenge.NumberToAlphaConverter.java" Intrnl_Id="37">
<LocList>
<Loc EndOffset="1158" SrcFileId="1" StartOffset="1099"/>
</LocList>
</BasicStmnt>
<BasicStmnt CovItemId="S23" CovItemPrefix="com.aconex.coding.challenge.NumberToAlphaConverter.java" Intrnl_Id="38">
<LocList>
<Loc EndOffset="1186" SrcFileId="1" StartOffset="1162"/>
</LocList>
</BasicStmnt>
<BasicStmnt CovItemId="S24" CovItemPrefix="com.aconex.coding.challenge.NumberToAlphaConverter.java" Intrnl_Id="39">
<LocList>
<Loc EndOffset="1214" SrcFileId="1" StartOffset="1190"/>
</LocList>
</BasicStmnt>
<BasicStmnt CovItemId="S25" CovItemPrefix="com.aconex.coding.challenge.NumberToAlphaConverter.java" Intrnl_Id="40">
<LocList>
<Loc EndOffset="1242" SrcFileId="1" StartOffset="1218"/>
</LocList>
</BasicStmnt>
<BasicStmnt CovItemId="S26" CovItemPrefix="com.aconex.coding.challenge.NumberToAlphaConverter.java" Intrnl_Id="41">
<LocList>
<Loc EndOffset="1288" SrcFileId="1" StartOffset="1246"/>
</LocList>
</BasicStmnt>
<BasicStmnt CovItemId="S27" CovItemPrefix="com.aconex.coding.challenge.NumberToAlphaConverter.java" Intrnl_Id="42">
<LocList>
<Loc EndOffset="1351" SrcFileId="1" StartOffset="1292"/>
</LocList>
</BasicStmnt>
<BasicStmnt CovItemId="S28" CovItemPrefix="com.aconex.coding.challenge.NumberToAlphaConverter.java" Intrnl_Id="43">
<LocList>
<Loc EndOffset="1379" SrcFileId="1" StartOffset="1355"/>
</LocList>
</BasicStmnt>
<BasicStmnt CovItemId="S29" CovItemPrefix="com.aconex.coding.challenge.NumberToAlphaConverter.java" Intrnl_Id="44">
<LocList>
<Loc EndOffset="1407" SrcFileId="1" StartOffset="1383"/>
</LocList>
</BasicStmnt>
<BasicStmnt CovItemId="S30" CovItemPrefix="com.aconex.coding.challenge.NumberToAlphaConverter.java" Intrnl_Id="45">
<LocList>
<Loc EndOffset="1435" SrcFileId="1" StartOffset="1411"/>
</LocList>
</BasicStmnt>
<BasicStmnt CovItemId="S31" CovItemPrefix="com.aconex.coding.challenge.NumberToAlphaConverter.java" Intrnl_Id="46">
<LocList>
<Loc EndOffset="1463" SrcFileId="1" StartOffset="1439"/>
</LocList>
</BasicStmnt>
<BasicStmnt CovItemId="S32" CovItemPrefix="com.aconex.coding.challenge.NumberToAlphaConverter.java" Intrnl_Id="47">
<LocList>
<Loc EndOffset="1509" SrcFileId="1" StartOffset="1467"/>
</LocList>
</BasicStmnt>
<BasicStmnt CovItemId="S33" CovItemPrefix="com.aconex.coding.challenge.NumberToAlphaConverter.java" Intrnl_Id="48">
<LocList>
<Loc EndOffset="1572" SrcFileId="1" StartOffset="1513"/>
</LocList>
</BasicStmnt>
<BasicStmnt CovItemId="S34" CovItemPrefix="com.aconex.coding.challenge.NumberToAlphaConverter.java" Intrnl_Id="49">
<LocList>
<Loc EndOffset="1600" SrcFileId="1" StartOffset="1576"/>
</LocList>
</BasicStmnt>
<BasicStmnt CovItemId="S35" CovItemPrefix="com.aconex.coding.challenge.NumberToAlphaConverter.java" Intrnl_Id="50">
<LocList>
<Loc EndOffset="1628" SrcFileId="1" StartOffset="1604"/>
</LocList>
</BasicStmnt>
<BasicStmnt CovItemId="S36" CovItemPrefix="com.aconex.coding.challenge.NumberToAlphaConverter.java" Intrnl_Id="51">
<LocList>
<Loc EndOffset="1656" SrcFileId="1" StartOffset="1632"/>
</LocList>
</BasicStmnt>
<BasicStmnt CovItemId="S37" CovItemPrefix="com.aconex.coding.challenge.NumberToAlphaConverter.java" Intrnl_Id="52">
<LocList>
<Loc EndOffset="1702" SrcFileId="1" StartOffset="1660"/>
</LocList>
</BasicStmnt>
<BasicStmnt CovItemId="S38" CovItemPrefix="com.aconex.coding.challenge.NumberToAlphaConverter.java" Intrnl_Id="53">
<LocList>
<Loc EndOffset="1765" SrcFileId="1" StartOffset="1706"/>
</LocList>
</BasicStmnt>
<BasicStmnt CovItemId="S39" CovItemPrefix="com.aconex.coding.challenge.NumberToAlphaConverter.java" Intrnl_Id="54">
<LocList>
<Loc EndOffset="1793" SrcFileId="1" StartOffset="1769"/>
</LocList>
</BasicStmnt>
<BasicStmnt CovItemId="S40" CovItemPrefix="com.aconex.coding.challenge.NumberToAlphaConverter.java" Intrnl_Id="55">
<LocList>
<Loc EndOffset="1821" SrcFileId="1" StartOffset="1797"/>
</LocList>
</BasicStmnt>
<BasicStmnt CovItemId="S41" CovItemPrefix="com.aconex.coding.challenge.NumberToAlphaConverter.java" Intrnl_Id="56">
<LocList>
<Loc EndOffset="1849" SrcFileId="1" StartOffset="1825"/>
</LocList>
</BasicStmnt>
<BasicStmnt CovItemId="S42" CovItemPrefix="com.aconex.coding.challenge.NumberToAlphaConverter.java" Intrnl_Id="57">
<LocList>
<Loc EndOffset="1877" SrcFileId="1" StartOffset="1853"/>
</LocList>
</BasicStmnt>
<BasicStmnt CovItemId="S43" CovItemPrefix="com.aconex.coding.challenge.NumberToAlphaConverter.java" Intrnl_Id="58">
<LocList>
<Loc EndOffset="1923" SrcFileId="1" StartOffset="1881"/>
</LocList>
</BasicStmnt>
</StmntSeq>
<HierarchyLvl HierarchyLvlId="558" HierarchyLvlTypeId="7" Intrnl_Id="59" Name="findLastDigitPosition">
<Header>
<Loc EndOffset="2000" SrcFileId="1" StartOffset="1936"/>
</Header>
<LocList>
<Loc EndOffset="2378" SrcFileId="1" StartOffset="1936"/>
</LocList>
<StmntSeq Intrnl_Id="60">
<LocList>
<Loc EndOffset="2018" SrcFileId="1" StartOffset="2005"/>
<Loc EndOffset="2040" SrcFileId="1" StartOffset="2022"/>
<Loc EndOffset="2062" SrcFileId="1" StartOffset="2044"/>
<Loc EndOffset="2355" SrcFileId="1" StartOffset="2066"/>
<Loc EndOffset="2370" SrcFileId="1" StartOffset="2359"/>
</LocList>
<BasicStmnt CovItemId="S44" CovItemPrefix="com.aconex.coding.challenge.NumberToAlphaConverter.java" Intrnl_Id="61">
<LocList>
<Loc EndOffset="2018" SrcFileId="1" StartOffset="2005"/>
</LocList>
</BasicStmnt>
<BasicStmnt CovItemId="S45" CovItemPrefix="com.aconex.coding.challenge.NumberToAlphaConverter.java" Intrnl_Id="62">
<LocList>
<Loc EndOffset="2040" SrcFileId="1" StartOffset="2022"/>
</LocList>
</BasicStmnt>
<BasicStmnt CovItemId="S46" CovItemPrefix="com.aconex.coding.challenge.NumberToAlphaConverter.java" Intrnl_Id="63">
<LocList>
<Loc EndOffset="2062" SrcFileId="1" StartOffset="2044"/>
</LocList>
</BasicStmnt>
<LoopStmnt CovItemId="S47" CovItemPrefix="com.aconex.coding.challenge.NumberToAlphaConverter.java" Intrnl_Id="64" MltplExecId="L1-2" MltplExecPrefix="com.aconex.coding.challenge.NumberToAlphaConverter.java" NvrExecId="L1-0" NvrExecPrefix="com.aconex.coding.challenge.NumberToAlphaConverter.java" OnceExecutedId="L1-1" OnceExecutedPrefix="com.aconex.coding.challenge.NumberToAlphaConverter.java" OptBodyExec="true">
<StmntSeq Intrnl_Id="65">
<LocList>
<Loc EndOffset="2177" SrcFileId="1" StartOffset="2130"/>
<Loc EndOffset="2350" SrcFileId="1" StartOffset="2182"/>
</LocList>
<BasicStmnt CovItemId="S48" CovItemPrefix="com.aconex.coding.challenge.NumberToAlphaConverter.java" Intrnl_Id="66">
<LocList>
<Loc EndOffset="2177" SrcFileId="1" StartOffset="2130"/>
</LocList>
</BasicStmnt>
<CondStmnt CovItemId="S49" CovItemPrefix="com.aconex.coding.challenge.NumberToAlphaConverter.java" Intrnl_Id="67">
<Branch CovItemId="B1" CovItemPrefix="com.aconex.coding.challenge.NumberToAlphaConverter.java" Implct="false" Intrnl_Id="68">
<Cond/>
<LocList>
<Loc EndOffset="2300" SrcFileId="1" StartOffset="2224"/>
</LocList>
<StmntSeq Intrnl_Id="69">
<LocList>
<Loc EndOffset="2294" SrcFileId="1" StartOffset="2282"/>
</LocList>
<BasicStmnt CovItemId="S50" CovItemPrefix="com.aconex.coding.challenge.NumberToAlphaConverter.java" Intrnl_Id="70">
<LocList>
<Loc EndOffset="2294" SrcFileId="1" StartOffset="2282"/>
</LocList>
</BasicStmnt>
</StmntSeq>
</Branch>
<Branch CovItemId="B2" CovItemPrefix="com.aconex.coding.challenge.NumberToAlphaConverter.java" Implct="false" Intrnl_Id="71">
<Cond>
<Loc EndOffset="2304" SrcFileId="1" StartOffset="2300"/>
</Cond>
<LocList>
<Loc EndOffset="2350" SrcFileId="1" StartOffset="2305"/>
</LocList>
<StmntSeq Intrnl_Id="72">
<LocList>
<Loc EndOffset="2350" SrcFileId="1" StartOffset="2305"/>
</LocList>
<CondStmnt CovItemId="S51" CovItemPrefix="com.aconex.coding.challenge.NumberToAlphaConverter.java" Intrnl_Id="73">
<Branch CovItemId="B3" CovItemPrefix="com.aconex.coding.challenge.NumberToAlphaConverter.java" Implct="false" Intrnl_Id="74">
<Cond/>
<LocList>
<Loc EndOffset="2350" SrcFileId="1" StartOffset="2325"/>
</LocList>
<StmntSeq Intrnl_Id="75">
<LocList>
<Loc EndOffset="2344" SrcFileId="1" StartOffset="2332"/>
</LocList>
<BasicStmnt CovItemId="S52" CovItemPrefix="com.aconex.coding.challenge.NumberToAlphaConverter.java" Intrnl_Id="76">
<LocList>
<Loc EndOffset="2344" SrcFileId="1" StartOffset="2332"/>
</LocList>
</BasicStmnt>
</StmntSeq>
</Branch>
<Branch CovItemId="B4" CovItemPrefix="com.aconex.coding.challenge.NumberToAlphaConverter.java" Implct="true" Intrnl_Id="77">
<Cond/>
<LocList/>
<StmntSeq Intrnl_Id="78">
<LocList/>
</StmntSeq>
</Branch>
<Keyword EndOffset="2307" SrcFileId="1" StartOffset="2305"/>
<LocList>
<Loc EndOffset="2350" SrcFileId="1" StartOffset="2305"/>
</LocList>
<RootTerm CovItemId="C3" CovItemPrefix="com.aconex.coding.challenge.NumberToAlphaConverter.java" Intrnl_Id="79">
<BasicBoolTerm Intrnl_Id="80">
<LocList>
<Loc EndOffset="2324" SrcFileId="1" StartOffset="2308"/>
</LocList>
</BasicBoolTerm>
</RootTerm>
</CondStmnt>
</StmntSeq>
</Branch>
<Keyword EndOffset="2184" SrcFileId="1" StartOffset="2182"/>
<LocList>
<Loc EndOffset="2350" SrcFileId="1" StartOffset="2182"/>
</LocList>
<RootTerm CovItemId="C2" CovItemPrefix="com.aconex.coding.challenge.NumberToAlphaConverter.java" Intrnl_Id="81">
<OpTerm BooleanOpId="3" Intrnl_Id="82">
<BasicBoolTerm Intrnl_Id="83">
<LocList>
<Loc EndOffset="2202" SrcFileId="1" StartOffset="2185"/>
</LocList>
</BasicBoolTerm>
<BasicBoolTerm Intrnl_Id="84">
<LocList>
<Loc EndOffset="2223" SrcFileId="1" StartOffset="2206"/>
</LocList>
</BasicBoolTerm>
<LocList>
<Loc EndOffset="2205" SrcFileId="1" StartOffset="2203"/>
</LocList>
</OpTerm>
</RootTerm>
</CondStmnt>
</StmntSeq>
<Keyword EndOffset="2069" SrcFileId="1" StartOffset="2066"/>
<LocList>
<Loc EndOffset="2355" SrcFileId="1" StartOffset="2066"/>
</LocList>
<RootTerm CovItemId="C1" CovItemPrefix="com.aconex.coding.challenge.NumberToAlphaConverter.java" Intrnl_Id="85">
<BasicBoolTerm Intrnl_Id="86">
<LocList>
<Loc EndOffset="2115" SrcFileId="1" StartOffset="2085"/>
</LocList>
</BasicBoolTerm>
</RootTerm>
</LoopStmnt>
<BasicStmnt CovItemId="S53" CovItemPrefix="com.aconex.coding.challenge.NumberToAlphaConverter.java" Intrnl_Id="87">
<LocList>
<Loc EndOffset="2370" SrcFileId="1" StartOffset="2359"/>
</LocList>
</BasicStmnt>
</StmntSeq>
</HierarchyLvl>
<HierarchyLvl HierarchyLvlId="559" HierarchyLvlTypeId="7" Intrnl_Id="88" Name="alphaToDigit">
<Header>
<Loc EndOffset="2430" SrcFileId="1" StartOffset="2384"/>
</Header>
<LocList>
<Loc EndOffset="2831" SrcFileId="1" StartOffset="2384"/>
</LocList>
<StmntSeq Intrnl_Id="89">
<LocList>
<Loc EndOffset="2827" SrcFileId="1" StartOffset="2435"/>
</LocList>
<CondStmnt CovItemId="S54" CovItemPrefix="com.aconex.coding.challenge.NumberToAlphaConverter.java" Intrnl_Id="90">
<Branch CovItemId="B5" CovItemPrefix="com.aconex.coding.challenge.NumberToAlphaConverter.java" Implct="false" Intrnl_Id="91">
<Cond/>
<LocList>
<Loc EndOffset="2483" SrcFileId="1" StartOffset="2461"/>
</LocList>
<StmntSeq Intrnl_Id="92">
<LocList>
<Loc EndOffset="2478" SrcFileId="1" StartOffset="2467"/>
</LocList>
<BasicStmnt CovItemId="S55" CovItemPrefix="com.aconex.coding.challenge.NumberToAlphaConverter.java" Intrnl_Id="93">
<LocList>
<Loc EndOffset="2478" SrcFileId="1" StartOffset="2467"/>
</LocList>
</BasicStmnt>
</StmntSeq>
</Branch>
<Branch CovItemId="B6" CovItemPrefix="com.aconex.coding.challenge.NumberToAlphaConverter.java" Implct="false" Intrnl_Id="94">
<Cond>
<Loc EndOffset="2487" SrcFileId="1" StartOffset="2483"/>
</Cond>
<LocList>
<Loc EndOffset="2827" SrcFileId="1" StartOffset="2488"/>
</LocList>
<StmntSeq Intrnl_Id="95">
<LocList>
<Loc EndOffset="2827" SrcFileId="1" StartOffset="2488"/>
</LocList>
<CondStmnt CovItemId="S56" CovItemPrefix="com.aconex.coding.challenge.NumberToAlphaConverter.java" Intrnl_Id="96">
<Branch CovItemId="B7" CovItemPrefix="com.aconex.coding.challenge.NumberToAlphaConverter.java" Implct="false" Intrnl_Id="97">
<Cond/>
<LocList>
<Loc EndOffset="2536" SrcFileId="1" StartOffset="2514"/>
</LocList>
<StmntSeq Intrnl_Id="98">
<LocList>
<Loc EndOffset="2531" SrcFileId="1" StartOffset="2520"/>
</LocList>
<BasicStmnt CovItemId="S57" CovItemPrefix="com.aconex.coding.challenge.NumberToAlphaConverter.java" Intrnl_Id="99">
<LocList>
<Loc EndOffset="2531" SrcFileId="1" StartOffset="2520"/>
</LocList>
</BasicStmnt>
</StmntSeq>
</Branch>
<Branch CovItemId="B8" CovItemPrefix="com.aconex.coding.challenge.NumberToAlphaConverter.java" Implct="false" Intrnl_Id="100">
<Cond>
<Loc EndOffset="2540" SrcFileId="1" StartOffset="2536"/>
</Cond>
<LocList>
<Loc EndOffset="2827" SrcFileId="1" StartOffset="2541"/>
</LocList>
<StmntSeq Intrnl_Id="101">
<LocList>
<Loc EndOffset="2827" SrcFileId="1" StartOffset="2541"/>
</LocList>
<CondStmnt CovItemId="S58" CovItemPrefix="com.aconex.coding.challenge.NumberToAlphaConverter.java" Intrnl_Id="102">
<Branch CovItemId="B9" CovItemPrefix="com.aconex.coding.challenge.NumberToAlphaConverter.java" Implct="false" Intrnl_Id="103">
<Cond/>
<LocList>
<Loc EndOffset="2589" SrcFileId="1" StartOffset="2567"/>
</LocList>
<StmntSeq Intrnl_Id="104">
<LocList>
<Loc EndOffset="2584" SrcFileId="1" StartOffset="2573"/>
</LocList>
<BasicStmnt CovItemId="S59" CovItemPrefix="com.aconex.coding.challenge.NumberToAlphaConverter.java" Intrnl_Id="105">
<LocList>
<Loc EndOffset="2584" SrcFileId="1" StartOffset="2573"/>
</LocList>
</BasicStmnt>
</StmntSeq>
</Branch>
<Branch CovItemId="B10" CovItemPrefix="com.aconex.coding.challenge.NumberToAlphaConverter.java" Implct="false" Intrnl_Id="106">
<Cond>
<Loc EndOffset="2593" SrcFileId="1" StartOffset="2589"/>
</Cond>
<LocList>
<Loc EndOffset="2827" SrcFileId="1" StartOffset="2594"/>
</LocList>
<StmntSeq Intrnl_Id="107">
<LocList>
<Loc EndOffset="2827" SrcFileId="1" StartOffset="2594"/>
</LocList>
<CondStmnt CovItemId="S60" CovItemPrefix="com.aconex.coding.challenge.NumberToAlphaConverter.java" Intrnl_Id="108">
<Branch CovItemId="B11" CovItemPrefix="com.aconex.coding.challenge.NumberToAlphaConverter.java" Implct="false" Intrnl_Id="109">
<Cond/>
<LocList>
<Loc EndOffset="2642" SrcFileId="1" StartOffset="2620"/>
</LocList>
<StmntSeq Intrnl_Id="110">
<LocList>
<Loc EndOffset="2637" SrcFileId="1" StartOffset="2626"/>
</LocList>
<BasicStmnt CovItemId="S61" CovItemPrefix="com.aconex.coding.challenge.NumberToAlphaConverter.java" Intrnl_Id="111">
<LocList>
<Loc EndOffset="2637" SrcFileId="1" StartOffset="2626"/>
</LocList>
</BasicStmnt>
</StmntSeq>
</Branch>
<Branch CovItemId="B12" CovItemPrefix="com.aconex.coding.challenge.NumberToAlphaConverter.java" Implct="false" Intrnl_Id="112">
<Cond>
<Loc EndOffset="2646" SrcFileId="1" StartOffset="2642"/>
</Cond>
<LocList>
<Loc EndOffset="2827" SrcFileId="1" StartOffset="2647"/>
</LocList>
<StmntSeq Intrnl_Id="113">
<LocList>
<Loc EndOffset="2827" SrcFileId="1" StartOffset="2647"/>
</LocList>
<CondStmnt CovItemId="S62" CovItemPrefix="com.aconex.coding.challenge.NumberToAlphaConverter.java" Intrnl_Id="114">
<Branch CovItemId="B13" CovItemPrefix="com.aconex.coding.challenge.NumberToAlphaConverter.java" Implct="false" Intrnl_Id="115">
<Cond/>
<LocList>
<Loc EndOffset="2695" SrcFileId="1" StartOffset="2673"/>
</LocList>
<StmntSeq Intrnl_Id="116">
<LocList>
<Loc EndOffset="2690" SrcFileId="1" StartOffset="2679"/>
</LocList>
<BasicStmnt CovItemId="S63" CovItemPrefix="com.aconex.coding.challenge.NumberToAlphaConverter.java" Intrnl_Id="117">
<LocList>
<Loc EndOffset="2690" SrcFileId="1" StartOffset="2679"/>
</LocList>
</BasicStmnt>
</StmntSeq>
</Branch>
<Branch CovItemId="B14" CovItemPrefix="com.aconex.coding.challenge.NumberToAlphaConverter.java" Implct="false" Intrnl_Id="118">
<Cond>
<Loc EndOffset="2699" SrcFileId="1" StartOffset="2695"/>
</Cond>
<LocList>
<Loc EndOffset="2827" SrcFileId="1" StartOffset="2700"/>
</LocList>
<StmntSeq Intrnl_Id="119">
<LocList>
<Loc EndOffset="2827" SrcFileId="1" StartOffset="2700"/>
</LocList>
<CondStmnt CovItemId="S64" CovItemPrefix="com.aconex.coding.challenge.NumberToAlphaConverter.java" Intrnl_Id="120">
<Branch CovItemId="B15" CovItemPrefix="com.aconex.coding.challenge.NumberToAlphaConverter.java" Implct="false" Intrnl_Id="121">
<Cond/>
<LocList>
<Loc EndOffset="2748" SrcFileId="1" StartOffset="2726"/>
</LocList>
<StmntSeq Intrnl_Id="122">
<LocList>
<Loc EndOffset="2743" SrcFileId="1" StartOffset="2732"/>
</LocList>
<BasicStmnt CovItemId="S65" CovItemPrefix="com.aconex.coding.challenge.NumberToAlphaConverter.java" Intrnl_Id="123">
<LocList>
<Loc EndOffset="2743" SrcFileId="1" StartOffset="2732"/>
</LocList>
</BasicStmnt>
</StmntSeq>
</Branch>
<Branch CovItemId="B16" CovItemPrefix="com.aconex.coding.challenge.NumberToAlphaConverter.java" Implct="false" Intrnl_Id="124">
<Cond>
<Loc EndOffset="2752" SrcFileId="1" StartOffset="2748"/>
</Cond>
<LocList>
<Loc EndOffset="2827" SrcFileId="1" StartOffset="2753"/>
</LocList>
<StmntSeq Intrnl_Id="125">
<LocList>
<Loc EndOffset="2827" SrcFileId="1" StartOffset="2753"/>
</LocList>
<CondStmnt CovItemId="S66" CovItemPrefix="com.aconex.coding.challenge.NumberToAlphaConverter.java" Intrnl_Id="126">
<Branch CovItemId="B17" CovItemPrefix="com.aconex.coding.challenge.NumberToAlphaConverter.java" Implct="false" Intrnl_Id="127">
<Cond/>
<LocList>
<Loc EndOffset="2801" SrcFileId="1" StartOffset="2779"/>
</LocList>
<StmntSeq Intrnl_Id="128">
<LocList>
<Loc EndOffset="2796" SrcFileId="1" StartOffset="2785"/>
</LocList>
<BasicStmnt CovItemId="S67" CovItemPrefix="com.aconex.coding.challenge.NumberToAlphaConverter.java" Intrnl_Id="129">
<LocList>
<Loc EndOffset="2796" SrcFileId="1" StartOffset="2785"/>
</LocList>
</BasicStmnt>
</StmntSeq>
</Branch>
<Branch CovItemId="B18" CovItemPrefix="com.aconex.coding.challenge.NumberToAlphaConverter.java" Implct="false" Intrnl_Id="130">
<Cond>
<Loc EndOffset="2805" SrcFileId="1" StartOffset="2801"/>
</Cond>
<LocList>
<Loc EndOffset="2827" SrcFileId="1" StartOffset="2805"/>
</LocList>
<StmntSeq Intrnl_Id="131">
<LocList>
<Loc EndOffset="2822" SrcFileId="1" StartOffset="2811"/>
</LocList>
<BasicStmnt CovItemId="S68" CovItemPrefix="com.aconex.coding.challenge.NumberToAlphaConverter.java" Intrnl_Id="132">
<LocList>
<Loc EndOffset="2822" SrcFileId="1" StartOffset="2811"/>
</LocList>
</BasicStmnt>
</StmntSeq>
</Branch>
<Keyword EndOffset="2755" SrcFileId="1" StartOffset="2753"/>
<LocList>
<Loc EndOffset="2827" SrcFileId="1" StartOffset="2753"/>
</LocList>
<RootTerm CovItemId="C10" CovItemPrefix="com.aconex.coding.challenge.NumberToAlphaConverter.java" Intrnl_Id="133">
<OpTerm BooleanOpId="3" Intrnl_Id="134">
<BasicBoolTerm Intrnl_Id="135">
<LocList>
<Loc EndOffset="2766" SrcFileId="1" StartOffset="2756"/>
</LocList>
</BasicBoolTerm>
<BasicBoolTerm Intrnl_Id="136">
<LocList>
<Loc EndOffset="2778" SrcFileId="1" StartOffset="2768"/>
</LocList>
</BasicBoolTerm>
<LocList>
<Loc EndOffset="2768" SrcFileId="1" StartOffset="2766"/>
</LocList>
</OpTerm>
</RootTerm>
</CondStmnt>
</StmntSeq>
</Branch>
<Keyword EndOffset="2702" SrcFileId="1" StartOffset="2700"/>
<LocList>
<Loc EndOffset="2827" SrcFileId="1" StartOffset="2700"/>
</LocList>
<RootTerm CovItemId="C9" CovItemPrefix="com.aconex.coding.challenge.NumberToAlphaConverter.java" Intrnl_Id="137">
<OpTerm BooleanOpId="3" Intrnl_Id="138">
<BasicBoolTerm Intrnl_Id="139">
<LocList>
<Loc EndOffset="2713" SrcFileId="1" StartOffset="2703"/>
</LocList>
</BasicBoolTerm>
<BasicBoolTerm Intrnl_Id="140">
<LocList>
<Loc EndOffset="2725" SrcFileId="1" StartOffset="2715"/>
</LocList>
</BasicBoolTerm>
<LocList>
<Loc EndOffset="2715" SrcFileId="1" StartOffset="2713"/>
</LocList>
</OpTerm>
</RootTerm>
</CondStmnt>
</StmntSeq>
</Branch>
<Keyword EndOffset="2649" SrcFileId="1" StartOffset="2647"/>
<LocList>
<Loc EndOffset="2827" SrcFileId="1" StartOffset="2647"/>
</LocList>
<RootTerm CovItemId="C8" CovItemPrefix="com.aconex.coding.challenge.NumberToAlphaConverter.java" Intrnl_Id="141">
<OpTerm BooleanOpId="3" Intrnl_Id="142">
<BasicBoolTerm Intrnl_Id="143">
<LocList>
<Loc EndOffset="2660" SrcFileId="1" StartOffset="2650"/>
</LocList>
</BasicBoolTerm>
<BasicBoolTerm Intrnl_Id="144">
<LocList>
<Loc EndOffset="2672" SrcFileId="1" StartOffset="2662"/>
</LocList>
</BasicBoolTerm>
<LocList>
<Loc EndOffset="2662" SrcFileId="1" StartOffset="2660"/>
</LocList>
</OpTerm>
</RootTerm>
</CondStmnt>
</StmntSeq>
</Branch>
<Keyword EndOffset="2596" SrcFileId="1" StartOffset="2594"/>
<LocList>
<Loc EndOffset="2827" SrcFileId="1" StartOffset="2594"/>
</LocList>
<RootTerm CovItemId="C7" CovItemPrefix="com.aconex.coding.challenge.NumberToAlphaConverter.java" Intrnl_Id="145">
<OpTerm BooleanOpId="3" Intrnl_Id="146">
<BasicBoolTerm Intrnl_Id="147">
<LocList>
<Loc EndOffset="2607" SrcFileId="1" StartOffset="2597"/>
</LocList>
</BasicBoolTerm>
<BasicBoolTerm Intrnl_Id="148">
<LocList>
<Loc EndOffset="2619" SrcFileId="1" StartOffset="2609"/>
</LocList>
</BasicBoolTerm>
<LocList>
<Loc EndOffset="2609" SrcFileId="1" StartOffset="2607"/>
</LocList>
</OpTerm>
</RootTerm>
</CondStmnt>
</StmntSeq>
</Branch>
<Keyword EndOffset="2543" SrcFileId="1" StartOffset="2541"/>
<LocList>
<Loc EndOffset="2827" SrcFileId="1" StartOffset="2541"/>
</LocList>
<RootTerm CovItemId="C6" CovItemPrefix="com.aconex.coding.challenge.NumberToAlphaConverter.java" Intrnl_Id="149">
<OpTerm BooleanOpId="3" Intrnl_Id="150">
<BasicBoolTerm Intrnl_Id="151">
<LocList>
<Loc EndOffset="2554" SrcFileId="1" StartOffset="2544"/>
</LocList>
</BasicBoolTerm>
<BasicBoolTerm Intrnl_Id="152">
<LocList>
<Loc EndOffset="2566" SrcFileId="1" StartOffset="2556"/>
</LocList>
</BasicBoolTerm>
<LocList>
<Loc EndOffset="2556" SrcFileId="1" StartOffset="2554"/>
</LocList>
</OpTerm>
</RootTerm>
</CondStmnt>
</StmntSeq>
</Branch>
<Keyword EndOffset="2490" SrcFileId="1" StartOffset="2488"/>
<LocList>
<Loc EndOffset="2827" SrcFileId="1" StartOffset="2488"/>
</LocList>
<RootTerm CovItemId="C5" CovItemPrefix="com.aconex.coding.challenge.NumberToAlphaConverter.java" Intrnl_Id="153">
<OpTerm BooleanOpId="3" Intrnl_Id="154">
<BasicBoolTerm Intrnl_Id="155">
<LocList>
<Loc EndOffset="2501" SrcFileId="1" StartOffset="2491"/>
</LocList>
</BasicBoolTerm>
<BasicBoolTerm Intrnl_Id="156">
<LocList>
<Loc EndOffset="2513" SrcFileId="1" StartOffset="2503"/>
</LocList>
</BasicBoolTerm>
<LocList>
<Loc EndOffset="2503" SrcFileId="1" StartOffset="2501"/>
</LocList>
</OpTerm>
</RootTerm>
</CondStmnt>
</StmntSeq>
</Branch>
<Keyword EndOffset="2437" SrcFileId="1" StartOffset="2435"/>
<LocList>
<Loc EndOffset="2827" SrcFileId="1" StartOffset="2435"/>
</LocList>
<RootTerm CovItemId="C4" CovItemPrefix="com.aconex.coding.challenge.NumberToAlphaConverter.java" Intrnl_Id="157">
<OpTerm BooleanOpId="3" Intrnl_Id="158">
<BasicBoolTerm Intrnl_Id="159">
<LocList>
<Loc EndOffset="2448" SrcFileId="1" StartOffset="2438"/>
</LocList>
</BasicBoolTerm>
<BasicBoolTerm Intrnl_Id="160">
<LocList>
<Loc EndOffset="2460" SrcFileId="1" StartOffset="2450"/>
</LocList>
</BasicBoolTerm>
<LocList>
<Loc EndOffset="2450" SrcFileId="1" StartOffset="2448"/>
</LocList>
</OpTerm>
</RootTerm>
</CondStmnt>
</StmntSeq>
</HierarchyLvl>
<HierarchyLvl HierarchyLvlId="560" HierarchyLvlTypeId="7" Intrnl_Id="161" Name="replaceStringWithDigit">
<Header>
<Loc EndOffset="2901" SrcFileId="1" StartOffset="2840"/>
</Header>
<LocList>
<Loc EndOffset="3758" SrcFileId="1" StartOffset="2840"/>
</LocList>
<StmntSeq Intrnl_Id="162">
<LocList>
<Loc EndOffset="2949" SrcFileId="1" StartOffset="2906"/>
<Loc EndOffset="3580" SrcFileId="1" StartOffset="2991"/>
<Loc EndOffset="3754" SrcFileId="1" StartOffset="3740"/>
</LocList>
<BasicStmnt CovItemId="S69" CovItemPrefix="com.aconex.coding.challenge.NumberToAlphaConverter.java" Intrnl_Id="163">
<LocList>
<Loc EndOffset="2949" SrcFileId="1" StartOffset="2906"/>
</LocList>
</BasicStmnt>
<LoopStmnt CovItemId="S70" CovItemPrefix="com.aconex.coding.challenge.NumberToAlphaConverter.java" Intrnl_Id="164" MltplExecId="L2-2" MltplExecPrefix="com.aconex.coding.challenge.NumberToAlphaConverter.java" NvrExecId="L2-0" NvrExecPrefix="com.aconex.coding.challenge.NumberToAlphaConverter.java" OnceExecutedId="L2-1" OnceExecutedPrefix="com.aconex.coding.challenge.NumberToAlphaConverter.java" OptBodyExec="true">
<StmntSeq Intrnl_Id="165">
<LocList>
<Loc EndOffset="3575" SrcFileId="1" StartOffset="3030"/>
</LocList>
<CondStmnt CovItemId="S71" CovItemPrefix="com.aconex.coding.challenge.NumberToAlphaConverter.java" Intrnl_Id="166">
<Branch CovItemId="B19" CovItemPrefix="com.aconex.coding.challenge.NumberToAlphaConverter.java" Implct="false" Intrnl_Id="167">
<Cond/>
<LocList>
<Loc EndOffset="3203" SrcFileId="1" StartOffset="3038"/>
</LocList>
<StmntSeq Intrnl_Id="168">
<LocList>
<Loc EndOffset="3078" SrcFileId="1" StartOffset="3045"/>
<Loc EndOffset="3197" SrcFileId="1" StartOffset="3084"/>
</LocList>
<BasicStmnt CovItemId="S72" CovItemPrefix="com.aconex.coding.challenge.NumberToAlphaConverter.java" Intrnl_Id="169">
<LocList>
<Loc EndOffset="3078" SrcFileId="1" StartOffset="3045"/>
</LocList>
</BasicStmnt>
<CondStmnt CovItemId="S73" CovItemPrefix="com.aconex.coding.challenge.NumberToAlphaConverter.java" Intrnl_Id="170">
<Branch CovItemId="B21" CovItemPrefix="com.aconex.coding.challenge.NumberToAlphaConverter.java" Implct="false" Intrnl_Id="171">
<Cond/>
<LocList>
<Loc EndOffset="3197" SrcFileId="1" StartOffset="3137"/>
</LocList>
<StmntSeq Intrnl_Id="172">
<LocList>
<Loc EndOffset="3190" SrcFileId="1" StartOffset="3145"/>
</LocList>
<BasicStmnt CovItemId="S74" CovItemPrefix="com.aconex.coding.challenge.NumberToAlphaConverter.java" Intrnl_Id="173">
<LocList>
<Loc EndOffset="3190" SrcFileId="1" StartOffset="3145"/>
</LocList>
</BasicStmnt>
</StmntSeq>
</Branch>
<Branch CovItemId="B22" CovItemPrefix="com.aconex.coding.challenge.NumberToAlphaConverter.java" Implct="true" Intrnl_Id="174">
<Cond/>
<LocList/>
<StmntSeq Intrnl_Id="175">
<LocList/>
</StmntSeq>
</Branch>
<Keyword EndOffset="3086" SrcFileId="1" StartOffset="3084"/>
<LocList>
<Loc EndOffset="3197" SrcFileId="1" StartOffset="3084"/>
</LocList>
<RootTerm CovItemId="C13" CovItemPrefix="com.aconex.coding.challenge.NumberToAlphaConverter.java" Intrnl_Id="176">
<BasicBoolTerm Intrnl_Id="177">
<LocList>
<Loc EndOffset="3136" SrcFileId="1" StartOffset="3087"/>
</LocList>
</BasicBoolTerm>
</RootTerm>
</CondStmnt>
</StmntSeq>
</Branch>
<Branch CovItemId="B20" CovItemPrefix="com.aconex.coding.challenge.NumberToAlphaConverter.java" Implct="false" Intrnl_Id="178">
<Cond>
<Loc EndOffset="3212" SrcFileId="1" StartOffset="3208"/>
</Cond>
<LocList>
<Loc EndOffset="3575" SrcFileId="1" StartOffset="3212"/>
</LocList>
<StmntSeq Intrnl_Id="179">
<LocList>
<Loc EndOffset="3252" SrcFileId="1" StartOffset="3219"/>
<Loc EndOffset="3569" SrcFileId="1" StartOffset="3300"/>
</LocList>
<BasicStmnt CovItemId="S75" CovItemPrefix="com.aconex.coding.challenge.NumberToAlphaConverter.java" Intrnl_Id="180">
<LocList>
<Loc EndOffset="3252" SrcFileId="1" StartOffset="3219"/>
</LocList>
</BasicStmnt>
<CondStmnt CovItemId="S76" CovItemPrefix="com.aconex.coding.challenge.NumberToAlphaConverter.java" Intrnl_Id="181">
<Branch CovItemId="B23" CovItemPrefix="com.aconex.coding.challenge.NumberToAlphaConverter.java" Implct="false" Intrnl_Id="182">
<Cond/>
<LocList>
<Loc EndOffset="3569" SrcFileId="1" StartOffset="3346"/>
</LocList>
<StmntSeq Intrnl_Id="183">
<LocList>
<Loc EndOffset="3388" SrcFileId="1" StartOffset="3354"/>
<Loc EndOffset="3562" SrcFileId="1" StartOffset="3440"/>
</LocList>
<BasicStmnt CovItemId="S77" CovItemPrefix="com.aconex.coding.challenge.NumberToAlphaConverter.java" Intrnl_Id="184">
<LocList>
<Loc EndOffset="3388" SrcFileId="1" StartOffset="3354"/>
</LocList>
</BasicStmnt>
<CondStmnt CovItemId="S78" CovItemPrefix="com.aconex.coding.challenge.NumberToAlphaConverter.java" Intrnl_Id="185">
<Branch CovItemId="B25" CovItemPrefix="com.aconex.coding.challenge.NumberToAlphaConverter.java" Implct="false" Intrnl_Id="186">
<Cond/>
<LocList>
<Loc EndOffset="3562" SrcFileId="1" StartOffset="3494"/>
</LocList>
<StmntSeq Intrnl_Id="187">
<LocList>
<Loc EndOffset="3554" SrcFileId="1" StartOffset="3503"/>
</LocList>
<BasicStmnt CovItemId="S79" CovItemPrefix="com.aconex.coding.challenge.NumberToAlphaConverter.java" Intrnl_Id="188">
<LocList>
<Loc EndOffset="3554" SrcFileId="1" StartOffset="3503"/>
</LocList>
</BasicStmnt>
</StmntSeq>
</Branch>
<Branch CovItemId="B26" CovItemPrefix="com.aconex.coding.challenge.NumberToAlphaConverter.java" Implct="true" Intrnl_Id="189">
<Cond/>
<LocList/>
<StmntSeq Intrnl_Id="190">
<LocList/>
</StmntSeq>
</Branch>
<Keyword EndOffset="3442" SrcFileId="1" StartOffset="3440"/>
<LocList>
<Loc EndOffset="3562" SrcFileId="1" StartOffset="3440"/>
</LocList>
<RootTerm CovItemId="C15" CovItemPrefix="com.aconex.coding.challenge.NumberToAlphaConverter.java" Intrnl_Id="191">
<BasicBoolTerm Intrnl_Id="192">
<LocList>
<Loc EndOffset="3493" SrcFileId="1" StartOffset="3443"/>
</LocList>
</BasicBoolTerm>
</RootTerm>
</CondStmnt>
</StmntSeq>
</Branch>
<Branch CovItemId="B24" CovItemPrefix="com.aconex.coding.challenge.NumberToAlphaConverter.java" Implct="true" Intrnl_Id="193">
<Cond/>
<LocList/>
<StmntSeq Intrnl_Id="194">
<LocList/>
</StmntSeq>
</Branch>
<Keyword EndOffset="3302" SrcFileId="1" StartOffset="3300"/>
<LocList>
<Loc EndOffset="3569" SrcFileId="1" StartOffset="3300"/>
</LocList>
<RootTerm CovItemId="C14" CovItemPrefix="com.aconex.coding.challenge.NumberToAlphaConverter.java" Intrnl_Id="195">
<BasicBoolTerm Intrnl_Id="196">
<LocList>
<Loc EndOffset="3345" SrcFileId="1" StartOffset="3303"/>
</LocList>
</BasicBoolTerm>
</RootTerm>
</CondStmnt>
</StmntSeq>
</Branch>
<Keyword EndOffset="3032" SrcFileId="1" StartOffset="3030"/>
<LocList>
<Loc EndOffset="3575" SrcFileId="1" StartOffset="3030"/>
</LocList>
<RootTerm CovItemId="C12" CovItemPrefix="com.aconex.coding.challenge.NumberToAlphaConverter.java" Intrnl_Id="197">
<BasicBoolTerm Intrnl_Id="198">
<LocList>
<Loc EndOffset="3037" SrcFileId="1" StartOffset="3033"/>
</LocList>
</BasicBoolTerm>
</RootTerm>
</CondStmnt>
</StmntSeq>
<Keyword EndOffset="2994" SrcFileId="1" StartOffset="2991"/>
<LocList>
<Loc EndOffset="3580" SrcFileId="1" StartOffset="2991"/>
</LocList>
<RootTerm CovItemId="C11" CovItemPrefix="com.aconex.coding.challenge.NumberToAlphaConverter.java" Intrnl_Id="199">
<BasicBoolTerm Intrnl_Id="200">
<LocList>
<Loc EndOffset="3019" SrcFileId="1" StartOffset="3003"/>
</LocList>
</BasicBoolTerm>
</RootTerm>
</LoopStmnt>
<BasicStmnt CovItemId="S80" CovItemPrefix="com.aconex.coding.challenge.NumberToAlphaConverter.java" Intrnl_Id="201">
<LocList>
<Loc EndOffset="3754" SrcFileId="1" StartOffset="3740"/>
</LocList>
</BasicStmnt>
</StmntSeq>
</HierarchyLvl>
<HierarchyLvl HierarchyLvlId="561" HierarchyLvlTypeId="7" Intrnl_Id="202" Name="addToSet">
<Header>
<Loc EndOffset="3882" SrcFileId="1" StartOffset="3764"/>
</Header>
<LocList>
<Loc EndOffset="6683" SrcFileId="1" StartOffset="3764"/>
</LocList>
<StmntSeq Intrnl_Id="203">
<LocList>
<Loc EndOffset="3939" SrcFileId="1" StartOffset="3887"/>
<Loc EndOffset="6652" SrcFileId="1" StartOffset="4343"/>
<Loc EndOffset="6679" SrcFileId="1" StartOffset="6656"/>
</LocList>
<BasicStmnt CovItemId="S81" CovItemPrefix="com.aconex.coding.challenge.NumberToAlphaConverter.java" Intrnl_Id="204">
<LocList>
<Loc EndOffset="3939" SrcFileId="1" StartOffset="3887"/>
</LocList>
</BasicStmnt>
<CondStmnt CovItemId="S82" CovItemPrefix="com.aconex.coding.challenge.NumberToAlphaConverter.java" Intrnl_Id="205">
<Branch CovItemId="B27" CovItemPrefix="com.aconex.coding.challenge.NumberToAlphaConverter.java" Implct="false" Intrnl_Id="206">
<Cond/>
<LocList>
<Loc EndOffset="6549" SrcFileId="1" StartOffset="4368"/>
</LocList>
<StmntSeq Intrnl_Id="207">
<LocList>
<Loc EndOffset="6544" SrcFileId="1" StartOffset="4374"/>
</LocList>
<LoopStmnt CovItemId="S83" CovItemPrefix="com.aconex.coding.challenge.NumberToAlphaConverter.java" Intrnl_Id="208" MltplExecId="L3-2" MltplExecPrefix="com.aconex.coding.challenge.NumberToAlphaConverter.java" NvrExecId="L3-0" NvrExecPrefix="com.aconex.coding.challenge.NumberToAlphaConverter.java" OnceExecutedId="L3-1" OnceExecutedPrefix="com.aconex.coding.challenge.NumberToAlphaConverter.java" OptBodyExec="true">
<StmntSeq Intrnl_Id="209">
<LocList>
<Loc EndOffset="4481" SrcFileId="1" StartOffset="4420"/>
<Loc EndOffset="4539" SrcFileId="1" StartOffset="4487"/>
<Loc EndOffset="6538" SrcFileId="1" StartOffset="4545"/>
</LocList>
<BasicStmnt CovItemId="S84" CovItemPrefix="com.aconex.coding.challenge.NumberToAlphaConverter.java" Intrnl_Id="210">
<LocList>
<Loc EndOffset="4481" SrcFileId="1" StartOffset="4420"/>
</LocList>
</BasicStmnt>
<BasicStmnt CovItemId="S85" CovItemPrefix="com.aconex.coding.challenge.NumberToAlphaConverter.java" Intrnl_Id="211">
<LocList>
<Loc EndOffset="4539" SrcFileId="1" StartOffset="4487"/>
</LocList>
</BasicStmnt>
<LoopStmnt CovItemId="S86" CovItemPrefix="com.aconex.coding.challenge.NumberToAlphaConverter.java" Intrnl_Id="212" MltplExecId="L4-2" MltplExecPrefix="com.aconex.coding.challenge.NumberToAlphaConverter.java" NvrExecId="L4-0" NvrExecPrefix="com.aconex.coding.challenge.NumberToAlphaConverter.java" OnceExecutedId="L4-1" OnceExecutedPrefix="com.aconex.coding.challenge.NumberToAlphaConverter.java" OptBodyExec="true">
<StmntSeq Intrnl_Id="213">
<LocList>
<Loc EndOffset="4618" SrcFileId="1" StartOffset="4581"/>
<Loc EndOffset="6531" SrcFileId="1" StartOffset="4625"/>
</LocList>
<BasicStmnt CovItemId="S87" CovItemPrefix="com.aconex.coding.challenge.NumberToAlphaConverter.java" Intrnl_Id="214">
<LocList>
<Loc EndOffset="4618" SrcFileId="1" StartOffset="4581"/>
</LocList>
</BasicStmnt>
<CondStmnt CovItemId="S88" CovItemPrefix="com.aconex.coding.challenge.NumberToAlphaConverter.java" Intrnl_Id="215">
<Branch CovItemId="B29" CovItemPrefix="com.aconex.coding.challenge.NumberToAlphaConverter.java" Implct="false" Intrnl_Id="216">
<Cond/>
<LocList>
<Loc EndOffset="4748" SrcFileId="1" StartOffset="4678"/>
</LocList>
<StmntSeq Intrnl_Id="217">
<LocList>
<Loc EndOffset="4740" SrcFileId="1" StartOffset="4687"/>
</LocList>
<BasicStmnt CovItemId="S89" CovItemPrefix="com.aconex.coding.challenge.NumberToAlphaConverter.java" Intrnl_Id="218">
<LocList>
<Loc EndOffset="4740" SrcFileId="1" StartOffset="4687"/>
</LocList>
</BasicStmnt>
</StmntSeq>
</Branch>
<Branch CovItemId="B30" CovItemPrefix="com.aconex.coding.challenge.NumberToAlphaConverter.java" Implct="false" Intrnl_Id="219">
<Cond>
<Loc EndOffset="4752" SrcFileId="1" StartOffset="4748"/>
</Cond>
<LocList>
<Loc EndOffset="6531" SrcFileId="1" StartOffset="4752"/>
</LocList>
<StmntSeq Intrnl_Id="220">
<LocList>
<Loc EndOffset="5326" SrcFileId="1" StartOffset="4761"/>
<Loc EndOffset="6035" SrcFileId="1" StartOffset="5334"/>
<Loc EndOffset="6110" SrcFileId="1" StartOffset="6059"/>
<Loc EndOffset="6523" SrcFileId="1" StartOffset="6118"/>
</LocList>
<CondStmnt CovItemId="S90" CovItemPrefix="com.aconex.coding.challenge.NumberToAlphaConverter.java" Intrnl_Id="221">
<Branch CovItemId="B31" CovItemPrefix="com.aconex.coding.challenge.NumberToAlphaConverter.java" Implct="false" Intrnl_Id="222">
<Cond/>
<LocList>
<Loc EndOffset="5326" SrcFileId="1" StartOffset="4958"/>
</LocList>
<StmntSeq Intrnl_Id="223">
<LocList>
<Loc EndOffset="5305" SrcFileId="1" StartOffset="5257"/>
</LocList>
<BasicStmnt CovItemId="S91" CovItemPrefix="com.aconex.coding.challenge.NumberToAlphaConverter.java" Intrnl_Id="224">
<LocList>
<Loc EndOffset="5305" SrcFileId="1" StartOffset="5257"/>
</LocList>
</BasicStmnt>
</StmntSeq>
</Branch>
<Branch CovItemId="B32" CovItemPrefix="com.aconex.coding.challenge.NumberToAlphaConverter.java" Implct="true" Intrnl_Id="225">
<Cond/>
<LocList/>
<StmntSeq Intrnl_Id="226">
<LocList/>
</StmntSeq>
</Branch>
<Keyword EndOffset="4763" SrcFileId="1" StartOffset="4761"/>
<LocList>
<Loc EndOffset="5326" SrcFileId="1" StartOffset="4761"/>
</LocList>
<RootTerm CovItemId="C18" CovItemPrefix="com.aconex.coding.challenge.NumberToAlphaConverter.java" Intrnl_Id="227">
<OpTerm BooleanOpId="3" Intrnl_Id="228">
<BasicBoolTerm Intrnl_Id="229">
<LocList>
<Loc EndOffset="4805" SrcFileId="1" StartOffset="4764"/>
</LocList>
</BasicBoolTerm>
<BasicBoolTerm Intrnl_Id="230">
<LocList>
<Loc EndOffset="4847" SrcFileId="1" StartOffset="4810"/>
</LocList>
</BasicBoolTerm>
<LocList>
<Loc EndOffset="4808" SrcFileId="1" StartOffset="4806"/>
</LocList>
</OpTerm>
</RootTerm>
</CondStmnt>
<CondStmnt CovItemId="S92" CovItemPrefix="com.aconex.coding.challenge.NumberToAlphaConverter.java" Intrnl_Id="231">
<Branch CovItemId="B33" CovItemPrefix="com.aconex.coding.challenge.NumberToAlphaConverter.java" Implct="false" Intrnl_Id="232">
<Cond/>
<LocList>
<Loc EndOffset="6035" SrcFileId="1" StartOffset="5354"/>
</LocList>
<StmntSeq Intrnl_Id="233">
<LocList>
<Loc EndOffset="5471" SrcFileId="1" StartOffset="5373"/>
<Loc EndOffset="6026" SrcFileId="1" StartOffset="5525"/>
</LocList>
<BasicStmnt CovItemId="S93" CovItemPrefix="com.aconex.coding.challenge.NumberToAlphaConverter.java" Intrnl_Id="234">
<LocList>
<Loc EndOffset="5471" SrcFileId="1" StartOffset="5373"/>
</LocList>
</BasicStmnt>
<CondStmnt CovItemId="S94" CovItemPrefix="com.aconex.coding.challenge.NumberToAlphaConverter.java" Intrnl_Id="235">
<Branch CovItemId="B35" CovItemPrefix="com.aconex.coding.challenge.NumberToAlphaConverter.java" Implct="false" Intrnl_Id="236">
<Cond/>
<LocList>
<Loc EndOffset="6026" SrcFileId="1" StartOffset="5539"/>
</LocList>
<StmntSeq Intrnl_Id="237">
<LocList>
<Loc EndOffset="6016" SrcFileId="1" StartOffset="5550"/>
</LocList>
<LoopStmnt CovItemId="S95" CovItemPrefix="com.aconex.coding.challenge.NumberToAlphaConverter.java" Intrnl_Id="238" MltplExecId="L5-2" MltplExecPrefix="com.aconex.coding.challenge.NumberToAlphaConverter.java" NvrExecId="L5-0" NvrExecPrefix="com.aconex.coding.challenge.NumberToAlphaConverter.java" OnceExecutedId="L5-1" OnceExecutedPrefix="com.aconex.coding.challenge.NumberToAlphaConverter.java" OptBodyExec="true">
<StmntSeq Intrnl_Id="239">
<LocList>
<Loc EndOffset="5612" SrcFileId="1" StartOffset="5585"/>
<Loc EndOffset="6005" SrcFileId="1" StartOffset="5664"/>
</LocList>
<BasicStmnt CovItemId="S96" CovItemPrefix="com.aconex.coding.challenge.NumberToAlphaConverter.java" Intrnl_Id="240">
<LocList>
<Loc EndOffset="5612" SrcFileId="1" StartOffset="5585"/>
</LocList>
</BasicStmnt>
<CondStmnt CovItemId="S97" CovItemPrefix="com.aconex.coding.challenge.NumberToAlphaConverter.java" Intrnl_Id="241">
<Branch CovItemId="B37" CovItemPrefix="com.aconex.coding.challenge.NumberToAlphaConverter.java" Implct="false" Intrnl_Id="242">
<Cond/>
<LocList>
<Loc EndOffset="6005" SrcFileId="1" StartOffset="5720"/>
</LocList>
<StmntSeq Intrnl_Id="243">
<LocList>
<Loc EndOffset="5993" SrcFileId="1" StartOffset="5797"/>
</LocList>
<CondStmnt CovItemId="S98" CovItemPrefix="com.aconex.coding.challenge.NumberToAlphaConverter.java" Intrnl_Id="244">
<Branch CovItemId="B39" CovItemPrefix="com.aconex.coding.challenge.NumberToAlphaConverter.java" Implct="false" Intrnl_Id="245">
<Cond/>
<LocList>
<Loc EndOffset="5933" SrcFileId="1" StartOffset="5818"/>
</LocList>
<StmntSeq Intrnl_Id="246">
<LocList>
<Loc EndOffset="5920" SrcFileId="1" StartOffset="5832"/>
</LocList>
<BasicStmnt CovItemId="S99" CovItemPrefix="com.aconex.coding.challenge.NumberToAlphaConverter.java" Intrnl_Id="247">
<LocList>
<Loc EndOffset="5920" SrcFileId="1" StartOffset="5832"/>
</LocList>
</BasicStmnt>
</StmntSeq>
</Branch>
<Branch CovItemId="B40" CovItemPrefix="com.aconex.coding.challenge.NumberToAlphaConverter.java" Implct="false" Intrnl_Id="248">
<Cond>
<Loc EndOffset="5937" SrcFileId="1" StartOffset="5933"/>
</Cond>
<LocList>
<Loc EndOffset="5993" SrcFileId="1" StartOffset="5937"/>
</LocList>
<StmntSeq Intrnl_Id="249">
<LocList>
<Loc EndOffset="5980" SrcFileId="1" StartOffset="5951"/>
</LocList>
<BasicStmnt CovItemId="S100" CovItemPrefix="com.aconex.coding.challenge.NumberToAlphaConverter.java" Intrnl_Id="250">
<LocList>
<Loc EndOffset="5980" SrcFileId="1" StartOffset="5951"/>
</LocList>
</BasicStmnt>
</StmntSeq>
</Branch>
<Keyword EndOffset="5799" SrcFileId="1" StartOffset="5797"/>
<LocList>
<Loc EndOffset="5993" SrcFileId="1" StartOffset="5797"/>
</LocList>
<RootTerm CovItemId="C22" CovItemPrefix="com.aconex.coding.challenge.NumberToAlphaConverter.java" Intrnl_Id="251">
<BasicBoolTerm Intrnl_Id="252">
<LocList>
<Loc EndOffset="5817" SrcFileId="1" StartOffset="5800"/>
</LocList>
</BasicBoolTerm>
</RootTerm>
</CondStmnt>
</StmntSeq>
</Branch>
<Branch CovItemId="B38" CovItemPrefix="com.aconex.coding.challenge.NumberToAlphaConverter.java" Implct="true" Intrnl_Id="253">
<Cond/>
<LocList/>
<StmntSeq Intrnl_Id="254">
<LocList/>
</StmntSeq>
</Branch>
<Keyword EndOffset="5666" SrcFileId="1" StartOffset="5664"/>
<LocList>
<Loc EndOffset="6005" SrcFileId="1" StartOffset="5664"/>
</LocList>
<RootTerm CovItemId="C21" CovItemPrefix="com.aconex.coding.challenge.NumberToAlphaConverter.java" Intrnl_Id="255">
<BasicBoolTerm Intrnl_Id="256">
<LocList>
<Loc EndOffset="5719" SrcFileId="1" StartOffset="5667"/>
</LocList>
</BasicBoolTerm>
</RootTerm>
</CondStmnt>
</StmntSeq>
<Keyword EndOffset="5553" SrcFileId="1" StartOffset="5550"/>
<LocList>
<Loc EndOffset="6016" SrcFileId="1" StartOffset="5550"/>
</LocList>
</LoopStmnt>
</StmntSeq>
</Branch>
<Branch CovItemId="B36" CovItemPrefix="com.aconex.coding.challenge.NumberToAlphaConverter.java" Implct="true" Intrnl_Id="257">
<Cond/>
<LocList/>
<StmntSeq Intrnl_Id="258">
<LocList/>
</StmntSeq>
</Branch>
<Keyword EndOffset="5527" SrcFileId="1" StartOffset="5525"/>
<LocList>
<Loc EndOffset="6026" SrcFileId="1" StartOffset="5525"/>
</LocList>
<RootTerm CovItemId="C20" CovItemPrefix="com.aconex.coding.challenge.NumberToAlphaConverter.java" Intrnl_Id="259">
<BasicBoolTerm Intrnl_Id="260">
<LocList>
<Loc EndOffset="5538" SrcFileId="1" StartOffset="5528"/>
</LocList>
</BasicBoolTerm>
</RootTerm>
</CondStmnt>
</StmntSeq>
</Branch>
<Branch CovItemId="B34" CovItemPrefix="com.aconex.coding.challenge.NumberToAlphaConverter.java" Implct="true" Intrnl_Id="261">
<Cond/>
<LocList/>
<StmntSeq Intrnl_Id="262">
<LocList/>
</StmntSeq>
</Branch>
<Keyword EndOffset="5336" SrcFileId="1" StartOffset="5334"/>
<LocList>
<Loc EndOffset="6035" SrcFileId="1" StartOffset="5334"/>
</LocList>
<RootTerm CovItemId="C19" CovItemPrefix="com.aconex.coding.challenge.NumberToAlphaConverter.java" Intrnl_Id="263">
<BasicBoolTerm Intrnl_Id="264">
<LocList>
<Loc EndOffset="5353" SrcFileId="1" StartOffset="5337"/>
</LocList>
</BasicBoolTerm>
</RootTerm>
</CondStmnt>
<BasicStmnt CovItemId="S101" CovItemPrefix="com.aconex.coding.challenge.NumberToAlphaConverter.java" Intrnl_Id="265">
<LocList>
<Loc EndOffset="6110" SrcFileId="1" StartOffset="6059"/>
</LocList>
</BasicStmnt>
<CondStmnt CovItemId="S102" CovItemPrefix="com.aconex.coding.challenge.NumberToAlphaConverter.java" Intrnl_Id="266">
<Branch CovItemId="B41" CovItemPrefix="com.aconex.coding.challenge.NumberToAlphaConverter.java" Implct="false" Intrnl_Id="267">
<Cond/>
<LocList>
<Loc EndOffset="6523" SrcFileId="1" StartOffset="6138"/>
</LocList>
<StmntSeq Intrnl_Id="268">
<LocList>
<Loc EndOffset="6514" SrcFileId="1" StartOffset="6148"/>
</LocList>
<LoopStmnt CovItemId="S103" CovItemPrefix="com.aconex.coding.challenge.NumberToAlphaConverter.java" Intrnl_Id="269" MltplExecId="L6-2" MltplExecPrefix="com.aconex.coding.challenge.NumberToAlphaConverter.java" NvrExecId="L6-0" NvrExecPrefix="com.aconex.coding.challenge.NumberToAlphaConverter.java" OnceExecutedId="L6-1" OnceExecutedPrefix="com.aconex.coding.challenge.NumberToAlphaConverter.java" OptBodyExec="true">
<StmntSeq Intrnl_Id="270">
<LocList>
<Loc EndOffset="6223" SrcFileId="1" StartOffset="6186"/>
<Loc EndOffset="6504" SrcFileId="1" StartOffset="6233"/>
</LocList>
<BasicStmnt CovItemId="S104" CovItemPrefix="com.aconex.coding.challenge.NumberToAlphaConverter.java" Intrnl_Id="271">
<LocList>
<Loc EndOffset="6223" SrcFileId="1" StartOffset="6186"/>
</LocList>
</BasicStmnt>
<CondStmnt CovItemId="S105" CovItemPrefix="com.aconex.coding.challenge.NumberToAlphaConverter.java" Intrnl_Id="272">
<Branch CovItemId="B43" CovItemPrefix="com.aconex.coding.challenge.NumberToAlphaConverter.java" Implct="false" Intrnl_Id="273">
<Cond/>
<LocList>
<Loc EndOffset="6504" SrcFileId="1" StartOffset="6300"/>
</LocList>
<StmntSeq Intrnl_Id="274">
<LocList>
<Loc EndOffset="6493" SrcFileId="1" StartOffset="6312"/>
</LocList>
<CondStmnt CovItemId="S106" CovItemPrefix="com.aconex.coding.challenge.NumberToAlphaConverter.java" Intrnl_Id="275">
<Branch CovItemId="B45" CovItemPrefix="com.aconex.coding.challenge.NumberToAlphaConverter.java" Implct="false" Intrnl_Id="276">
<Cond/>
<LocList>
<Loc EndOffset="6388" SrcFileId="1" StartOffset="6334"/>
</LocList>
<StmntSeq Intrnl_Id="277">
<LocList>
<Loc EndOffset="6376" SrcFileId="1" StartOffset="6347"/>
</LocList>
<BasicStmnt CovItemId="S107" CovItemPrefix="com.aconex.coding.challenge.NumberToAlphaConverter.java" Intrnl_Id="278">
<LocList>
<Loc EndOffset="6376" SrcFileId="1" StartOffset="6347"/>
</LocList>
</BasicStmnt>
</StmntSeq>
</Branch>
<Branch CovItemId="B46" CovItemPrefix="com.aconex.coding.challenge.NumberToAlphaConverter.java" Implct="false" Intrnl_Id="279">
<Cond>
<Loc EndOffset="6392" SrcFileId="1" StartOffset="6388"/>
</Cond>
<LocList>
<Loc EndOffset="6493" SrcFileId="1" StartOffset="6392"/>
</LocList>
<StmntSeq Intrnl_Id="280">
<LocList>
<Loc EndOffset="6481" SrcFileId="1" StartOffset="6405"/>
</LocList>
<BasicStmnt CovItemId="S108" CovItemPrefix="com.aconex.coding.challenge.NumberToAlphaConverter.java" Intrnl_Id="281">
<LocList>
<Loc EndOffset="6481" SrcFileId="1" StartOffset="6405"/>
</LocList>
</BasicStmnt>
</StmntSeq>
</Branch>
<Keyword EndOffset="6314" SrcFileId="1" StartOffset="6312"/>
<LocList>
<Loc EndOffset="6493" SrcFileId="1" StartOffset="6312"/>
</LocList>
<RootTerm CovItemId="C25" CovItemPrefix="com.aconex.coding.challenge.NumberToAlphaConverter.java" Intrnl_Id="282">
<BasicBoolTerm Intrnl_Id="283">
<LocList>
<Loc EndOffset="6333" SrcFileId="1" StartOffset="6315"/>
</LocList>
</BasicBoolTerm>
</RootTerm>
</CondStmnt>
</StmntSeq>
</Branch>
<Branch CovItemId="B44" CovItemPrefix="com.aconex.coding.challenge.NumberToAlphaConverter.java" Implct="true" Intrnl_Id="284">
<Cond/>
<LocList/>
<StmntSeq Intrnl_Id="285">
<LocList/>
</StmntSeq>
</Branch>
<Keyword EndOffset="6235" SrcFileId="1" StartOffset="6233"/>
<LocList>
<Loc EndOffset="6504" SrcFileId="1" StartOffset="6233"/>
</LocList>
<RootTerm CovItemId="C24" CovItemPrefix="com.aconex.coding.challenge.NumberToAlphaConverter.java" Intrnl_Id="286">
<OpTerm BooleanOpId="4" Intrnl_Id="287">
<OpTerm BooleanOpId="2" Intrnl_Id="288">
<OpTerm BooleanOpId="3" Intrnl_Id="289">
<BasicBoolTerm Intrnl_Id="290">
<LocList>
<Loc EndOffset="6256" SrcFileId="1" StartOffset="6238"/>
</LocList>
</BasicBoolTerm>
<BasicBoolTerm Intrnl_Id="291">
<LocList>
<Loc EndOffset="6276" SrcFileId="1" StartOffset="6260"/>
</LocList>
</BasicBoolTerm>
<LocList>
<Loc EndOffset="6259" SrcFileId="1" StartOffset="6257"/>
</LocList>
</OpTerm>
<LocList>
<Loc EndOffset="6237" SrcFileId="1" StartOffset="6236"/>
</LocList>
</OpTerm>
<BasicBoolTerm Intrnl_Id="292">
<LocList>
<Loc EndOffset="6299" SrcFileId="1" StartOffset="6281"/>
</LocList>
</BasicBoolTerm>
<LocList>
<Loc EndOffset="6280" SrcFileId="1" StartOffset="6278"/>
</LocList>
</OpTerm>
</RootTerm>
</CondStmnt>
</StmntSeq>
<Keyword EndOffset="6151" SrcFileId="1" StartOffset="6148"/>
<LocList>
<Loc EndOffset="6514" SrcFileId="1" StartOffset="6148"/>
</LocList>
</LoopStmnt>
</StmntSeq>
</Branch>
<Branch CovItemId="B42" CovItemPrefix="com.aconex.coding.challenge.NumberToAlphaConverter.java" Implct="true" Intrnl_Id="293">
<Cond/>
<LocList/>
<StmntSeq Intrnl_Id="294">
<LocList/>
</StmntSeq>
</Branch>
<Keyword EndOffset="6120" SrcFileId="1" StartOffset="6118"/>
<LocList>
<Loc EndOffset="6523" SrcFileId="1" StartOffset="6118"/>
</LocList>
<RootTerm CovItemId="C23" CovItemPrefix="com.aconex.coding.challenge.NumberToAlphaConverter.java" Intrnl_Id="295">
<BasicBoolTerm Intrnl_Id="296">
<LocList>
<Loc EndOffset="6137" SrcFileId="1" StartOffset="6121"/>
</LocList>
</BasicBoolTerm>
</RootTerm>
</CondStmnt>
</StmntSeq>
</Branch>
<Keyword EndOffset="4627" SrcFileId="1" StartOffset="4625"/>
<LocList>
<Loc EndOffset="6531" SrcFileId="1" StartOffset="4625"/>
</LocList>
<RootTerm CovItemId="C17" CovItemPrefix="com.aconex.coding.challenge.NumberToAlphaConverter.java" Intrnl_Id="297">
<BasicBoolTerm Intrnl_Id="298">
<LocList>
<Loc EndOffset="4677" SrcFileId="1" StartOffset="4628"/>
</LocList>
</BasicBoolTerm>
</RootTerm>
</CondStmnt>
</StmntSeq>
<Keyword EndOffset="4548" SrcFileId="1" StartOffset="4545"/>
<LocList>
<Loc EndOffset="6538" SrcFileId="1" StartOffset="4545"/>
</LocList>
</LoopStmnt>
</StmntSeq>
<Keyword EndOffset="4377" SrcFileId="1" StartOffset="4374"/>
<LocList>
<Loc EndOffset="6544" SrcFileId="1" StartOffset="4374"/>
</LocList>
</LoopStmnt>
</StmntSeq>
</Branch>
<Branch CovItemId="B28" CovItemPrefix="com.aconex.coding.challenge.NumberToAlphaConverter.java" Implct="false" Intrnl_Id="299">
<Cond>
<Loc EndOffset="6553" SrcFileId="1" StartOffset="6549"/>
</Cond>
<LocList>
<Loc EndOffset="6652" SrcFileId="1" StartOffset="6554"/>
</LocList>
<StmntSeq Intrnl_Id="300">
<LocList>
<Loc EndOffset="6652" SrcFileId="1" StartOffset="6554"/>
</LocList>
<CondStmnt CovItemId="S109" CovItemPrefix="com.aconex.coding.challenge.NumberToAlphaConverter.java" Intrnl_Id="301">
<Branch CovItemId="B47" CovItemPrefix="com.aconex.coding.challenge.NumberToAlphaConverter.java" Implct="false" Intrnl_Id="302">
<Cond/>
<LocList>
<Loc EndOffset="6652" SrcFileId="1" StartOffset="6570"/>
</LocList>
<StmntSeq Intrnl_Id="303">
<LocList>
<Loc EndOffset="6647" SrcFileId="1" StartOffset="6576"/>
</LocList>
<LoopStmnt CovItemId="S110" CovItemPrefix="com.aconex.coding.challenge.NumberToAlphaConverter.java" Intrnl_Id="304" MltplExecId="L7-2" MltplExecPrefix="com.aconex.coding.challenge.NumberToAlphaConverter.java" NvrExecId="L7-0" NvrExecPrefix="com.aconex.coding.challenge.NumberToAlphaConverter.java" OnceExecutedId="L7-1" OnceExecutedPrefix="com.aconex.coding.challenge.NumberToAlphaConverter.java" OptBodyExec="true">
<StmntSeq Intrnl_Id="305">
<LocList>
<Loc EndOffset="6641" SrcFileId="1" StartOffset="6609"/>
</LocList>
<BasicStmnt CovItemId="S111" CovItemPrefix="com.aconex.coding.challenge.NumberToAlphaConverter.java" Intrnl_Id="306">
<LocList>
<Loc EndOffset="6641" SrcFileId="1" StartOffset="6609"/>
</LocList>
</BasicStmnt>
</StmntSeq>
<Keyword EndOffset="6579" SrcFileId="1" StartOffset="6576"/>
<LocList>
<Loc EndOffset="6647" SrcFileId="1" StartOffset="6576"/>
</LocList>
</LoopStmnt>
</StmntSeq>
</Branch>
<Branch CovItemId="B48" CovItemPrefix="com.aconex.coding.challenge.NumberToAlphaConverter.java" Implct="true" Intrnl_Id="307">
<Cond/>
<LocList/>
<StmntSeq Intrnl_Id="308">
<LocList/>
</StmntSeq>
</Branch>
<Keyword EndOffset="6556" SrcFileId="1" StartOffset="6554"/>
<LocList>
<Loc EndOffset="6652" SrcFileId="1" StartOffset="6554"/>
</LocList>
<RootTerm CovItemId="C26" CovItemPrefix="com.aconex.coding.challenge.NumberToAlphaConverter.java" Intrnl_Id="309">
<BasicBoolTerm Intrnl_Id="310">
<LocList>
<Loc EndOffset="6569" SrcFileId="1" StartOffset="6557"/>
</LocList>
</BasicBoolTerm>
</RootTerm>
</CondStmnt>
</StmntSeq>
</Branch>
<Keyword EndOffset="4345" SrcFileId="1" StartOffset="4343"/>
<LocList>
<Loc EndOffset="6652" SrcFileId="1" StartOffset="4343"/>
</LocList>
<RootTerm CovItemId="C16" CovItemPrefix="com.aconex.coding.challenge.NumberToAlphaConverter.java" Intrnl_Id="311">
<BasicBoolTerm Intrnl_Id="312">
<LocList>
<Loc EndOffset="4367" SrcFileId="1" StartOffset="4346"/>
</LocList>
</BasicBoolTerm>
</RootTerm>
</CondStmnt>
<BasicStmnt CovItemId="S112" CovItemPrefix="com.aconex.coding.challenge.NumberToAlphaConverter.java" Intrnl_Id="313">
<LocList>
<Loc EndOffset="6679" SrcFileId="1" StartOffset="6656"/>
</LocList>
</BasicStmnt>
</StmntSeq>
</HierarchyLvl>
<HierarchyLvl HierarchyLvlId="562" HierarchyLvlTypeId="7" Intrnl_Id="314" Name="convertToAlpha">
<Header>
<Loc EndOffset="6753" SrcFileId="1" StartOffset="6692"/>
</Header>
<LocList>
<Loc EndOffset="7465" SrcFileId="1" StartOffset="6692"/>
</LocList>
<StmntSeq Intrnl_Id="315">
<LocList>
<Loc EndOffset="6807" SrcFileId="1" StartOffset="6758"/>
<Loc EndOffset="6844" SrcFileId="1" StartOffset="6821"/>
<Loc EndOffset="7383" SrcFileId="1" StartOffset="6849"/>
<Loc EndOffset="7437" SrcFileId="1" StartOffset="6811"/>
<Loc EndOffset="7461" SrcFileId="1" StartOffset="7441"/>
</LocList>
<BasicStmnt CovItemId="S113" CovItemPrefix="com.aconex.coding.challenge.NumberToAlphaConverter.java" Intrnl_Id="316">
<LocList>
<Loc EndOffset="6807" SrcFileId="1" StartOffset="6758"/>
</LocList>
</BasicStmnt>
<BasicStmnt CovItemId="S115" CovItemPrefix="com.aconex.coding.challenge.NumberToAlphaConverter.java" Intrnl_Id="317">
<LocList>
<Loc EndOffset="6844" SrcFileId="1" StartOffset="6821"/>
</LocList>
</BasicStmnt>
<LoopStmnt CovItemId="S116" CovItemPrefix="com.aconex.coding.challenge.NumberToAlphaConverter.java" Intrnl_Id="318" MltplExecId="L8-2" MltplExecPrefix="com.aconex.coding.challenge.NumberToAlphaConverter.java" NvrExecId="L8-0" NvrExecPrefix="com.aconex.coding.challenge.NumberToAlphaConverter.java" OnceExecutedId="L8-1" OnceExecutedPrefix="com.aconex.coding.challenge.NumberToAlphaConverter.java" OptBodyExec="true">
<StmntSeq Intrnl_Id="319">
<LocList>
<Loc EndOffset="6938" SrcFileId="1" StartOffset="6904"/>
<Loc EndOffset="7377" SrcFileId="1" StartOffset="6944"/>
</LocList>
<BasicStmnt CovItemId="S117" CovItemPrefix="com.aconex.coding.challenge.NumberToAlphaConverter.java" Intrnl_Id="320">
<LocList>
<Loc EndOffset="6938" SrcFileId="1" StartOffset="6904"/>
</LocList>
</BasicStmnt>
<CondStmnt CovItemId="S118" CovItemPrefix="com.aconex.coding.challenge.NumberToAlphaConverter.java" Intrnl_Id="321">
<Branch CovItemId="B50" CovItemPrefix="com.aconex.coding.challenge.NumberToAlphaConverter.java" Implct="false" Intrnl_Id="322">
<Cond/>
<LocList>
<Loc EndOffset="7377" SrcFileId="1" StartOffset="7000"/>
</LocList>
<StmntSeq Intrnl_Id="323">
<LocList>
<Loc EndOffset="7077" SrcFileId="1" StartOffset="7008"/>
<Loc EndOffset="7156" SrcFileId="1" StartOffset="7084"/>
<Loc EndOffset="7212" SrcFileId="1" StartOffset="7163"/>
<Loc EndOffset="7235" SrcFileId="1" StartOffset="7219"/>
</LocList>
<BasicStmnt CovItemId="S119" CovItemPrefix="com.aconex.coding.challenge.NumberToAlphaConverter.java" Intrnl_Id="324">
<LocList>
<Loc EndOffset="7077" SrcFileId="1" StartOffset="7008"/>
</LocList>
</BasicStmnt>
<BasicStmnt CovItemId="S120" CovItemPrefix="com.aconex.coding.challenge.NumberToAlphaConverter.java" Intrnl_Id="325">
<LocList>
<Loc EndOffset="7156" SrcFileId="1" StartOffset="7084"/>
</LocList>
</BasicStmnt>
<CondStmnt CovItemId="S121" CovItemPrefix="com.aconex.coding.challenge.NumberToAlphaConverter.java" Intrnl_Id="326">
<Branch CovItemId="B52" CovItemPrefix="com.aconex.coding.challenge.NumberToAlphaConverter.java" Implct="false" Intrnl_Id="327">
<Cond/>
<LocList>
<Loc EndOffset="7212" SrcFileId="1" StartOffset="7189"/>
</LocList>
<StmntSeq Intrnl_Id="328">
<LocList>
<Loc EndOffset="7204" SrcFileId="1" StartOffset="7198"/>
</LocList>
<BasicStmnt CovItemId="S122" CovItemPrefix="com.aconex.coding.challenge.NumberToAlphaConverter.java" Intrnl_Id="329">
<LocList>
<Loc EndOffset="7204" SrcFileId="1" StartOffset="7198"/>
</LocList>
</BasicStmnt>
</StmntSeq>
</Branch>
<Branch CovItemId="B53" CovItemPrefix="com.aconex.coding.challenge.NumberToAlphaConverter.java" Implct="true" Intrnl_Id="330">
<Cond/>
<LocList/>
<StmntSeq Intrnl_Id="331">
<LocList/>
</StmntSeq>
</Branch>
<Keyword EndOffset="7165" SrcFileId="1" StartOffset="7163"/>
<LocList>
<Loc EndOffset="7212" SrcFileId="1" StartOffset="7163"/>
</LocList>
<RootTerm CovItemId="C29" CovItemPrefix="com.aconex.coding.challenge.NumberToAlphaConverter.java" Intrnl_Id="332">
<BasicBoolTerm Intrnl_Id="333">
<LocList>
<Loc EndOffset="7188" SrcFileId="1" StartOffset="7166"/>
</LocList>
</BasicBoolTerm>
</RootTerm>
</CondStmnt>
<BasicStmnt CovItemId="S123" CovItemPrefix="com.aconex.coding.challenge.NumberToAlphaConverter.java" Intrnl_Id="334">
<LocList>
<Loc EndOffset="7235" SrcFileId="1" StartOffset="7219"/>
</LocList>
</BasicStmnt>
</StmntSeq>
</Branch>
<Branch CovItemId="B51" CovItemPrefix="com.aconex.coding.challenge.NumberToAlphaConverter.java" Implct="true" Intrnl_Id="335">
<Cond/>
<LocList/>
<StmntSeq Intrnl_Id="336">
<LocList/>
</StmntSeq>
</Branch>
<Keyword EndOffset="6946" SrcFileId="1" StartOffset="6944"/>
<LocList>
<Loc EndOffset="7377" SrcFileId="1" StartOffset="6944"/>
</LocList>
<RootTerm CovItemId="C28" CovItemPrefix="com.aconex.coding.challenge.NumberToAlphaConverter.java" Intrnl_Id="337">
<BasicBoolTerm Intrnl_Id="338">
<LocList>
<Loc EndOffset="6999" SrcFileId="1" StartOffset="6947"/>
</LocList>
</BasicBoolTerm>
</RootTerm>
</CondStmnt>
</StmntSeq>
<Keyword EndOffset="6852" SrcFileId="1" StartOffset="6849"/>
<LocList>
<Loc EndOffset="7383" SrcFileId="1" StartOffset="6849"/>
</LocList>
<RootTerm CovItemId="C27" CovItemPrefix="com.aconex.coding.challenge.NumberToAlphaConverter.java" Intrnl_Id="339">
<BasicBoolTerm Intrnl_Id="340">
<LocList>
<Loc EndOffset="6888" SrcFileId="1" StartOffset="6867"/>
</LocList>
</BasicBoolTerm>
</RootTerm>
</LoopStmnt>
<CondStmnt CovItemId="S114" CovItemPrefix="com.aconex.coding.challenge.NumberToAlphaConverter.java" Intrnl_Id="341">
<Branch CovItemId="B49" CovItemPrefix="com.aconex.coding.challenge.NumberToAlphaConverter.java" Implct="true" Intrnl_Id="342">
<Cond/>
<LocList/>
<StmntSeq Intrnl_Id="343">
<LocList/>
</StmntSeq>
</Branch>
<Branch CovItemId="B54" CovItemPrefix="com.aconex.coding.challenge.NumberToAlphaConverter.java" Implct="false" Intrnl_Id="344">
<Cond>
<Loc EndOffset="7406" SrcFileId="1" StartOffset="7388"/>
</Cond>
<LocList>
<Loc EndOffset="7437" SrcFileId="1" StartOffset="7406"/>
</LocList>
<StmntSeq Intrnl_Id="345">
<LocList>
<Loc EndOffset="7432" SrcFileId="1" StartOffset="7412"/>
</LocList>
<BasicStmnt CovItemId="S124" CovItemPrefix="com.aconex.coding.challenge.NumberToAlphaConverter.java" Intrnl_Id="346">
<LocList>
<Loc EndOffset="7432" SrcFileId="1" StartOffset="7412"/>
</LocList>
</BasicStmnt>
</StmntSeq>
</Branch>
<Keyword EndOffset="6814" SrcFileId="1" StartOffset="6811"/>
<LocList>
<Loc EndOffset="7437" SrcFileId="1" StartOffset="6811"/>
</LocList>
</CondStmnt>
<BasicStmnt CovItemId="S125" CovItemPrefix="com.aconex.coding.challenge.NumberToAlphaConverter.java" Intrnl_Id="347">
<LocList>
<Loc EndOffset="7461" SrcFileId="1" StartOffset="7441"/>
</LocList>
</BasicStmnt>
</StmntSeq>
</HierarchyLvl>
</HierarchyLvl>
</HierarchyLvl>
</HierarchyLvl>
</HierarchyLvl>
</HierarchyLvl>
</HierarchyLvl>
</MASTRoot>
<TestSession Comment="" Date="1421694265053" Name="20 Jan, 2015 12:34:24 AM">
<TestCase Comment="" Date="1421694264599" Name="com.aconex.test.TestAconex:checkForSimpleConversionWithMultipleResult">
<CovList>
<CovPrefix CovItemPrefix="com.aconex.coding.challenge.NumberToAlphaConverter.java">
<Cov CovItemId="B1" Value="7"/>
<Cov CovItemId="B10" Value="6"/>
<Cov CovItemId="B12" Value="6"/>
<Cov CovItemId="B13" Value="5"/>
<Cov CovItemId="B14" Value="1"/>
<Cov CovItemId="B15" Value="1"/>
<Cov CovItemId="B19" Value="40"/>
<Cov CovItemId="B2" Value="50"/>
<Cov CovItemId="B20" Value="66"/>
<Cov CovItemId="B21" Value="10"/>
<Cov CovItemId="B22" Value="30"/>
<Cov CovItemId="B24" Value="66"/>
<Cov CovItemId="B27" Value="5"/>
<Cov CovItemId="B28" Value="1"/>
<Cov CovItemId="B29" Value="15"/>
<Cov CovItemId="B30" Value="43"/>
<Cov CovItemId="B31" Value="3"/>
<Cov CovItemId="B32" Value="40"/>
<Cov CovItemId="B33" Value="14"/>
<Cov CovItemId="B34" Value="29"/>
<Cov CovItemId="B35" Value="14"/>
<Cov CovItemId="B37" Value="3"/>
<Cov CovItemId="B38" Value="39"/>
<Cov CovItemId="B4" Value="50"/>
<Cov CovItemId="B40" Value="3"/>
<Cov CovItemId="B41" Value="10"/>
<Cov CovItemId="B42" Value="33"/>
<Cov CovItemId="B43" Value="5"/>
<Cov CovItemId="B44" Value="5"/>
<Cov CovItemId="B45" Value="5"/>
<Cov CovItemId="B47" Value="1"/>
<Cov CovItemId="B49" Value="1"/>
<Cov CovItemId="B5" Value="4"/>
<Cov CovItemId="B50" Value="6"/>
<Cov CovItemId="B53" Value="6"/>
<Cov CovItemId="B6" Value="6"/>
<Cov CovItemId="B8" Value="6"/>
<Cov CovItemId="L1-1" Value="3"/>
<Cov CovItemId="L1-2" Value="15"/>
<Cov CovItemId="L2-0" Value="3"/>
<Cov CovItemId="L2-1" Value="16"/>
<Cov CovItemId="L2-2" Value="24"/>
<Cov CovItemId="L3-2" Value="5"/>
<Cov CovItemId="L4-2" Value="18"/>
<Cov CovItemId="L5-2" Value="14"/>
<Cov CovItemId="L6-1" Value="10"/>
<Cov CovItemId="L7-2" Value="1"/>
<Cov CovItemId="L8-2" Value="1"/>
<Cov CovItemId="S1" Value="1"/>
<Cov CovItemId="S10" Value="1"/>
<Cov CovItemId="S100" Value="3"/>
<Cov CovItemId="S101" Value="43"/>
<Cov CovItemId="S102" Value="43"/>
<Cov CovItemId="S103" Value="10"/>
<Cov CovItemId="S104" Value="10"/>
<Cov CovItemId="S105" Value="10"/>
<Cov CovItemId="S106" Value="5"/>
<Cov CovItemId="S107" Value="5"/>
<Cov CovItemId="S109" Value="1"/>
<Cov CovItemId="S11" Value="1"/>
<Cov CovItemId="S110" Value="1"/>
<Cov CovItemId="S111" Value="3"/>
<Cov CovItemId="S112" Value="6"/>
<Cov CovItemId="S113" Value="1"/>
<Cov CovItemId="S114" Value="1"/>
<Cov CovItemId="S115" Value="1"/>
<Cov CovItemId="S116" Value="1"/>
<Cov CovItemId="S117" Value="6"/>
<Cov CovItemId="S118" Value="6"/>
<Cov CovItemId="S119" Value="6"/>
<Cov CovItemId="S12" Value="1"/>
<Cov CovItemId="S120" Value="6"/>
<Cov CovItemId="S121" Value="6"/>
<Cov CovItemId="S123" Value="6"/>
<Cov CovItemId="S125" Value="1"/>
<Cov CovItemId="S13" Value="1"/>
<Cov CovItemId="S14" Value="1"/>
<Cov CovItemId="S15" Value="1"/>
<Cov CovItemId="S16" Value="1"/>
<Cov CovItemId="S17" Value="1"/>
<Cov CovItemId="S18" Value="1"/>
<Cov CovItemId="S19" Value="1"/>
<Cov CovItemId="S2" Value="1"/>
<Cov CovItemId="S20" Value="1"/>
<Cov CovItemId="S21" Value="1"/>
<Cov CovItemId="S22" Value="1"/>
<Cov CovItemId="S23" Value="1"/>
<Cov CovItemId="S24" Value="1"/>
<Cov CovItemId="S25" Value="1"/>
<Cov CovItemId="S26" Value="1"/>
<Cov CovItemId="S27" Value="1"/>
<Cov CovItemId="S28" Value="1"/>
<Cov CovItemId="S29" Value="1"/>
<Cov CovItemId="S3" Value="1"/>
<Cov CovItemId="S30" Value="1"/>
<Cov CovItemId="S31" Value="1"/>
<Cov CovItemId="S32" Value="1"/>
<Cov CovItemId="S33" Value="1"/>
<Cov CovItemId="S34" Value="1"/>
<Cov CovItemId="S35" Value="1"/>
<Cov CovItemId="S36" Value="1"/>
<Cov CovItemId="S37" Value="1"/>
<Cov CovItemId="S38" Value="1"/>
<Cov CovItemId="S39" Value="1"/>
<Cov CovItemId="S4" Value="1"/>
<Cov CovItemId="S40" Value="1"/>
<Cov CovItemId="S41" Value="1"/>
<Cov CovItemId="S42" Value="1"/>
<Cov CovItemId="S43" Value="1"/>
<Cov CovItemId="S44" Value="18"/>
<Cov CovItemId="S45" Value="18"/>
<Cov CovItemId="S46" Value="18"/>
<Cov CovItemId="S47" Value="18"/>
<Cov CovItemId="S48" Value="57"/>
<Cov CovItemId="S49" Value="57"/>
<Cov CovItemId="S5" Value="1"/>
<Cov CovItemId="S50" Value="7"/>
<Cov CovItemId="S51" Value="50"/>
<Cov CovItemId="S53" Value="18"/>
<Cov CovItemId="S54" Value="10"/>
<Cov CovItemId="S55" Value="4"/>
<Cov CovItemId="S56" Value="6"/>
<Cov CovItemId="S58" Value="6"/>
<Cov CovItemId="S6" Value="1"/>
<Cov CovItemId="S60" Value="6"/>
<Cov CovItemId="S62" Value="6"/>
<Cov CovItemId="S63" Value="5"/>
<Cov CovItemId="S64" Value="1"/>
<Cov CovItemId="S65" Value="1"/>
<Cov CovItemId="S69" Value="43"/>
<Cov CovItemId="S7" Value="1"/>
<Cov CovItemId="S70" Value="43"/>
<Cov CovItemId="S71" Value="106"/>
<Cov CovItemId="S72" Value="40"/>
<Cov CovItemId="S73" Value="40"/>
<Cov CovItemId="S74" Value="10"/>
<Cov CovItemId="S75" Value="66"/>
<Cov CovItemId="S76" Value="66"/>
<Cov CovItemId="S8" Value="1"/>
<Cov CovItemId="S80" Value="43"/>
<Cov CovItemId="S81" Value="6"/>
<Cov CovItemId="S82" Value="6"/>
<Cov CovItemId="S83" Value="5"/>
<Cov CovItemId="S84" Value="18"/>
<Cov CovItemId="S85" Value="18"/>
<Cov CovItemId="S86" Value="18"/>
<Cov CovItemId="S87" Value="58"/>
<Cov CovItemId="S88" Value="58"/>
<Cov CovItemId="S89" Value="15"/>
<Cov CovItemId="S9" Value="1"/>
<Cov CovItemId="S90" Value="43"/>
<Cov CovItemId="S91" Value="3"/>
<Cov CovItemId="S92" Value="43"/>
<Cov CovItemId="S93" Value="14"/>
<Cov CovItemId="S94" Value="14"/>
<Cov CovItemId="S95" Value="14"/>
<Cov CovItemId="S96" Value="42"/>
<Cov CovItemId="S97" Value="42"/>
<Cov CovItemId="S98" Value="3"/>
</CovPrefix>
</CovList>
<AssgnmntList>
<AssgnmntPrefix RootTermCovItemPrefix="com.aconex.coding.challenge.NumberToAlphaConverter.java">
<AssgnmntListEntry Length="1" RootTermCovItemId="C1">
<MapEntry BoolAssgnmnt="0" Value="18"/>
<MapEntry BoolAssgnmnt="1" Value="57"/>
</AssgnmntListEntry>
<AssgnmntListEntry Length="1" RootTermCovItemId="C11">
<MapEntry BoolAssgnmnt="0" Value="43"/>
<MapEntry BoolAssgnmnt="1" Value="106"/>
</AssgnmntListEntry>
<AssgnmntListEntry Length="1" RootTermCovItemId="C12">
<MapEntry BoolAssgnmnt="0" Value="66"/>
<MapEntry BoolAssgnmnt="1" Value="40"/>
</AssgnmntListEntry>
<AssgnmntListEntry Length="1" RootTermCovItemId="C13">
<MapEntry BoolAssgnmnt="0" Value="30"/>
<MapEntry BoolAssgnmnt="1" Value="10"/>
</AssgnmntListEntry>
<AssgnmntListEntry Length="1" RootTermCovItemId="C14">
<MapEntry BoolAssgnmnt="0" Value="66"/>
</AssgnmntListEntry>
<AssgnmntListEntry Length="1" RootTermCovItemId="C16">
<MapEntry BoolAssgnmnt="0" Value="1"/>
<MapEntry BoolAssgnmnt="1" Value="5"/>
</AssgnmntListEntry>
<AssgnmntListEntry Length="1" RootTermCovItemId="C17">
<MapEntry BoolAssgnmnt="0" Value="43"/>
<MapEntry BoolAssgnmnt="1" Value="15"/>
</AssgnmntListEntry>
<AssgnmntListEntry Length="2" RootTermCovItemId="C18">
<MapEntry BoolAssgnmnt="02" Value="40"/>
<MapEntry BoolAssgnmnt="11" Value="3"/>
</AssgnmntListEntry>
<AssgnmntListEntry Length="1" RootTermCovItemId="C19">
<MapEntry BoolAssgnmnt="0" Value="29"/>
<MapEntry BoolAssgnmnt="1" Value="14"/>
</AssgnmntListEntry>
<AssgnmntListEntry Length="2" RootTermCovItemId="C2">
<MapEntry BoolAssgnmnt="10" Value="50"/>
<MapEntry BoolAssgnmnt="11" Value="7"/>
</AssgnmntListEntry>
<AssgnmntListEntry Length="1" RootTermCovItemId="C20">
<MapEntry BoolAssgnmnt="1" Value="14"/>
</AssgnmntListEntry>
<AssgnmntListEntry Length="1" RootTermCovItemId="C21">
<MapEntry BoolAssgnmnt="0" Value="39"/>
<MapEntry BoolAssgnmnt="1" Value="3"/>
</AssgnmntListEntry>
<AssgnmntListEntry Length="1" RootTermCovItemId="C22">
<MapEntry BoolAssgnmnt="0" Value="3"/>
</AssgnmntListEntry>
<AssgnmntListEntry Length="1" RootTermCovItemId="C23">
<MapEntry BoolAssgnmnt="0" Value="33"/>
<MapEntry BoolAssgnmnt="1" Value="10"/>
</AssgnmntListEntry>
<AssgnmntListEntry Length="3" RootTermCovItemId="C24">
<MapEntry BoolAssgnmnt="110" Value="5"/>
<MapEntry BoolAssgnmnt="111" Value="5"/>
</AssgnmntListEntry>
<AssgnmntListEntry Length="1" RootTermCovItemId="C25">
<MapEntry BoolAssgnmnt="1" Value="5"/>
</AssgnmntListEntry>
<AssgnmntListEntry Length="1" RootTermCovItemId="C26">
<MapEntry BoolAssgnmnt="1" Value="1"/>
</AssgnmntListEntry>
<AssgnmntListEntry Length="1" RootTermCovItemId="C27">
<MapEntry BoolAssgnmnt="0" Value="1"/>
<MapEntry BoolAssgnmnt="1" Value="6"/>
</AssgnmntListEntry>
<AssgnmntListEntry Length="1" RootTermCovItemId="C28">
<MapEntry BoolAssgnmnt="1" Value="6"/>
</AssgnmntListEntry>
<AssgnmntListEntry Length="1" RootTermCovItemId="C29">
<MapEntry BoolAssgnmnt="0" Value="6"/>
</AssgnmntListEntry>
<AssgnmntListEntry Length="1" RootTermCovItemId="C3">
<MapEntry BoolAssgnmnt="0" Value="50"/>
</AssgnmntListEntry>
<AssgnmntListEntry Length="2" RootTermCovItemId="C4">
<MapEntry BoolAssgnmnt="10" Value="6"/>
<MapEntry BoolAssgnmnt="11" Value="4"/>
</AssgnmntListEntry>
<AssgnmntListEntry Length="2" RootTermCovItemId="C5">
<MapEntry BoolAssgnmnt="10" Value="6"/>
</AssgnmntListEntry>
<AssgnmntListEntry Length="2" RootTermCovItemId="C6">
<MapEntry BoolAssgnmnt="10" Value="6"/>
</AssgnmntListEntry>
<AssgnmntListEntry Length="2" RootTermCovItemId="C7">
<MapEntry BoolAssgnmnt="10" Value="6"/>
</AssgnmntListEntry>
<AssgnmntListEntry Length="2" RootTermCovItemId="C8">
<MapEntry BoolAssgnmnt="10" Value="1"/>
<MapEntry BoolAssgnmnt="11" Value="5"/>
</AssgnmntListEntry>
<AssgnmntListEntry Length="2" RootTermCovItemId="C9">
<MapEntry BoolAssgnmnt="11" Value="1"/>
</AssgnmntListEntry>
</AssgnmntPrefix>
</AssgnmntList>
<ObjMetaDataList/>
<MetaDataList/>
</TestCase>
<TestCase Comment="" Date="1421694264609" Name="com.aconex.test.TestAconex:testsSingleStringResultWithMultipleDictionaryWordAndNumbersAtEndsAndInBetween">
<CovList>
<CovPrefix CovItemPrefix="com.aconex.coding.challenge.NumberToAlphaConverter.java">
<Cov CovItemId="B1" Value="36"/>
<Cov CovItemId="B10" Value="10"/>
<Cov CovItemId="B11" Value="8"/>
<Cov CovItemId="B12" Value="2"/>
<Cov CovItemId="B14" Value="2"/>
<Cov CovItemId="B15" Value="2"/>
<Cov CovItemId="B19" Value="51"/>
<Cov CovItemId="B2" Value="139"/>
<Cov CovItemId="B20" Value="84"/>
<Cov CovItemId="B21" Value="12"/>
<Cov CovItemId="B22" Value="39"/>
<Cov CovItemId="B24" Value="84"/>
<Cov CovItemId="B27" Value="18"/>
<Cov CovItemId="B28" Value="1"/>
<Cov CovItemId="B29" Value="14"/>
<Cov CovItemId="B30" Value="56"/>
<Cov CovItemId="B31" Value="11"/>
<Cov CovItemId="B32" Value="45"/>
<Cov CovItemId="B33" Value="47"/>
<Cov CovItemId="B34" Value="9"/>
<Cov CovItemId="B35" Value="47"/>
<Cov CovItemId="B38" Value="157"/>
<Cov CovItemId="B4" Value="139"/>
<Cov CovItemId="B41" Value="12"/>
<Cov CovItemId="B42" Value="44"/>
<Cov CovItemId="B43" Value="6"/>
<Cov CovItemId="B44" Value="6"/>
<Cov CovItemId="B45" Value="6"/>
<Cov CovItemId="B47" Value="1"/>
<Cov CovItemId="B49" Value="1"/>
<Cov CovItemId="B5" Value="2"/>
<Cov CovItemId="B50" Value="19"/>
<Cov CovItemId="B51" Value="7"/>
<Cov CovItemId="B53" Value="19"/>
<Cov CovItemId="B6" Value="10"/>
<Cov CovItemId="B8" Value="10"/>
<Cov CovItemId="L1-1" Value="3"/>
<Cov CovItemId="L1-2" Value="18"/>
<Cov CovItemId="L2-0" Value="5"/>
<Cov CovItemId="L2-1" Value="20"/>
<Cov CovItemId="L2-2" Value="31"/>
<Cov CovItemId="L3-1" Value="16"/>
<Cov CovItemId="L3-2" Value="2"/>
<Cov CovItemId="L4-2" Value="21"/>
<Cov CovItemId="L5-2" Value="47"/>
<Cov CovItemId="L6-1" Value="12"/>
<Cov CovItemId="L7-2" Value="1"/>
<Cov CovItemId="L8-2" Value="1"/>
<Cov CovItemId="S101" Value="56"/>
<Cov CovItemId="S102" Value="56"/>
<Cov CovItemId="S103" Value="12"/>
<Cov CovItemId="S104" Value="12"/>
<Cov CovItemId="S105" Value="12"/>
<Cov CovItemId="S106" Value="6"/>
<Cov CovItemId="S107" Value="6"/>
<Cov CovItemId="S109" Value="1"/>
<Cov CovItemId="S110" Value="1"/>
<Cov CovItemId="S111" Value="3"/>
<Cov CovItemId="S112" Value="19"/>
<Cov CovItemId="S113" Value="1"/>
<Cov CovItemId="S114" Value="1"/>
<Cov CovItemId="S115" Value="1"/>
<Cov CovItemId="S116" Value="1"/>
<Cov CovItemId="S117" Value="26"/>
<Cov CovItemId="S118" Value="26"/>
<Cov CovItemId="S119" Value="19"/>
<Cov CovItemId="S120" Value="19"/>
<Cov CovItemId="S121" Value="19"/>
<Cov CovItemId="S123" Value="19"/>
<Cov CovItemId="S125" Value="1"/>
<Cov CovItemId="S44" Value="21"/>
<Cov CovItemId="S45" Value="21"/>
<Cov CovItemId="S46" Value="21"/>
<Cov CovItemId="S47" Value="21"/>
<Cov CovItemId="S48" Value="175"/>
<Cov CovItemId="S49" Value="175"/>
<Cov CovItemId="S50" Value="36"/>
<Cov CovItemId="S51" Value="139"/>
<Cov CovItemId="S53" Value="21"/>
<Cov CovItemId="S54" Value="12"/>
<Cov CovItemId="S55" Value="2"/>
<Cov CovItemId="S56" Value="10"/>
<Cov CovItemId="S58" Value="10"/>
<Cov CovItemId="S60" Value="10"/>
<Cov CovItemId="S61" Value="8"/>
<Cov CovItemId="S62" Value="2"/>
<Cov CovItemId="S64" Value="2"/>
<Cov CovItemId="S65" Value="2"/>
<Cov CovItemId="S69" Value="56"/>
<Cov CovItemId="S70" Value="56"/>
<Cov CovItemId="S71" Value="135"/>
<Cov CovItemId="S72" Value="51"/>
<Cov CovItemId="S73" Value="51"/>
<Cov CovItemId="S74" Value="12"/>
<Cov CovItemId="S75" Value="84"/>
<Cov CovItemId="S76" Value="84"/>
<Cov CovItemId="S80" Value="56"/>
<Cov CovItemId="S81" Value="19"/>
<Cov CovItemId="S82" Value="19"/>
<Cov CovItemId="S83" Value="18"/>
<Cov CovItemId="S84" Value="21"/>
<Cov CovItemId="S85" Value="21"/>
<Cov CovItemId="S86" Value="21"/>
<Cov CovItemId="S87" Value="70"/>
<Cov CovItemId="S88" Value="70"/>
<Cov CovItemId="S89" Value="14"/>
<Cov CovItemId="S90" Value="56"/>
<Cov CovItemId="S91" Value="11"/>
<Cov CovItemId="S92" Value="56"/>
<Cov CovItemId="S93" Value="47"/>
<Cov CovItemId="S94" Value="47"/>
<Cov CovItemId="S95" Value="47"/>
<Cov CovItemId="S96" Value="157"/>
<Cov CovItemId="S97" Value="157"/>
</CovPrefix>
</CovList>
<AssgnmntList>
<AssgnmntPrefix RootTermCovItemPrefix="com.aconex.coding.challenge.NumberToAlphaConverter.java">
<AssgnmntListEntry Length="1" RootTermCovItemId="C1">
<MapEntry BoolAssgnmnt="0" Value="21"/>
<MapEntry BoolAssgnmnt="1" Value="175"/>
</AssgnmntListEntry>
<AssgnmntListEntry Length="1" RootTermCovItemId="C11">
<MapEntry BoolAssgnmnt="0" Value="56"/>
<MapEntry BoolAssgnmnt="1" Value="135"/>
</AssgnmntListEntry>
<AssgnmntListEntry Length="1" RootTermCovItemId="C12">
<MapEntry BoolAssgnmnt="0" Value="84"/>
<MapEntry BoolAssgnmnt="1" Value="51"/>
</AssgnmntListEntry>
<AssgnmntListEntry Length="1" RootTermCovItemId="C13">
<MapEntry BoolAssgnmnt="0" Value="39"/>
<MapEntry BoolAssgnmnt="1" Value="12"/>
</AssgnmntListEntry>
<AssgnmntListEntry Length="1" RootTermCovItemId="C14">
<MapEntry BoolAssgnmnt="0" Value="84"/>
</AssgnmntListEntry>
<AssgnmntListEntry Length="1" RootTermCovItemId="C16">
<MapEntry BoolAssgnmnt="0" Value="1"/>
<MapEntry BoolAssgnmnt="1" Value="18"/>
</AssgnmntListEntry>
<AssgnmntListEntry Length="1" RootTermCovItemId="C17">
<MapEntry BoolAssgnmnt="0" Value="56"/>
<MapEntry BoolAssgnmnt="1" Value="14"/>
</AssgnmntListEntry>
<AssgnmntListEntry Length="2" RootTermCovItemId="C18">
<MapEntry BoolAssgnmnt="02" Value="45"/>
<MapEntry BoolAssgnmnt="11" Value="11"/>
</AssgnmntListEntry>
<AssgnmntListEntry Length="1" RootTermCovItemId="C19">
<MapEntry BoolAssgnmnt="0" Value="9"/>
<MapEntry BoolAssgnmnt="1" Value="47"/>
</AssgnmntListEntry>
<AssgnmntListEntry Length="2" RootTermCovItemId="C2">
<MapEntry BoolAssgnmnt="10" Value="139"/>
<MapEntry BoolAssgnmnt="11" Value="36"/>
</AssgnmntListEntry>
<AssgnmntListEntry Length="1" RootTermCovItemId="C20">
<MapEntry BoolAssgnmnt="1" Value="47"/>
</AssgnmntListEntry>
<AssgnmntListEntry Length="1" RootTermCovItemId="C21">
<MapEntry BoolAssgnmnt="0" Value="157"/>
</AssgnmntListEntry>
<AssgnmntListEntry Length="1" RootTermCovItemId="C23">
<MapEntry BoolAssgnmnt="0" Value="44"/>
<MapEntry BoolAssgnmnt="1" Value="12"/>
</AssgnmntListEntry>
<AssgnmntListEntry Length="3" RootTermCovItemId="C24">
<MapEntry BoolAssgnmnt="110" Value="6"/>
<MapEntry BoolAssgnmnt="111" Value="6"/>
</AssgnmntListEntry>
<AssgnmntListEntry Length="1" RootTermCovItemId="C25">
<MapEntry BoolAssgnmnt="1" Value="6"/>
</AssgnmntListEntry>
<AssgnmntListEntry Length="1" RootTermCovItemId="C26">
<MapEntry BoolAssgnmnt="1" Value="1"/>
</AssgnmntListEntry>
<AssgnmntListEntry Length="1" RootTermCovItemId="C27">
<MapEntry BoolAssgnmnt="0" Value="1"/>
<MapEntry BoolAssgnmnt="1" Value="26"/>
</AssgnmntListEntry>
<AssgnmntListEntry Length="1" RootTermCovItemId="C28">
<MapEntry BoolAssgnmnt="0" Value="7"/>
<MapEntry BoolAssgnmnt="1" Value="19"/>
</AssgnmntListEntry>
<AssgnmntListEntry Length="1" RootTermCovItemId="C29">
<MapEntry BoolAssgnmnt="0" Value="19"/>
</AssgnmntListEntry>
<AssgnmntListEntry Length="1" RootTermCovItemId="C3">
<MapEntry BoolAssgnmnt="0" Value="139"/>
</AssgnmntListEntry>
<AssgnmntListEntry Length="2" RootTermCovItemId="C4">
<MapEntry BoolAssgnmnt="10" Value="10"/>
<MapEntry BoolAssgnmnt="11" Value="2"/>
</AssgnmntListEntry>
<AssgnmntListEntry Length="2" RootTermCovItemId="C5">
<MapEntry BoolAssgnmnt="10" Value="10"/>
</AssgnmntListEntry>
<AssgnmntListEntry Length="2" RootTermCovItemId="C6">
<MapEntry BoolAssgnmnt="10" Value="10"/>
</AssgnmntListEntry>
<AssgnmntListEntry Length="2" RootTermCovItemId="C7">
<MapEntry BoolAssgnmnt="10" Value="2"/>
<MapEntry BoolAssgnmnt="11" Value="8"/>
</AssgnmntListEntry>
<AssgnmntListEntry Length="2" RootTermCovItemId="C8">
<MapEntry BoolAssgnmnt="10" Value="2"/>
</AssgnmntListEntry>
<AssgnmntListEntry Length="2" RootTermCovItemId="C9">
<MapEntry BoolAssgnmnt="11" Value="2"/>
</AssgnmntListEntry>
</AssgnmntPrefix>
</AssgnmntList>
<ObjMetaDataList/>
<MetaDataList/>
</TestCase>
<TestCase Comment="" Date="1421694264615" Name="com.aconex.test.TestAconex:testsResultWithMultipleDictionaryWordAndNumbersConsecutiveInResult">
<CovList>
<CovPrefix CovItemPrefix="com.aconex.coding.challenge.NumberToAlphaConverter.java">
<Cov CovItemId="B1" Value="28"/>
<Cov CovItemId="B10" Value="12"/>
<Cov CovItemId="B11" Value="12"/>
<Cov CovItemId="B19" Value="70"/>
<Cov CovItemId="B2" Value="86"/>
<Cov CovItemId="B20" Value="54"/>
<Cov CovItemId="B21" Value="20"/>
<Cov CovItemId="B22" Value="50"/>
<Cov CovItemId="B24" Value="54"/>
<Cov CovItemId="B27" Value="18"/>
<Cov CovItemId="B28" Value="2"/>
<Cov CovItemId="B29" Value="14"/>
<Cov CovItemId="B30" Value="72"/>
<Cov CovItemId="B31" Value="6"/>
<Cov CovItemId="B32" Value="66"/>
<Cov CovItemId="B33" Value="54"/>
<Cov CovItemId="B34" Value="18"/>
<Cov CovItemId="B35" Value="54"/>
<Cov CovItemId="B38" Value="162"/>
<Cov CovItemId="B4" Value="86"/>
<Cov CovItemId="B41" Value="20"/>
<Cov CovItemId="B42" Value="52"/>
<Cov CovItemId="B43" Value="12"/>
<Cov CovItemId="B44" Value="8"/>
<Cov CovItemId="B45" Value="12"/>
<Cov CovItemId="B47" Value="2"/>
<Cov CovItemId="B49" Value="2"/>
<Cov CovItemId="B5" Value="8"/>
<Cov CovItemId="B50" Value="20"/>
<Cov CovItemId="B51" Value="4"/>
<Cov CovItemId="B52" Value="2"/>
<Cov CovItemId="B53" Value="18"/>
<Cov CovItemId="B6" Value="12"/>
<Cov CovItemId="B8" Value="12"/>
<Cov CovItemId="L1-1" Value="6"/>
<Cov CovItemId="L1-2" Value="20"/>
<Cov CovItemId="L2-0" Value="2"/>
<Cov CovItemId="L2-1" Value="46"/>
<Cov CovItemId="L2-2" Value="24"/>
<Cov CovItemId="L3-1" Value="12"/>
<Cov CovItemId="L3-2" Value="6"/>
<Cov CovItemId="L4-2" Value="26"/>
<Cov CovItemId="L5-2" Value="54"/>
<Cov CovItemId="L6-1" Value="20"/>
<Cov CovItemId="L7-2" Value="2"/>
<Cov CovItemId="L8-2" Value="2"/>
<Cov CovItemId="S101" Value="72"/>
<Cov CovItemId="S102" Value="72"/>
<Cov CovItemId="S103" Value="20"/>
<Cov CovItemId="S104" Value="20"/>
<Cov CovItemId="S105" Value="20"/>
<Cov CovItemId="S106" Value="12"/>
<Cov CovItemId="S107" Value="12"/>
<Cov CovItemId="S109" Value="2"/>
<Cov CovItemId="S110" Value="2"/>
<Cov CovItemId="S111" Value="6"/>
<Cov CovItemId="S112" Value="20"/>
<Cov CovItemId="S113" Value="2"/>
<Cov CovItemId="S114" Value="2"/>
<Cov CovItemId="S115" Value="2"/>
<Cov CovItemId="S116" Value="2"/>
<Cov CovItemId="S117" Value="24"/>
<Cov CovItemId="S118" Value="24"/>
<Cov CovItemId="S119" Value="20"/>
<Cov CovItemId="S120" Value="20"/>
<Cov CovItemId="S121" Value="20"/>
<Cov CovItemId="S122" Value="2"/>
<Cov CovItemId="S123" Value="18"/>
<Cov CovItemId="S125" Value="2"/>
<Cov CovItemId="S44" Value="26"/>
<Cov CovItemId="S45" Value="26"/>
<Cov CovItemId="S46" Value="26"/>
<Cov CovItemId="S47" Value="26"/>
<Cov CovItemId="S48" Value="114"/>
<Cov CovItemId="S49" Value="114"/>
<Cov CovItemId="S50" Value="28"/>
<Cov CovItemId="S51" Value="86"/>
<Cov CovItemId="S53" Value="26"/>
<Cov CovItemId="S54" Value="20"/>
<Cov CovItemId="S55" Value="8"/>
<Cov CovItemId="S56" Value="12"/>
<Cov CovItemId="S58" Value="12"/>
<Cov CovItemId="S60" Value="12"/>
<Cov CovItemId="S61" Value="12"/>
<Cov CovItemId="S69" Value="72"/>
<Cov CovItemId="S70" Value="72"/>
<Cov CovItemId="S71" Value="124"/>
<Cov CovItemId="S72" Value="70"/>
<Cov CovItemId="S73" Value="70"/>
<Cov CovItemId="S74" Value="20"/>
<Cov CovItemId="S75" Value="54"/>
<Cov CovItemId="S76" Value="54"/>
<Cov CovItemId="S80" Value="72"/>
<Cov CovItemId="S81" Value="20"/>
<Cov CovItemId="S82" Value="20"/>
<Cov CovItemId="S83" Value="18"/>
<Cov CovItemId="S84" Value="26"/>
<Cov CovItemId="S85" Value="26"/>
<Cov CovItemId="S86" Value="26"/>
<Cov CovItemId="S87" Value="86"/>
<Cov CovItemId="S88" Value="86"/>
<Cov CovItemId="S89" Value="14"/>
<Cov CovItemId="S90" Value="72"/>
<Cov CovItemId="S91" Value="6"/>
<Cov CovItemId="S92" Value="72"/>
<Cov CovItemId="S93" Value="54"/>
<Cov CovItemId="S94" Value="54"/>
<Cov CovItemId="S95" Value="54"/>
<Cov CovItemId="S96" Value="162"/>
<Cov CovItemId="S97" Value="162"/>
</CovPrefix>
</CovList>
<AssgnmntList>
<AssgnmntPrefix RootTermCovItemPrefix="com.aconex.coding.challenge.NumberToAlphaConverter.java">
<AssgnmntListEntry Length="1" RootTermCovItemId="C1">
<MapEntry BoolAssgnmnt="0" Value="26"/>
<MapEntry BoolAssgnmnt="1" Value="114"/>
</AssgnmntListEntry>
<AssgnmntListEntry Length="1" RootTermCovItemId="C11">
<MapEntry BoolAssgnmnt="0" Value="72"/>
<MapEntry BoolAssgnmnt="1" Value="124"/>
</AssgnmntListEntry>
<AssgnmntListEntry Length="1" RootTermCovItemId="C12">
<MapEntry BoolAssgnmnt="0" Value="54"/>
<MapEntry BoolAssgnmnt="1" Value="70"/>
</AssgnmntListEntry>
<AssgnmntListEntry Length="1" RootTermCovItemId="C13">
<MapEntry BoolAssgnmnt="0" Value="50"/>
<MapEntry BoolAssgnmnt="1" Value="20"/>
</AssgnmntListEntry>
<AssgnmntListEntry Length="1" RootTermCovItemId="C14">
<MapEntry BoolAssgnmnt="0" Value="54"/>
</AssgnmntListEntry>
<AssgnmntListEntry Length="1" RootTermCovItemId="C16">
<MapEntry BoolAssgnmnt="0" Value="2"/>
<MapEntry BoolAssgnmnt="1" Value="18"/>
</AssgnmntListEntry>
<AssgnmntListEntry Length="1" RootTermCovItemId="C17">
<MapEntry BoolAssgnmnt="0" Value="72"/>
<MapEntry BoolAssgnmnt="1" Value="14"/>
</AssgnmntListEntry>
<AssgnmntListEntry Length="2" RootTermCovItemId="C18">
<MapEntry BoolAssgnmnt="02" Value="66"/>
<MapEntry BoolAssgnmnt="11" Value="6"/>
</AssgnmntListEntry>
<AssgnmntListEntry Length="1" RootTermCovItemId="C19">
<MapEntry BoolAssgnmnt="0" Value="18"/>
<MapEntry BoolAssgnmnt="1" Value="54"/>
</AssgnmntListEntry>
<AssgnmntListEntry Length="2" RootTermCovItemId="C2">
<MapEntry BoolAssgnmnt="10" Value="86"/>
<MapEntry BoolAssgnmnt="11" Value="28"/>
</AssgnmntListEntry>
<AssgnmntListEntry Length="1" RootTermCovItemId="C20">
<MapEntry BoolAssgnmnt="1" Value="54"/>
</AssgnmntListEntry>
<AssgnmntListEntry Length="1" RootTermCovItemId="C21">
<MapEntry BoolAssgnmnt="0" Value="162"/>
</AssgnmntListEntry>
<AssgnmntListEntry Length="1" RootTermCovItemId="C23">
<MapEntry BoolAssgnmnt="0" Value="52"/>
<MapEntry BoolAssgnmnt="1" Value="20"/>
</AssgnmntListEntry>
<AssgnmntListEntry Length="3" RootTermCovItemId="C24">
<MapEntry BoolAssgnmnt="110" Value="8"/>
<MapEntry BoolAssgnmnt="111" Value="12"/>
</AssgnmntListEntry>
<AssgnmntListEntry Length="1" RootTermCovItemId="C25">
<MapEntry BoolAssgnmnt="1" Value="12"/>
</AssgnmntListEntry>
<AssgnmntListEntry Length="1" RootTermCovItemId="C26">
<MapEntry BoolAssgnmnt="1" Value="2"/>
</AssgnmntListEntry>
<AssgnmntListEntry Length="1" RootTermCovItemId="C27">
<MapEntry BoolAssgnmnt="1" Value="24"/>
</AssgnmntListEntry>
<AssgnmntListEntry Length="1" RootTermCovItemId="C28">
<MapEntry BoolAssgnmnt="0" Value="4"/>
<MapEntry BoolAssgnmnt="1" Value="20"/>
</AssgnmntListEntry>
<AssgnmntListEntry Length="1" RootTermCovItemId="C29">
<MapEntry BoolAssgnmnt="0" Value="18"/>
<MapEntry BoolAssgnmnt="1" Value="2"/>
</AssgnmntListEntry>
<AssgnmntListEntry Length="1" RootTermCovItemId="C3">
<MapEntry BoolAssgnmnt="0" Value="86"/>
</AssgnmntListEntry>
<AssgnmntListEntry Length="2" RootTermCovItemId="C4">
<MapEntry BoolAssgnmnt="10" Value="12"/>
<MapEntry BoolAssgnmnt="11" Value="8"/>
</AssgnmntListEntry>
<AssgnmntListEntry Length="2" RootTermCovItemId="C5">
<MapEntry BoolAssgnmnt="10" Value="12"/>
</AssgnmntListEntry>
<AssgnmntListEntry Length="2" RootTermCovItemId="C6">
<MapEntry BoolAssgnmnt="10" Value="12"/>
</AssgnmntListEntry>
<AssgnmntListEntry Length="2" RootTermCovItemId="C7">
<MapEntry BoolAssgnmnt="11" Value="12"/>
</AssgnmntListEntry>
</AssgnmntPrefix>
</AssgnmntList>
<ObjMetaDataList/>
<MetaDataList/>
</TestCase>
<TestCase Comment="" Date="1421694264621" Name="com.aconex.test.TestAconex:testsSingleStringResultWithMultipleDictionaryWord">
<CovList>
<CovPrefix CovItemPrefix="com.aconex.coding.challenge.NumberToAlphaConverter.java">
<Cov CovItemId="B1" Value="5"/>
<Cov CovItemId="B10" Value="9"/>
<Cov CovItemId="B12" Value="9"/>
<Cov CovItemId="B13" Value="2"/>
<Cov CovItemId="B14" Value="7"/>
<Cov CovItemId="B15" Value="7"/>
<Cov CovItemId="B19" Value="44"/>
<Cov CovItemId="B2" Value="76"/>
<Cov CovItemId="B20" Value="51"/>
<Cov CovItemId="B21" Value="13"/>
<Cov CovItemId="B22" Value="31"/>
<Cov CovItemId="B24" Value="51"/>
<Cov CovItemId="B27" Value="10"/>
<Cov CovItemId="B28" Value="1"/>
<Cov CovItemId="B29" Value="10"/>
<Cov CovItemId="B3" Value="3"/>
<Cov CovItemId="B30" Value="45"/>
<Cov CovItemId="B31" Value="3"/>
<Cov CovItemId="B32" Value="42"/>
<Cov CovItemId="B33" Value="23"/>
<Cov CovItemId="B34" Value="22"/>
<Cov CovItemId="B35" Value="15"/>
<Cov CovItemId="B36" Value="8"/>
<Cov CovItemId="B37" Value="2"/>
<Cov CovItemId="B38" Value="49"/>
<Cov CovItemId="B39" Value="1"/>
<Cov CovItemId="B4" Value="73"/>
<Cov CovItemId="B40" Value="1"/>
<Cov CovItemId="B41" Value="13"/>
<Cov CovItemId="B42" Value="32"/>
<Cov CovItemId="B43" Value="7"/>
<Cov CovItemId="B44" Value="6"/>
<Cov CovItemId="B45" Value="7"/>
<Cov CovItemId="B47" Value="1"/>
<Cov CovItemId="B49" Value="1"/>
<Cov CovItemId="B5" Value="4"/>
<Cov CovItemId="B50" Value="11"/>
<Cov CovItemId="B51" Value="5"/>
<Cov CovItemId="B53" Value="11"/>
<Cov CovItemId="B6" Value="9"/>
<Cov CovItemId="B8" Value="9"/>
<Cov CovItemId="L1-1" Value="4"/>
<Cov CovItemId="L1-2" Value="13"/>
<Cov CovItemId="L2-0" Value="1"/>
<Cov CovItemId="L2-1" Value="25"/>
<Cov CovItemId="L2-2" Value="19"/>
<Cov CovItemId="L3-1" Value="7"/>
<Cov CovItemId="L3-2" Value="3"/>
<Cov CovItemId="L4-2" Value="17"/>
<Cov CovItemId="L5-2" Value="15"/>
<Cov CovItemId="L6-1" Value="13"/>
<Cov CovItemId="L7-2" Value="1"/>
<Cov CovItemId="L8-2" Value="1"/>
<Cov CovItemId="S100" Value="1"/>
<Cov CovItemId="S101" Value="45"/>
<Cov CovItemId="S102" Value="45"/>
<Cov CovItemId="S103" Value="13"/>
<Cov CovItemId="S104" Value="13"/>
<Cov CovItemId="S105" Value="13"/>
<Cov CovItemId="S106" Value="7"/>
<Cov CovItemId="S107" Value="7"/>
<Cov CovItemId="S109" Value="1"/>
<Cov CovItemId="S110" Value="1"/>
<Cov CovItemId="S111" Value="4"/>
<Cov CovItemId="S112" Value="11"/>
<Cov CovItemId="S113" Value="1"/>
<Cov CovItemId="S114" Value="1"/>
<Cov CovItemId="S115" Value="1"/>
<Cov CovItemId="S116" Value="1"/>
<Cov CovItemId="S117" Value="16"/>
<Cov CovItemId="S118" Value="16"/>
<Cov CovItemId="S119" Value="11"/>
<Cov CovItemId="S120" Value="11"/>
<Cov CovItemId="S121" Value="11"/>
<Cov CovItemId="S123" Value="11"/>
<Cov CovItemId="S125" Value="1"/>
<Cov CovItemId="S44" Value="17"/>
<Cov CovItemId="S45" Value="17"/>
<Cov CovItemId="S46" Value="17"/>
<Cov CovItemId="S47" Value="17"/>
<Cov CovItemId="S48" Value="81"/>
<Cov CovItemId="S49" Value="81"/>
<Cov CovItemId="S50" Value="5"/>
<Cov CovItemId="S51" Value="76"/>
<Cov CovItemId="S52" Value="3"/>
<Cov CovItemId="S53" Value="17"/>
<Cov CovItemId="S54" Value="13"/>
<Cov CovItemId="S55" Value="4"/>
<Cov CovItemId="S56" Value="9"/>
<Cov CovItemId="S58" Value="9"/>
<Cov CovItemId="S60" Value="9"/>
<Cov CovItemId="S62" Value="9"/>
<Cov CovItemId="S63" Value="2"/>
<Cov CovItemId="S64" Value="7"/>
<Cov CovItemId="S65" Value="7"/>
<Cov CovItemId="S69" Value="45"/>
<Cov CovItemId="S70" Value="45"/>
<Cov CovItemId="S71" Value="95"/>
<Cov CovItemId="S72" Value="44"/>
<Cov CovItemId="S73" Value="44"/>
<Cov CovItemId="S74" Value="13"/>
<Cov CovItemId="S75" Value="51"/>
<Cov CovItemId="S76" Value="51"/>
<Cov CovItemId="S80" Value="45"/>
<Cov CovItemId="S81" Value="11"/>
<Cov CovItemId="S82" Value="11"/>
<Cov CovItemId="S83" Value="10"/>
<Cov CovItemId="S84" Value="17"/>
<Cov CovItemId="S85" Value="17"/>
<Cov CovItemId="S86" Value="17"/>
<Cov CovItemId="S87" Value="55"/>
<Cov CovItemId="S88" Value="55"/>
<Cov CovItemId="S89" Value="10"/>
<Cov CovItemId="S90" Value="45"/>
<Cov CovItemId="S91" Value="3"/>
<Cov CovItemId="S92" Value="45"/>
<Cov CovItemId="S93" Value="23"/>
<Cov CovItemId="S94" Value="23"/>
<Cov CovItemId="S95" Value="15"/>
<Cov CovItemId="S96" Value="51"/>
<Cov CovItemId="S97" Value="51"/>
<Cov CovItemId="S98" Value="2"/>
<Cov CovItemId="S99" Value="1"/>
</CovPrefix>
</CovList>
<AssgnmntList>
<AssgnmntPrefix RootTermCovItemPrefix="com.aconex.coding.challenge.NumberToAlphaConverter.java">
<AssgnmntListEntry Length="1" RootTermCovItemId="C1">
<MapEntry BoolAssgnmnt="0" Value="17"/>
<MapEntry BoolAssgnmnt="1" Value="81"/>
</AssgnmntListEntry>
<AssgnmntListEntry Length="1" RootTermCovItemId="C11">
<MapEntry BoolAssgnmnt="0" Value="45"/>
<MapEntry BoolAssgnmnt="1" Value="95"/>
</AssgnmntListEntry>
<AssgnmntListEntry Length="1" RootTermCovItemId="C12">
<MapEntry BoolAssgnmnt="0" Value="51"/>
<MapEntry BoolAssgnmnt="1" Value="44"/>
</AssgnmntListEntry>
<AssgnmntListEntry Length="1" RootTermCovItemId="C13">
<MapEntry BoolAssgnmnt="0" Value="31"/>
<MapEntry BoolAssgnmnt="1" Value="13"/>
</AssgnmntListEntry>
<AssgnmntListEntry Length="1" RootTermCovItemId="C14">
<MapEntry BoolAssgnmnt="0" Value="51"/>
</AssgnmntListEntry>
<AssgnmntListEntry Length="1" RootTermCovItemId="C16">
<MapEntry BoolAssgnmnt="0" Value="1"/>
<MapEntry BoolAssgnmnt="1" Value="10"/>
</AssgnmntListEntry>
<AssgnmntListEntry Length="1" RootTermCovItemId="C17">
<MapEntry BoolAssgnmnt="0" Value="45"/>
<MapEntry BoolAssgnmnt="1" Value="10"/>
</AssgnmntListEntry>
<AssgnmntListEntry Length="2" RootTermCovItemId="C18">
<MapEntry BoolAssgnmnt="02" Value="42"/>
<MapEntry BoolAssgnmnt="11" Value="3"/>
</AssgnmntListEntry>
<AssgnmntListEntry Length="1" RootTermCovItemId="C19">
<MapEntry BoolAssgnmnt="0" Value="22"/>
<MapEntry BoolAssgnmnt="1" Value="23"/>
</AssgnmntListEntry>
<AssgnmntListEntry Length="2" RootTermCovItemId="C2">
<MapEntry BoolAssgnmnt="10" Value="73"/>
<MapEntry BoolAssgnmnt="02" Value="3"/>
<MapEntry BoolAssgnmnt="11" Value="5"/>
</AssgnmntListEntry>
<AssgnmntListEntry Length="1" RootTermCovItemId="C20">
<MapEntry BoolAssgnmnt="0" Value="8"/>
<MapEntry BoolAssgnmnt="1" Value="15"/>
</AssgnmntListEntry>
<AssgnmntListEntry Length="1" RootTermCovItemId="C21">
<MapEntry BoolAssgnmnt="0" Value="49"/>
<MapEntry BoolAssgnmnt="1" Value="2"/>
</AssgnmntListEntry>
<AssgnmntListEntry Length="1" RootTermCovItemId="C22">
<MapEntry BoolAssgnmnt="0" Value="1"/>
<MapEntry BoolAssgnmnt="1" Value="1"/>
</AssgnmntListEntry>
<AssgnmntListEntry Length="1" RootTermCovItemId="C23">
<MapEntry BoolAssgnmnt="0" Value="32"/>
<MapEntry BoolAssgnmnt="1" Value="13"/>
</AssgnmntListEntry>
<AssgnmntListEntry Length="3" RootTermCovItemId="C24">
<MapEntry BoolAssgnmnt="110" Value="6"/>
<MapEntry BoolAssgnmnt="111" Value="7"/>
</AssgnmntListEntry>
<AssgnmntListEntry Length="1" RootTermCovItemId="C25">
<MapEntry BoolAssgnmnt="1" Value="7"/>
</AssgnmntListEntry>
<AssgnmntListEntry Length="1" RootTermCovItemId="C26">
<MapEntry BoolAssgnmnt="1" Value="1"/>
</AssgnmntListEntry>
<AssgnmntListEntry Length="1" RootTermCovItemId="C27">
<MapEntry BoolAssgnmnt="0" Value="1"/>
<MapEntry BoolAssgnmnt="1" Value="16"/>
</AssgnmntListEntry>
<AssgnmntListEntry Length="1" RootTermCovItemId="C28">
<MapEntry BoolAssgnmnt="0" Value="5"/>
<MapEntry BoolAssgnmnt="1" Value="11"/>
</AssgnmntListEntry>
<AssgnmntListEntry Length="1" RootTermCovItemId="C29">
<MapEntry BoolAssgnmnt="0" Value="11"/>
</AssgnmntListEntry>
<AssgnmntListEntry Length="1" RootTermCovItemId="C3">
<MapEntry BoolAssgnmnt="0" Value="73"/>
<MapEntry BoolAssgnmnt="1" Value="3"/>
</AssgnmntListEntry>
<AssgnmntListEntry Length="2" RootTermCovItemId="C4">
<MapEntry BoolAssgnmnt="10" Value="9"/>
<MapEntry BoolAssgnmnt="11" Value="4"/>
</AssgnmntListEntry>
<AssgnmntListEntry Length="2" RootTermCovItemId="C5">
<MapEntry BoolAssgnmnt="10" Value="9"/>
</AssgnmntListEntry>
<AssgnmntListEntry Length="2" RootTermCovItemId="C6">
<MapEntry BoolAssgnmnt="10" Value="9"/>
</AssgnmntListEntry>
<AssgnmntListEntry Length="2" RootTermCovItemId="C7">
<MapEntry BoolAssgnmnt="10" Value="9"/>
</AssgnmntListEntry>
<AssgnmntListEntry Length="2" RootTermCovItemId="C8">
<MapEntry BoolAssgnmnt="10" Value="7"/>
<MapEntry BoolAssgnmnt="11" Value="2"/>
</AssgnmntListEntry>
<AssgnmntListEntry Length="2" RootTermCovItemId="C9">
<MapEntry BoolAssgnmnt="11" Value="7"/>
</AssgnmntListEntry>
</AssgnmntPrefix>
</AssgnmntList>
<ObjMetaDataList/>
<MetaDataList/>
</TestCase>
<TestCase Comment="Failure&#10;java.lang.AssertionError&#13;&#10;&#9;at org.junit.Assert.fail(Assert.java:92)&#13;&#10;&#9;at org.junit.Assert.assertTrue(Assert.java:43)&#13;&#10;&#9;at org.junit.Assert.assertFalse(Assert.java:68)&#13;&#10;&#9;at org.junit.Assert.assertFalse(Assert.java:79)&#13;&#10;&#9;at com.aconex.test.TestAconex.testsSingleStringResultWithMultipleDictionaryWordAndSingleNumbersAtLeftEnd(TestAconex.java:128)&#13;&#10;&#9;at sun.reflect.NativeMethodAccessorImpl.invoke0(Native Method)&#13;&#10;&#9;at sun.reflect.NativeMethodAccessorImpl.invoke(Unknown Source)&#13;&#10;&#9;at sun.reflect.DelegatingMethodAccessorImpl.invoke(Unknown Source)&#13;&#10;&#9;at java.lang.reflect.Method.invoke(Unknown Source)&#13;&#10;&#9;at org.junit.runners.model.FrameworkMethod$1.runReflectiveCall(FrameworkMethod.java:45)&#13;&#10;&#9;at org.junit.internal.runners.model.ReflectiveCallable.run(ReflectiveCallable.java:15)&#13;&#10;&#9;at org.junit.runners.model.FrameworkMethod.invokeExplosively(FrameworkMethod.java:42)&#13;&#10;&#9;at org.junit.internal.runners.statements.InvokeMethod.evaluate(InvokeMethod.java:20)&#13;&#10;&#9;at org.junit.internal.runners.statements.RunBefores.evaluate(RunBefores.java:28)&#13;&#10;&#9;at org.junit.runners.ParentRunner.runLeaf(ParentRunner.java:263)&#13;&#10;&#9;at org.junit.runners.BlockJUnit4ClassRunner.runChild(BlockJUnit4ClassRunner.java:68)&#13;&#10;&#9;at org.junit.runners.BlockJUnit4ClassRunner.runChild(BlockJUnit4ClassRunner.java:47)&#13;&#10;&#9;at org.junit.runners.ParentRunner$3.run(ParentRunner.java:231)&#13;&#10;&#9;at org.junit.runners.ParentRunner$1.schedule(ParentRunner.java:60)&#13;&#10;&#9;at org.junit.runners.ParentRunner.runChildren(ParentRunner.java:229)&#13;&#10;&#9;at org.junit.runners.ParentRunner.access$000(ParentRunner.java:50)&#13;&#10;&#9;at org.junit.runners.ParentRunner$2.evaluate(ParentRunner.java:222)&#13;&#10;&#9;at org.junit.runners.ParentRunner.run(ParentRunner.java:300)&#13;&#10;&#9;at org.eclipse.jdt.internal.junit4.runner.JUnit4TestReference.run(JUnit4TestReference.java:50)&#13;&#10;&#9;at org.eclipse.jdt.internal.junit.runner.TestExecution.run(TestExecution.java:38)&#13;&#10;&#9;at org.eclipse.jdt.internal.junit.runner.RemoteTestRunner.runTests(RemoteTestRunner.java:467)&#13;&#10;&#9;at org.eclipse.jdt.internal.junit.runner.RemoteTestRunner.runTests(RemoteTestRunner.java:683)&#13;&#10;&#9;at org.eclipse.jdt.internal.junit.runner.RemoteTestRunner.run(RemoteTestRunner.java:390)&#13;&#10;&#9;at org.codecover.juniteclipse.runner.EclipseTestRunner.main(EclipseTestRunner.java:40)" Date="1421694264626" Name="com.aconex.test.TestAconex:testsSingleStringResultWithMultipleDictionaryWordAndSingleNumbersAtLeftEnd">
<CovList>
<CovPrefix CovItemPrefix="com.aconex.coding.challenge.NumberToAlphaConverter.java">
<Cov CovItemId="B1" Value="16"/>
<Cov CovItemId="B10" Value="8"/>
<Cov CovItemId="B11" Value="6"/>
<Cov CovItemId="B12" Value="2"/>
<Cov CovItemId="B14" Value="2"/>
<Cov CovItemId="B15" Value="2"/>
<Cov CovItemId="B19" Value="33"/>
<Cov CovItemId="B2" Value="54"/>
<Cov CovItemId="B20" Value="36"/>
<Cov CovItemId="B21" Value="10"/>
<Cov CovItemId="B22" Value="23"/>
<Cov CovItemId="B24" Value="36"/>
<Cov CovItemId="B27" Value="11"/>
<Cov CovItemId="B28" Value="1"/>
<Cov CovItemId="B29" Value="9"/>
<Cov CovItemId="B30" Value="36"/>
<Cov CovItemId="B31" Value="3"/>
<Cov CovItemId="B32" Value="33"/>
<Cov CovItemId="B33" Value="27"/>
<Cov CovItemId="B34" Value="9"/>
<Cov CovItemId="B35" Value="27"/>
<Cov CovItemId="B38" Value="81"/>
<Cov CovItemId="B4" Value="54"/>
<Cov CovItemId="B41" Value="10"/>
<Cov CovItemId="B42" Value="26"/>
<Cov CovItemId="B43" Value="6"/>
<Cov CovItemId="B44" Value="4"/>
<Cov CovItemId="B45" Value="6"/>
<Cov CovItemId="B47" Value="1"/>
<Cov CovItemId="B49" Value="1"/>
<Cov CovItemId="B5" Value="2"/>
<Cov CovItemId="B50" Value="12"/>
<Cov CovItemId="B51" Value="2"/>
<Cov CovItemId="B53" Value="12"/>
<Cov CovItemId="B6" Value="8"/>
<Cov CovItemId="B8" Value="8"/>
<Cov CovItemId="L1-1" Value="3"/>
<Cov CovItemId="L1-2" Value="11"/>
<Cov CovItemId="L2-0" Value="3"/>
<Cov CovItemId="L2-1" Value="18"/>
<Cov CovItemId="L2-2" Value="15"/>
<Cov CovItemId="L3-1" Value="9"/>
<Cov CovItemId="L3-2" Value="2"/>
<Cov CovItemId="L4-2" Value="14"/>
<Cov CovItemId="L5-2" Value="27"/>
<Cov CovItemId="L6-1" Value="10"/>
<Cov CovItemId="L7-2" Value="1"/>
<Cov CovItemId="L8-2" Value="1"/>
<Cov CovItemId="S101" Value="36"/>
<Cov CovItemId="S102" Value="36"/>
<Cov CovItemId="S103" Value="10"/>
<Cov CovItemId="S104" Value="10"/>
<Cov CovItemId="S105" Value="10"/>
<Cov CovItemId="S106" Value="6"/>
<Cov CovItemId="S107" Value="6"/>
<Cov CovItemId="S109" Value="1"/>
<Cov CovItemId="S110" Value="1"/>
<Cov CovItemId="S111" Value="3"/>
<Cov CovItemId="S112" Value="12"/>
<Cov CovItemId="S113" Value="1"/>
<Cov CovItemId="S114" Value="1"/>
<Cov CovItemId="S115" Value="1"/>
<Cov CovItemId="S116" Value="1"/>
<Cov CovItemId="S117" Value="14"/>
<Cov CovItemId="S118" Value="14"/>
<Cov CovItemId="S119" Value="12"/>
<Cov CovItemId="S120" Value="12"/>
<Cov CovItemId="S121" Value="12"/>
<Cov CovItemId="S123" Value="12"/>
<Cov CovItemId="S125" Value="1"/>
<Cov CovItemId="S44" Value="14"/>
<Cov CovItemId="S45" Value="14"/>
<Cov CovItemId="S46" Value="14"/>
<Cov CovItemId="S47" Value="14"/>
<Cov CovItemId="S48" Value="70"/>
<Cov CovItemId="S49" Value="70"/>
<Cov CovItemId="S50" Value="16"/>
<Cov CovItemId="S51" Value="54"/>
<Cov CovItemId="S53" Value="14"/>
<Cov CovItemId="S54" Value="10"/>
<Cov CovItemId="S55" Value="2"/>
<Cov CovItemId="S56" Value="8"/>
<Cov CovItemId="S58" Value="8"/>
<Cov CovItemId="S60" Value="8"/>
<Cov CovItemId="S61" Value="6"/>
<Cov CovItemId="S62" Value="2"/>
<Cov CovItemId="S64" Value="2"/>
<Cov CovItemId="S65" Value="2"/>
<Cov CovItemId="S69" Value="36"/>
<Cov CovItemId="S70" Value="36"/>
<Cov CovItemId="S71" Value="69"/>
<Cov CovItemId="S72" Value="33"/>
<Cov CovItemId="S73" Value="33"/>
<Cov CovItemId="S74" Value="10"/>
<Cov CovItemId="S75" Value="36"/>
<Cov CovItemId="S76" Value="36"/>
<Cov CovItemId="S80" Value="36"/>
<Cov CovItemId="S81" Value="12"/>
<Cov CovItemId="S82" Value="12"/>
<Cov CovItemId="S83" Value="11"/>
<Cov CovItemId="S84" Value="14"/>
<Cov CovItemId="S85" Value="14"/>
<Cov CovItemId="S86" Value="14"/>
<Cov CovItemId="S87" Value="45"/>
<Cov CovItemId="S88" Value="45"/>
<Cov CovItemId="S89" Value="9"/>
<Cov CovItemId="S90" Value="36"/>
<Cov CovItemId="S91" Value="3"/>
<Cov CovItemId="S92" Value="36"/>
<Cov CovItemId="S93" Value="27"/>
<Cov CovItemId="S94" Value="27"/>
<Cov CovItemId="S95" Value="27"/>
<Cov CovItemId="S96" Value="81"/>
<Cov CovItemId="S97" Value="81"/>
</CovPrefix>
</CovList>
<AssgnmntList>
<AssgnmntPrefix RootTermCovItemPrefix="com.aconex.coding.challenge.NumberToAlphaConverter.java">
<AssgnmntListEntry Length="1" RootTermCovItemId="C1">
<MapEntry BoolAssgnmnt="0" Value="14"/>
<MapEntry BoolAssgnmnt="1" Value="70"/>
</AssgnmntListEntry>
<AssgnmntListEntry Length="1" RootTermCovItemId="C11">
<MapEntry BoolAssgnmnt="0" Value="36"/>
<MapEntry BoolAssgnmnt="1" Value="69"/>
</AssgnmntListEntry>
<AssgnmntListEntry Length="1" RootTermCovItemId="C12">
<MapEntry BoolAssgnmnt="0" Value="36"/>
<MapEntry BoolAssgnmnt="1" Value="33"/>
</AssgnmntListEntry>
<AssgnmntListEntry Length="1" RootTermCovItemId="C13">
<MapEntry BoolAssgnmnt="0" Value="23"/>
<MapEntry BoolAssgnmnt="1" Value="10"/>
</AssgnmntListEntry>
<AssgnmntListEntry Length="1" RootTermCovItemId="C14">
<MapEntry BoolAssgnmnt="0" Value="36"/>
</AssgnmntListEntry>
<AssgnmntListEntry Length="1" RootTermCovItemId="C16">
<MapEntry BoolAssgnmnt="0" Value="1"/>
<MapEntry BoolAssgnmnt="1" Value="11"/>
</AssgnmntListEntry>
<AssgnmntListEntry Length="1" RootTermCovItemId="C17">
<MapEntry BoolAssgnmnt="0" Value="36"/>
<MapEntry BoolAssgnmnt="1" Value="9"/>
</AssgnmntListEntry>
<AssgnmntListEntry Length="2" RootTermCovItemId="C18">
<MapEntry BoolAssgnmnt="02" Value="33"/>
<MapEntry BoolAssgnmnt="11" Value="3"/>
</AssgnmntListEntry>
<AssgnmntListEntry Length="1" RootTermCovItemId="C19">
<MapEntry BoolAssgnmnt="0" Value="9"/>
<MapEntry BoolAssgnmnt="1" Value="27"/>
</AssgnmntListEntry>
<AssgnmntListEntry Length="2" RootTermCovItemId="C2">
<MapEntry BoolAssgnmnt="10" Value="54"/>
<MapEntry BoolAssgnmnt="11" Value="16"/>
</AssgnmntListEntry>
<AssgnmntListEntry Length="1" RootTermCovItemId="C20">
<MapEntry BoolAssgnmnt="1" Value="27"/>
</AssgnmntListEntry>
<AssgnmntListEntry Length="1" RootTermCovItemId="C21">
<MapEntry BoolAssgnmnt="0" Value="81"/>
</AssgnmntListEntry>
<AssgnmntListEntry Length="1" RootTermCovItemId="C23">
<MapEntry BoolAssgnmnt="0" Value="26"/>
<MapEntry BoolAssgnmnt="1" Value="10"/>
</AssgnmntListEntry>
<AssgnmntListEntry Length="3" RootTermCovItemId="C24">
<MapEntry BoolAssgnmnt="110" Value="4"/>
<MapEntry BoolAssgnmnt="111" Value="6"/>
</AssgnmntListEntry>
<AssgnmntListEntry Length="1" RootTermCovItemId="C25">
<MapEntry BoolAssgnmnt="1" Value="6"/>
</AssgnmntListEntry>
<AssgnmntListEntry Length="1" RootTermCovItemId="C26">
<MapEntry BoolAssgnmnt="1" Value="1"/>
</AssgnmntListEntry>
<AssgnmntListEntry Length="1" RootTermCovItemId="C27">
<MapEntry BoolAssgnmnt="0" Value="1"/>
<MapEntry BoolAssgnmnt="1" Value="14"/>
</AssgnmntListEntry>
<AssgnmntListEntry Length="1" RootTermCovItemId="C28">
<MapEntry BoolAssgnmnt="0" Value="2"/>
<MapEntry BoolAssgnmnt="1" Value="12"/>
</AssgnmntListEntry>
<AssgnmntListEntry Length="1" RootTermCovItemId="C29">
<MapEntry BoolAssgnmnt="0" Value="12"/>
</AssgnmntListEntry>
<AssgnmntListEntry Length="1" RootTermCovItemId="C3">
<MapEntry BoolAssgnmnt="0" Value="54"/>
</AssgnmntListEntry>
<AssgnmntListEntry Length="2" RootTermCovItemId="C4">
<MapEntry BoolAssgnmnt="10" Value="8"/>
<MapEntry BoolAssgnmnt="11" Value="2"/>
</AssgnmntListEntry>
<AssgnmntListEntry Length="2" RootTermCovItemId="C5">
<MapEntry BoolAssgnmnt="10" Value="8"/>
</AssgnmntListEntry>
<AssgnmntListEntry Length="2" RootTermCovItemId="C6">
<MapEntry BoolAssgnmnt="10" Value="8"/>
</AssgnmntListEntry>
<AssgnmntListEntry Length="2" RootTermCovItemId="C7">
<MapEntry BoolAssgnmnt="10" Value="2"/>
<MapEntry BoolAssgnmnt="11" Value="6"/>
</AssgnmntListEntry>
<AssgnmntListEntry Length="2" RootTermCovItemId="C8">
<MapEntry BoolAssgnmnt="10" Value="2"/>
</AssgnmntListEntry>
<AssgnmntListEntry Length="2" RootTermCovItemId="C9">
<MapEntry BoolAssgnmnt="11" Value="2"/>
</AssgnmntListEntry>
</AssgnmntPrefix>
</AssgnmntList>
<ObjMetaDataList/>
<MetaDataList/>
</TestCase>
<TestCase Comment="" Date="1421694264640" Name="com.aconex.test.TestAconex:testPhoneNumberForAmbiguity">
<CovList>
<CovPrefix CovItemPrefix="com.aconex.coding.challenge.NumberToAlphaConverter.java">
<Cov CovItemId="B1" Value="4"/>
<Cov CovItemId="B10" Value="3"/>
<Cov CovItemId="B12" Value="3"/>
<Cov CovItemId="B13" Value="3"/>
<Cov CovItemId="B19" Value="28"/>
<Cov CovItemId="B2" Value="36"/>
<Cov CovItemId="B20" Value="34"/>
<Cov CovItemId="B21" Value="6"/>
<Cov CovItemId="B22" Value="22"/>
<Cov CovItemId="B23" Value="6"/>
<Cov CovItemId="B24" Value="28"/>
<Cov CovItemId="B26" Value="6"/>
<Cov CovItemId="B27" Value="6"/>
<Cov CovItemId="B28" Value="1"/>
<Cov CovItemId="B29" Value="8"/>
<Cov CovItemId="B30" Value="30"/>
<Cov CovItemId="B31" Value="5"/>
<Cov CovItemId="B32" Value="25"/>
<Cov CovItemId="B33" Value="11"/>
<Cov CovItemId="B34" Value="19"/>
<Cov CovItemId="B35" Value="11"/>
<Cov CovItemId="B38" Value="33"/>
<Cov CovItemId="B4" Value="36"/>
<Cov CovItemId="B41" Value="6"/>
<Cov CovItemId="B42" Value="24"/>
<Cov CovItemId="B43" Value="3"/>
<Cov CovItemId="B44" Value="3"/>
<Cov CovItemId="B45" Value="3"/>
<Cov CovItemId="B47" Value="1"/>
<Cov CovItemId="B49" Value="1"/>
<Cov CovItemId="B50" Value="7"/>
<Cov CovItemId="B51" Value="7"/>
<Cov CovItemId="B53" Value="7"/>
<Cov CovItemId="B6" Value="6"/>
<Cov CovItemId="B8" Value="6"/>
<Cov CovItemId="B9" Value="3"/>
<Cov CovItemId="L1-1" Value="3"/>
<Cov CovItemId="L1-2" Value="9"/>
<Cov CovItemId="L2-0" Value="2"/>
<Cov CovItemId="L2-1" Value="14"/>
<Cov CovItemId="L2-2" Value="14"/>
<Cov CovItemId="L3-1" Value="1"/>
<Cov CovItemId="L3-2" Value="5"/>
<Cov CovItemId="L4-2" Value="12"/>
<Cov CovItemId="L5-2" Value="11"/>
<Cov CovItemId="L6-1" Value="6"/>
<Cov CovItemId="L7-2" Value="1"/>
<Cov CovItemId="L8-2" Value="1"/>
<Cov CovItemId="S101" Value="30"/>
<Cov CovItemId="S102" Value="30"/>
<Cov CovItemId="S103" Value="6"/>
<Cov CovItemId="S104" Value="6"/>
<Cov CovItemId="S105" Value="6"/>
<Cov CovItemId="S106" Value="3"/>
<Cov CovItemId="S107" Value="3"/>
<Cov CovItemId="S109" Value="1"/>
<Cov CovItemId="S110" Value="1"/>
<Cov CovItemId="S111" Value="3"/>
<Cov CovItemId="S112" Value="7"/>
<Cov CovItemId="S113" Value="1"/>
<Cov CovItemId="S114" Value="1"/>
<Cov CovItemId="S115" Value="1"/>
<Cov CovItemId="S116" Value="1"/>
<Cov CovItemId="S117" Value="14"/>
<Cov CovItemId="S118" Value="14"/>
<Cov CovItemId="S119" Value="7"/>
<Cov CovItemId="S120" Value="7"/>
<Cov CovItemId="S121" Value="7"/>
<Cov CovItemId="S123" Value="7"/>
<Cov CovItemId="S125" Value="1"/>
<Cov CovItemId="S44" Value="12"/>
<Cov CovItemId="S45" Value="12"/>
<Cov CovItemId="S46" Value="12"/>
<Cov CovItemId="S47" Value="12"/>
<Cov CovItemId="S48" Value="40"/>
<Cov CovItemId="S49" Value="40"/>
<Cov CovItemId="S50" Value="4"/>
<Cov CovItemId="S51" Value="36"/>
<Cov CovItemId="S53" Value="12"/>
<Cov CovItemId="S54" Value="6"/>
<Cov CovItemId="S56" Value="6"/>
<Cov CovItemId="S58" Value="6"/>
<Cov CovItemId="S59" Value="3"/>
<Cov CovItemId="S60" Value="3"/>
<Cov CovItemId="S62" Value="3"/>
<Cov CovItemId="S63" Value="3"/>
<Cov CovItemId="S69" Value="30"/>
<Cov CovItemId="S70" Value="30"/>
<Cov CovItemId="S71" Value="62"/>
<Cov CovItemId="S72" Value="28"/>
<Cov CovItemId="S73" Value="28"/>
<Cov CovItemId="S74" Value="6"/>
<Cov CovItemId="S75" Value="34"/>
<Cov CovItemId="S76" Value="34"/>
<Cov CovItemId="S77" Value="6"/>
<Cov CovItemId="S78" Value="6"/>
<Cov CovItemId="S80" Value="30"/>
<Cov CovItemId="S81" Value="7"/>
<Cov CovItemId="S82" Value="7"/>
<Cov CovItemId="S83" Value="6"/>
<Cov CovItemId="S84" Value="12"/>
<Cov CovItemId="S85" Value="12"/>
<Cov CovItemId="S86" Value="12"/>
<Cov CovItemId="S87" Value="38"/>
<Cov CovItemId="S88" Value="38"/>
<Cov CovItemId="S89" Value="8"/>
<Cov CovItemId="S90" Value="30"/>
<Cov CovItemId="S91" Value="5"/>
<Cov CovItemId="S92" Value="30"/>
<Cov CovItemId="S93" Value="11"/>
<Cov CovItemId="S94" Value="11"/>
<Cov CovItemId="S95" Value="11"/>
<Cov CovItemId="S96" Value="33"/>
<Cov CovItemId="S97" Value="33"/>
</CovPrefix>
</CovList>
<AssgnmntList>
<AssgnmntPrefix RootTermCovItemPrefix="com.aconex.coding.challenge.NumberToAlphaConverter.java">
<AssgnmntListEntry Length="1" RootTermCovItemId="C1">
<MapEntry BoolAssgnmnt="0" Value="12"/>
<MapEntry BoolAssgnmnt="1" Value="40"/>
</AssgnmntListEntry>
<AssgnmntListEntry Length="1" RootTermCovItemId="C11">
<MapEntry BoolAssgnmnt="0" Value="30"/>
<MapEntry BoolAssgnmnt="1" Value="62"/>
</AssgnmntListEntry>
<AssgnmntListEntry Length="1" RootTermCovItemId="C12">
<MapEntry BoolAssgnmnt="0" Value="34"/>
<MapEntry BoolAssgnmnt="1" Value="28"/>
</AssgnmntListEntry>
<AssgnmntListEntry Length="1" RootTermCovItemId="C13">
<MapEntry BoolAssgnmnt="0" Value="22"/>
<MapEntry BoolAssgnmnt="1" Value="6"/>
</AssgnmntListEntry>
<AssgnmntListEntry Length="1" RootTermCovItemId="C14">
<MapEntry BoolAssgnmnt="0" Value="28"/>
<MapEntry BoolAssgnmnt="1" Value="6"/>
</AssgnmntListEntry>
<AssgnmntListEntry Length="1" RootTermCovItemId="C15">
<MapEntry BoolAssgnmnt="0" Value="6"/>
</AssgnmntListEntry>
<AssgnmntListEntry Length="1" RootTermCovItemId="C16">
<MapEntry BoolAssgnmnt="0" Value="1"/>
<MapEntry BoolAssgnmnt="1" Value="6"/>
</AssgnmntListEntry>
<AssgnmntListEntry Length="1" RootTermCovItemId="C17">
<MapEntry BoolAssgnmnt="0" Value="30"/>
<MapEntry BoolAssgnmnt="1" Value="8"/>
</AssgnmntListEntry>
<AssgnmntListEntry Length="2" RootTermCovItemId="C18">
<MapEntry BoolAssgnmnt="02" Value="25"/>
<MapEntry BoolAssgnmnt="11" Value="5"/>
</AssgnmntListEntry>
<AssgnmntListEntry Length="1" RootTermCovItemId="C19">
<MapEntry BoolAssgnmnt="0" Value="19"/>
<MapEntry BoolAssgnmnt="1" Value="11"/>
</AssgnmntListEntry>
<AssgnmntListEntry Length="2" RootTermCovItemId="C2">
<MapEntry BoolAssgnmnt="10" Value="36"/>
<MapEntry BoolAssgnmnt="11" Value="4"/>
</AssgnmntListEntry>
<AssgnmntListEntry Length="1" RootTermCovItemId="C20">
<MapEntry BoolAssgnmnt="1" Value="11"/>
</AssgnmntListEntry>
<AssgnmntListEntry Length="1" RootTermCovItemId="C21">
<MapEntry BoolAssgnmnt="0" Value="33"/>
</AssgnmntListEntry>
<AssgnmntListEntry Length="1" RootTermCovItemId="C23">
<MapEntry BoolAssgnmnt="0" Value="24"/>
<MapEntry BoolAssgnmnt="1" Value="6"/>
</AssgnmntListEntry>
<AssgnmntListEntry Length="3" RootTermCovItemId="C24">
<MapEntry BoolAssgnmnt="110" Value="3"/>
<MapEntry BoolAssgnmnt="111" Value="3"/>
</AssgnmntListEntry>
<AssgnmntListEntry Length="1" RootTermCovItemId="C25">
<MapEntry BoolAssgnmnt="1" Value="3"/>
</AssgnmntListEntry>
<AssgnmntListEntry Length="1" RootTermCovItemId="C26">
<MapEntry BoolAssgnmnt="1" Value="1"/>
</AssgnmntListEntry>
<AssgnmntListEntry Length="1" RootTermCovItemId="C27">
<MapEntry BoolAssgnmnt="0" Value="1"/>
<MapEntry BoolAssgnmnt="1" Value="14"/>
</AssgnmntListEntry>
<AssgnmntListEntry Length="1" RootTermCovItemId="C28">
<MapEntry BoolAssgnmnt="0" Value="7"/>
<MapEntry BoolAssgnmnt="1" Value="7"/>
</AssgnmntListEntry>
<AssgnmntListEntry Length="1" RootTermCovItemId="C29">
<MapEntry BoolAssgnmnt="0" Value="7"/>
</AssgnmntListEntry>
<AssgnmntListEntry Length="1" RootTermCovItemId="C3">
<MapEntry BoolAssgnmnt="0" Value="36"/>
</AssgnmntListEntry>
<AssgnmntListEntry Length="2" RootTermCovItemId="C4">
<MapEntry BoolAssgnmnt="10" Value="6"/>
</AssgnmntListEntry>
<AssgnmntListEntry Length="2" RootTermCovItemId="C5">
<MapEntry BoolAssgnmnt="10" Value="6"/>
</AssgnmntListEntry>
<AssgnmntListEntry Length="2" RootTermCovItemId="C6">
<MapEntry BoolAssgnmnt="10" Value="3"/>
<MapEntry BoolAssgnmnt="11" Value="3"/>
</AssgnmntListEntry>
<AssgnmntListEntry Length="2" RootTermCovItemId="C7">
<MapEntry BoolAssgnmnt="10" Value="3"/>
</AssgnmntListEntry>
<AssgnmntListEntry Length="2" RootTermCovItemId="C8">
<MapEntry BoolAssgnmnt="11" Value="3"/>
</AssgnmntListEntry>
</AssgnmntPrefix>
</AssgnmntList>
<ObjMetaDataList/>
<MetaDataList/>
</TestCase>
<TestCase Comment="" Date="1421694264644" Name="com.aconex.test.TestAconex:testsSingleStringResultWithMultipleDictionaryWordAndSingleNumbersInBetween">
<CovList>
<CovPrefix CovItemPrefix="com.aconex.coding.challenge.NumberToAlphaConverter.java">
<Cov CovItemId="B1" Value="7"/>
<Cov CovItemId="B10" Value="9"/>
<Cov CovItemId="B11" Value="2"/>
<Cov CovItemId="B12" Value="7"/>
<Cov CovItemId="B14" Value="7"/>
<Cov CovItemId="B15" Value="7"/>
<Cov CovItemId="B19" Value="38"/>
<Cov CovItemId="B2" Value="66"/>
<Cov CovItemId="B20" Value="51"/>
<Cov CovItemId="B21" Value="13"/>
<Cov CovItemId="B22" Value="25"/>
<Cov CovItemId="B24" Value="51"/>
<Cov CovItemId="B27" Value="11"/>
<Cov CovItemId="B28" Value="1"/>
<Cov CovItemId="B29" Value="10"/>
<Cov CovItemId="B30" Value="40"/>
<Cov CovItemId="B31" Value="3"/>
<Cov CovItemId="B32" Value="37"/>
<Cov CovItemId="B33" Value="18"/>
<Cov CovItemId="B34" Value="22"/>
<Cov CovItemId="B35" Value="18"/>
<Cov CovItemId="B37" Value="1"/>
<Cov CovItemId="B38" Value="59"/>
<Cov CovItemId="B4" Value="66"/>
<Cov CovItemId="B40" Value="1"/>
<Cov CovItemId="B41" Value="13"/>
<Cov CovItemId="B42" Value="27"/>
<Cov CovItemId="B43" Value="7"/>
<Cov CovItemId="B44" Value="6"/>
<Cov CovItemId="B45" Value="7"/>
<Cov CovItemId="B47" Value="1"/>
<Cov CovItemId="B49" Value="1"/>
<Cov CovItemId="B5" Value="4"/>
<Cov CovItemId="B50" Value="12"/>
<Cov CovItemId="B51" Value="4"/>
<Cov CovItemId="B53" Value="12"/>
<Cov CovItemId="B6" Value="9"/>
<Cov CovItemId="B8" Value="9"/>
<Cov CovItemId="L1-1" Value="4"/>
<Cov CovItemId="L1-2" Value="12"/>
<Cov CovItemId="L2-0" Value="2"/>
<Cov CovItemId="L2-1" Value="19"/>
<Cov CovItemId="L2-2" Value="19"/>
<Cov CovItemId="L3-1" Value="9"/>
<Cov CovItemId="L3-2" Value="2"/>
<Cov CovItemId="L4-2" Value="16"/>
<Cov CovItemId="L5-2" Value="18"/>
<Cov CovItemId="L6-1" Value="13"/>
<Cov CovItemId="L7-2" Value="1"/>
<Cov CovItemId="L8-2" Value="1"/>
<Cov CovItemId="S100" Value="1"/>
<Cov CovItemId="S101" Value="40"/>
<Cov CovItemId="S102" Value="40"/>
<Cov CovItemId="S103" Value="13"/>
<Cov CovItemId="S104" Value="13"/>
<Cov CovItemId="S105" Value="13"/>
<Cov CovItemId="S106" Value="7"/>
<Cov CovItemId="S107" Value="7"/>
<Cov CovItemId="S109" Value="1"/>
<Cov CovItemId="S110" Value="1"/>
<Cov CovItemId="S111" Value="4"/>
<Cov CovItemId="S112" Value="12"/>
<Cov CovItemId="S113" Value="1"/>
<Cov CovItemId="S114" Value="1"/>
<Cov CovItemId="S115" Value="1"/>
<Cov CovItemId="S116" Value="1"/>
<Cov CovItemId="S117" Value="16"/>
<Cov CovItemId="S118" Value="16"/>
<Cov CovItemId="S119" Value="12"/>
<Cov CovItemId="S120" Value="12"/>
<Cov CovItemId="S121" Value="12"/>
<Cov CovItemId="S123" Value="12"/>
<Cov CovItemId="S125" Value="1"/>
<Cov CovItemId="S44" Value="16"/>
<Cov CovItemId="S45" Value="16"/>
<Cov CovItemId="S46" Value="16"/>
<Cov CovItemId="S47" Value="16"/>
<Cov CovItemId="S48" Value="73"/>
<Cov CovItemId="S49" Value="73"/>
<Cov CovItemId="S50" Value="7"/>
<Cov CovItemId="S51" Value="66"/>
<Cov CovItemId="S53" Value="16"/>
<Cov CovItemId="S54" Value="13"/>
<Cov CovItemId="S55" Value="4"/>
<Cov CovItemId="S56" Value="9"/>
<Cov CovItemId="S58" Value="9"/>
<Cov CovItemId="S60" Value="9"/>
<Cov CovItemId="S61" Value="2"/>
<Cov CovItemId="S62" Value="7"/>
<Cov CovItemId="S64" Value="7"/>
<Cov CovItemId="S65" Value="7"/>
<Cov CovItemId="S69" Value="40"/>
<Cov CovItemId="S70" Value="40"/>
<Cov CovItemId="S71" Value="89"/>
<Cov CovItemId="S72" Value="38"/>
<Cov CovItemId="S73" Value="38"/>
<Cov CovItemId="S74" Value="13"/>
<Cov CovItemId="S75" Value="51"/>
<Cov CovItemId="S76" Value="51"/>
<Cov CovItemId="S80" Value="40"/>
<Cov CovItemId="S81" Value="12"/>
<Cov CovItemId="S82" Value="12"/>
<Cov CovItemId="S83" Value="11"/>
<Cov CovItemId="S84" Value="16"/>
<Cov CovItemId="S85" Value="16"/>
<Cov CovItemId="S86" Value="16"/>
<Cov CovItemId="S87" Value="50"/>
<Cov CovItemId="S88" Value="50"/>
<Cov CovItemId="S89" Value="10"/>
<Cov CovItemId="S90" Value="40"/>
<Cov CovItemId="S91" Value="3"/>
<Cov CovItemId="S92" Value="40"/>
<Cov CovItemId="S93" Value="18"/>
<Cov CovItemId="S94" Value="18"/>
<Cov CovItemId="S95" Value="18"/>
<Cov CovItemId="S96" Value="60"/>
<Cov CovItemId="S97" Value="60"/>
<Cov CovItemId="S98" Value="1"/>
</CovPrefix>
</CovList>
<AssgnmntList>
<AssgnmntPrefix RootTermCovItemPrefix="com.aconex.coding.challenge.NumberToAlphaConverter.java">
<AssgnmntListEntry Length="1" RootTermCovItemId="C1">
<MapEntry BoolAssgnmnt="0" Value="16"/>
<MapEntry BoolAssgnmnt="1" Value="73"/>
</AssgnmntListEntry>
<AssgnmntListEntry Length="1" RootTermCovItemId="C11">
<MapEntry BoolAssgnmnt="0" Value="40"/>
<MapEntry BoolAssgnmnt="1" Value="89"/>
</AssgnmntListEntry>
<AssgnmntListEntry Length="1" RootTermCovItemId="C12">
<MapEntry BoolAssgnmnt="0" Value="51"/>
<MapEntry BoolAssgnmnt="1" Value="38"/>
</AssgnmntListEntry>
<AssgnmntListEntry Length="1" RootTermCovItemId="C13">
<MapEntry BoolAssgnmnt="0" Value="25"/>
<MapEntry BoolAssgnmnt="1" Value="13"/>
</AssgnmntListEntry>
<AssgnmntListEntry Length="1" RootTermCovItemId="C14">
<MapEntry BoolAssgnmnt="0" Value="51"/>
</AssgnmntListEntry>
<AssgnmntListEntry Length="1" RootTermCovItemId="C16">
<MapEntry BoolAssgnmnt="0" Value="1"/>
<MapEntry BoolAssgnmnt="1" Value="11"/>
</AssgnmntListEntry>
<AssgnmntListEntry Length="1" RootTermCovItemId="C17">
<MapEntry BoolAssgnmnt="0" Value="40"/>
<MapEntry BoolAssgnmnt="1" Value="10"/>
</AssgnmntListEntry>
<AssgnmntListEntry Length="2" RootTermCovItemId="C18">
<MapEntry BoolAssgnmnt="02" Value="37"/>
<MapEntry BoolAssgnmnt="11" Value="3"/>
</AssgnmntListEntry>
<AssgnmntListEntry Length="1" RootTermCovItemId="C19">
<MapEntry BoolAssgnmnt="0" Value="22"/>
<MapEntry BoolAssgnmnt="1" Value="18"/>
</AssgnmntListEntry>
<AssgnmntListEntry Length="2" RootTermCovItemId="C2">
<MapEntry BoolAssgnmnt="10" Value="66"/>
<MapEntry BoolAssgnmnt="11" Value="7"/>
</AssgnmntListEntry>
<AssgnmntListEntry Length="1" RootTermCovItemId="C20">
<MapEntry BoolAssgnmnt="1" Value="18"/>
</AssgnmntListEntry>
<AssgnmntListEntry Length="1" RootTermCovItemId="C21">
<MapEntry BoolAssgnmnt="0" Value="59"/>
<MapEntry BoolAssgnmnt="1" Value="1"/>
</AssgnmntListEntry>
<AssgnmntListEntry Length="1" RootTermCovItemId="C22">
<MapEntry BoolAssgnmnt="0" Value="1"/>
</AssgnmntListEntry>
<AssgnmntListEntry Length="1" RootTermCovItemId="C23">
<MapEntry BoolAssgnmnt="0" Value="27"/>
<MapEntry BoolAssgnmnt="1" Value="13"/>
</AssgnmntListEntry>
<AssgnmntListEntry Length="3" RootTermCovItemId="C24">
<MapEntry BoolAssgnmnt="110" Value="6"/>
<MapEntry BoolAssgnmnt="111" Value="7"/>
</AssgnmntListEntry>
<AssgnmntListEntry Length="1" RootTermCovItemId="C25">
<MapEntry BoolAssgnmnt="1" Value="7"/>
</AssgnmntListEntry>
<AssgnmntListEntry Length="1" RootTermCovItemId="C26">
<MapEntry BoolAssgnmnt="1" Value="1"/>
</AssgnmntListEntry>
<AssgnmntListEntry Length="1" RootTermCovItemId="C27">
<MapEntry BoolAssgnmnt="0" Value="1"/>
<MapEntry BoolAssgnmnt="1" Value="16"/>
</AssgnmntListEntry>
<AssgnmntListEntry Length="1" RootTermCovItemId="C28">
<MapEntry BoolAssgnmnt="0" Value="4"/>
<MapEntry BoolAssgnmnt="1" Value="12"/>
</AssgnmntListEntry>
<AssgnmntListEntry Length="1" RootTermCovItemId="C29">
<MapEntry BoolAssgnmnt="0" Value="12"/>
</AssgnmntListEntry>
<AssgnmntListEntry Length="1" RootTermCovItemId="C3">
<MapEntry BoolAssgnmnt="0" Value="66"/>
</AssgnmntListEntry>
<AssgnmntListEntry Length="2" RootTermCovItemId="C4">
<MapEntry BoolAssgnmnt="10" Value="9"/>
<MapEntry BoolAssgnmnt="11" Value="4"/>
</AssgnmntListEntry>
<AssgnmntListEntry Length="2" RootTermCovItemId="C5">
<MapEntry BoolAssgnmnt="10" Value="9"/>
</AssgnmntListEntry>
<AssgnmntListEntry Length="2" RootTermCovItemId="C6">
<MapEntry BoolAssgnmnt="10" Value="9"/>
</AssgnmntListEntry>
<AssgnmntListEntry Length="2" RootTermCovItemId="C7">
<MapEntry BoolAssgnmnt="10" Value="7"/>
<MapEntry BoolAssgnmnt="11" Value="2"/>
</AssgnmntListEntry>
<AssgnmntListEntry Length="2" RootTermCovItemId="C8">
<MapEntry BoolAssgnmnt="10" Value="7"/>
</AssgnmntListEntry>
<AssgnmntListEntry Length="2" RootTermCovItemId="C9">
<MapEntry BoolAssgnmnt="11" Value="7"/>
</AssgnmntListEntry>
</AssgnmntPrefix>
</AssgnmntList>
<ObjMetaDataList/>
<MetaDataList/>
</TestCase>
<TestCase Comment="" Date="1421694264648" Name="com.aconex.test.TestAconex:testsSingleStringResultWithMultipleDictionaryWordAndNumbersAtBothEnds">
<CovList>
<CovPrefix CovItemPrefix="com.aconex.coding.challenge.NumberToAlphaConverter.java">
<Cov CovItemId="B1" Value="16"/>
<Cov CovItemId="B10" Value="10"/>
<Cov CovItemId="B11" Value="6"/>
<Cov CovItemId="B12" Value="4"/>
<Cov CovItemId="B13" Value="4"/>
<Cov CovItemId="B19" Value="42"/>
<Cov CovItemId="B2" Value="74"/>
<Cov CovItemId="B20" Value="56"/>
<Cov CovItemId="B21" Value="12"/>
<Cov CovItemId="B22" Value="30"/>
<Cov CovItemId="B24" Value="56"/>
<Cov CovItemId="B27" Value="11"/>
<Cov CovItemId="B28" Value="1"/>
<Cov CovItemId="B29" Value="9"/>
<Cov CovItemId="B3" Value="4"/>
<Cov CovItemId="B30" Value="43"/>
<Cov CovItemId="B31" Value="8"/>
<Cov CovItemId="B32" Value="35"/>
<Cov CovItemId="B33" Value="34"/>
<Cov CovItemId="B34" Value="9"/>
<Cov CovItemId="B35" Value="24"/>
<Cov CovItemId="B36" Value="10"/>
<Cov CovItemId="B37" Value="1"/>
<Cov CovItemId="B38" Value="78"/>
<Cov CovItemId="B39" Value="1"/>
<Cov CovItemId="B4" Value="70"/>
<Cov CovItemId="B41" Value="12"/>
<Cov CovItemId="B42" Value="31"/>
<Cov CovItemId="B43" Value="6"/>
<Cov CovItemId="B44" Value="6"/>
<Cov CovItemId="B45" Value="6"/>
<Cov CovItemId="B47" Value="1"/>
<Cov CovItemId="B49" Value="1"/>
<Cov CovItemId="B5" Value="2"/>
<Cov CovItemId="B50" Value="12"/>
<Cov CovItemId="B51" Value="4"/>
<Cov CovItemId="B53" Value="12"/>
<Cov CovItemId="B6" Value="10"/>
<Cov CovItemId="B8" Value="10"/>
<Cov CovItemId="L1-1" Value="3"/>
<Cov CovItemId="L1-2" Value="13"/>
<Cov CovItemId="L2-0" Value="1"/>
<Cov CovItemId="L2-1" Value="22"/>
<Cov CovItemId="L2-2" Value="20"/>
<Cov CovItemId="L3-1" Value="8"/>
<Cov CovItemId="L3-2" Value="3"/>
<Cov CovItemId="L4-2" Value="16"/>
<Cov CovItemId="L5-2" Value="24"/>
<Cov CovItemId="L6-1" Value="12"/>
<Cov CovItemId="L7-2" Value="1"/>
<Cov CovItemId="L8-2" Value="1"/>
<Cov CovItemId="S101" Value="43"/>
<Cov CovItemId="S102" Value="43"/>
<Cov CovItemId="S103" Value="12"/>
<Cov CovItemId="S104" Value="12"/>
<Cov CovItemId="S105" Value="12"/>
<Cov CovItemId="S106" Value="6"/>
<Cov CovItemId="S107" Value="6"/>
<Cov CovItemId="S109" Value="1"/>
<Cov CovItemId="S110" Value="1"/>
<Cov CovItemId="S111" Value="3"/>
<Cov CovItemId="S112" Value="12"/>
<Cov CovItemId="S113" Value="1"/>
<Cov CovItemId="S114" Value="1"/>
<Cov CovItemId="S115" Value="1"/>
<Cov CovItemId="S116" Value="1"/>
<Cov CovItemId="S117" Value="16"/>
<Cov CovItemId="S118" Value="16"/>
<Cov CovItemId="S119" Value="12"/>
<Cov CovItemId="S120" Value="12"/>
<Cov CovItemId="S121" Value="12"/>
<Cov CovItemId="S123" Value="12"/>
<Cov CovItemId="S125" Value="1"/>
<Cov CovItemId="S44" Value="16"/>
<Cov CovItemId="S45" Value="16"/>
<Cov CovItemId="S46" Value="16"/>
<Cov CovItemId="S47" Value="16"/>
<Cov CovItemId="S48" Value="90"/>
<Cov CovItemId="S49" Value="90"/>
<Cov CovItemId="S50" Value="16"/>
<Cov CovItemId="S51" Value="74"/>
<Cov CovItemId="S52" Value="4"/>
<Cov CovItemId="S53" Value="16"/>
<Cov CovItemId="S54" Value="12"/>
<Cov CovItemId="S55" Value="2"/>
<Cov CovItemId="S56" Value="10"/>
<Cov CovItemId="S58" Value="10"/>
<Cov CovItemId="S60" Value="10"/>
<Cov CovItemId="S61" Value="6"/>
<Cov CovItemId="S62" Value="4"/>
<Cov CovItemId="S63" Value="4"/>
<Cov CovItemId="S69" Value="43"/>
<Cov CovItemId="S70" Value="43"/>
<Cov CovItemId="S71" Value="98"/>
<Cov CovItemId="S72" Value="42"/>
<Cov CovItemId="S73" Value="42"/>
<Cov CovItemId="S74" Value="12"/>
<Cov CovItemId="S75" Value="56"/>
<Cov CovItemId="S76" Value="56"/>
<Cov CovItemId="S80" Value="43"/>
<Cov CovItemId="S81" Value="12"/>
<Cov CovItemId="S82" Value="12"/>
<Cov CovItemId="S83" Value="11"/>
<Cov CovItemId="S84" Value="16"/>
<Cov CovItemId="S85" Value="16"/>
<Cov CovItemId="S86" Value="16"/>
<Cov CovItemId="S87" Value="52"/>
<Cov CovItemId="S88" Value="52"/>
<Cov CovItemId="S89" Value="9"/>
<Cov CovItemId="S90" Value="43"/>
<Cov CovItemId="S91" Value="8"/>
<Cov CovItemId="S92" Value="43"/>
<Cov CovItemId="S93" Value="34"/>
<Cov CovItemId="S94" Value="34"/>
<Cov CovItemId="S95" Value="24"/>
<Cov CovItemId="S96" Value="79"/>
<Cov CovItemId="S97" Value="79"/>
<Cov CovItemId="S98" Value="1"/>
<Cov CovItemId="S99" Value="1"/>
</CovPrefix>
</CovList>
<AssgnmntList>
<AssgnmntPrefix RootTermCovItemPrefix="com.aconex.coding.challenge.NumberToAlphaConverter.java">
<AssgnmntListEntry Length="1" RootTermCovItemId="C1">
<MapEntry BoolAssgnmnt="0" Value="16"/>
<MapEntry BoolAssgnmnt="1" Value="90"/>
</AssgnmntListEntry>
<AssgnmntListEntry Length="1" RootTermCovItemId="C11">
<MapEntry BoolAssgnmnt="0" Value="43"/>
<MapEntry BoolAssgnmnt="1" Value="98"/>
</AssgnmntListEntry>
<AssgnmntListEntry Length="1" RootTermCovItemId="C12">
<MapEntry BoolAssgnmnt="0" Value="56"/>
<MapEntry BoolAssgnmnt="1" Value="42"/>
</AssgnmntListEntry>
<AssgnmntListEntry Length="1" RootTermCovItemId="C13">
<MapEntry BoolAssgnmnt="0" Value="30"/>
<MapEntry BoolAssgnmnt="1" Value="12"/>
</AssgnmntListEntry>
<AssgnmntListEntry Length="1" RootTermCovItemId="C14">
<MapEntry BoolAssgnmnt="0" Value="56"/>
</AssgnmntListEntry>
<AssgnmntListEntry Length="1" RootTermCovItemId="C16">
<MapEntry BoolAssgnmnt="0" Value="1"/>
<MapEntry BoolAssgnmnt="1" Value="11"/>
</AssgnmntListEntry>
<AssgnmntListEntry Length="1" RootTermCovItemId="C17">
<MapEntry BoolAssgnmnt="0" Value="43"/>
<MapEntry BoolAssgnmnt="1" Value="9"/>
</AssgnmntListEntry>
<AssgnmntListEntry Length="2" RootTermCovItemId="C18">
<MapEntry BoolAssgnmnt="02" Value="35"/>
<MapEntry BoolAssgnmnt="11" Value="8"/>
</AssgnmntListEntry>
<AssgnmntListEntry Length="1" RootTermCovItemId="C19">
<MapEntry BoolAssgnmnt="0" Value="9"/>
<MapEntry BoolAssgnmnt="1" Value="34"/>
</AssgnmntListEntry>
<AssgnmntListEntry Length="2" RootTermCovItemId="C2">
<MapEntry BoolAssgnmnt="10" Value="70"/>
<MapEntry BoolAssgnmnt="02" Value="4"/>
<MapEntry BoolAssgnmnt="11" Value="16"/>
</AssgnmntListEntry>
<AssgnmntListEntry Length="1" RootTermCovItemId="C20">
<MapEntry BoolAssgnmnt="0" Value="10"/>
<MapEntry BoolAssgnmnt="1" Value="24"/>
</AssgnmntListEntry>
<AssgnmntListEntry Length="1" RootTermCovItemId="C21">
<MapEntry BoolAssgnmnt="0" Value="78"/>
<MapEntry BoolAssgnmnt="1" Value="1"/>
</AssgnmntListEntry>
<AssgnmntListEntry Length="1" RootTermCovItemId="C22">
<MapEntry BoolAssgnmnt="1" Value="1"/>
</AssgnmntListEntry>
<AssgnmntListEntry Length="1" RootTermCovItemId="C23">
<MapEntry BoolAssgnmnt="0" Value="31"/>
<MapEntry BoolAssgnmnt="1" Value="12"/>
</AssgnmntListEntry>
<AssgnmntListEntry Length="3" RootTermCovItemId="C24">
<MapEntry BoolAssgnmnt="110" Value="6"/>
<MapEntry BoolAssgnmnt="111" Value="6"/>
</AssgnmntListEntry>
<AssgnmntListEntry Length="1" RootTermCovItemId="C25">
<MapEntry BoolAssgnmnt="1" Value="6"/>
</AssgnmntListEntry>
<AssgnmntListEntry Length="1" RootTermCovItemId="C26">
<MapEntry BoolAssgnmnt="1" Value="1"/>
</AssgnmntListEntry>
<AssgnmntListEntry Length="1" RootTermCovItemId="C27">
<MapEntry BoolAssgnmnt="0" Value="1"/>
<MapEntry BoolAssgnmnt="1" Value="16"/>
</AssgnmntListEntry>
<AssgnmntListEntry Length="1" RootTermCovItemId="C28">
<MapEntry BoolAssgnmnt="0" Value="4"/>
<MapEntry BoolAssgnmnt="1" Value="12"/>
</AssgnmntListEntry>
<AssgnmntListEntry Length="1" RootTermCovItemId="C29">
<MapEntry BoolAssgnmnt="0" Value="12"/>
</AssgnmntListEntry>
<AssgnmntListEntry Length="1" RootTermCovItemId="C3">
<MapEntry BoolAssgnmnt="0" Value="70"/>
<MapEntry BoolAssgnmnt="1" Value="4"/>
</AssgnmntListEntry>
<AssgnmntListEntry Length="2" RootTermCovItemId="C4">
<MapEntry BoolAssgnmnt="10" Value="10"/>
<MapEntry BoolAssgnmnt="11" Value="2"/>
</AssgnmntListEntry>
<AssgnmntListEntry Length="2" RootTermCovItemId="C5">
<MapEntry BoolAssgnmnt="10" Value="10"/>
</AssgnmntListEntry>
<AssgnmntListEntry Length="2" RootTermCovItemId="C6">
<MapEntry BoolAssgnmnt="10" Value="10"/>
</AssgnmntListEntry>
<AssgnmntListEntry Length="2" RootTermCovItemId="C7">
<MapEntry BoolAssgnmnt="10" Value="4"/>
<MapEntry BoolAssgnmnt="11" Value="6"/>
</AssgnmntListEntry>
<AssgnmntListEntry Length="2" RootTermCovItemId="C8">
<MapEntry BoolAssgnmnt="11" Value="4"/>
</AssgnmntListEntry>
</AssgnmntPrefix>
</AssgnmntList>
<ObjMetaDataList/>
<MetaDataList/>
</TestCase>
<TestCase Comment="" Date="1421694264652" Name="com.aconex.test.TestAconex:testsSingleStringResultWithMultipleDictionaryWordAndMultipleNumbersInBetween">
<CovList>
<CovPrefix CovItemPrefix="com.aconex.coding.challenge.NumberToAlphaConverter.java">
<Cov CovItemId="B1" Value="18"/>
<Cov CovItemId="B10" Value="11"/>
<Cov CovItemId="B11" Value="2"/>
<Cov CovItemId="B12" Value="9"/>
<Cov CovItemId="B14" Value="9"/>
<Cov CovItemId="B15" Value="9"/>
<Cov CovItemId="B19" Value="49"/>
<Cov CovItemId="B2" Value="142"/>
<Cov CovItemId="B20" Value="75"/>
<Cov CovItemId="B21" Value="15"/>
<Cov CovItemId="B22" Value="34"/>
<Cov CovItemId="B24" Value="75"/>
<Cov CovItemId="B27" Value="17"/>
<Cov CovItemId="B28" Value="1"/>
<Cov CovItemId="B29" Value="15"/>
<Cov CovItemId="B30" Value="54"/>
<Cov CovItemId="B31" Value="6"/>
<Cov CovItemId="B32" Value="48"/>
<Cov CovItemId="B33" Value="32"/>
<Cov CovItemId="B34" Value="22"/>
<Cov CovItemId="B35" Value="32"/>
<Cov CovItemId="B37" Value="1"/>
<Cov CovItemId="B38" Value="101"/>
<Cov CovItemId="B4" Value="142"/>
<Cov CovItemId="B40" Value="1"/>
<Cov CovItemId="B41" Value="15"/>
<Cov CovItemId="B42" Value="39"/>
<Cov CovItemId="B43" Value="7"/>
<Cov CovItemId="B44" Value="8"/>
<Cov CovItemId="B45" Value="7"/>
<Cov CovItemId="B47" Value="1"/>
<Cov CovItemId="B49" Value="1"/>
<Cov CovItemId="B5" Value="4"/>
<Cov CovItemId="B50" Value="18"/>
<Cov CovItemId="B51" Value="1"/>
<Cov CovItemId="B53" Value="18"/>
<Cov CovItemId="B6" Value="11"/>
<Cov CovItemId="B8" Value="11"/>
<Cov CovItemId="L1-1" Value="4"/>
<Cov CovItemId="L1-2" Value="18"/>
<Cov CovItemId="L2-0" Value="5"/>
<Cov CovItemId="L2-1" Value="21"/>
<Cov CovItemId="L2-2" Value="28"/>
<Cov CovItemId="L3-1" Value="15"/>
<Cov CovItemId="L3-2" Value="2"/>
<Cov CovItemId="L4-2" Value="22"/>
<Cov CovItemId="L5-2" Value="32"/>
<Cov CovItemId="L6-1" Value="15"/>
<Cov CovItemId="L7-2" Value="1"/>
<Cov CovItemId="L8-2" Value="1"/>
<Cov CovItemId="S100" Value="1"/>
<Cov CovItemId="S101" Value="54"/>
<Cov CovItemId="S102" Value="54"/>
<Cov CovItemId="S103" Value="15"/>
<Cov CovItemId="S104" Value="15"/>
<Cov CovItemId="S105" Value="15"/>
<Cov CovItemId="S106" Value="7"/>
<Cov CovItemId="S107" Value="7"/>
<Cov CovItemId="S109" Value="1"/>
<Cov CovItemId="S110" Value="1"/>
<Cov CovItemId="S111" Value="4"/>
<Cov CovItemId="S112" Value="18"/>
<Cov CovItemId="S113" Value="1"/>
<Cov CovItemId="S114" Value="1"/>
<Cov CovItemId="S115" Value="1"/>
<Cov CovItemId="S116" Value="1"/>
<Cov CovItemId="S117" Value="19"/>
<Cov CovItemId="S118" Value="19"/>
<Cov CovItemId="S119" Value="18"/>
<Cov CovItemId="S120" Value="18"/>
<Cov CovItemId="S121" Value="18"/>
<Cov CovItemId="S123" Value="18"/>
<Cov CovItemId="S125" Value="1"/>
<Cov CovItemId="S44" Value="22"/>
<Cov CovItemId="S45" Value="22"/>
<Cov CovItemId="S46" Value="22"/>
<Cov CovItemId="S47" Value="22"/>
<Cov CovItemId="S48" Value="160"/>
<Cov CovItemId="S49" Value="160"/>
<Cov CovItemId="S50" Value="18"/>
<Cov CovItemId="S51" Value="142"/>
<Cov CovItemId="S53" Value="22"/>
<Cov CovItemId="S54" Value="15"/>
<Cov CovItemId="S55" Value="4"/>
<Cov CovItemId="S56" Value="11"/>
<Cov CovItemId="S58" Value="11"/>
<Cov CovItemId="S60" Value="11"/>
<Cov CovItemId="S61" Value="2"/>
<Cov CovItemId="S62" Value="9"/>
<Cov CovItemId="S64" Value="9"/>
<Cov CovItemId="S65" Value="9"/>
<Cov CovItemId="S69" Value="54"/>
<Cov CovItemId="S70" Value="54"/>
<Cov CovItemId="S71" Value="124"/>
<Cov CovItemId="S72" Value="49"/>
<Cov CovItemId="S73" Value="49"/>
<Cov CovItemId="S74" Value="15"/>
<Cov CovItemId="S75" Value="75"/>
<Cov CovItemId="S76" Value="75"/>
<Cov CovItemId="S80" Value="54"/>
<Cov CovItemId="S81" Value="18"/>
<Cov CovItemId="S82" Value="18"/>
<Cov CovItemId="S83" Value="17"/>
<Cov CovItemId="S84" Value="22"/>
<Cov CovItemId="S85" Value="22"/>
<Cov CovItemId="S86" Value="22"/>
<Cov CovItemId="S87" Value="69"/>
<Cov CovItemId="S88" Value="69"/>
<Cov CovItemId="S89" Value="15"/>
<Cov CovItemId="S90" Value="54"/>
<Cov CovItemId="S91" Value="6"/>
<Cov CovItemId="S92" Value="54"/>
<Cov CovItemId="S93" Value="32"/>
<Cov CovItemId="S94" Value="32"/>
<Cov CovItemId="S95" Value="32"/>
<Cov CovItemId="S96" Value="102"/>
<Cov CovItemId="S97" Value="102"/>
<Cov CovItemId="S98" Value="1"/>
</CovPrefix>
</CovList>
<AssgnmntList>
<AssgnmntPrefix RootTermCovItemPrefix="com.aconex.coding.challenge.NumberToAlphaConverter.java">
<AssgnmntListEntry Length="1" RootTermCovItemId="C1">
<MapEntry BoolAssgnmnt="0" Value="22"/>
<MapEntry BoolAssgnmnt="1" Value="160"/>
</AssgnmntListEntry>
<AssgnmntListEntry Length="1" RootTermCovItemId="C11">
<MapEntry BoolAssgnmnt="0" Value="54"/>
<MapEntry BoolAssgnmnt="1" Value="124"/>
</AssgnmntListEntry>
<AssgnmntListEntry Length="1" RootTermCovItemId="C12">
<MapEntry BoolAssgnmnt="0" Value="75"/>
<MapEntry BoolAssgnmnt="1" Value="49"/>
</AssgnmntListEntry>
<AssgnmntListEntry Length="1" RootTermCovItemId="C13">
<MapEntry BoolAssgnmnt="0" Value="34"/>
<MapEntry BoolAssgnmnt="1" Value="15"/>
</AssgnmntListEntry>
<AssgnmntListEntry Length="1" RootTermCovItemId="C14">
<MapEntry BoolAssgnmnt="0" Value="75"/>
</AssgnmntListEntry>
<AssgnmntListEntry Length="1" RootTermCovItemId="C16">
<MapEntry BoolAssgnmnt="0" Value="1"/>
<MapEntry BoolAssgnmnt="1" Value="17"/>
</AssgnmntListEntry>
<AssgnmntListEntry Length="1" RootTermCovItemId="C17">
<MapEntry BoolAssgnmnt="0" Value="54"/>
<MapEntry BoolAssgnmnt="1" Value="15"/>
</AssgnmntListEntry>
<AssgnmntListEntry Length="2" RootTermCovItemId="C18">
<MapEntry BoolAssgnmnt="02" Value="48"/>
<MapEntry BoolAssgnmnt="11" Value="6"/>
</AssgnmntListEntry>
<AssgnmntListEntry Length="1" RootTermCovItemId="C19">
<MapEntry BoolAssgnmnt="0" Value="22"/>
<MapEntry BoolAssgnmnt="1" Value="32"/>
</AssgnmntListEntry>
<AssgnmntListEntry Length="2" RootTermCovItemId="C2">
<MapEntry BoolAssgnmnt="10" Value="142"/>
<MapEntry BoolAssgnmnt="11" Value="18"/>
</AssgnmntListEntry>
<AssgnmntListEntry Length="1" RootTermCovItemId="C20">
<MapEntry BoolAssgnmnt="1" Value="32"/>
</AssgnmntListEntry>
<AssgnmntListEntry Length="1" RootTermCovItemId="C21">
<MapEntry BoolAssgnmnt="0" Value="101"/>
<MapEntry BoolAssgnmnt="1" Value="1"/>
</AssgnmntListEntry>
<AssgnmntListEntry Length="1" RootTermCovItemId="C22">
<MapEntry BoolAssgnmnt="0" Value="1"/>
</AssgnmntListEntry>
<AssgnmntListEntry Length="1" RootTermCovItemId="C23">
<MapEntry BoolAssgnmnt="0" Value="39"/>
<MapEntry BoolAssgnmnt="1" Value="15"/>
</AssgnmntListEntry>
<AssgnmntListEntry Length="3" RootTermCovItemId="C24">
<MapEntry BoolAssgnmnt="110" Value="8"/>
<MapEntry BoolAssgnmnt="111" Value="7"/>
</AssgnmntListEntry>
<AssgnmntListEntry Length="1" RootTermCovItemId="C25">
<MapEntry BoolAssgnmnt="1" Value="7"/>
</AssgnmntListEntry>
<AssgnmntListEntry Length="1" RootTermCovItemId="C26">
<MapEntry BoolAssgnmnt="1" Value="1"/>
</AssgnmntListEntry>
<AssgnmntListEntry Length="1" RootTermCovItemId="C27">
<MapEntry BoolAssgnmnt="0" Value="1"/>
<MapEntry BoolAssgnmnt="1" Value="19"/>
</AssgnmntListEntry>
<AssgnmntListEntry Length="1" RootTermCovItemId="C28">
<MapEntry BoolAssgnmnt="0" Value="1"/>
<MapEntry BoolAssgnmnt="1" Value="18"/>
</AssgnmntListEntry>
<AssgnmntListEntry Length="1" RootTermCovItemId="C29">
<MapEntry BoolAssgnmnt="0" Value="18"/>
</AssgnmntListEntry>
<AssgnmntListEntry Length="1" RootTermCovItemId="C3">
<MapEntry BoolAssgnmnt="0" Value="142"/>
</AssgnmntListEntry>
<AssgnmntListEntry Length="2" RootTermCovItemId="C4">
<MapEntry BoolAssgnmnt="10" Value="11"/>
<MapEntry BoolAssgnmnt="11" Value="4"/>
</AssgnmntListEntry>
<AssgnmntListEntry Length="2" RootTermCovItemId="C5">
<MapEntry BoolAssgnmnt="10" Value="11"/>
</AssgnmntListEntry>
<AssgnmntListEntry Length="2" RootTermCovItemId="C6">
<MapEntry BoolAssgnmnt="10" Value="11"/>
</AssgnmntListEntry>
<AssgnmntListEntry Length="2" RootTermCovItemId="C7">
<MapEntry BoolAssgnmnt="10" Value="9"/>
<MapEntry BoolAssgnmnt="11" Value="2"/>
</AssgnmntListEntry>
<AssgnmntListEntry Length="2" RootTermCovItemId="C8">
<MapEntry BoolAssgnmnt="10" Value="9"/>
</AssgnmntListEntry>
<AssgnmntListEntry Length="2" RootTermCovItemId="C9">
<MapEntry BoolAssgnmnt="11" Value="9"/>
</AssgnmntListEntry>
</AssgnmntPrefix>
</AssgnmntList>
<ObjMetaDataList/>
<MetaDataList/>
</TestCase>
<TestCase Comment="" Date="1421694264656" Name="com.aconex.test.TestAconex:checkForSimpleConversionWithSingleResult">
<CovList>
<CovPrefix CovItemPrefix="com.aconex.coding.challenge.NumberToAlphaConverter.java">
<Cov CovItemId="B1" Value="1"/>
<Cov CovItemId="B10" Value="1"/>
<Cov CovItemId="B12" Value="1"/>
<Cov CovItemId="B14" Value="1"/>
<Cov CovItemId="B15" Value="1"/>
<Cov CovItemId="B19" Value="20"/>
<Cov CovItemId="B2" Value="13"/>
<Cov CovItemId="B20" Value="12"/>
<Cov CovItemId="B21" Value="4"/>
<Cov CovItemId="B22" Value="16"/>
<Cov CovItemId="B24" Value="12"/>
<Cov CovItemId="B27" Value="4"/>
<Cov CovItemId="B28" Value="1"/>
<Cov CovItemId="B29" Value="4"/>
<Cov CovItemId="B30" Value="20"/>
<Cov CovItemId="B32" Value="20"/>
<Cov CovItemId="B33" Value="3"/>
<Cov CovItemId="B34" Value="17"/>
<Cov CovItemId="B35" Value="3"/>
<Cov CovItemId="B38" Value="9"/>
<Cov CovItemId="B4" Value="13"/>
<Cov CovItemId="B41" Value="4"/>
<Cov CovItemId="B42" Value="16"/>
<Cov CovItemId="B43" Value="3"/>
<Cov CovItemId="B44" Value="1"/>
<Cov CovItemId="B45" Value="3"/>
<Cov CovItemId="B47" Value="1"/>
<Cov CovItemId="B49" Value="1"/>
<Cov CovItemId="B5" Value="3"/>
<Cov CovItemId="B50" Value="5"/>
<Cov CovItemId="B53" Value="5"/>
<Cov CovItemId="B6" Value="1"/>
<Cov CovItemId="B8" Value="1"/>
<Cov CovItemId="L1-1" Value="3"/>
<Cov CovItemId="L1-2" Value="4"/>
<Cov CovItemId="L2-1" Value="14"/>
<Cov CovItemId="L2-2" Value="6"/>
<Cov CovItemId="L3-1" Value="2"/>
<Cov CovItemId="L3-2" Value="2"/>
<Cov CovItemId="L4-2" Value="7"/>
<Cov CovItemId="L5-2" Value="3"/>
<Cov CovItemId="L6-1" Value="4"/>
<Cov CovItemId="L7-2" Value="1"/>
<Cov CovItemId="L8-2" Value="1"/>
<Cov CovItemId="S101" Value="20"/>
<Cov CovItemId="S102" Value="20"/>
<Cov CovItemId="S103" Value="4"/>
<Cov CovItemId="S104" Value="4"/>
<Cov CovItemId="S105" Value="4"/>
<Cov CovItemId="S106" Value="3"/>
<Cov CovItemId="S107" Value="3"/>
<Cov CovItemId="S109" Value="1"/>
<Cov CovItemId="S110" Value="1"/>
<Cov CovItemId="S111" Value="3"/>
<Cov CovItemId="S112" Value="5"/>
<Cov CovItemId="S113" Value="1"/>
<Cov CovItemId="S114" Value="1"/>
<Cov CovItemId="S115" Value="1"/>
<Cov CovItemId="S116" Value="1"/>
<Cov CovItemId="S117" Value="5"/>
<Cov CovItemId="S118" Value="5"/>
<Cov CovItemId="S119" Value="5"/>
<Cov CovItemId="S120" Value="5"/>
<Cov CovItemId="S121" Value="5"/>
<Cov CovItemId="S123" Value="5"/>
<Cov CovItemId="S125" Value="1"/>
<Cov CovItemId="S44" Value="7"/>
<Cov CovItemId="S45" Value="7"/>
<Cov CovItemId="S46" Value="7"/>
<Cov CovItemId="S47" Value="7"/>
<Cov CovItemId="S48" Value="14"/>
<Cov CovItemId="S49" Value="14"/>
<Cov CovItemId="S50" Value="1"/>
<Cov CovItemId="S51" Value="13"/>
<Cov CovItemId="S53" Value="7"/>
<Cov CovItemId="S54" Value="4"/>
<Cov CovItemId="S55" Value="3"/>
<Cov CovItemId="S56" Value="1"/>
<Cov CovItemId="S58" Value="1"/>
<Cov CovItemId="S60" Value="1"/>
<Cov CovItemId="S62" Value="1"/>
<Cov CovItemId="S64" Value="1"/>
<Cov CovItemId="S65" Value="1"/>
<Cov CovItemId="S69" Value="20"/>
<Cov CovItemId="S70" Value="20"/>
<Cov CovItemId="S71" Value="32"/>
<Cov CovItemId="S72" Value="20"/>
<Cov CovItemId="S73" Value="20"/>
<Cov CovItemId="S74" Value="4"/>
<Cov CovItemId="S75" Value="12"/>
<Cov CovItemId="S76" Value="12"/>
<Cov CovItemId="S80" Value="20"/>
<Cov CovItemId="S81" Value="5"/>
<Cov CovItemId="S82" Value="5"/>
<Cov CovItemId="S83" Value="4"/>
<Cov CovItemId="S84" Value="7"/>
<Cov CovItemId="S85" Value="7"/>
<Cov CovItemId="S86" Value="7"/>
<Cov CovItemId="S87" Value="24"/>
<Cov CovItemId="S88" Value="24"/>
<Cov CovItemId="S89" Value="4"/>
<Cov CovItemId="S90" Value="20"/>
<Cov CovItemId="S92" Value="20"/>
<Cov CovItemId="S93" Value="3"/>
<Cov CovItemId="S94" Value="3"/>
<Cov CovItemId="S95" Value="3"/>
<Cov CovItemId="S96" Value="9"/>
<Cov CovItemId="S97" Value="9"/>
</CovPrefix>
</CovList>
<AssgnmntList>
<AssgnmntPrefix RootTermCovItemPrefix="com.aconex.coding.challenge.NumberToAlphaConverter.java">
<AssgnmntListEntry Length="1" RootTermCovItemId="C1">
<MapEntry BoolAssgnmnt="0" Value="7"/>
<MapEntry BoolAssgnmnt="1" Value="14"/>
</AssgnmntListEntry>
<AssgnmntListEntry Length="1" RootTermCovItemId="C11">
<MapEntry BoolAssgnmnt="0" Value="20"/>
<MapEntry BoolAssgnmnt="1" Value="32"/>
</AssgnmntListEntry>
<AssgnmntListEntry Length="1" RootTermCovItemId="C12">
<MapEntry BoolAssgnmnt="0" Value="12"/>
<MapEntry BoolAssgnmnt="1" Value="20"/>
</AssgnmntListEntry>
<AssgnmntListEntry Length="1" RootTermCovItemId="C13">
<MapEntry BoolAssgnmnt="0" Value="16"/>
<MapEntry BoolAssgnmnt="1" Value="4"/>
</AssgnmntListEntry>
<AssgnmntListEntry Length="1" RootTermCovItemId="C14">
<MapEntry BoolAssgnmnt="0" Value="12"/>
</AssgnmntListEntry>
<AssgnmntListEntry Length="1" RootTermCovItemId="C16">
<MapEntry BoolAssgnmnt="0" Value="1"/>
<MapEntry BoolAssgnmnt="1" Value="4"/>
</AssgnmntListEntry>
<AssgnmntListEntry Length="1" RootTermCovItemId="C17">
<MapEntry BoolAssgnmnt="0" Value="20"/>
<MapEntry BoolAssgnmnt="1" Value="4"/>
</AssgnmntListEntry>
<AssgnmntListEntry Length="2" RootTermCovItemId="C18">
<MapEntry BoolAssgnmnt="02" Value="20"/>
</AssgnmntListEntry>
<AssgnmntListEntry Length="1" RootTermCovItemId="C19">
<MapEntry BoolAssgnmnt="0" Value="17"/>
<MapEntry BoolAssgnmnt="1" Value="3"/>
</AssgnmntListEntry>
<AssgnmntListEntry Length="2" RootTermCovItemId="C2">
<MapEntry BoolAssgnmnt="10" Value="13"/>
<MapEntry BoolAssgnmnt="11" Value="1"/>
</AssgnmntListEntry>
<AssgnmntListEntry Length="1" RootTermCovItemId="C20">
<MapEntry BoolAssgnmnt="1" Value="3"/>
</AssgnmntListEntry>
<AssgnmntListEntry Length="1" RootTermCovItemId="C21">
<MapEntry BoolAssgnmnt="0" Value="9"/>
</AssgnmntListEntry>
<AssgnmntListEntry Length="1" RootTermCovItemId="C23">
<MapEntry BoolAssgnmnt="0" Value="16"/>
<MapEntry BoolAssgnmnt="1" Value="4"/>
</AssgnmntListEntry>
<AssgnmntListEntry Length="3" RootTermCovItemId="C24">
<MapEntry BoolAssgnmnt="110" Value="1"/>
<MapEntry BoolAssgnmnt="111" Value="3"/>
</AssgnmntListEntry>
<AssgnmntListEntry Length="1" RootTermCovItemId="C25">
<MapEntry BoolAssgnmnt="1" Value="3"/>
</AssgnmntListEntry>
<AssgnmntListEntry Length="1" RootTermCovItemId="C26">
<MapEntry BoolAssgnmnt="1" Value="1"/>
</AssgnmntListEntry>
<AssgnmntListEntry Length="1" RootTermCovItemId="C27">
<MapEntry BoolAssgnmnt="0" Value="1"/>
<MapEntry BoolAssgnmnt="1" Value="5"/>
</AssgnmntListEntry>
<AssgnmntListEntry Length="1" RootTermCovItemId="C28">
<MapEntry BoolAssgnmnt="1" Value="5"/>
</AssgnmntListEntry>
<AssgnmntListEntry Length="1" RootTermCovItemId="C29">
<MapEntry BoolAssgnmnt="0" Value="5"/>
</AssgnmntListEntry>
<AssgnmntListEntry Length="1" RootTermCovItemId="C3">
<MapEntry BoolAssgnmnt="0" Value="13"/>
</AssgnmntListEntry>
<AssgnmntListEntry Length="2" RootTermCovItemId="C4">
<MapEntry BoolAssgnmnt="10" Value="1"/>
<MapEntry BoolAssgnmnt="11" Value="3"/>
</AssgnmntListEntry>
<AssgnmntListEntry Length="2" RootTermCovItemId="C5">
<MapEntry BoolAssgnmnt="10" Value="1"/>
</AssgnmntListEntry>
<AssgnmntListEntry Length="2" RootTermCovItemId="C6">
<MapEntry BoolAssgnmnt="10" Value="1"/>
</AssgnmntListEntry>
<AssgnmntListEntry Length="2" RootTermCovItemId="C7">
<MapEntry BoolAssgnmnt="10" Value="1"/>
</AssgnmntListEntry>
<AssgnmntListEntry Length="2" RootTermCovItemId="C8">
<MapEntry BoolAssgnmnt="10" Value="1"/>
</AssgnmntListEntry>
<AssgnmntListEntry Length="2" RootTermCovItemId="C9">
<MapEntry BoolAssgnmnt="11" Value="1"/>
</AssgnmntListEntry>
</AssgnmntPrefix>
</AssgnmntList>
<ObjMetaDataList/>
<MetaDataList/>
</TestCase>
<TestCase Comment="" Date="1421694264658" Name="com.aconex.test.TestAconex:testsSingleStringResultWithMultipleDictionaryWordAndSingleNumbersAtRightEnd">
<CovList>
<CovPrefix CovItemPrefix="com.aconex.coding.challenge.NumberToAlphaConverter.java">
<Cov CovItemId="B1" Value="4"/>
<Cov CovItemId="B10" Value="5"/>
<Cov CovItemId="B12" Value="5"/>
<Cov CovItemId="B13" Value="4"/>
<Cov CovItemId="B14" Value="1"/>
<Cov CovItemId="B15" Value="1"/>
<Cov CovItemId="B19" Value="40"/>
<Cov CovItemId="B2" Value="73"/>
<Cov CovItemId="B20" Value="56"/>
<Cov CovItemId="B21" Value="8"/>
<Cov CovItemId="B22" Value="32"/>
<Cov CovItemId="B24" Value="56"/>
<Cov CovItemId="B27" Value="10"/>
<Cov CovItemId="B28" Value="1"/>
<Cov CovItemId="B29" Value="9"/>
<Cov CovItemId="B3" Value="4"/>
<Cov CovItemId="B30" Value="41"/>
<Cov CovItemId="B31" Value="8"/>
<Cov CovItemId="B32" Value="33"/>
<Cov CovItemId="B33" Value="20"/>
<Cov CovItemId="B34" Value="21"/>
<Cov CovItemId="B35" Value="10"/>
<Cov CovItemId="B36" Value="10"/>
<Cov CovItemId="B37" Value="1"/>
<Cov CovItemId="B38" Value="36"/>
<Cov CovItemId="B39" Value="1"/>
<Cov CovItemId="B4" Value="69"/>
<Cov CovItemId="B41" Value="8"/>
<Cov CovItemId="B42" Value="33"/>
<Cov CovItemId="B43" Value="3"/>
<Cov CovItemId="B44" Value="5"/>
<Cov CovItemId="B45" Value="3"/>
<Cov CovItemId="B47" Value="1"/>
<Cov CovItemId="B49" Value="1"/>
<Cov CovItemId="B5" Value="3"/>
<Cov CovItemId="B50" Value="11"/>
<Cov CovItemId="B51" Value="3"/>
<Cov CovItemId="B53" Value="11"/>
<Cov CovItemId="B6" Value="5"/>
<Cov CovItemId="B8" Value="5"/>
<Cov CovItemId="L1-1" Value="3"/>
<Cov CovItemId="L1-2" Value="12"/>
<Cov CovItemId="L2-0" Value="1"/>
<Cov CovItemId="L2-1" Value="20"/>
<Cov CovItemId="L2-2" Value="20"/>
<Cov CovItemId="L3-1" Value="7"/>
<Cov CovItemId="L3-2" Value="3"/>
<Cov CovItemId="L4-2" Value="15"/>
<Cov CovItemId="L5-2" Value="10"/>
<Cov CovItemId="L6-1" Value="8"/>
<Cov CovItemId="L7-2" Value="1"/>
<Cov CovItemId="L8-2" Value="1"/>
<Cov CovItemId="S101" Value="41"/>
<Cov CovItemId="S102" Value="41"/>
<Cov CovItemId="S103" Value="8"/>
<Cov CovItemId="S104" Value="8"/>
<Cov CovItemId="S105" Value="8"/>
<Cov CovItemId="S106" Value="3"/>
<Cov CovItemId="S107" Value="3"/>
<Cov CovItemId="S109" Value="1"/>
<Cov CovItemId="S110" Value="1"/>
<Cov CovItemId="S111" Value="3"/>
<Cov CovItemId="S112" Value="11"/>
<Cov CovItemId="S113" Value="1"/>
<Cov CovItemId="S114" Value="1"/>
<Cov CovItemId="S115" Value="1"/>
<Cov CovItemId="S116" Value="1"/>
<Cov CovItemId="S117" Value="14"/>
<Cov CovItemId="S118" Value="14"/>
<Cov CovItemId="S119" Value="11"/>
<Cov CovItemId="S120" Value="11"/>
<Cov CovItemId="S121" Value="11"/>
<Cov CovItemId="S123" Value="11"/>
<Cov CovItemId="S125" Value="1"/>
<Cov CovItemId="S44" Value="15"/>
<Cov CovItemId="S45" Value="15"/>
<Cov CovItemId="S46" Value="15"/>
<Cov CovItemId="S47" Value="15"/>
<Cov CovItemId="S48" Value="77"/>
<Cov CovItemId="S49" Value="77"/>
<Cov CovItemId="S50" Value="4"/>
<Cov CovItemId="S51" Value="73"/>
<Cov CovItemId="S52" Value="4"/>
<Cov CovItemId="S53" Value="15"/>
<Cov CovItemId="S54" Value="8"/>
<Cov CovItemId="S55" Value="3"/>
<Cov CovItemId="S56" Value="5"/>
<Cov CovItemId="S58" Value="5"/>
<Cov CovItemId="S60" Value="5"/>
<Cov CovItemId="S62" Value="5"/>
<Cov CovItemId="S63" Value="4"/>
<Cov CovItemId="S64" Value="1"/>
<Cov CovItemId="S65" Value="1"/>
<Cov CovItemId="S69" Value="41"/>
<Cov CovItemId="S70" Value="41"/>
<Cov CovItemId="S71" Value="96"/>
<Cov CovItemId="S72" Value="40"/>
<Cov CovItemId="S73" Value="40"/>
<Cov CovItemId="S74" Value="8"/>
<Cov CovItemId="S75" Value="56"/>
<Cov CovItemId="S76" Value="56"/>
<Cov CovItemId="S80" Value="41"/>
<Cov CovItemId="S81" Value="11"/>
<Cov CovItemId="S82" Value="11"/>
<Cov CovItemId="S83" Value="10"/>
<Cov CovItemId="S84" Value="15"/>
<Cov CovItemId="S85" Value="15"/>
<Cov CovItemId="S86" Value="15"/>
<Cov CovItemId="S87" Value="50"/>
<Cov CovItemId="S88" Value="50"/>
<Cov CovItemId="S89" Value="9"/>
<Cov CovItemId="S90" Value="41"/>
<Cov CovItemId="S91" Value="8"/>
<Cov CovItemId="S92" Value="41"/>
<Cov CovItemId="S93" Value="20"/>
<Cov CovItemId="S94" Value="20"/>
<Cov CovItemId="S95" Value="10"/>
<Cov CovItemId="S96" Value="37"/>
<Cov CovItemId="S97" Value="37"/>
<Cov CovItemId="S98" Value="1"/>
<Cov CovItemId="S99" Value="1"/>
</CovPrefix>
</CovList>
<AssgnmntList>
<AssgnmntPrefix RootTermCovItemPrefix="com.aconex.coding.challenge.NumberToAlphaConverter.java">
<AssgnmntListEntry Length="1" RootTermCovItemId="C1">
<MapEntry BoolAssgnmnt="0" Value="15"/>
<MapEntry BoolAssgnmnt="1" Value="77"/>
</AssgnmntListEntry>
<AssgnmntListEntry Length="1" RootTermCovItemId="C11">
<MapEntry BoolAssgnmnt="0" Value="41"/>
<MapEntry BoolAssgnmnt="1" Value="96"/>
</AssgnmntListEntry>
<AssgnmntListEntry Length="1" RootTermCovItemId="C12">
<MapEntry BoolAssgnmnt="0" Value="56"/>
<MapEntry BoolAssgnmnt="1" Value="40"/>
</AssgnmntListEntry>
<AssgnmntListEntry Length="1" RootTermCovItemId="C13">
<MapEntry BoolAssgnmnt="0" Value="32"/>
<MapEntry BoolAssgnmnt="1" Value="8"/>
</AssgnmntListEntry>
<AssgnmntListEntry Length="1" RootTermCovItemId="C14">
<MapEntry BoolAssgnmnt="0" Value="56"/>
</AssgnmntListEntry>
<AssgnmntListEntry Length="1" RootTermCovItemId="C16">
<MapEntry BoolAssgnmnt="0" Value="1"/>
<MapEntry BoolAssgnmnt="1" Value="10"/>
</AssgnmntListEntry>
<AssgnmntListEntry Length="1" RootTermCovItemId="C17">
<MapEntry BoolAssgnmnt="0" Value="41"/>
<MapEntry BoolAssgnmnt="1" Value="9"/>
</AssgnmntListEntry>
<AssgnmntListEntry Length="2" RootTermCovItemId="C18">
<MapEntry BoolAssgnmnt="02" Value="33"/>
<MapEntry BoolAssgnmnt="11" Value="8"/>
</AssgnmntListEntry>
<AssgnmntListEntry Length="1" RootTermCovItemId="C19">
<MapEntry BoolAssgnmnt="0" Value="21"/>
<MapEntry BoolAssgnmnt="1" Value="20"/>
</AssgnmntListEntry>
<AssgnmntListEntry Length="2" RootTermCovItemId="C2">
<MapEntry BoolAssgnmnt="10" Value="69"/>
<MapEntry BoolAssgnmnt="02" Value="4"/>
<MapEntry BoolAssgnmnt="11" Value="4"/>
</AssgnmntListEntry>
<AssgnmntListEntry Length="1" RootTermCovItemId="C20">
<MapEntry BoolAssgnmnt="0" Value="10"/>
<MapEntry BoolAssgnmnt="1" Value="10"/>
</AssgnmntListEntry>
<AssgnmntListEntry Length="1" RootTermCovItemId="C21">
<MapEntry BoolAssgnmnt="0" Value="36"/>
<MapEntry BoolAssgnmnt="1" Value="1"/>
</AssgnmntListEntry>
<AssgnmntListEntry Length="1" RootTermCovItemId="C22">
<MapEntry BoolAssgnmnt="1" Value="1"/>
</AssgnmntListEntry>
<AssgnmntListEntry Length="1" RootTermCovItemId="C23">
<MapEntry BoolAssgnmnt="0" Value="33"/>
<MapEntry BoolAssgnmnt="1" Value="8"/>
</AssgnmntListEntry>
<AssgnmntListEntry Length="3" RootTermCovItemId="C24">
<MapEntry BoolAssgnmnt="110" Value="5"/>
<MapEntry BoolAssgnmnt="111" Value="3"/>
</AssgnmntListEntry>
<AssgnmntListEntry Length="1" RootTermCovItemId="C25">
<MapEntry BoolAssgnmnt="1" Value="3"/>
</AssgnmntListEntry>
<AssgnmntListEntry Length="1" RootTermCovItemId="C26">
<MapEntry BoolAssgnmnt="1" Value="1"/>
</AssgnmntListEntry>
<AssgnmntListEntry Length="1" RootTermCovItemId="C27">
<MapEntry BoolAssgnmnt="0" Value="1"/>
<MapEntry BoolAssgnmnt="1" Value="14"/>
</AssgnmntListEntry>
<AssgnmntListEntry Length="1" RootTermCovItemId="C28">
<MapEntry BoolAssgnmnt="0" Value="3"/>
<MapEntry BoolAssgnmnt="1" Value="11"/>
</AssgnmntListEntry>
<AssgnmntListEntry Length="1" RootTermCovItemId="C29">
<MapEntry BoolAssgnmnt="0" Value="11"/>
</AssgnmntListEntry>
<AssgnmntListEntry Length="1" RootTermCovItemId="C3">
<MapEntry BoolAssgnmnt="0" Value="69"/>
<MapEntry BoolAssgnmnt="1" Value="4"/>
</AssgnmntListEntry>
<AssgnmntListEntry Length="2" RootTermCovItemId="C4">
<MapEntry BoolAssgnmnt="10" Value="5"/>
<MapEntry BoolAssgnmnt="11" Value="3"/>
</AssgnmntListEntry>
<AssgnmntListEntry Length="2" RootTermCovItemId="C5">
<MapEntry BoolAssgnmnt="10" Value="5"/>
</AssgnmntListEntry>
<AssgnmntListEntry Length="2" RootTermCovItemId="C6">
<MapEntry BoolAssgnmnt="10" Value="5"/>
</AssgnmntListEntry>
<AssgnmntListEntry Length="2" RootTermCovItemId="C7">
<MapEntry BoolAssgnmnt="10" Value="5"/>
</AssgnmntListEntry>
<AssgnmntListEntry Length="2" RootTermCovItemId="C8">
<MapEntry BoolAssgnmnt="10" Value="1"/>
<MapEntry BoolAssgnmnt="11" Value="4"/>
</AssgnmntListEntry>
<AssgnmntListEntry Length="2" RootTermCovItemId="C9">
<MapEntry BoolAssgnmnt="11" Value="1"/>
</AssgnmntListEntry>
</AssgnmntPrefix>
</AssgnmntList>
<ObjMetaDataList/>
<MetaDataList/>
</TestCase>
<MetaDataList/>
</TestSession>
<TestSession Comment="" Date="1421694279776" Name="20 Jan, 2015 12:34:39 AM">
<TestCase Comment="" Date="1421694279697" Name="com.aconex.test.TestAconex:checkForSimpleConversionWithMultipleResult">
<CovList>
<CovPrefix CovItemPrefix="com.aconex.coding.challenge.NumberToAlphaConverter.java">
<Cov CovItemId="B1" Value="7"/>
<Cov CovItemId="B10" Value="6"/>
<Cov CovItemId="B12" Value="6"/>
<Cov CovItemId="B13" Value="5"/>
<Cov CovItemId="B14" Value="1"/>
<Cov CovItemId="B15" Value="1"/>
<Cov CovItemId="B19" Value="40"/>
<Cov CovItemId="B2" Value="50"/>
<Cov CovItemId="B20" Value="66"/>
<Cov CovItemId="B21" Value="10"/>
<Cov CovItemId="B22" Value="30"/>
<Cov CovItemId="B24" Value="66"/>
<Cov CovItemId="B27" Value="5"/>
<Cov CovItemId="B28" Value="1"/>
<Cov CovItemId="B29" Value="15"/>
<Cov CovItemId="B30" Value="43"/>
<Cov CovItemId="B31" Value="3"/>
<Cov CovItemId="B32" Value="40"/>
<Cov CovItemId="B33" Value="14"/>
<Cov CovItemId="B34" Value="29"/>
<Cov CovItemId="B35" Value="14"/>
<Cov CovItemId="B37" Value="3"/>
<Cov CovItemId="B38" Value="39"/>
<Cov CovItemId="B4" Value="50"/>
<Cov CovItemId="B40" Value="3"/>
<Cov CovItemId="B41" Value="10"/>
<Cov CovItemId="B42" Value="33"/>
<Cov CovItemId="B43" Value="5"/>
<Cov CovItemId="B44" Value="5"/>
<Cov CovItemId="B45" Value="5"/>
<Cov CovItemId="B47" Value="1"/>
<Cov CovItemId="B49" Value="1"/>
<Cov CovItemId="B5" Value="4"/>
<Cov CovItemId="B50" Value="6"/>
<Cov CovItemId="B53" Value="6"/>
<Cov CovItemId="B6" Value="6"/>
<Cov CovItemId="B8" Value="6"/>
<Cov CovItemId="L1-1" Value="3"/>
<Cov CovItemId="L1-2" Value="15"/>
<Cov CovItemId="L2-0" Value="3"/>
<Cov CovItemId="L2-1" Value="16"/>
<Cov CovItemId="L2-2" Value="24"/>
<Cov CovItemId="L3-2" Value="5"/>
<Cov CovItemId="L4-2" Value="18"/>
<Cov CovItemId="L5-2" Value="14"/>
<Cov CovItemId="L6-1" Value="10"/>
<Cov CovItemId="L7-2" Value="1"/>
<Cov CovItemId="L8-2" Value="1"/>
<Cov CovItemId="S1" Value="1"/>
<Cov CovItemId="S10" Value="1"/>
<Cov CovItemId="S100" Value="3"/>
<Cov CovItemId="S101" Value="43"/>
<Cov CovItemId="S102" Value="43"/>
<Cov CovItemId="S103" Value="10"/>
<Cov CovItemId="S104" Value="10"/>
<Cov CovItemId="S105" Value="10"/>
<Cov CovItemId="S106" Value="5"/>
<Cov CovItemId="S107" Value="5"/>
<Cov CovItemId="S109" Value="1"/>
<Cov CovItemId="S11" Value="1"/>
<Cov CovItemId="S110" Value="1"/>
<Cov CovItemId="S111" Value="3"/>
<Cov CovItemId="S112" Value="6"/>
<Cov CovItemId="S113" Value="1"/>
<Cov CovItemId="S114" Value="1"/>
<Cov CovItemId="S115" Value="1"/>
<Cov CovItemId="S116" Value="1"/>
<Cov CovItemId="S117" Value="6"/>
<Cov CovItemId="S118" Value="6"/>
<Cov CovItemId="S119" Value="6"/>
<Cov CovItemId="S12" Value="1"/>
<Cov CovItemId="S120" Value="6"/>
<Cov CovItemId="S121" Value="6"/>
<Cov CovItemId="S123" Value="6"/>
<Cov CovItemId="S125" Value="1"/>
<Cov CovItemId="S13" Value="1"/>
<Cov CovItemId="S14" Value="1"/>
<Cov CovItemId="S15" Value="1"/>
<Cov CovItemId="S16" Value="1"/>
<Cov CovItemId="S17" Value="1"/>
<Cov CovItemId="S18" Value="1"/>
<Cov CovItemId="S19" Value="1"/>
<Cov CovItemId="S2" Value="1"/>
<Cov CovItemId="S20" Value="1"/>
<Cov CovItemId="S21" Value="1"/>
<Cov CovItemId="S22" Value="1"/>
<Cov CovItemId="S23" Value="1"/>
<Cov CovItemId="S24" Value="1"/>
<Cov CovItemId="S25" Value="1"/>
<Cov CovItemId="S26" Value="1"/>
<Cov CovItemId="S27" Value="1"/>
<Cov CovItemId="S28" Value="1"/>
<Cov CovItemId="S29" Value="1"/>
<Cov CovItemId="S3" Value="1"/>
<Cov CovItemId="S30" Value="1"/>
<Cov CovItemId="S31" Value="1"/>
<Cov CovItemId="S32" Value="1"/>
<Cov CovItemId="S33" Value="1"/>
<Cov CovItemId="S34" Value="1"/>
<Cov CovItemId="S35" Value="1"/>
<Cov CovItemId="S36" Value="1"/>
<Cov CovItemId="S37" Value="1"/>
<Cov CovItemId="S38" Value="1"/>
<Cov CovItemId="S39" Value="1"/>
<Cov CovItemId="S4" Value="1"/>
<Cov CovItemId="S40" Value="1"/>
<Cov CovItemId="S41" Value="1"/>
<Cov CovItemId="S42" Value="1"/>
<Cov CovItemId="S43" Value="1"/>
<Cov CovItemId="S44" Value="18"/>
<Cov CovItemId="S45" Value="18"/>
<Cov CovItemId="S46" Value="18"/>
<Cov CovItemId="S47" Value="18"/>
<Cov CovItemId="S48" Value="57"/>
<Cov CovItemId="S49" Value="57"/>
<Cov CovItemId="S5" Value="1"/>
<Cov CovItemId="S50" Value="7"/>
<Cov CovItemId="S51" Value="50"/>
<Cov CovItemId="S53" Value="18"/>
<Cov CovItemId="S54" Value="10"/>
<Cov CovItemId="S55" Value="4"/>
<Cov CovItemId="S56" Value="6"/>
<Cov CovItemId="S58" Value="6"/>
<Cov CovItemId="S6" Value="1"/>
<Cov CovItemId="S60" Value="6"/>
<Cov CovItemId="S62" Value="6"/>
<Cov CovItemId="S63" Value="5"/>
<Cov CovItemId="S64" Value="1"/>
<Cov CovItemId="S65" Value="1"/>
<Cov CovItemId="S69" Value="43"/>
<Cov CovItemId="S7" Value="1"/>
<Cov CovItemId="S70" Value="43"/>
<Cov CovItemId="S71" Value="106"/>
<Cov CovItemId="S72" Value="40"/>
<Cov CovItemId="S73" Value="40"/>
<Cov CovItemId="S74" Value="10"/>
<Cov CovItemId="S75" Value="66"/>
<Cov CovItemId="S76" Value="66"/>
<Cov CovItemId="S8" Value="1"/>
<Cov CovItemId="S80" Value="43"/>
<Cov CovItemId="S81" Value="6"/>
<Cov CovItemId="S82" Value="6"/>
<Cov CovItemId="S83" Value="5"/>
<Cov CovItemId="S84" Value="18"/>
<Cov CovItemId="S85" Value="18"/>
<Cov CovItemId="S86" Value="18"/>
<Cov CovItemId="S87" Value="58"/>
<Cov CovItemId="S88" Value="58"/>
<Cov CovItemId="S89" Value="15"/>
<Cov CovItemId="S9" Value="1"/>
<Cov CovItemId="S90" Value="43"/>
<Cov CovItemId="S91" Value="3"/>
<Cov CovItemId="S92" Value="43"/>
<Cov CovItemId="S93" Value="14"/>
<Cov CovItemId="S94" Value="14"/>
<Cov CovItemId="S95" Value="14"/>
<Cov CovItemId="S96" Value="42"/>
<Cov CovItemId="S97" Value="42"/>
<Cov CovItemId="S98" Value="3"/>
</CovPrefix>
</CovList>
<AssgnmntList>
<AssgnmntPrefix RootTermCovItemPrefix="com.aconex.coding.challenge.NumberToAlphaConverter.java">
<AssgnmntListEntry Length="1" RootTermCovItemId="C1">
<MapEntry BoolAssgnmnt="0" Value="18"/>
<MapEntry BoolAssgnmnt="1" Value="57"/>
</AssgnmntListEntry>
<AssgnmntListEntry Length="1" RootTermCovItemId="C11">
<MapEntry BoolAssgnmnt="0" Value="43"/>
<MapEntry BoolAssgnmnt="1" Value="106"/>
</AssgnmntListEntry>
<AssgnmntListEntry Length="1" RootTermCovItemId="C12">
<MapEntry BoolAssgnmnt="0" Value="66"/>
<MapEntry BoolAssgnmnt="1" Value="40"/>
</AssgnmntListEntry>
<AssgnmntListEntry Length="1" RootTermCovItemId="C13">
<MapEntry BoolAssgnmnt="0" Value="30"/>
<MapEntry BoolAssgnmnt="1" Value="10"/>
</AssgnmntListEntry>
<AssgnmntListEntry Length="1" RootTermCovItemId="C14">
<MapEntry BoolAssgnmnt="0" Value="66"/>
</AssgnmntListEntry>
<AssgnmntListEntry Length="1" RootTermCovItemId="C16">
<MapEntry BoolAssgnmnt="0" Value="1"/>
<MapEntry BoolAssgnmnt="1" Value="5"/>
</AssgnmntListEntry>
<AssgnmntListEntry Length="1" RootTermCovItemId="C17">
<MapEntry BoolAssgnmnt="0" Value="43"/>
<MapEntry BoolAssgnmnt="1" Value="15"/>
</AssgnmntListEntry>
<AssgnmntListEntry Length="2" RootTermCovItemId="C18">
<MapEntry BoolAssgnmnt="02" Value="40"/>
<MapEntry BoolAssgnmnt="11" Value="3"/>
</AssgnmntListEntry>
<AssgnmntListEntry Length="1" RootTermCovItemId="C19">
<MapEntry BoolAssgnmnt="0" Value="29"/>
<MapEntry BoolAssgnmnt="1" Value="14"/>
</AssgnmntListEntry>
<AssgnmntListEntry Length="2" RootTermCovItemId="C2">
<MapEntry BoolAssgnmnt="10" Value="50"/>
<MapEntry BoolAssgnmnt="11" Value="7"/>
</AssgnmntListEntry>
<AssgnmntListEntry Length="1" RootTermCovItemId="C20">
<MapEntry BoolAssgnmnt="1" Value="14"/>
</AssgnmntListEntry>
<AssgnmntListEntry Length="1" RootTermCovItemId="C21">
<MapEntry BoolAssgnmnt="0" Value="39"/>
<MapEntry BoolAssgnmnt="1" Value="3"/>
</AssgnmntListEntry>
<AssgnmntListEntry Length="1" RootTermCovItemId="C22">
<MapEntry BoolAssgnmnt="0" Value="3"/>
</AssgnmntListEntry>
<AssgnmntListEntry Length="1" RootTermCovItemId="C23">
<MapEntry BoolAssgnmnt="0" Value="33"/>
<MapEntry BoolAssgnmnt="1" Value="10"/>
</AssgnmntListEntry>
<AssgnmntListEntry Length="3" RootTermCovItemId="C24">
<MapEntry BoolAssgnmnt="110" Value="5"/>
<MapEntry BoolAssgnmnt="111" Value="5"/>
</AssgnmntListEntry>
<AssgnmntListEntry Length="1" RootTermCovItemId="C25">
<MapEntry BoolAssgnmnt="1" Value="5"/>
</AssgnmntListEntry>
<AssgnmntListEntry Length="1" RootTermCovItemId="C26">
<MapEntry BoolAssgnmnt="1" Value="1"/>
</AssgnmntListEntry>
<AssgnmntListEntry Length="1" RootTermCovItemId="C27">
<MapEntry BoolAssgnmnt="0" Value="1"/>
<MapEntry BoolAssgnmnt="1" Value="6"/>
</AssgnmntListEntry>
<AssgnmntListEntry Length="1" RootTermCovItemId="C28">
<MapEntry BoolAssgnmnt="1" Value="6"/>
</AssgnmntListEntry>
<AssgnmntListEntry Length="1" RootTermCovItemId="C29">
<MapEntry BoolAssgnmnt="0" Value="6"/>
</AssgnmntListEntry>
<AssgnmntListEntry Length="1" RootTermCovItemId="C3">
<MapEntry BoolAssgnmnt="0" Value="50"/>
</AssgnmntListEntry>
<AssgnmntListEntry Length="2" RootTermCovItemId="C4">
<MapEntry BoolAssgnmnt="10" Value="6"/>
<MapEntry BoolAssgnmnt="11" Value="4"/>
</AssgnmntListEntry>
<AssgnmntListEntry Length="2" RootTermCovItemId="C5">
<MapEntry BoolAssgnmnt="10" Value="6"/>
</AssgnmntListEntry>
<AssgnmntListEntry Length="2" RootTermCovItemId="C6">
<MapEntry BoolAssgnmnt="10" Value="6"/>
</AssgnmntListEntry>
<AssgnmntListEntry Length="2" RootTermCovItemId="C7">
<MapEntry BoolAssgnmnt="10" Value="6"/>
</AssgnmntListEntry>
<AssgnmntListEntry Length="2" RootTermCovItemId="C8">
<MapEntry BoolAssgnmnt="10" Value="1"/>
<MapEntry BoolAssgnmnt="11" Value="5"/>
</AssgnmntListEntry>
<AssgnmntListEntry Length="2" RootTermCovItemId="C9">
<MapEntry BoolAssgnmnt="11" Value="1"/>
</AssgnmntListEntry>
</AssgnmntPrefix>
</AssgnmntList>
<ObjMetaDataList/>
<MetaDataList/>
</TestCase>
<TestCase Comment="" Date="1421694279707" Name="com.aconex.test.TestAconex:testsSingleStringResultWithMultipleDictionaryWordAndNumbersAtEndsAndInBetween">
<CovList>
<CovPrefix CovItemPrefix="com.aconex.coding.challenge.NumberToAlphaConverter.java">
<Cov CovItemId="B1" Value="36"/>
<Cov CovItemId="B10" Value="10"/>
<Cov CovItemId="B11" Value="8"/>
<Cov CovItemId="B12" Value="2"/>
<Cov CovItemId="B14" Value="2"/>
<Cov CovItemId="B15" Value="2"/>
<Cov CovItemId="B19" Value="51"/>
<Cov CovItemId="B2" Value="139"/>
<Cov CovItemId="B20" Value="84"/>
<Cov CovItemId="B21" Value="12"/>
<Cov CovItemId="B22" Value="39"/>
<Cov CovItemId="B24" Value="84"/>
<Cov CovItemId="B27" Value="18"/>
<Cov CovItemId="B28" Value="1"/>
<Cov CovItemId="B29" Value="14"/>
<Cov CovItemId="B30" Value="56"/>
<Cov CovItemId="B31" Value="11"/>
<Cov CovItemId="B32" Value="45"/>
<Cov CovItemId="B33" Value="47"/>
<Cov CovItemId="B34" Value="9"/>
<Cov CovItemId="B35" Value="47"/>
<Cov CovItemId="B38" Value="157"/>
<Cov CovItemId="B4" Value="139"/>
<Cov CovItemId="B41" Value="12"/>
<Cov CovItemId="B42" Value="44"/>
<Cov CovItemId="B43" Value="6"/>
<Cov CovItemId="B44" Value="6"/>
<Cov CovItemId="B45" Value="6"/>
<Cov CovItemId="B47" Value="1"/>
<Cov CovItemId="B49" Value="1"/>
<Cov CovItemId="B5" Value="2"/>
<Cov CovItemId="B50" Value="19"/>
<Cov CovItemId="B51" Value="7"/>
<Cov CovItemId="B53" Value="19"/>
<Cov CovItemId="B6" Value="10"/>
<Cov CovItemId="B8" Value="10"/>
<Cov CovItemId="L1-1" Value="3"/>
<Cov CovItemId="L1-2" Value="18"/>
<Cov CovItemId="L2-0" Value="5"/>
<Cov CovItemId="L2-1" Value="20"/>
<Cov CovItemId="L2-2" Value="31"/>
<Cov CovItemId="L3-1" Value="16"/>
<Cov CovItemId="L3-2" Value="2"/>
<Cov CovItemId="L4-2" Value="21"/>
<Cov CovItemId="L5-2" Value="47"/>
<Cov CovItemId="L6-1" Value="12"/>
<Cov CovItemId="L7-2" Value="1"/>
<Cov CovItemId="L8-2" Value="1"/>
<Cov CovItemId="S101" Value="56"/>
<Cov CovItemId="S102" Value="56"/>
<Cov CovItemId="S103" Value="12"/>
<Cov CovItemId="S104" Value="12"/>
<Cov CovItemId="S105" Value="12"/>
<Cov CovItemId="S106" Value="6"/>
<Cov CovItemId="S107" Value="6"/>
<Cov CovItemId="S109" Value="1"/>
<Cov CovItemId="S110" Value="1"/>
<Cov CovItemId="S111" Value="3"/>
<Cov CovItemId="S112" Value="19"/>
<Cov CovItemId="S113" Value="1"/>
<Cov CovItemId="S114" Value="1"/>
<Cov CovItemId="S115" Value="1"/>
<Cov CovItemId="S116" Value="1"/>
<Cov CovItemId="S117" Value="26"/>
<Cov CovItemId="S118" Value="26"/>
<Cov CovItemId="S119" Value="19"/>
<Cov CovItemId="S120" Value="19"/>
<Cov CovItemId="S121" Value="19"/>
<Cov CovItemId="S123" Value="19"/>
<Cov CovItemId="S125" Value="1"/>
<Cov CovItemId="S44" Value="21"/>
<Cov CovItemId="S45" Value="21"/>
<Cov CovItemId="S46" Value="21"/>
<Cov CovItemId="S47" Value="21"/>
<Cov CovItemId="S48" Value="175"/>
<Cov CovItemId="S49" Value="175"/>
<Cov CovItemId="S50" Value="36"/>
<Cov CovItemId="S51" Value="139"/>
<Cov CovItemId="S53" Value="21"/>
<Cov CovItemId="S54" Value="12"/>
<Cov CovItemId="S55" Value="2"/>
<Cov CovItemId="S56" Value="10"/>
<Cov CovItemId="S58" Value="10"/>
<Cov CovItemId="S60" Value="10"/>
<Cov CovItemId="S61" Value="8"/>
<Cov CovItemId="S62" Value="2"/>
<Cov CovItemId="S64" Value="2"/>
<Cov CovItemId="S65" Value="2"/>
<Cov CovItemId="S69" Value="56"/>
<Cov CovItemId="S70" Value="56"/>
<Cov CovItemId="S71" Value="135"/>
<Cov CovItemId="S72" Value="51"/>
<Cov CovItemId="S73" Value="51"/>
<Cov CovItemId="S74" Value="12"/>
<Cov CovItemId="S75" Value="84"/>
<Cov CovItemId="S76" Value="84"/>
<Cov CovItemId="S80" Value="56"/>
<Cov CovItemId="S81" Value="19"/>
<Cov CovItemId="S82" Value="19"/>
<Cov CovItemId="S83" Value="18"/>
<Cov CovItemId="S84" Value="21"/>
<Cov CovItemId="S85" Value="21"/>
<Cov CovItemId="S86" Value="21"/>
<Cov CovItemId="S87" Value="70"/>
<Cov CovItemId="S88" Value="70"/>
<Cov CovItemId="S89" Value="14"/>
<Cov CovItemId="S90" Value="56"/>
<Cov CovItemId="S91" Value="11"/>
<Cov CovItemId="S92" Value="56"/>
<Cov CovItemId="S93" Value="47"/>
<Cov CovItemId="S94" Value="47"/>
<Cov CovItemId="S95" Value="47"/>
<Cov CovItemId="S96" Value="157"/>
<Cov CovItemId="S97" Value="157"/>
</CovPrefix>
</CovList>
<AssgnmntList>
<AssgnmntPrefix RootTermCovItemPrefix="com.aconex.coding.challenge.NumberToAlphaConverter.java">
<AssgnmntListEntry Length="1" RootTermCovItemId="C1">
<MapEntry BoolAssgnmnt="0" Value="21"/>
<MapEntry BoolAssgnmnt="1" Value="175"/>
</AssgnmntListEntry>
<AssgnmntListEntry Length="1" RootTermCovItemId="C11">
<MapEntry BoolAssgnmnt="0" Value="56"/>
<MapEntry BoolAssgnmnt="1" Value="135"/>
</AssgnmntListEntry>
<AssgnmntListEntry Length="1" RootTermCovItemId="C12">
<MapEntry BoolAssgnmnt="0" Value="84"/>
<MapEntry BoolAssgnmnt="1" Value="51"/>
</AssgnmntListEntry>
<AssgnmntListEntry Length="1" RootTermCovItemId="C13">
<MapEntry BoolAssgnmnt="0" Value="39"/>
<MapEntry BoolAssgnmnt="1" Value="12"/>
</AssgnmntListEntry>
<AssgnmntListEntry Length="1" RootTermCovItemId="C14">
<MapEntry BoolAssgnmnt="0" Value="84"/>
</AssgnmntListEntry>
<AssgnmntListEntry Length="1" RootTermCovItemId="C16">
<MapEntry BoolAssgnmnt="0" Value="1"/>
<MapEntry BoolAssgnmnt="1" Value="18"/>
</AssgnmntListEntry>
<AssgnmntListEntry Length="1" RootTermCovItemId="C17">
<MapEntry BoolAssgnmnt="0" Value="56"/>
<MapEntry BoolAssgnmnt="1" Value="14"/>
</AssgnmntListEntry>
<AssgnmntListEntry Length="2" RootTermCovItemId="C18">
<MapEntry BoolAssgnmnt="02" Value="45"/>
<MapEntry BoolAssgnmnt="11" Value="11"/>
</AssgnmntListEntry>
<AssgnmntListEntry Length="1" RootTermCovItemId="C19">
<MapEntry BoolAssgnmnt="0" Value="9"/>
<MapEntry BoolAssgnmnt="1" Value="47"/>
</AssgnmntListEntry>
<AssgnmntListEntry Length="2" RootTermCovItemId="C2">
<MapEntry BoolAssgnmnt="10" Value="139"/>
<MapEntry BoolAssgnmnt="11" Value="36"/>
</AssgnmntListEntry>
<AssgnmntListEntry Length="1" RootTermCovItemId="C20">
<MapEntry BoolAssgnmnt="1" Value="47"/>
</AssgnmntListEntry>
<AssgnmntListEntry Length="1" RootTermCovItemId="C21">
<MapEntry BoolAssgnmnt="0" Value="157"/>
</AssgnmntListEntry>
<AssgnmntListEntry Length="1" RootTermCovItemId="C23">
<MapEntry BoolAssgnmnt="0" Value="44"/>
<MapEntry BoolAssgnmnt="1" Value="12"/>
</AssgnmntListEntry>
<AssgnmntListEntry Length="3" RootTermCovItemId="C24">
<MapEntry BoolAssgnmnt="110" Value="6"/>
<MapEntry BoolAssgnmnt="111" Value="6"/>
</AssgnmntListEntry>
<AssgnmntListEntry Length="1" RootTermCovItemId="C25">
<MapEntry BoolAssgnmnt="1" Value="6"/>
</AssgnmntListEntry>
<AssgnmntListEntry Length="1" RootTermCovItemId="C26">
<MapEntry BoolAssgnmnt="1" Value="1"/>
</AssgnmntListEntry>
<AssgnmntListEntry Length="1" RootTermCovItemId="C27">
<MapEntry BoolAssgnmnt="0" Value="1"/>
<MapEntry BoolAssgnmnt="1" Value="26"/>
</AssgnmntListEntry>
<AssgnmntListEntry Length="1" RootTermCovItemId="C28">
<MapEntry BoolAssgnmnt="0" Value="7"/>
<MapEntry BoolAssgnmnt="1" Value="19"/>
</AssgnmntListEntry>
<AssgnmntListEntry Length="1" RootTermCovItemId="C29">
<MapEntry BoolAssgnmnt="0" Value="19"/>
</AssgnmntListEntry>
<AssgnmntListEntry Length="1" RootTermCovItemId="C3">
<MapEntry BoolAssgnmnt="0" Value="139"/>
</AssgnmntListEntry>
<AssgnmntListEntry Length="2" RootTermCovItemId="C4">
<MapEntry BoolAssgnmnt="10" Value="10"/>
<MapEntry BoolAssgnmnt="11" Value="2"/>
</AssgnmntListEntry>
<AssgnmntListEntry Length="2" RootTermCovItemId="C5">
<MapEntry BoolAssgnmnt="10" Value="10"/>
</AssgnmntListEntry>
<AssgnmntListEntry Length="2" RootTermCovItemId="C6">
<MapEntry BoolAssgnmnt="10" Value="10"/>
</AssgnmntListEntry>
<AssgnmntListEntry Length="2" RootTermCovItemId="C7">
<MapEntry BoolAssgnmnt="10" Value="2"/>
<MapEntry BoolAssgnmnt="11" Value="8"/>
</AssgnmntListEntry>
<AssgnmntListEntry Length="2" RootTermCovItemId="C8">
<MapEntry BoolAssgnmnt="10" Value="2"/>
</AssgnmntListEntry>
<AssgnmntListEntry Length="2" RootTermCovItemId="C9">
<MapEntry BoolAssgnmnt="11" Value="2"/>
</AssgnmntListEntry>
</AssgnmntPrefix>
</AssgnmntList>
<ObjMetaDataList/>
<MetaDataList/>
</TestCase>
<TestCase Comment="" Date="1421694279713" Name="com.aconex.test.TestAconex:testsResultWithMultipleDictionaryWordAndNumbersConsecutiveInResult">
<CovList>
<CovPrefix CovItemPrefix="com.aconex.coding.challenge.NumberToAlphaConverter.java">
<Cov CovItemId="B1" Value="28"/>
<Cov CovItemId="B10" Value="12"/>
<Cov CovItemId="B11" Value="12"/>
<Cov CovItemId="B19" Value="70"/>
<Cov CovItemId="B2" Value="86"/>
<Cov CovItemId="B20" Value="54"/>
<Cov CovItemId="B21" Value="20"/>
<Cov CovItemId="B22" Value="50"/>
<Cov CovItemId="B24" Value="54"/>
<Cov CovItemId="B27" Value="18"/>
<Cov CovItemId="B28" Value="2"/>
<Cov CovItemId="B29" Value="14"/>
<Cov CovItemId="B30" Value="72"/>
<Cov CovItemId="B31" Value="6"/>
<Cov CovItemId="B32" Value="66"/>
<Cov CovItemId="B33" Value="54"/>
<Cov CovItemId="B34" Value="18"/>
<Cov CovItemId="B35" Value="54"/>
<Cov CovItemId="B38" Value="162"/>
<Cov CovItemId="B4" Value="86"/>
<Cov CovItemId="B41" Value="20"/>
<Cov CovItemId="B42" Value="52"/>
<Cov CovItemId="B43" Value="12"/>
<Cov CovItemId="B44" Value="8"/>
<Cov CovItemId="B45" Value="12"/>
<Cov CovItemId="B47" Value="2"/>
<Cov CovItemId="B49" Value="2"/>
<Cov CovItemId="B5" Value="8"/>
<Cov CovItemId="B50" Value="20"/>
<Cov CovItemId="B51" Value="4"/>
<Cov CovItemId="B52" Value="2"/>
<Cov CovItemId="B53" Value="18"/>
<Cov CovItemId="B6" Value="12"/>
<Cov CovItemId="B8" Value="12"/>
<Cov CovItemId="L1-1" Value="6"/>
<Cov CovItemId="L1-2" Value="20"/>
<Cov CovItemId="L2-0" Value="2"/>
<Cov CovItemId="L2-1" Value="46"/>
<Cov CovItemId="L2-2" Value="24"/>
<Cov CovItemId="L3-1" Value="12"/>
<Cov CovItemId="L3-2" Value="6"/>
<Cov CovItemId="L4-2" Value="26"/>
<Cov CovItemId="L5-2" Value="54"/>
<Cov CovItemId="L6-1" Value="20"/>
<Cov CovItemId="L7-2" Value="2"/>
<Cov CovItemId="L8-2" Value="2"/>
<Cov CovItemId="S101" Value="72"/>
<Cov CovItemId="S102" Value="72"/>
<Cov CovItemId="S103" Value="20"/>
<Cov CovItemId="S104" Value="20"/>
<Cov CovItemId="S105" Value="20"/>
<Cov CovItemId="S106" Value="12"/>
<Cov CovItemId="S107" Value="12"/>
<Cov CovItemId="S109" Value="2"/>
<Cov CovItemId="S110" Value="2"/>
<Cov CovItemId="S111" Value="6"/>
<Cov CovItemId="S112" Value="20"/>
<Cov CovItemId="S113" Value="2"/>
<Cov CovItemId="S114" Value="2"/>
<Cov CovItemId="S115" Value="2"/>
<Cov CovItemId="S116" Value="2"/>
<Cov CovItemId="S117" Value="24"/>
<Cov CovItemId="S118" Value="24"/>
<Cov CovItemId="S119" Value="20"/>
<Cov CovItemId="S120" Value="20"/>
<Cov CovItemId="S121" Value="20"/>
<Cov CovItemId="S122" Value="2"/>
<Cov CovItemId="S123" Value="18"/>
<Cov CovItemId="S125" Value="2"/>
<Cov CovItemId="S44" Value="26"/>
<Cov CovItemId="S45" Value="26"/>
<Cov CovItemId="S46" Value="26"/>
<Cov CovItemId="S47" Value="26"/>
<Cov CovItemId="S48" Value="114"/>
<Cov CovItemId="S49" Value="114"/>
<Cov CovItemId="S50" Value="28"/>
<Cov CovItemId="S51" Value="86"/>
<Cov CovItemId="S53" Value="26"/>
<Cov CovItemId="S54" Value="20"/>
<Cov CovItemId="S55" Value="8"/>
<Cov CovItemId="S56" Value="12"/>
<Cov CovItemId="S58" Value="12"/>
<Cov CovItemId="S60" Value="12"/>
<Cov CovItemId="S61" Value="12"/>
<Cov CovItemId="S69" Value="72"/>
<Cov CovItemId="S70" Value="72"/>
<Cov CovItemId="S71" Value="124"/>
<Cov CovItemId="S72" Value="70"/>
<Cov CovItemId="S73" Value="70"/>
<Cov CovItemId="S74" Value="20"/>
<Cov CovItemId="S75" Value="54"/>
<Cov CovItemId="S76" Value="54"/>
<Cov CovItemId="S80" Value="72"/>
<Cov CovItemId="S81" Value="20"/>
<Cov CovItemId="S82" Value="20"/>
<Cov CovItemId="S83" Value="18"/>
<Cov CovItemId="S84" Value="26"/>
<Cov CovItemId="S85" Value="26"/>
<Cov CovItemId="S86" Value="26"/>
<Cov CovItemId="S87" Value="86"/>
<Cov CovItemId="S88" Value="86"/>
<Cov CovItemId="S89" Value="14"/>
<Cov CovItemId="S90" Value="72"/>
<Cov CovItemId="S91" Value="6"/>
<Cov CovItemId="S92" Value="72"/>
<Cov CovItemId="S93" Value="54"/>
<Cov CovItemId="S94" Value="54"/>
<Cov CovItemId="S95" Value="54"/>
<Cov CovItemId="S96" Value="162"/>
<Cov CovItemId="S97" Value="162"/>
</CovPrefix>
</CovList>
<AssgnmntList>
<AssgnmntPrefix RootTermCovItemPrefix="com.aconex.coding.challenge.NumberToAlphaConverter.java">
<AssgnmntListEntry Length="1" RootTermCovItemId="C1">
<MapEntry BoolAssgnmnt="0" Value="26"/>
<MapEntry BoolAssgnmnt="1" Value="114"/>
</AssgnmntListEntry>
<AssgnmntListEntry Length="1" RootTermCovItemId="C11">
<MapEntry BoolAssgnmnt="0" Value="72"/>
<MapEntry BoolAssgnmnt="1" Value="124"/>
</AssgnmntListEntry>
<AssgnmntListEntry Length="1" RootTermCovItemId="C12">
<MapEntry BoolAssgnmnt="0" Value="54"/>
<MapEntry BoolAssgnmnt="1" Value="70"/>
</AssgnmntListEntry>
<AssgnmntListEntry Length="1" RootTermCovItemId="C13">
<MapEntry BoolAssgnmnt="0" Value="50"/>
<MapEntry BoolAssgnmnt="1" Value="20"/>
</AssgnmntListEntry>
<AssgnmntListEntry Length="1" RootTermCovItemId="C14">
<MapEntry BoolAssgnmnt="0" Value="54"/>
</AssgnmntListEntry>
<AssgnmntListEntry Length="1" RootTermCovItemId="C16">
<MapEntry BoolAssgnmnt="0" Value="2"/>
<MapEntry BoolAssgnmnt="1" Value="18"/>
</AssgnmntListEntry>
<AssgnmntListEntry Length="1" RootTermCovItemId="C17">
<MapEntry BoolAssgnmnt="0" Value="72"/>
<MapEntry BoolAssgnmnt="1" Value="14"/>
</AssgnmntListEntry>
<AssgnmntListEntry Length="2" RootTermCovItemId="C18">
<MapEntry BoolAssgnmnt="02" Value="66"/>
<MapEntry BoolAssgnmnt="11" Value="6"/>
</AssgnmntListEntry>
<AssgnmntListEntry Length="1" RootTermCovItemId="C19">
<MapEntry BoolAssgnmnt="0" Value="18"/>
<MapEntry BoolAssgnmnt="1" Value="54"/>
</AssgnmntListEntry>
<AssgnmntListEntry Length="2" RootTermCovItemId="C2">
<MapEntry BoolAssgnmnt="10" Value="86"/>
<MapEntry BoolAssgnmnt="11" Value="28"/>
</AssgnmntListEntry>
<AssgnmntListEntry Length="1" RootTermCovItemId="C20">
<MapEntry BoolAssgnmnt="1" Value="54"/>
</AssgnmntListEntry>
<AssgnmntListEntry Length="1" RootTermCovItemId="C21">
<MapEntry BoolAssgnmnt="0" Value="162"/>
</AssgnmntListEntry>
<AssgnmntListEntry Length="1" RootTermCovItemId="C23">
<MapEntry BoolAssgnmnt="0" Value="52"/>
<MapEntry BoolAssgnmnt="1" Value="20"/>
</AssgnmntListEntry>
<AssgnmntListEntry Length="3" RootTermCovItemId="C24">
<MapEntry BoolAssgnmnt="110" Value="8"/>
<MapEntry BoolAssgnmnt="111" Value="12"/>
</AssgnmntListEntry>
<AssgnmntListEntry Length="1" RootTermCovItemId="C25">
<MapEntry BoolAssgnmnt="1" Value="12"/>
</AssgnmntListEntry>
<AssgnmntListEntry Length="1" RootTermCovItemId="C26">
<MapEntry BoolAssgnmnt="1" Value="2"/>
</AssgnmntListEntry>
<AssgnmntListEntry Length="1" RootTermCovItemId="C27">
<MapEntry BoolAssgnmnt="1" Value="24"/>
</AssgnmntListEntry>
<AssgnmntListEntry Length="1" RootTermCovItemId="C28">
<MapEntry BoolAssgnmnt="0" Value="4"/>
<MapEntry BoolAssgnmnt="1" Value="20"/>
</AssgnmntListEntry>
<AssgnmntListEntry Length="1" RootTermCovItemId="C29">
<MapEntry BoolAssgnmnt="0" Value="18"/>
<MapEntry BoolAssgnmnt="1" Value="2"/>
</AssgnmntListEntry>
<AssgnmntListEntry Length="1" RootTermCovItemId="C3">
<MapEntry BoolAssgnmnt="0" Value="86"/>
</AssgnmntListEntry>
<AssgnmntListEntry Length="2" RootTermCovItemId="C4">
<MapEntry BoolAssgnmnt="10" Value="12"/>
<MapEntry BoolAssgnmnt="11" Value="8"/>
</AssgnmntListEntry>
<AssgnmntListEntry Length="2" RootTermCovItemId="C5">
<MapEntry BoolAssgnmnt="10" Value="12"/>
</AssgnmntListEntry>
<AssgnmntListEntry Length="2" RootTermCovItemId="C6">
<MapEntry BoolAssgnmnt="10" Value="12"/>
</AssgnmntListEntry>
<AssgnmntListEntry Length="2" RootTermCovItemId="C7">
<MapEntry BoolAssgnmnt="11" Value="12"/>
</AssgnmntListEntry>
</AssgnmntPrefix>
</AssgnmntList>
<ObjMetaDataList/>
<MetaDataList/>
</TestCase>
<TestCase Comment="" Date="1421694279719" Name="com.aconex.test.TestAconex:testsSingleStringResultWithMultipleDictionaryWord">
<CovList>
<CovPrefix CovItemPrefix="com.aconex.coding.challenge.NumberToAlphaConverter.java">
<Cov CovItemId="B1" Value="5"/>
<Cov CovItemId="B10" Value="9"/>
<Cov CovItemId="B12" Value="9"/>
<Cov CovItemId="B13" Value="2"/>
<Cov CovItemId="B14" Value="7"/>
<Cov CovItemId="B15" Value="7"/>
<Cov CovItemId="B19" Value="44"/>
<Cov CovItemId="B2" Value="76"/>
<Cov CovItemId="B20" Value="51"/>
<Cov CovItemId="B21" Value="13"/>
<Cov CovItemId="B22" Value="31"/>
<Cov CovItemId="B24" Value="51"/>
<Cov CovItemId="B27" Value="10"/>
<Cov CovItemId="B28" Value="1"/>
<Cov CovItemId="B29" Value="10"/>
<Cov CovItemId="B3" Value="3"/>
<Cov CovItemId="B30" Value="45"/>
<Cov CovItemId="B31" Value="3"/>
<Cov CovItemId="B32" Value="42"/>
<Cov CovItemId="B33" Value="23"/>
<Cov CovItemId="B34" Value="22"/>
<Cov CovItemId="B35" Value="15"/>
<Cov CovItemId="B36" Value="8"/>
<Cov CovItemId="B37" Value="2"/>
<Cov CovItemId="B38" Value="49"/>
<Cov CovItemId="B39" Value="1"/>
<Cov CovItemId="B4" Value="73"/>
<Cov CovItemId="B40" Value="1"/>
<Cov CovItemId="B41" Value="13"/>
<Cov CovItemId="B42" Value="32"/>
<Cov CovItemId="B43" Value="7"/>
<Cov CovItemId="B44" Value="6"/>
<Cov CovItemId="B45" Value="7"/>
<Cov CovItemId="B47" Value="1"/>
<Cov CovItemId="B49" Value="1"/>
<Cov CovItemId="B5" Value="4"/>
<Cov CovItemId="B50" Value="11"/>
<Cov CovItemId="B51" Value="5"/>
<Cov CovItemId="B53" Value="11"/>
<Cov CovItemId="B6" Value="9"/>
<Cov CovItemId="B8" Value="9"/>
<Cov CovItemId="L1-1" Value="4"/>
<Cov CovItemId="L1-2" Value="13"/>
<Cov CovItemId="L2-0" Value="1"/>
<Cov CovItemId="L2-1" Value="25"/>
<Cov CovItemId="L2-2" Value="19"/>
<Cov CovItemId="L3-1" Value="7"/>
<Cov CovItemId="L3-2" Value="3"/>
<Cov CovItemId="L4-2" Value="17"/>
<Cov CovItemId="L5-2" Value="15"/>
<Cov CovItemId="L6-1" Value="13"/>
<Cov CovItemId="L7-2" Value="1"/>
<Cov CovItemId="L8-2" Value="1"/>
<Cov CovItemId="S100" Value="1"/>
<Cov CovItemId="S101" Value="45"/>
<Cov CovItemId="S102" Value="45"/>
<Cov CovItemId="S103" Value="13"/>
<Cov CovItemId="S104" Value="13"/>
<Cov CovItemId="S105" Value="13"/>
<Cov CovItemId="S106" Value="7"/>
<Cov CovItemId="S107" Value="7"/>
<Cov CovItemId="S109" Value="1"/>
<Cov CovItemId="S110" Value="1"/>
<Cov CovItemId="S111" Value="4"/>
<Cov CovItemId="S112" Value="11"/>
<Cov CovItemId="S113" Value="1"/>
<Cov CovItemId="S114" Value="1"/>
<Cov CovItemId="S115" Value="1"/>
<Cov CovItemId="S116" Value="1"/>
<Cov CovItemId="S117" Value="16"/>
<Cov CovItemId="S118" Value="16"/>
<Cov CovItemId="S119" Value="11"/>
<Cov CovItemId="S120" Value="11"/>
<Cov CovItemId="S121" Value="11"/>
<Cov CovItemId="S123" Value="11"/>
<Cov CovItemId="S125" Value="1"/>
<Cov CovItemId="S44" Value="17"/>
<Cov CovItemId="S45" Value="17"/>
<Cov CovItemId="S46" Value="17"/>
<Cov CovItemId="S47" Value="17"/>
<Cov CovItemId="S48" Value="81"/>
<Cov CovItemId="S49" Value="81"/>
<Cov CovItemId="S50" Value="5"/>
<Cov CovItemId="S51" Value="76"/>
<Cov CovItemId="S52" Value="3"/>
<Cov CovItemId="S53" Value="17"/>
<Cov CovItemId="S54" Value="13"/>
<Cov CovItemId="S55" Value="4"/>
<Cov CovItemId="S56" Value="9"/>
<Cov CovItemId="S58" Value="9"/>
<Cov CovItemId="S60" Value="9"/>
<Cov CovItemId="S62" Value="9"/>
<Cov CovItemId="S63" Value="2"/>
<Cov CovItemId="S64" Value="7"/>
<Cov CovItemId="S65" Value="7"/>
<Cov CovItemId="S69" Value="45"/>
<Cov CovItemId="S70" Value="45"/>
<Cov CovItemId="S71" Value="95"/>
<Cov CovItemId="S72" Value="44"/>
<Cov CovItemId="S73" Value="44"/>
<Cov CovItemId="S74" Value="13"/>
<Cov CovItemId="S75" Value="51"/>
<Cov CovItemId="S76" Value="51"/>
<Cov CovItemId="S80" Value="45"/>
<Cov CovItemId="S81" Value="11"/>
<Cov CovItemId="S82" Value="11"/>
<Cov CovItemId="S83" Value="10"/>
<Cov CovItemId="S84" Value="17"/>
<Cov CovItemId="S85" Value="17"/>
<Cov CovItemId="S86" Value="17"/>
<Cov CovItemId="S87" Value="55"/>
<Cov CovItemId="S88" Value="55"/>
<Cov CovItemId="S89" Value="10"/>
<Cov CovItemId="S90" Value="45"/>
<Cov CovItemId="S91" Value="3"/>
<Cov CovItemId="S92" Value="45"/>
<Cov CovItemId="S93" Value="23"/>
<Cov CovItemId="S94" Value="23"/>
<Cov CovItemId="S95" Value="15"/>
<Cov CovItemId="S96" Value="51"/>
<Cov CovItemId="S97" Value="51"/>
<Cov CovItemId="S98" Value="2"/>
<Cov CovItemId="S99" Value="1"/>
</CovPrefix>
</CovList>
<AssgnmntList>
<AssgnmntPrefix RootTermCovItemPrefix="com.aconex.coding.challenge.NumberToAlphaConverter.java">
<AssgnmntListEntry Length="1" RootTermCovItemId="C1">
<MapEntry BoolAssgnmnt="0" Value="17"/>
<MapEntry BoolAssgnmnt="1" Value="81"/>
</AssgnmntListEntry>
<AssgnmntListEntry Length="1" RootTermCovItemId="C11">
<MapEntry BoolAssgnmnt="0" Value="45"/>
<MapEntry BoolAssgnmnt="1" Value="95"/>
</AssgnmntListEntry>
<AssgnmntListEntry Length="1" RootTermCovItemId="C12">
<MapEntry BoolAssgnmnt="0" Value="51"/>
<MapEntry BoolAssgnmnt="1" Value="44"/>
</AssgnmntListEntry>
<AssgnmntListEntry Length="1" RootTermCovItemId="C13">
<MapEntry BoolAssgnmnt="0" Value="31"/>
<MapEntry BoolAssgnmnt="1" Value="13"/>
</AssgnmntListEntry>
<AssgnmntListEntry Length="1" RootTermCovItemId="C14">
<MapEntry BoolAssgnmnt="0" Value="51"/>
</AssgnmntListEntry>
<AssgnmntListEntry Length="1" RootTermCovItemId="C16">
<MapEntry BoolAssgnmnt="0" Value="1"/>
<MapEntry BoolAssgnmnt="1" Value="10"/>
</AssgnmntListEntry>
<AssgnmntListEntry Length="1" RootTermCovItemId="C17">
<MapEntry BoolAssgnmnt="0" Value="45"/>
<MapEntry BoolAssgnmnt="1" Value="10"/>
</AssgnmntListEntry>
<AssgnmntListEntry Length="2" RootTermCovItemId="C18">
<MapEntry BoolAssgnmnt="02" Value="42"/>
<MapEntry BoolAssgnmnt="11" Value="3"/>
</AssgnmntListEntry>
<AssgnmntListEntry Length="1" RootTermCovItemId="C19">
<MapEntry BoolAssgnmnt="0" Value="22"/>
<MapEntry BoolAssgnmnt="1" Value="23"/>
</AssgnmntListEntry>
<AssgnmntListEntry Length="2" RootTermCovItemId="C2">
<MapEntry BoolAssgnmnt="10" Value="73"/>
<MapEntry BoolAssgnmnt="02" Value="3"/>
<MapEntry BoolAssgnmnt="11" Value="5"/>
</AssgnmntListEntry>
<AssgnmntListEntry Length="1" RootTermCovItemId="C20">
<MapEntry BoolAssgnmnt="0" Value="8"/>
<MapEntry BoolAssgnmnt="1" Value="15"/>
</AssgnmntListEntry>
<AssgnmntListEntry Length="1" RootTermCovItemId="C21">
<MapEntry BoolAssgnmnt="0" Value="49"/>
<MapEntry BoolAssgnmnt="1" Value="2"/>
</AssgnmntListEntry>
<AssgnmntListEntry Length="1" RootTermCovItemId="C22">
<MapEntry BoolAssgnmnt="0" Value="1"/>
<MapEntry BoolAssgnmnt="1" Value="1"/>
</AssgnmntListEntry>
<AssgnmntListEntry Length="1" RootTermCovItemId="C23">
<MapEntry BoolAssgnmnt="0" Value="32"/>
<MapEntry BoolAssgnmnt="1" Value="13"/>
</AssgnmntListEntry>
<AssgnmntListEntry Length="3" RootTermCovItemId="C24">
<MapEntry BoolAssgnmnt="110" Value="6"/>
<MapEntry BoolAssgnmnt="111" Value="7"/>
</AssgnmntListEntry>
<AssgnmntListEntry Length="1" RootTermCovItemId="C25">
<MapEntry BoolAssgnmnt="1" Value="7"/>
</AssgnmntListEntry>
<AssgnmntListEntry Length="1" RootTermCovItemId="C26">
<MapEntry BoolAssgnmnt="1" Value="1"/>
</AssgnmntListEntry>
<AssgnmntListEntry Length="1" RootTermCovItemId="C27">
<MapEntry BoolAssgnmnt="0" Value="1"/>
<MapEntry BoolAssgnmnt="1" Value="16"/>
</AssgnmntListEntry>
<AssgnmntListEntry Length="1" RootTermCovItemId="C28">
<MapEntry BoolAssgnmnt="0" Value="5"/>
<MapEntry BoolAssgnmnt="1" Value="11"/>
</AssgnmntListEntry>
<AssgnmntListEntry Length="1" RootTermCovItemId="C29">
<MapEntry BoolAssgnmnt="0" Value="11"/>
</AssgnmntListEntry>
<AssgnmntListEntry Length="1" RootTermCovItemId="C3">
<MapEntry BoolAssgnmnt="0" Value="73"/>
<MapEntry BoolAssgnmnt="1" Value="3"/>
</AssgnmntListEntry>
<AssgnmntListEntry Length="2" RootTermCovItemId="C4">
<MapEntry BoolAssgnmnt="10" Value="9"/>
<MapEntry BoolAssgnmnt="11" Value="4"/>
</AssgnmntListEntry>
<AssgnmntListEntry Length="2" RootTermCovItemId="C5">
<MapEntry BoolAssgnmnt="10" Value="9"/>
</AssgnmntListEntry>
<AssgnmntListEntry Length="2" RootTermCovItemId="C6">
<MapEntry BoolAssgnmnt="10" Value="9"/>
</AssgnmntListEntry>
<AssgnmntListEntry Length="2" RootTermCovItemId="C7">
<MapEntry BoolAssgnmnt="10" Value="9"/>
</AssgnmntListEntry>
<AssgnmntListEntry Length="2" RootTermCovItemId="C8">
<MapEntry BoolAssgnmnt="10" Value="7"/>
<MapEntry BoolAssgnmnt="11" Value="2"/>
</AssgnmntListEntry>
<AssgnmntListEntry Length="2" RootTermCovItemId="C9">
<MapEntry BoolAssgnmnt="11" Value="7"/>
</AssgnmntListEntry>
</AssgnmntPrefix>
</AssgnmntList>
<ObjMetaDataList/>
<MetaDataList/>
</TestCase>
<TestCase Comment="Failure&#10;java.lang.AssertionError&#13;&#10;&#9;at org.junit.Assert.fail(Assert.java:92)&#13;&#10;&#9;at org.junit.Assert.assertTrue(Assert.java:43)&#13;&#10;&#9;at org.junit.Assert.assertFalse(Assert.java:68)&#13;&#10;&#9;at org.junit.Assert.assertFalse(Assert.java:79)&#13;&#10;&#9;at com.aconex.test.TestAconex.testsSingleStringResultWithMultipleDictionaryWordAndSingleNumbersAtLeftEnd(TestAconex.java:129)&#13;&#10;&#9;at sun.reflect.NativeMethodAccessorImpl.invoke0(Native Method)&#13;&#10;&#9;at sun.reflect.NativeMethodAccessorImpl.invoke(Unknown Source)&#13;&#10;&#9;at sun.reflect.DelegatingMethodAccessorImpl.invoke(Unknown Source)&#13;&#10;&#9;at java.lang.reflect.Method.invoke(Unknown Source)&#13;&#10;&#9;at org.junit.runners.model.FrameworkMethod$1.runReflectiveCall(FrameworkMethod.java:45)&#13;&#10;&#9;at org.junit.internal.runners.model.ReflectiveCallable.run(ReflectiveCallable.java:15)&#13;&#10;&#9;at org.junit.runners.model.FrameworkMethod.invokeExplosively(FrameworkMethod.java:42)&#13;&#10;&#9;at org.junit.internal.runners.statements.InvokeMethod.evaluate(InvokeMethod.java:20)&#13;&#10;&#9;at org.junit.internal.runners.statements.RunBefores.evaluate(RunBefores.java:28)&#13;&#10;&#9;at org.junit.runners.ParentRunner.runLeaf(ParentRunner.java:263)&#13;&#10;&#9;at org.junit.runners.BlockJUnit4ClassRunner.runChild(BlockJUnit4ClassRunner.java:68)&#13;&#10;&#9;at org.junit.runners.BlockJUnit4ClassRunner.runChild(BlockJUnit4ClassRunner.java:47)&#13;&#10;&#9;at org.junit.runners.ParentRunner$3.run(ParentRunner.java:231)&#13;&#10;&#9;at org.junit.runners.ParentRunner$1.schedule(ParentRunner.java:60)&#13;&#10;&#9;at org.junit.runners.ParentRunner.runChildren(ParentRunner.java:229)&#13;&#10;&#9;at org.junit.runners.ParentRunner.access$000(ParentRunner.java:50)&#13;&#10;&#9;at org.junit.runners.ParentRunner$2.evaluate(ParentRunner.java:222)&#13;&#10;&#9;at org.junit.runners.ParentRunner.run(ParentRunner.java:300)&#13;&#10;&#9;at org.eclipse.jdt.internal.junit4.runner.JUnit4TestReference.run(JUnit4TestReference.java:50)&#13;&#10;&#9;at org.eclipse.jdt.internal.junit.runner.TestExecution.run(TestExecution.java:38)&#13;&#10;&#9;at org.eclipse.jdt.internal.junit.runner.RemoteTestRunner.runTests(RemoteTestRunner.java:467)&#13;&#10;&#9;at org.eclipse.jdt.internal.junit.runner.RemoteTestRunner.runTests(RemoteTestRunner.java:683)&#13;&#10;&#9;at org.eclipse.jdt.internal.junit.runner.RemoteTestRunner.run(RemoteTestRunner.java:390)&#13;&#10;&#9;at org.codecover.juniteclipse.runner.EclipseTestRunner.main(EclipseTestRunner.java:40)" Date="1421694279725" Name="com.aconex.test.TestAconex:testsSingleStringResultWithMultipleDictionaryWordAndSingleNumbersAtLeftEnd">
<CovList>
<CovPrefix CovItemPrefix="com.aconex.coding.challenge.NumberToAlphaConverter.java">
<Cov CovItemId="B1" Value="16"/>
<Cov CovItemId="B10" Value="8"/>
<Cov CovItemId="B11" Value="6"/>
<Cov CovItemId="B12" Value="2"/>
<Cov CovItemId="B14" Value="2"/>
<Cov CovItemId="B15" Value="2"/>
<Cov CovItemId="B19" Value="33"/>
<Cov CovItemId="B2" Value="54"/>
<Cov CovItemId="B20" Value="36"/>
<Cov CovItemId="B21" Value="10"/>
<Cov CovItemId="B22" Value="23"/>
<Cov CovItemId="B24" Value="36"/>
<Cov CovItemId="B27" Value="11"/>
<Cov CovItemId="B28" Value="1"/>
<Cov CovItemId="B29" Value="9"/>
<Cov CovItemId="B30" Value="36"/>
<Cov CovItemId="B31" Value="3"/>
<Cov CovItemId="B32" Value="33"/>
<Cov CovItemId="B33" Value="27"/>
<Cov CovItemId="B34" Value="9"/>
<Cov CovItemId="B35" Value="27"/>
<Cov CovItemId="B38" Value="81"/>
<Cov CovItemId="B4" Value="54"/>
<Cov CovItemId="B41" Value="10"/>
<Cov CovItemId="B42" Value="26"/>
<Cov CovItemId="B43" Value="6"/>
<Cov CovItemId="B44" Value="4"/>
<Cov CovItemId="B45" Value="6"/>
<Cov CovItemId="B47" Value="1"/>
<Cov CovItemId="B49" Value="1"/>
<Cov CovItemId="B5" Value="2"/>
<Cov CovItemId="B50" Value="12"/>
<Cov CovItemId="B51" Value="2"/>
<Cov CovItemId="B53" Value="12"/>
<Cov CovItemId="B6" Value="8"/>
<Cov CovItemId="B8" Value="8"/>
<Cov CovItemId="L1-1" Value="3"/>
<Cov CovItemId="L1-2" Value="11"/>
<Cov CovItemId="L2-0" Value="3"/>
<Cov CovItemId="L2-1" Value="18"/>
<Cov CovItemId="L2-2" Value="15"/>
<Cov CovItemId="L3-1" Value="9"/>
<Cov CovItemId="L3-2" Value="2"/>
<Cov CovItemId="L4-2" Value="14"/>
<Cov CovItemId="L5-2" Value="27"/>
<Cov CovItemId="L6-1" Value="10"/>
<Cov CovItemId="L7-2" Value="1"/>
<Cov CovItemId="L8-2" Value="1"/>
<Cov CovItemId="S101" Value="36"/>
<Cov CovItemId="S102" Value="36"/>
<Cov CovItemId="S103" Value="10"/>
<Cov CovItemId="S104" Value="10"/>
<Cov CovItemId="S105" Value="10"/>
<Cov CovItemId="S106" Value="6"/>
<Cov CovItemId="S107" Value="6"/>
<Cov CovItemId="S109" Value="1"/>
<Cov CovItemId="S110" Value="1"/>
<Cov CovItemId="S111" Value="3"/>
<Cov CovItemId="S112" Value="12"/>
<Cov CovItemId="S113" Value="1"/>
<Cov CovItemId="S114" Value="1"/>
<Cov CovItemId="S115" Value="1"/>
<Cov CovItemId="S116" Value="1"/>
<Cov CovItemId="S117" Value="14"/>
<Cov CovItemId="S118" Value="14"/>
<Cov CovItemId="S119" Value="12"/>
<Cov CovItemId="S120" Value="12"/>
<Cov CovItemId="S121" Value="12"/>
<Cov CovItemId="S123" Value="12"/>
<Cov CovItemId="S125" Value="1"/>
<Cov CovItemId="S44" Value="14"/>
<Cov CovItemId="S45" Value="14"/>
<Cov CovItemId="S46" Value="14"/>
<Cov CovItemId="S47" Value="14"/>
<Cov CovItemId="S48" Value="70"/>
<Cov CovItemId="S49" Value="70"/>
<Cov CovItemId="S50" Value="16"/>
<Cov CovItemId="S51" Value="54"/>
<Cov CovItemId="S53" Value="14"/>
<Cov CovItemId="S54" Value="10"/>
<Cov CovItemId="S55" Value="2"/>
<Cov CovItemId="S56" Value="8"/>
<Cov CovItemId="S58" Value="8"/>
<Cov CovItemId="S60" Value="8"/>
<Cov CovItemId="S61" Value="6"/>
<Cov CovItemId="S62" Value="2"/>
<Cov CovItemId="S64" Value="2"/>
<Cov CovItemId="S65" Value="2"/>
<Cov CovItemId="S69" Value="36"/>
<Cov CovItemId="S70" Value="36"/>
<Cov CovItemId="S71" Value="69"/>
<Cov CovItemId="S72" Value="33"/>
<Cov CovItemId="S73" Value="33"/>
<Cov CovItemId="S74" Value="10"/>
<Cov CovItemId="S75" Value="36"/>
<Cov CovItemId="S76" Value="36"/>
<Cov CovItemId="S80" Value="36"/>
<Cov CovItemId="S81" Value="12"/>
<Cov CovItemId="S82" Value="12"/>
<Cov CovItemId="S83" Value="11"/>
<Cov CovItemId="S84" Value="14"/>
<Cov CovItemId="S85" Value="14"/>
<Cov CovItemId="S86" Value="14"/>
<Cov CovItemId="S87" Value="45"/>
<Cov CovItemId="S88" Value="45"/>
<Cov CovItemId="S89" Value="9"/>
<Cov CovItemId="S90" Value="36"/>
<Cov CovItemId="S91" Value="3"/>
<Cov CovItemId="S92" Value="36"/>
<Cov CovItemId="S93" Value="27"/>
<Cov CovItemId="S94" Value="27"/>
<Cov CovItemId="S95" Value="27"/>
<Cov CovItemId="S96" Value="81"/>
<Cov CovItemId="S97" Value="81"/>
</CovPrefix>
</CovList>
<AssgnmntList>
<AssgnmntPrefix RootTermCovItemPrefix="com.aconex.coding.challenge.NumberToAlphaConverter.java">
<AssgnmntListEntry Length="1" RootTermCovItemId="C1">
<MapEntry BoolAssgnmnt="0" Value="14"/>
<MapEntry BoolAssgnmnt="1" Value="70"/>
</AssgnmntListEntry>
<AssgnmntListEntry Length="1" RootTermCovItemId="C11">
<MapEntry BoolAssgnmnt="0" Value="36"/>
<MapEntry BoolAssgnmnt="1" Value="69"/>
</AssgnmntListEntry>
<AssgnmntListEntry Length="1" RootTermCovItemId="C12">
<MapEntry BoolAssgnmnt="0" Value="36"/>
<MapEntry BoolAssgnmnt="1" Value="33"/>
</AssgnmntListEntry>
<AssgnmntListEntry Length="1" RootTermCovItemId="C13">
<MapEntry BoolAssgnmnt="0" Value="23"/>
<MapEntry BoolAssgnmnt="1" Value="10"/>
</AssgnmntListEntry>
<AssgnmntListEntry Length="1" RootTermCovItemId="C14">
<MapEntry BoolAssgnmnt="0" Value="36"/>
</AssgnmntListEntry>
<AssgnmntListEntry Length="1" RootTermCovItemId="C16">
<MapEntry BoolAssgnmnt="0" Value="1"/>
<MapEntry BoolAssgnmnt="1" Value="11"/>
</AssgnmntListEntry>
<AssgnmntListEntry Length="1" RootTermCovItemId="C17">
<MapEntry BoolAssgnmnt="0" Value="36"/>
<MapEntry BoolAssgnmnt="1" Value="9"/>
</AssgnmntListEntry>
<AssgnmntListEntry Length="2" RootTermCovItemId="C18">
<MapEntry BoolAssgnmnt="02" Value="33"/>
<MapEntry BoolAssgnmnt="11" Value="3"/>
</AssgnmntListEntry>
<AssgnmntListEntry Length="1" RootTermCovItemId="C19">
<MapEntry BoolAssgnmnt="0" Value="9"/>
<MapEntry BoolAssgnmnt="1" Value="27"/>
</AssgnmntListEntry>
<AssgnmntListEntry Length="2" RootTermCovItemId="C2">
<MapEntry BoolAssgnmnt="10" Value="54"/>
<MapEntry BoolAssgnmnt="11" Value="16"/>
</AssgnmntListEntry>
<AssgnmntListEntry Length="1" RootTermCovItemId="C20">
<MapEntry BoolAssgnmnt="1" Value="27"/>
</AssgnmntListEntry>
<AssgnmntListEntry Length="1" RootTermCovItemId="C21">
<MapEntry BoolAssgnmnt="0" Value="81"/>
</AssgnmntListEntry>
<AssgnmntListEntry Length="1" RootTermCovItemId="C23">
<MapEntry BoolAssgnmnt="0" Value="26"/>
<MapEntry BoolAssgnmnt="1" Value="10"/>
</AssgnmntListEntry>
<AssgnmntListEntry Length="3" RootTermCovItemId="C24">
<MapEntry BoolAssgnmnt="110" Value="4"/>
<MapEntry BoolAssgnmnt="111" Value="6"/>
</AssgnmntListEntry>
<AssgnmntListEntry Length="1" RootTermCovItemId="C25">
<MapEntry BoolAssgnmnt="1" Value="6"/>
</AssgnmntListEntry>
<AssgnmntListEntry Length="1" RootTermCovItemId="C26">
<MapEntry BoolAssgnmnt="1" Value="1"/>
</AssgnmntListEntry>
<AssgnmntListEntry Length="1" RootTermCovItemId="C27">
<MapEntry BoolAssgnmnt="0" Value="1"/>
<MapEntry BoolAssgnmnt="1" Value="14"/>
</AssgnmntListEntry>
<AssgnmntListEntry Length="1" RootTermCovItemId="C28">
<MapEntry BoolAssgnmnt="0" Value="2"/>
<MapEntry BoolAssgnmnt="1" Value="12"/>
</AssgnmntListEntry>
<AssgnmntListEntry Length="1" RootTermCovItemId="C29">
<MapEntry BoolAssgnmnt="0" Value="12"/>
</AssgnmntListEntry>
<AssgnmntListEntry Length="1" RootTermCovItemId="C3">
<MapEntry BoolAssgnmnt="0" Value="54"/>
</AssgnmntListEntry>
<AssgnmntListEntry Length="2" RootTermCovItemId="C4">
<MapEntry BoolAssgnmnt="10" Value="8"/>
<MapEntry BoolAssgnmnt="11" Value="2"/>
</AssgnmntListEntry>
<AssgnmntListEntry Length="2" RootTermCovItemId="C5">
<MapEntry BoolAssgnmnt="10" Value="8"/>
</AssgnmntListEntry>
<AssgnmntListEntry Length="2" RootTermCovItemId="C6">
<MapEntry BoolAssgnmnt="10" Value="8"/>
</AssgnmntListEntry>
<AssgnmntListEntry Length="2" RootTermCovItemId="C7">
<MapEntry BoolAssgnmnt="10" Value="2"/>
<MapEntry BoolAssgnmnt="11" Value="6"/>
</AssgnmntListEntry>
<AssgnmntListEntry Length="2" RootTermCovItemId="C8">
<MapEntry BoolAssgnmnt="10" Value="2"/>
</AssgnmntListEntry>
<AssgnmntListEntry Length="2" RootTermCovItemId="C9">
<MapEntry BoolAssgnmnt="11" Value="2"/>
</AssgnmntListEntry>
</AssgnmntPrefix>
</AssgnmntList>
<ObjMetaDataList/>
<MetaDataList/>
</TestCase>
<TestCase Comment="" Date="1421694279742" Name="com.aconex.test.TestAconex:testPhoneNumberForAmbiguity">
<CovList>
<CovPrefix CovItemPrefix="com.aconex.coding.challenge.NumberToAlphaConverter.java">
<Cov CovItemId="B1" Value="4"/>
<Cov CovItemId="B10" Value="3"/>
<Cov CovItemId="B12" Value="3"/>
<Cov CovItemId="B13" Value="3"/>
<Cov CovItemId="B19" Value="28"/>
<Cov CovItemId="B2" Value="36"/>
<Cov CovItemId="B20" Value="34"/>
<Cov CovItemId="B21" Value="6"/>
<Cov CovItemId="B22" Value="22"/>
<Cov CovItemId="B23" Value="6"/>
<Cov CovItemId="B24" Value="28"/>
<Cov CovItemId="B26" Value="6"/>
<Cov CovItemId="B27" Value="6"/>
<Cov CovItemId="B28" Value="1"/>
<Cov CovItemId="B29" Value="8"/>
<Cov CovItemId="B30" Value="30"/>
<Cov CovItemId="B31" Value="5"/>
<Cov CovItemId="B32" Value="25"/>
<Cov CovItemId="B33" Value="11"/>
<Cov CovItemId="B34" Value="19"/>
<Cov CovItemId="B35" Value="11"/>
<Cov CovItemId="B38" Value="33"/>
<Cov CovItemId="B4" Value="36"/>
<Cov CovItemId="B41" Value="6"/>
<Cov CovItemId="B42" Value="24"/>
<Cov CovItemId="B43" Value="3"/>
<Cov CovItemId="B44" Value="3"/>
<Cov CovItemId="B45" Value="3"/>
<Cov CovItemId="B47" Value="1"/>
<Cov CovItemId="B49" Value="1"/>
<Cov CovItemId="B50" Value="7"/>
<Cov CovItemId="B51" Value="7"/>
<Cov CovItemId="B53" Value="7"/>
<Cov CovItemId="B6" Value="6"/>
<Cov CovItemId="B8" Value="6"/>
<Cov CovItemId="B9" Value="3"/>
<Cov CovItemId="L1-1" Value="3"/>
<Cov CovItemId="L1-2" Value="9"/>
<Cov CovItemId="L2-0" Value="2"/>
<Cov CovItemId="L2-1" Value="14"/>
<Cov CovItemId="L2-2" Value="14"/>
<Cov CovItemId="L3-1" Value="1"/>
<Cov CovItemId="L3-2" Value="5"/>
<Cov CovItemId="L4-2" Value="12"/>
<Cov CovItemId="L5-2" Value="11"/>
<Cov CovItemId="L6-1" Value="6"/>
<Cov CovItemId="L7-2" Value="1"/>
<Cov CovItemId="L8-2" Value="1"/>
<Cov CovItemId="S101" Value="30"/>
<Cov CovItemId="S102" Value="30"/>
<Cov CovItemId="S103" Value="6"/>
<Cov CovItemId="S104" Value="6"/>
<Cov CovItemId="S105" Value="6"/>
<Cov CovItemId="S106" Value="3"/>
<Cov CovItemId="S107" Value="3"/>
<Cov CovItemId="S109" Value="1"/>
<Cov CovItemId="S110" Value="1"/>
<Cov CovItemId="S111" Value="3"/>
<Cov CovItemId="S112" Value="7"/>
<Cov CovItemId="S113" Value="1"/>
<Cov CovItemId="S114" Value="1"/>
<Cov CovItemId="S115" Value="1"/>
<Cov CovItemId="S116" Value="1"/>
<Cov CovItemId="S117" Value="14"/>
<Cov CovItemId="S118" Value="14"/>
<Cov CovItemId="S119" Value="7"/>
<Cov CovItemId="S120" Value="7"/>
<Cov CovItemId="S121" Value="7"/>
<Cov CovItemId="S123" Value="7"/>
<Cov CovItemId="S125" Value="1"/>
<Cov CovItemId="S44" Value="12"/>
<Cov CovItemId="S45" Value="12"/>
<Cov CovItemId="S46" Value="12"/>
<Cov CovItemId="S47" Value="12"/>
<Cov CovItemId="S48" Value="40"/>
<Cov CovItemId="S49" Value="40"/>
<Cov CovItemId="S50" Value="4"/>
<Cov CovItemId="S51" Value="36"/>
<Cov CovItemId="S53" Value="12"/>
<Cov CovItemId="S54" Value="6"/>
<Cov CovItemId="S56" Value="6"/>
<Cov CovItemId="S58" Value="6"/>
<Cov CovItemId="S59" Value="3"/>
<Cov CovItemId="S60" Value="3"/>
<Cov CovItemId="S62" Value="3"/>
<Cov CovItemId="S63" Value="3"/>
<Cov CovItemId="S69" Value="30"/>
<Cov CovItemId="S70" Value="30"/>
<Cov CovItemId="S71" Value="62"/>
<Cov CovItemId="S72" Value="28"/>
<Cov CovItemId="S73" Value="28"/>
<Cov CovItemId="S74" Value="6"/>
<Cov CovItemId="S75" Value="34"/>
<Cov CovItemId="S76" Value="34"/>
<Cov CovItemId="S77" Value="6"/>
<Cov CovItemId="S78" Value="6"/>
<Cov CovItemId="S80" Value="30"/>
<Cov CovItemId="S81" Value="7"/>
<Cov CovItemId="S82" Value="7"/>
<Cov CovItemId="S83" Value="6"/>
<Cov CovItemId="S84" Value="12"/>
<Cov CovItemId="S85" Value="12"/>
<Cov CovItemId="S86" Value="12"/>
<Cov CovItemId="S87" Value="38"/>
<Cov CovItemId="S88" Value="38"/>
<Cov CovItemId="S89" Value="8"/>
<Cov CovItemId="S90" Value="30"/>
<Cov CovItemId="S91" Value="5"/>
<Cov CovItemId="S92" Value="30"/>
<Cov CovItemId="S93" Value="11"/>
<Cov CovItemId="S94" Value="11"/>
<Cov CovItemId="S95" Value="11"/>
<Cov CovItemId="S96" Value="33"/>
<Cov CovItemId="S97" Value="33"/>
</CovPrefix>
</CovList>
<AssgnmntList>
<AssgnmntPrefix RootTermCovItemPrefix="com.aconex.coding.challenge.NumberToAlphaConverter.java">
<AssgnmntListEntry Length="1" RootTermCovItemId="C1">
<MapEntry BoolAssgnmnt="0" Value="12"/>
<MapEntry BoolAssgnmnt="1" Value="40"/>
</AssgnmntListEntry>
<AssgnmntListEntry Length="1" RootTermCovItemId="C11">
<MapEntry BoolAssgnmnt="0" Value="30"/>
<MapEntry BoolAssgnmnt="1" Value="62"/>
</AssgnmntListEntry>
<AssgnmntListEntry Length="1" RootTermCovItemId="C12">
<MapEntry BoolAssgnmnt="0" Value="34"/>
<MapEntry BoolAssgnmnt="1" Value="28"/>
</AssgnmntListEntry>
<AssgnmntListEntry Length="1" RootTermCovItemId="C13">
<MapEntry BoolAssgnmnt="0" Value="22"/>
<MapEntry BoolAssgnmnt="1" Value="6"/>
</AssgnmntListEntry>
<AssgnmntListEntry Length="1" RootTermCovItemId="C14">
<MapEntry BoolAssgnmnt="0" Value="28"/>
<MapEntry BoolAssgnmnt="1" Value="6"/>
</AssgnmntListEntry>
<AssgnmntListEntry Length="1" RootTermCovItemId="C15">
<MapEntry BoolAssgnmnt="0" Value="6"/>
</AssgnmntListEntry>
<AssgnmntListEntry Length="1" RootTermCovItemId="C16">
<MapEntry BoolAssgnmnt="0" Value="1"/>
<MapEntry BoolAssgnmnt="1" Value="6"/>
</AssgnmntListEntry>
<AssgnmntListEntry Length="1" RootTermCovItemId="C17">
<MapEntry BoolAssgnmnt="0" Value="30"/>
<MapEntry BoolAssgnmnt="1" Value="8"/>
</AssgnmntListEntry>
<AssgnmntListEntry Length="2" RootTermCovItemId="C18">
<MapEntry BoolAssgnmnt="02" Value="25"/>
<MapEntry BoolAssgnmnt="11" Value="5"/>
</AssgnmntListEntry>
<AssgnmntListEntry Length="1" RootTermCovItemId="C19">
<MapEntry BoolAssgnmnt="0" Value="19"/>
<MapEntry BoolAssgnmnt="1" Value="11"/>
</AssgnmntListEntry>
<AssgnmntListEntry Length="2" RootTermCovItemId="C2">
<MapEntry BoolAssgnmnt="10" Value="36"/>
<MapEntry BoolAssgnmnt="11" Value="4"/>
</AssgnmntListEntry>
<AssgnmntListEntry Length="1" RootTermCovItemId="C20">
<MapEntry BoolAssgnmnt="1" Value="11"/>
</AssgnmntListEntry>
<AssgnmntListEntry Length="1" RootTermCovItemId="C21">
<MapEntry BoolAssgnmnt="0" Value="33"/>
</AssgnmntListEntry>
<AssgnmntListEntry Length="1" RootTermCovItemId="C23">
<MapEntry BoolAssgnmnt="0" Value="24"/>
<MapEntry BoolAssgnmnt="1" Value="6"/>
</AssgnmntListEntry>
<AssgnmntListEntry Length="3" RootTermCovItemId="C24">
<MapEntry BoolAssgnmnt="110" Value="3"/>
<MapEntry BoolAssgnmnt="111" Value="3"/>
</AssgnmntListEntry>
<AssgnmntListEntry Length="1" RootTermCovItemId="C25">
<MapEntry BoolAssgnmnt="1" Value="3"/>
</AssgnmntListEntry>
<AssgnmntListEntry Length="1" RootTermCovItemId="C26">
<MapEntry BoolAssgnmnt="1" Value="1"/>
</AssgnmntListEntry>
<AssgnmntListEntry Length="1" RootTermCovItemId="C27">
<MapEntry BoolAssgnmnt="0" Value="1"/>
<MapEntry BoolAssgnmnt="1" Value="14"/>
</AssgnmntListEntry>
<AssgnmntListEntry Length="1" RootTermCovItemId="C28">
<MapEntry BoolAssgnmnt="0" Value="7"/>
<MapEntry BoolAssgnmnt="1" Value="7"/>
</AssgnmntListEntry>
<AssgnmntListEntry Length="1" RootTermCovItemId="C29">
<MapEntry BoolAssgnmnt="0" Value="7"/>
</AssgnmntListEntry>
<AssgnmntListEntry Length="1" RootTermCovItemId="C3">
<MapEntry BoolAssgnmnt="0" Value="36"/>
</AssgnmntListEntry>
<AssgnmntListEntry Length="2" RootTermCovItemId="C4">
<MapEntry BoolAssgnmnt="10" Value="6"/>
</AssgnmntListEntry>
<AssgnmntListEntry Length="2" RootTermCovItemId="C5">
<MapEntry BoolAssgnmnt="10" Value="6"/>
</AssgnmntListEntry>
<AssgnmntListEntry Length="2" RootTermCovItemId="C6">
<MapEntry BoolAssgnmnt="10" Value="3"/>
<MapEntry BoolAssgnmnt="11" Value="3"/>
</AssgnmntListEntry>
<AssgnmntListEntry Length="2" RootTermCovItemId="C7">
<MapEntry BoolAssgnmnt="10" Value="3"/>
</AssgnmntListEntry>
<AssgnmntListEntry Length="2" RootTermCovItemId="C8">
<MapEntry BoolAssgnmnt="11" Value="3"/>
</AssgnmntListEntry>
</AssgnmntPrefix>
</AssgnmntList>
<ObjMetaDataList/>
<MetaDataList/>
</TestCase>
<TestCase Comment="" Date="1421694279748" Name="com.aconex.test.TestAconex:testsSingleStringResultWithMultipleDictionaryWordAndSingleNumbersInBetween">
<CovList>
<CovPrefix CovItemPrefix="com.aconex.coding.challenge.NumberToAlphaConverter.java">
<Cov CovItemId="B1" Value="7"/>
<Cov CovItemId="B10" Value="9"/>
<Cov CovItemId="B11" Value="2"/>
<Cov CovItemId="B12" Value="7"/>
<Cov CovItemId="B14" Value="7"/>
<Cov CovItemId="B15" Value="7"/>
<Cov CovItemId="B19" Value="38"/>
<Cov CovItemId="B2" Value="66"/>
<Cov CovItemId="B20" Value="51"/>
<Cov CovItemId="B21" Value="13"/>
<Cov CovItemId="B22" Value="25"/>
<Cov CovItemId="B24" Value="51"/>
<Cov CovItemId="B27" Value="11"/>
<Cov CovItemId="B28" Value="1"/>
<Cov CovItemId="B29" Value="10"/>
<Cov CovItemId="B30" Value="40"/>
<Cov CovItemId="B31" Value="3"/>
<Cov CovItemId="B32" Value="37"/>
<Cov CovItemId="B33" Value="18"/>
<Cov CovItemId="B34" Value="22"/>
<Cov CovItemId="B35" Value="18"/>
<Cov CovItemId="B37" Value="1"/>
<Cov CovItemId="B38" Value="59"/>
<Cov CovItemId="B4" Value="66"/>
<Cov CovItemId="B40" Value="1"/>
<Cov CovItemId="B41" Value="13"/>
<Cov CovItemId="B42" Value="27"/>
<Cov CovItemId="B43" Value="7"/>
<Cov CovItemId="B44" Value="6"/>
<Cov CovItemId="B45" Value="7"/>
<Cov CovItemId="B47" Value="1"/>
<Cov CovItemId="B49" Value="1"/>
<Cov CovItemId="B5" Value="4"/>
<Cov CovItemId="B50" Value="12"/>
<Cov CovItemId="B51" Value="4"/>
<Cov CovItemId="B53" Value="12"/>
<Cov CovItemId="B6" Value="9"/>
<Cov CovItemId="B8" Value="9"/>
<Cov CovItemId="L1-1" Value="4"/>
<Cov CovItemId="L1-2" Value="12"/>
<Cov CovItemId="L2-0" Value="2"/>
<Cov CovItemId="L2-1" Value="19"/>
<Cov CovItemId="L2-2" Value="19"/>
<Cov CovItemId="L3-1" Value="9"/>
<Cov CovItemId="L3-2" Value="2"/>
<Cov CovItemId="L4-2" Value="16"/>
<Cov CovItemId="L5-2" Value="18"/>
<Cov CovItemId="L6-1" Value="13"/>
<Cov CovItemId="L7-2" Value="1"/>
<Cov CovItemId="L8-2" Value="1"/>
<Cov CovItemId="S100" Value="1"/>
<Cov CovItemId="S101" Value="40"/>
<Cov CovItemId="S102" Value="40"/>
<Cov CovItemId="S103" Value="13"/>
<Cov CovItemId="S104" Value="13"/>
<Cov CovItemId="S105" Value="13"/>
<Cov CovItemId="S106" Value="7"/>
<Cov CovItemId="S107" Value="7"/>
<Cov CovItemId="S109" Value="1"/>
<Cov CovItemId="S110" Value="1"/>
<Cov CovItemId="S111" Value="4"/>
<Cov CovItemId="S112" Value="12"/>
<Cov CovItemId="S113" Value="1"/>
<Cov CovItemId="S114" Value="1"/>
<Cov CovItemId="S115" Value="1"/>
<Cov CovItemId="S116" Value="1"/>
<Cov CovItemId="S117" Value="16"/>
<Cov CovItemId="S118" Value="16"/>
<Cov CovItemId="S119" Value="12"/>
<Cov CovItemId="S120" Value="12"/>
<Cov CovItemId="S121" Value="12"/>
<Cov CovItemId="S123" Value="12"/>
<Cov CovItemId="S125" Value="1"/>
<Cov CovItemId="S44" Value="16"/>
<Cov CovItemId="S45" Value="16"/>
<Cov CovItemId="S46" Value="16"/>
<Cov CovItemId="S47" Value="16"/>
<Cov CovItemId="S48" Value="73"/>
<Cov CovItemId="S49" Value="73"/>
<Cov CovItemId="S50" Value="7"/>
<Cov CovItemId="S51" Value="66"/>
<Cov CovItemId="S53" Value="16"/>
<Cov CovItemId="S54" Value="13"/>
<Cov CovItemId="S55" Value="4"/>
<Cov CovItemId="S56" Value="9"/>
<Cov CovItemId="S58" Value="9"/>
<Cov CovItemId="S60" Value="9"/>
<Cov CovItemId="S61" Value="2"/>
<Cov CovItemId="S62" Value="7"/>
<Cov CovItemId="S64" Value="7"/>
<Cov CovItemId="S65" Value="7"/>
<Cov CovItemId="S69" Value="40"/>
<Cov CovItemId="S70" Value="40"/>
<Cov CovItemId="S71" Value="89"/>
<Cov CovItemId="S72" Value="38"/>
<Cov CovItemId="S73" Value="38"/>
<Cov CovItemId="S74" Value="13"/>
<Cov CovItemId="S75" Value="51"/>
<Cov CovItemId="S76" Value="51"/>
<Cov CovItemId="S80" Value="40"/>
<Cov CovItemId="S81" Value="12"/>
<Cov CovItemId="S82" Value="12"/>
<Cov CovItemId="S83" Value="11"/>
<Cov CovItemId="S84" Value="16"/>
<Cov CovItemId="S85" Value="16"/>
<Cov CovItemId="S86" Value="16"/>
<Cov CovItemId="S87" Value="50"/>
<Cov CovItemId="S88" Value="50"/>
<Cov CovItemId="S89" Value="10"/>
<Cov CovItemId="S90" Value="40"/>
<Cov CovItemId="S91" Value="3"/>
<Cov CovItemId="S92" Value="40"/>
<Cov CovItemId="S93" Value="18"/>
<Cov CovItemId="S94" Value="18"/>
<Cov CovItemId="S95" Value="18"/>
<Cov CovItemId="S96" Value="60"/>
<Cov CovItemId="S97" Value="60"/>
<Cov CovItemId="S98" Value="1"/>
</CovPrefix>
</CovList>
<AssgnmntList>
<AssgnmntPrefix RootTermCovItemPrefix="com.aconex.coding.challenge.NumberToAlphaConverter.java">
<AssgnmntListEntry Length="1" RootTermCovItemId="C1">
<MapEntry BoolAssgnmnt="0" Value="16"/>
<MapEntry BoolAssgnmnt="1" Value="73"/>
</AssgnmntListEntry>
<AssgnmntListEntry Length="1" RootTermCovItemId="C11">
<MapEntry BoolAssgnmnt="0" Value="40"/>
<MapEntry BoolAssgnmnt="1" Value="89"/>
</AssgnmntListEntry>
<AssgnmntListEntry Length="1" RootTermCovItemId="C12">
<MapEntry BoolAssgnmnt="0" Value="51"/>
<MapEntry BoolAssgnmnt="1" Value="38"/>
</AssgnmntListEntry>
<AssgnmntListEntry Length="1" RootTermCovItemId="C13">
<MapEntry BoolAssgnmnt="0" Value="25"/>
<MapEntry BoolAssgnmnt="1" Value="13"/>
</AssgnmntListEntry>
<AssgnmntListEntry Length="1" RootTermCovItemId="C14">
<MapEntry BoolAssgnmnt="0" Value="51"/>
</AssgnmntListEntry>
<AssgnmntListEntry Length="1" RootTermCovItemId="C16">
<MapEntry BoolAssgnmnt="0" Value="1"/>
<MapEntry BoolAssgnmnt="1" Value="11"/>
</AssgnmntListEntry>
<AssgnmntListEntry Length="1" RootTermCovItemId="C17">
<MapEntry BoolAssgnmnt="0" Value="40"/>
<MapEntry BoolAssgnmnt="1" Value="10"/>
</AssgnmntListEntry>
<AssgnmntListEntry Length="2" RootTermCovItemId="C18">
<MapEntry BoolAssgnmnt="02" Value="37"/>
<MapEntry BoolAssgnmnt="11" Value="3"/>
</AssgnmntListEntry>
<AssgnmntListEntry Length="1" RootTermCovItemId="C19">
<MapEntry BoolAssgnmnt="0" Value="22"/>
<MapEntry BoolAssgnmnt="1" Value="18"/>
</AssgnmntListEntry>
<AssgnmntListEntry Length="2" RootTermCovItemId="C2">
<MapEntry BoolAssgnmnt="10" Value="66"/>
<MapEntry BoolAssgnmnt="11" Value="7"/>
</AssgnmntListEntry>
<AssgnmntListEntry Length="1" RootTermCovItemId="C20">
<MapEntry BoolAssgnmnt="1" Value="18"/>
</AssgnmntListEntry>
<AssgnmntListEntry Length="1" RootTermCovItemId="C21">
<MapEntry BoolAssgnmnt="0" Value="59"/>
<MapEntry BoolAssgnmnt="1" Value="1"/>
</AssgnmntListEntry>
<AssgnmntListEntry Length="1" RootTermCovItemId="C22">
<MapEntry BoolAssgnmnt="0" Value="1"/>
</AssgnmntListEntry>
<AssgnmntListEntry Length="1" RootTermCovItemId="C23">
<MapEntry BoolAssgnmnt="0" Value="27"/>
<MapEntry BoolAssgnmnt="1" Value="13"/>
</AssgnmntListEntry>
<AssgnmntListEntry Length="3" RootTermCovItemId="C24">
<MapEntry BoolAssgnmnt="110" Value="6"/>
<MapEntry BoolAssgnmnt="111" Value="7"/>
</AssgnmntListEntry>
<AssgnmntListEntry Length="1" RootTermCovItemId="C25">
<MapEntry BoolAssgnmnt="1" Value="7"/>
</AssgnmntListEntry>
<AssgnmntListEntry Length="1" RootTermCovItemId="C26">
<MapEntry BoolAssgnmnt="1" Value="1"/>
</AssgnmntListEntry>
<AssgnmntListEntry Length="1" RootTermCovItemId="C27">
<MapEntry BoolAssgnmnt="0" Value="1"/>
<MapEntry BoolAssgnmnt="1" Value="16"/>
</AssgnmntListEntry>
<AssgnmntListEntry Length="1" RootTermCovItemId="C28">
<MapEntry BoolAssgnmnt="0" Value="4"/>
<MapEntry BoolAssgnmnt="1" Value="12"/>
</AssgnmntListEntry>
<AssgnmntListEntry Length="1" RootTermCovItemId="C29">
<MapEntry BoolAssgnmnt="0" Value="12"/>
</AssgnmntListEntry>
<AssgnmntListEntry Length="1" RootTermCovItemId="C3">
<MapEntry BoolAssgnmnt="0" Value="66"/>
</AssgnmntListEntry>
<AssgnmntListEntry Length="2" RootTermCovItemId="C4">
<MapEntry BoolAssgnmnt="10" Value="9"/>
<MapEntry BoolAssgnmnt="11" Value="4"/>
</AssgnmntListEntry>
<AssgnmntListEntry Length="2" RootTermCovItemId="C5">
<MapEntry BoolAssgnmnt="10" Value="9"/>
</AssgnmntListEntry>
<AssgnmntListEntry Length="2" RootTermCovItemId="C6">
<MapEntry BoolAssgnmnt="10" Value="9"/>
</AssgnmntListEntry>
<AssgnmntListEntry Length="2" RootTermCovItemId="C7">
<MapEntry BoolAssgnmnt="10" Value="7"/>
<MapEntry BoolAssgnmnt="11" Value="2"/>
</AssgnmntListEntry>
<AssgnmntListEntry Length="2" RootTermCovItemId="C8">
<MapEntry BoolAssgnmnt="10" Value="7"/>
</AssgnmntListEntry>
<AssgnmntListEntry Length="2" RootTermCovItemId="C9">
<MapEntry BoolAssgnmnt="11" Value="7"/>
</AssgnmntListEntry>
</AssgnmntPrefix>
</AssgnmntList>
<ObjMetaDataList/>
<MetaDataList/>
</TestCase>
<TestCase Comment="" Date="1421694279751" Name="com.aconex.test.TestAconex:testsSingleStringResultWithMultipleDictionaryWordAndNumbersAtBothEnds">
<CovList>
<CovPrefix CovItemPrefix="com.aconex.coding.challenge.NumberToAlphaConverter.java">
<Cov CovItemId="B1" Value="16"/>
<Cov CovItemId="B10" Value="10"/>
<Cov CovItemId="B11" Value="6"/>
<Cov CovItemId="B12" Value="4"/>
<Cov CovItemId="B13" Value="4"/>
<Cov CovItemId="B19" Value="42"/>
<Cov CovItemId="B2" Value="74"/>
<Cov CovItemId="B20" Value="56"/>
<Cov CovItemId="B21" Value="12"/>
<Cov CovItemId="B22" Value="30"/>
<Cov CovItemId="B24" Value="56"/>
<Cov CovItemId="B27" Value="11"/>
<Cov CovItemId="B28" Value="1"/>
<Cov CovItemId="B29" Value="9"/>
<Cov CovItemId="B3" Value="4"/>
<Cov CovItemId="B30" Value="43"/>
<Cov CovItemId="B31" Value="8"/>
<Cov CovItemId="B32" Value="35"/>
<Cov CovItemId="B33" Value="34"/>
<Cov CovItemId="B34" Value="9"/>
<Cov CovItemId="B35" Value="24"/>
<Cov CovItemId="B36" Value="10"/>
<Cov CovItemId="B37" Value="1"/>
<Cov CovItemId="B38" Value="78"/>
<Cov CovItemId="B39" Value="1"/>
<Cov CovItemId="B4" Value="70"/>
<Cov CovItemId="B41" Value="12"/>
<Cov CovItemId="B42" Value="31"/>
<Cov CovItemId="B43" Value="6"/>
<Cov CovItemId="B44" Value="6"/>
<Cov CovItemId="B45" Value="6"/>
<Cov CovItemId="B47" Value="1"/>
<Cov CovItemId="B49" Value="1"/>
<Cov CovItemId="B5" Value="2"/>
<Cov CovItemId="B50" Value="12"/>
<Cov CovItemId="B51" Value="4"/>
<Cov CovItemId="B53" Value="12"/>
<Cov CovItemId="B6" Value="10"/>
<Cov CovItemId="B8" Value="10"/>
<Cov CovItemId="L1-1" Value="3"/>
<Cov CovItemId="L1-2" Value="13"/>
<Cov CovItemId="L2-0" Value="1"/>
<Cov CovItemId="L2-1" Value="22"/>
<Cov CovItemId="L2-2" Value="20"/>
<Cov CovItemId="L3-1" Value="8"/>
<Cov CovItemId="L3-2" Value="3"/>
<Cov CovItemId="L4-2" Value="16"/>
<Cov CovItemId="L5-2" Value="24"/>
<Cov CovItemId="L6-1" Value="12"/>
<Cov CovItemId="L7-2" Value="1"/>
<Cov CovItemId="L8-2" Value="1"/>
<Cov CovItemId="S101" Value="43"/>
<Cov CovItemId="S102" Value="43"/>
<Cov CovItemId="S103" Value="12"/>
<Cov CovItemId="S104" Value="12"/>
<Cov CovItemId="S105" Value="12"/>
<Cov CovItemId="S106" Value="6"/>
<Cov CovItemId="S107" Value="6"/>
<Cov CovItemId="S109" Value="1"/>
<Cov CovItemId="S110" Value="1"/>
<Cov CovItemId="S111" Value="3"/>
<Cov CovItemId="S112" Value="12"/>
<Cov CovItemId="S113" Value="1"/>
<Cov CovItemId="S114" Value="1"/>
<Cov CovItemId="S115" Value="1"/>
<Cov CovItemId="S116" Value="1"/>
<Cov CovItemId="S117" Value="16"/>
<Cov CovItemId="S118" Value="16"/>
<Cov CovItemId="S119" Value="12"/>
<Cov CovItemId="S120" Value="12"/>
<Cov CovItemId="S121" Value="12"/>
<Cov CovItemId="S123" Value="12"/>
<Cov CovItemId="S125" Value="1"/>
<Cov CovItemId="S44" Value="16"/>
<Cov CovItemId="S45" Value="16"/>
<Cov CovItemId="S46" Value="16"/>
<Cov CovItemId="S47" Value="16"/>
<Cov CovItemId="S48" Value="90"/>
<Cov CovItemId="S49" Value="90"/>
<Cov CovItemId="S50" Value="16"/>
<Cov CovItemId="S51" Value="74"/>
<Cov CovItemId="S52" Value="4"/>
<Cov CovItemId="S53" Value="16"/>
<Cov CovItemId="S54" Value="12"/>
<Cov CovItemId="S55" Value="2"/>
<Cov CovItemId="S56" Value="10"/>
<Cov CovItemId="S58" Value="10"/>
<Cov CovItemId="S60" Value="10"/>
<Cov CovItemId="S61" Value="6"/>
<Cov CovItemId="S62" Value="4"/>
<Cov CovItemId="S63" Value="4"/>
<Cov CovItemId="S69" Value="43"/>
<Cov CovItemId="S70" Value="43"/>
<Cov CovItemId="S71" Value="98"/>
<Cov CovItemId="S72" Value="42"/>
<Cov CovItemId="S73" Value="42"/>
<Cov CovItemId="S74" Value="12"/>
<Cov CovItemId="S75" Value="56"/>
<Cov CovItemId="S76" Value="56"/>
<Cov CovItemId="S80" Value="43"/>
<Cov CovItemId="S81" Value="12"/>
<Cov CovItemId="S82" Value="12"/>
<Cov CovItemId="S83" Value="11"/>
<Cov CovItemId="S84" Value="16"/>
<Cov CovItemId="S85" Value="16"/>
<Cov CovItemId="S86" Value="16"/>
<Cov CovItemId="S87" Value="52"/>
<Cov CovItemId="S88" Value="52"/>
<Cov CovItemId="S89" Value="9"/>
<Cov CovItemId="S90" Value="43"/>
<Cov CovItemId="S91" Value="8"/>
<Cov CovItemId="S92" Value="43"/>
<Cov CovItemId="S93" Value="34"/>
<Cov CovItemId="S94" Value="34"/>
<Cov CovItemId="S95" Value="24"/>
<Cov CovItemId="S96" Value="79"/>
<Cov CovItemId="S97" Value="79"/>
<Cov CovItemId="S98" Value="1"/>
<Cov CovItemId="S99" Value="1"/>
</CovPrefix>
</CovList>
<AssgnmntList>
<AssgnmntPrefix RootTermCovItemPrefix="com.aconex.coding.challenge.NumberToAlphaConverter.java">
<AssgnmntListEntry Length="1" RootTermCovItemId="C1">
<MapEntry BoolAssgnmnt="0" Value="16"/>
<MapEntry BoolAssgnmnt="1" Value="90"/>
</AssgnmntListEntry>
<AssgnmntListEntry Length="1" RootTermCovItemId="C11">
<MapEntry BoolAssgnmnt="0" Value="43"/>
<MapEntry BoolAssgnmnt="1" Value="98"/>
</AssgnmntListEntry>
<AssgnmntListEntry Length="1" RootTermCovItemId="C12">
<MapEntry BoolAssgnmnt="0" Value="56"/>
<MapEntry BoolAssgnmnt="1" Value="42"/>
</AssgnmntListEntry>
<AssgnmntListEntry Length="1" RootTermCovItemId="C13">
<MapEntry BoolAssgnmnt="0" Value="30"/>
<MapEntry BoolAssgnmnt="1" Value="12"/>
</AssgnmntListEntry>
<AssgnmntListEntry Length="1" RootTermCovItemId="C14">
<MapEntry BoolAssgnmnt="0" Value="56"/>
</AssgnmntListEntry>
<AssgnmntListEntry Length="1" RootTermCovItemId="C16">
<MapEntry BoolAssgnmnt="0" Value="1"/>
<MapEntry BoolAssgnmnt="1" Value="11"/>
</AssgnmntListEntry>
<AssgnmntListEntry Length="1" RootTermCovItemId="C17">
<MapEntry BoolAssgnmnt="0" Value="43"/>
<MapEntry BoolAssgnmnt="1" Value="9"/>
</AssgnmntListEntry>
<AssgnmntListEntry Length="2" RootTermCovItemId="C18">
<MapEntry BoolAssgnmnt="02" Value="35"/>
<MapEntry BoolAssgnmnt="11" Value="8"/>
</AssgnmntListEntry>
<AssgnmntListEntry Length="1" RootTermCovItemId="C19">
<MapEntry BoolAssgnmnt="0" Value="9"/>
<MapEntry BoolAssgnmnt="1" Value="34"/>
</AssgnmntListEntry>
<AssgnmntListEntry Length="2" RootTermCovItemId="C2">
<MapEntry BoolAssgnmnt="10" Value="70"/>
<MapEntry BoolAssgnmnt="02" Value="4"/>
<MapEntry BoolAssgnmnt="11" Value="16"/>
</AssgnmntListEntry>
<AssgnmntListEntry Length="1" RootTermCovItemId="C20">
<MapEntry BoolAssgnmnt="0" Value="10"/>
<MapEntry BoolAssgnmnt="1" Value="24"/>
</AssgnmntListEntry>
<AssgnmntListEntry Length="1" RootTermCovItemId="C21">
<MapEntry BoolAssgnmnt="0" Value="78"/>
<MapEntry BoolAssgnmnt="1" Value="1"/>
</AssgnmntListEntry>
<AssgnmntListEntry Length="1" RootTermCovItemId="C22">
<MapEntry BoolAssgnmnt="1" Value="1"/>
</AssgnmntListEntry>
<AssgnmntListEntry Length="1" RootTermCovItemId="C23">
<MapEntry BoolAssgnmnt="0" Value="31"/>
<MapEntry BoolAssgnmnt="1" Value="12"/>
</AssgnmntListEntry>
<AssgnmntListEntry Length="3" RootTermCovItemId="C24">
<MapEntry BoolAssgnmnt="110" Value="6"/>
<MapEntry BoolAssgnmnt="111" Value="6"/>
</AssgnmntListEntry>
<AssgnmntListEntry Length="1" RootTermCovItemId="C25">
<MapEntry BoolAssgnmnt="1" Value="6"/>
</AssgnmntListEntry>
<AssgnmntListEntry Length="1" RootTermCovItemId="C26">
<MapEntry BoolAssgnmnt="1" Value="1"/>
</AssgnmntListEntry>
<AssgnmntListEntry Length="1" RootTermCovItemId="C27">
<MapEntry BoolAssgnmnt="0" Value="1"/>
<MapEntry BoolAssgnmnt="1" Value="16"/>
</AssgnmntListEntry>
<AssgnmntListEntry Length="1" RootTermCovItemId="C28">
<MapEntry BoolAssgnmnt="0" Value="4"/>
<MapEntry BoolAssgnmnt="1" Value="12"/>
</AssgnmntListEntry>
<AssgnmntListEntry Length="1" RootTermCovItemId="C29">
<MapEntry BoolAssgnmnt="0" Value="12"/>
</AssgnmntListEntry>
<AssgnmntListEntry Length="1" RootTermCovItemId="C3">
<MapEntry BoolAssgnmnt="0" Value="70"/>
<MapEntry BoolAssgnmnt="1" Value="4"/>
</AssgnmntListEntry>
<AssgnmntListEntry Length="2" RootTermCovItemId="C4">
<MapEntry BoolAssgnmnt="10" Value="10"/>
<MapEntry BoolAssgnmnt="11" Value="2"/>
</AssgnmntListEntry>
<AssgnmntListEntry Length="2" RootTermCovItemId="C5">
<MapEntry BoolAssgnmnt="10" Value="10"/>
</AssgnmntListEntry>
<AssgnmntListEntry Length="2" RootTermCovItemId="C6">
<MapEntry BoolAssgnmnt="10" Value="10"/>
</AssgnmntListEntry>
<AssgnmntListEntry Length="2" RootTermCovItemId="C7">
<MapEntry BoolAssgnmnt="10" Value="4"/>
<MapEntry BoolAssgnmnt="11" Value="6"/>
</AssgnmntListEntry>
<AssgnmntListEntry Length="2" RootTermCovItemId="C8">
<MapEntry BoolAssgnmnt="11" Value="4"/>
</AssgnmntListEntry>
</AssgnmntPrefix>
</AssgnmntList>
<ObjMetaDataList/>
<MetaDataList/>
</TestCase>
<TestCase Comment="" Date="1421694279756" Name="com.aconex.test.TestAconex:testsSingleStringResultWithMultipleDictionaryWordAndMultipleNumbersInBetween">
<CovList>
<CovPrefix CovItemPrefix="com.aconex.coding.challenge.NumberToAlphaConverter.java">
<Cov CovItemId="B1" Value="18"/>
<Cov CovItemId="B10" Value="11"/>
<Cov CovItemId="B11" Value="2"/>
<Cov CovItemId="B12" Value="9"/>
<Cov CovItemId="B14" Value="9"/>
<Cov CovItemId="B15" Value="9"/>
<Cov CovItemId="B19" Value="49"/>
<Cov CovItemId="B2" Value="142"/>
<Cov CovItemId="B20" Value="75"/>
<Cov CovItemId="B21" Value="15"/>
<Cov CovItemId="B22" Value="34"/>
<Cov CovItemId="B24" Value="75"/>
<Cov CovItemId="B27" Value="17"/>
<Cov CovItemId="B28" Value="1"/>
<Cov CovItemId="B29" Value="15"/>
<Cov CovItemId="B30" Value="54"/>
<Cov CovItemId="B31" Value="6"/>
<Cov CovItemId="B32" Value="48"/>
<Cov CovItemId="B33" Value="32"/>
<Cov CovItemId="B34" Value="22"/>
<Cov CovItemId="B35" Value="32"/>
<Cov CovItemId="B37" Value="1"/>
<Cov CovItemId="B38" Value="101"/>
<Cov CovItemId="B4" Value="142"/>
<Cov CovItemId="B40" Value="1"/>
<Cov CovItemId="B41" Value="15"/>
<Cov CovItemId="B42" Value="39"/>
<Cov CovItemId="B43" Value="7"/>
<Cov CovItemId="B44" Value="8"/>
<Cov CovItemId="B45" Value="7"/>
<Cov CovItemId="B47" Value="1"/>
<Cov CovItemId="B49" Value="1"/>
<Cov CovItemId="B5" Value="4"/>
<Cov CovItemId="B50" Value="18"/>
<Cov CovItemId="B51" Value="1"/>
<Cov CovItemId="B53" Value="18"/>
<Cov CovItemId="B6" Value="11"/>
<Cov CovItemId="B8" Value="11"/>
<Cov CovItemId="L1-1" Value="4"/>
<Cov CovItemId="L1-2" Value="18"/>
<Cov CovItemId="L2-0" Value="5"/>
<Cov CovItemId="L2-1" Value="21"/>
<Cov CovItemId="L2-2" Value="28"/>
<Cov CovItemId="L3-1" Value="15"/>
<Cov CovItemId="L3-2" Value="2"/>
<Cov CovItemId="L4-2" Value="22"/>
<Cov CovItemId="L5-2" Value="32"/>
<Cov CovItemId="L6-1" Value="15"/>
<Cov CovItemId="L7-2" Value="1"/>
<Cov CovItemId="L8-2" Value="1"/>
<Cov CovItemId="S100" Value="1"/>
<Cov CovItemId="S101" Value="54"/>
<Cov CovItemId="S102" Value="54"/>
<Cov CovItemId="S103" Value="15"/>
<Cov CovItemId="S104" Value="15"/>
<Cov CovItemId="S105" Value="15"/>
<Cov CovItemId="S106" Value="7"/>
<Cov CovItemId="S107" Value="7"/>
<Cov CovItemId="S109" Value="1"/>
<Cov CovItemId="S110" Value="1"/>
<Cov CovItemId="S111" Value="4"/>
<Cov CovItemId="S112" Value="18"/>
<Cov CovItemId="S113" Value="1"/>
<Cov CovItemId="S114" Value="1"/>
<Cov CovItemId="S115" Value="1"/>
<Cov CovItemId="S116" Value="1"/>
<Cov CovItemId="S117" Value="19"/>
<Cov CovItemId="S118" Value="19"/>
<Cov CovItemId="S119" Value="18"/>
<Cov CovItemId="S120" Value="18"/>
<Cov CovItemId="S121" Value="18"/>
<Cov CovItemId="S123" Value="18"/>
<Cov CovItemId="S125" Value="1"/>
<Cov CovItemId="S44" Value="22"/>
<Cov CovItemId="S45" Value="22"/>
<Cov CovItemId="S46" Value="22"/>
<Cov CovItemId="S47" Value="22"/>
<Cov CovItemId="S48" Value="160"/>
<Cov CovItemId="S49" Value="160"/>
<Cov CovItemId="S50" Value="18"/>
<Cov CovItemId="S51" Value="142"/>
<Cov CovItemId="S53" Value="22"/>
<Cov CovItemId="S54" Value="15"/>
<Cov CovItemId="S55" Value="4"/>
<Cov CovItemId="S56" Value="11"/>
<Cov CovItemId="S58" Value="11"/>
<Cov CovItemId="S60" Value="11"/>
<Cov CovItemId="S61" Value="2"/>
<Cov CovItemId="S62" Value="9"/>
<Cov CovItemId="S64" Value="9"/>
<Cov CovItemId="S65" Value="9"/>
<Cov CovItemId="S69" Value="54"/>
<Cov CovItemId="S70" Value="54"/>
<Cov CovItemId="S71" Value="124"/>
<Cov CovItemId="S72" Value="49"/>
<Cov CovItemId="S73" Value="49"/>
<Cov CovItemId="S74" Value="15"/>
<Cov CovItemId="S75" Value="75"/>
<Cov CovItemId="S76" Value="75"/>
<Cov CovItemId="S80" Value="54"/>
<Cov CovItemId="S81" Value="18"/>
<Cov CovItemId="S82" Value="18"/>
<Cov CovItemId="S83" Value="17"/>
<Cov CovItemId="S84" Value="22"/>
<Cov CovItemId="S85" Value="22"/>
<Cov CovItemId="S86" Value="22"/>
<Cov CovItemId="S87" Value="69"/>
<Cov CovItemId="S88" Value="69"/>
<Cov CovItemId="S89" Value="15"/>
<Cov CovItemId="S90" Value="54"/>
<Cov CovItemId="S91" Value="6"/>
<Cov CovItemId="S92" Value="54"/>
<Cov CovItemId="S93" Value="32"/>
<Cov CovItemId="S94" Value="32"/>
<Cov CovItemId="S95" Value="32"/>
<Cov CovItemId="S96" Value="102"/>
<Cov CovItemId="S97" Value="102"/>
<Cov CovItemId="S98" Value="1"/>
</CovPrefix>
</CovList>
<AssgnmntList>
<AssgnmntPrefix RootTermCovItemPrefix="com.aconex.coding.challenge.NumberToAlphaConverter.java">
<AssgnmntListEntry Length="1" RootTermCovItemId="C1">
<MapEntry BoolAssgnmnt="0" Value="22"/>
<MapEntry BoolAssgnmnt="1" Value="160"/>
</AssgnmntListEntry>
<AssgnmntListEntry Length="1" RootTermCovItemId="C11">
<MapEntry BoolAssgnmnt="0" Value="54"/>
<MapEntry BoolAssgnmnt="1" Value="124"/>
</AssgnmntListEntry>
<AssgnmntListEntry Length="1" RootTermCovItemId="C12">
<MapEntry BoolAssgnmnt="0" Value="75"/>
<MapEntry BoolAssgnmnt="1" Value="49"/>
</AssgnmntListEntry>
<AssgnmntListEntry Length="1" RootTermCovItemId="C13">
<MapEntry BoolAssgnmnt="0" Value="34"/>
<MapEntry BoolAssgnmnt="1" Value="15"/>
</AssgnmntListEntry>
<AssgnmntListEntry Length="1" RootTermCovItemId="C14">
<MapEntry BoolAssgnmnt="0" Value="75"/>
</AssgnmntListEntry>
<AssgnmntListEntry Length="1" RootTermCovItemId="C16">
<MapEntry BoolAssgnmnt="0" Value="1"/>
<MapEntry BoolAssgnmnt="1" Value="17"/>
</AssgnmntListEntry>
<AssgnmntListEntry Length="1" RootTermCovItemId="C17">
<MapEntry BoolAssgnmnt="0" Value="54"/>
<MapEntry BoolAssgnmnt="1" Value="15"/>
</AssgnmntListEntry>
<AssgnmntListEntry Length="2" RootTermCovItemId="C18">
<MapEntry BoolAssgnmnt="02" Value="48"/>
<MapEntry BoolAssgnmnt="11" Value="6"/>
</AssgnmntListEntry>
<AssgnmntListEntry Length="1" RootTermCovItemId="C19">
<MapEntry BoolAssgnmnt="0" Value="22"/>
<MapEntry BoolAssgnmnt="1" Value="32"/>
</AssgnmntListEntry>
<AssgnmntListEntry Length="2" RootTermCovItemId="C2">
<MapEntry BoolAssgnmnt="10" Value="142"/>
<MapEntry BoolAssgnmnt="11" Value="18"/>
</AssgnmntListEntry>
<AssgnmntListEntry Length="1" RootTermCovItemId="C20">
<MapEntry BoolAssgnmnt="1" Value="32"/>
</AssgnmntListEntry>
<AssgnmntListEntry Length="1" RootTermCovItemId="C21">
<MapEntry BoolAssgnmnt="0" Value="101"/>
<MapEntry BoolAssgnmnt="1" Value="1"/>
</AssgnmntListEntry>
<AssgnmntListEntry Length="1" RootTermCovItemId="C22">
<MapEntry BoolAssgnmnt="0" Value="1"/>
</AssgnmntListEntry>
<AssgnmntListEntry Length="1" RootTermCovItemId="C23">
<MapEntry BoolAssgnmnt="0" Value="39"/>
<MapEntry BoolAssgnmnt="1" Value="15"/>
</AssgnmntListEntry>
<AssgnmntListEntry Length="3" RootTermCovItemId="C24">
<MapEntry BoolAssgnmnt="110" Value="8"/>
<MapEntry BoolAssgnmnt="111" Value="7"/>
</AssgnmntListEntry>
<AssgnmntListEntry Length="1" RootTermCovItemId="C25">
<MapEntry BoolAssgnmnt="1" Value="7"/>
</AssgnmntListEntry>
<AssgnmntListEntry Length="1" RootTermCovItemId="C26">
<MapEntry BoolAssgnmnt="1" Value="1"/>
</AssgnmntListEntry>
<AssgnmntListEntry Length="1" RootTermCovItemId="C27">
<MapEntry BoolAssgnmnt="0" Value="1"/>
<MapEntry BoolAssgnmnt="1" Value="19"/>
</AssgnmntListEntry>
<AssgnmntListEntry Length="1" RootTermCovItemId="C28">
<MapEntry BoolAssgnmnt="0" Value="1"/>
<MapEntry BoolAssgnmnt="1" Value="18"/>
</AssgnmntListEntry>
<AssgnmntListEntry Length="1" RootTermCovItemId="C29">
<MapEntry BoolAssgnmnt="0" Value="18"/>
</AssgnmntListEntry>
<AssgnmntListEntry Length="1" RootTermCovItemId="C3">
<MapEntry BoolAssgnmnt="0" Value="142"/>
</AssgnmntListEntry>
<AssgnmntListEntry Length="2" RootTermCovItemId="C4">
<MapEntry BoolAssgnmnt="10" Value="11"/>
<MapEntry BoolAssgnmnt="11" Value="4"/>
</AssgnmntListEntry>
<AssgnmntListEntry Length="2" RootTermCovItemId="C5">
<MapEntry BoolAssgnmnt="10" Value="11"/>
</AssgnmntListEntry>
<AssgnmntListEntry Length="2" RootTermCovItemId="C6">
<MapEntry BoolAssgnmnt="10" Value="11"/>
</AssgnmntListEntry>
<AssgnmntListEntry Length="2" RootTermCovItemId="C7">
<MapEntry BoolAssgnmnt="10" Value="9"/>
<MapEntry BoolAssgnmnt="11" Value="2"/>
</AssgnmntListEntry>
<AssgnmntListEntry Length="2" RootTermCovItemId="C8">
<MapEntry BoolAssgnmnt="10" Value="9"/>
</AssgnmntListEntry>
<AssgnmntListEntry Length="2" RootTermCovItemId="C9">
<MapEntry BoolAssgnmnt="11" Value="9"/>
</AssgnmntListEntry>
</AssgnmntPrefix>
</AssgnmntList>
<ObjMetaDataList/>
<MetaDataList/>
</TestCase>
<TestCase Comment="" Date="1421694279760" Name="com.aconex.test.TestAconex:checkForSimpleConversionWithSingleResult">
<CovList>
<CovPrefix CovItemPrefix="com.aconex.coding.challenge.NumberToAlphaConverter.java">
<Cov CovItemId="B1" Value="1"/>
<Cov CovItemId="B10" Value="1"/>
<Cov CovItemId="B12" Value="1"/>
<Cov CovItemId="B14" Value="1"/>
<Cov CovItemId="B15" Value="1"/>
<Cov CovItemId="B19" Value="20"/>
<Cov CovItemId="B2" Value="13"/>
<Cov CovItemId="B20" Value="12"/>
<Cov CovItemId="B21" Value="4"/>
<Cov CovItemId="B22" Value="16"/>
<Cov CovItemId="B24" Value="12"/>
<Cov CovItemId="B27" Value="4"/>
<Cov CovItemId="B28" Value="1"/>
<Cov CovItemId="B29" Value="4"/>
<Cov CovItemId="B30" Value="20"/>
<Cov CovItemId="B32" Value="20"/>
<Cov CovItemId="B33" Value="3"/>
<Cov CovItemId="B34" Value="17"/>
<Cov CovItemId="B35" Value="3"/>
<Cov CovItemId="B38" Value="9"/>
<Cov CovItemId="B4" Value="13"/>
<Cov CovItemId="B41" Value="4"/>
<Cov CovItemId="B42" Value="16"/>
<Cov CovItemId="B43" Value="3"/>
<Cov CovItemId="B44" Value="1"/>
<Cov CovItemId="B45" Value="3"/>
<Cov CovItemId="B47" Value="1"/>
<Cov CovItemId="B49" Value="1"/>
<Cov CovItemId="B5" Value="3"/>
<Cov CovItemId="B50" Value="5"/>
<Cov CovItemId="B53" Value="5"/>
<Cov CovItemId="B6" Value="1"/>
<Cov CovItemId="B8" Value="1"/>
<Cov CovItemId="L1-1" Value="3"/>
<Cov CovItemId="L1-2" Value="4"/>
<Cov CovItemId="L2-1" Value="14"/>
<Cov CovItemId="L2-2" Value="6"/>
<Cov CovItemId="L3-1" Value="2"/>
<Cov CovItemId="L3-2" Value="2"/>
<Cov CovItemId="L4-2" Value="7"/>
<Cov CovItemId="L5-2" Value="3"/>
<Cov CovItemId="L6-1" Value="4"/>
<Cov CovItemId="L7-2" Value="1"/>
<Cov CovItemId="L8-2" Value="1"/>
<Cov CovItemId="S101" Value="20"/>
<Cov CovItemId="S102" Value="20"/>
<Cov CovItemId="S103" Value="4"/>
<Cov CovItemId="S104" Value="4"/>
<Cov CovItemId="S105" Value="4"/>
<Cov CovItemId="S106" Value="3"/>
<Cov CovItemId="S107" Value="3"/>
<Cov CovItemId="S109" Value="1"/>
<Cov CovItemId="S110" Value="1"/>
<Cov CovItemId="S111" Value="3"/>
<Cov CovItemId="S112" Value="5"/>
<Cov CovItemId="S113" Value="1"/>
<Cov CovItemId="S114" Value="1"/>
<Cov CovItemId="S115" Value="1"/>
<Cov CovItemId="S116" Value="1"/>
<Cov CovItemId="S117" Value="5"/>
<Cov CovItemId="S118" Value="5"/>
<Cov CovItemId="S119" Value="5"/>
<Cov CovItemId="S120" Value="5"/>
<Cov CovItemId="S121" Value="5"/>
<Cov CovItemId="S123" Value="5"/>
<Cov CovItemId="S125" Value="1"/>
<Cov CovItemId="S44" Value="7"/>
<Cov CovItemId="S45" Value="7"/>
<Cov CovItemId="S46" Value="7"/>
<Cov CovItemId="S47" Value="7"/>
<Cov CovItemId="S48" Value="14"/>
<Cov CovItemId="S49" Value="14"/>
<Cov CovItemId="S50" Value="1"/>
<Cov CovItemId="S51" Value="13"/>
<Cov CovItemId="S53" Value="7"/>
<Cov CovItemId="S54" Value="4"/>
<Cov CovItemId="S55" Value="3"/>
<Cov CovItemId="S56" Value="1"/>
<Cov CovItemId="S58" Value="1"/>
<Cov CovItemId="S60" Value="1"/>
<Cov CovItemId="S62" Value="1"/>
<Cov CovItemId="S64" Value="1"/>
<Cov CovItemId="S65" Value="1"/>
<Cov CovItemId="S69" Value="20"/>
<Cov CovItemId="S70" Value="20"/>
<Cov CovItemId="S71" Value="32"/>
<Cov CovItemId="S72" Value="20"/>
<Cov CovItemId="S73" Value="20"/>
<Cov CovItemId="S74" Value="4"/>
<Cov CovItemId="S75" Value="12"/>
<Cov CovItemId="S76" Value="12"/>
<Cov CovItemId="S80" Value="20"/>
<Cov CovItemId="S81" Value="5"/>
<Cov CovItemId="S82" Value="5"/>
<Cov CovItemId="S83" Value="4"/>
<Cov CovItemId="S84" Value="7"/>
<Cov CovItemId="S85" Value="7"/>
<Cov CovItemId="S86" Value="7"/>
<Cov CovItemId="S87" Value="24"/>
<Cov CovItemId="S88" Value="24"/>
<Cov CovItemId="S89" Value="4"/>
<Cov CovItemId="S90" Value="20"/>
<Cov CovItemId="S92" Value="20"/>
<Cov CovItemId="S93" Value="3"/>
<Cov CovItemId="S94" Value="3"/>
<Cov CovItemId="S95" Value="3"/>
<Cov CovItemId="S96" Value="9"/>
<Cov CovItemId="S97" Value="9"/>
</CovPrefix>
</CovList>
<AssgnmntList>
<AssgnmntPrefix RootTermCovItemPrefix="com.aconex.coding.challenge.NumberToAlphaConverter.java">
<AssgnmntListEntry Length="1" RootTermCovItemId="C1">
<MapEntry BoolAssgnmnt="0" Value="7"/>
<MapEntry BoolAssgnmnt="1" Value="14"/>
</AssgnmntListEntry>
<AssgnmntListEntry Length="1" RootTermCovItemId="C11">
<MapEntry BoolAssgnmnt="0" Value="20"/>
<MapEntry BoolAssgnmnt="1" Value="32"/>
</AssgnmntListEntry>
<AssgnmntListEntry Length="1" RootTermCovItemId="C12">
<MapEntry BoolAssgnmnt="0" Value="12"/>
<MapEntry BoolAssgnmnt="1" Value="20"/>
</AssgnmntListEntry>
<AssgnmntListEntry Length="1" RootTermCovItemId="C13">
<MapEntry BoolAssgnmnt="0" Value="16"/>
<MapEntry BoolAssgnmnt="1" Value="4"/>
</AssgnmntListEntry>
<AssgnmntListEntry Length="1" RootTermCovItemId="C14">
<MapEntry BoolAssgnmnt="0" Value="12"/>
</AssgnmntListEntry>
<AssgnmntListEntry Length="1" RootTermCovItemId="C16">
<MapEntry BoolAssgnmnt="0" Value="1"/>
<MapEntry BoolAssgnmnt="1" Value="4"/>
</AssgnmntListEntry>
<AssgnmntListEntry Length="1" RootTermCovItemId="C17">
<MapEntry BoolAssgnmnt="0" Value="20"/>
<MapEntry BoolAssgnmnt="1" Value="4"/>
</AssgnmntListEntry>
<AssgnmntListEntry Length="2" RootTermCovItemId="C18">
<MapEntry BoolAssgnmnt="02" Value="20"/>
</AssgnmntListEntry>
<AssgnmntListEntry Length="1" RootTermCovItemId="C19">
<MapEntry BoolAssgnmnt="0" Value="17"/>
<MapEntry BoolAssgnmnt="1" Value="3"/>
</AssgnmntListEntry>
<AssgnmntListEntry Length="2" RootTermCovItemId="C2">
<MapEntry BoolAssgnmnt="10" Value="13"/>
<MapEntry BoolAssgnmnt="11" Value="1"/>
</AssgnmntListEntry>
<AssgnmntListEntry Length="1" RootTermCovItemId="C20">
<MapEntry BoolAssgnmnt="1" Value="3"/>
</AssgnmntListEntry>
<AssgnmntListEntry Length="1" RootTermCovItemId="C21">
<MapEntry BoolAssgnmnt="0" Value="9"/>
</AssgnmntListEntry>
<AssgnmntListEntry Length="1" RootTermCovItemId="C23">
<MapEntry BoolAssgnmnt="0" Value="16"/>
<MapEntry BoolAssgnmnt="1" Value="4"/>
</AssgnmntListEntry>
<AssgnmntListEntry Length="3" RootTermCovItemId="C24">
<MapEntry BoolAssgnmnt="110" Value="1"/>
<MapEntry BoolAssgnmnt="111" Value="3"/>
</AssgnmntListEntry>
<AssgnmntListEntry Length="1" RootTermCovItemId="C25">
<MapEntry BoolAssgnmnt="1" Value="3"/>
</AssgnmntListEntry>
<AssgnmntListEntry Length="1" RootTermCovItemId="C26">
<MapEntry BoolAssgnmnt="1" Value="1"/>
</AssgnmntListEntry>
<AssgnmntListEntry Length="1" RootTermCovItemId="C27">
<MapEntry BoolAssgnmnt="0" Value="1"/>
<MapEntry BoolAssgnmnt="1" Value="5"/>
</AssgnmntListEntry>
<AssgnmntListEntry Length="1" RootTermCovItemId="C28">
<MapEntry BoolAssgnmnt="1" Value="5"/>
</AssgnmntListEntry>
<AssgnmntListEntry Length="1" RootTermCovItemId="C29">
<MapEntry BoolAssgnmnt="0" Value="5"/>
</AssgnmntListEntry>
<AssgnmntListEntry Length="1" RootTermCovItemId="C3">
<MapEntry BoolAssgnmnt="0" Value="13"/>
</AssgnmntListEntry>
<AssgnmntListEntry Length="2" RootTermCovItemId="C4">
<MapEntry BoolAssgnmnt="10" Value="1"/>
<MapEntry BoolAssgnmnt="11" Value="3"/>
</AssgnmntListEntry>
<AssgnmntListEntry Length="2" RootTermCovItemId="C5">
<MapEntry BoolAssgnmnt="10" Value="1"/>
</AssgnmntListEntry>
<AssgnmntListEntry Length="2" RootTermCovItemId="C6">
<MapEntry BoolAssgnmnt="10" Value="1"/>
</AssgnmntListEntry>
<AssgnmntListEntry Length="2" RootTermCovItemId="C7">
<MapEntry BoolAssgnmnt="10" Value="1"/>
</AssgnmntListEntry>
<AssgnmntListEntry Length="2" RootTermCovItemId="C8">
<MapEntry BoolAssgnmnt="10" Value="1"/>
</AssgnmntListEntry>
<AssgnmntListEntry Length="2" RootTermCovItemId="C9">
<MapEntry BoolAssgnmnt="11" Value="1"/>
</AssgnmntListEntry>
</AssgnmntPrefix>
</AssgnmntList>
<ObjMetaDataList/>
<MetaDataList/>
</TestCase>
<TestCase Comment="" Date="1421694279762" Name="com.aconex.test.TestAconex:testsSingleStringResultWithMultipleDictionaryWordAndSingleNumbersAtRightEnd">
<CovList>
<CovPrefix CovItemPrefix="com.aconex.coding.challenge.NumberToAlphaConverter.java">
<Cov CovItemId="B1" Value="4"/>
<Cov CovItemId="B10" Value="5"/>
<Cov CovItemId="B12" Value="5"/>
<Cov CovItemId="B13" Value="4"/>
<Cov CovItemId="B14" Value="1"/>
<Cov CovItemId="B15" Value="1"/>
<Cov CovItemId="B19" Value="40"/>
<Cov CovItemId="B2" Value="73"/>
<Cov CovItemId="B20" Value="56"/>
<Cov CovItemId="B21" Value="8"/>
<Cov CovItemId="B22" Value="32"/>
<Cov CovItemId="B24" Value="56"/>
<Cov CovItemId="B27" Value="10"/>
<Cov CovItemId="B28" Value="1"/>
<Cov CovItemId="B29" Value="9"/>
<Cov CovItemId="B3" Value="4"/>
<Cov CovItemId="B30" Value="41"/>
<Cov CovItemId="B31" Value="8"/>
<Cov CovItemId="B32" Value="33"/>
<Cov CovItemId="B33" Value="20"/>
<Cov CovItemId="B34" Value="21"/>
<Cov CovItemId="B35" Value="10"/>
<Cov CovItemId="B36" Value="10"/>
<Cov CovItemId="B37" Value="1"/>
<Cov CovItemId="B38" Value="36"/>
<Cov CovItemId="B39" Value="1"/>
<Cov CovItemId="B4" Value="69"/>
<Cov CovItemId="B41" Value="8"/>
<Cov CovItemId="B42" Value="33"/>
<Cov CovItemId="B43" Value="3"/>
<Cov CovItemId="B44" Value="5"/>
<Cov CovItemId="B45" Value="3"/>
<Cov CovItemId="B47" Value="1"/>
<Cov CovItemId="B49" Value="1"/>
<Cov CovItemId="B5" Value="3"/>
<Cov CovItemId="B50" Value="11"/>
<Cov CovItemId="B51" Value="3"/>
<Cov CovItemId="B53" Value="11"/>
<Cov CovItemId="B6" Value="5"/>
<Cov CovItemId="B8" Value="5"/>
<Cov CovItemId="L1-1" Value="3"/>
<Cov CovItemId="L1-2" Value="12"/>
<Cov CovItemId="L2-0" Value="1"/>
<Cov CovItemId="L2-1" Value="20"/>
<Cov CovItemId="L2-2" Value="20"/>
<Cov CovItemId="L3-1" Value="7"/>
<Cov CovItemId="L3-2" Value="3"/>
<Cov CovItemId="L4-2" Value="15"/>
<Cov CovItemId="L5-2" Value="10"/>
<Cov CovItemId="L6-1" Value="8"/>
<Cov CovItemId="L7-2" Value="1"/>
<Cov CovItemId="L8-2" Value="1"/>
<Cov CovItemId="S101" Value="41"/>
<Cov CovItemId="S102" Value="41"/>
<Cov CovItemId="S103" Value="8"/>
<Cov CovItemId="S104" Value="8"/>
<Cov CovItemId="S105" Value="8"/>
<Cov CovItemId="S106" Value="3"/>
<Cov CovItemId="S107" Value="3"/>
<Cov CovItemId="S109" Value="1"/>
<Cov CovItemId="S110" Value="1"/>
<Cov CovItemId="S111" Value="3"/>
<Cov CovItemId="S112" Value="11"/>
<Cov CovItemId="S113" Value="1"/>
<Cov CovItemId="S114" Value="1"/>
<Cov CovItemId="S115" Value="1"/>
<Cov CovItemId="S116" Value="1"/>
<Cov CovItemId="S117" Value="14"/>
<Cov CovItemId="S118" Value="14"/>
<Cov CovItemId="S119" Value="11"/>
<Cov CovItemId="S120" Value="11"/>
<Cov CovItemId="S121" Value="11"/>
<Cov CovItemId="S123" Value="11"/>
<Cov CovItemId="S125" Value="1"/>
<Cov CovItemId="S44" Value="15"/>
<Cov CovItemId="S45" Value="15"/>
<Cov CovItemId="S46" Value="15"/>
<Cov CovItemId="S47" Value="15"/>
<Cov CovItemId="S48" Value="77"/>
<Cov CovItemId="S49" Value="77"/>
<Cov CovItemId="S50" Value="4"/>
<Cov CovItemId="S51" Value="73"/>
<Cov CovItemId="S52" Value="4"/>
<Cov CovItemId="S53" Value="15"/>
<Cov CovItemId="S54" Value="8"/>
<Cov CovItemId="S55" Value="3"/>
<Cov CovItemId="S56" Value="5"/>
<Cov CovItemId="S58" Value="5"/>
<Cov CovItemId="S60" Value="5"/>
<Cov CovItemId="S62" Value="5"/>
<Cov CovItemId="S63" Value="4"/>
<Cov CovItemId="S64" Value="1"/>
<Cov CovItemId="S65" Value="1"/>
<Cov CovItemId="S69" Value="41"/>
<Cov CovItemId="S70" Value="41"/>
<Cov CovItemId="S71" Value="96"/>
<Cov CovItemId="S72" Value="40"/>
<Cov CovItemId="S73" Value="40"/>
<Cov CovItemId="S74" Value="8"/>
<Cov CovItemId="S75" Value="56"/>
<Cov CovItemId="S76" Value="56"/>
<Cov CovItemId="S80" Value="41"/>
<Cov CovItemId="S81" Value="11"/>
<Cov CovItemId="S82" Value="11"/>
<Cov CovItemId="S83" Value="10"/>
<Cov CovItemId="S84" Value="15"/>
<Cov CovItemId="S85" Value="15"/>
<Cov CovItemId="S86" Value="15"/>
<Cov CovItemId="S87" Value="50"/>
<Cov CovItemId="S88" Value="50"/>
<Cov CovItemId="S89" Value="9"/>
<Cov CovItemId="S90" Value="41"/>
<Cov CovItemId="S91" Value="8"/>
<Cov CovItemId="S92" Value="41"/>
<Cov CovItemId="S93" Value="20"/>
<Cov CovItemId="S94" Value="20"/>
<Cov CovItemId="S95" Value="10"/>
<Cov CovItemId="S96" Value="37"/>
<Cov CovItemId="S97" Value="37"/>
<Cov CovItemId="S98" Value="1"/>
<Cov CovItemId="S99" Value="1"/>
</CovPrefix>
</CovList>
<AssgnmntList>
<AssgnmntPrefix RootTermCovItemPrefix="com.aconex.coding.challenge.NumberToAlphaConverter.java">
<AssgnmntListEntry Length="1" RootTermCovItemId="C1">
<MapEntry BoolAssgnmnt="0" Value="15"/>
<MapEntry BoolAssgnmnt="1" Value="77"/>
</AssgnmntListEntry>
<AssgnmntListEntry Length="1" RootTermCovItemId="C11">
<MapEntry BoolAssgnmnt="0" Value="41"/>
<MapEntry BoolAssgnmnt="1" Value="96"/>
</AssgnmntListEntry>
<AssgnmntListEntry Length="1" RootTermCovItemId="C12">
<MapEntry BoolAssgnmnt="0" Value="56"/>
<MapEntry BoolAssgnmnt="1" Value="40"/>
</AssgnmntListEntry>
<AssgnmntListEntry Length="1" RootTermCovItemId="C13">
<MapEntry BoolAssgnmnt="0" Value="32"/>
<MapEntry BoolAssgnmnt="1" Value="8"/>
</AssgnmntListEntry>
<AssgnmntListEntry Length="1" RootTermCovItemId="C14">
<MapEntry BoolAssgnmnt="0" Value="56"/>
</AssgnmntListEntry>
<AssgnmntListEntry Length="1" RootTermCovItemId="C16">
<MapEntry BoolAssgnmnt="0" Value="1"/>
<MapEntry BoolAssgnmnt="1" Value="10"/>
</AssgnmntListEntry>
<AssgnmntListEntry Length="1" RootTermCovItemId="C17">
<MapEntry BoolAssgnmnt="0" Value="41"/>
<MapEntry BoolAssgnmnt="1" Value="9"/>
</AssgnmntListEntry>
<AssgnmntListEntry Length="2" RootTermCovItemId="C18">
<MapEntry BoolAssgnmnt="02" Value="33"/>
<MapEntry BoolAssgnmnt="11" Value="8"/>
</AssgnmntListEntry>
<AssgnmntListEntry Length="1" RootTermCovItemId="C19">
<MapEntry BoolAssgnmnt="0" Value="21"/>
<MapEntry BoolAssgnmnt="1" Value="20"/>
</AssgnmntListEntry>
<AssgnmntListEntry Length="2" RootTermCovItemId="C2">
<MapEntry BoolAssgnmnt="10" Value="69"/>
<MapEntry BoolAssgnmnt="02" Value="4"/>
<MapEntry BoolAssgnmnt="11" Value="4"/>
</AssgnmntListEntry>
<AssgnmntListEntry Length="1" RootTermCovItemId="C20">
<MapEntry BoolAssgnmnt="0" Value="10"/>
<MapEntry BoolAssgnmnt="1" Value="10"/>
</AssgnmntListEntry>
<AssgnmntListEntry Length="1" RootTermCovItemId="C21">
<MapEntry BoolAssgnmnt="0" Value="36"/>
<MapEntry BoolAssgnmnt="1" Value="1"/>
</AssgnmntListEntry>
<AssgnmntListEntry Length="1" RootTermCovItemId="C22">
<MapEntry BoolAssgnmnt="1" Value="1"/>
</AssgnmntListEntry>
<AssgnmntListEntry Length="1" RootTermCovItemId="C23">
<MapEntry BoolAssgnmnt="0" Value="33"/>
<MapEntry BoolAssgnmnt="1" Value="8"/>
</AssgnmntListEntry>
<AssgnmntListEntry Length="3" RootTermCovItemId="C24">
<MapEntry BoolAssgnmnt="110" Value="5"/>
<MapEntry BoolAssgnmnt="111" Value="3"/>
</AssgnmntListEntry>
<AssgnmntListEntry Length="1" RootTermCovItemId="C25">
<MapEntry BoolAssgnmnt="1" Value="3"/>
</AssgnmntListEntry>
<AssgnmntListEntry Length="1" RootTermCovItemId="C26">
<MapEntry BoolAssgnmnt="1" Value="1"/>
</AssgnmntListEntry>
<AssgnmntListEntry Length="1" RootTermCovItemId="C27">
<MapEntry BoolAssgnmnt="0" Value="1"/>
<MapEntry BoolAssgnmnt="1" Value="14"/>
</AssgnmntListEntry>
<AssgnmntListEntry Length="1" RootTermCovItemId="C28">
<MapEntry BoolAssgnmnt="0" Value="3"/>
<MapEntry BoolAssgnmnt="1" Value="11"/>
</AssgnmntListEntry>
<AssgnmntListEntry Length="1" RootTermCovItemId="C29">
<MapEntry BoolAssgnmnt="0" Value="11"/>
</AssgnmntListEntry>
<AssgnmntListEntry Length="1" RootTermCovItemId="C3">
<MapEntry BoolAssgnmnt="0" Value="69"/>
<MapEntry BoolAssgnmnt="1" Value="4"/>
</AssgnmntListEntry>
<AssgnmntListEntry Length="2" RootTermCovItemId="C4">
<MapEntry BoolAssgnmnt="10" Value="5"/>
<MapEntry BoolAssgnmnt="11" Value="3"/>
</AssgnmntListEntry>
<AssgnmntListEntry Length="2" RootTermCovItemId="C5">
<MapEntry BoolAssgnmnt="10" Value="5"/>
</AssgnmntListEntry>
<AssgnmntListEntry Length="2" RootTermCovItemId="C6">
<MapEntry BoolAssgnmnt="10" Value="5"/>
</AssgnmntListEntry>
<AssgnmntListEntry Length="2" RootTermCovItemId="C7">
<MapEntry BoolAssgnmnt="10" Value="5"/>
</AssgnmntListEntry>
<AssgnmntListEntry Length="2" RootTermCovItemId="C8">
<MapEntry BoolAssgnmnt="10" Value="1"/>
<MapEntry BoolAssgnmnt="11" Value="4"/>
</AssgnmntListEntry>
<AssgnmntListEntry Length="2" RootTermCovItemId="C9">
<MapEntry BoolAssgnmnt="11" Value="1"/>
</AssgnmntListEntry>
</AssgnmntPrefix>
</AssgnmntList>
<ObjMetaDataList/>
<MetaDataList/>
</TestCase>
<MetaDataList/>
</TestSession>
<TestSession Comment="" Date="1421694296349" Name="20 Jan, 2015 12:34:56 AM">
<TestCase Comment="" Date="1421694296277" Name="com.aconex.test.TestAconex:checkForSimpleConversionWithMultipleResult">
<CovList>
<CovPrefix CovItemPrefix="com.aconex.coding.challenge.NumberToAlphaConverter.java">
<Cov CovItemId="B1" Value="7"/>
<Cov CovItemId="B10" Value="6"/>
<Cov CovItemId="B12" Value="6"/>
<Cov CovItemId="B13" Value="5"/>
<Cov CovItemId="B14" Value="1"/>
<Cov CovItemId="B15" Value="1"/>
<Cov CovItemId="B19" Value="40"/>
<Cov CovItemId="B2" Value="50"/>
<Cov CovItemId="B20" Value="66"/>
<Cov CovItemId="B21" Value="10"/>
<Cov CovItemId="B22" Value="30"/>
<Cov CovItemId="B24" Value="66"/>
<Cov CovItemId="B27" Value="5"/>
<Cov CovItemId="B28" Value="1"/>
<Cov CovItemId="B29" Value="15"/>
<Cov CovItemId="B30" Value="43"/>
<Cov CovItemId="B31" Value="3"/>
<Cov CovItemId="B32" Value="40"/>
<Cov CovItemId="B33" Value="14"/>
<Cov CovItemId="B34" Value="29"/>
<Cov CovItemId="B35" Value="14"/>
<Cov CovItemId="B37" Value="3"/>
<Cov CovItemId="B38" Value="39"/>
<Cov CovItemId="B4" Value="50"/>
<Cov CovItemId="B40" Value="3"/>
<Cov CovItemId="B41" Value="10"/>
<Cov CovItemId="B42" Value="33"/>
<Cov CovItemId="B43" Value="5"/>
<Cov CovItemId="B44" Value="5"/>
<Cov CovItemId="B45" Value="5"/>
<Cov CovItemId="B47" Value="1"/>
<Cov CovItemId="B49" Value="1"/>
<Cov CovItemId="B5" Value="4"/>
<Cov CovItemId="B50" Value="6"/>
<Cov CovItemId="B53" Value="6"/>
<Cov CovItemId="B6" Value="6"/>
<Cov CovItemId="B8" Value="6"/>
<Cov CovItemId="L1-1" Value="3"/>
<Cov CovItemId="L1-2" Value="15"/>
<Cov CovItemId="L2-0" Value="3"/>
<Cov CovItemId="L2-1" Value="16"/>
<Cov CovItemId="L2-2" Value="24"/>
<Cov CovItemId="L3-2" Value="5"/>
<Cov CovItemId="L4-2" Value="18"/>
<Cov CovItemId="L5-2" Value="14"/>
<Cov CovItemId="L6-1" Value="10"/>
<Cov CovItemId="L7-2" Value="1"/>
<Cov CovItemId="L8-2" Value="1"/>
<Cov CovItemId="S1" Value="1"/>
<Cov CovItemId="S10" Value="1"/>
<Cov CovItemId="S100" Value="3"/>
<Cov CovItemId="S101" Value="43"/>
<Cov CovItemId="S102" Value="43"/>
<Cov CovItemId="S103" Value="10"/>
<Cov CovItemId="S104" Value="10"/>
<Cov CovItemId="S105" Value="10"/>
<Cov CovItemId="S106" Value="5"/>
<Cov CovItemId="S107" Value="5"/>
<Cov CovItemId="S109" Value="1"/>
<Cov CovItemId="S11" Value="1"/>
<Cov CovItemId="S110" Value="1"/>
<Cov CovItemId="S111" Value="3"/>
<Cov CovItemId="S112" Value="6"/>
<Cov CovItemId="S113" Value="1"/>
<Cov CovItemId="S114" Value="1"/>
<Cov CovItemId="S115" Value="1"/>
<Cov CovItemId="S116" Value="1"/>
<Cov CovItemId="S117" Value="6"/>
<Cov CovItemId="S118" Value="6"/>
<Cov CovItemId="S119" Value="6"/>
<Cov CovItemId="S12" Value="1"/>
<Cov CovItemId="S120" Value="6"/>
<Cov CovItemId="S121" Value="6"/>
<Cov CovItemId="S123" Value="6"/>
<Cov CovItemId="S125" Value="1"/>
<Cov CovItemId="S13" Value="1"/>
<Cov CovItemId="S14" Value="1"/>
<Cov CovItemId="S15" Value="1"/>
<Cov CovItemId="S16" Value="1"/>
<Cov CovItemId="S17" Value="1"/>
<Cov CovItemId="S18" Value="1"/>
<Cov CovItemId="S19" Value="1"/>
<Cov CovItemId="S2" Value="1"/>
<Cov CovItemId="S20" Value="1"/>
<Cov CovItemId="S21" Value="1"/>
<Cov CovItemId="S22" Value="1"/>
<Cov CovItemId="S23" Value="1"/>
<Cov CovItemId="S24" Value="1"/>
<Cov CovItemId="S25" Value="1"/>
<Cov CovItemId="S26" Value="1"/>
<Cov CovItemId="S27" Value="1"/>
<Cov CovItemId="S28" Value="1"/>
<Cov CovItemId="S29" Value="1"/>
<Cov CovItemId="S3" Value="1"/>
<Cov CovItemId="S30" Value="1"/>
<Cov CovItemId="S31" Value="1"/>
<Cov CovItemId="S32" Value="1"/>
<Cov CovItemId="S33" Value="1"/>
<Cov CovItemId="S34" Value="1"/>
<Cov CovItemId="S35" Value="1"/>
<Cov CovItemId="S36" Value="1"/>
<Cov CovItemId="S37" Value="1"/>
<Cov CovItemId="S38" Value="1"/>
<Cov CovItemId="S39" Value="1"/>
<Cov CovItemId="S4" Value="1"/>
<Cov CovItemId="S40" Value="1"/>
<Cov CovItemId="S41" Value="1"/>
<Cov CovItemId="S42" Value="1"/>
<Cov CovItemId="S43" Value="1"/>
<Cov CovItemId="S44" Value="18"/>
<Cov CovItemId="S45" Value="18"/>
<Cov CovItemId="S46" Value="18"/>
<Cov CovItemId="S47" Value="18"/>
<Cov CovItemId="S48" Value="57"/>
<Cov CovItemId="S49" Value="57"/>
<Cov CovItemId="S5" Value="1"/>
<Cov CovItemId="S50" Value="7"/>
<Cov CovItemId="S51" Value="50"/>
<Cov CovItemId="S53" Value="18"/>
<Cov CovItemId="S54" Value="10"/>
<Cov CovItemId="S55" Value="4"/>
<Cov CovItemId="S56" Value="6"/>
<Cov CovItemId="S58" Value="6"/>
<Cov CovItemId="S6" Value="1"/>
<Cov CovItemId="S60" Value="6"/>
<Cov CovItemId="S62" Value="6"/>
<Cov CovItemId="S63" Value="5"/>
<Cov CovItemId="S64" Value="1"/>
<Cov CovItemId="S65" Value="1"/>
<Cov CovItemId="S69" Value="43"/>
<Cov CovItemId="S7" Value="1"/>
<Cov CovItemId="S70" Value="43"/>
<Cov CovItemId="S71" Value="106"/>
<Cov CovItemId="S72" Value="40"/>
<Cov CovItemId="S73" Value="40"/>
<Cov CovItemId="S74" Value="10"/>
<Cov CovItemId="S75" Value="66"/>
<Cov CovItemId="S76" Value="66"/>
<Cov CovItemId="S8" Value="1"/>
<Cov CovItemId="S80" Value="43"/>
<Cov CovItemId="S81" Value="6"/>
<Cov CovItemId="S82" Value="6"/>
<Cov CovItemId="S83" Value="5"/>
<Cov CovItemId="S84" Value="18"/>
<Cov CovItemId="S85" Value="18"/>
<Cov CovItemId="S86" Value="18"/>
<Cov CovItemId="S87" Value="58"/>
<Cov CovItemId="S88" Value="58"/>
<Cov CovItemId="S89" Value="15"/>
<Cov CovItemId="S9" Value="1"/>
<Cov CovItemId="S90" Value="43"/>
<Cov CovItemId="S91" Value="3"/>
<Cov CovItemId="S92" Value="43"/>
<Cov CovItemId="S93" Value="14"/>
<Cov CovItemId="S94" Value="14"/>
<Cov CovItemId="S95" Value="14"/>
<Cov CovItemId="S96" Value="42"/>
<Cov CovItemId="S97" Value="42"/>
<Cov CovItemId="S98" Value="3"/>
</CovPrefix>
</CovList>
<AssgnmntList>
<AssgnmntPrefix RootTermCovItemPrefix="com.aconex.coding.challenge.NumberToAlphaConverter.java">
<AssgnmntListEntry Length="1" RootTermCovItemId="C1">
<MapEntry BoolAssgnmnt="0" Value="18"/>
<MapEntry BoolAssgnmnt="1" Value="57"/>
</AssgnmntListEntry>
<AssgnmntListEntry Length="1" RootTermCovItemId="C11">
<MapEntry BoolAssgnmnt="0" Value="43"/>
<MapEntry BoolAssgnmnt="1" Value="106"/>
</AssgnmntListEntry>
<AssgnmntListEntry Length="1" RootTermCovItemId="C12">
<MapEntry BoolAssgnmnt="0" Value="66"/>
<MapEntry BoolAssgnmnt="1" Value="40"/>
</AssgnmntListEntry>
<AssgnmntListEntry Length="1" RootTermCovItemId="C13">
<MapEntry BoolAssgnmnt="0" Value="30"/>
<MapEntry BoolAssgnmnt="1" Value="10"/>
</AssgnmntListEntry>
<AssgnmntListEntry Length="1" RootTermCovItemId="C14">
<MapEntry BoolAssgnmnt="0" Value="66"/>
</AssgnmntListEntry>
<AssgnmntListEntry Length="1" RootTermCovItemId="C16">
<MapEntry BoolAssgnmnt="0" Value="1"/>
<MapEntry BoolAssgnmnt="1" Value="5"/>
</AssgnmntListEntry>
<AssgnmntListEntry Length="1" RootTermCovItemId="C17">
<MapEntry BoolAssgnmnt="0" Value="43"/>
<MapEntry BoolAssgnmnt="1" Value="15"/>
</AssgnmntListEntry>
<AssgnmntListEntry Length="2" RootTermCovItemId="C18">
<MapEntry BoolAssgnmnt="02" Value="40"/>
<MapEntry BoolAssgnmnt="11" Value="3"/>
</AssgnmntListEntry>
<AssgnmntListEntry Length="1" RootTermCovItemId="C19">
<MapEntry BoolAssgnmnt="0" Value="29"/>
<MapEntry BoolAssgnmnt="1" Value="14"/>
</AssgnmntListEntry>
<AssgnmntListEntry Length="2" RootTermCovItemId="C2">
<MapEntry BoolAssgnmnt="10" Value="50"/>
<MapEntry BoolAssgnmnt="11" Value="7"/>
</AssgnmntListEntry>
<AssgnmntListEntry Length="1" RootTermCovItemId="C20">
<MapEntry BoolAssgnmnt="1" Value="14"/>
</AssgnmntListEntry>
<AssgnmntListEntry Length="1" RootTermCovItemId="C21">
<MapEntry BoolAssgnmnt="0" Value="39"/>
<MapEntry BoolAssgnmnt="1" Value="3"/>
</AssgnmntListEntry>
<AssgnmntListEntry Length="1" RootTermCovItemId="C22">
<MapEntry BoolAssgnmnt="0" Value="3"/>
</AssgnmntListEntry>
<AssgnmntListEntry Length="1" RootTermCovItemId="C23">
<MapEntry BoolAssgnmnt="0" Value="33"/>
<MapEntry BoolAssgnmnt="1" Value="10"/>
</AssgnmntListEntry>
<AssgnmntListEntry Length="3" RootTermCovItemId="C24">
<MapEntry BoolAssgnmnt="110" Value="5"/>
<MapEntry BoolAssgnmnt="111" Value="5"/>
</AssgnmntListEntry>
<AssgnmntListEntry Length="1" RootTermCovItemId="C25">
<MapEntry BoolAssgnmnt="1" Value="5"/>
</AssgnmntListEntry>
<AssgnmntListEntry Length="1" RootTermCovItemId="C26">
<MapEntry BoolAssgnmnt="1" Value="1"/>
</AssgnmntListEntry>
<AssgnmntListEntry Length="1" RootTermCovItemId="C27">
<MapEntry BoolAssgnmnt="0" Value="1"/>
<MapEntry BoolAssgnmnt="1" Value="6"/>
</AssgnmntListEntry>
<AssgnmntListEntry Length="1" RootTermCovItemId="C28">
<MapEntry BoolAssgnmnt="1" Value="6"/>
</AssgnmntListEntry>
<AssgnmntListEntry Length="1" RootTermCovItemId="C29">
<MapEntry BoolAssgnmnt="0" Value="6"/>
</AssgnmntListEntry>
<AssgnmntListEntry Length="1" RootTermCovItemId="C3">
<MapEntry BoolAssgnmnt="0" Value="50"/>
</AssgnmntListEntry>
<AssgnmntListEntry Length="2" RootTermCovItemId="C4">
<MapEntry BoolAssgnmnt="10" Value="6"/>
<MapEntry BoolAssgnmnt="11" Value="4"/>
</AssgnmntListEntry>
<AssgnmntListEntry Length="2" RootTermCovItemId="C5">
<MapEntry BoolAssgnmnt="10" Value="6"/>
</AssgnmntListEntry>
<AssgnmntListEntry Length="2" RootTermCovItemId="C6">
<MapEntry BoolAssgnmnt="10" Value="6"/>
</AssgnmntListEntry>
<AssgnmntListEntry Length="2" RootTermCovItemId="C7">
<MapEntry BoolAssgnmnt="10" Value="6"/>
</AssgnmntListEntry>
<AssgnmntListEntry Length="2" RootTermCovItemId="C8">
<MapEntry BoolAssgnmnt="10" Value="1"/>
<MapEntry BoolAssgnmnt="11" Value="5"/>
</AssgnmntListEntry>
<AssgnmntListEntry Length="2" RootTermCovItemId="C9">
<MapEntry BoolAssgnmnt="11" Value="1"/>
</AssgnmntListEntry>
</AssgnmntPrefix>
</AssgnmntList>
<ObjMetaDataList/>
<MetaDataList/>
</TestCase>
<TestCase Comment="" Date="1421694296287" Name="com.aconex.test.TestAconex:testsSingleStringResultWithMultipleDictionaryWordAndNumbersAtEndsAndInBetween">
<CovList>
<CovPrefix CovItemPrefix="com.aconex.coding.challenge.NumberToAlphaConverter.java">
<Cov CovItemId="B1" Value="36"/>
<Cov CovItemId="B10" Value="10"/>
<Cov CovItemId="B11" Value="8"/>
<Cov CovItemId="B12" Value="2"/>
<Cov CovItemId="B14" Value="2"/>
<Cov CovItemId="B15" Value="2"/>
<Cov CovItemId="B19" Value="51"/>
<Cov CovItemId="B2" Value="139"/>
<Cov CovItemId="B20" Value="84"/>
<Cov CovItemId="B21" Value="12"/>
<Cov CovItemId="B22" Value="39"/>
<Cov CovItemId="B24" Value="84"/>
<Cov CovItemId="B27" Value="18"/>
<Cov CovItemId="B28" Value="1"/>
<Cov CovItemId="B29" Value="14"/>
<Cov CovItemId="B30" Value="56"/>
<Cov CovItemId="B31" Value="11"/>
<Cov CovItemId="B32" Value="45"/>
<Cov CovItemId="B33" Value="47"/>
<Cov CovItemId="B34" Value="9"/>
<Cov CovItemId="B35" Value="47"/>
<Cov CovItemId="B38" Value="157"/>
<Cov CovItemId="B4" Value="139"/>
<Cov CovItemId="B41" Value="12"/>
<Cov CovItemId="B42" Value="44"/>
<Cov CovItemId="B43" Value="6"/>
<Cov CovItemId="B44" Value="6"/>
<Cov CovItemId="B45" Value="6"/>
<Cov CovItemId="B47" Value="1"/>
<Cov CovItemId="B49" Value="1"/>
<Cov CovItemId="B5" Value="2"/>
<Cov CovItemId="B50" Value="19"/>
<Cov CovItemId="B51" Value="7"/>
<Cov CovItemId="B53" Value="19"/>
<Cov CovItemId="B6" Value="10"/>
<Cov CovItemId="B8" Value="10"/>
<Cov CovItemId="L1-1" Value="3"/>
<Cov CovItemId="L1-2" Value="18"/>
<Cov CovItemId="L2-0" Value="5"/>
<Cov CovItemId="L2-1" Value="20"/>
<Cov CovItemId="L2-2" Value="31"/>
<Cov CovItemId="L3-1" Value="16"/>
<Cov CovItemId="L3-2" Value="2"/>
<Cov CovItemId="L4-2" Value="21"/>
<Cov CovItemId="L5-2" Value="47"/>
<Cov CovItemId="L6-1" Value="12"/>
<Cov CovItemId="L7-2" Value="1"/>
<Cov CovItemId="L8-2" Value="1"/>
<Cov CovItemId="S101" Value="56"/>
<Cov CovItemId="S102" Value="56"/>
<Cov CovItemId="S103" Value="12"/>
<Cov CovItemId="S104" Value="12"/>
<Cov CovItemId="S105" Value="12"/>
<Cov CovItemId="S106" Value="6"/>
<Cov CovItemId="S107" Value="6"/>
<Cov CovItemId="S109" Value="1"/>
<Cov CovItemId="S110" Value="1"/>
<Cov CovItemId="S111" Value="3"/>
<Cov CovItemId="S112" Value="19"/>
<Cov CovItemId="S113" Value="1"/>
<Cov CovItemId="S114" Value="1"/>
<Cov CovItemId="S115" Value="1"/>
<Cov CovItemId="S116" Value="1"/>
<Cov CovItemId="S117" Value="26"/>
<Cov CovItemId="S118" Value="26"/>
<Cov CovItemId="S119" Value="19"/>
<Cov CovItemId="S120" Value="19"/>
<Cov CovItemId="S121" Value="19"/>
<Cov CovItemId="S123" Value="19"/>
<Cov CovItemId="S125" Value="1"/>
<Cov CovItemId="S44" Value="21"/>
<Cov CovItemId="S45" Value="21"/>
<Cov CovItemId="S46" Value="21"/>
<Cov CovItemId="S47" Value="21"/>
<Cov CovItemId="S48" Value="175"/>
<Cov CovItemId="S49" Value="175"/>
<Cov CovItemId="S50" Value="36"/>
<Cov CovItemId="S51" Value="139"/>
<Cov CovItemId="S53" Value="21"/>
<Cov CovItemId="S54" Value="12"/>
<Cov CovItemId="S55" Value="2"/>
<Cov CovItemId="S56" Value="10"/>
<Cov CovItemId="S58" Value="10"/>
<Cov CovItemId="S60" Value="10"/>
<Cov CovItemId="S61" Value="8"/>
<Cov CovItemId="S62" Value="2"/>
<Cov CovItemId="S64" Value="2"/>
<Cov CovItemId="S65" Value="2"/>
<Cov CovItemId="S69" Value="56"/>
<Cov CovItemId="S70" Value="56"/>
<Cov CovItemId="S71" Value="135"/>
<Cov CovItemId="S72" Value="51"/>
<Cov CovItemId="S73" Value="51"/>
<Cov CovItemId="S74" Value="12"/>
<Cov CovItemId="S75" Value="84"/>
<Cov CovItemId="S76" Value="84"/>
<Cov CovItemId="S80" Value="56"/>
<Cov CovItemId="S81" Value="19"/>
<Cov CovItemId="S82" Value="19"/>
<Cov CovItemId="S83" Value="18"/>
<Cov CovItemId="S84" Value="21"/>
<Cov CovItemId="S85" Value="21"/>
<Cov CovItemId="S86" Value="21"/>
<Cov CovItemId="S87" Value="70"/>
<Cov CovItemId="S88" Value="70"/>
<Cov CovItemId="S89" Value="14"/>
<Cov CovItemId="S90" Value="56"/>
<Cov CovItemId="S91" Value="11"/>
<Cov CovItemId="S92" Value="56"/>
<Cov CovItemId="S93" Value="47"/>
<Cov CovItemId="S94" Value="47"/>
<Cov CovItemId="S95" Value="47"/>
<Cov CovItemId="S96" Value="157"/>
<Cov CovItemId="S97" Value="157"/>
</CovPrefix>
</CovList>
<AssgnmntList>
<AssgnmntPrefix RootTermCovItemPrefix="com.aconex.coding.challenge.NumberToAlphaConverter.java">
<AssgnmntListEntry Length="1" RootTermCovItemId="C1">
<MapEntry BoolAssgnmnt="0" Value="21"/>
<MapEntry BoolAssgnmnt="1" Value="175"/>
</AssgnmntListEntry>
<AssgnmntListEntry Length="1" RootTermCovItemId="C11">
<MapEntry BoolAssgnmnt="0" Value="56"/>
<MapEntry BoolAssgnmnt="1" Value="135"/>
</AssgnmntListEntry>
<AssgnmntListEntry Length="1" RootTermCovItemId="C12">
<MapEntry BoolAssgnmnt="0" Value="84"/>
<MapEntry BoolAssgnmnt="1" Value="51"/>
</AssgnmntListEntry>
<AssgnmntListEntry Length="1" RootTermCovItemId="C13">
<MapEntry BoolAssgnmnt="0" Value="39"/>
<MapEntry BoolAssgnmnt="1" Value="12"/>
</AssgnmntListEntry>
<AssgnmntListEntry Length="1" RootTermCovItemId="C14">
<MapEntry BoolAssgnmnt="0" Value="84"/>
</AssgnmntListEntry>
<AssgnmntListEntry Length="1" RootTermCovItemId="C16">
<MapEntry BoolAssgnmnt="0" Value="1"/>
<MapEntry BoolAssgnmnt="1" Value="18"/>
</AssgnmntListEntry>
<AssgnmntListEntry Length="1" RootTermCovItemId="C17">
<MapEntry BoolAssgnmnt="0" Value="56"/>
<MapEntry BoolAssgnmnt="1" Value="14"/>
</AssgnmntListEntry>
<AssgnmntListEntry Length="2" RootTermCovItemId="C18">
<MapEntry BoolAssgnmnt="02" Value="45"/>
<MapEntry BoolAssgnmnt="11" Value="11"/>
</AssgnmntListEntry>
<AssgnmntListEntry Length="1" RootTermCovItemId="C19">
<MapEntry BoolAssgnmnt="0" Value="9"/>
<MapEntry BoolAssgnmnt="1" Value="47"/>
</AssgnmntListEntry>
<AssgnmntListEntry Length="2" RootTermCovItemId="C2">
<MapEntry BoolAssgnmnt="10" Value="139"/>
<MapEntry BoolAssgnmnt="11" Value="36"/>
</AssgnmntListEntry>
<AssgnmntListEntry Length="1" RootTermCovItemId="C20">
<MapEntry BoolAssgnmnt="1" Value="47"/>
</AssgnmntListEntry>
<AssgnmntListEntry Length="1" RootTermCovItemId="C21">
<MapEntry BoolAssgnmnt="0" Value="157"/>
</AssgnmntListEntry>
<AssgnmntListEntry Length="1" RootTermCovItemId="C23">
<MapEntry BoolAssgnmnt="0" Value="44"/>
<MapEntry BoolAssgnmnt="1" Value="12"/>
</AssgnmntListEntry>
<AssgnmntListEntry Length="3" RootTermCovItemId="C24">
<MapEntry BoolAssgnmnt="110" Value="6"/>
<MapEntry BoolAssgnmnt="111" Value="6"/>
</AssgnmntListEntry>
<AssgnmntListEntry Length="1" RootTermCovItemId="C25">
<MapEntry BoolAssgnmnt="1" Value="6"/>
</AssgnmntListEntry>
<AssgnmntListEntry Length="1" RootTermCovItemId="C26">
<MapEntry BoolAssgnmnt="1" Value="1"/>
</AssgnmntListEntry>
<AssgnmntListEntry Length="1" RootTermCovItemId="C27">
<MapEntry BoolAssgnmnt="0" Value="1"/>
<MapEntry BoolAssgnmnt="1" Value="26"/>
</AssgnmntListEntry>
<AssgnmntListEntry Length="1" RootTermCovItemId="C28">
<MapEntry BoolAssgnmnt="0" Value="7"/>
<MapEntry BoolAssgnmnt="1" Value="19"/>
</AssgnmntListEntry>
<AssgnmntListEntry Length="1" RootTermCovItemId="C29">
<MapEntry BoolAssgnmnt="0" Value="19"/>
</AssgnmntListEntry>
<AssgnmntListEntry Length="1" RootTermCovItemId="C3">
<MapEntry BoolAssgnmnt="0" Value="139"/>
</AssgnmntListEntry>
<AssgnmntListEntry Length="2" RootTermCovItemId="C4">
<MapEntry BoolAssgnmnt="10" Value="10"/>
<MapEntry BoolAssgnmnt="11" Value="2"/>
</AssgnmntListEntry>
<AssgnmntListEntry Length="2" RootTermCovItemId="C5">
<MapEntry BoolAssgnmnt="10" Value="10"/>
</AssgnmntListEntry>
<AssgnmntListEntry Length="2" RootTermCovItemId="C6">
<MapEntry BoolAssgnmnt="10" Value="10"/>
</AssgnmntListEntry>
<AssgnmntListEntry Length="2" RootTermCovItemId="C7">
<MapEntry BoolAssgnmnt="10" Value="2"/>
<MapEntry BoolAssgnmnt="11" Value="8"/>
</AssgnmntListEntry>
<AssgnmntListEntry Length="2" RootTermCovItemId="C8">
<MapEntry BoolAssgnmnt="10" Value="2"/>
</AssgnmntListEntry>
<AssgnmntListEntry Length="2" RootTermCovItemId="C9">
<MapEntry BoolAssgnmnt="11" Value="2"/>
</AssgnmntListEntry>
</AssgnmntPrefix>
</AssgnmntList>
<ObjMetaDataList/>
<MetaDataList/>
</TestCase>
<TestCase Comment="" Date="1421694296293" Name="com.aconex.test.TestAconex:testsResultWithMultipleDictionaryWordAndNumbersConsecutiveInResult">
<CovList>
<CovPrefix CovItemPrefix="com.aconex.coding.challenge.NumberToAlphaConverter.java">
<Cov CovItemId="B1" Value="28"/>
<Cov CovItemId="B10" Value="12"/>
<Cov CovItemId="B11" Value="12"/>
<Cov CovItemId="B19" Value="70"/>
<Cov CovItemId="B2" Value="86"/>
<Cov CovItemId="B20" Value="54"/>
<Cov CovItemId="B21" Value="20"/>
<Cov CovItemId="B22" Value="50"/>
<Cov CovItemId="B24" Value="54"/>
<Cov CovItemId="B27" Value="18"/>
<Cov CovItemId="B28" Value="2"/>
<Cov CovItemId="B29" Value="14"/>
<Cov CovItemId="B30" Value="72"/>
<Cov CovItemId="B31" Value="6"/>
<Cov CovItemId="B32" Value="66"/>
<Cov CovItemId="B33" Value="54"/>
<Cov CovItemId="B34" Value="18"/>
<Cov CovItemId="B35" Value="54"/>
<Cov CovItemId="B38" Value="162"/>
<Cov CovItemId="B4" Value="86"/>
<Cov CovItemId="B41" Value="20"/>
<Cov CovItemId="B42" Value="52"/>
<Cov CovItemId="B43" Value="12"/>
<Cov CovItemId="B44" Value="8"/>
<Cov CovItemId="B45" Value="12"/>
<Cov CovItemId="B47" Value="2"/>
<Cov CovItemId="B49" Value="2"/>
<Cov CovItemId="B5" Value="8"/>
<Cov CovItemId="B50" Value="20"/>
<Cov CovItemId="B51" Value="4"/>
<Cov CovItemId="B52" Value="2"/>
<Cov CovItemId="B53" Value="18"/>
<Cov CovItemId="B6" Value="12"/>
<Cov CovItemId="B8" Value="12"/>
<Cov CovItemId="L1-1" Value="6"/>
<Cov CovItemId="L1-2" Value="20"/>
<Cov CovItemId="L2-0" Value="2"/>
<Cov CovItemId="L2-1" Value="46"/>
<Cov CovItemId="L2-2" Value="24"/>
<Cov CovItemId="L3-1" Value="12"/>
<Cov CovItemId="L3-2" Value="6"/>
<Cov CovItemId="L4-2" Value="26"/>
<Cov CovItemId="L5-2" Value="54"/>
<Cov CovItemId="L6-1" Value="20"/>
<Cov CovItemId="L7-2" Value="2"/>
<Cov CovItemId="L8-2" Value="2"/>
<Cov CovItemId="S101" Value="72"/>
<Cov CovItemId="S102" Value="72"/>
<Cov CovItemId="S103" Value="20"/>
<Cov CovItemId="S104" Value="20"/>
<Cov CovItemId="S105" Value="20"/>
<Cov CovItemId="S106" Value="12"/>
<Cov CovItemId="S107" Value="12"/>
<Cov CovItemId="S109" Value="2"/>
<Cov CovItemId="S110" Value="2"/>
<Cov CovItemId="S111" Value="6"/>
<Cov CovItemId="S112" Value="20"/>
<Cov CovItemId="S113" Value="2"/>
<Cov CovItemId="S114" Value="2"/>
<Cov CovItemId="S115" Value="2"/>
<Cov CovItemId="S116" Value="2"/>
<Cov CovItemId="S117" Value="24"/>
<Cov CovItemId="S118" Value="24"/>
<Cov CovItemId="S119" Value="20"/>
<Cov CovItemId="S120" Value="20"/>
<Cov CovItemId="S121" Value="20"/>
<Cov CovItemId="S122" Value="2"/>
<Cov CovItemId="S123" Value="18"/>
<Cov CovItemId="S125" Value="2"/>
<Cov CovItemId="S44" Value="26"/>
<Cov CovItemId="S45" Value="26"/>
<Cov CovItemId="S46" Value="26"/>
<Cov CovItemId="S47" Value="26"/>
<Cov CovItemId="S48" Value="114"/>
<Cov CovItemId="S49" Value="114"/>
<Cov CovItemId="S50" Value="28"/>
<Cov CovItemId="S51" Value="86"/>
<Cov CovItemId="S53" Value="26"/>
<Cov CovItemId="S54" Value="20"/>
<Cov CovItemId="S55" Value="8"/>
<Cov CovItemId="S56" Value="12"/>
<Cov CovItemId="S58" Value="12"/>
<Cov CovItemId="S60" Value="12"/>
<Cov CovItemId="S61" Value="12"/>
<Cov CovItemId="S69" Value="72"/>
<Cov CovItemId="S70" Value="72"/>
<Cov CovItemId="S71" Value="124"/>
<Cov CovItemId="S72" Value="70"/>
<Cov CovItemId="S73" Value="70"/>
<Cov CovItemId="S74" Value="20"/>
<Cov CovItemId="S75" Value="54"/>
<Cov CovItemId="S76" Value="54"/>
<Cov CovItemId="S80" Value="72"/>
<Cov CovItemId="S81" Value="20"/>
<Cov CovItemId="S82" Value="20"/>
<Cov CovItemId="S83" Value="18"/>
<Cov CovItemId="S84" Value="26"/>
<Cov CovItemId="S85" Value="26"/>
<Cov CovItemId="S86" Value="26"/>
<Cov CovItemId="S87" Value="86"/>
<Cov CovItemId="S88" Value="86"/>
<Cov CovItemId="S89" Value="14"/>
<Cov CovItemId="S90" Value="72"/>
<Cov CovItemId="S91" Value="6"/>
<Cov CovItemId="S92" Value="72"/>
<Cov CovItemId="S93" Value="54"/>
<Cov CovItemId="S94" Value="54"/>
<Cov CovItemId="S95" Value="54"/>
<Cov CovItemId="S96" Value="162"/>
<Cov CovItemId="S97" Value="162"/>
</CovPrefix>
</CovList>
<AssgnmntList>
<AssgnmntPrefix RootTermCovItemPrefix="com.aconex.coding.challenge.NumberToAlphaConverter.java">
<AssgnmntListEntry Length="1" RootTermCovItemId="C1">
<MapEntry BoolAssgnmnt="0" Value="26"/>
<MapEntry BoolAssgnmnt="1" Value="114"/>
</AssgnmntListEntry>
<AssgnmntListEntry Length="1" RootTermCovItemId="C11">
<MapEntry BoolAssgnmnt="0" Value="72"/>
<MapEntry BoolAssgnmnt="1" Value="124"/>
</AssgnmntListEntry>
<AssgnmntListEntry Length="1" RootTermCovItemId="C12">
<MapEntry BoolAssgnmnt="0" Value="54"/>
<MapEntry BoolAssgnmnt="1" Value="70"/>
</AssgnmntListEntry>
<AssgnmntListEntry Length="1" RootTermCovItemId="C13">
<MapEntry BoolAssgnmnt="0" Value="50"/>
<MapEntry BoolAssgnmnt="1" Value="20"/>
</AssgnmntListEntry>
<AssgnmntListEntry Length="1" RootTermCovItemId="C14">
<MapEntry BoolAssgnmnt="0" Value="54"/>
</AssgnmntListEntry>
<AssgnmntListEntry Length="1" RootTermCovItemId="C16">
<MapEntry BoolAssgnmnt="0" Value="2"/>
<MapEntry BoolAssgnmnt="1" Value="18"/>
</AssgnmntListEntry>
<AssgnmntListEntry Length="1" RootTermCovItemId="C17">
<MapEntry BoolAssgnmnt="0" Value="72"/>
<MapEntry BoolAssgnmnt="1" Value="14"/>
</AssgnmntListEntry>
<AssgnmntListEntry Length="2" RootTermCovItemId="C18">
<MapEntry BoolAssgnmnt="02" Value="66"/>
<MapEntry BoolAssgnmnt="11" Value="6"/>
</AssgnmntListEntry>
<AssgnmntListEntry Length="1" RootTermCovItemId="C19">
<MapEntry BoolAssgnmnt="0" Value="18"/>
<MapEntry BoolAssgnmnt="1" Value="54"/>
</AssgnmntListEntry>
<AssgnmntListEntry Length="2" RootTermCovItemId="C2">
<MapEntry BoolAssgnmnt="10" Value="86"/>
<MapEntry BoolAssgnmnt="11" Value="28"/>
</AssgnmntListEntry>
<AssgnmntListEntry Length="1" RootTermCovItemId="C20">
<MapEntry BoolAssgnmnt="1" Value="54"/>
</AssgnmntListEntry>
<AssgnmntListEntry Length="1" RootTermCovItemId="C21">
<MapEntry BoolAssgnmnt="0" Value="162"/>
</AssgnmntListEntry>
<AssgnmntListEntry Length="1" RootTermCovItemId="C23">
<MapEntry BoolAssgnmnt="0" Value="52"/>
<MapEntry BoolAssgnmnt="1" Value="20"/>
</AssgnmntListEntry>
<AssgnmntListEntry Length="3" RootTermCovItemId="C24">
<MapEntry BoolAssgnmnt="110" Value="8"/>
<MapEntry BoolAssgnmnt="111" Value="12"/>
</AssgnmntListEntry>
<AssgnmntListEntry Length="1" RootTermCovItemId="C25">
<MapEntry BoolAssgnmnt="1" Value="12"/>
</AssgnmntListEntry>
<AssgnmntListEntry Length="1" RootTermCovItemId="C26">
<MapEntry BoolAssgnmnt="1" Value="2"/>
</AssgnmntListEntry>
<AssgnmntListEntry Length="1" RootTermCovItemId="C27">
<MapEntry BoolAssgnmnt="1" Value="24"/>
</AssgnmntListEntry>
<AssgnmntListEntry Length="1" RootTermCovItemId="C28">
<MapEntry BoolAssgnmnt="0" Value="4"/>
<MapEntry BoolAssgnmnt="1" Value="20"/>
</AssgnmntListEntry>
<AssgnmntListEntry Length="1" RootTermCovItemId="C29">
<MapEntry BoolAssgnmnt="0" Value="18"/>
<MapEntry BoolAssgnmnt="1" Value="2"/>
</AssgnmntListEntry>
<AssgnmntListEntry Length="1" RootTermCovItemId="C3">
<MapEntry BoolAssgnmnt="0" Value="86"/>
</AssgnmntListEntry>
<AssgnmntListEntry Length="2" RootTermCovItemId="C4">
<MapEntry BoolAssgnmnt="10" Value="12"/>
<MapEntry BoolAssgnmnt="11" Value="8"/>
</AssgnmntListEntry>
<AssgnmntListEntry Length="2" RootTermCovItemId="C5">
<MapEntry BoolAssgnmnt="10" Value="12"/>
</AssgnmntListEntry>
<AssgnmntListEntry Length="2" RootTermCovItemId="C6">
<MapEntry BoolAssgnmnt="10" Value="12"/>
</AssgnmntListEntry>
<AssgnmntListEntry Length="2" RootTermCovItemId="C7">
<MapEntry BoolAssgnmnt="11" Value="12"/>
</AssgnmntListEntry>
</AssgnmntPrefix>
</AssgnmntList>
<ObjMetaDataList/>
<MetaDataList/>
</TestCase>
<TestCase Comment="" Date="1421694296300" Name="com.aconex.test.TestAconex:testsSingleStringResultWithMultipleDictionaryWord">
<CovList>
<CovPrefix CovItemPrefix="com.aconex.coding.challenge.NumberToAlphaConverter.java">
<Cov CovItemId="B1" Value="5"/>
<Cov CovItemId="B10" Value="9"/>
<Cov CovItemId="B12" Value="9"/>
<Cov CovItemId="B13" Value="2"/>
<Cov CovItemId="B14" Value="7"/>
<Cov CovItemId="B15" Value="7"/>
<Cov CovItemId="B19" Value="44"/>
<Cov CovItemId="B2" Value="76"/>
<Cov CovItemId="B20" Value="51"/>
<Cov CovItemId="B21" Value="13"/>
<Cov CovItemId="B22" Value="31"/>
<Cov CovItemId="B24" Value="51"/>
<Cov CovItemId="B27" Value="10"/>
<Cov CovItemId="B28" Value="1"/>
<Cov CovItemId="B29" Value="10"/>
<Cov CovItemId="B3" Value="3"/>
<Cov CovItemId="B30" Value="45"/>
<Cov CovItemId="B31" Value="3"/>
<Cov CovItemId="B32" Value="42"/>
<Cov CovItemId="B33" Value="23"/>
<Cov CovItemId="B34" Value="22"/>
<Cov CovItemId="B35" Value="15"/>
<Cov CovItemId="B36" Value="8"/>
<Cov CovItemId="B37" Value="2"/>
<Cov CovItemId="B38" Value="49"/>
<Cov CovItemId="B39" Value="1"/>
<Cov CovItemId="B4" Value="73"/>
<Cov CovItemId="B40" Value="1"/>
<Cov CovItemId="B41" Value="13"/>
<Cov CovItemId="B42" Value="32"/>
<Cov CovItemId="B43" Value="7"/>
<Cov CovItemId="B44" Value="6"/>
<Cov CovItemId="B45" Value="7"/>
<Cov CovItemId="B47" Value="1"/>
<Cov CovItemId="B49" Value="1"/>
<Cov CovItemId="B5" Value="4"/>
<Cov CovItemId="B50" Value="11"/>
<Cov CovItemId="B51" Value="5"/>
<Cov CovItemId="B53" Value="11"/>
<Cov CovItemId="B6" Value="9"/>
<Cov CovItemId="B8" Value="9"/>
<Cov CovItemId="L1-1" Value="4"/>
<Cov CovItemId="L1-2" Value="13"/>
<Cov CovItemId="L2-0" Value="1"/>
<Cov CovItemId="L2-1" Value="25"/>
<Cov CovItemId="L2-2" Value="19"/>
<Cov CovItemId="L3-1" Value="7"/>
<Cov CovItemId="L3-2" Value="3"/>
<Cov CovItemId="L4-2" Value="17"/>
<Cov CovItemId="L5-2" Value="15"/>
<Cov CovItemId="L6-1" Value="13"/>
<Cov CovItemId="L7-2" Value="1"/>
<Cov CovItemId="L8-2" Value="1"/>
<Cov CovItemId="S100" Value="1"/>
<Cov CovItemId="S101" Value="45"/>
<Cov CovItemId="S102" Value="45"/>
<Cov CovItemId="S103" Value="13"/>
<Cov CovItemId="S104" Value="13"/>
<Cov CovItemId="S105" Value="13"/>
<Cov CovItemId="S106" Value="7"/>
<Cov CovItemId="S107" Value="7"/>
<Cov CovItemId="S109" Value="1"/>
<Cov CovItemId="S110" Value="1"/>
<Cov CovItemId="S111" Value="4"/>
<Cov CovItemId="S112" Value="11"/>
<Cov CovItemId="S113" Value="1"/>
<Cov CovItemId="S114" Value="1"/>
<Cov CovItemId="S115" Value="1"/>
<Cov CovItemId="S116" Value="1"/>
<Cov CovItemId="S117" Value="16"/>
<Cov CovItemId="S118" Value="16"/>
<Cov CovItemId="S119" Value="11"/>
<Cov CovItemId="S120" Value="11"/>
<Cov CovItemId="S121" Value="11"/>
<Cov CovItemId="S123" Value="11"/>
<Cov CovItemId="S125" Value="1"/>
<Cov CovItemId="S44" Value="17"/>
<Cov CovItemId="S45" Value="17"/>
<Cov CovItemId="S46" Value="17"/>
<Cov CovItemId="S47" Value="17"/>
<Cov CovItemId="S48" Value="81"/>
<Cov CovItemId="S49" Value="81"/>
<Cov CovItemId="S50" Value="5"/>
<Cov CovItemId="S51" Value="76"/>
<Cov CovItemId="S52" Value="3"/>
<Cov CovItemId="S53" Value="17"/>
<Cov CovItemId="S54" Value="13"/>
<Cov CovItemId="S55" Value="4"/>
<Cov CovItemId="S56" Value="9"/>
<Cov CovItemId="S58" Value="9"/>
<Cov CovItemId="S60" Value="9"/>
<Cov CovItemId="S62" Value="9"/>
<Cov CovItemId="S63" Value="2"/>
<Cov CovItemId="S64" Value="7"/>
<Cov CovItemId="S65" Value="7"/>
<Cov CovItemId="S69" Value="45"/>
<Cov CovItemId="S70" Value="45"/>
<Cov CovItemId="S71" Value="95"/>
<Cov CovItemId="S72" Value="44"/>
<Cov CovItemId="S73" Value="44"/>
<Cov CovItemId="S74" Value="13"/>
<Cov CovItemId="S75" Value="51"/>
<Cov CovItemId="S76" Value="51"/>
<Cov CovItemId="S80" Value="45"/>
<Cov CovItemId="S81" Value="11"/>
<Cov CovItemId="S82" Value="11"/>
<Cov CovItemId="S83" Value="10"/>
<Cov CovItemId="S84" Value="17"/>
<Cov CovItemId="S85" Value="17"/>
<Cov CovItemId="S86" Value="17"/>
<Cov CovItemId="S87" Value="55"/>
<Cov CovItemId="S88" Value="55"/>
<Cov CovItemId="S89" Value="10"/>
<Cov CovItemId="S90" Value="45"/>
<Cov CovItemId="S91" Value="3"/>
<Cov CovItemId="S92" Value="45"/>
<Cov CovItemId="S93" Value="23"/>
<Cov CovItemId="S94" Value="23"/>
<Cov CovItemId="S95" Value="15"/>
<Cov CovItemId="S96" Value="51"/>
<Cov CovItemId="S97" Value="51"/>
<Cov CovItemId="S98" Value="2"/>
<Cov CovItemId="S99" Value="1"/>
</CovPrefix>
</CovList>
<AssgnmntList>
<AssgnmntPrefix RootTermCovItemPrefix="com.aconex.coding.challenge.NumberToAlphaConverter.java">
<AssgnmntListEntry Length="1" RootTermCovItemId="C1">
<MapEntry BoolAssgnmnt="0" Value="17"/>
<MapEntry BoolAssgnmnt="1" Value="81"/>
</AssgnmntListEntry>
<AssgnmntListEntry Length="1" RootTermCovItemId="C11">
<MapEntry BoolAssgnmnt="0" Value="45"/>
<MapEntry BoolAssgnmnt="1" Value="95"/>
</AssgnmntListEntry>
<AssgnmntListEntry Length="1" RootTermCovItemId="C12">
<MapEntry BoolAssgnmnt="0" Value="51"/>
<MapEntry BoolAssgnmnt="1" Value="44"/>
</AssgnmntListEntry>
<AssgnmntListEntry Length="1" RootTermCovItemId="C13">
<MapEntry BoolAssgnmnt="0" Value="31"/>
<MapEntry BoolAssgnmnt="1" Value="13"/>
</AssgnmntListEntry>
<AssgnmntListEntry Length="1" RootTermCovItemId="C14">
<MapEntry BoolAssgnmnt="0" Value="51"/>
</AssgnmntListEntry>
<AssgnmntListEntry Length="1" RootTermCovItemId="C16">
<MapEntry BoolAssgnmnt="0" Value="1"/>
<MapEntry BoolAssgnmnt="1" Value="10"/>
</AssgnmntListEntry>
<AssgnmntListEntry Length="1" RootTermCovItemId="C17">
<MapEntry BoolAssgnmnt="0" Value="45"/>
<MapEntry BoolAssgnmnt="1" Value="10"/>
</AssgnmntListEntry>
<AssgnmntListEntry Length="2" RootTermCovItemId="C18">
<MapEntry BoolAssgnmnt="02" Value="42"/>
<MapEntry BoolAssgnmnt="11" Value="3"/>
</AssgnmntListEntry>
<AssgnmntListEntry Length="1" RootTermCovItemId="C19">
<MapEntry BoolAssgnmnt="0" Value="22"/>
<MapEntry BoolAssgnmnt="1" Value="23"/>
</AssgnmntListEntry>
<AssgnmntListEntry Length="2" RootTermCovItemId="C2">
<MapEntry BoolAssgnmnt="10" Value="73"/>
<MapEntry BoolAssgnmnt="02" Value="3"/>
<MapEntry BoolAssgnmnt="11" Value="5"/>
</AssgnmntListEntry>
<AssgnmntListEntry Length="1" RootTermCovItemId="C20">
<MapEntry BoolAssgnmnt="0" Value="8"/>
<MapEntry BoolAssgnmnt="1" Value="15"/>
</AssgnmntListEntry>
<AssgnmntListEntry Length="1" RootTermCovItemId="C21">
<MapEntry BoolAssgnmnt="0" Value="49"/>
<MapEntry BoolAssgnmnt="1" Value="2"/>
</AssgnmntListEntry>
<AssgnmntListEntry Length="1" RootTermCovItemId="C22">
<MapEntry BoolAssgnmnt="0" Value="1"/>
<MapEntry BoolAssgnmnt="1" Value="1"/>
</AssgnmntListEntry>
<AssgnmntListEntry Length="1" RootTermCovItemId="C23">
<MapEntry BoolAssgnmnt="0" Value="32"/>
<MapEntry BoolAssgnmnt="1" Value="13"/>
</AssgnmntListEntry>
<AssgnmntListEntry Length="3" RootTermCovItemId="C24">
<MapEntry BoolAssgnmnt="110" Value="6"/>
<MapEntry BoolAssgnmnt="111" Value="7"/>
</AssgnmntListEntry>
<AssgnmntListEntry Length="1" RootTermCovItemId="C25">
<MapEntry BoolAssgnmnt="1" Value="7"/>
</AssgnmntListEntry>
<AssgnmntListEntry Length="1" RootTermCovItemId="C26">
<MapEntry BoolAssgnmnt="1" Value="1"/>
</AssgnmntListEntry>
<AssgnmntListEntry Length="1" RootTermCovItemId="C27">
<MapEntry BoolAssgnmnt="0" Value="1"/>
<MapEntry BoolAssgnmnt="1" Value="16"/>
</AssgnmntListEntry>
<AssgnmntListEntry Length="1" RootTermCovItemId="C28">
<MapEntry BoolAssgnmnt="0" Value="5"/>
<MapEntry BoolAssgnmnt="1" Value="11"/>
</AssgnmntListEntry>
<AssgnmntListEntry Length="1" RootTermCovItemId="C29">
<MapEntry BoolAssgnmnt="0" Value="11"/>
</AssgnmntListEntry>
<AssgnmntListEntry Length="1" RootTermCovItemId="C3">
<MapEntry BoolAssgnmnt="0" Value="73"/>
<MapEntry BoolAssgnmnt="1" Value="3"/>
</AssgnmntListEntry>
<AssgnmntListEntry Length="2" RootTermCovItemId="C4">
<MapEntry BoolAssgnmnt="10" Value="9"/>
<MapEntry BoolAssgnmnt="11" Value="4"/>
</AssgnmntListEntry>
<AssgnmntListEntry Length="2" RootTermCovItemId="C5">
<MapEntry BoolAssgnmnt="10" Value="9"/>
</AssgnmntListEntry>
<AssgnmntListEntry Length="2" RootTermCovItemId="C6">
<MapEntry BoolAssgnmnt="10" Value="9"/>
</AssgnmntListEntry>
<AssgnmntListEntry Length="2" RootTermCovItemId="C7">
<MapEntry BoolAssgnmnt="10" Value="9"/>
</AssgnmntListEntry>
<AssgnmntListEntry Length="2" RootTermCovItemId="C8">
<MapEntry BoolAssgnmnt="10" Value="7"/>
<MapEntry BoolAssgnmnt="11" Value="2"/>
</AssgnmntListEntry>
<AssgnmntListEntry Length="2" RootTermCovItemId="C9">
<MapEntry BoolAssgnmnt="11" Value="7"/>
</AssgnmntListEntry>
</AssgnmntPrefix>
</AssgnmntList>
<ObjMetaDataList/>
<MetaDataList/>
</TestCase>
<TestCase Comment="" Date="1421694296305" Name="com.aconex.test.TestAconex:testsSingleStringResultWithMultipleDictionaryWordAndSingleNumbersAtLeftEnd">
<CovList>
<CovPrefix CovItemPrefix="com.aconex.coding.challenge.NumberToAlphaConverter.java">
<Cov CovItemId="B1" Value="15"/>
<Cov CovItemId="B10" Value="10"/>
<Cov CovItemId="B11" Value="6"/>
<Cov CovItemId="B12" Value="4"/>
<Cov CovItemId="B13" Value="4"/>
<Cov CovItemId="B19" Value="38"/>
<Cov CovItemId="B2" Value="63"/>
<Cov CovItemId="B20" Value="40"/>
<Cov CovItemId="B21" Value="12"/>
<Cov CovItemId="B22" Value="26"/>
<Cov CovItemId="B24" Value="40"/>
<Cov CovItemId="B27" Value="10"/>
<Cov CovItemId="B28" Value="1"/>
<Cov CovItemId="B29" Value="9"/>
<Cov CovItemId="B3" Value="3"/>
<Cov CovItemId="B30" Value="39"/>
<Cov CovItemId="B31" Value="4"/>
<Cov CovItemId="B32" Value="35"/>
<Cov CovItemId="B33" Value="30"/>
<Cov CovItemId="B34" Value="9"/>
<Cov CovItemId="B35" Value="24"/>
<Cov CovItemId="B36" Value="6"/>
<Cov CovItemId="B37" Value="1"/>
<Cov CovItemId="B38" Value="78"/>
<Cov CovItemId="B39" Value="1"/>
<Cov CovItemId="B4" Value="60"/>
<Cov CovItemId="B41" Value="12"/>
<Cov CovItemId="B42" Value="27"/>
<Cov CovItemId="B43" Value="6"/>
<Cov CovItemId="B44" Value="6"/>
<Cov CovItemId="B45" Value="6"/>
<Cov CovItemId="B47" Value="1"/>
<Cov CovItemId="B49" Value="1"/>
<Cov CovItemId="B5" Value="2"/>
<Cov CovItemId="B50" Value="11"/>
<Cov CovItemId="B51" Value="2"/>
<Cov CovItemId="B53" Value="11"/>
<Cov CovItemId="B6" Value="10"/>
<Cov CovItemId="B8" Value="10"/>
<Cov CovItemId="L1-1" Value="3"/>
<Cov CovItemId="L1-2" Value="12"/>
<Cov CovItemId="L2-0" Value="1"/>
<Cov CovItemId="L2-1" Value="22"/>
<Cov CovItemId="L2-2" Value="16"/>
<Cov CovItemId="L3-1" Value="7"/>
<Cov CovItemId="L3-2" Value="3"/>
<Cov CovItemId="L4-2" Value="15"/>
<Cov CovItemId="L5-2" Value="24"/>
<Cov CovItemId="L6-1" Value="12"/>
<Cov CovItemId="L7-2" Value="1"/>
<Cov CovItemId="L8-2" Value="1"/>
<Cov CovItemId="S101" Value="39"/>
<Cov CovItemId="S102" Value="39"/>
<Cov CovItemId="S103" Value="12"/>
<Cov CovItemId="S104" Value="12"/>
<Cov CovItemId="S105" Value="12"/>
<Cov CovItemId="S106" Value="6"/>
<Cov CovItemId="S107" Value="6"/>
<Cov CovItemId="S109" Value="1"/>
<Cov CovItemId="S110" Value="1"/>
<Cov CovItemId="S111" Value="3"/>
<Cov CovItemId="S112" Value="11"/>
<Cov CovItemId="S113" Value="1"/>
<Cov CovItemId="S114" Value="1"/>
<Cov CovItemId="S115" Value="1"/>
<Cov CovItemId="S116" Value="1"/>
<Cov CovItemId="S117" Value="13"/>
<Cov CovItemId="S118" Value="13"/>
<Cov CovItemId="S119" Value="11"/>
<Cov CovItemId="S120" Value="11"/>
<Cov CovItemId="S121" Value="11"/>
<Cov CovItemId="S123" Value="11"/>
<Cov CovItemId="S125" Value="1"/>
<Cov CovItemId="S44" Value="15"/>
<Cov CovItemId="S45" Value="15"/>
<Cov CovItemId="S46" Value="15"/>
<Cov CovItemId="S47" Value="15"/>
<Cov CovItemId="S48" Value="78"/>
<Cov CovItemId="S49" Value="78"/>
<Cov CovItemId="S50" Value="15"/>
<Cov CovItemId="S51" Value="63"/>
<Cov CovItemId="S52" Value="3"/>
<Cov CovItemId="S53" Value="15"/>
<Cov CovItemId="S54" Value="12"/>
<Cov CovItemId="S55" Value="2"/>
<Cov CovItemId="S56" Value="10"/>
<Cov CovItemId="S58" Value="10"/>
<Cov CovItemId="S60" Value="10"/>
<Cov CovItemId="S61" Value="6"/>
<Cov CovItemId="S62" Value="4"/>
<Cov CovItemId="S63" Value="4"/>
<Cov CovItemId="S69" Value="39"/>
<Cov CovItemId="S70" Value="39"/>
<Cov CovItemId="S71" Value="78"/>
<Cov CovItemId="S72" Value="38"/>
<Cov CovItemId="S73" Value="38"/>
<Cov CovItemId="S74" Value="12"/>
<Cov CovItemId="S75" Value="40"/>
<Cov CovItemId="S76" Value="40"/>
<Cov CovItemId="S80" Value="39"/>
<Cov CovItemId="S81" Value="11"/>
<Cov CovItemId="S82" Value="11"/>
<Cov CovItemId="S83" Value="10"/>
<Cov CovItemId="S84" Value="15"/>
<Cov CovItemId="S85" Value="15"/>
<Cov CovItemId="S86" Value="15"/>
<Cov CovItemId="S87" Value="48"/>
<Cov CovItemId="S88" Value="48"/>
<Cov CovItemId="S89" Value="9"/>
<Cov CovItemId="S90" Value="39"/>
<Cov CovItemId="S91" Value="4"/>
<Cov CovItemId="S92" Value="39"/>
<Cov CovItemId="S93" Value="30"/>
<Cov CovItemId="S94" Value="30"/>
<Cov CovItemId="S95" Value="24"/>
<Cov CovItemId="S96" Value="79"/>
<Cov CovItemId="S97" Value="79"/>
<Cov CovItemId="S98" Value="1"/>
<Cov CovItemId="S99" Value="1"/>
</CovPrefix>
</CovList>
<AssgnmntList>
<AssgnmntPrefix RootTermCovItemPrefix="com.aconex.coding.challenge.NumberToAlphaConverter.java">
<AssgnmntListEntry Length="1" RootTermCovItemId="C1">
<MapEntry BoolAssgnmnt="0" Value="15"/>
<MapEntry BoolAssgnmnt="1" Value="78"/>
</AssgnmntListEntry>
<AssgnmntListEntry Length="1" RootTermCovItemId="C11">
<MapEntry BoolAssgnmnt="0" Value="39"/>
<MapEntry BoolAssgnmnt="1" Value="78"/>
</AssgnmntListEntry>
<AssgnmntListEntry Length="1" RootTermCovItemId="C12">
<MapEntry BoolAssgnmnt="0" Value="40"/>
<MapEntry BoolAssgnmnt="1" Value="38"/>
</AssgnmntListEntry>
<AssgnmntListEntry Length="1" RootTermCovItemId="C13">
<MapEntry BoolAssgnmnt="0" Value="26"/>
<MapEntry BoolAssgnmnt="1" Value="12"/>
</AssgnmntListEntry>
<AssgnmntListEntry Length="1" RootTermCovItemId="C14">
<MapEntry BoolAssgnmnt="0" Value="40"/>
</AssgnmntListEntry>
<AssgnmntListEntry Length="1" RootTermCovItemId="C16">
<MapEntry BoolAssgnmnt="0" Value="1"/>
<MapEntry BoolAssgnmnt="1" Value="10"/>
</AssgnmntListEntry>
<AssgnmntListEntry Length="1" RootTermCovItemId="C17">
<MapEntry BoolAssgnmnt="0" Value="39"/>
<MapEntry BoolAssgnmnt="1" Value="9"/>
</AssgnmntListEntry>
<AssgnmntListEntry Length="2" RootTermCovItemId="C18">
<MapEntry BoolAssgnmnt="02" Value="35"/>
<MapEntry BoolAssgnmnt="11" Value="4"/>
</AssgnmntListEntry>
<AssgnmntListEntry Length="1" RootTermCovItemId="C19">
<MapEntry BoolAssgnmnt="0" Value="9"/>
<MapEntry BoolAssgnmnt="1" Value="30"/>
</AssgnmntListEntry>
<AssgnmntListEntry Length="2" RootTermCovItemId="C2">
<MapEntry BoolAssgnmnt="10" Value="60"/>
<MapEntry BoolAssgnmnt="02" Value="3"/>
<MapEntry BoolAssgnmnt="11" Value="15"/>
</AssgnmntListEntry>
<AssgnmntListEntry Length="1" RootTermCovItemId="C20">
<MapEntry BoolAssgnmnt="0" Value="6"/>
<MapEntry BoolAssgnmnt="1" Value="24"/>
</AssgnmntListEntry>
<AssgnmntListEntry Length="1" RootTermCovItemId="C21">
<MapEntry BoolAssgnmnt="0" Value="78"/>
<MapEntry BoolAssgnmnt="1" Value="1"/>
</AssgnmntListEntry>
<AssgnmntListEntry Length="1" RootTermCovItemId="C22">
<MapEntry BoolAssgnmnt="1" Value="1"/>
</AssgnmntListEntry>
<AssgnmntListEntry Length="1" RootTermCovItemId="C23">
<MapEntry BoolAssgnmnt="0" Value="27"/>
<MapEntry BoolAssgnmnt="1" Value="12"/>
</AssgnmntListEntry>
<AssgnmntListEntry Length="3" RootTermCovItemId="C24">
<MapEntry BoolAssgnmnt="110" Value="6"/>
<MapEntry BoolAssgnmnt="111" Value="6"/>
</AssgnmntListEntry>
<AssgnmntListEntry Length="1" RootTermCovItemId="C25">
<MapEntry BoolAssgnmnt="1" Value="6"/>
</AssgnmntListEntry>
<AssgnmntListEntry Length="1" RootTermCovItemId="C26">
<MapEntry BoolAssgnmnt="1" Value="1"/>
</AssgnmntListEntry>
<AssgnmntListEntry Length="1" RootTermCovItemId="C27">
<MapEntry BoolAssgnmnt="0" Value="1"/>
<MapEntry BoolAssgnmnt="1" Value="13"/>
</AssgnmntListEntry>
<AssgnmntListEntry Length="1" RootTermCovItemId="C28">
<MapEntry BoolAssgnmnt="0" Value="2"/>
<MapEntry BoolAssgnmnt="1" Value="11"/>
</AssgnmntListEntry>
<AssgnmntListEntry Length="1" RootTermCovItemId="C29">
<MapEntry BoolAssgnmnt="0" Value="11"/>
</AssgnmntListEntry>
<AssgnmntListEntry Length="1" RootTermCovItemId="C3">
<MapEntry BoolAssgnmnt="0" Value="60"/>
<MapEntry BoolAssgnmnt="1" Value="3"/>
</AssgnmntListEntry>
<AssgnmntListEntry Length="2" RootTermCovItemId="C4">
<MapEntry BoolAssgnmnt="10" Value="10"/>
<MapEntry BoolAssgnmnt="11" Value="2"/>
</AssgnmntListEntry>
<AssgnmntListEntry Length="2" RootTermCovItemId="C5">
<MapEntry BoolAssgnmnt="10" Value="10"/>
</AssgnmntListEntry>
<AssgnmntListEntry Length="2" RootTermCovItemId="C6">
<MapEntry BoolAssgnmnt="10" Value="10"/>
</AssgnmntListEntry>
<AssgnmntListEntry Length="2" RootTermCovItemId="C7">
<MapEntry BoolAssgnmnt="10" Value="4"/>
<MapEntry BoolAssgnmnt="11" Value="6"/>
</AssgnmntListEntry>
<AssgnmntListEntry Length="2" RootTermCovItemId="C8">
<MapEntry BoolAssgnmnt="11" Value="4"/>
</AssgnmntListEntry>
</AssgnmntPrefix>
</AssgnmntList>
<ObjMetaDataList/>
<MetaDataList/>
</TestCase>
<TestCase Comment="" Date="1421694296310" Name="com.aconex.test.TestAconex:testPhoneNumberForAmbiguity">
<CovList>
<CovPrefix CovItemPrefix="com.aconex.coding.challenge.NumberToAlphaConverter.java">
<Cov CovItemId="B1" Value="4"/>
<Cov CovItemId="B10" Value="3"/>
<Cov CovItemId="B12" Value="3"/>
<Cov CovItemId="B13" Value="3"/>
<Cov CovItemId="B19" Value="28"/>
<Cov CovItemId="B2" Value="36"/>
<Cov CovItemId="B20" Value="34"/>
<Cov CovItemId="B21" Value="6"/>
<Cov CovItemId="B22" Value="22"/>
<Cov CovItemId="B23" Value="6"/>
<Cov CovItemId="B24" Value="28"/>
<Cov CovItemId="B26" Value="6"/>
<Cov CovItemId="B27" Value="6"/>
<Cov CovItemId="B28" Value="1"/>
<Cov CovItemId="B29" Value="8"/>
<Cov CovItemId="B30" Value="30"/>
<Cov CovItemId="B31" Value="5"/>
<Cov CovItemId="B32" Value="25"/>
<Cov CovItemId="B33" Value="11"/>
<Cov CovItemId="B34" Value="19"/>
<Cov CovItemId="B35" Value="11"/>
<Cov CovItemId="B38" Value="33"/>
<Cov CovItemId="B4" Value="36"/>
<Cov CovItemId="B41" Value="6"/>
<Cov CovItemId="B42" Value="24"/>
<Cov CovItemId="B43" Value="3"/>
<Cov CovItemId="B44" Value="3"/>
<Cov CovItemId="B45" Value="3"/>
<Cov CovItemId="B47" Value="1"/>
<Cov CovItemId="B49" Value="1"/>
<Cov CovItemId="B50" Value="7"/>
<Cov CovItemId="B51" Value="7"/>
<Cov CovItemId="B53" Value="7"/>
<Cov CovItemId="B6" Value="6"/>
<Cov CovItemId="B8" Value="6"/>
<Cov CovItemId="B9" Value="3"/>
<Cov CovItemId="L1-1" Value="3"/>
<Cov CovItemId="L1-2" Value="9"/>
<Cov CovItemId="L2-0" Value="2"/>
<Cov CovItemId="L2-1" Value="14"/>
<Cov CovItemId="L2-2" Value="14"/>
<Cov CovItemId="L3-1" Value="1"/>
<Cov CovItemId="L3-2" Value="5"/>
<Cov CovItemId="L4-2" Value="12"/>
<Cov CovItemId="L5-2" Value="11"/>
<Cov CovItemId="L6-1" Value="6"/>
<Cov CovItemId="L7-2" Value="1"/>
<Cov CovItemId="L8-2" Value="1"/>
<Cov CovItemId="S101" Value="30"/>
<Cov CovItemId="S102" Value="30"/>
<Cov CovItemId="S103" Value="6"/>
<Cov CovItemId="S104" Value="6"/>
<Cov CovItemId="S105" Value="6"/>
<Cov CovItemId="S106" Value="3"/>
<Cov CovItemId="S107" Value="3"/>
<Cov CovItemId="S109" Value="1"/>
<Cov CovItemId="S110" Value="1"/>
<Cov CovItemId="S111" Value="3"/>
<Cov CovItemId="S112" Value="7"/>
<Cov CovItemId="S113" Value="1"/>
<Cov CovItemId="S114" Value="1"/>
<Cov CovItemId="S115" Value="1"/>
<Cov CovItemId="S116" Value="1"/>
<Cov CovItemId="S117" Value="14"/>
<Cov CovItemId="S118" Value="14"/>
<Cov CovItemId="S119" Value="7"/>
<Cov CovItemId="S120" Value="7"/>
<Cov CovItemId="S121" Value="7"/>
<Cov CovItemId="S123" Value="7"/>
<Cov CovItemId="S125" Value="1"/>
<Cov CovItemId="S44" Value="12"/>
<Cov CovItemId="S45" Value="12"/>
<Cov CovItemId="S46" Value="12"/>
<Cov CovItemId="S47" Value="12"/>
<Cov CovItemId="S48" Value="40"/>
<Cov CovItemId="S49" Value="40"/>
<Cov CovItemId="S50" Value="4"/>
<Cov CovItemId="S51" Value="36"/>
<Cov CovItemId="S53" Value="12"/>
<Cov CovItemId="S54" Value="6"/>
<Cov CovItemId="S56" Value="6"/>
<Cov CovItemId="S58" Value="6"/>
<Cov CovItemId="S59" Value="3"/>
<Cov CovItemId="S60" Value="3"/>
<Cov CovItemId="S62" Value="3"/>
<Cov CovItemId="S63" Value="3"/>
<Cov CovItemId="S69" Value="30"/>
<Cov CovItemId="S70" Value="30"/>
<Cov CovItemId="S71" Value="62"/>
<Cov CovItemId="S72" Value="28"/>
<Cov CovItemId="S73" Value="28"/>
<Cov CovItemId="S74" Value="6"/>
<Cov CovItemId="S75" Value="34"/>
<Cov CovItemId="S76" Value="34"/>
<Cov CovItemId="S77" Value="6"/>
<Cov CovItemId="S78" Value="6"/>
<Cov CovItemId="S80" Value="30"/>
<Cov CovItemId="S81" Value="7"/>
<Cov CovItemId="S82" Value="7"/>
<Cov CovItemId="S83" Value="6"/>
<Cov CovItemId="S84" Value="12"/>
<Cov CovItemId="S85" Value="12"/>
<Cov CovItemId="S86" Value="12"/>
<Cov CovItemId="S87" Value="38"/>
<Cov CovItemId="S88" Value="38"/>
<Cov CovItemId="S89" Value="8"/>
<Cov CovItemId="S90" Value="30"/>
<Cov CovItemId="S91" Value="5"/>
<Cov CovItemId="S92" Value="30"/>
<Cov CovItemId="S93" Value="11"/>
<Cov CovItemId="S94" Value="11"/>
<Cov CovItemId="S95" Value="11"/>
<Cov CovItemId="S96" Value="33"/>
<Cov CovItemId="S97" Value="33"/>
</CovPrefix>
</CovList>
<AssgnmntList>
<AssgnmntPrefix RootTermCovItemPrefix="com.aconex.coding.challenge.NumberToAlphaConverter.java">
<AssgnmntListEntry Length="1" RootTermCovItemId="C1">
<MapEntry BoolAssgnmnt="0" Value="12"/>
<MapEntry BoolAssgnmnt="1" Value="40"/>
</AssgnmntListEntry>
<AssgnmntListEntry Length="1" RootTermCovItemId="C11">
<MapEntry BoolAssgnmnt="0" Value="30"/>
<MapEntry BoolAssgnmnt="1" Value="62"/>
</AssgnmntListEntry>
<AssgnmntListEntry Length="1" RootTermCovItemId="C12">
<MapEntry BoolAssgnmnt="0" Value="34"/>
<MapEntry BoolAssgnmnt="1" Value="28"/>
</AssgnmntListEntry>
<AssgnmntListEntry Length="1" RootTermCovItemId="C13">
<MapEntry BoolAssgnmnt="0" Value="22"/>
<MapEntry BoolAssgnmnt="1" Value="6"/>
</AssgnmntListEntry>
<AssgnmntListEntry Length="1" RootTermCovItemId="C14">
<MapEntry BoolAssgnmnt="0" Value="28"/>
<MapEntry BoolAssgnmnt="1" Value="6"/>
</AssgnmntListEntry>
<AssgnmntListEntry Length="1" RootTermCovItemId="C15">
<MapEntry BoolAssgnmnt="0" Value="6"/>
</AssgnmntListEntry>
<AssgnmntListEntry Length="1" RootTermCovItemId="C16">
<MapEntry BoolAssgnmnt="0" Value="1"/>
<MapEntry BoolAssgnmnt="1" Value="6"/>
</AssgnmntListEntry>
<AssgnmntListEntry Length="1" RootTermCovItemId="C17">
<MapEntry BoolAssgnmnt="0" Value="30"/>
<MapEntry BoolAssgnmnt="1" Value="8"/>
</AssgnmntListEntry>
<AssgnmntListEntry Length="2" RootTermCovItemId="C18">
<MapEntry BoolAssgnmnt="02" Value="25"/>
<MapEntry BoolAssgnmnt="11" Value="5"/>
</AssgnmntListEntry>
<AssgnmntListEntry Length="1" RootTermCovItemId="C19">
<MapEntry BoolAssgnmnt="0" Value="19"/>
<MapEntry BoolAssgnmnt="1" Value="11"/>
</AssgnmntListEntry>
<AssgnmntListEntry Length="2" RootTermCovItemId="C2">
<MapEntry BoolAssgnmnt="10" Value="36"/>
<MapEntry BoolAssgnmnt="11" Value="4"/>
</AssgnmntListEntry>
<AssgnmntListEntry Length="1" RootTermCovItemId="C20">
<MapEntry BoolAssgnmnt="1" Value="11"/>
</AssgnmntListEntry>
<AssgnmntListEntry Length="1" RootTermCovItemId="C21">
<MapEntry BoolAssgnmnt="0" Value="33"/>
</AssgnmntListEntry>
<AssgnmntListEntry Length="1" RootTermCovItemId="C23">
<MapEntry BoolAssgnmnt="0" Value="24"/>
<MapEntry BoolAssgnmnt="1" Value="6"/>
</AssgnmntListEntry>
<AssgnmntListEntry Length="3" RootTermCovItemId="C24">
<MapEntry BoolAssgnmnt="110" Value="3"/>
<MapEntry BoolAssgnmnt="111" Value="3"/>
</AssgnmntListEntry>
<AssgnmntListEntry Length="1" RootTermCovItemId="C25">
<MapEntry BoolAssgnmnt="1" Value="3"/>
</AssgnmntListEntry>
<AssgnmntListEntry Length="1" RootTermCovItemId="C26">
<MapEntry BoolAssgnmnt="1" Value="1"/>
</AssgnmntListEntry>
<AssgnmntListEntry Length="1" RootTermCovItemId="C27">
<MapEntry BoolAssgnmnt="0" Value="1"/>
<MapEntry BoolAssgnmnt="1" Value="14"/>
</AssgnmntListEntry>
<AssgnmntListEntry Length="1" RootTermCovItemId="C28">
<MapEntry BoolAssgnmnt="0" Value="7"/>
<MapEntry BoolAssgnmnt="1" Value="7"/>
</AssgnmntListEntry>
<AssgnmntListEntry Length="1" RootTermCovItemId="C29">
<MapEntry BoolAssgnmnt="0" Value="7"/>
</AssgnmntListEntry>
<AssgnmntListEntry Length="1" RootTermCovItemId="C3">
<MapEntry BoolAssgnmnt="0" Value="36"/>
</AssgnmntListEntry>
<AssgnmntListEntry Length="2" RootTermCovItemId="C4">
<MapEntry BoolAssgnmnt="10" Value="6"/>
</AssgnmntListEntry>
<AssgnmntListEntry Length="2" RootTermCovItemId="C5">
<MapEntry BoolAssgnmnt="10" Value="6"/>
</AssgnmntListEntry>
<AssgnmntListEntry Length="2" RootTermCovItemId="C6">
<MapEntry BoolAssgnmnt="10" Value="3"/>
<MapEntry BoolAssgnmnt="11" Value="3"/>
</AssgnmntListEntry>
<AssgnmntListEntry Length="2" RootTermCovItemId="C7">
<MapEntry BoolAssgnmnt="10" Value="3"/>
</AssgnmntListEntry>
<AssgnmntListEntry Length="2" RootTermCovItemId="C8">
<MapEntry BoolAssgnmnt="11" Value="3"/>
</AssgnmntListEntry>
</AssgnmntPrefix>
</AssgnmntList>
<ObjMetaDataList/>
<MetaDataList/>
</TestCase>
<TestCase Comment="" Date="1421694296313" Name="com.aconex.test.TestAconex:testsSingleStringResultWithMultipleDictionaryWordAndSingleNumbersInBetween">
<CovList>
<CovPrefix CovItemPrefix="com.aconex.coding.challenge.NumberToAlphaConverter.java">
<Cov CovItemId="B1" Value="7"/>
<Cov CovItemId="B10" Value="9"/>
<Cov CovItemId="B11" Value="2"/>
<Cov CovItemId="B12" Value="7"/>
<Cov CovItemId="B14" Value="7"/>
<Cov CovItemId="B15" Value="7"/>
<Cov CovItemId="B19" Value="38"/>
<Cov CovItemId="B2" Value="66"/>
<Cov CovItemId="B20" Value="51"/>
<Cov CovItemId="B21" Value="13"/>
<Cov CovItemId="B22" Value="25"/>
<Cov CovItemId="B24" Value="51"/>
<Cov CovItemId="B27" Value="11"/>
<Cov CovItemId="B28" Value="1"/>
<Cov CovItemId="B29" Value="10"/>
<Cov CovItemId="B30" Value="40"/>
<Cov CovItemId="B31" Value="3"/>
<Cov CovItemId="B32" Value="37"/>
<Cov CovItemId="B33" Value="18"/>
<Cov CovItemId="B34" Value="22"/>
<Cov CovItemId="B35" Value="18"/>
<Cov CovItemId="B37" Value="1"/>
<Cov CovItemId="B38" Value="59"/>
<Cov CovItemId="B4" Value="66"/>
<Cov CovItemId="B40" Value="1"/>
<Cov CovItemId="B41" Value="13"/>
<Cov CovItemId="B42" Value="27"/>
<Cov CovItemId="B43" Value="7"/>
<Cov CovItemId="B44" Value="6"/>
<Cov CovItemId="B45" Value="7"/>
<Cov CovItemId="B47" Value="1"/>
<Cov CovItemId="B49" Value="1"/>
<Cov CovItemId="B5" Value="4"/>
<Cov CovItemId="B50" Value="12"/>
<Cov CovItemId="B51" Value="4"/>
<Cov CovItemId="B53" Value="12"/>
<Cov CovItemId="B6" Value="9"/>
<Cov CovItemId="B8" Value="9"/>
<Cov CovItemId="L1-1" Value="4"/>
<Cov CovItemId="L1-2" Value="12"/>
<Cov CovItemId="L2-0" Value="2"/>
<Cov CovItemId="L2-1" Value="19"/>
<Cov CovItemId="L2-2" Value="19"/>
<Cov CovItemId="L3-1" Value="9"/>
<Cov CovItemId="L3-2" Value="2"/>
<Cov CovItemId="L4-2" Value="16"/>
<Cov CovItemId="L5-2" Value="18"/>
<Cov CovItemId="L6-1" Value="13"/>
<Cov CovItemId="L7-2" Value="1"/>
<Cov CovItemId="L8-2" Value="1"/>
<Cov CovItemId="S100" Value="1"/>
<Cov CovItemId="S101" Value="40"/>
<Cov CovItemId="S102" Value="40"/>
<Cov CovItemId="S103" Value="13"/>
<Cov CovItemId="S104" Value="13"/>
<Cov CovItemId="S105" Value="13"/>
<Cov CovItemId="S106" Value="7"/>
<Cov CovItemId="S107" Value="7"/>
<Cov CovItemId="S109" Value="1"/>
<Cov CovItemId="S110" Value="1"/>
<Cov CovItemId="S111" Value="4"/>
<Cov CovItemId="S112" Value="12"/>
<Cov CovItemId="S113" Value="1"/>
<Cov CovItemId="S114" Value="1"/>
<Cov CovItemId="S115" Value="1"/>
<Cov CovItemId="S116" Value="1"/>
<Cov CovItemId="S117" Value="16"/>
<Cov CovItemId="S118" Value="16"/>
<Cov CovItemId="S119" Value="12"/>
<Cov CovItemId="S120" Value="12"/>
<Cov CovItemId="S121" Value="12"/>
<Cov CovItemId="S123" Value="12"/>
<Cov CovItemId="S125" Value="1"/>
<Cov CovItemId="S44" Value="16"/>
<Cov CovItemId="S45" Value="16"/>
<Cov CovItemId="S46" Value="16"/>
<Cov CovItemId="S47" Value="16"/>
<Cov CovItemId="S48" Value="73"/>
<Cov CovItemId="S49" Value="73"/>
<Cov CovItemId="S50" Value="7"/>
<Cov CovItemId="S51" Value="66"/>
<Cov CovItemId="S53" Value="16"/>
<Cov CovItemId="S54" Value="13"/>
<Cov CovItemId="S55" Value="4"/>
<Cov CovItemId="S56" Value="9"/>
<Cov CovItemId="S58" Value="9"/>
<Cov CovItemId="S60" Value="9"/>
<Cov CovItemId="S61" Value="2"/>
<Cov CovItemId="S62" Value="7"/>
<Cov CovItemId="S64" Value="7"/>
<Cov CovItemId="S65" Value="7"/>
<Cov CovItemId="S69" Value="40"/>
<Cov CovItemId="S70" Value="40"/>
<Cov CovItemId="S71" Value="89"/>
<Cov CovItemId="S72" Value="38"/>
<Cov CovItemId="S73" Value="38"/>
<Cov CovItemId="S74" Value="13"/>
<Cov CovItemId="S75" Value="51"/>
<Cov CovItemId="S76" Value="51"/>
<Cov CovItemId="S80" Value="40"/>
<Cov CovItemId="S81" Value="12"/>
<Cov CovItemId="S82" Value="12"/>
<Cov CovItemId="S83" Value="11"/>
<Cov CovItemId="S84" Value="16"/>
<Cov CovItemId="S85" Value="16"/>
<Cov CovItemId="S86" Value="16"/>
<Cov CovItemId="S87" Value="50"/>
<Cov CovItemId="S88" Value="50"/>
<Cov CovItemId="S89" Value="10"/>
<Cov CovItemId="S90" Value="40"/>
<Cov CovItemId="S91" Value="3"/>
<Cov CovItemId="S92" Value="40"/>
<Cov CovItemId="S93" Value="18"/>
<Cov CovItemId="S94" Value="18"/>
<Cov CovItemId="S95" Value="18"/>
<Cov CovItemId="S96" Value="60"/>
<Cov CovItemId="S97" Value="60"/>
<Cov CovItemId="S98" Value="1"/>
</CovPrefix>
</CovList>
<AssgnmntList>
<AssgnmntPrefix RootTermCovItemPrefix="com.aconex.coding.challenge.NumberToAlphaConverter.java">
<AssgnmntListEntry Length="1" RootTermCovItemId="C1">
<MapEntry BoolAssgnmnt="0" Value="16"/>
<MapEntry BoolAssgnmnt="1" Value="73"/>
</AssgnmntListEntry>
<AssgnmntListEntry Length="1" RootTermCovItemId="C11">
<MapEntry BoolAssgnmnt="0" Value="40"/>
<MapEntry BoolAssgnmnt="1" Value="89"/>
</AssgnmntListEntry>
<AssgnmntListEntry Length="1" RootTermCovItemId="C12">
<MapEntry BoolAssgnmnt="0" Value="51"/>
<MapEntry BoolAssgnmnt="1" Value="38"/>
</AssgnmntListEntry>
<AssgnmntListEntry Length="1" RootTermCovItemId="C13">
<MapEntry BoolAssgnmnt="0" Value="25"/>
<MapEntry BoolAssgnmnt="1" Value="13"/>
</AssgnmntListEntry>
<AssgnmntListEntry Length="1" RootTermCovItemId="C14">
<MapEntry BoolAssgnmnt="0" Value="51"/>
</AssgnmntListEntry>
<AssgnmntListEntry Length="1" RootTermCovItemId="C16">
<MapEntry BoolAssgnmnt="0" Value="1"/>
<MapEntry BoolAssgnmnt="1" Value="11"/>
</AssgnmntListEntry>
<AssgnmntListEntry Length="1" RootTermCovItemId="C17">
<MapEntry BoolAssgnmnt="0" Value="40"/>
<MapEntry BoolAssgnmnt="1" Value="10"/>
</AssgnmntListEntry>
<AssgnmntListEntry Length="2" RootTermCovItemId="C18">
<MapEntry BoolAssgnmnt="02" Value="37"/>
<MapEntry BoolAssgnmnt="11" Value="3"/>
</AssgnmntListEntry>
<AssgnmntListEntry Length="1" RootTermCovItemId="C19">
<MapEntry BoolAssgnmnt="0" Value="22"/>
<MapEntry BoolAssgnmnt="1" Value="18"/>
</AssgnmntListEntry>
<AssgnmntListEntry Length="2" RootTermCovItemId="C2">
<MapEntry BoolAssgnmnt="10" Value="66"/>
<MapEntry BoolAssgnmnt="11" Value="7"/>
</AssgnmntListEntry>
<AssgnmntListEntry Length="1" RootTermCovItemId="C20">
<MapEntry BoolAssgnmnt="1" Value="18"/>
</AssgnmntListEntry>
<AssgnmntListEntry Length="1" RootTermCovItemId="C21">
<MapEntry BoolAssgnmnt="0" Value="59"/>
<MapEntry BoolAssgnmnt="1" Value="1"/>
</AssgnmntListEntry>
<AssgnmntListEntry Length="1" RootTermCovItemId="C22">
<MapEntry BoolAssgnmnt="0" Value="1"/>
</AssgnmntListEntry>
<AssgnmntListEntry Length="1" RootTermCovItemId="C23">
<MapEntry BoolAssgnmnt="0" Value="27"/>
<MapEntry BoolAssgnmnt="1" Value="13"/>
</AssgnmntListEntry>
<AssgnmntListEntry Length="3" RootTermCovItemId="C24">
<MapEntry BoolAssgnmnt="110" Value="6"/>
<MapEntry BoolAssgnmnt="111" Value="7"/>
</AssgnmntListEntry>
<AssgnmntListEntry Length="1" RootTermCovItemId="C25">
<MapEntry BoolAssgnmnt="1" Value="7"/>
</AssgnmntListEntry>
<AssgnmntListEntry Length="1" RootTermCovItemId="C26">
<MapEntry BoolAssgnmnt="1" Value="1"/>
</AssgnmntListEntry>
<AssgnmntListEntry Length="1" RootTermCovItemId="C27">
<MapEntry BoolAssgnmnt="0" Value="1"/>
<MapEntry BoolAssgnmnt="1" Value="16"/>
</AssgnmntListEntry>
<AssgnmntListEntry Length="1" RootTermCovItemId="C28">
<MapEntry BoolAssgnmnt="0" Value="4"/>
<MapEntry BoolAssgnmnt="1" Value="12"/>
</AssgnmntListEntry>
<AssgnmntListEntry Length="1" RootTermCovItemId="C29">
<MapEntry BoolAssgnmnt="0" Value="12"/>
</AssgnmntListEntry>
<AssgnmntListEntry Length="1" RootTermCovItemId="C3">
<MapEntry BoolAssgnmnt="0" Value="66"/>
</AssgnmntListEntry>
<AssgnmntListEntry Length="2" RootTermCovItemId="C4">
<MapEntry BoolAssgnmnt="10" Value="9"/>
<MapEntry BoolAssgnmnt="11" Value="4"/>
</AssgnmntListEntry>
<AssgnmntListEntry Length="2" RootTermCovItemId="C5">
<MapEntry BoolAssgnmnt="10" Value="9"/>
</AssgnmntListEntry>
<AssgnmntListEntry Length="2" RootTermCovItemId="C6">
<MapEntry BoolAssgnmnt="10" Value="9"/>
</AssgnmntListEntry>
<AssgnmntListEntry Length="2" RootTermCovItemId="C7">
<MapEntry BoolAssgnmnt="10" Value="7"/>
<MapEntry BoolAssgnmnt="11" Value="2"/>
</AssgnmntListEntry>
<AssgnmntListEntry Length="2" RootTermCovItemId="C8">
<MapEntry BoolAssgnmnt="10" Value="7"/>
</AssgnmntListEntry>
<AssgnmntListEntry Length="2" RootTermCovItemId="C9">
<MapEntry BoolAssgnmnt="11" Value="7"/>
</AssgnmntListEntry>
</AssgnmntPrefix>
</AssgnmntList>
<ObjMetaDataList/>
<MetaDataList/>
</TestCase>
<TestCase Comment="" Date="1421694296320" Name="com.aconex.test.TestAconex:testsSingleStringResultWithMultipleDictionaryWordAndNumbersAtBothEnds">
<CovList>
<CovPrefix CovItemPrefix="com.aconex.coding.challenge.NumberToAlphaConverter.java">
<Cov CovItemId="B1" Value="16"/>
<Cov CovItemId="B10" Value="10"/>
<Cov CovItemId="B11" Value="6"/>
<Cov CovItemId="B12" Value="4"/>
<Cov CovItemId="B13" Value="4"/>
<Cov CovItemId="B19" Value="42"/>
<Cov CovItemId="B2" Value="74"/>
<Cov CovItemId="B20" Value="56"/>
<Cov CovItemId="B21" Value="12"/>
<Cov CovItemId="B22" Value="30"/>
<Cov CovItemId="B24" Value="56"/>
<Cov CovItemId="B27" Value="11"/>
<Cov CovItemId="B28" Value="1"/>
<Cov CovItemId="B29" Value="9"/>
<Cov CovItemId="B3" Value="4"/>
<Cov CovItemId="B30" Value="43"/>
<Cov CovItemId="B31" Value="8"/>
<Cov CovItemId="B32" Value="35"/>
<Cov CovItemId="B33" Value="34"/>
<Cov CovItemId="B34" Value="9"/>
<Cov CovItemId="B35" Value="24"/>
<Cov CovItemId="B36" Value="10"/>
<Cov CovItemId="B37" Value="1"/>
<Cov CovItemId="B38" Value="78"/>
<Cov CovItemId="B39" Value="1"/>
<Cov CovItemId="B4" Value="70"/>
<Cov CovItemId="B41" Value="12"/>
<Cov CovItemId="B42" Value="31"/>
<Cov CovItemId="B43" Value="6"/>
<Cov CovItemId="B44" Value="6"/>
<Cov CovItemId="B45" Value="6"/>
<Cov CovItemId="B47" Value="1"/>
<Cov CovItemId="B49" Value="1"/>
<Cov CovItemId="B5" Value="2"/>
<Cov CovItemId="B50" Value="12"/>
<Cov CovItemId="B51" Value="4"/>
<Cov CovItemId="B53" Value="12"/>
<Cov CovItemId="B6" Value="10"/>
<Cov CovItemId="B8" Value="10"/>
<Cov CovItemId="L1-1" Value="3"/>
<Cov CovItemId="L1-2" Value="13"/>
<Cov CovItemId="L2-0" Value="1"/>
<Cov CovItemId="L2-1" Value="22"/>
<Cov CovItemId="L2-2" Value="20"/>
<Cov CovItemId="L3-1" Value="8"/>
<Cov CovItemId="L3-2" Value="3"/>
<Cov CovItemId="L4-2" Value="16"/>
<Cov CovItemId="L5-2" Value="24"/>
<Cov CovItemId="L6-1" Value="12"/>
<Cov CovItemId="L7-2" Value="1"/>
<Cov CovItemId="L8-2" Value="1"/>
<Cov CovItemId="S101" Value="43"/>
<Cov CovItemId="S102" Value="43"/>
<Cov CovItemId="S103" Value="12"/>
<Cov CovItemId="S104" Value="12"/>
<Cov CovItemId="S105" Value="12"/>
<Cov CovItemId="S106" Value="6"/>
<Cov CovItemId="S107" Value="6"/>
<Cov CovItemId="S109" Value="1"/>
<Cov CovItemId="S110" Value="1"/>
<Cov CovItemId="S111" Value="3"/>
<Cov CovItemId="S112" Value="12"/>
<Cov CovItemId="S113" Value="1"/>
<Cov CovItemId="S114" Value="1"/>
<Cov CovItemId="S115" Value="1"/>
<Cov CovItemId="S116" Value="1"/>
<Cov CovItemId="S117" Value="16"/>
<Cov CovItemId="S118" Value="16"/>
<Cov CovItemId="S119" Value="12"/>
<Cov CovItemId="S120" Value="12"/>
<Cov CovItemId="S121" Value="12"/>
<Cov CovItemId="S123" Value="12"/>
<Cov CovItemId="S125" Value="1"/>
<Cov CovItemId="S44" Value="16"/>
<Cov CovItemId="S45" Value="16"/>
<Cov CovItemId="S46" Value="16"/>
<Cov CovItemId="S47" Value="16"/>
<Cov CovItemId="S48" Value="90"/>
<Cov CovItemId="S49" Value="90"/>
<Cov CovItemId="S50" Value="16"/>
<Cov CovItemId="S51" Value="74"/>
<Cov CovItemId="S52" Value="4"/>
<Cov CovItemId="S53" Value="16"/>
<Cov CovItemId="S54" Value="12"/>
<Cov CovItemId="S55" Value="2"/>
<Cov CovItemId="S56" Value="10"/>
<Cov CovItemId="S58" Value="10"/>
<Cov CovItemId="S60" Value="10"/>
<Cov CovItemId="S61" Value="6"/>
<Cov CovItemId="S62" Value="4"/>
<Cov CovItemId="S63" Value="4"/>
<Cov CovItemId="S69" Value="43"/>
<Cov CovItemId="S70" Value="43"/>
<Cov CovItemId="S71" Value="98"/>
<Cov CovItemId="S72" Value="42"/>
<Cov CovItemId="S73" Value="42"/>
<Cov CovItemId="S74" Value="12"/>
<Cov CovItemId="S75" Value="56"/>
<Cov CovItemId="S76" Value="56"/>
<Cov CovItemId="S80" Value="43"/>
<Cov CovItemId="S81" Value="12"/>
<Cov CovItemId="S82" Value="12"/>
<Cov CovItemId="S83" Value="11"/>
<Cov CovItemId="S84" Value="16"/>
<Cov CovItemId="S85" Value="16"/>
<Cov CovItemId="S86" Value="16"/>
<Cov CovItemId="S87" Value="52"/>
<Cov CovItemId="S88" Value="52"/>
<Cov CovItemId="S89" Value="9"/>
<Cov CovItemId="S90" Value="43"/>
<Cov CovItemId="S91" Value="8"/>
<Cov CovItemId="S92" Value="43"/>
<Cov CovItemId="S93" Value="34"/>
<Cov CovItemId="S94" Value="34"/>
<Cov CovItemId="S95" Value="24"/>
<Cov CovItemId="S96" Value="79"/>
<Cov CovItemId="S97" Value="79"/>
<Cov CovItemId="S98" Value="1"/>
<Cov CovItemId="S99" Value="1"/>
</CovPrefix>
</CovList>
<AssgnmntList>
<AssgnmntPrefix RootTermCovItemPrefix="com.aconex.coding.challenge.NumberToAlphaConverter.java">
<AssgnmntListEntry Length="1" RootTermCovItemId="C1">
<MapEntry BoolAssgnmnt="0" Value="16"/>
<MapEntry BoolAssgnmnt="1" Value="90"/>
</AssgnmntListEntry>
<AssgnmntListEntry Length="1" RootTermCovItemId="C11">
<MapEntry BoolAssgnmnt="0" Value="43"/>
<MapEntry BoolAssgnmnt="1" Value="98"/>
</AssgnmntListEntry>
<AssgnmntListEntry Length="1" RootTermCovItemId="C12">
<MapEntry BoolAssgnmnt="0" Value="56"/>
<MapEntry BoolAssgnmnt="1" Value="42"/>
</AssgnmntListEntry>
<AssgnmntListEntry Length="1" RootTermCovItemId="C13">
<MapEntry BoolAssgnmnt="0" Value="30"/>
<MapEntry BoolAssgnmnt="1" Value="12"/>
</AssgnmntListEntry>
<AssgnmntListEntry Length="1" RootTermCovItemId="C14">
<MapEntry BoolAssgnmnt="0" Value="56"/>
</AssgnmntListEntry>
<AssgnmntListEntry Length="1" RootTermCovItemId="C16">
<MapEntry BoolAssgnmnt="0" Value="1"/>
<MapEntry BoolAssgnmnt="1" Value="11"/>
</AssgnmntListEntry>
<AssgnmntListEntry Length="1" RootTermCovItemId="C17">
<MapEntry BoolAssgnmnt="0" Value="43"/>
<MapEntry BoolAssgnmnt="1" Value="9"/>
</AssgnmntListEntry>
<AssgnmntListEntry Length="2" RootTermCovItemId="C18">
<MapEntry BoolAssgnmnt="02" Value="35"/>
<MapEntry BoolAssgnmnt="11" Value="8"/>
</AssgnmntListEntry>
<AssgnmntListEntry Length="1" RootTermCovItemId="C19">
<MapEntry BoolAssgnmnt="0" Value="9"/>
<MapEntry BoolAssgnmnt="1" Value="34"/>
</AssgnmntListEntry>
<AssgnmntListEntry Length="2" RootTermCovItemId="C2">
<MapEntry BoolAssgnmnt="10" Value="70"/>
<MapEntry BoolAssgnmnt="02" Value="4"/>
<MapEntry BoolAssgnmnt="11" Value="16"/>
</AssgnmntListEntry>
<AssgnmntListEntry Length="1" RootTermCovItemId="C20">
<MapEntry BoolAssgnmnt="0" Value="10"/>
<MapEntry BoolAssgnmnt="1" Value="24"/>
</AssgnmntListEntry>
<AssgnmntListEntry Length="1" RootTermCovItemId="C21">
<MapEntry BoolAssgnmnt="0" Value="78"/>
<MapEntry BoolAssgnmnt="1" Value="1"/>
</AssgnmntListEntry>
<AssgnmntListEntry Length="1" RootTermCovItemId="C22">
<MapEntry BoolAssgnmnt="1" Value="1"/>
</AssgnmntListEntry>
<AssgnmntListEntry Length="1" RootTermCovItemId="C23">
<MapEntry BoolAssgnmnt="0" Value="31"/>
<MapEntry BoolAssgnmnt="1" Value="12"/>
</AssgnmntListEntry>
<AssgnmntListEntry Length="3" RootTermCovItemId="C24">
<MapEntry BoolAssgnmnt="110" Value="6"/>
<MapEntry BoolAssgnmnt="111" Value="6"/>
</AssgnmntListEntry>
<AssgnmntListEntry Length="1" RootTermCovItemId="C25">
<MapEntry BoolAssgnmnt="1" Value="6"/>
</AssgnmntListEntry>
<AssgnmntListEntry Length="1" RootTermCovItemId="C26">
<MapEntry BoolAssgnmnt="1" Value="1"/>
</AssgnmntListEntry>
<AssgnmntListEntry Length="1" RootTermCovItemId="C27">
<MapEntry BoolAssgnmnt="0" Value="1"/>
<MapEntry BoolAssgnmnt="1" Value="16"/>
</AssgnmntListEntry>
<AssgnmntListEntry Length="1" RootTermCovItemId="C28">
<MapEntry BoolAssgnmnt="0" Value="4"/>
<MapEntry BoolAssgnmnt="1" Value="12"/>
</AssgnmntListEntry>
<AssgnmntListEntry Length="1" RootTermCovItemId="C29">
<MapEntry BoolAssgnmnt="0" Value="12"/>
</AssgnmntListEntry>
<AssgnmntListEntry Length="1" RootTermCovItemId="C3">
<MapEntry BoolAssgnmnt="0" Value="70"/>
<MapEntry BoolAssgnmnt="1" Value="4"/>
</AssgnmntListEntry>
<AssgnmntListEntry Length="2" RootTermCovItemId="C4">
<MapEntry BoolAssgnmnt="10" Value="10"/>
<MapEntry BoolAssgnmnt="11" Value="2"/>
</AssgnmntListEntry>
<AssgnmntListEntry Length="2" RootTermCovItemId="C5">
<MapEntry BoolAssgnmnt="10" Value="10"/>
</AssgnmntListEntry>
<AssgnmntListEntry Length="2" RootTermCovItemId="C6">
<MapEntry BoolAssgnmnt="10" Value="10"/>
</AssgnmntListEntry>
<AssgnmntListEntry Length="2" RootTermCovItemId="C7">
<MapEntry BoolAssgnmnt="10" Value="4"/>
<MapEntry BoolAssgnmnt="11" Value="6"/>
</AssgnmntListEntry>
<AssgnmntListEntry Length="2" RootTermCovItemId="C8">
<MapEntry BoolAssgnmnt="11" Value="4"/>
</AssgnmntListEntry>
</AssgnmntPrefix>
</AssgnmntList>
<ObjMetaDataList/>
<MetaDataList/>
</TestCase>
<TestCase Comment="" Date="1421694296329" Name="com.aconex.test.TestAconex:testsSingleStringResultWithMultipleDictionaryWordAndMultipleNumbersInBetween">
<CovList>
<CovPrefix CovItemPrefix="com.aconex.coding.challenge.NumberToAlphaConverter.java">
<Cov CovItemId="B1" Value="18"/>
<Cov CovItemId="B10" Value="11"/>
<Cov CovItemId="B11" Value="2"/>
<Cov CovItemId="B12" Value="9"/>
<Cov CovItemId="B14" Value="9"/>
<Cov CovItemId="B15" Value="9"/>
<Cov CovItemId="B19" Value="49"/>
<Cov CovItemId="B2" Value="142"/>
<Cov CovItemId="B20" Value="75"/>
<Cov CovItemId="B21" Value="15"/>
<Cov CovItemId="B22" Value="34"/>
<Cov CovItemId="B24" Value="75"/>
<Cov CovItemId="B27" Value="17"/>
<Cov CovItemId="B28" Value="1"/>
<Cov CovItemId="B29" Value="15"/>
<Cov CovItemId="B30" Value="54"/>
<Cov CovItemId="B31" Value="6"/>
<Cov CovItemId="B32" Value="48"/>
<Cov CovItemId="B33" Value="32"/>
<Cov CovItemId="B34" Value="22"/>
<Cov CovItemId="B35" Value="32"/>
<Cov CovItemId="B37" Value="1"/>
<Cov CovItemId="B38" Value="101"/>
<Cov CovItemId="B4" Value="142"/>
<Cov CovItemId="B40" Value="1"/>
<Cov CovItemId="B41" Value="15"/>
<Cov CovItemId="B42" Value="39"/>
<Cov CovItemId="B43" Value="7"/>
<Cov CovItemId="B44" Value="8"/>
<Cov CovItemId="B45" Value="7"/>
<Cov CovItemId="B47" Value="1"/>
<Cov CovItemId="B49" Value="1"/>
<Cov CovItemId="B5" Value="4"/>
<Cov CovItemId="B50" Value="18"/>
<Cov CovItemId="B51" Value="1"/>
<Cov CovItemId="B53" Value="18"/>
<Cov CovItemId="B6" Value="11"/>
<Cov CovItemId="B8" Value="11"/>
<Cov CovItemId="L1-1" Value="4"/>
<Cov CovItemId="L1-2" Value="18"/>
<Cov CovItemId="L2-0" Value="5"/>
<Cov CovItemId="L2-1" Value="21"/>
<Cov CovItemId="L2-2" Value="28"/>
<Cov CovItemId="L3-1" Value="15"/>
<Cov CovItemId="L3-2" Value="2"/>
<Cov CovItemId="L4-2" Value="22"/>
<Cov CovItemId="L5-2" Value="32"/>
<Cov CovItemId="L6-1" Value="15"/>
<Cov CovItemId="L7-2" Value="1"/>
<Cov CovItemId="L8-2" Value="1"/>
<Cov CovItemId="S100" Value="1"/>
<Cov CovItemId="S101" Value="54"/>
<Cov CovItemId="S102" Value="54"/>
<Cov CovItemId="S103" Value="15"/>
<Cov CovItemId="S104" Value="15"/>
<Cov CovItemId="S105" Value="15"/>
<Cov CovItemId="S106" Value="7"/>
<Cov CovItemId="S107" Value="7"/>
<Cov CovItemId="S109" Value="1"/>
<Cov CovItemId="S110" Value="1"/>
<Cov CovItemId="S111" Value="4"/>
<Cov CovItemId="S112" Value="18"/>
<Cov CovItemId="S113" Value="1"/>
<Cov CovItemId="S114" Value="1"/>
<Cov CovItemId="S115" Value="1"/>
<Cov CovItemId="S116" Value="1"/>
<Cov CovItemId="S117" Value="19"/>
<Cov CovItemId="S118" Value="19"/>
<Cov CovItemId="S119" Value="18"/>
<Cov CovItemId="S120" Value="18"/>
<Cov CovItemId="S121" Value="18"/>
<Cov CovItemId="S123" Value="18"/>
<Cov CovItemId="S125" Value="1"/>
<Cov CovItemId="S44" Value="22"/>
<Cov CovItemId="S45" Value="22"/>
<Cov CovItemId="S46" Value="22"/>
<Cov CovItemId="S47" Value="22"/>
<Cov CovItemId="S48" Value="160"/>
<Cov CovItemId="S49" Value="160"/>
<Cov CovItemId="S50" Value="18"/>
<Cov CovItemId="S51" Value="142"/>
<Cov CovItemId="S53" Value="22"/>
<Cov CovItemId="S54" Value="15"/>
<Cov CovItemId="S55" Value="4"/>
<Cov CovItemId="S56" Value="11"/>
<Cov CovItemId="S58" Value="11"/>
<Cov CovItemId="S60" Value="11"/>
<Cov CovItemId="S61" Value="2"/>
<Cov CovItemId="S62" Value="9"/>
<Cov CovItemId="S64" Value="9"/>
<Cov CovItemId="S65" Value="9"/>
<Cov CovItemId="S69" Value="54"/>
<Cov CovItemId="S70" Value="54"/>
<Cov CovItemId="S71" Value="124"/>
<Cov CovItemId="S72" Value="49"/>
<Cov CovItemId="S73" Value="49"/>
<Cov CovItemId="S74" Value="15"/>
<Cov CovItemId="S75" Value="75"/>
<Cov CovItemId="S76" Value="75"/>
<Cov CovItemId="S80" Value="54"/>
<Cov CovItemId="S81" Value="18"/>
<Cov CovItemId="S82" Value="18"/>
<Cov CovItemId="S83" Value="17"/>
<Cov CovItemId="S84" Value="22"/>
<Cov CovItemId="S85" Value="22"/>
<Cov CovItemId="S86" Value="22"/>
<Cov CovItemId="S87" Value="69"/>
<Cov CovItemId="S88" Value="69"/>
<Cov CovItemId="S89" Value="15"/>
<Cov CovItemId="S90" Value="54"/>
<Cov CovItemId="S91" Value="6"/>
<Cov CovItemId="S92" Value="54"/>
<Cov CovItemId="S93" Value="32"/>
<Cov CovItemId="S94" Value="32"/>
<Cov CovItemId="S95" Value="32"/>
<Cov CovItemId="S96" Value="102"/>
<Cov CovItemId="S97" Value="102"/>
<Cov CovItemId="S98" Value="1"/>
</CovPrefix>
</CovList>
<AssgnmntList>
<AssgnmntPrefix RootTermCovItemPrefix="com.aconex.coding.challenge.NumberToAlphaConverter.java">
<AssgnmntListEntry Length="1" RootTermCovItemId="C1">
<MapEntry BoolAssgnmnt="0" Value="22"/>
<MapEntry BoolAssgnmnt="1" Value="160"/>
</AssgnmntListEntry>
<AssgnmntListEntry Length="1" RootTermCovItemId="C11">
<MapEntry BoolAssgnmnt="0" Value="54"/>
<MapEntry BoolAssgnmnt="1" Value="124"/>
</AssgnmntListEntry>
<AssgnmntListEntry Length="1" RootTermCovItemId="C12">
<MapEntry BoolAssgnmnt="0" Value="75"/>
<MapEntry BoolAssgnmnt="1" Value="49"/>
</AssgnmntListEntry>
<AssgnmntListEntry Length="1" RootTermCovItemId="C13">
<MapEntry BoolAssgnmnt="0" Value="34"/>
<MapEntry BoolAssgnmnt="1" Value="15"/>
</AssgnmntListEntry>
<AssgnmntListEntry Length="1" RootTermCovItemId="C14">
<MapEntry BoolAssgnmnt="0" Value="75"/>
</AssgnmntListEntry>
<AssgnmntListEntry Length="1" RootTermCovItemId="C16">
<MapEntry BoolAssgnmnt="0" Value="1"/>
<MapEntry BoolAssgnmnt="1" Value="17"/>
</AssgnmntListEntry>
<AssgnmntListEntry Length="1" RootTermCovItemId="C17">
<MapEntry BoolAssgnmnt="0" Value="54"/>
<MapEntry BoolAssgnmnt="1" Value="15"/>
</AssgnmntListEntry>
<AssgnmntListEntry Length="2" RootTermCovItemId="C18">
<MapEntry BoolAssgnmnt="02" Value="48"/>
<MapEntry BoolAssgnmnt="11" Value="6"/>
</AssgnmntListEntry>
<AssgnmntListEntry Length="1" RootTermCovItemId="C19">
<MapEntry BoolAssgnmnt="0" Value="22"/>
<MapEntry BoolAssgnmnt="1" Value="32"/>
</AssgnmntListEntry>
<AssgnmntListEntry Length="2" RootTermCovItemId="C2">
<MapEntry BoolAssgnmnt="10" Value="142"/>
<MapEntry BoolAssgnmnt="11" Value="18"/>
</AssgnmntListEntry>
<AssgnmntListEntry Length="1" RootTermCovItemId="C20">
<MapEntry BoolAssgnmnt="1" Value="32"/>
</AssgnmntListEntry>
<AssgnmntListEntry Length="1" RootTermCovItemId="C21">
<MapEntry BoolAssgnmnt="0" Value="101"/>
<MapEntry BoolAssgnmnt="1" Value="1"/>
</AssgnmntListEntry>
<AssgnmntListEntry Length="1" RootTermCovItemId="C22">
<MapEntry BoolAssgnmnt="0" Value="1"/>
</AssgnmntListEntry>
<AssgnmntListEntry Length="1" RootTermCovItemId="C23">
<MapEntry BoolAssgnmnt="0" Value="39"/>
<MapEntry BoolAssgnmnt="1" Value="15"/>
</AssgnmntListEntry>
<AssgnmntListEntry Length="3" RootTermCovItemId="C24">
<MapEntry BoolAssgnmnt="110" Value="8"/>
<MapEntry BoolAssgnmnt="111" Value="7"/>
</AssgnmntListEntry>
<AssgnmntListEntry Length="1" RootTermCovItemId="C25">
<MapEntry BoolAssgnmnt="1" Value="7"/>
</AssgnmntListEntry>
<AssgnmntListEntry Length="1" RootTermCovItemId="C26">
<MapEntry BoolAssgnmnt="1" Value="1"/>
</AssgnmntListEntry>
<AssgnmntListEntry Length="1" RootTermCovItemId="C27">
<MapEntry BoolAssgnmnt="0" Value="1"/>
<MapEntry BoolAssgnmnt="1" Value="19"/>
</AssgnmntListEntry>
<AssgnmntListEntry Length="1" RootTermCovItemId="C28">
<MapEntry BoolAssgnmnt="0" Value="1"/>
<MapEntry BoolAssgnmnt="1" Value="18"/>
</AssgnmntListEntry>
<AssgnmntListEntry Length="1" RootTermCovItemId="C29">
<MapEntry BoolAssgnmnt="0" Value="18"/>
</AssgnmntListEntry>
<AssgnmntListEntry Length="1" RootTermCovItemId="C3">
<MapEntry BoolAssgnmnt="0" Value="142"/>
</AssgnmntListEntry>
<AssgnmntListEntry Length="2" RootTermCovItemId="C4">
<MapEntry BoolAssgnmnt="10" Value="11"/>
<MapEntry BoolAssgnmnt="11" Value="4"/>
</AssgnmntListEntry>
<AssgnmntListEntry Length="2" RootTermCovItemId="C5">
<MapEntry BoolAssgnmnt="10" Value="11"/>
</AssgnmntListEntry>
<AssgnmntListEntry Length="2" RootTermCovItemId="C6">
<MapEntry BoolAssgnmnt="10" Value="11"/>
</AssgnmntListEntry>
<AssgnmntListEntry Length="2" RootTermCovItemId="C7">
<MapEntry BoolAssgnmnt="10" Value="9"/>
<MapEntry BoolAssgnmnt="11" Value="2"/>
</AssgnmntListEntry>
<AssgnmntListEntry Length="2" RootTermCovItemId="C8">
<MapEntry BoolAssgnmnt="10" Value="9"/>
</AssgnmntListEntry>
<AssgnmntListEntry Length="2" RootTermCovItemId="C9">
<MapEntry BoolAssgnmnt="11" Value="9"/>
</AssgnmntListEntry>
</AssgnmntPrefix>
</AssgnmntList>
<ObjMetaDataList/>
<MetaDataList/>
</TestCase>
<TestCase Comment="" Date="1421694296334" Name="com.aconex.test.TestAconex:checkForSimpleConversionWithSingleResult">
<CovList>
<CovPrefix CovItemPrefix="com.aconex.coding.challenge.NumberToAlphaConverter.java">
<Cov CovItemId="B1" Value="1"/>
<Cov CovItemId="B10" Value="1"/>
<Cov CovItemId="B12" Value="1"/>
<Cov CovItemId="B14" Value="1"/>
<Cov CovItemId="B15" Value="1"/>
<Cov CovItemId="B19" Value="20"/>
<Cov CovItemId="B2" Value="13"/>
<Cov CovItemId="B20" Value="12"/>
<Cov CovItemId="B21" Value="4"/>
<Cov CovItemId="B22" Value="16"/>
<Cov CovItemId="B24" Value="12"/>
<Cov CovItemId="B27" Value="4"/>
<Cov CovItemId="B28" Value="1"/>
<Cov CovItemId="B29" Value="4"/>
<Cov CovItemId="B30" Value="20"/>
<Cov CovItemId="B32" Value="20"/>
<Cov CovItemId="B33" Value="3"/>
<Cov CovItemId="B34" Value="17"/>
<Cov CovItemId="B35" Value="3"/>
<Cov CovItemId="B38" Value="9"/>
<Cov CovItemId="B4" Value="13"/>
<Cov CovItemId="B41" Value="4"/>
<Cov CovItemId="B42" Value="16"/>
<Cov CovItemId="B43" Value="3"/>
<Cov CovItemId="B44" Value="1"/>
<Cov CovItemId="B45" Value="3"/>
<Cov CovItemId="B47" Value="1"/>
<Cov CovItemId="B49" Value="1"/>
<Cov CovItemId="B5" Value="3"/>
<Cov CovItemId="B50" Value="5"/>
<Cov CovItemId="B53" Value="5"/>
<Cov CovItemId="B6" Value="1"/>
<Cov CovItemId="B8" Value="1"/>
<Cov CovItemId="L1-1" Value="3"/>
<Cov CovItemId="L1-2" Value="4"/>
<Cov CovItemId="L2-1" Value="14"/>
<Cov CovItemId="L2-2" Value="6"/>
<Cov CovItemId="L3-1" Value="2"/>
<Cov CovItemId="L3-2" Value="2"/>
<Cov CovItemId="L4-2" Value="7"/>
<Cov CovItemId="L5-2" Value="3"/>
<Cov CovItemId="L6-1" Value="4"/>
<Cov CovItemId="L7-2" Value="1"/>
<Cov CovItemId="L8-2" Value="1"/>
<Cov CovItemId="S101" Value="20"/>
<Cov CovItemId="S102" Value="20"/>
<Cov CovItemId="S103" Value="4"/>
<Cov CovItemId="S104" Value="4"/>
<Cov CovItemId="S105" Value="4"/>
<Cov CovItemId="S106" Value="3"/>
<Cov CovItemId="S107" Value="3"/>
<Cov CovItemId="S109" Value="1"/>
<Cov CovItemId="S110" Value="1"/>
<Cov CovItemId="S111" Value="3"/>
<Cov CovItemId="S112" Value="5"/>
<Cov CovItemId="S113" Value="1"/>
<Cov CovItemId="S114" Value="1"/>
<Cov CovItemId="S115" Value="1"/>
<Cov CovItemId="S116" Value="1"/>
<Cov CovItemId="S117" Value="5"/>
<Cov CovItemId="S118" Value="5"/>
<Cov CovItemId="S119" Value="5"/>
<Cov CovItemId="S120" Value="5"/>
<Cov CovItemId="S121" Value="5"/>
<Cov CovItemId="S123" Value="5"/>
<Cov CovItemId="S125" Value="1"/>
<Cov CovItemId="S44" Value="7"/>
<Cov CovItemId="S45" Value="7"/>
<Cov CovItemId="S46" Value="7"/>
<Cov CovItemId="S47" Value="7"/>
<Cov CovItemId="S48" Value="14"/>
<Cov CovItemId="S49" Value="14"/>
<Cov CovItemId="S50" Value="1"/>
<Cov CovItemId="S51" Value="13"/>
<Cov CovItemId="S53" Value="7"/>
<Cov CovItemId="S54" Value="4"/>
<Cov CovItemId="S55" Value="3"/>
<Cov CovItemId="S56" Value="1"/>
<Cov CovItemId="S58" Value="1"/>
<Cov CovItemId="S60" Value="1"/>
<Cov CovItemId="S62" Value="1"/>
<Cov CovItemId="S64" Value="1"/>
<Cov CovItemId="S65" Value="1"/>
<Cov CovItemId="S69" Value="20"/>
<Cov CovItemId="S70" Value="20"/>
<Cov CovItemId="S71" Value="32"/>
<Cov CovItemId="S72" Value="20"/>
<Cov CovItemId="S73" Value="20"/>
<Cov CovItemId="S74" Value="4"/>
<Cov CovItemId="S75" Value="12"/>
<Cov CovItemId="S76" Value="12"/>
<Cov CovItemId="S80" Value="20"/>
<Cov CovItemId="S81" Value="5"/>
<Cov CovItemId="S82" Value="5"/>
<Cov CovItemId="S83" Value="4"/>
<Cov CovItemId="S84" Value="7"/>
<Cov CovItemId="S85" Value="7"/>
<Cov CovItemId="S86" Value="7"/>
<Cov CovItemId="S87" Value="24"/>
<Cov CovItemId="S88" Value="24"/>
<Cov CovItemId="S89" Value="4"/>
<Cov CovItemId="S90" Value="20"/>
<Cov CovItemId="S92" Value="20"/>
<Cov CovItemId="S93" Value="3"/>
<Cov CovItemId="S94" Value="3"/>
<Cov CovItemId="S95" Value="3"/>
<Cov CovItemId="S96" Value="9"/>
<Cov CovItemId="S97" Value="9"/>
</CovPrefix>
</CovList>
<AssgnmntList>
<AssgnmntPrefix RootTermCovItemPrefix="com.aconex.coding.challenge.NumberToAlphaConverter.java">
<AssgnmntListEntry Length="1" RootTermCovItemId="C1">
<MapEntry BoolAssgnmnt="0" Value="7"/>
<MapEntry BoolAssgnmnt="1" Value="14"/>
</AssgnmntListEntry>
<AssgnmntListEntry Length="1" RootTermCovItemId="C11">
<MapEntry BoolAssgnmnt="0" Value="20"/>
<MapEntry BoolAssgnmnt="1" Value="32"/>
</AssgnmntListEntry>
<AssgnmntListEntry Length="1" RootTermCovItemId="C12">
<MapEntry BoolAssgnmnt="0" Value="12"/>
<MapEntry BoolAssgnmnt="1" Value="20"/>
</AssgnmntListEntry>
<AssgnmntListEntry Length="1" RootTermCovItemId="C13">
<MapEntry BoolAssgnmnt="0" Value="16"/>
<MapEntry BoolAssgnmnt="1" Value="4"/>
</AssgnmntListEntry>
<AssgnmntListEntry Length="1" RootTermCovItemId="C14">
<MapEntry BoolAssgnmnt="0" Value="12"/>
</AssgnmntListEntry>
<AssgnmntListEntry Length="1" RootTermCovItemId="C16">
<MapEntry BoolAssgnmnt="0" Value="1"/>
<MapEntry BoolAssgnmnt="1" Value="4"/>
</AssgnmntListEntry>
<AssgnmntListEntry Length="1" RootTermCovItemId="C17">
<MapEntry BoolAssgnmnt="0" Value="20"/>
<MapEntry BoolAssgnmnt="1" Value="4"/>
</AssgnmntListEntry>
<AssgnmntListEntry Length="2" RootTermCovItemId="C18">
<MapEntry BoolAssgnmnt="02" Value="20"/>
</AssgnmntListEntry>
<AssgnmntListEntry Length="1" RootTermCovItemId="C19">
<MapEntry BoolAssgnmnt="0" Value="17"/>
<MapEntry BoolAssgnmnt="1" Value="3"/>
</AssgnmntListEntry>
<AssgnmntListEntry Length="2" RootTermCovItemId="C2">
<MapEntry BoolAssgnmnt="10" Value="13"/>
<MapEntry BoolAssgnmnt="11" Value="1"/>
</AssgnmntListEntry>
<AssgnmntListEntry Length="1" RootTermCovItemId="C20">
<MapEntry BoolAssgnmnt="1" Value="3"/>
</AssgnmntListEntry>
<AssgnmntListEntry Length="1" RootTermCovItemId="C21">
<MapEntry BoolAssgnmnt="0" Value="9"/>
</AssgnmntListEntry>
<AssgnmntListEntry Length="1" RootTermCovItemId="C23">
<MapEntry BoolAssgnmnt="0" Value="16"/>
<MapEntry BoolAssgnmnt="1" Value="4"/>
</AssgnmntListEntry>
<AssgnmntListEntry Length="3" RootTermCovItemId="C24">
<MapEntry BoolAssgnmnt="110" Value="1"/>
<MapEntry BoolAssgnmnt="111" Value="3"/>
</AssgnmntListEntry>
<AssgnmntListEntry Length="1" RootTermCovItemId="C25">
<MapEntry BoolAssgnmnt="1" Value="3"/>
</AssgnmntListEntry>
<AssgnmntListEntry Length="1" RootTermCovItemId="C26">
<MapEntry BoolAssgnmnt="1" Value="1"/>
</AssgnmntListEntry>
<AssgnmntListEntry Length="1" RootTermCovItemId="C27">
<MapEntry BoolAssgnmnt="0" Value="1"/>
<MapEntry BoolAssgnmnt="1" Value="5"/>
</AssgnmntListEntry>
<AssgnmntListEntry Length="1" RootTermCovItemId="C28">
<MapEntry BoolAssgnmnt="1" Value="5"/>
</AssgnmntListEntry>
<AssgnmntListEntry Length="1" RootTermCovItemId="C29">
<MapEntry BoolAssgnmnt="0" Value="5"/>
</AssgnmntListEntry>
<AssgnmntListEntry Length="1" RootTermCovItemId="C3">
<MapEntry BoolAssgnmnt="0" Value="13"/>
</AssgnmntListEntry>
<AssgnmntListEntry Length="2" RootTermCovItemId="C4">
<MapEntry BoolAssgnmnt="10" Value="1"/>
<MapEntry BoolAssgnmnt="11" Value="3"/>
</AssgnmntListEntry>
<AssgnmntListEntry Length="2" RootTermCovItemId="C5">
<MapEntry BoolAssgnmnt="10" Value="1"/>
</AssgnmntListEntry>
<AssgnmntListEntry Length="2" RootTermCovItemId="C6">
<MapEntry BoolAssgnmnt="10" Value="1"/>
</AssgnmntListEntry>
<AssgnmntListEntry Length="2" RootTermCovItemId="C7">
<MapEntry BoolAssgnmnt="10" Value="1"/>
</AssgnmntListEntry>
<AssgnmntListEntry Length="2" RootTermCovItemId="C8">
<MapEntry BoolAssgnmnt="10" Value="1"/>
</AssgnmntListEntry>
<AssgnmntListEntry Length="2" RootTermCovItemId="C9">
<MapEntry BoolAssgnmnt="11" Value="1"/>
</AssgnmntListEntry>
</AssgnmntPrefix>
</AssgnmntList>
<ObjMetaDataList/>
<MetaDataList/>
</TestCase>
<TestCase Comment="" Date="1421694296336" Name="com.aconex.test.TestAconex:testsSingleStringResultWithMultipleDictionaryWordAndSingleNumbersAtRightEnd">
<CovList>
<CovPrefix CovItemPrefix="com.aconex.coding.challenge.NumberToAlphaConverter.java">
<Cov CovItemId="B1" Value="4"/>
<Cov CovItemId="B10" Value="5"/>
<Cov CovItemId="B12" Value="5"/>
<Cov CovItemId="B13" Value="4"/>
<Cov CovItemId="B14" Value="1"/>
<Cov CovItemId="B15" Value="1"/>
<Cov CovItemId="B19" Value="40"/>
<Cov CovItemId="B2" Value="73"/>
<Cov CovItemId="B20" Value="56"/>
<Cov CovItemId="B21" Value="8"/>
<Cov CovItemId="B22" Value="32"/>
<Cov CovItemId="B24" Value="56"/>
<Cov CovItemId="B27" Value="10"/>
<Cov CovItemId="B28" Value="1"/>
<Cov CovItemId="B29" Value="9"/>
<Cov CovItemId="B3" Value="4"/>
<Cov CovItemId="B30" Value="41"/>
<Cov CovItemId="B31" Value="8"/>
<Cov CovItemId="B32" Value="33"/>
<Cov CovItemId="B33" Value="20"/>
<Cov CovItemId="B34" Value="21"/>
<Cov CovItemId="B35" Value="10"/>
<Cov CovItemId="B36" Value="10"/>
<Cov CovItemId="B37" Value="1"/>
<Cov CovItemId="B38" Value="36"/>
<Cov CovItemId="B39" Value="1"/>
<Cov CovItemId="B4" Value="69"/>
<Cov CovItemId="B41" Value="8"/>
<Cov CovItemId="B42" Value="33"/>
<Cov CovItemId="B43" Value="3"/>
<Cov CovItemId="B44" Value="5"/>
<Cov CovItemId="B45" Value="3"/>
<Cov CovItemId="B47" Value="1"/>
<Cov CovItemId="B49" Value="1"/>
<Cov CovItemId="B5" Value="3"/>
<Cov CovItemId="B50" Value="11"/>
<Cov CovItemId="B51" Value="3"/>
<Cov CovItemId="B53" Value="11"/>
<Cov CovItemId="B6" Value="5"/>
<Cov CovItemId="B8" Value="5"/>
<Cov CovItemId="L1-1" Value="3"/>
<Cov CovItemId="L1-2" Value="12"/>
<Cov CovItemId="L2-0" Value="1"/>
<Cov CovItemId="L2-1" Value="20"/>
<Cov CovItemId="L2-2" Value="20"/>
<Cov CovItemId="L3-1" Value="7"/>
<Cov CovItemId="L3-2" Value="3"/>
<Cov CovItemId="L4-2" Value="15"/>
<Cov CovItemId="L5-2" Value="10"/>
<Cov CovItemId="L6-1" Value="8"/>
<Cov CovItemId="L7-2" Value="1"/>
<Cov CovItemId="L8-2" Value="1"/>
<Cov CovItemId="S101" Value="41"/>
<Cov CovItemId="S102" Value="41"/>
<Cov CovItemId="S103" Value="8"/>
<Cov CovItemId="S104" Value="8"/>
<Cov CovItemId="S105" Value="8"/>
<Cov CovItemId="S106" Value="3"/>
<Cov CovItemId="S107" Value="3"/>
<Cov CovItemId="S109" Value="1"/>
<Cov CovItemId="S110" Value="1"/>
<Cov CovItemId="S111" Value="3"/>
<Cov CovItemId="S112" Value="11"/>
<Cov CovItemId="S113" Value="1"/>
<Cov CovItemId="S114" Value="1"/>
<Cov CovItemId="S115" Value="1"/>
<Cov CovItemId="S116" Value="1"/>
<Cov CovItemId="S117" Value="14"/>
<Cov CovItemId="S118" Value="14"/>
<Cov CovItemId="S119" Value="11"/>
<Cov CovItemId="S120" Value="11"/>
<Cov CovItemId="S121" Value="11"/>
<Cov CovItemId="S123" Value="11"/>
<Cov CovItemId="S125" Value="1"/>
<Cov CovItemId="S44" Value="15"/>
<Cov CovItemId="S45" Value="15"/>
<Cov CovItemId="S46" Value="15"/>
<Cov CovItemId="S47" Value="15"/>
<Cov CovItemId="S48" Value="77"/>
<Cov CovItemId="S49" Value="77"/>
<Cov CovItemId="S50" Value="4"/>
<Cov CovItemId="S51" Value="73"/>
<Cov CovItemId="S52" Value="4"/>
<Cov CovItemId="S53" Value="15"/>
<Cov CovItemId="S54" Value="8"/>
<Cov CovItemId="S55" Value="3"/>
<Cov CovItemId="S56" Value="5"/>
<Cov CovItemId="S58" Value="5"/>
<Cov CovItemId="S60" Value="5"/>
<Cov CovItemId="S62" Value="5"/>
<Cov CovItemId="S63" Value="4"/>
<Cov CovItemId="S64" Value="1"/>
<Cov CovItemId="S65" Value="1"/>
<Cov CovItemId="S69" Value="41"/>
<Cov CovItemId="S70" Value="41"/>
<Cov CovItemId="S71" Value="96"/>
<Cov CovItemId="S72" Value="40"/>
<Cov CovItemId="S73" Value="40"/>
<Cov CovItemId="S74" Value="8"/>
<Cov CovItemId="S75" Value="56"/>
<Cov CovItemId="S76" Value="56"/>
<Cov CovItemId="S80" Value="41"/>
<Cov CovItemId="S81" Value="11"/>
<Cov CovItemId="S82" Value="11"/>
<Cov CovItemId="S83" Value="10"/>
<Cov CovItemId="S84" Value="15"/>
<Cov CovItemId="S85" Value="15"/>
<Cov CovItemId="S86" Value="15"/>
<Cov CovItemId="S87" Value="50"/>
<Cov CovItemId="S88" Value="50"/>
<Cov CovItemId="S89" Value="9"/>
<Cov CovItemId="S90" Value="41"/>
<Cov CovItemId="S91" Value="8"/>
<Cov CovItemId="S92" Value="41"/>
<Cov CovItemId="S93" Value="20"/>
<Cov CovItemId="S94" Value="20"/>
<Cov CovItemId="S95" Value="10"/>
<Cov CovItemId="S96" Value="37"/>
<Cov CovItemId="S97" Value="37"/>
<Cov CovItemId="S98" Value="1"/>
<Cov CovItemId="S99" Value="1"/>
</CovPrefix>
</CovList>
<AssgnmntList>
<AssgnmntPrefix RootTermCovItemPrefix="com.aconex.coding.challenge.NumberToAlphaConverter.java">
<AssgnmntListEntry Length="1" RootTermCovItemId="C1">
<MapEntry BoolAssgnmnt="0" Value="15"/>
<MapEntry BoolAssgnmnt="1" Value="77"/>
</AssgnmntListEntry>
<AssgnmntListEntry Length="1" RootTermCovItemId="C11">
<MapEntry BoolAssgnmnt="0" Value="41"/>
<MapEntry BoolAssgnmnt="1" Value="96"/>
</AssgnmntListEntry>
<AssgnmntListEntry Length="1" RootTermCovItemId="C12">
<MapEntry BoolAssgnmnt="0" Value="56"/>
<MapEntry BoolAssgnmnt="1" Value="40"/>
</AssgnmntListEntry>
<AssgnmntListEntry Length="1" RootTermCovItemId="C13">
<MapEntry BoolAssgnmnt="0" Value="32"/>
<MapEntry BoolAssgnmnt="1" Value="8"/>
</AssgnmntListEntry>
<AssgnmntListEntry Length="1" RootTermCovItemId="C14">
<MapEntry BoolAssgnmnt="0" Value="56"/>
</AssgnmntListEntry>
<AssgnmntListEntry Length="1" RootTermCovItemId="C16">
<MapEntry BoolAssgnmnt="0" Value="1"/>
<MapEntry BoolAssgnmnt="1" Value="10"/>
</AssgnmntListEntry>
<AssgnmntListEntry Length="1" RootTermCovItemId="C17">
<MapEntry BoolAssgnmnt="0" Value="41"/>
<MapEntry BoolAssgnmnt="1" Value="9"/>
</AssgnmntListEntry>
<AssgnmntListEntry Length="2" RootTermCovItemId="C18">
<MapEntry BoolAssgnmnt="02" Value="33"/>
<MapEntry BoolAssgnmnt="11" Value="8"/>
</AssgnmntListEntry>
<AssgnmntListEntry Length="1" RootTermCovItemId="C19">
<MapEntry BoolAssgnmnt="0" Value="21"/>
<MapEntry BoolAssgnmnt="1" Value="20"/>
</AssgnmntListEntry>
<AssgnmntListEntry Length="2" RootTermCovItemId="C2">
<MapEntry BoolAssgnmnt="10" Value="69"/>
<MapEntry BoolAssgnmnt="02" Value="4"/>
<MapEntry BoolAssgnmnt="11" Value="4"/>
</AssgnmntListEntry>
<AssgnmntListEntry Length="1" RootTermCovItemId="C20">
<MapEntry BoolAssgnmnt="0" Value="10"/>
<MapEntry BoolAssgnmnt="1" Value="10"/>
</AssgnmntListEntry>
<AssgnmntListEntry Length="1" RootTermCovItemId="C21">
<MapEntry BoolAssgnmnt="0" Value="36"/>
<MapEntry BoolAssgnmnt="1" Value="1"/>
</AssgnmntListEntry>
<AssgnmntListEntry Length="1" RootTermCovItemId="C22">
<MapEntry BoolAssgnmnt="1" Value="1"/>
</AssgnmntListEntry>
<AssgnmntListEntry Length="1" RootTermCovItemId="C23">
<MapEntry BoolAssgnmnt="0" Value="33"/>
<MapEntry BoolAssgnmnt="1" Value="8"/>
</AssgnmntListEntry>
<AssgnmntListEntry Length="3" RootTermCovItemId="C24">
<MapEntry BoolAssgnmnt="110" Value="5"/>
<MapEntry BoolAssgnmnt="111" Value="3"/>
</AssgnmntListEntry>
<AssgnmntListEntry Length="1" RootTermCovItemId="C25">
<MapEntry BoolAssgnmnt="1" Value="3"/>
</AssgnmntListEntry>
<AssgnmntListEntry Length="1" RootTermCovItemId="C26">
<MapEntry BoolAssgnmnt="1" Value="1"/>
</AssgnmntListEntry>
<AssgnmntListEntry Length="1" RootTermCovItemId="C27">
<MapEntry BoolAssgnmnt="0" Value="1"/>
<MapEntry BoolAssgnmnt="1" Value="14"/>
</AssgnmntListEntry>
<AssgnmntListEntry Length="1" RootTermCovItemId="C28">
<MapEntry BoolAssgnmnt="0" Value="3"/>
<MapEntry BoolAssgnmnt="1" Value="11"/>
</AssgnmntListEntry>
<AssgnmntListEntry Length="1" RootTermCovItemId="C29">
<MapEntry BoolAssgnmnt="0" Value="11"/>
</AssgnmntListEntry>
<AssgnmntListEntry Length="1" RootTermCovItemId="C3">
<MapEntry BoolAssgnmnt="0" Value="69"/>
<MapEntry BoolAssgnmnt="1" Value="4"/>
</AssgnmntListEntry>
<AssgnmntListEntry Length="2" RootTermCovItemId="C4">
<MapEntry BoolAssgnmnt="10" Value="5"/>
<MapEntry BoolAssgnmnt="11" Value="3"/>
</AssgnmntListEntry>
<AssgnmntListEntry Length="2" RootTermCovItemId="C5">
<MapEntry BoolAssgnmnt="10" Value="5"/>
</AssgnmntListEntry>
<AssgnmntListEntry Length="2" RootTermCovItemId="C6">
<MapEntry BoolAssgnmnt="10" Value="5"/>
</AssgnmntListEntry>
<AssgnmntListEntry Length="2" RootTermCovItemId="C7">
<MapEntry BoolAssgnmnt="10" Value="5"/>
</AssgnmntListEntry>
<AssgnmntListEntry Length="2" RootTermCovItemId="C8">
<MapEntry BoolAssgnmnt="10" Value="1"/>
<MapEntry BoolAssgnmnt="11" Value="4"/>
</AssgnmntListEntry>
<AssgnmntListEntry Length="2" RootTermCovItemId="C9">
<MapEntry BoolAssgnmnt="11" Value="1"/>
</AssgnmntListEntry>
</AssgnmntPrefix>
</AssgnmntList>
<ObjMetaDataList/>
<MetaDataList/>
</TestCase>
<MetaDataList/>
</TestSession>
<TestSession Comment="" Date="1421694316856" Name="20 Jan, 2015 12:35:16 AM">
<TestCase Comment="" Date="1421694316786" Name="com.aconex.test.TestAconex:checkForSimpleConversionWithMultipleResult">
<CovList>
<CovPrefix CovItemPrefix="com.aconex.coding.challenge.NumberToAlphaConverter.java">
<Cov CovItemId="B1" Value="7"/>
<Cov CovItemId="B10" Value="6"/>
<Cov CovItemId="B12" Value="6"/>
<Cov CovItemId="B13" Value="5"/>
<Cov CovItemId="B14" Value="1"/>
<Cov CovItemId="B15" Value="1"/>
<Cov CovItemId="B19" Value="40"/>
<Cov CovItemId="B2" Value="50"/>
<Cov CovItemId="B20" Value="66"/>
<Cov CovItemId="B21" Value="10"/>
<Cov CovItemId="B22" Value="30"/>
<Cov CovItemId="B24" Value="66"/>
<Cov CovItemId="B27" Value="5"/>
<Cov CovItemId="B28" Value="1"/>
<Cov CovItemId="B29" Value="15"/>
<Cov CovItemId="B30" Value="43"/>
<Cov CovItemId="B31" Value="3"/>
<Cov CovItemId="B32" Value="40"/>
<Cov CovItemId="B33" Value="14"/>
<Cov CovItemId="B34" Value="29"/>
<Cov CovItemId="B35" Value="14"/>
<Cov CovItemId="B37" Value="3"/>
<Cov CovItemId="B38" Value="39"/>
<Cov CovItemId="B4" Value="50"/>
<Cov CovItemId="B40" Value="3"/>
<Cov CovItemId="B41" Value="10"/>
<Cov CovItemId="B42" Value="33"/>
<Cov CovItemId="B43" Value="5"/>
<Cov CovItemId="B44" Value="5"/>
<Cov CovItemId="B45" Value="5"/>
<Cov CovItemId="B47" Value="1"/>
<Cov CovItemId="B49" Value="1"/>
<Cov CovItemId="B5" Value="4"/>
<Cov CovItemId="B50" Value="6"/>
<Cov CovItemId="B53" Value="6"/>
<Cov CovItemId="B6" Value="6"/>
<Cov CovItemId="B8" Value="6"/>
<Cov CovItemId="L1-1" Value="3"/>
<Cov CovItemId="L1-2" Value="15"/>
<Cov CovItemId="L2-0" Value="3"/>
<Cov CovItemId="L2-1" Value="16"/>
<Cov CovItemId="L2-2" Value="24"/>
<Cov CovItemId="L3-2" Value="5"/>
<Cov CovItemId="L4-2" Value="18"/>
<Cov CovItemId="L5-2" Value="14"/>
<Cov CovItemId="L6-1" Value="10"/>
<Cov CovItemId="L7-2" Value="1"/>
<Cov CovItemId="L8-2" Value="1"/>
<Cov CovItemId="S1" Value="1"/>
<Cov CovItemId="S10" Value="1"/>
<Cov CovItemId="S100" Value="3"/>
<Cov CovItemId="S101" Value="43"/>
<Cov CovItemId="S102" Value="43"/>
<Cov CovItemId="S103" Value="10"/>
<Cov CovItemId="S104" Value="10"/>
<Cov CovItemId="S105" Value="10"/>
<Cov CovItemId="S106" Value="5"/>
<Cov CovItemId="S107" Value="5"/>
<Cov CovItemId="S109" Value="1"/>
<Cov CovItemId="S11" Value="1"/>
<Cov CovItemId="S110" Value="1"/>
<Cov CovItemId="S111" Value="3"/>
<Cov CovItemId="S112" Value="6"/>
<Cov CovItemId="S113" Value="1"/>
<Cov CovItemId="S114" Value="1"/>
<Cov CovItemId="S115" Value="1"/>
<Cov CovItemId="S116" Value="1"/>
<Cov CovItemId="S117" Value="6"/>
<Cov CovItemId="S118" Value="6"/>
<Cov CovItemId="S119" Value="6"/>
<Cov CovItemId="S12" Value="1"/>
<Cov CovItemId="S120" Value="6"/>
<Cov CovItemId="S121" Value="6"/>
<Cov CovItemId="S123" Value="6"/>
<Cov CovItemId="S125" Value="1"/>
<Cov CovItemId="S13" Value="1"/>
<Cov CovItemId="S14" Value="1"/>
<Cov CovItemId="S15" Value="1"/>
<Cov CovItemId="S16" Value="1"/>
<Cov CovItemId="S17" Value="1"/>
<Cov CovItemId="S18" Value="1"/>
<Cov CovItemId="S19" Value="1"/>
<Cov CovItemId="S2" Value="1"/>
<Cov CovItemId="S20" Value="1"/>
<Cov CovItemId="S21" Value="1"/>
<Cov CovItemId="S22" Value="1"/>
<Cov CovItemId="S23" Value="1"/>
<Cov CovItemId="S24" Value="1"/>
<Cov CovItemId="S25" Value="1"/>
<Cov CovItemId="S26" Value="1"/>
<Cov CovItemId="S27" Value="1"/>
<Cov CovItemId="S28" Value="1"/>
<Cov CovItemId="S29" Value="1"/>
<Cov CovItemId="S3" Value="1"/>
<Cov CovItemId="S30" Value="1"/>
<Cov CovItemId="S31" Value="1"/>
<Cov CovItemId="S32" Value="1"/>
<Cov CovItemId="S33" Value="1"/>
<Cov CovItemId="S34" Value="1"/>
<Cov CovItemId="S35" Value="1"/>
<Cov CovItemId="S36" Value="1"/>
<Cov CovItemId="S37" Value="1"/>
<Cov CovItemId="S38" Value="1"/>
<Cov CovItemId="S39" Value="1"/>
<Cov CovItemId="S4" Value="1"/>
<Cov CovItemId="S40" Value="1"/>
<Cov CovItemId="S41" Value="1"/>
<Cov CovItemId="S42" Value="1"/>
<Cov CovItemId="S43" Value="1"/>
<Cov CovItemId="S44" Value="18"/>
<Cov CovItemId="S45" Value="18"/>
<Cov CovItemId="S46" Value="18"/>
<Cov CovItemId="S47" Value="18"/>
<Cov CovItemId="S48" Value="57"/>
<Cov CovItemId="S49" Value="57"/>
<Cov CovItemId="S5" Value="1"/>
<Cov CovItemId="S50" Value="7"/>
<Cov CovItemId="S51" Value="50"/>
<Cov CovItemId="S53" Value="18"/>
<Cov CovItemId="S54" Value="10"/>
<Cov CovItemId="S55" Value="4"/>
<Cov CovItemId="S56" Value="6"/>
<Cov CovItemId="S58" Value="6"/>
<Cov CovItemId="S6" Value="1"/>
<Cov CovItemId="S60" Value="6"/>
<Cov CovItemId="S62" Value="6"/>
<Cov CovItemId="S63" Value="5"/>
<Cov CovItemId="S64" Value="1"/>
<Cov CovItemId="S65" Value="1"/>
<Cov CovItemId="S69" Value="43"/>
<Cov CovItemId="S7" Value="1"/>
<Cov CovItemId="S70" Value="43"/>
<Cov CovItemId="S71" Value="106"/>
<Cov CovItemId="S72" Value="40"/>
<Cov CovItemId="S73" Value="40"/>
<Cov CovItemId="S74" Value="10"/>
<Cov CovItemId="S75" Value="66"/>
<Cov CovItemId="S76" Value="66"/>
<Cov CovItemId="S8" Value="1"/>
<Cov CovItemId="S80" Value="43"/>
<Cov CovItemId="S81" Value="6"/>
<Cov CovItemId="S82" Value="6"/>
<Cov CovItemId="S83" Value="5"/>
<Cov CovItemId="S84" Value="18"/>
<Cov CovItemId="S85" Value="18"/>
<Cov CovItemId="S86" Value="18"/>
<Cov CovItemId="S87" Value="58"/>
<Cov CovItemId="S88" Value="58"/>
<Cov CovItemId="S89" Value="15"/>
<Cov CovItemId="S9" Value="1"/>
<Cov CovItemId="S90" Value="43"/>
<Cov CovItemId="S91" Value="3"/>
<Cov CovItemId="S92" Value="43"/>
<Cov CovItemId="S93" Value="14"/>
<Cov CovItemId="S94" Value="14"/>
<Cov CovItemId="S95" Value="14"/>
<Cov CovItemId="S96" Value="42"/>
<Cov CovItemId="S97" Value="42"/>
<Cov CovItemId="S98" Value="3"/>
</CovPrefix>
</CovList>
<AssgnmntList>
<AssgnmntPrefix RootTermCovItemPrefix="com.aconex.coding.challenge.NumberToAlphaConverter.java">
<AssgnmntListEntry Length="1" RootTermCovItemId="C1">
<MapEntry BoolAssgnmnt="0" Value="18"/>
<MapEntry BoolAssgnmnt="1" Value="57"/>
</AssgnmntListEntry>
<AssgnmntListEntry Length="1" RootTermCovItemId="C11">
<MapEntry BoolAssgnmnt="0" Value="43"/>
<MapEntry BoolAssgnmnt="1" Value="106"/>
</AssgnmntListEntry>
<AssgnmntListEntry Length="1" RootTermCovItemId="C12">
<MapEntry BoolAssgnmnt="0" Value="66"/>
<MapEntry BoolAssgnmnt="1" Value="40"/>
</AssgnmntListEntry>
<AssgnmntListEntry Length="1" RootTermCovItemId="C13">
<MapEntry BoolAssgnmnt="0" Value="30"/>
<MapEntry BoolAssgnmnt="1" Value="10"/>
</AssgnmntListEntry>
<AssgnmntListEntry Length="1" RootTermCovItemId="C14">
<MapEntry BoolAssgnmnt="0" Value="66"/>
</AssgnmntListEntry>
<AssgnmntListEntry Length="1" RootTermCovItemId="C16">
<MapEntry BoolAssgnmnt="0" Value="1"/>
<MapEntry BoolAssgnmnt="1" Value="5"/>
</AssgnmntListEntry>
<AssgnmntListEntry Length="1" RootTermCovItemId="C17">
<MapEntry BoolAssgnmnt="0" Value="43"/>
<MapEntry BoolAssgnmnt="1" Value="15"/>
</AssgnmntListEntry>
<AssgnmntListEntry Length="2" RootTermCovItemId="C18">
<MapEntry BoolAssgnmnt="02" Value="40"/>
<MapEntry BoolAssgnmnt="11" Value="3"/>
</AssgnmntListEntry>
<AssgnmntListEntry Length="1" RootTermCovItemId="C19">
<MapEntry BoolAssgnmnt="0" Value="29"/>
<MapEntry BoolAssgnmnt="1" Value="14"/>
</AssgnmntListEntry>
<AssgnmntListEntry Length="2" RootTermCovItemId="C2">
<MapEntry BoolAssgnmnt="10" Value="50"/>
<MapEntry BoolAssgnmnt="11" Value="7"/>
</AssgnmntListEntry>
<AssgnmntListEntry Length="1" RootTermCovItemId="C20">
<MapEntry BoolAssgnmnt="1" Value="14"/>
</AssgnmntListEntry>
<AssgnmntListEntry Length="1" RootTermCovItemId="C21">
<MapEntry BoolAssgnmnt="0" Value="39"/>
<MapEntry BoolAssgnmnt="1" Value="3"/>
</AssgnmntListEntry>
<AssgnmntListEntry Length="1" RootTermCovItemId="C22">
<MapEntry BoolAssgnmnt="0" Value="3"/>
</AssgnmntListEntry>
<AssgnmntListEntry Length="1" RootTermCovItemId="C23">
<MapEntry BoolAssgnmnt="0" Value="33"/>
<MapEntry BoolAssgnmnt="1" Value="10"/>
</AssgnmntListEntry>
<AssgnmntListEntry Length="3" RootTermCovItemId="C24">
<MapEntry BoolAssgnmnt="110" Value="5"/>
<MapEntry BoolAssgnmnt="111" Value="5"/>
</AssgnmntListEntry>
<AssgnmntListEntry Length="1" RootTermCovItemId="C25">
<MapEntry BoolAssgnmnt="1" Value="5"/>
</AssgnmntListEntry>
<AssgnmntListEntry Length="1" RootTermCovItemId="C26">
<MapEntry BoolAssgnmnt="1" Value="1"/>
</AssgnmntListEntry>
<AssgnmntListEntry Length="1" RootTermCovItemId="C27">
<MapEntry BoolAssgnmnt="0" Value="1"/>
<MapEntry BoolAssgnmnt="1" Value="6"/>
</AssgnmntListEntry>
<AssgnmntListEntry Length="1" RootTermCovItemId="C28">
<MapEntry BoolAssgnmnt="1" Value="6"/>
</AssgnmntListEntry>
<AssgnmntListEntry Length="1" RootTermCovItemId="C29">
<MapEntry BoolAssgnmnt="0" Value="6"/>
</AssgnmntListEntry>
<AssgnmntListEntry Length="1" RootTermCovItemId="C3">
<MapEntry BoolAssgnmnt="0" Value="50"/>
</AssgnmntListEntry>
<AssgnmntListEntry Length="2" RootTermCovItemId="C4">
<MapEntry BoolAssgnmnt="10" Value="6"/>
<MapEntry BoolAssgnmnt="11" Value="4"/>
</AssgnmntListEntry>
<AssgnmntListEntry Length="2" RootTermCovItemId="C5">
<MapEntry BoolAssgnmnt="10" Value="6"/>
</AssgnmntListEntry>
<AssgnmntListEntry Length="2" RootTermCovItemId="C6">
<MapEntry BoolAssgnmnt="10" Value="6"/>
</AssgnmntListEntry>
<AssgnmntListEntry Length="2" RootTermCovItemId="C7">
<MapEntry BoolAssgnmnt="10" Value="6"/>
</AssgnmntListEntry>
<AssgnmntListEntry Length="2" RootTermCovItemId="C8">
<MapEntry BoolAssgnmnt="10" Value="1"/>
<MapEntry BoolAssgnmnt="11" Value="5"/>
</AssgnmntListEntry>
<AssgnmntListEntry Length="2" RootTermCovItemId="C9">
<MapEntry BoolAssgnmnt="11" Value="1"/>
</AssgnmntListEntry>
</AssgnmntPrefix>
</AssgnmntList>
<ObjMetaDataList/>
<MetaDataList/>
</TestCase>
<TestCase Comment="" Date="1421694316802" Name="com.aconex.test.TestAconex:testsSingleStringResultWithMultipleDictionaryWordAndNumbersAtEndsAndInBetween">
<CovList>
<CovPrefix CovItemPrefix="com.aconex.coding.challenge.NumberToAlphaConverter.java">
<Cov CovItemId="B1" Value="36"/>
<Cov CovItemId="B10" Value="10"/>
<Cov CovItemId="B11" Value="8"/>
<Cov CovItemId="B12" Value="2"/>
<Cov CovItemId="B14" Value="2"/>
<Cov CovItemId="B15" Value="2"/>
<Cov CovItemId="B19" Value="51"/>
<Cov CovItemId="B2" Value="139"/>
<Cov CovItemId="B20" Value="84"/>
<Cov CovItemId="B21" Value="12"/>
<Cov CovItemId="B22" Value="39"/>
<Cov CovItemId="B24" Value="84"/>
<Cov CovItemId="B27" Value="18"/>
<Cov CovItemId="B28" Value="1"/>
<Cov CovItemId="B29" Value="14"/>
<Cov CovItemId="B30" Value="56"/>
<Cov CovItemId="B31" Value="11"/>
<Cov CovItemId="B32" Value="45"/>
<Cov CovItemId="B33" Value="47"/>
<Cov CovItemId="B34" Value="9"/>
<Cov CovItemId="B35" Value="47"/>
<Cov CovItemId="B38" Value="157"/>
<Cov CovItemId="B4" Value="139"/>
<Cov CovItemId="B41" Value="12"/>
<Cov CovItemId="B42" Value="44"/>
<Cov CovItemId="B43" Value="6"/>
<Cov CovItemId="B44" Value="6"/>
<Cov CovItemId="B45" Value="6"/>
<Cov CovItemId="B47" Value="1"/>
<Cov CovItemId="B49" Value="1"/>
<Cov CovItemId="B5" Value="2"/>
<Cov CovItemId="B50" Value="19"/>
<Cov CovItemId="B51" Value="7"/>
<Cov CovItemId="B53" Value="19"/>
<Cov CovItemId="B6" Value="10"/>
<Cov CovItemId="B8" Value="10"/>
<Cov CovItemId="L1-1" Value="3"/>
<Cov CovItemId="L1-2" Value="18"/>
<Cov CovItemId="L2-0" Value="5"/>
<Cov CovItemId="L2-1" Value="20"/>
<Cov CovItemId="L2-2" Value="31"/>
<Cov CovItemId="L3-1" Value="16"/>
<Cov CovItemId="L3-2" Value="2"/>
<Cov CovItemId="L4-2" Value="21"/>
<Cov CovItemId="L5-2" Value="47"/>
<Cov CovItemId="L6-1" Value="12"/>
<Cov CovItemId="L7-2" Value="1"/>
<Cov CovItemId="L8-2" Value="1"/>
<Cov CovItemId="S101" Value="56"/>
<Cov CovItemId="S102" Value="56"/>
<Cov CovItemId="S103" Value="12"/>
<Cov CovItemId="S104" Value="12"/>
<Cov CovItemId="S105" Value="12"/>
<Cov CovItemId="S106" Value="6"/>
<Cov CovItemId="S107" Value="6"/>
<Cov CovItemId="S109" Value="1"/>
<Cov CovItemId="S110" Value="1"/>
<Cov CovItemId="S111" Value="3"/>
<Cov CovItemId="S112" Value="19"/>
<Cov CovItemId="S113" Value="1"/>
<Cov CovItemId="S114" Value="1"/>
<Cov CovItemId="S115" Value="1"/>
<Cov CovItemId="S116" Value="1"/>
<Cov CovItemId="S117" Value="26"/>
<Cov CovItemId="S118" Value="26"/>
<Cov CovItemId="S119" Value="19"/>
<Cov CovItemId="S120" Value="19"/>
<Cov CovItemId="S121" Value="19"/>
<Cov CovItemId="S123" Value="19"/>
<Cov CovItemId="S125" Value="1"/>
<Cov CovItemId="S44" Value="21"/>
<Cov CovItemId="S45" Value="21"/>
<Cov CovItemId="S46" Value="21"/>
<Cov CovItemId="S47" Value="21"/>
<Cov CovItemId="S48" Value="175"/>
<Cov CovItemId="S49" Value="175"/>
<Cov CovItemId="S50" Value="36"/>
<Cov CovItemId="S51" Value="139"/>
<Cov CovItemId="S53" Value="21"/>
<Cov CovItemId="S54" Value="12"/>
<Cov CovItemId="S55" Value="2"/>
<Cov CovItemId="S56" Value="10"/>
<Cov CovItemId="S58" Value="10"/>
<Cov CovItemId="S60" Value="10"/>
<Cov CovItemId="S61" Value="8"/>
<Cov CovItemId="S62" Value="2"/>
<Cov CovItemId="S64" Value="2"/>
<Cov CovItemId="S65" Value="2"/>
<Cov CovItemId="S69" Value="56"/>
<Cov CovItemId="S70" Value="56"/>
<Cov CovItemId="S71" Value="135"/>
<Cov CovItemId="S72" Value="51"/>
<Cov CovItemId="S73" Value="51"/>
<Cov CovItemId="S74" Value="12"/>
<Cov CovItemId="S75" Value="84"/>
<Cov CovItemId="S76" Value="84"/>
<Cov CovItemId="S80" Value="56"/>
<Cov CovItemId="S81" Value="19"/>
<Cov CovItemId="S82" Value="19"/>
<Cov CovItemId="S83" Value="18"/>
<Cov CovItemId="S84" Value="21"/>
<Cov CovItemId="S85" Value="21"/>
<Cov CovItemId="S86" Value="21"/>
<Cov CovItemId="S87" Value="70"/>
<Cov CovItemId="S88" Value="70"/>
<Cov CovItemId="S89" Value="14"/>
<Cov CovItemId="S90" Value="56"/>
<Cov CovItemId="S91" Value="11"/>
<Cov CovItemId="S92" Value="56"/>
<Cov CovItemId="S93" Value="47"/>
<Cov CovItemId="S94" Value="47"/>
<Cov CovItemId="S95" Value="47"/>
<Cov CovItemId="S96" Value="157"/>
<Cov CovItemId="S97" Value="157"/>
</CovPrefix>
</CovList>
<AssgnmntList>
<AssgnmntPrefix RootTermCovItemPrefix="com.aconex.coding.challenge.NumberToAlphaConverter.java">
<AssgnmntListEntry Length="1" RootTermCovItemId="C1">
<MapEntry BoolAssgnmnt="0" Value="21"/>
<MapEntry BoolAssgnmnt="1" Value="175"/>
</AssgnmntListEntry>
<AssgnmntListEntry Length="1" RootTermCovItemId="C11">
<MapEntry BoolAssgnmnt="0" Value="56"/>
<MapEntry BoolAssgnmnt="1" Value="135"/>
</AssgnmntListEntry>
<AssgnmntListEntry Length="1" RootTermCovItemId="C12">
<MapEntry BoolAssgnmnt="0" Value="84"/>
<MapEntry BoolAssgnmnt="1" Value="51"/>
</AssgnmntListEntry>
<AssgnmntListEntry Length="1" RootTermCovItemId="C13">
<MapEntry BoolAssgnmnt="0" Value="39"/>
<MapEntry BoolAssgnmnt="1" Value="12"/>
</AssgnmntListEntry>
<AssgnmntListEntry Length="1" RootTermCovItemId="C14">
<MapEntry BoolAssgnmnt="0" Value="84"/>
</AssgnmntListEntry>
<AssgnmntListEntry Length="1" RootTermCovItemId="C16">
<MapEntry BoolAssgnmnt="0" Value="1"/>
<MapEntry BoolAssgnmnt="1" Value="18"/>
</AssgnmntListEntry>
<AssgnmntListEntry Length="1" RootTermCovItemId="C17">
<MapEntry BoolAssgnmnt="0" Value="56"/>
<MapEntry BoolAssgnmnt="1" Value="14"/>
</AssgnmntListEntry>
<AssgnmntListEntry Length="2" RootTermCovItemId="C18">
<MapEntry BoolAssgnmnt="02" Value="45"/>
<MapEntry BoolAssgnmnt="11" Value="11"/>
</AssgnmntListEntry>
<AssgnmntListEntry Length="1" RootTermCovItemId="C19">
<MapEntry BoolAssgnmnt="0" Value="9"/>
<MapEntry BoolAssgnmnt="1" Value="47"/>
</AssgnmntListEntry>
<AssgnmntListEntry Length="2" RootTermCovItemId="C2">
<MapEntry BoolAssgnmnt="10" Value="139"/>
<MapEntry BoolAssgnmnt="11" Value="36"/>
</AssgnmntListEntry>
<AssgnmntListEntry Length="1" RootTermCovItemId="C20">
<MapEntry BoolAssgnmnt="1" Value="47"/>
</AssgnmntListEntry>
<AssgnmntListEntry Length="1" RootTermCovItemId="C21">
<MapEntry BoolAssgnmnt="0" Value="157"/>
</AssgnmntListEntry>
<AssgnmntListEntry Length="1" RootTermCovItemId="C23">
<MapEntry BoolAssgnmnt="0" Value="44"/>
<MapEntry BoolAssgnmnt="1" Value="12"/>
</AssgnmntListEntry>
<AssgnmntListEntry Length="3" RootTermCovItemId="C24">
<MapEntry BoolAssgnmnt="110" Value="6"/>
<MapEntry BoolAssgnmnt="111" Value="6"/>
</AssgnmntListEntry>
<AssgnmntListEntry Length="1" RootTermCovItemId="C25">
<MapEntry BoolAssgnmnt="1" Value="6"/>
</AssgnmntListEntry>
<AssgnmntListEntry Length="1" RootTermCovItemId="C26">
<MapEntry BoolAssgnmnt="1" Value="1"/>
</AssgnmntListEntry>
<AssgnmntListEntry Length="1" RootTermCovItemId="C27">
<MapEntry BoolAssgnmnt="0" Value="1"/>
<MapEntry BoolAssgnmnt="1" Value="26"/>
</AssgnmntListEntry>
<AssgnmntListEntry Length="1" RootTermCovItemId="C28">
<MapEntry BoolAssgnmnt="0" Value="7"/>
<MapEntry BoolAssgnmnt="1" Value="19"/>
</AssgnmntListEntry>
<AssgnmntListEntry Length="1" RootTermCovItemId="C29">
<MapEntry BoolAssgnmnt="0" Value="19"/>
</AssgnmntListEntry>
<AssgnmntListEntry Length="1" RootTermCovItemId="C3">
<MapEntry BoolAssgnmnt="0" Value="139"/>
</AssgnmntListEntry>
<AssgnmntListEntry Length="2" RootTermCovItemId="C4">
<MapEntry BoolAssgnmnt="10" Value="10"/>
<MapEntry BoolAssgnmnt="11" Value="2"/>
</AssgnmntListEntry>
<AssgnmntListEntry Length="2" RootTermCovItemId="C5">
<MapEntry BoolAssgnmnt="10" Value="10"/>
</AssgnmntListEntry>
<AssgnmntListEntry Length="2" RootTermCovItemId="C6">
<MapEntry BoolAssgnmnt="10" Value="10"/>
</AssgnmntListEntry>
<AssgnmntListEntry Length="2" RootTermCovItemId="C7">
<MapEntry BoolAssgnmnt="10" Value="2"/>
<MapEntry BoolAssgnmnt="11" Value="8"/>
</AssgnmntListEntry>
<AssgnmntListEntry Length="2" RootTermCovItemId="C8">
<MapEntry BoolAssgnmnt="10" Value="2"/>
</AssgnmntListEntry>
<AssgnmntListEntry Length="2" RootTermCovItemId="C9">
<MapEntry BoolAssgnmnt="11" Value="2"/>
</AssgnmntListEntry>
</AssgnmntPrefix>
</AssgnmntList>
<ObjMetaDataList/>
<MetaDataList/>
</TestCase>
<TestCase Comment="" Date="1421694316808" Name="com.aconex.test.TestAconex:testsResultWithMultipleDictionaryWordAndNumbersConsecutiveInResult">
<CovList>
<CovPrefix CovItemPrefix="com.aconex.coding.challenge.NumberToAlphaConverter.java">
<Cov CovItemId="B1" Value="28"/>
<Cov CovItemId="B10" Value="12"/>
<Cov CovItemId="B11" Value="12"/>
<Cov CovItemId="B19" Value="70"/>
<Cov CovItemId="B2" Value="86"/>
<Cov CovItemId="B20" Value="54"/>
<Cov CovItemId="B21" Value="20"/>
<Cov CovItemId="B22" Value="50"/>
<Cov CovItemId="B24" Value="54"/>
<Cov CovItemId="B27" Value="18"/>
<Cov CovItemId="B28" Value="2"/>
<Cov CovItemId="B29" Value="14"/>
<Cov CovItemId="B30" Value="72"/>
<Cov CovItemId="B31" Value="6"/>
<Cov CovItemId="B32" Value="66"/>
<Cov CovItemId="B33" Value="54"/>
<Cov CovItemId="B34" Value="18"/>
<Cov CovItemId="B35" Value="54"/>
<Cov CovItemId="B38" Value="162"/>
<Cov CovItemId="B4" Value="86"/>
<Cov CovItemId="B41" Value="20"/>
<Cov CovItemId="B42" Value="52"/>
<Cov CovItemId="B43" Value="12"/>
<Cov CovItemId="B44" Value="8"/>
<Cov CovItemId="B45" Value="12"/>
<Cov CovItemId="B47" Value="2"/>
<Cov CovItemId="B49" Value="2"/>
<Cov CovItemId="B5" Value="8"/>
<Cov CovItemId="B50" Value="20"/>
<Cov CovItemId="B51" Value="4"/>
<Cov CovItemId="B52" Value="2"/>
<Cov CovItemId="B53" Value="18"/>
<Cov CovItemId="B6" Value="12"/>
<Cov CovItemId="B8" Value="12"/>
<Cov CovItemId="L1-1" Value="6"/>
<Cov CovItemId="L1-2" Value="20"/>
<Cov CovItemId="L2-0" Value="2"/>
<Cov CovItemId="L2-1" Value="46"/>
<Cov CovItemId="L2-2" Value="24"/>
<Cov CovItemId="L3-1" Value="12"/>
<Cov CovItemId="L3-2" Value="6"/>
<Cov CovItemId="L4-2" Value="26"/>
<Cov CovItemId="L5-2" Value="54"/>
<Cov CovItemId="L6-1" Value="20"/>
<Cov CovItemId="L7-2" Value="2"/>
<Cov CovItemId="L8-2" Value="2"/>
<Cov CovItemId="S101" Value="72"/>
<Cov CovItemId="S102" Value="72"/>
<Cov CovItemId="S103" Value="20"/>
<Cov CovItemId="S104" Value="20"/>
<Cov CovItemId="S105" Value="20"/>
<Cov CovItemId="S106" Value="12"/>
<Cov CovItemId="S107" Value="12"/>
<Cov CovItemId="S109" Value="2"/>
<Cov CovItemId="S110" Value="2"/>
<Cov CovItemId="S111" Value="6"/>
<Cov CovItemId="S112" Value="20"/>
<Cov CovItemId="S113" Value="2"/>
<Cov CovItemId="S114" Value="2"/>
<Cov CovItemId="S115" Value="2"/>
<Cov CovItemId="S116" Value="2"/>
<Cov CovItemId="S117" Value="24"/>
<Cov CovItemId="S118" Value="24"/>
<Cov CovItemId="S119" Value="20"/>
<Cov CovItemId="S120" Value="20"/>
<Cov CovItemId="S121" Value="20"/>
<Cov CovItemId="S122" Value="2"/>
<Cov CovItemId="S123" Value="18"/>
<Cov CovItemId="S125" Value="2"/>
<Cov CovItemId="S44" Value="26"/>
<Cov CovItemId="S45" Value="26"/>
<Cov CovItemId="S46" Value="26"/>
<Cov CovItemId="S47" Value="26"/>
<Cov CovItemId="S48" Value="114"/>
<Cov CovItemId="S49" Value="114"/>
<Cov CovItemId="S50" Value="28"/>
<Cov CovItemId="S51" Value="86"/>
<Cov CovItemId="S53" Value="26"/>
<Cov CovItemId="S54" Value="20"/>
<Cov CovItemId="S55" Value="8"/>
<Cov CovItemId="S56" Value="12"/>
<Cov CovItemId="S58" Value="12"/>
<Cov CovItemId="S60" Value="12"/>
<Cov CovItemId="S61" Value="12"/>
<Cov CovItemId="S69" Value="72"/>
<Cov CovItemId="S70" Value="72"/>
<Cov CovItemId="S71" Value="124"/>
<Cov CovItemId="S72" Value="70"/>
<Cov CovItemId="S73" Value="70"/>
<Cov CovItemId="S74" Value="20"/>
<Cov CovItemId="S75" Value="54"/>
<Cov CovItemId="S76" Value="54"/>
<Cov CovItemId="S80" Value="72"/>
<Cov CovItemId="S81" Value="20"/>
<Cov CovItemId="S82" Value="20"/>
<Cov CovItemId="S83" Value="18"/>
<Cov CovItemId="S84" Value="26"/>
<Cov CovItemId="S85" Value="26"/>
<Cov CovItemId="S86" Value="26"/>
<Cov CovItemId="S87" Value="86"/>
<Cov CovItemId="S88" Value="86"/>
<Cov CovItemId="S89" Value="14"/>
<Cov CovItemId="S90" Value="72"/>
<Cov CovItemId="S91" Value="6"/>
<Cov CovItemId="S92" Value="72"/>
<Cov CovItemId="S93" Value="54"/>
<Cov CovItemId="S94" Value="54"/>
<Cov CovItemId="S95" Value="54"/>
<Cov CovItemId="S96" Value="162"/>
<Cov CovItemId="S97" Value="162"/>
</CovPrefix>
</CovList>
<AssgnmntList>
<AssgnmntPrefix RootTermCovItemPrefix="com.aconex.coding.challenge.NumberToAlphaConverter.java">
<AssgnmntListEntry Length="1" RootTermCovItemId="C1">
<MapEntry BoolAssgnmnt="0" Value="26"/>
<MapEntry BoolAssgnmnt="1" Value="114"/>
</AssgnmntListEntry>
<AssgnmntListEntry Length="1" RootTermCovItemId="C11">
<MapEntry BoolAssgnmnt="0" Value="72"/>
<MapEntry BoolAssgnmnt="1" Value="124"/>
</AssgnmntListEntry>
<AssgnmntListEntry Length="1" RootTermCovItemId="C12">
<MapEntry BoolAssgnmnt="0" Value="54"/>
<MapEntry BoolAssgnmnt="1" Value="70"/>
</AssgnmntListEntry>
<AssgnmntListEntry Length="1" RootTermCovItemId="C13">
<MapEntry BoolAssgnmnt="0" Value="50"/>
<MapEntry BoolAssgnmnt="1" Value="20"/>
</AssgnmntListEntry>
<AssgnmntListEntry Length="1" RootTermCovItemId="C14">
<MapEntry BoolAssgnmnt="0" Value="54"/>
</AssgnmntListEntry>
<AssgnmntListEntry Length="1" RootTermCovItemId="C16">
<MapEntry BoolAssgnmnt="0" Value="2"/>
<MapEntry BoolAssgnmnt="1" Value="18"/>
</AssgnmntListEntry>
<AssgnmntListEntry Length="1" RootTermCovItemId="C17">
<MapEntry BoolAssgnmnt="0" Value="72"/>
<MapEntry BoolAssgnmnt="1" Value="14"/>
</AssgnmntListEntry>
<AssgnmntListEntry Length="2" RootTermCovItemId="C18">
<MapEntry BoolAssgnmnt="02" Value="66"/>
<MapEntry BoolAssgnmnt="11" Value="6"/>
</AssgnmntListEntry>
<AssgnmntListEntry Length="1" RootTermCovItemId="C19">
<MapEntry BoolAssgnmnt="0" Value="18"/>
<MapEntry BoolAssgnmnt="1" Value="54"/>
</AssgnmntListEntry>
<AssgnmntListEntry Length="2" RootTermCovItemId="C2">
<MapEntry BoolAssgnmnt="10" Value="86"/>
<MapEntry BoolAssgnmnt="11" Value="28"/>
</AssgnmntListEntry>
<AssgnmntListEntry Length="1" RootTermCovItemId="C20">
<MapEntry BoolAssgnmnt="1" Value="54"/>
</AssgnmntListEntry>
<AssgnmntListEntry Length="1" RootTermCovItemId="C21">
<MapEntry BoolAssgnmnt="0" Value="162"/>
</AssgnmntListEntry>
<AssgnmntListEntry Length="1" RootTermCovItemId="C23">
<MapEntry BoolAssgnmnt="0" Value="52"/>
<MapEntry BoolAssgnmnt="1" Value="20"/>
</AssgnmntListEntry>
<AssgnmntListEntry Length="3" RootTermCovItemId="C24">
<MapEntry BoolAssgnmnt="110" Value="8"/>
<MapEntry BoolAssgnmnt="111" Value="12"/>
</AssgnmntListEntry>
<AssgnmntListEntry Length="1" RootTermCovItemId="C25">
<MapEntry BoolAssgnmnt="1" Value="12"/>
</AssgnmntListEntry>
<AssgnmntListEntry Length="1" RootTermCovItemId="C26">
<MapEntry BoolAssgnmnt="1" Value="2"/>
</AssgnmntListEntry>
<AssgnmntListEntry Length="1" RootTermCovItemId="C27">
<MapEntry BoolAssgnmnt="1" Value="24"/>
</AssgnmntListEntry>
<AssgnmntListEntry Length="1" RootTermCovItemId="C28">
<MapEntry BoolAssgnmnt="0" Value="4"/>
<MapEntry BoolAssgnmnt="1" Value="20"/>
</AssgnmntListEntry>
<AssgnmntListEntry Length="1" RootTermCovItemId="C29">
<MapEntry BoolAssgnmnt="0" Value="18"/>
<MapEntry BoolAssgnmnt="1" Value="2"/>
</AssgnmntListEntry>
<AssgnmntListEntry Length="1" RootTermCovItemId="C3">
<MapEntry BoolAssgnmnt="0" Value="86"/>
</AssgnmntListEntry>
<AssgnmntListEntry Length="2" RootTermCovItemId="C4">
<MapEntry BoolAssgnmnt="10" Value="12"/>
<MapEntry BoolAssgnmnt="11" Value="8"/>
</AssgnmntListEntry>
<AssgnmntListEntry Length="2" RootTermCovItemId="C5">
<MapEntry BoolAssgnmnt="10" Value="12"/>
</AssgnmntListEntry>
<AssgnmntListEntry Length="2" RootTermCovItemId="C6">
<MapEntry BoolAssgnmnt="10" Value="12"/>
</AssgnmntListEntry>
<AssgnmntListEntry Length="2" RootTermCovItemId="C7">
<MapEntry BoolAssgnmnt="11" Value="12"/>
</AssgnmntListEntry>
</AssgnmntPrefix>
</AssgnmntList>
<ObjMetaDataList/>
<MetaDataList/>
</TestCase>
<TestCase Comment="" Date="1421694316814" Name="com.aconex.test.TestAconex:testsSingleStringResultWithMultipleDictionaryWord">
<CovList>
<CovPrefix CovItemPrefix="com.aconex.coding.challenge.NumberToAlphaConverter.java">
<Cov CovItemId="B1" Value="5"/>
<Cov CovItemId="B10" Value="9"/>
<Cov CovItemId="B12" Value="9"/>
<Cov CovItemId="B13" Value="2"/>
<Cov CovItemId="B14" Value="7"/>
<Cov CovItemId="B15" Value="7"/>
<Cov CovItemId="B19" Value="44"/>
<Cov CovItemId="B2" Value="76"/>
<Cov CovItemId="B20" Value="51"/>
<Cov CovItemId="B21" Value="13"/>
<Cov CovItemId="B22" Value="31"/>
<Cov CovItemId="B24" Value="51"/>
<Cov CovItemId="B27" Value="10"/>
<Cov CovItemId="B28" Value="1"/>
<Cov CovItemId="B29" Value="10"/>
<Cov CovItemId="B3" Value="3"/>
<Cov CovItemId="B30" Value="45"/>
<Cov CovItemId="B31" Value="3"/>
<Cov CovItemId="B32" Value="42"/>
<Cov CovItemId="B33" Value="23"/>
<Cov CovItemId="B34" Value="22"/>
<Cov CovItemId="B35" Value="15"/>
<Cov CovItemId="B36" Value="8"/>
<Cov CovItemId="B37" Value="2"/>
<Cov CovItemId="B38" Value="49"/>
<Cov CovItemId="B39" Value="1"/>
<Cov CovItemId="B4" Value="73"/>
<Cov CovItemId="B40" Value="1"/>
<Cov CovItemId="B41" Value="13"/>
<Cov CovItemId="B42" Value="32"/>
<Cov CovItemId="B43" Value="7"/>
<Cov CovItemId="B44" Value="6"/>
<Cov CovItemId="B45" Value="7"/>
<Cov CovItemId="B47" Value="1"/>
<Cov CovItemId="B49" Value="1"/>
<Cov CovItemId="B5" Value="4"/>
<Cov CovItemId="B50" Value="11"/>
<Cov CovItemId="B51" Value="5"/>
<Cov CovItemId="B53" Value="11"/>
<Cov CovItemId="B6" Value="9"/>
<Cov CovItemId="B8" Value="9"/>
<Cov CovItemId="L1-1" Value="4"/>
<Cov CovItemId="L1-2" Value="13"/>
<Cov CovItemId="L2-0" Value="1"/>
<Cov CovItemId="L2-1" Value="25"/>
<Cov CovItemId="L2-2" Value="19"/>
<Cov CovItemId="L3-1" Value="7"/>
<Cov CovItemId="L3-2" Value="3"/>
<Cov CovItemId="L4-2" Value="17"/>
<Cov CovItemId="L5-2" Value="15"/>
<Cov CovItemId="L6-1" Value="13"/>
<Cov CovItemId="L7-2" Value="1"/>
<Cov CovItemId="L8-2" Value="1"/>
<Cov CovItemId="S100" Value="1"/>
<Cov CovItemId="S101" Value="45"/>
<Cov CovItemId="S102" Value="45"/>
<Cov CovItemId="S103" Value="13"/>
<Cov CovItemId="S104" Value="13"/>
<Cov CovItemId="S105" Value="13"/>
<Cov CovItemId="S106" Value="7"/>
<Cov CovItemId="S107" Value="7"/>
<Cov CovItemId="S109" Value="1"/>
<Cov CovItemId="S110" Value="1"/>
<Cov CovItemId="S111" Value="4"/>
<Cov CovItemId="S112" Value="11"/>
<Cov CovItemId="S113" Value="1"/>
<Cov CovItemId="S114" Value="1"/>
<Cov CovItemId="S115" Value="1"/>
<Cov CovItemId="S116" Value="1"/>
<Cov CovItemId="S117" Value="16"/>
<Cov CovItemId="S118" Value="16"/>
<Cov CovItemId="S119" Value="11"/>
<Cov CovItemId="S120" Value="11"/>
<Cov CovItemId="S121" Value="11"/>
<Cov CovItemId="S123" Value="11"/>
<Cov CovItemId="S125" Value="1"/>
<Cov CovItemId="S44" Value="17"/>
<Cov CovItemId="S45" Value="17"/>
<Cov CovItemId="S46" Value="17"/>
<Cov CovItemId="S47" Value="17"/>
<Cov CovItemId="S48" Value="81"/>
<Cov CovItemId="S49" Value="81"/>
<Cov CovItemId="S50" Value="5"/>
<Cov CovItemId="S51" Value="76"/>
<Cov CovItemId="S52" Value="3"/>
<Cov CovItemId="S53" Value="17"/>
<Cov CovItemId="S54" Value="13"/>
<Cov CovItemId="S55" Value="4"/>
<Cov CovItemId="S56" Value="9"/>
<Cov CovItemId="S58" Value="9"/>
<Cov CovItemId="S60" Value="9"/>
<Cov CovItemId="S62" Value="9"/>
<Cov CovItemId="S63" Value="2"/>
<Cov CovItemId="S64" Value="7"/>
<Cov CovItemId="S65" Value="7"/>
<Cov CovItemId="S69" Value="45"/>
<Cov CovItemId="S70" Value="45"/>
<Cov CovItemId="S71" Value="95"/>
<Cov CovItemId="S72" Value="44"/>
<Cov CovItemId="S73" Value="44"/>
<Cov CovItemId="S74" Value="13"/>
<Cov CovItemId="S75" Value="51"/>
<Cov CovItemId="S76" Value="51"/>
<Cov CovItemId="S80" Value="45"/>
<Cov CovItemId="S81" Value="11"/>
<Cov CovItemId="S82" Value="11"/>
<Cov CovItemId="S83" Value="10"/>
<Cov CovItemId="S84" Value="17"/>
<Cov CovItemId="S85" Value="17"/>
<Cov CovItemId="S86" Value="17"/>
<Cov CovItemId="S87" Value="55"/>
<Cov CovItemId="S88" Value="55"/>
<Cov CovItemId="S89" Value="10"/>
<Cov CovItemId="S90" Value="45"/>
<Cov CovItemId="S91" Value="3"/>
<Cov CovItemId="S92" Value="45"/>
<Cov CovItemId="S93" Value="23"/>
<Cov CovItemId="S94" Value="23"/>
<Cov CovItemId="S95" Value="15"/>
<Cov CovItemId="S96" Value="51"/>
<Cov CovItemId="S97" Value="51"/>
<Cov CovItemId="S98" Value="2"/>
<Cov CovItemId="S99" Value="1"/>
</CovPrefix>
</CovList>
<AssgnmntList>
<AssgnmntPrefix RootTermCovItemPrefix="com.aconex.coding.challenge.NumberToAlphaConverter.java">
<AssgnmntListEntry Length="1" RootTermCovItemId="C1">
<MapEntry BoolAssgnmnt="0" Value="17"/>
<MapEntry BoolAssgnmnt="1" Value="81"/>
</AssgnmntListEntry>
<AssgnmntListEntry Length="1" RootTermCovItemId="C11">
<MapEntry BoolAssgnmnt="0" Value="45"/>
<MapEntry BoolAssgnmnt="1" Value="95"/>
</AssgnmntListEntry>
<AssgnmntListEntry Length="1" RootTermCovItemId="C12">
<MapEntry BoolAssgnmnt="0" Value="51"/>
<MapEntry BoolAssgnmnt="1" Value="44"/>
</AssgnmntListEntry>
<AssgnmntListEntry Length="1" RootTermCovItemId="C13">
<MapEntry BoolAssgnmnt="0" Value="31"/>
<MapEntry BoolAssgnmnt="1" Value="13"/>
</AssgnmntListEntry>
<AssgnmntListEntry Length="1" RootTermCovItemId="C14">
<MapEntry BoolAssgnmnt="0" Value="51"/>
</AssgnmntListEntry>
<AssgnmntListEntry Length="1" RootTermCovItemId="C16">
<MapEntry BoolAssgnmnt="0" Value="1"/>
<MapEntry BoolAssgnmnt="1" Value="10"/>
</AssgnmntListEntry>
<AssgnmntListEntry Length="1" RootTermCovItemId="C17">
<MapEntry BoolAssgnmnt="0" Value="45"/>
<MapEntry BoolAssgnmnt="1" Value="10"/>
</AssgnmntListEntry>
<AssgnmntListEntry Length="2" RootTermCovItemId="C18">
<MapEntry BoolAssgnmnt="02" Value="42"/>
<MapEntry BoolAssgnmnt="11" Value="3"/>
</AssgnmntListEntry>
<AssgnmntListEntry Length="1" RootTermCovItemId="C19">
<MapEntry BoolAssgnmnt="0" Value="22"/>
<MapEntry BoolAssgnmnt="1" Value="23"/>
</AssgnmntListEntry>
<AssgnmntListEntry Length="2" RootTermCovItemId="C2">
<MapEntry BoolAssgnmnt="10" Value="73"/>
<MapEntry BoolAssgnmnt="02" Value="3"/>
<MapEntry BoolAssgnmnt="11" Value="5"/>
</AssgnmntListEntry>
<AssgnmntListEntry Length="1" RootTermCovItemId="C20">
<MapEntry BoolAssgnmnt="0" Value="8"/>
<MapEntry BoolAssgnmnt="1" Value="15"/>
</AssgnmntListEntry>
<AssgnmntListEntry Length="1" RootTermCovItemId="C21">
<MapEntry BoolAssgnmnt="0" Value="49"/>
<MapEntry BoolAssgnmnt="1" Value="2"/>
</AssgnmntListEntry>
<AssgnmntListEntry Length="1" RootTermCovItemId="C22">
<MapEntry BoolAssgnmnt="0" Value="1"/>
<MapEntry BoolAssgnmnt="1" Value="1"/>
</AssgnmntListEntry>
<AssgnmntListEntry Length="1" RootTermCovItemId="C23">
<MapEntry BoolAssgnmnt="0" Value="32"/>
<MapEntry BoolAssgnmnt="1" Value="13"/>
</AssgnmntListEntry>
<AssgnmntListEntry Length="3" RootTermCovItemId="C24">
<MapEntry BoolAssgnmnt="110" Value="6"/>
<MapEntry BoolAssgnmnt="111" Value="7"/>
</AssgnmntListEntry>
<AssgnmntListEntry Length="1" RootTermCovItemId="C25">
<MapEntry BoolAssgnmnt="1" Value="7"/>
</AssgnmntListEntry>
<AssgnmntListEntry Length="1" RootTermCovItemId="C26">
<MapEntry BoolAssgnmnt="1" Value="1"/>
</AssgnmntListEntry>
<AssgnmntListEntry Length="1" RootTermCovItemId="C27">
<MapEntry BoolAssgnmnt="0" Value="1"/>
<MapEntry BoolAssgnmnt="1" Value="16"/>
</AssgnmntListEntry>
<AssgnmntListEntry Length="1" RootTermCovItemId="C28">
<MapEntry BoolAssgnmnt="0" Value="5"/>
<MapEntry BoolAssgnmnt="1" Value="11"/>
</AssgnmntListEntry>
<AssgnmntListEntry Length="1" RootTermCovItemId="C29">
<MapEntry BoolAssgnmnt="0" Value="11"/>
</AssgnmntListEntry>
<AssgnmntListEntry Length="1" RootTermCovItemId="C3">
<MapEntry BoolAssgnmnt="0" Value="73"/>
<MapEntry BoolAssgnmnt="1" Value="3"/>
</AssgnmntListEntry>
<AssgnmntListEntry Length="2" RootTermCovItemId="C4">
<MapEntry BoolAssgnmnt="10" Value="9"/>
<MapEntry BoolAssgnmnt="11" Value="4"/>
</AssgnmntListEntry>
<AssgnmntListEntry Length="2" RootTermCovItemId="C5">
<MapEntry BoolAssgnmnt="10" Value="9"/>
</AssgnmntListEntry>
<AssgnmntListEntry Length="2" RootTermCovItemId="C6">
<MapEntry BoolAssgnmnt="10" Value="9"/>
</AssgnmntListEntry>
<AssgnmntListEntry Length="2" RootTermCovItemId="C7">
<MapEntry BoolAssgnmnt="10" Value="9"/>
</AssgnmntListEntry>
<AssgnmntListEntry Length="2" RootTermCovItemId="C8">
<MapEntry BoolAssgnmnt="10" Value="7"/>
<MapEntry BoolAssgnmnt="11" Value="2"/>
</AssgnmntListEntry>
<AssgnmntListEntry Length="2" RootTermCovItemId="C9">
<MapEntry BoolAssgnmnt="11" Value="7"/>
</AssgnmntListEntry>
</AssgnmntPrefix>
</AssgnmntList>
<ObjMetaDataList/>
<MetaDataList/>
</TestCase>
<TestCase Comment="" Date="1421694316820" Name="com.aconex.test.TestAconex:testsSingleStringResultWithMultipleDictionaryWordAndSingleNumbersAtLeftEnd">
<CovList>
<CovPrefix CovItemPrefix="com.aconex.coding.challenge.NumberToAlphaConverter.java">
<Cov CovItemId="B1" Value="15"/>
<Cov CovItemId="B10" Value="10"/>
<Cov CovItemId="B11" Value="6"/>
<Cov CovItemId="B12" Value="4"/>
<Cov CovItemId="B13" Value="4"/>
<Cov CovItemId="B19" Value="38"/>
<Cov CovItemId="B2" Value="63"/>
<Cov CovItemId="B20" Value="40"/>
<Cov CovItemId="B21" Value="12"/>
<Cov CovItemId="B22" Value="26"/>
<Cov CovItemId="B24" Value="40"/>
<Cov CovItemId="B27" Value="10"/>
<Cov CovItemId="B28" Value="1"/>
<Cov CovItemId="B29" Value="9"/>
<Cov CovItemId="B3" Value="3"/>
<Cov CovItemId="B30" Value="39"/>
<Cov CovItemId="B31" Value="4"/>
<Cov CovItemId="B32" Value="35"/>
<Cov CovItemId="B33" Value="30"/>
<Cov CovItemId="B34" Value="9"/>
<Cov CovItemId="B35" Value="24"/>
<Cov CovItemId="B36" Value="6"/>
<Cov CovItemId="B37" Value="1"/>
<Cov CovItemId="B38" Value="78"/>
<Cov CovItemId="B39" Value="1"/>
<Cov CovItemId="B4" Value="60"/>
<Cov CovItemId="B41" Value="12"/>
<Cov CovItemId="B42" Value="27"/>
<Cov CovItemId="B43" Value="6"/>
<Cov CovItemId="B44" Value="6"/>
<Cov CovItemId="B45" Value="6"/>
<Cov CovItemId="B47" Value="1"/>
<Cov CovItemId="B49" Value="1"/>
<Cov CovItemId="B5" Value="2"/>
<Cov CovItemId="B50" Value="11"/>
<Cov CovItemId="B51" Value="2"/>
<Cov CovItemId="B53" Value="11"/>
<Cov CovItemId="B6" Value="10"/>
<Cov CovItemId="B8" Value="10"/>
<Cov CovItemId="L1-1" Value="3"/>
<Cov CovItemId="L1-2" Value="12"/>
<Cov CovItemId="L2-0" Value="1"/>
<Cov CovItemId="L2-1" Value="22"/>
<Cov CovItemId="L2-2" Value="16"/>
<Cov CovItemId="L3-1" Value="7"/>
<Cov CovItemId="L3-2" Value="3"/>
<Cov CovItemId="L4-2" Value="15"/>
<Cov CovItemId="L5-2" Value="24"/>
<Cov CovItemId="L6-1" Value="12"/>
<Cov CovItemId="L7-2" Value="1"/>
<Cov CovItemId="L8-2" Value="1"/>
<Cov CovItemId="S101" Value="39"/>
<Cov CovItemId="S102" Value="39"/>
<Cov CovItemId="S103" Value="12"/>
<Cov CovItemId="S104" Value="12"/>
<Cov CovItemId="S105" Value="12"/>
<Cov CovItemId="S106" Value="6"/>
<Cov CovItemId="S107" Value="6"/>
<Cov CovItemId="S109" Value="1"/>
<Cov CovItemId="S110" Value="1"/>
<Cov CovItemId="S111" Value="3"/>
<Cov CovItemId="S112" Value="11"/>
<Cov CovItemId="S113" Value="1"/>
<Cov CovItemId="S114" Value="1"/>
<Cov CovItemId="S115" Value="1"/>
<Cov CovItemId="S116" Value="1"/>
<Cov CovItemId="S117" Value="13"/>
<Cov CovItemId="S118" Value="13"/>
<Cov CovItemId="S119" Value="11"/>
<Cov CovItemId="S120" Value="11"/>
<Cov CovItemId="S121" Value="11"/>
<Cov CovItemId="S123" Value="11"/>
<Cov CovItemId="S125" Value="1"/>
<Cov CovItemId="S44" Value="15"/>
<Cov CovItemId="S45" Value="15"/>
<Cov CovItemId="S46" Value="15"/>
<Cov CovItemId="S47" Value="15"/>
<Cov CovItemId="S48" Value="78"/>
<Cov CovItemId="S49" Value="78"/>
<Cov CovItemId="S50" Value="15"/>
<Cov CovItemId="S51" Value="63"/>
<Cov CovItemId="S52" Value="3"/>
<Cov CovItemId="S53" Value="15"/>
<Cov CovItemId="S54" Value="12"/>
<Cov CovItemId="S55" Value="2"/>
<Cov CovItemId="S56" Value="10"/>
<Cov CovItemId="S58" Value="10"/>
<Cov CovItemId="S60" Value="10"/>
<Cov CovItemId="S61" Value="6"/>
<Cov CovItemId="S62" Value="4"/>
<Cov CovItemId="S63" Value="4"/>
<Cov CovItemId="S69" Value="39"/>
<Cov CovItemId="S70" Value="39"/>
<Cov CovItemId="S71" Value="78"/>
<Cov CovItemId="S72" Value="38"/>
<Cov CovItemId="S73" Value="38"/>
<Cov CovItemId="S74" Value="12"/>
<Cov CovItemId="S75" Value="40"/>
<Cov CovItemId="S76" Value="40"/>
<Cov CovItemId="S80" Value="39"/>
<Cov CovItemId="S81" Value="11"/>
<Cov CovItemId="S82" Value="11"/>
<Cov CovItemId="S83" Value="10"/>
<Cov CovItemId="S84" Value="15"/>
<Cov CovItemId="S85" Value="15"/>
<Cov CovItemId="S86" Value="15"/>
<Cov CovItemId="S87" Value="48"/>
<Cov CovItemId="S88" Value="48"/>
<Cov CovItemId="S89" Value="9"/>
<Cov CovItemId="S90" Value="39"/>
<Cov CovItemId="S91" Value="4"/>
<Cov CovItemId="S92" Value="39"/>
<Cov CovItemId="S93" Value="30"/>
<Cov CovItemId="S94" Value="30"/>
<Cov CovItemId="S95" Value="24"/>
<Cov CovItemId="S96" Value="79"/>
<Cov CovItemId="S97" Value="79"/>
<Cov CovItemId="S98" Value="1"/>
<Cov CovItemId="S99" Value="1"/>
</CovPrefix>
</CovList>
<AssgnmntList>
<AssgnmntPrefix RootTermCovItemPrefix="com.aconex.coding.challenge.NumberToAlphaConverter.java">
<AssgnmntListEntry Length="1" RootTermCovItemId="C1">
<MapEntry BoolAssgnmnt="0" Value="15"/>
<MapEntry BoolAssgnmnt="1" Value="78"/>
</AssgnmntListEntry>
<AssgnmntListEntry Length="1" RootTermCovItemId="C11">
<MapEntry BoolAssgnmnt="0" Value="39"/>
<MapEntry BoolAssgnmnt="1" Value="78"/>
</AssgnmntListEntry>
<AssgnmntListEntry Length="1" RootTermCovItemId="C12">
<MapEntry BoolAssgnmnt="0" Value="40"/>
<MapEntry BoolAssgnmnt="1" Value="38"/>
</AssgnmntListEntry>
<AssgnmntListEntry Length="1" RootTermCovItemId="C13">
<MapEntry BoolAssgnmnt="0" Value="26"/>
<MapEntry BoolAssgnmnt="1" Value="12"/>
</AssgnmntListEntry>
<AssgnmntListEntry Length="1" RootTermCovItemId="C14">
<MapEntry BoolAssgnmnt="0" Value="40"/>
</AssgnmntListEntry>
<AssgnmntListEntry Length="1" RootTermCovItemId="C16">
<MapEntry BoolAssgnmnt="0" Value="1"/>
<MapEntry BoolAssgnmnt="1" Value="10"/>
</AssgnmntListEntry>
<AssgnmntListEntry Length="1" RootTermCovItemId="C17">
<MapEntry BoolAssgnmnt="0" Value="39"/>
<MapEntry BoolAssgnmnt="1" Value="9"/>
</AssgnmntListEntry>
<AssgnmntListEntry Length="2" RootTermCovItemId="C18">
<MapEntry BoolAssgnmnt="02" Value="35"/>
<MapEntry BoolAssgnmnt="11" Value="4"/>
</AssgnmntListEntry>
<AssgnmntListEntry Length="1" RootTermCovItemId="C19">
<MapEntry BoolAssgnmnt="0" Value="9"/>
<MapEntry BoolAssgnmnt="1" Value="30"/>
</AssgnmntListEntry>
<AssgnmntListEntry Length="2" RootTermCovItemId="C2">
<MapEntry BoolAssgnmnt="10" Value="60"/>
<MapEntry BoolAssgnmnt="02" Value="3"/>
<MapEntry BoolAssgnmnt="11" Value="15"/>
</AssgnmntListEntry>
<AssgnmntListEntry Length="1" RootTermCovItemId="C20">
<MapEntry BoolAssgnmnt="0" Value="6"/>
<MapEntry BoolAssgnmnt="1" Value="24"/>
</AssgnmntListEntry>
<AssgnmntListEntry Length="1" RootTermCovItemId="C21">
<MapEntry BoolAssgnmnt="0" Value="78"/>
<MapEntry BoolAssgnmnt="1" Value="1"/>
</AssgnmntListEntry>
<AssgnmntListEntry Length="1" RootTermCovItemId="C22">
<MapEntry BoolAssgnmnt="1" Value="1"/>
</AssgnmntListEntry>
<AssgnmntListEntry Length="1" RootTermCovItemId="C23">
<MapEntry BoolAssgnmnt="0" Value="27"/>
<MapEntry BoolAssgnmnt="1" Value="12"/>
</AssgnmntListEntry>
<AssgnmntListEntry Length="3" RootTermCovItemId="C24">
<MapEntry BoolAssgnmnt="110" Value="6"/>
<MapEntry BoolAssgnmnt="111" Value="6"/>
</AssgnmntListEntry>
<AssgnmntListEntry Length="1" RootTermCovItemId="C25">
<MapEntry BoolAssgnmnt="1" Value="6"/>
</AssgnmntListEntry>
<AssgnmntListEntry Length="1" RootTermCovItemId="C26">
<MapEntry BoolAssgnmnt="1" Value="1"/>
</AssgnmntListEntry>
<AssgnmntListEntry Length="1" RootTermCovItemId="C27">
<MapEntry BoolAssgnmnt="0" Value="1"/>
<MapEntry BoolAssgnmnt="1" Value="13"/>
</AssgnmntListEntry>
<AssgnmntListEntry Length="1" RootTermCovItemId="C28">
<MapEntry BoolAssgnmnt="0" Value="2"/>
<MapEntry BoolAssgnmnt="1" Value="11"/>
</AssgnmntListEntry>
<AssgnmntListEntry Length="1" RootTermCovItemId="C29">
<MapEntry BoolAssgnmnt="0" Value="11"/>
</AssgnmntListEntry>
<AssgnmntListEntry Length="1" RootTermCovItemId="C3">
<MapEntry BoolAssgnmnt="0" Value="60"/>
<MapEntry BoolAssgnmnt="1" Value="3"/>
</AssgnmntListEntry>
<AssgnmntListEntry Length="2" RootTermCovItemId="C4">
<MapEntry BoolAssgnmnt="10" Value="10"/>
<MapEntry BoolAssgnmnt="11" Value="2"/>
</AssgnmntListEntry>
<AssgnmntListEntry Length="2" RootTermCovItemId="C5">
<MapEntry BoolAssgnmnt="10" Value="10"/>
</AssgnmntListEntry>
<AssgnmntListEntry Length="2" RootTermCovItemId="C6">
<MapEntry BoolAssgnmnt="10" Value="10"/>
</AssgnmntListEntry>
<AssgnmntListEntry Length="2" RootTermCovItemId="C7">
<MapEntry BoolAssgnmnt="10" Value="4"/>
<MapEntry BoolAssgnmnt="11" Value="6"/>
</AssgnmntListEntry>
<AssgnmntListEntry Length="2" RootTermCovItemId="C8">
<MapEntry BoolAssgnmnt="11" Value="4"/>
</AssgnmntListEntry>
</AssgnmntPrefix>
</AssgnmntList>
<ObjMetaDataList/>
<MetaDataList/>
</TestCase>
<TestCase Comment="" Date="1421694316824" Name="com.aconex.test.TestAconex:testPhoneNumberForAmbiguity">
<CovList>
<CovPrefix CovItemPrefix="com.aconex.coding.challenge.NumberToAlphaConverter.java">
<Cov CovItemId="B1" Value="4"/>
<Cov CovItemId="B10" Value="3"/>
<Cov CovItemId="B12" Value="3"/>
<Cov CovItemId="B13" Value="3"/>
<Cov CovItemId="B19" Value="28"/>
<Cov CovItemId="B2" Value="36"/>
<Cov CovItemId="B20" Value="34"/>
<Cov CovItemId="B21" Value="6"/>
<Cov CovItemId="B22" Value="22"/>
<Cov CovItemId="B23" Value="6"/>
<Cov CovItemId="B24" Value="28"/>
<Cov CovItemId="B26" Value="6"/>
<Cov CovItemId="B27" Value="6"/>
<Cov CovItemId="B28" Value="1"/>
<Cov CovItemId="B29" Value="8"/>
<Cov CovItemId="B30" Value="30"/>
<Cov CovItemId="B31" Value="5"/>
<Cov CovItemId="B32" Value="25"/>
<Cov CovItemId="B33" Value="11"/>
<Cov CovItemId="B34" Value="19"/>
<Cov CovItemId="B35" Value="11"/>
<Cov CovItemId="B38" Value="33"/>
<Cov CovItemId="B4" Value="36"/>
<Cov CovItemId="B41" Value="6"/>
<Cov CovItemId="B42" Value="24"/>
<Cov CovItemId="B43" Value="3"/>
<Cov CovItemId="B44" Value="3"/>
<Cov CovItemId="B45" Value="3"/>
<Cov CovItemId="B47" Value="1"/>
<Cov CovItemId="B49" Value="1"/>
<Cov CovItemId="B50" Value="7"/>
<Cov CovItemId="B51" Value="7"/>
<Cov CovItemId="B53" Value="7"/>
<Cov CovItemId="B6" Value="6"/>
<Cov CovItemId="B8" Value="6"/>
<Cov CovItemId="B9" Value="3"/>
<Cov CovItemId="L1-1" Value="3"/>
<Cov CovItemId="L1-2" Value="9"/>
<Cov CovItemId="L2-0" Value="2"/>
<Cov CovItemId="L2-1" Value="14"/>
<Cov CovItemId="L2-2" Value="14"/>
<Cov CovItemId="L3-1" Value="1"/>
<Cov CovItemId="L3-2" Value="5"/>
<Cov CovItemId="L4-2" Value="12"/>
<Cov CovItemId="L5-2" Value="11"/>
<Cov CovItemId="L6-1" Value="6"/>
<Cov CovItemId="L7-2" Value="1"/>
<Cov CovItemId="L8-2" Value="1"/>
<Cov CovItemId="S101" Value="30"/>
<Cov CovItemId="S102" Value="30"/>
<Cov CovItemId="S103" Value="6"/>
<Cov CovItemId="S104" Value="6"/>
<Cov CovItemId="S105" Value="6"/>
<Cov CovItemId="S106" Value="3"/>
<Cov CovItemId="S107" Value="3"/>
<Cov CovItemId="S109" Value="1"/>
<Cov CovItemId="S110" Value="1"/>
<Cov CovItemId="S111" Value="3"/>
<Cov CovItemId="S112" Value="7"/>
<Cov CovItemId="S113" Value="1"/>
<Cov CovItemId="S114" Value="1"/>
<Cov CovItemId="S115" Value="1"/>
<Cov CovItemId="S116" Value="1"/>
<Cov CovItemId="S117" Value="14"/>
<Cov CovItemId="S118" Value="14"/>
<Cov CovItemId="S119" Value="7"/>
<Cov CovItemId="S120" Value="7"/>
<Cov CovItemId="S121" Value="7"/>
<Cov CovItemId="S123" Value="7"/>
<Cov CovItemId="S125" Value="1"/>
<Cov CovItemId="S44" Value="12"/>
<Cov CovItemId="S45" Value="12"/>
<Cov CovItemId="S46" Value="12"/>
<Cov CovItemId="S47" Value="12"/>
<Cov CovItemId="S48" Value="40"/>
<Cov CovItemId="S49" Value="40"/>
<Cov CovItemId="S50" Value="4"/>
<Cov CovItemId="S51" Value="36"/>
<Cov CovItemId="S53" Value="12"/>
<Cov CovItemId="S54" Value="6"/>
<Cov CovItemId="S56" Value="6"/>
<Cov CovItemId="S58" Value="6"/>
<Cov CovItemId="S59" Value="3"/>
<Cov CovItemId="S60" Value="3"/>
<Cov CovItemId="S62" Value="3"/>
<Cov CovItemId="S63" Value="3"/>
<Cov CovItemId="S69" Value="30"/>
<Cov CovItemId="S70" Value="30"/>
<Cov CovItemId="S71" Value="62"/>
<Cov CovItemId="S72" Value="28"/>
<Cov CovItemId="S73" Value="28"/>
<Cov CovItemId="S74" Value="6"/>
<Cov CovItemId="S75" Value="34"/>
<Cov CovItemId="S76" Value="34"/>
<Cov CovItemId="S77" Value="6"/>
<Cov CovItemId="S78" Value="6"/>
<Cov CovItemId="S80" Value="30"/>
<Cov CovItemId="S81" Value="7"/>
<Cov CovItemId="S82" Value="7"/>
<Cov CovItemId="S83" Value="6"/>
<Cov CovItemId="S84" Value="12"/>
<Cov CovItemId="S85" Value="12"/>
<Cov CovItemId="S86" Value="12"/>
<Cov CovItemId="S87" Value="38"/>
<Cov CovItemId="S88" Value="38"/>
<Cov CovItemId="S89" Value="8"/>
<Cov CovItemId="S90" Value="30"/>
<Cov CovItemId="S91" Value="5"/>
<Cov CovItemId="S92" Value="30"/>
<Cov CovItemId="S93" Value="11"/>
<Cov CovItemId="S94" Value="11"/>
<Cov CovItemId="S95" Value="11"/>
<Cov CovItemId="S96" Value="33"/>
<Cov CovItemId="S97" Value="33"/>
</CovPrefix>
</CovList>
<AssgnmntList>
<AssgnmntPrefix RootTermCovItemPrefix="com.aconex.coding.challenge.NumberToAlphaConverter.java">
<AssgnmntListEntry Length="1" RootTermCovItemId="C1">
<MapEntry BoolAssgnmnt="0" Value="12"/>
<MapEntry BoolAssgnmnt="1" Value="40"/>
</AssgnmntListEntry>
<AssgnmntListEntry Length="1" RootTermCovItemId="C11">
<MapEntry BoolAssgnmnt="0" Value="30"/>
<MapEntry BoolAssgnmnt="1" Value="62"/>
</AssgnmntListEntry>
<AssgnmntListEntry Length="1" RootTermCovItemId="C12">
<MapEntry BoolAssgnmnt="0" Value="34"/>
<MapEntry BoolAssgnmnt="1" Value="28"/>
</AssgnmntListEntry>
<AssgnmntListEntry Length="1" RootTermCovItemId="C13">
<MapEntry BoolAssgnmnt="0" Value="22"/>
<MapEntry BoolAssgnmnt="1" Value="6"/>
</AssgnmntListEntry>
<AssgnmntListEntry Length="1" RootTermCovItemId="C14">
<MapEntry BoolAssgnmnt="0" Value="28"/>
<MapEntry BoolAssgnmnt="1" Value="6"/>
</AssgnmntListEntry>
<AssgnmntListEntry Length="1" RootTermCovItemId="C15">
<MapEntry BoolAssgnmnt="0" Value="6"/>
</AssgnmntListEntry>
<AssgnmntListEntry Length="1" RootTermCovItemId="C16">
<MapEntry BoolAssgnmnt="0" Value="1"/>
<MapEntry BoolAssgnmnt="1" Value="6"/>
</AssgnmntListEntry>
<AssgnmntListEntry Length="1" RootTermCovItemId="C17">
<MapEntry BoolAssgnmnt="0" Value="30"/>
<MapEntry BoolAssgnmnt="1" Value="8"/>
</AssgnmntListEntry>
<AssgnmntListEntry Length="2" RootTermCovItemId="C18">
<MapEntry BoolAssgnmnt="02" Value="25"/>
<MapEntry BoolAssgnmnt="11" Value="5"/>
</AssgnmntListEntry>
<AssgnmntListEntry Length="1" RootTermCovItemId="C19">
<MapEntry BoolAssgnmnt="0" Value="19"/>
<MapEntry BoolAssgnmnt="1" Value="11"/>
</AssgnmntListEntry>
<AssgnmntListEntry Length="2" RootTermCovItemId="C2">
<MapEntry BoolAssgnmnt="10" Value="36"/>
<MapEntry BoolAssgnmnt="11" Value="4"/>
</AssgnmntListEntry>
<AssgnmntListEntry Length="1" RootTermCovItemId="C20">
<MapEntry BoolAssgnmnt="1" Value="11"/>
</AssgnmntListEntry>
<AssgnmntListEntry Length="1" RootTermCovItemId="C21">
<MapEntry BoolAssgnmnt="0" Value="33"/>
</AssgnmntListEntry>
<AssgnmntListEntry Length="1" RootTermCovItemId="C23">
<MapEntry BoolAssgnmnt="0" Value="24"/>
<MapEntry BoolAssgnmnt="1" Value="6"/>
</AssgnmntListEntry>
<AssgnmntListEntry Length="3" RootTermCovItemId="C24">
<MapEntry BoolAssgnmnt="110" Value="3"/>
<MapEntry BoolAssgnmnt="111" Value="3"/>
</AssgnmntListEntry>
<AssgnmntListEntry Length="1" RootTermCovItemId="C25">
<MapEntry BoolAssgnmnt="1" Value="3"/>
</AssgnmntListEntry>
<AssgnmntListEntry Length="1" RootTermCovItemId="C26">
<MapEntry BoolAssgnmnt="1" Value="1"/>
</AssgnmntListEntry>
<AssgnmntListEntry Length="1" RootTermCovItemId="C27">
<MapEntry BoolAssgnmnt="0" Value="1"/>
<MapEntry BoolAssgnmnt="1" Value="14"/>
</AssgnmntListEntry>
<AssgnmntListEntry Length="1" RootTermCovItemId="C28">
<MapEntry BoolAssgnmnt="0" Value="7"/>
<MapEntry BoolAssgnmnt="1" Value="7"/>
</AssgnmntListEntry>
<AssgnmntListEntry Length="1" RootTermCovItemId="C29">
<MapEntry BoolAssgnmnt="0" Value="7"/>
</AssgnmntListEntry>
<AssgnmntListEntry Length="1" RootTermCovItemId="C3">
<MapEntry BoolAssgnmnt="0" Value="36"/>
</AssgnmntListEntry>
<AssgnmntListEntry Length="2" RootTermCovItemId="C4">
<MapEntry BoolAssgnmnt="10" Value="6"/>
</AssgnmntListEntry>
<AssgnmntListEntry Length="2" RootTermCovItemId="C5">
<MapEntry BoolAssgnmnt="10" Value="6"/>
</AssgnmntListEntry>
<AssgnmntListEntry Length="2" RootTermCovItemId="C6">
<MapEntry BoolAssgnmnt="10" Value="3"/>
<MapEntry BoolAssgnmnt="11" Value="3"/>
</AssgnmntListEntry>
<AssgnmntListEntry Length="2" RootTermCovItemId="C7">
<MapEntry BoolAssgnmnt="10" Value="3"/>
</AssgnmntListEntry>
<AssgnmntListEntry Length="2" RootTermCovItemId="C8">
<MapEntry BoolAssgnmnt="11" Value="3"/>
</AssgnmntListEntry>
</AssgnmntPrefix>
</AssgnmntList>
<ObjMetaDataList/>
<MetaDataList/>
</TestCase>
<TestCase Comment="" Date="1421694316828" Name="com.aconex.test.TestAconex:testsSingleStringResultWithMultipleDictionaryWordAndSingleNumbersInBetween">
<CovList>
<CovPrefix CovItemPrefix="com.aconex.coding.challenge.NumberToAlphaConverter.java">
<Cov CovItemId="B1" Value="7"/>
<Cov CovItemId="B10" Value="9"/>
<Cov CovItemId="B11" Value="2"/>
<Cov CovItemId="B12" Value="7"/>
<Cov CovItemId="B14" Value="7"/>
<Cov CovItemId="B15" Value="7"/>
<Cov CovItemId="B19" Value="38"/>
<Cov CovItemId="B2" Value="66"/>
<Cov CovItemId="B20" Value="51"/>
<Cov CovItemId="B21" Value="13"/>
<Cov CovItemId="B22" Value="25"/>
<Cov CovItemId="B24" Value="51"/>
<Cov CovItemId="B27" Value="11"/>
<Cov CovItemId="B28" Value="1"/>
<Cov CovItemId="B29" Value="10"/>
<Cov CovItemId="B30" Value="40"/>
<Cov CovItemId="B31" Value="3"/>
<Cov CovItemId="B32" Value="37"/>
<Cov CovItemId="B33" Value="18"/>
<Cov CovItemId="B34" Value="22"/>
<Cov CovItemId="B35" Value="18"/>
<Cov CovItemId="B37" Value="1"/>
<Cov CovItemId="B38" Value="59"/>
<Cov CovItemId="B4" Value="66"/>
<Cov CovItemId="B40" Value="1"/>
<Cov CovItemId="B41" Value="13"/>
<Cov CovItemId="B42" Value="27"/>
<Cov CovItemId="B43" Value="7"/>
<Cov CovItemId="B44" Value="6"/>
<Cov CovItemId="B45" Value="7"/>
<Cov CovItemId="B47" Value="1"/>
<Cov CovItemId="B49" Value="1"/>
<Cov CovItemId="B5" Value="4"/>
<Cov CovItemId="B50" Value="12"/>
<Cov CovItemId="B51" Value="4"/>
<Cov CovItemId="B53" Value="12"/>
<Cov CovItemId="B6" Value="9"/>
<Cov CovItemId="B8" Value="9"/>
<Cov CovItemId="L1-1" Value="4"/>
<Cov CovItemId="L1-2" Value="12"/>
<Cov CovItemId="L2-0" Value="2"/>
<Cov CovItemId="L2-1" Value="19"/>
<Cov CovItemId="L2-2" Value="19"/>
<Cov CovItemId="L3-1" Value="9"/>
<Cov CovItemId="L3-2" Value="2"/>
<Cov CovItemId="L4-2" Value="16"/>
<Cov CovItemId="L5-2" Value="18"/>
<Cov CovItemId="L6-1" Value="13"/>
<Cov CovItemId="L7-2" Value="1"/>
<Cov CovItemId="L8-2" Value="1"/>
<Cov CovItemId="S100" Value="1"/>
<Cov CovItemId="S101" Value="40"/>
<Cov CovItemId="S102" Value="40"/>
<Cov CovItemId="S103" Value="13"/>
<Cov CovItemId="S104" Value="13"/>
<Cov CovItemId="S105" Value="13"/>
<Cov CovItemId="S106" Value="7"/>
<Cov CovItemId="S107" Value="7"/>
<Cov CovItemId="S109" Value="1"/>
<Cov CovItemId="S110" Value="1"/>
<Cov CovItemId="S111" Value="4"/>
<Cov CovItemId="S112" Value="12"/>
<Cov CovItemId="S113" Value="1"/>
<Cov CovItemId="S114" Value="1"/>
<Cov CovItemId="S115" Value="1"/>
<Cov CovItemId="S116" Value="1"/>
<Cov CovItemId="S117" Value="16"/>
<Cov CovItemId="S118" Value="16"/>
<Cov CovItemId="S119" Value="12"/>
<Cov CovItemId="S120" Value="12"/>
<Cov CovItemId="S121" Value="12"/>
<Cov CovItemId="S123" Value="12"/>
<Cov CovItemId="S125" Value="1"/>
<Cov CovItemId="S44" Value="16"/>
<Cov CovItemId="S45" Value="16"/>
<Cov CovItemId="S46" Value="16"/>
<Cov CovItemId="S47" Value="16"/>
<Cov CovItemId="S48" Value="73"/>
<Cov CovItemId="S49" Value="73"/>
<Cov CovItemId="S50" Value="7"/>
<Cov CovItemId="S51" Value="66"/>
<Cov CovItemId="S53" Value="16"/>
<Cov CovItemId="S54" Value="13"/>
<Cov CovItemId="S55" Value="4"/>
<Cov CovItemId="S56" Value="9"/>
<Cov CovItemId="S58" Value="9"/>
<Cov CovItemId="S60" Value="9"/>
<Cov CovItemId="S61" Value="2"/>
<Cov CovItemId="S62" Value="7"/>
<Cov CovItemId="S64" Value="7"/>
<Cov CovItemId="S65" Value="7"/>
<Cov CovItemId="S69" Value="40"/>
<Cov CovItemId="S70" Value="40"/>
<Cov CovItemId="S71" Value="89"/>
<Cov CovItemId="S72" Value="38"/>
<Cov CovItemId="S73" Value="38"/>
<Cov CovItemId="S74" Value="13"/>
<Cov CovItemId="S75" Value="51"/>
<Cov CovItemId="S76" Value="51"/>
<Cov CovItemId="S80" Value="40"/>
<Cov CovItemId="S81" Value="12"/>
<Cov CovItemId="S82" Value="12"/>
<Cov CovItemId="S83" Value="11"/>
<Cov CovItemId="S84" Value="16"/>
<Cov CovItemId="S85" Value="16"/>
<Cov CovItemId="S86" Value="16"/>
<Cov CovItemId="S87" Value="50"/>
<Cov CovItemId="S88" Value="50"/>
<Cov CovItemId="S89" Value="10"/>
<Cov CovItemId="S90" Value="40"/>
<Cov CovItemId="S91" Value="3"/>
<Cov CovItemId="S92" Value="40"/>
<Cov CovItemId="S93" Value="18"/>
<Cov CovItemId="S94" Value="18"/>
<Cov CovItemId="S95" Value="18"/>
<Cov CovItemId="S96" Value="60"/>
<Cov CovItemId="S97" Value="60"/>
<Cov CovItemId="S98" Value="1"/>
</CovPrefix>
</CovList>
<AssgnmntList>
<AssgnmntPrefix RootTermCovItemPrefix="com.aconex.coding.challenge.NumberToAlphaConverter.java">
<AssgnmntListEntry Length="1" RootTermCovItemId="C1">
<MapEntry BoolAssgnmnt="0" Value="16"/>
<MapEntry BoolAssgnmnt="1" Value="73"/>
</AssgnmntListEntry>
<AssgnmntListEntry Length="1" RootTermCovItemId="C11">
<MapEntry BoolAssgnmnt="0" Value="40"/>
<MapEntry BoolAssgnmnt="1" Value="89"/>
</AssgnmntListEntry>
<AssgnmntListEntry Length="1" RootTermCovItemId="C12">
<MapEntry BoolAssgnmnt="0" Value="51"/>
<MapEntry BoolAssgnmnt="1" Value="38"/>
</AssgnmntListEntry>
<AssgnmntListEntry Length="1" RootTermCovItemId="C13">
<MapEntry BoolAssgnmnt="0" Value="25"/>
<MapEntry BoolAssgnmnt="1" Value="13"/>
</AssgnmntListEntry>
<AssgnmntListEntry Length="1" RootTermCovItemId="C14">
<MapEntry BoolAssgnmnt="0" Value="51"/>
</AssgnmntListEntry>
<AssgnmntListEntry Length="1" RootTermCovItemId="C16">
<MapEntry BoolAssgnmnt="0" Value="1"/>
<MapEntry BoolAssgnmnt="1" Value="11"/>
</AssgnmntListEntry>
<AssgnmntListEntry Length="1" RootTermCovItemId="C17">
<MapEntry BoolAssgnmnt="0" Value="40"/>
<MapEntry BoolAssgnmnt="1" Value="10"/>
</AssgnmntListEntry>
<AssgnmntListEntry Length="2" RootTermCovItemId="C18">
<MapEntry BoolAssgnmnt="02" Value="37"/>
<MapEntry BoolAssgnmnt="11" Value="3"/>
</AssgnmntListEntry>
<AssgnmntListEntry Length="1" RootTermCovItemId="C19">
<MapEntry BoolAssgnmnt="0" Value="22"/>
<MapEntry BoolAssgnmnt="1" Value="18"/>
</AssgnmntListEntry>
<AssgnmntListEntry Length="2" RootTermCovItemId="C2">
<MapEntry BoolAssgnmnt="10" Value="66"/>
<MapEntry BoolAssgnmnt="11" Value="7"/>
</AssgnmntListEntry>
<AssgnmntListEntry Length="1" RootTermCovItemId="C20">
<MapEntry BoolAssgnmnt="1" Value="18"/>
</AssgnmntListEntry>
<AssgnmntListEntry Length="1" RootTermCovItemId="C21">
<MapEntry BoolAssgnmnt="0" Value="59"/>
<MapEntry BoolAssgnmnt="1" Value="1"/>
</AssgnmntListEntry>
<AssgnmntListEntry Length="1" RootTermCovItemId="C22">
<MapEntry BoolAssgnmnt="0" Value="1"/>
</AssgnmntListEntry>
<AssgnmntListEntry Length="1" RootTermCovItemId="C23">
<MapEntry BoolAssgnmnt="0" Value="27"/>
<MapEntry BoolAssgnmnt="1" Value="13"/>
</AssgnmntListEntry>
<AssgnmntListEntry Length="3" RootTermCovItemId="C24">
<MapEntry BoolAssgnmnt="110" Value="6"/>
<MapEntry BoolAssgnmnt="111" Value="7"/>
</AssgnmntListEntry>
<AssgnmntListEntry Length="1" RootTermCovItemId="C25">
<MapEntry BoolAssgnmnt="1" Value="7"/>
</AssgnmntListEntry>
<AssgnmntListEntry Length="1" RootTermCovItemId="C26">
<MapEntry BoolAssgnmnt="1" Value="1"/>
</AssgnmntListEntry>
<AssgnmntListEntry Length="1" RootTermCovItemId="C27">
<MapEntry BoolAssgnmnt="0" Value="1"/>
<MapEntry BoolAssgnmnt="1" Value="16"/>
</AssgnmntListEntry>
<AssgnmntListEntry Length="1" RootTermCovItemId="C28">
<MapEntry BoolAssgnmnt="0" Value="4"/>
<MapEntry BoolAssgnmnt="1" Value="12"/>
</AssgnmntListEntry>
<AssgnmntListEntry Length="1" RootTermCovItemId="C29">
<MapEntry BoolAssgnmnt="0" Value="12"/>
</AssgnmntListEntry>
<AssgnmntListEntry Length="1" RootTermCovItemId="C3">
<MapEntry BoolAssgnmnt="0" Value="66"/>
</AssgnmntListEntry>
<AssgnmntListEntry Length="2" RootTermCovItemId="C4">
<MapEntry BoolAssgnmnt="10" Value="9"/>
<MapEntry BoolAssgnmnt="11" Value="4"/>
</AssgnmntListEntry>
<AssgnmntListEntry Length="2" RootTermCovItemId="C5">
<MapEntry BoolAssgnmnt="10" Value="9"/>
</AssgnmntListEntry>
<AssgnmntListEntry Length="2" RootTermCovItemId="C6">
<MapEntry BoolAssgnmnt="10" Value="9"/>
</AssgnmntListEntry>
<AssgnmntListEntry Length="2" RootTermCovItemId="C7">
<MapEntry BoolAssgnmnt="10" Value="7"/>
<MapEntry BoolAssgnmnt="11" Value="2"/>
</AssgnmntListEntry>
<AssgnmntListEntry Length="2" RootTermCovItemId="C8">
<MapEntry BoolAssgnmnt="10" Value="7"/>
</AssgnmntListEntry>
<AssgnmntListEntry Length="2" RootTermCovItemId="C9">
<MapEntry BoolAssgnmnt="11" Value="7"/>
</AssgnmntListEntry>
</AssgnmntPrefix>
</AssgnmntList>
<ObjMetaDataList/>
<MetaDataList/>
</TestCase>
<TestCase Comment="" Date="1421694316832" Name="com.aconex.test.TestAconex:testsSingleStringResultWithMultipleDictionaryWordAndNumbersAtBothEnds">
<CovList>
<CovPrefix CovItemPrefix="com.aconex.coding.challenge.NumberToAlphaConverter.java">
<Cov CovItemId="B1" Value="16"/>
<Cov CovItemId="B10" Value="10"/>
<Cov CovItemId="B11" Value="6"/>
<Cov CovItemId="B12" Value="4"/>
<Cov CovItemId="B13" Value="4"/>
<Cov CovItemId="B19" Value="42"/>
<Cov CovItemId="B2" Value="74"/>
<Cov CovItemId="B20" Value="56"/>
<Cov CovItemId="B21" Value="12"/>
<Cov CovItemId="B22" Value="30"/>
<Cov CovItemId="B24" Value="56"/>
<Cov CovItemId="B27" Value="11"/>
<Cov CovItemId="B28" Value="1"/>
<Cov CovItemId="B29" Value="9"/>
<Cov CovItemId="B3" Value="4"/>
<Cov CovItemId="B30" Value="43"/>
<Cov CovItemId="B31" Value="8"/>
<Cov CovItemId="B32" Value="35"/>
<Cov CovItemId="B33" Value="34"/>
<Cov CovItemId="B34" Value="9"/>
<Cov CovItemId="B35" Value="24"/>
<Cov CovItemId="B36" Value="10"/>
<Cov CovItemId="B37" Value="1"/>
<Cov CovItemId="B38" Value="78"/>
<Cov CovItemId="B39" Value="1"/>
<Cov CovItemId="B4" Value="70"/>
<Cov CovItemId="B41" Value="12"/>
<Cov CovItemId="B42" Value="31"/>
<Cov CovItemId="B43" Value="6"/>
<Cov CovItemId="B44" Value="6"/>
<Cov CovItemId="B45" Value="6"/>
<Cov CovItemId="B47" Value="1"/>
<Cov CovItemId="B49" Value="1"/>
<Cov CovItemId="B5" Value="2"/>
<Cov CovItemId="B50" Value="12"/>
<Cov CovItemId="B51" Value="4"/>
<Cov CovItemId="B53" Value="12"/>
<Cov CovItemId="B6" Value="10"/>
<Cov CovItemId="B8" Value="10"/>
<Cov CovItemId="L1-1" Value="3"/>
<Cov CovItemId="L1-2" Value="13"/>
<Cov CovItemId="L2-0" Value="1"/>
<Cov CovItemId="L2-1" Value="22"/>
<Cov CovItemId="L2-2" Value="20"/>
<Cov CovItemId="L3-1" Value="8"/>
<Cov CovItemId="L3-2" Value="3"/>
<Cov CovItemId="L4-2" Value="16"/>
<Cov CovItemId="L5-2" Value="24"/>
<Cov CovItemId="L6-1" Value="12"/>
<Cov CovItemId="L7-2" Value="1"/>
<Cov CovItemId="L8-2" Value="1"/>
<Cov CovItemId="S101" Value="43"/>
<Cov CovItemId="S102" Value="43"/>
<Cov CovItemId="S103" Value="12"/>
<Cov CovItemId="S104" Value="12"/>
<Cov CovItemId="S105" Value="12"/>
<Cov CovItemId="S106" Value="6"/>
<Cov CovItemId="S107" Value="6"/>
<Cov CovItemId="S109" Value="1"/>
<Cov CovItemId="S110" Value="1"/>
<Cov CovItemId="S111" Value="3"/>
<Cov CovItemId="S112" Value="12"/>
<Cov CovItemId="S113" Value="1"/>
<Cov CovItemId="S114" Value="1"/>
<Cov CovItemId="S115" Value="1"/>
<Cov CovItemId="S116" Value="1"/>
<Cov CovItemId="S117" Value="16"/>
<Cov CovItemId="S118" Value="16"/>
<Cov CovItemId="S119" Value="12"/>
<Cov CovItemId="S120" Value="12"/>
<Cov CovItemId="S121" Value="12"/>
<Cov CovItemId="S123" Value="12"/>
<Cov CovItemId="S125" Value="1"/>
<Cov CovItemId="S44" Value="16"/>
<Cov CovItemId="S45" Value="16"/>
<Cov CovItemId="S46" Value="16"/>
<Cov CovItemId="S47" Value="16"/>
<Cov CovItemId="S48" Value="90"/>
<Cov CovItemId="S49" Value="90"/>
<Cov CovItemId="S50" Value="16"/>
<Cov CovItemId="S51" Value="74"/>
<Cov CovItemId="S52" Value="4"/>
<Cov CovItemId="S53" Value="16"/>
<Cov CovItemId="S54" Value="12"/>
<Cov CovItemId="S55" Value="2"/>
<Cov CovItemId="S56" Value="10"/>
<Cov CovItemId="S58" Value="10"/>
<Cov CovItemId="S60" Value="10"/>
<Cov CovItemId="S61" Value="6"/>
<Cov CovItemId="S62" Value="4"/>
<Cov CovItemId="S63" Value="4"/>
<Cov CovItemId="S69" Value="43"/>
<Cov CovItemId="S70" Value="43"/>
<Cov CovItemId="S71" Value="98"/>
<Cov CovItemId="S72" Value="42"/>
<Cov CovItemId="S73" Value="42"/>
<Cov CovItemId="S74" Value="12"/>
<Cov CovItemId="S75" Value="56"/>
<Cov CovItemId="S76" Value="56"/>
<Cov CovItemId="S80" Value="43"/>
<Cov CovItemId="S81" Value="12"/>
<Cov CovItemId="S82" Value="12"/>
<Cov CovItemId="S83" Value="11"/>
<Cov CovItemId="S84" Value="16"/>
<Cov CovItemId="S85" Value="16"/>
<Cov CovItemId="S86" Value="16"/>
<Cov CovItemId="S87" Value="52"/>
<Cov CovItemId="S88" Value="52"/>
<Cov CovItemId="S89" Value="9"/>
<Cov CovItemId="S90" Value="43"/>
<Cov CovItemId="S91" Value="8"/>
<Cov CovItemId="S92" Value="43"/>
<Cov CovItemId="S93" Value="34"/>
<Cov CovItemId="S94" Value="34"/>
<Cov CovItemId="S95" Value="24"/>
<Cov CovItemId="S96" Value="79"/>
<Cov CovItemId="S97" Value="79"/>
<Cov CovItemId="S98" Value="1"/>
<Cov CovItemId="S99" Value="1"/>
</CovPrefix>
</CovList>
<AssgnmntList>
<AssgnmntPrefix RootTermCovItemPrefix="com.aconex.coding.challenge.NumberToAlphaConverter.java">
<AssgnmntListEntry Length="1" RootTermCovItemId="C1">
<MapEntry BoolAssgnmnt="0" Value="16"/>
<MapEntry BoolAssgnmnt="1" Value="90"/>
</AssgnmntListEntry>
<AssgnmntListEntry Length="1" RootTermCovItemId="C11">
<MapEntry BoolAssgnmnt="0" Value="43"/>
<MapEntry BoolAssgnmnt="1" Value="98"/>
</AssgnmntListEntry>
<AssgnmntListEntry Length="1" RootTermCovItemId="C12">
<MapEntry BoolAssgnmnt="0" Value="56"/>
<MapEntry BoolAssgnmnt="1" Value="42"/>
</AssgnmntListEntry>
<AssgnmntListEntry Length="1" RootTermCovItemId="C13">
<MapEntry BoolAssgnmnt="0" Value="30"/>
<MapEntry BoolAssgnmnt="1" Value="12"/>
</AssgnmntListEntry>
<AssgnmntListEntry Length="1" RootTermCovItemId="C14">
<MapEntry BoolAssgnmnt="0" Value="56"/>
</AssgnmntListEntry>
<AssgnmntListEntry Length="1" RootTermCovItemId="C16">
<MapEntry BoolAssgnmnt="0" Value="1"/>
<MapEntry BoolAssgnmnt="1" Value="11"/>
</AssgnmntListEntry>
<AssgnmntListEntry Length="1" RootTermCovItemId="C17">
<MapEntry BoolAssgnmnt="0" Value="43"/>
<MapEntry BoolAssgnmnt="1" Value="9"/>
</AssgnmntListEntry>
<AssgnmntListEntry Length="2" RootTermCovItemId="C18">
<MapEntry BoolAssgnmnt="02" Value="35"/>
<MapEntry BoolAssgnmnt="11" Value="8"/>
</AssgnmntListEntry>
<AssgnmntListEntry Length="1" RootTermCovItemId="C19">
<MapEntry BoolAssgnmnt="0" Value="9"/>
<MapEntry BoolAssgnmnt="1" Value="34"/>
</AssgnmntListEntry>
<AssgnmntListEntry Length="2" RootTermCovItemId="C2">
<MapEntry BoolAssgnmnt="10" Value="70"/>
<MapEntry BoolAssgnmnt="02" Value="4"/>
<MapEntry BoolAssgnmnt="11" Value="16"/>
</AssgnmntListEntry>
<AssgnmntListEntry Length="1" RootTermCovItemId="C20">
<MapEntry BoolAssgnmnt="0" Value="10"/>
<MapEntry BoolAssgnmnt="1" Value="24"/>
</AssgnmntListEntry>
<AssgnmntListEntry Length="1" RootTermCovItemId="C21">
<MapEntry BoolAssgnmnt="0" Value="78"/>
<MapEntry BoolAssgnmnt="1" Value="1"/>
</AssgnmntListEntry>
<AssgnmntListEntry Length="1" RootTermCovItemId="C22">
<MapEntry BoolAssgnmnt="1" Value="1"/>
</AssgnmntListEntry>
<AssgnmntListEntry Length="1" RootTermCovItemId="C23">
<MapEntry BoolAssgnmnt="0" Value="31"/>
<MapEntry BoolAssgnmnt="1" Value="12"/>
</AssgnmntListEntry>
<AssgnmntListEntry Length="3" RootTermCovItemId="C24">
<MapEntry BoolAssgnmnt="110" Value="6"/>
<MapEntry BoolAssgnmnt="111" Value="6"/>
</AssgnmntListEntry>
<AssgnmntListEntry Length="1" RootTermCovItemId="C25">
<MapEntry BoolAssgnmnt="1" Value="6"/>
</AssgnmntListEntry>
<AssgnmntListEntry Length="1" RootTermCovItemId="C26">
<MapEntry BoolAssgnmnt="1" Value="1"/>
</AssgnmntListEntry>
<AssgnmntListEntry Length="1" RootTermCovItemId="C27">
<MapEntry BoolAssgnmnt="0" Value="1"/>
<MapEntry BoolAssgnmnt="1" Value="16"/>
</AssgnmntListEntry>
<AssgnmntListEntry Length="1" RootTermCovItemId="C28">
<MapEntry BoolAssgnmnt="0" Value="4"/>
<MapEntry BoolAssgnmnt="1" Value="12"/>
</AssgnmntListEntry>
<AssgnmntListEntry Length="1" RootTermCovItemId="C29">
<MapEntry BoolAssgnmnt="0" Value="12"/>
</AssgnmntListEntry>
<AssgnmntListEntry Length="1" RootTermCovItemId="C3">
<MapEntry BoolAssgnmnt="0" Value="70"/>
<MapEntry BoolAssgnmnt="1" Value="4"/>
</AssgnmntListEntry>
<AssgnmntListEntry Length="2" RootTermCovItemId="C4">
<MapEntry BoolAssgnmnt="10" Value="10"/>
<MapEntry BoolAssgnmnt="11" Value="2"/>
</AssgnmntListEntry>
<AssgnmntListEntry Length="2" RootTermCovItemId="C5">
<MapEntry BoolAssgnmnt="10" Value="10"/>
</AssgnmntListEntry>
<AssgnmntListEntry Length="2" RootTermCovItemId="C6">
<MapEntry BoolAssgnmnt="10" Value="10"/>
</AssgnmntListEntry>
<AssgnmntListEntry Length="2" RootTermCovItemId="C7">
<MapEntry BoolAssgnmnt="10" Value="4"/>
<MapEntry BoolAssgnmnt="11" Value="6"/>
</AssgnmntListEntry>
<AssgnmntListEntry Length="2" RootTermCovItemId="C8">
<MapEntry BoolAssgnmnt="11" Value="4"/>
</AssgnmntListEntry>
</AssgnmntPrefix>
</AssgnmntList>
<ObjMetaDataList/>
<MetaDataList/>
</TestCase>
<TestCase Comment="" Date="1421694316838" Name="com.aconex.test.TestAconex:testsSingleStringResultWithMultipleDictionaryWordAndMultipleNumbersInBetween">
<CovList>
<CovPrefix CovItemPrefix="com.aconex.coding.challenge.NumberToAlphaConverter.java">
<Cov CovItemId="B1" Value="18"/>
<Cov CovItemId="B10" Value="11"/>
<Cov CovItemId="B11" Value="2"/>
<Cov CovItemId="B12" Value="9"/>
<Cov CovItemId="B14" Value="9"/>
<Cov CovItemId="B15" Value="9"/>
<Cov CovItemId="B19" Value="49"/>
<Cov CovItemId="B2" Value="142"/>
<Cov CovItemId="B20" Value="75"/>
<Cov CovItemId="B21" Value="15"/>
<Cov CovItemId="B22" Value="34"/>
<Cov CovItemId="B24" Value="75"/>
<Cov CovItemId="B27" Value="17"/>
<Cov CovItemId="B28" Value="1"/>
<Cov CovItemId="B29" Value="15"/>
<Cov CovItemId="B30" Value="54"/>
<Cov CovItemId="B31" Value="6"/>
<Cov CovItemId="B32" Value="48"/>
<Cov CovItemId="B33" Value="32"/>
<Cov CovItemId="B34" Value="22"/>
<Cov CovItemId="B35" Value="32"/>
<Cov CovItemId="B37" Value="1"/>
<Cov CovItemId="B38" Value="101"/>
<Cov CovItemId="B4" Value="142"/>
<Cov CovItemId="B40" Value="1"/>
<Cov CovItemId="B41" Value="15"/>
<Cov CovItemId="B42" Value="39"/>
<Cov CovItemId="B43" Value="7"/>
<Cov CovItemId="B44" Value="8"/>
<Cov CovItemId="B45" Value="7"/>
<Cov CovItemId="B47" Value="1"/>
<Cov CovItemId="B49" Value="1"/>
<Cov CovItemId="B5" Value="4"/>
<Cov CovItemId="B50" Value="18"/>
<Cov CovItemId="B51" Value="1"/>
<Cov CovItemId="B53" Value="18"/>
<Cov CovItemId="B6" Value="11"/>
<Cov CovItemId="B8" Value="11"/>
<Cov CovItemId="L1-1" Value="4"/>
<Cov CovItemId="L1-2" Value="18"/>
<Cov CovItemId="L2-0" Value="5"/>
<Cov CovItemId="L2-1" Value="21"/>
<Cov CovItemId="L2-2" Value="28"/>
<Cov CovItemId="L3-1" Value="15"/>
<Cov CovItemId="L3-2" Value="2"/>
<Cov CovItemId="L4-2" Value="22"/>
<Cov CovItemId="L5-2" Value="32"/>
<Cov CovItemId="L6-1" Value="15"/>
<Cov CovItemId="L7-2" Value="1"/>
<Cov CovItemId="L8-2" Value="1"/>
<Cov CovItemId="S100" Value="1"/>
<Cov CovItemId="S101" Value="54"/>
<Cov CovItemId="S102" Value="54"/>
<Cov CovItemId="S103" Value="15"/>
<Cov CovItemId="S104" Value="15"/>
<Cov CovItemId="S105" Value="15"/>
<Cov CovItemId="S106" Value="7"/>
<Cov CovItemId="S107" Value="7"/>
<Cov CovItemId="S109" Value="1"/>
<Cov CovItemId="S110" Value="1"/>
<Cov CovItemId="S111" Value="4"/>
<Cov CovItemId="S112" Value="18"/>
<Cov CovItemId="S113" Value="1"/>
<Cov CovItemId="S114" Value="1"/>
<Cov CovItemId="S115" Value="1"/>
<Cov CovItemId="S116" Value="1"/>
<Cov CovItemId="S117" Value="19"/>
<Cov CovItemId="S118" Value="19"/>
<Cov CovItemId="S119" Value="18"/>
<Cov CovItemId="S120" Value="18"/>
<Cov CovItemId="S121" Value="18"/>
<Cov CovItemId="S123" Value="18"/>
<Cov CovItemId="S125" Value="1"/>
<Cov CovItemId="S44" Value="22"/>
<Cov CovItemId="S45" Value="22"/>
<Cov CovItemId="S46" Value="22"/>
<Cov CovItemId="S47" Value="22"/>
<Cov CovItemId="S48" Value="160"/>
<Cov CovItemId="S49" Value="160"/>
<Cov CovItemId="S50" Value="18"/>
<Cov CovItemId="S51" Value="142"/>
<Cov CovItemId="S53" Value="22"/>
<Cov CovItemId="S54" Value="15"/>
<Cov CovItemId="S55" Value="4"/>
<Cov CovItemId="S56" Value="11"/>
<Cov CovItemId="S58" Value="11"/>
<Cov CovItemId="S60" Value="11"/>
<Cov CovItemId="S61" Value="2"/>
<Cov CovItemId="S62" Value="9"/>
<Cov CovItemId="S64" Value="9"/>
<Cov CovItemId="S65" Value="9"/>
<Cov CovItemId="S69" Value="54"/>
<Cov CovItemId="S70" Value="54"/>
<Cov CovItemId="S71" Value="124"/>
<Cov CovItemId="S72" Value="49"/>
<Cov CovItemId="S73" Value="49"/>
<Cov CovItemId="S74" Value="15"/>
<Cov CovItemId="S75" Value="75"/>
<Cov CovItemId="S76" Value="75"/>
<Cov CovItemId="S80" Value="54"/>
<Cov CovItemId="S81" Value="18"/>
<Cov CovItemId="S82" Value="18"/>
<Cov CovItemId="S83" Value="17"/>
<Cov CovItemId="S84" Value="22"/>
<Cov CovItemId="S85" Value="22"/>
<Cov CovItemId="S86" Value="22"/>
<Cov CovItemId="S87" Value="69"/>
<Cov CovItemId="S88" Value="69"/>
<Cov CovItemId="S89" Value="15"/>
<Cov CovItemId="S90" Value="54"/>
<Cov CovItemId="S91" Value="6"/>
<Cov CovItemId="S92" Value="54"/>
<Cov CovItemId="S93" Value="32"/>
<Cov CovItemId="S94" Value="32"/>
<Cov CovItemId="S95" Value="32"/>
<Cov CovItemId="S96" Value="102"/>
<Cov CovItemId="S97" Value="102"/>
<Cov CovItemId="S98" Value="1"/>
</CovPrefix>
</CovList>
<AssgnmntList>
<AssgnmntPrefix RootTermCovItemPrefix="com.aconex.coding.challenge.NumberToAlphaConverter.java">
<AssgnmntListEntry Length="1" RootTermCovItemId="C1">
<MapEntry BoolAssgnmnt="0" Value="22"/>
<MapEntry BoolAssgnmnt="1" Value="160"/>
</AssgnmntListEntry>
<AssgnmntListEntry Length="1" RootTermCovItemId="C11">
<MapEntry BoolAssgnmnt="0" Value="54"/>
<MapEntry BoolAssgnmnt="1" Value="124"/>
</AssgnmntListEntry>
<AssgnmntListEntry Length="1" RootTermCovItemId="C12">
<MapEntry BoolAssgnmnt="0" Value="75"/>
<MapEntry BoolAssgnmnt="1" Value="49"/>
</AssgnmntListEntry>
<AssgnmntListEntry Length="1" RootTermCovItemId="C13">
<MapEntry BoolAssgnmnt="0" Value="34"/>
<MapEntry BoolAssgnmnt="1" Value="15"/>
</AssgnmntListEntry>
<AssgnmntListEntry Length="1" RootTermCovItemId="C14">
<MapEntry BoolAssgnmnt="0" Value="75"/>
</AssgnmntListEntry>
<AssgnmntListEntry Length="1" RootTermCovItemId="C16">
<MapEntry BoolAssgnmnt="0" Value="1"/>
<MapEntry BoolAssgnmnt="1" Value="17"/>
</AssgnmntListEntry>
<AssgnmntListEntry Length="1" RootTermCovItemId="C17">
<MapEntry BoolAssgnmnt="0" Value="54"/>
<MapEntry BoolAssgnmnt="1" Value="15"/>
</AssgnmntListEntry>
<AssgnmntListEntry Length="2" RootTermCovItemId="C18">
<MapEntry BoolAssgnmnt="02" Value="48"/>
<MapEntry BoolAssgnmnt="11" Value="6"/>
</AssgnmntListEntry>
<AssgnmntListEntry Length="1" RootTermCovItemId="C19">
<MapEntry BoolAssgnmnt="0" Value="22"/>
<MapEntry BoolAssgnmnt="1" Value="32"/>
</AssgnmntListEntry>
<AssgnmntListEntry Length="2" RootTermCovItemId="C2">
<MapEntry BoolAssgnmnt="10" Value="142"/>
<MapEntry BoolAssgnmnt="11" Value="18"/>
</AssgnmntListEntry>
<AssgnmntListEntry Length="1" RootTermCovItemId="C20">
<MapEntry BoolAssgnmnt="1" Value="32"/>
</AssgnmntListEntry>
<AssgnmntListEntry Length="1" RootTermCovItemId="C21">
<MapEntry BoolAssgnmnt="0" Value="101"/>
<MapEntry BoolAssgnmnt="1" Value="1"/>
</AssgnmntListEntry>
<AssgnmntListEntry Length="1" RootTermCovItemId="C22">
<MapEntry BoolAssgnmnt="0" Value="1"/>
</AssgnmntListEntry>
<AssgnmntListEntry Length="1" RootTermCovItemId="C23">
<MapEntry BoolAssgnmnt="0" Value="39"/>
<MapEntry BoolAssgnmnt="1" Value="15"/>
</AssgnmntListEntry>
<AssgnmntListEntry Length="3" RootTermCovItemId="C24">
<MapEntry BoolAssgnmnt="110" Value="8"/>
<MapEntry BoolAssgnmnt="111" Value="7"/>
</AssgnmntListEntry>
<AssgnmntListEntry Length="1" RootTermCovItemId="C25">
<MapEntry BoolAssgnmnt="1" Value="7"/>
</AssgnmntListEntry>
<AssgnmntListEntry Length="1" RootTermCovItemId="C26">
<MapEntry BoolAssgnmnt="1" Value="1"/>
</AssgnmntListEntry>
<AssgnmntListEntry Length="1" RootTermCovItemId="C27">
<MapEntry BoolAssgnmnt="0" Value="1"/>
<MapEntry BoolAssgnmnt="1" Value="19"/>
</AssgnmntListEntry>
<AssgnmntListEntry Length="1" RootTermCovItemId="C28">
<MapEntry BoolAssgnmnt="0" Value="1"/>
<MapEntry BoolAssgnmnt="1" Value="18"/>
</AssgnmntListEntry>
<AssgnmntListEntry Length="1" RootTermCovItemId="C29">
<MapEntry BoolAssgnmnt="0" Value="18"/>
</AssgnmntListEntry>
<AssgnmntListEntry Length="1" RootTermCovItemId="C3">
<MapEntry BoolAssgnmnt="0" Value="142"/>
</AssgnmntListEntry>
<AssgnmntListEntry Length="2" RootTermCovItemId="C4">
<MapEntry BoolAssgnmnt="10" Value="11"/>
<MapEntry BoolAssgnmnt="11" Value="4"/>
</AssgnmntListEntry>
<AssgnmntListEntry Length="2" RootTermCovItemId="C5">
<MapEntry BoolAssgnmnt="10" Value="11"/>
</AssgnmntListEntry>
<AssgnmntListEntry Length="2" RootTermCovItemId="C6">
<MapEntry BoolAssgnmnt="10" Value="11"/>
</AssgnmntListEntry>
<AssgnmntListEntry Length="2" RootTermCovItemId="C7">
<MapEntry BoolAssgnmnt="10" Value="9"/>
<MapEntry BoolAssgnmnt="11" Value="2"/>
</AssgnmntListEntry>
<AssgnmntListEntry Length="2" RootTermCovItemId="C8">
<MapEntry BoolAssgnmnt="10" Value="9"/>
</AssgnmntListEntry>
<AssgnmntListEntry Length="2" RootTermCovItemId="C9">
<MapEntry BoolAssgnmnt="11" Value="9"/>
</AssgnmntListEntry>
</AssgnmntPrefix>
</AssgnmntList>
<ObjMetaDataList/>
<MetaDataList/>
</TestCase>
<TestCase Comment="" Date="1421694316841" Name="com.aconex.test.TestAconex:checkForSimpleConversionWithSingleResult">
<CovList>
<CovPrefix CovItemPrefix="com.aconex.coding.challenge.NumberToAlphaConverter.java">
<Cov CovItemId="B1" Value="1"/>
<Cov CovItemId="B10" Value="1"/>
<Cov CovItemId="B12" Value="1"/>
<Cov CovItemId="B14" Value="1"/>
<Cov CovItemId="B15" Value="1"/>
<Cov CovItemId="B19" Value="20"/>
<Cov CovItemId="B2" Value="13"/>
<Cov CovItemId="B20" Value="12"/>
<Cov CovItemId="B21" Value="4"/>
<Cov CovItemId="B22" Value="16"/>
<Cov CovItemId="B24" Value="12"/>
<Cov CovItemId="B27" Value="4"/>
<Cov CovItemId="B28" Value="1"/>
<Cov CovItemId="B29" Value="4"/>
<Cov CovItemId="B30" Value="20"/>
<Cov CovItemId="B32" Value="20"/>
<Cov CovItemId="B33" Value="3"/>
<Cov CovItemId="B34" Value="17"/>
<Cov CovItemId="B35" Value="3"/>
<Cov CovItemId="B38" Value="9"/>
<Cov CovItemId="B4" Value="13"/>
<Cov CovItemId="B41" Value="4"/>
<Cov CovItemId="B42" Value="16"/>
<Cov CovItemId="B43" Value="3"/>
<Cov CovItemId="B44" Value="1"/>
<Cov CovItemId="B45" Value="3"/>
<Cov CovItemId="B47" Value="1"/>
<Cov CovItemId="B49" Value="1"/>
<Cov CovItemId="B5" Value="3"/>
<Cov CovItemId="B50" Value="5"/>
<Cov CovItemId="B53" Value="5"/>
<Cov CovItemId="B6" Value="1"/>
<Cov CovItemId="B8" Value="1"/>
<Cov CovItemId="L1-1" Value="3"/>
<Cov CovItemId="L1-2" Value="4"/>
<Cov CovItemId="L2-1" Value="14"/>
<Cov CovItemId="L2-2" Value="6"/>
<Cov CovItemId="L3-1" Value="2"/>
<Cov CovItemId="L3-2" Value="2"/>
<Cov CovItemId="L4-2" Value="7"/>
<Cov CovItemId="L5-2" Value="3"/>
<Cov CovItemId="L6-1" Value="4"/>
<Cov CovItemId="L7-2" Value="1"/>
<Cov CovItemId="L8-2" Value="1"/>
<Cov CovItemId="S101" Value="20"/>
<Cov CovItemId="S102" Value="20"/>
<Cov CovItemId="S103" Value="4"/>
<Cov CovItemId="S104" Value="4"/>
<Cov CovItemId="S105" Value="4"/>
<Cov CovItemId="S106" Value="3"/>
<Cov CovItemId="S107" Value="3"/>
<Cov CovItemId="S109" Value="1"/>
<Cov CovItemId="S110" Value="1"/>
<Cov CovItemId="S111" Value="3"/>
<Cov CovItemId="S112" Value="5"/>
<Cov CovItemId="S113" Value="1"/>
<Cov CovItemId="S114" Value="1"/>
<Cov CovItemId="S115" Value="1"/>
<Cov CovItemId="S116" Value="1"/>
<Cov CovItemId="S117" Value="5"/>
<Cov CovItemId="S118" Value="5"/>
<Cov CovItemId="S119" Value="5"/>
<Cov CovItemId="S120" Value="5"/>
<Cov CovItemId="S121" Value="5"/>
<Cov CovItemId="S123" Value="5"/>
<Cov CovItemId="S125" Value="1"/>
<Cov CovItemId="S44" Value="7"/>
<Cov CovItemId="S45" Value="7"/>
<Cov CovItemId="S46" Value="7"/>
<Cov CovItemId="S47" Value="7"/>
<Cov CovItemId="S48" Value="14"/>
<Cov CovItemId="S49" Value="14"/>
<Cov CovItemId="S50" Value="1"/>
<Cov CovItemId="S51" Value="13"/>
<Cov CovItemId="S53" Value="7"/>
<Cov CovItemId="S54" Value="4"/>
<Cov CovItemId="S55" Value="3"/>
<Cov CovItemId="S56" Value="1"/>
<Cov CovItemId="S58" Value="1"/>
<Cov CovItemId="S60" Value="1"/>
<Cov CovItemId="S62" Value="1"/>
<Cov CovItemId="S64" Value="1"/>
<Cov CovItemId="S65" Value="1"/>
<Cov CovItemId="S69" Value="20"/>
<Cov CovItemId="S70" Value="20"/>
<Cov CovItemId="S71" Value="32"/>
<Cov CovItemId="S72" Value="20"/>
<Cov CovItemId="S73" Value="20"/>
<Cov CovItemId="S74" Value="4"/>
<Cov CovItemId="S75" Value="12"/>
<Cov CovItemId="S76" Value="12"/>
<Cov CovItemId="S80" Value="20"/>
<Cov CovItemId="S81" Value="5"/>
<Cov CovItemId="S82" Value="5"/>
<Cov CovItemId="S83" Value="4"/>
<Cov CovItemId="S84" Value="7"/>
<Cov CovItemId="S85" Value="7"/>
<Cov CovItemId="S86" Value="7"/>
<Cov CovItemId="S87" Value="24"/>
<Cov CovItemId="S88" Value="24"/>
<Cov CovItemId="S89" Value="4"/>
<Cov CovItemId="S90" Value="20"/>
<Cov CovItemId="S92" Value="20"/>
<Cov CovItemId="S93" Value="3"/>
<Cov CovItemId="S94" Value="3"/>
<Cov CovItemId="S95" Value="3"/>
<Cov CovItemId="S96" Value="9"/>
<Cov CovItemId="S97" Value="9"/>
</CovPrefix>
</CovList>
<AssgnmntList>
<AssgnmntPrefix RootTermCovItemPrefix="com.aconex.coding.challenge.NumberToAlphaConverter.java">
<AssgnmntListEntry Length="1" RootTermCovItemId="C1">
<MapEntry BoolAssgnmnt="0" Value="7"/>
<MapEntry BoolAssgnmnt="1" Value="14"/>
</AssgnmntListEntry>
<AssgnmntListEntry Length="1" RootTermCovItemId="C11">
<MapEntry BoolAssgnmnt="0" Value="20"/>
<MapEntry BoolAssgnmnt="1" Value="32"/>
</AssgnmntListEntry>
<AssgnmntListEntry Length="1" RootTermCovItemId="C12">
<MapEntry BoolAssgnmnt="0" Value="12"/>
<MapEntry BoolAssgnmnt="1" Value="20"/>
</AssgnmntListEntry>
<AssgnmntListEntry Length="1" RootTermCovItemId="C13">
<MapEntry BoolAssgnmnt="0" Value="16"/>
<MapEntry BoolAssgnmnt="1" Value="4"/>
</AssgnmntListEntry>
<AssgnmntListEntry Length="1" RootTermCovItemId="C14">
<MapEntry BoolAssgnmnt="0" Value="12"/>
</AssgnmntListEntry>
<AssgnmntListEntry Length="1" RootTermCovItemId="C16">
<MapEntry BoolAssgnmnt="0" Value="1"/>
<MapEntry BoolAssgnmnt="1" Value="4"/>
</AssgnmntListEntry>
<AssgnmntListEntry Length="1" RootTermCovItemId="C17">
<MapEntry BoolAssgnmnt="0" Value="20"/>
<MapEntry BoolAssgnmnt="1" Value="4"/>
</AssgnmntListEntry>
<AssgnmntListEntry Length="2" RootTermCovItemId="C18">
<MapEntry BoolAssgnmnt="02" Value="20"/>
</AssgnmntListEntry>
<AssgnmntListEntry Length="1" RootTermCovItemId="C19">
<MapEntry BoolAssgnmnt="0" Value="17"/>
<MapEntry BoolAssgnmnt="1" Value="3"/>
</AssgnmntListEntry>
<AssgnmntListEntry Length="2" RootTermCovItemId="C2">
<MapEntry BoolAssgnmnt="10" Value="13"/>
<MapEntry BoolAssgnmnt="11" Value="1"/>
</AssgnmntListEntry>
<AssgnmntListEntry Length="1" RootTermCovItemId="C20">
<MapEntry BoolAssgnmnt="1" Value="3"/>
</AssgnmntListEntry>
<AssgnmntListEntry Length="1" RootTermCovItemId="C21">
<MapEntry BoolAssgnmnt="0" Value="9"/>
</AssgnmntListEntry>
<AssgnmntListEntry Length="1" RootTermCovItemId="C23">
<MapEntry BoolAssgnmnt="0" Value="16"/>
<MapEntry BoolAssgnmnt="1" Value="4"/>
</AssgnmntListEntry>
<AssgnmntListEntry Length="3" RootTermCovItemId="C24">
<MapEntry BoolAssgnmnt="110" Value="1"/>
<MapEntry BoolAssgnmnt="111" Value="3"/>
</AssgnmntListEntry>
<AssgnmntListEntry Length="1" RootTermCovItemId="C25">
<MapEntry BoolAssgnmnt="1" Value="3"/>
</AssgnmntListEntry>
<AssgnmntListEntry Length="1" RootTermCovItemId="C26">
<MapEntry BoolAssgnmnt="1" Value="1"/>
</AssgnmntListEntry>
<AssgnmntListEntry Length="1" RootTermCovItemId="C27">
<MapEntry BoolAssgnmnt="0" Value="1"/>
<MapEntry BoolAssgnmnt="1" Value="5"/>
</AssgnmntListEntry>
<AssgnmntListEntry Length="1" RootTermCovItemId="C28">
<MapEntry BoolAssgnmnt="1" Value="5"/>
</AssgnmntListEntry>
<AssgnmntListEntry Length="1" RootTermCovItemId="C29">
<MapEntry BoolAssgnmnt="0" Value="5"/>
</AssgnmntListEntry>
<AssgnmntListEntry Length="1" RootTermCovItemId="C3">
<MapEntry BoolAssgnmnt="0" Value="13"/>
</AssgnmntListEntry>
<AssgnmntListEntry Length="2" RootTermCovItemId="C4">
<MapEntry BoolAssgnmnt="10" Value="1"/>
<MapEntry BoolAssgnmnt="11" Value="3"/>
</AssgnmntListEntry>
<AssgnmntListEntry Length="2" RootTermCovItemId="C5">
<MapEntry BoolAssgnmnt="10" Value="1"/>
</AssgnmntListEntry>
<AssgnmntListEntry Length="2" RootTermCovItemId="C6">
<MapEntry BoolAssgnmnt="10" Value="1"/>
</AssgnmntListEntry>
<AssgnmntListEntry Length="2" RootTermCovItemId="C7">
<MapEntry BoolAssgnmnt="10" Value="1"/>
</AssgnmntListEntry>
<AssgnmntListEntry Length="2" RootTermCovItemId="C8">
<MapEntry BoolAssgnmnt="10" Value="1"/>
</AssgnmntListEntry>
<AssgnmntListEntry Length="2" RootTermCovItemId="C9">
<MapEntry BoolAssgnmnt="11" Value="1"/>
</AssgnmntListEntry>
</AssgnmntPrefix>
</AssgnmntList>
<ObjMetaDataList/>
<MetaDataList/>
</TestCase>
<TestCase Comment="" Date="1421694316843" Name="com.aconex.test.TestAconex:testsSingleStringResultWithMultipleDictionaryWordAndSingleNumbersAtRightEnd">
<CovList>
<CovPrefix CovItemPrefix="com.aconex.coding.challenge.NumberToAlphaConverter.java">
<Cov CovItemId="B1" Value="4"/>
<Cov CovItemId="B10" Value="5"/>
<Cov CovItemId="B12" Value="5"/>
<Cov CovItemId="B13" Value="4"/>
<Cov CovItemId="B14" Value="1"/>
<Cov CovItemId="B15" Value="1"/>
<Cov CovItemId="B19" Value="40"/>
<Cov CovItemId="B2" Value="73"/>
<Cov CovItemId="B20" Value="56"/>
<Cov CovItemId="B21" Value="8"/>
<Cov CovItemId="B22" Value="32"/>
<Cov CovItemId="B24" Value="56"/>
<Cov CovItemId="B27" Value="10"/>
<Cov CovItemId="B28" Value="1"/>
<Cov CovItemId="B29" Value="9"/>
<Cov CovItemId="B3" Value="4"/>
<Cov CovItemId="B30" Value="41"/>
<Cov CovItemId="B31" Value="8"/>
<Cov CovItemId="B32" Value="33"/>
<Cov CovItemId="B33" Value="20"/>
<Cov CovItemId="B34" Value="21"/>
<Cov CovItemId="B35" Value="10"/>
<Cov CovItemId="B36" Value="10"/>
<Cov CovItemId="B37" Value="1"/>
<Cov CovItemId="B38" Value="36"/>
<Cov CovItemId="B39" Value="1"/>
<Cov CovItemId="B4" Value="69"/>
<Cov CovItemId="B41" Value="8"/>
<Cov CovItemId="B42" Value="33"/>
<Cov CovItemId="B43" Value="3"/>
<Cov CovItemId="B44" Value="5"/>
<Cov CovItemId="B45" Value="3"/>
<Cov CovItemId="B47" Value="1"/>
<Cov CovItemId="B49" Value="1"/>
<Cov CovItemId="B5" Value="3"/>
<Cov CovItemId="B50" Value="11"/>
<Cov CovItemId="B51" Value="3"/>
<Cov CovItemId="B53" Value="11"/>
<Cov CovItemId="B6" Value="5"/>
<Cov CovItemId="B8" Value="5"/>
<Cov CovItemId="L1-1" Value="3"/>
<Cov CovItemId="L1-2" Value="12"/>
<Cov CovItemId="L2-0" Value="1"/>
<Cov CovItemId="L2-1" Value="20"/>
<Cov CovItemId="L2-2" Value="20"/>
<Cov CovItemId="L3-1" Value="7"/>
<Cov CovItemId="L3-2" Value="3"/>
<Cov CovItemId="L4-2" Value="15"/>
<Cov CovItemId="L5-2" Value="10"/>
<Cov CovItemId="L6-1" Value="8"/>
<Cov CovItemId="L7-2" Value="1"/>
<Cov CovItemId="L8-2" Value="1"/>
<Cov CovItemId="S101" Value="41"/>
<Cov CovItemId="S102" Value="41"/>
<Cov CovItemId="S103" Value="8"/>
<Cov CovItemId="S104" Value="8"/>
<Cov CovItemId="S105" Value="8"/>
<Cov CovItemId="S106" Value="3"/>
<Cov CovItemId="S107" Value="3"/>
<Cov CovItemId="S109" Value="1"/>
<Cov CovItemId="S110" Value="1"/>
<Cov CovItemId="S111" Value="3"/>
<Cov CovItemId="S112" Value="11"/>
<Cov CovItemId="S113" Value="1"/>
<Cov CovItemId="S114" Value="1"/>
<Cov CovItemId="S115" Value="1"/>
<Cov CovItemId="S116" Value="1"/>
<Cov CovItemId="S117" Value="14"/>
<Cov CovItemId="S118" Value="14"/>
<Cov CovItemId="S119" Value="11"/>
<Cov CovItemId="S120" Value="11"/>
<Cov CovItemId="S121" Value="11"/>
<Cov CovItemId="S123" Value="11"/>
<Cov CovItemId="S125" Value="1"/>
<Cov CovItemId="S44" Value="15"/>
<Cov CovItemId="S45" Value="15"/>
<Cov CovItemId="S46" Value="15"/>
<Cov CovItemId="S47" Value="15"/>
<Cov CovItemId="S48" Value="77"/>
<Cov CovItemId="S49" Value="77"/>
<Cov CovItemId="S50" Value="4"/>
<Cov CovItemId="S51" Value="73"/>
<Cov CovItemId="S52" Value="4"/>
<Cov CovItemId="S53" Value="15"/>
<Cov CovItemId="S54" Value="8"/>
<Cov CovItemId="S55" Value="3"/>
<Cov CovItemId="S56" Value="5"/>
<Cov CovItemId="S58" Value="5"/>
<Cov CovItemId="S60" Value="5"/>
<Cov CovItemId="S62" Value="5"/>
<Cov CovItemId="S63" Value="4"/>
<Cov CovItemId="S64" Value="1"/>
<Cov CovItemId="S65" Value="1"/>
<Cov CovItemId="S69" Value="41"/>
<Cov CovItemId="S70" Value="41"/>
<Cov CovItemId="S71" Value="96"/>
<Cov CovItemId="S72" Value="40"/>
<Cov CovItemId="S73" Value="40"/>
<Cov CovItemId="S74" Value="8"/>
<Cov CovItemId="S75" Value="56"/>
<Cov CovItemId="S76" Value="56"/>
<Cov CovItemId="S80" Value="41"/>
<Cov CovItemId="S81" Value="11"/>
<Cov CovItemId="S82" Value="11"/>
<Cov CovItemId="S83" Value="10"/>
<Cov CovItemId="S84" Value="15"/>
<Cov CovItemId="S85" Value="15"/>
<Cov CovItemId="S86" Value="15"/>
<Cov CovItemId="S87" Value="50"/>
<Cov CovItemId="S88" Value="50"/>
<Cov CovItemId="S89" Value="9"/>
<Cov CovItemId="S90" Value="41"/>
<Cov CovItemId="S91" Value="8"/>
<Cov CovItemId="S92" Value="41"/>
<Cov CovItemId="S93" Value="20"/>
<Cov CovItemId="S94" Value="20"/>
<Cov CovItemId="S95" Value="10"/>
<Cov CovItemId="S96" Value="37"/>
<Cov CovItemId="S97" Value="37"/>
<Cov CovItemId="S98" Value="1"/>
<Cov CovItemId="S99" Value="1"/>
</CovPrefix>
</CovList>
<AssgnmntList>
<AssgnmntPrefix RootTermCovItemPrefix="com.aconex.coding.challenge.NumberToAlphaConverter.java">
<AssgnmntListEntry Length="1" RootTermCovItemId="C1">
<MapEntry BoolAssgnmnt="0" Value="15"/>
<MapEntry BoolAssgnmnt="1" Value="77"/>
</AssgnmntListEntry>
<AssgnmntListEntry Length="1" RootTermCovItemId="C11">
<MapEntry BoolAssgnmnt="0" Value="41"/>
<MapEntry BoolAssgnmnt="1" Value="96"/>
</AssgnmntListEntry>
<AssgnmntListEntry Length="1" RootTermCovItemId="C12">
<MapEntry BoolAssgnmnt="0" Value="56"/>
<MapEntry BoolAssgnmnt="1" Value="40"/>
</AssgnmntListEntry>
<AssgnmntListEntry Length="1" RootTermCovItemId="C13">
<MapEntry BoolAssgnmnt="0" Value="32"/>
<MapEntry BoolAssgnmnt="1" Value="8"/>
</AssgnmntListEntry>
<AssgnmntListEntry Length="1" RootTermCovItemId="C14">
<MapEntry BoolAssgnmnt="0" Value="56"/>
</AssgnmntListEntry>
<AssgnmntListEntry Length="1" RootTermCovItemId="C16">
<MapEntry BoolAssgnmnt="0" Value="1"/>
<MapEntry BoolAssgnmnt="1" Value="10"/>
</AssgnmntListEntry>
<AssgnmntListEntry Length="1" RootTermCovItemId="C17">
<MapEntry BoolAssgnmnt="0" Value="41"/>
<MapEntry BoolAssgnmnt="1" Value="9"/>
</AssgnmntListEntry>
<AssgnmntListEntry Length="2" RootTermCovItemId="C18">
<MapEntry BoolAssgnmnt="02" Value="33"/>
<MapEntry BoolAssgnmnt="11" Value="8"/>
</AssgnmntListEntry>
<AssgnmntListEntry Length="1" RootTermCovItemId="C19">
<MapEntry BoolAssgnmnt="0" Value="21"/>
<MapEntry BoolAssgnmnt="1" Value="20"/>
</AssgnmntListEntry>
<AssgnmntListEntry Length="2" RootTermCovItemId="C2">
<MapEntry BoolAssgnmnt="10" Value="69"/>
<MapEntry BoolAssgnmnt="02" Value="4"/>
<MapEntry BoolAssgnmnt="11" Value="4"/>
</AssgnmntListEntry>
<AssgnmntListEntry Length="1" RootTermCovItemId="C20">
<MapEntry BoolAssgnmnt="0" Value="10"/>
<MapEntry BoolAssgnmnt="1" Value="10"/>
</AssgnmntListEntry>
<AssgnmntListEntry Length="1" RootTermCovItemId="C21">
<MapEntry BoolAssgnmnt="0" Value="36"/>
<MapEntry BoolAssgnmnt="1" Value="1"/>
</AssgnmntListEntry>
<AssgnmntListEntry Length="1" RootTermCovItemId="C22">
<MapEntry BoolAssgnmnt="1" Value="1"/>
</AssgnmntListEntry>
<AssgnmntListEntry Length="1" RootTermCovItemId="C23">
<MapEntry BoolAssgnmnt="0" Value="33"/>
<MapEntry BoolAssgnmnt="1" Value="8"/>
</AssgnmntListEntry>
<AssgnmntListEntry Length="3" RootTermCovItemId="C24">
<MapEntry BoolAssgnmnt="110" Value="5"/>
<MapEntry BoolAssgnmnt="111" Value="3"/>
</AssgnmntListEntry>
<AssgnmntListEntry Length="1" RootTermCovItemId="C25">
<MapEntry BoolAssgnmnt="1" Value="3"/>
</AssgnmntListEntry>
<AssgnmntListEntry Length="1" RootTermCovItemId="C26">
<MapEntry BoolAssgnmnt="1" Value="1"/>
</AssgnmntListEntry>
<AssgnmntListEntry Length="1" RootTermCovItemId="C27">
<MapEntry BoolAssgnmnt="0" Value="1"/>
<MapEntry BoolAssgnmnt="1" Value="14"/>
</AssgnmntListEntry>
<AssgnmntListEntry Length="1" RootTermCovItemId="C28">
<MapEntry BoolAssgnmnt="0" Value="3"/>
<MapEntry BoolAssgnmnt="1" Value="11"/>
</AssgnmntListEntry>
<AssgnmntListEntry Length="1" RootTermCovItemId="C29">
<MapEntry BoolAssgnmnt="0" Value="11"/>
</AssgnmntListEntry>
<AssgnmntListEntry Length="1" RootTermCovItemId="C3">
<MapEntry BoolAssgnmnt="0" Value="69"/>
<MapEntry BoolAssgnmnt="1" Value="4"/>
</AssgnmntListEntry>
<AssgnmntListEntry Length="2" RootTermCovItemId="C4">
<MapEntry BoolAssgnmnt="10" Value="5"/>
<MapEntry BoolAssgnmnt="11" Value="3"/>
</AssgnmntListEntry>
<AssgnmntListEntry Length="2" RootTermCovItemId="C5">
<MapEntry BoolAssgnmnt="10" Value="5"/>
</AssgnmntListEntry>
<AssgnmntListEntry Length="2" RootTermCovItemId="C6">
<MapEntry BoolAssgnmnt="10" Value="5"/>
</AssgnmntListEntry>
<AssgnmntListEntry Length="2" RootTermCovItemId="C7">
<MapEntry BoolAssgnmnt="10" Value="5"/>
</AssgnmntListEntry>
<AssgnmntListEntry Length="2" RootTermCovItemId="C8">
<MapEntry BoolAssgnmnt="10" Value="1"/>
<MapEntry BoolAssgnmnt="11" Value="4"/>
</AssgnmntListEntry>
<AssgnmntListEntry Length="2" RootTermCovItemId="C9">
<MapEntry BoolAssgnmnt="11" Value="1"/>
</AssgnmntListEntry>
</AssgnmntPrefix>
</AssgnmntList>
<ObjMetaDataList/>
<MetaDataList/>
</TestCase>
<MetaDataList/>
</TestSession>
</TestSessionContainer>
