<?xml version="1.0" encoding="UTF-8"?><TestSessionContainer xmlns="http://www.codecover.org/xml/testsession-container" Date="1421689187029" TestSessionContainerId="b21c3138-cfe1-4715-8a61-392b6bf29155" version="1.0">
<SrcFileList>
<SrcFile Content="package com.aconex.coding.challenge;&#13;&#10;&#13;&#10;import java.text.DecimalFormat;&#13;&#10;import java.util.ArrayList;&#13;&#10;import java.util.HashMap;&#13;&#10;import java.util.HashSet;&#13;&#10;import java.util.Map;&#13;&#10;import java.util.Set;&#13;&#10;&#13;&#10;public class NumberToAlphaConverter {&#13;&#10;&#13;&#10;static Map&lt;String,ArrayList&lt;String&gt;&gt; numberEncodingMap = new HashMap&lt;String,ArrayList&lt;String&gt;&gt;();&#13;&#10;&#9;&#13;&#10;&#9;static {&#13;&#10;&#9;&#9;ArrayList&lt;String&gt; decimalEncoding = new ArrayList&lt;String&gt;();&#13;&#10;&#9;&#9;decimalEncoding.add(&quot;-&quot;);&#13;&#10;&#9;&#9;numberEncodingMap.put(&quot;.&quot;,decimalEncoding);&#13;&#10;&#9;&#9;ArrayList&lt;String&gt; digit2Encoding = new ArrayList&lt;String&gt;();&#13;&#10;&#9;&#9;digit2Encoding.add(&quot;A&quot;);&#13;&#10;&#9;&#9;digit2Encoding.add(&quot;B&quot;);&#13;&#10;&#9;&#9;digit2Encoding.add(&quot;C&quot;);&#13;&#10;&#9;&#9;numberEncodingMap.put(&quot;2&quot;,digit2Encoding);&#13;&#10;&#9;&#9;ArrayList&lt;String&gt; digit3Encoding = new ArrayList&lt;String&gt;();&#13;&#10;&#9;&#9;digit3Encoding.add(&quot;D&quot;);&#13;&#10;&#9;&#9;digit3Encoding.add(&quot;E&quot;);&#13;&#10;&#9;&#9;digit3Encoding.add(&quot;F&quot;);&#13;&#10;&#9;&#9;numberEncodingMap.put(&quot;3&quot;,digit3Encoding);&#13;&#10;&#9;&#9;ArrayList&lt;String&gt; digit4Encoding = new ArrayList&lt;String&gt;();&#13;&#10;&#9;&#9;digit4Encoding.add(&quot;G&quot;);&#13;&#10;&#9;&#9;digit4Encoding.add(&quot;H&quot;);&#13;&#10;&#9;&#9;digit4Encoding.add(&quot;I&quot;);&#13;&#10;&#9;&#9;numberEncodingMap.put(&quot;4&quot;,digit4Encoding);&#13;&#10;&#9;&#9;ArrayList&lt;String&gt; digit5Encoding = new ArrayList&lt;String&gt;();&#13;&#10;&#9;&#9;digit5Encoding.add(&quot;J&quot;);&#13;&#10;&#9;&#9;digit5Encoding.add(&quot;K&quot;);&#13;&#10;&#9;&#9;digit5Encoding.add(&quot;L&quot;);&#13;&#10;&#9;&#9;numberEncodingMap.put(&quot;5&quot;,digit5Encoding);&#13;&#10;&#9;&#9;ArrayList&lt;String&gt; digit6Encoding = new ArrayList&lt;String&gt;();&#13;&#10;&#9;&#9;digit6Encoding.add(&quot;M&quot;);&#13;&#10;&#9;&#9;digit6Encoding.add(&quot;N&quot;);&#13;&#10;&#9;&#9;digit6Encoding.add(&quot;O&quot;);&#13;&#10;&#9;&#9;numberEncodingMap.put(&quot;6&quot;,digit6Encoding);&#13;&#10;&#9;&#9;ArrayList&lt;String&gt; digit7Encoding = new ArrayList&lt;String&gt;();&#13;&#10;&#9;&#9;digit7Encoding.add(&quot;P&quot;);&#13;&#10;&#9;&#9;digit7Encoding.add(&quot;Q&quot;);&#13;&#10;&#9;&#9;digit7Encoding.add(&quot;R&quot;);&#13;&#10;&#9;&#9;digit7Encoding.add(&quot;S&quot;);&#13;&#10;&#9;&#9;numberEncodingMap.put(&quot;7&quot;,digit7Encoding);&#13;&#10;&#9;&#9;ArrayList&lt;String&gt; digit8Encoding = new ArrayList&lt;String&gt;();&#13;&#10;&#9;&#9;digit8Encoding.add(&quot;T&quot;);&#13;&#10;&#9;&#9;digit8Encoding.add(&quot;U&quot;);&#13;&#10;&#9;&#9;digit8Encoding.add(&quot;V&quot;);&#13;&#10;&#9;&#9;numberEncodingMap.put(&quot;8&quot;,digit8Encoding);&#13;&#10;&#9;&#9;ArrayList&lt;String&gt; digit9Encoding = new ArrayList&lt;String&gt;();&#13;&#10;&#9;&#9;digit9Encoding.add(&quot;W&quot;);&#13;&#10;&#9;&#9;digit9Encoding.add(&quot;X&quot;);&#13;&#10;&#9;&#9;digit9Encoding.add(&quot;Y&quot;);&#13;&#10;&#9;&#9;digit9Encoding.add(&quot;Z&quot;);&#13;&#10;&#9;&#9;numberEncodingMap.put(&quot;9&quot;,digit9Encoding);&#13;&#10;&#9;}&#13;&#10;&#9;&#13;&#10;&#9;&#13;&#10;&#9;private static int findLastDigitPosition(String convertedString){&#13;&#10;&#9;&#9;int pos = -1;&#13;&#10;&#9;&#9;char digit0 = '0';&#13;&#10;&#9;&#9;char digit9 = '9';&#13;&#10;&#9;&#9;for(int index = 0; index&lt;convertedString.length();index++){&#13;&#10;&#9;&#9;&#9;char charAtPos = convertedString.charAt(index);&#13;&#10;&#9;&#9;&#9;if(charAtPos&gt;=digit0 &amp;&amp; charAtPos&lt;=digit9){&#13;&#10;&#9;&#9;&#9;&#9;pos = index;&#13;&#10;&#9;&#9;&#9;}else if(charAtPos == '-'){&#13;&#10;&#9;&#9;&#9;&#9;pos = index;&#13;&#10;&#9;&#9;&#9;}&#13;&#10;&#9;&#9;}&#13;&#10;&#9;&#9;return pos;&#13;&#10;&#9;&#9;&#13;&#10;&#9;}&#13;&#10;&#9;&#13;&#10;&#9;private static String alphaToDigit(char alpha){&#13;&#10;&#9;&#9;if(alpha&gt;='A'&amp;&amp;alpha&lt;='C'){&#13;&#10;&#9;&#9;&#9;return &quot;2&quot;;&#13;&#10;&#9;&#9;}else if(alpha&gt;='D'&amp;&amp;alpha&lt;='F'){&#13;&#10;&#9;&#9;&#9;return &quot;3&quot;;&#13;&#10;&#9;&#9;}else if(alpha&gt;='G'&amp;&amp;alpha&lt;='I'){&#13;&#10;&#9;&#9;&#9;return &quot;4&quot;;&#13;&#10;&#9;&#9;}else if(alpha&gt;='J'&amp;&amp;alpha&lt;='L'){&#13;&#10;&#9;&#9;&#9;return &quot;5&quot;;&#13;&#10;&#9;&#9;}else if(alpha&gt;='M'&amp;&amp;alpha&lt;='O'){&#13;&#10;&#9;&#9;&#9;return &quot;6&quot;;&#13;&#10;&#9;&#9;}else if(alpha&gt;='P'&amp;&amp;alpha&lt;='S'){&#13;&#10;&#9;&#9;&#9;return &quot;7&quot;;&#13;&#10;&#9;&#9;}else if(alpha&gt;='T'&amp;&amp;alpha&lt;='V'){&#13;&#10;&#9;&#9;&#9;return &quot;8&quot;;&#13;&#10;&#9;&#9;}else{&#13;&#10;&#9;&#9;&#9;return &quot;9&quot;;&#13;&#10;&#9;&#9;}&#13;&#10;&#9;}&#13;&#10;&#9;&#13;&#10;&#9;&#13;&#10;&#9;private static Set&lt;String&gt; replaceStringWithDigit(String str){&#13;&#10;&#9;&#9;Set&lt;String&gt; newSet = new HashSet&lt;String&gt;();&#13;&#10;&#9;&#9;for(int i=0;i&lt;str.length()-1;i++){&#13;&#10;&#9;&#9;&#9;if(i==0){&#13;&#10;&#9;&#9;&#9;&#9;String temp = str.substring(i+1);&#13;&#10;&#9;&#9;&#9;&#9;if(Dictionary.isStringPatternExistInDictionary(temp)){&#13;&#10;&#9;&#9;&#9;&#9;&#9;newSet.add(alphaToDigit(str.charAt(i))+temp);&#13;&#10;&#9;&#9;&#9;&#9;}&#13;&#10;&#9;&#9;&#9;}&#13;&#10;&#9;&#9;&#9;else{&#13;&#10;&#9;&#9;&#9;&#9;String temp = str.substring(0,i);&#13;&#10;//&#9;&#9;&#9;&#9;System.out.println(&quot;temp: &quot;+temp);&#13;&#10;&#9;&#9;&#9;&#9;if(Dictionary.isStringExistInDictionary(temp)){&#13;&#10;&#9;&#9;&#9;&#9;&#9;String temp2 = str.substring(i+1);&#13;&#10;//&#9;&#9;&#9;&#9;&#9;System.out.println(&quot;temp2: &quot;+temp2);&#13;&#10;&#9;&#9;&#9;&#9;&#9;if(Dictionary.isStringPatternExistInDictionary(temp2)){&#13;&#10;&#9;&#9;&#9;&#9;&#9;&#9;newSet.add(temp+alphaToDigit(str.charAt(i))+temp2);&#13;&#10;&#9;&#9;&#9;&#9;&#9;}&#13;&#10;&#9;&#9;&#9;&#9;}&#13;&#10;&#9;&#9;&#9;}&#13;&#10;&#9;&#9;}&#13;&#10;//&#9;&#9;if(newSet.size()&gt;0){&#13;&#10;//&#9;&#9;&#9;System.out.println(&quot;AlphaToDigitConverter--&quot;);&#13;&#10;//&#9;&#9;&#9;for(String atr:newSet){&#13;&#10;//&#9;&#9;&#9;&#9;System.out.println(atr);&#13;&#10;//&#9;&#9;&#9;}&#13;&#10;//&#9;&#9;}&#13;&#10;&#9;&#9;return newSet;&#13;&#10;&#9;}&#13;&#10;&#9;&#13;&#10;&#9;private static Set&lt;String&gt; addToSet(Set&lt;String&gt; convertedSet,ArrayList&lt;String&gt; arr, String digit,boolean isFirstIndex){&#13;&#10;&#9;&#9;Set&lt;String&gt; newConvertedSet = new HashSet&lt;String&gt;();&#13;&#10;&#9;&#9;if(digit.equals(&quot;.&quot;)){&#13;&#10;&#9;&#9;&#9;for(String encodedStr : convertedSet){&#13;&#10;&#9;&#9;&#9;&#9;int lastDigitPos = findLastDigitPosition(encodedStr);&#13;&#10;&#9;&#9;&#9;&#9;String str = encodedStr.substring(lastDigitPos+1);&#13;&#10;&#9;&#9;&#9;&#9;if(Dictionary.isStringExistInDictionary(str) || str.equals(&quot;&quot;)){&#13;&#10;&#9;&#9;&#9;&#9;&#9;newConvertedSet.add(encodedStr.concat(&quot;-&quot;));&#13;&#10;&#9;&#9;&#9;&#9;}&#13;&#10;&#9;&#9;&#9;}&#13;&#10;&#9;&#9;}&#13;&#10;&#9;&#9;else if(convertedSet.size()&gt;0){&#13;&#10;&#9;&#9;&#9;for(String convertedStr : convertedSet){&#13;&#10;&#9;&#9;&#9;&#9;int lastDigitPos = findLastDigitPosition(convertedStr);&#13;&#10;&#9;&#9;&#9;&#9;String str = convertedStr.substring(lastDigitPos+1);&#13;&#10;&#9;&#9;&#9;&#9;for(String encodedStr : arr){&#13;&#10;&#9;&#9;&#9;&#9;&#9;String temp = str.concat(encodedStr);&#13;&#10;&#9;&#9;&#9;&#9;&#9;if(Dictionary.isStringPatternExistInDictionary(temp)){&#13;&#10;&#9;&#9;&#9;&#9;&#9;&#9;newConvertedSet.add(convertedStr.concat(encodedStr));&#13;&#10;&#9;&#9;&#9;&#9;&#9;}else{&#13;&#10;&#9;&#9;&#9;&#9;&#9;&#9;if(Dictionary.isStringExistInDictionary(str) &amp;&amp; (lastDigitPos!=convertedStr.length()-1)&#13;&#10;&#9;&#9;&#9;&#9;&#9;&#9;&#9;&#9;|| (str.equals(&quot;&quot;)  &amp;&amp; (lastDigitPos!=-1) &amp;&amp; (convertedStr.charAt(lastDigitPos) == '-')))&#13;&#10;&#9;&#9;&#9;&#9;&#9;&#9;{&#13;&#10;&#9;&#9;&#9;&#9;&#9;&#9;&#9;boolean flag = true;&#13;&#10;&#9;&#9;&#9;&#9;&#9;&#9;&#9;if((lastDigitPos!=-1) &amp;&amp; convertedStr.charAt(lastDigitPos) == '-' &amp;&amp; str.equals(&quot;&quot;)){&#13;&#10;&#9;&#9;&#9;&#9;&#9;&#9;&#9;&#9;char c = convertedStr.charAt(lastDigitPos-1);&#13;&#10;&#9;&#9;&#9;&#9;&#9;&#9;&#9;&#9;if(c&gt;='0' &amp;&amp;c&lt;='9'){&#13;&#10;&#9;&#9;&#9;&#9;&#9;&#9;&#9;&#9;&#9;flag = false;&#13;&#10;&#9;&#9;&#9;&#9;&#9;&#9;&#9;&#9;}&#13;&#10;&#9;&#9;&#9;&#9;&#9;&#9;&#9;}&#13;&#10;&#9;&#9;&#9;&#9;&#9;&#9;&#9;if(flag){&#13;&#10;&#9;&#9;&#9;&#9;&#9;&#9;&#9;&#9;newConvertedSet.add(convertedStr.concat(digit));&#13;&#10;&#9;&#9;&#9;&#9;&#9;&#9;&#9;}&#13;&#10;&#9;&#9;&#9;&#9;&#9;&#9;}&#13;&#10;&#9;&#9;&#9;&#9;&#9;&#9;Set&lt;String&gt; tempSet = replaceStringWithDigit(temp);&#13;&#10;&#9;&#9;&#9;&#9;&#9;&#9;if(tempSet.size()&gt;0){&#13;&#10;&#9;&#9;&#9;&#9;&#9;&#9;&#9;for(String tempStr:tempSet){&#13;&#10;&#9;&#9;&#9;&#9;&#9;&#9;&#9;&#9;char firstLetter = tempStr.charAt(0);&#13;&#10;&#9;&#9;&#9;&#9;&#9;&#9;&#9;&#9;if(!(firstLetter &gt;= '0' &amp;&amp; firstLetter&lt;='9') || lastDigitPos == -1){&#13;&#10;&#9;&#9;&#9;&#9;&#9;&#9;&#9;&#9;&#9;if(lastDigitPos == -1){&#13;&#10;&#9;&#9;&#9;&#9;&#9;&#9;&#9;&#9;&#9;&#9;newConvertedSet.add(tempStr);&#13;&#10;&#9;&#9;&#9;&#9;&#9;&#9;&#9;&#9;&#9;}else{&#13;&#10;&#9;&#9;&#9;&#9;&#9;&#9;&#9;&#9;&#9;&#9;newConvertedSet.add(convertedStr.substring(0,lastDigitPos).concat(tempStr));&#13;&#10;&#9;&#9;&#9;&#9;&#9;&#9;&#9;&#9;&#9;}&#13;&#10;&#9;&#9;&#9;&#9;&#9;&#9;&#9;&#9;}&#13;&#10;&#9;&#9;&#9;&#9;&#9;&#9;&#9;}&#13;&#10;&#9;&#9;&#9;&#9;&#9;&#9;}&#13;&#10;&#9;&#9;&#9;&#9;&#9;}&#13;&#10;&#9;&#9;&#9;&#9;}&#13;&#10;&#9;&#9;&#9;}&#13;&#10;&#9;&#9;}else if(isFirstIndex){&#13;&#10;&#9;&#9;&#9;for(String encodedStr:arr){&#13;&#10;&#9;&#9;&#9;&#9;newConvertedSet.add(encodedStr);&#13;&#10;&#9;&#9;&#9;}&#13;&#10;&#9;&#9;}&#13;&#10;&#9;&#9;return newConvertedSet;&#13;&#10;&#9;}&#13;&#10;&#9;&#13;&#10;&#9;&#13;&#10;&#9;public static Set&lt;String&gt; convertToAlpha(final String number){&#13;&#10;&#9;&#9;Set&lt;String&gt; convertedSet = new HashSet&lt;String&gt;();&#13;&#10;&#9;&#9;try{ &#13;&#10;&#9;&#9;&#9;for(int index = 0;index&lt;number.length();index++){&#13;&#10;&#9;&#9;&#9;&#9;char digit = number.charAt(index);&#13;&#10;&#9;&#9;&#9;&#9;if(numberEncodingMap.containsKey(String.valueOf(digit))){&#13;&#10;&#9;&#9;&#9;&#9;&#9;ArrayList&lt;String&gt; arr = numberEncodingMap.get(String.valueOf(digit));&#13;&#10;&#9;&#9;&#9;&#9;&#9;convertedSet = addToSet(convertedSet,arr,String.valueOf(digit),index==0);&#13;&#10;&#9;&#9;&#9;&#9;&#9;if(convertedSet.size()==0){&#13;&#10;&#9;&#9;&#9;&#9;&#9;&#9;break;&#13;&#10;&#9;&#9;&#9;&#9;&#9;}&#13;&#10;//&#9;&#9;&#9;&#9;&#9;System.out.println(&quot;Iteratation -- &quot;+(index+1));&#13;&#10;//&#9;&#9;&#9;&#9;&#9;for(String c:convertedSet){&#13;&#10;//&#9;&#9;&#9;&#9;&#9;&#9;System.out.println(c);&#13;&#10;//&#9;&#9;&#9;&#9;&#9;}&#13;&#10;&#9;&#9;&#9;&#9;}&#13;&#10;&#9;&#9;&#9;}&#13;&#10;&#9;&#9;}catch(Exception e){&#13;&#10;&#9;&#9;&#9;e.printStackTrace();&#13;&#10;&#9;&#9;}&#13;&#10;&#9;&#9;return convertedSet;&#13;&#10;&#9;}&#13;&#10;&#9;&#13;&#10;}&#13;&#10;" Filename="NumberToAlphaConverter.java" Intrnl_Id="1"/>
</SrcFileList>
<CritList>
<CritListEntry Name="org.codecover.model.utils.criteria.LoopCoverage" PluginName="org.codecover"/>
<CritListEntry Name="org.codecover.model.utils.criteria.BranchCoverage" PluginName="org.codecover"/>
<CritListEntry Name="org.codecover.model.utils.criteria.ConditionCoverage" PluginName="org.codecover"/>
<CritListEntry Name="org.codecover.model.utils.criteria.SynchronizedStatementCoverage" PluginName="org.codecover"/>
<CritListEntry Name="org.codecover.model.utils.criteria.QMOCoverage" PluginName="org.codecover"/>
<CritListEntry Name="org.codecover.model.utils.criteria.StatementCoverage" PluginName="org.codecover"/>
</CritList>
<BoolOpList>
<BoolOp Arity="1" Intrnl_Id="2" Name="not (!)">
<BoolAssgnmntBoolMapList>
<MapEntry BoolAssgnmnt="0" Value="true"/>
<MapEntry BoolAssgnmnt="1" Value="false"/>
</BoolAssgnmntBoolMapList>
</BoolOp>
<BoolOp Arity="2" Intrnl_Id="3" Name="conditional and (&amp;&amp;)">
<BoolAssgnmntBoolMapList>
<MapEntry BoolAssgnmnt="10" Value="false"/>
<MapEntry BoolAssgnmnt="02" Value="false"/>
<MapEntry BoolAssgnmnt="11" Value="true"/>
</BoolAssgnmntBoolMapList>
</BoolOp>
<BoolOp Arity="2" Intrnl_Id="4" Name="conditional or (||)">
<BoolAssgnmntBoolMapList>
<MapEntry BoolAssgnmnt="01" Value="true"/>
<MapEntry BoolAssgnmnt="00" Value="false"/>
<MapEntry BoolAssgnmnt="12" Value="true"/>
</BoolAssgnmntBoolMapList>
</BoolOp>
</BoolOpList>
<HierarchyLvlTypeList>
<HierarchyLvlType EnglishName="package" IntrnlName="package" Intrnl_Id="5"/>
<HierarchyLvlType EnglishName="class" IntrnlName="class" Intrnl_Id="6"/>
<HierarchyLvlType EnglishName="method" IntrnlName="method" Intrnl_Id="7"/>
<HierarchyLvlType EnglishName="default package" IntrnlName="default package" Intrnl_Id="8"/>
</HierarchyLvlTypeList>
<MASTRoot>
<HierarchyLvl HierarchyLvlId="126" HierarchyLvlTypeId="8" Intrnl_Id="9" Name="default package">
<Header/>
<LocList/>
<HierarchyLvl HierarchyLvlId="125" HierarchyLvlTypeId="5" Intrnl_Id="10" Name="com">
<Header/>
<LocList/>
<HierarchyLvl HierarchyLvlId="124" HierarchyLvlTypeId="5" Intrnl_Id="11" Name="aconex">
<Header/>
<LocList/>
<HierarchyLvl HierarchyLvlId="123" HierarchyLvlTypeId="5" Intrnl_Id="12" Name="coding">
<Header/>
<LocList/>
<HierarchyLvl HierarchyLvlId="122" HierarchyLvlTypeId="5" Intrnl_Id="13" Name="challenge">
<Header/>
<LocList/>
<HierarchyLvl HierarchyLvlId="121" HierarchyLvlTypeId="6" Intrnl_Id="14" Name="NumberToAlphaConverter">
<Header>
<Loc EndOffset="239" SrcFileId="1" StartOffset="204"/>
</Header>
<LocList>
<Loc EndOffset="6680" SrcFileId="1" StartOffset="204"/>
</LocList>
<StmntSeq Intrnl_Id="15">
<LocList>
<Loc EndOffset="342" SrcFileId="1" StartOffset="245"/>
<Loc EndOffset="420" SrcFileId="1" StartOffset="360"/>
<Loc EndOffset="449" SrcFileId="1" StartOffset="424"/>
<Loc EndOffset="496" SrcFileId="1" StartOffset="453"/>
<Loc EndOffset="559" SrcFileId="1" StartOffset="500"/>
<Loc EndOffset="587" SrcFileId="1" StartOffset="563"/>
<Loc EndOffset="615" SrcFileId="1" StartOffset="591"/>
<Loc EndOffset="643" SrcFileId="1" StartOffset="619"/>
<Loc EndOffset="689" SrcFileId="1" StartOffset="647"/>
<Loc EndOffset="752" SrcFileId="1" StartOffset="693"/>
<Loc EndOffset="780" SrcFileId="1" StartOffset="756"/>
<Loc EndOffset="808" SrcFileId="1" StartOffset="784"/>
<Loc EndOffset="836" SrcFileId="1" StartOffset="812"/>
<Loc EndOffset="882" SrcFileId="1" StartOffset="840"/>
<Loc EndOffset="945" SrcFileId="1" StartOffset="886"/>
<Loc EndOffset="973" SrcFileId="1" StartOffset="949"/>
<Loc EndOffset="1001" SrcFileId="1" StartOffset="977"/>
<Loc EndOffset="1029" SrcFileId="1" StartOffset="1005"/>
<Loc EndOffset="1075" SrcFileId="1" StartOffset="1033"/>
<Loc EndOffset="1138" SrcFileId="1" StartOffset="1079"/>
<Loc EndOffset="1166" SrcFileId="1" StartOffset="1142"/>
<Loc EndOffset="1194" SrcFileId="1" StartOffset="1170"/>
<Loc EndOffset="1222" SrcFileId="1" StartOffset="1198"/>
<Loc EndOffset="1268" SrcFileId="1" StartOffset="1226"/>
<Loc EndOffset="1331" SrcFileId="1" StartOffset="1272"/>
<Loc EndOffset="1359" SrcFileId="1" StartOffset="1335"/>
<Loc EndOffset="1387" SrcFileId="1" StartOffset="1363"/>
<Loc EndOffset="1415" SrcFileId="1" StartOffset="1391"/>
<Loc EndOffset="1461" SrcFileId="1" StartOffset="1419"/>
<Loc EndOffset="1524" SrcFileId="1" StartOffset="1465"/>
<Loc EndOffset="1552" SrcFileId="1" StartOffset="1528"/>
<Loc EndOffset="1580" SrcFileId="1" StartOffset="1556"/>
<Loc EndOffset="1608" SrcFileId="1" StartOffset="1584"/>
<Loc EndOffset="1636" SrcFileId="1" StartOffset="1612"/>
<Loc EndOffset="1682" SrcFileId="1" StartOffset="1640"/>
<Loc EndOffset="1745" SrcFileId="1" StartOffset="1686"/>
<Loc EndOffset="1773" SrcFileId="1" StartOffset="1749"/>
<Loc EndOffset="1801" SrcFileId="1" StartOffset="1777"/>
<Loc EndOffset="1829" SrcFileId="1" StartOffset="1805"/>
<Loc EndOffset="1875" SrcFileId="1" StartOffset="1833"/>
<Loc EndOffset="1938" SrcFileId="1" StartOffset="1879"/>
<Loc EndOffset="1966" SrcFileId="1" StartOffset="1942"/>
<Loc EndOffset="1994" SrcFileId="1" StartOffset="1970"/>
<Loc EndOffset="2022" SrcFileId="1" StartOffset="1998"/>
<Loc EndOffset="2050" SrcFileId="1" StartOffset="2026"/>
<Loc EndOffset="2096" SrcFileId="1" StartOffset="2054"/>
</LocList>
<BasicStmnt CovItemId="S1" CovItemPrefix="com.aconex.coding.challenge.NumberToAlphaConverter.java" Intrnl_Id="16">
<LocList>
<Loc EndOffset="342" SrcFileId="1" StartOffset="245"/>
</LocList>
</BasicStmnt>
<BasicStmnt CovItemId="S2" CovItemPrefix="com.aconex.coding.challenge.NumberToAlphaConverter.java" Intrnl_Id="17">
<LocList>
<Loc EndOffset="420" SrcFileId="1" StartOffset="360"/>
</LocList>
</BasicStmnt>
<BasicStmnt CovItemId="S3" CovItemPrefix="com.aconex.coding.challenge.NumberToAlphaConverter.java" Intrnl_Id="18">
<LocList>
<Loc EndOffset="449" SrcFileId="1" StartOffset="424"/>
</LocList>
</BasicStmnt>
<BasicStmnt CovItemId="S4" CovItemPrefix="com.aconex.coding.challenge.NumberToAlphaConverter.java" Intrnl_Id="19">
<LocList>
<Loc EndOffset="496" SrcFileId="1" StartOffset="453"/>
</LocList>
</BasicStmnt>
<BasicStmnt CovItemId="S5" CovItemPrefix="com.aconex.coding.challenge.NumberToAlphaConverter.java" Intrnl_Id="20">
<LocList>
<Loc EndOffset="559" SrcFileId="1" StartOffset="500"/>
</LocList>
</BasicStmnt>
<BasicStmnt CovItemId="S6" CovItemPrefix="com.aconex.coding.challenge.NumberToAlphaConverter.java" Intrnl_Id="21">
<LocList>
<Loc EndOffset="587" SrcFileId="1" StartOffset="563"/>
</LocList>
</BasicStmnt>
<BasicStmnt CovItemId="S7" CovItemPrefix="com.aconex.coding.challenge.NumberToAlphaConverter.java" Intrnl_Id="22">
<LocList>
<Loc EndOffset="615" SrcFileId="1" StartOffset="591"/>
</LocList>
</BasicStmnt>
<BasicStmnt CovItemId="S8" CovItemPrefix="com.aconex.coding.challenge.NumberToAlphaConverter.java" Intrnl_Id="23">
<LocList>
<Loc EndOffset="643" SrcFileId="1" StartOffset="619"/>
</LocList>
</BasicStmnt>
<BasicStmnt CovItemId="S9" CovItemPrefix="com.aconex.coding.challenge.NumberToAlphaConverter.java" Intrnl_Id="24">
<LocList>
<Loc EndOffset="689" SrcFileId="1" StartOffset="647"/>
</LocList>
</BasicStmnt>
<BasicStmnt CovItemId="S10" CovItemPrefix="com.aconex.coding.challenge.NumberToAlphaConverter.java" Intrnl_Id="25">
<LocList>
<Loc EndOffset="752" SrcFileId="1" StartOffset="693"/>
</LocList>
</BasicStmnt>
<BasicStmnt CovItemId="S11" CovItemPrefix="com.aconex.coding.challenge.NumberToAlphaConverter.java" Intrnl_Id="26">
<LocList>
<Loc EndOffset="780" SrcFileId="1" StartOffset="756"/>
</LocList>
</BasicStmnt>
<BasicStmnt CovItemId="S12" CovItemPrefix="com.aconex.coding.challenge.NumberToAlphaConverter.java" Intrnl_Id="27">
<LocList>
<Loc EndOffset="808" SrcFileId="1" StartOffset="784"/>
</LocList>
</BasicStmnt>
<BasicStmnt CovItemId="S13" CovItemPrefix="com.aconex.coding.challenge.NumberToAlphaConverter.java" Intrnl_Id="28">
<LocList>
<Loc EndOffset="836" SrcFileId="1" StartOffset="812"/>
</LocList>
</BasicStmnt>
<BasicStmnt CovItemId="S14" CovItemPrefix="com.aconex.coding.challenge.NumberToAlphaConverter.java" Intrnl_Id="29">
<LocList>
<Loc EndOffset="882" SrcFileId="1" StartOffset="840"/>
</LocList>
</BasicStmnt>
<BasicStmnt CovItemId="S15" CovItemPrefix="com.aconex.coding.challenge.NumberToAlphaConverter.java" Intrnl_Id="30">
<LocList>
<Loc EndOffset="945" SrcFileId="1" StartOffset="886"/>
</LocList>
</BasicStmnt>
<BasicStmnt CovItemId="S16" CovItemPrefix="com.aconex.coding.challenge.NumberToAlphaConverter.java" Intrnl_Id="31">
<LocList>
<Loc EndOffset="973" SrcFileId="1" StartOffset="949"/>
</LocList>
</BasicStmnt>
<BasicStmnt CovItemId="S17" CovItemPrefix="com.aconex.coding.challenge.NumberToAlphaConverter.java" Intrnl_Id="32">
<LocList>
<Loc EndOffset="1001" SrcFileId="1" StartOffset="977"/>
</LocList>
</BasicStmnt>
<BasicStmnt CovItemId="S18" CovItemPrefix="com.aconex.coding.challenge.NumberToAlphaConverter.java" Intrnl_Id="33">
<LocList>
<Loc EndOffset="1029" SrcFileId="1" StartOffset="1005"/>
</LocList>
</BasicStmnt>
<BasicStmnt CovItemId="S19" CovItemPrefix="com.aconex.coding.challenge.NumberToAlphaConverter.java" Intrnl_Id="34">
<LocList>
<Loc EndOffset="1075" SrcFileId="1" StartOffset="1033"/>
</LocList>
</BasicStmnt>
<BasicStmnt CovItemId="S20" CovItemPrefix="com.aconex.coding.challenge.NumberToAlphaConverter.java" Intrnl_Id="35">
<LocList>
<Loc EndOffset="1138" SrcFileId="1" StartOffset="1079"/>
</LocList>
</BasicStmnt>
<BasicStmnt CovItemId="S21" CovItemPrefix="com.aconex.coding.challenge.NumberToAlphaConverter.java" Intrnl_Id="36">
<LocList>
<Loc EndOffset="1166" SrcFileId="1" StartOffset="1142"/>
</LocList>
</BasicStmnt>
<BasicStmnt CovItemId="S22" CovItemPrefix="com.aconex.coding.challenge.NumberToAlphaConverter.java" Intrnl_Id="37">
<LocList>
<Loc EndOffset="1194" SrcFileId="1" StartOffset="1170"/>
</LocList>
</BasicStmnt>
<BasicStmnt CovItemId="S23" CovItemPrefix="com.aconex.coding.challenge.NumberToAlphaConverter.java" Intrnl_Id="38">
<LocList>
<Loc EndOffset="1222" SrcFileId="1" StartOffset="1198"/>
</LocList>
</BasicStmnt>
<BasicStmnt CovItemId="S24" CovItemPrefix="com.aconex.coding.challenge.NumberToAlphaConverter.java" Intrnl_Id="39">
<LocList>
<Loc EndOffset="1268" SrcFileId="1" StartOffset="1226"/>
</LocList>
</BasicStmnt>
<BasicStmnt CovItemId="S25" CovItemPrefix="com.aconex.coding.challenge.NumberToAlphaConverter.java" Intrnl_Id="40">
<LocList>
<Loc EndOffset="1331" SrcFileId="1" StartOffset="1272"/>
</LocList>
</BasicStmnt>
<BasicStmnt CovItemId="S26" CovItemPrefix="com.aconex.coding.challenge.NumberToAlphaConverter.java" Intrnl_Id="41">
<LocList>
<Loc EndOffset="1359" SrcFileId="1" StartOffset="1335"/>
</LocList>
</BasicStmnt>
<BasicStmnt CovItemId="S27" CovItemPrefix="com.aconex.coding.challenge.NumberToAlphaConverter.java" Intrnl_Id="42">
<LocList>
<Loc EndOffset="1387" SrcFileId="1" StartOffset="1363"/>
</LocList>
</BasicStmnt>
<BasicStmnt CovItemId="S28" CovItemPrefix="com.aconex.coding.challenge.NumberToAlphaConverter.java" Intrnl_Id="43">
<LocList>
<Loc EndOffset="1415" SrcFileId="1" StartOffset="1391"/>
</LocList>
</BasicStmnt>
<BasicStmnt CovItemId="S29" CovItemPrefix="com.aconex.coding.challenge.NumberToAlphaConverter.java" Intrnl_Id="44">
<LocList>
<Loc EndOffset="1461" SrcFileId="1" StartOffset="1419"/>
</LocList>
</BasicStmnt>
<BasicStmnt CovItemId="S30" CovItemPrefix="com.aconex.coding.challenge.NumberToAlphaConverter.java" Intrnl_Id="45">
<LocList>
<Loc EndOffset="1524" SrcFileId="1" StartOffset="1465"/>
</LocList>
</BasicStmnt>
<BasicStmnt CovItemId="S31" CovItemPrefix="com.aconex.coding.challenge.NumberToAlphaConverter.java" Intrnl_Id="46">
<LocList>
<Loc EndOffset="1552" SrcFileId="1" StartOffset="1528"/>
</LocList>
</BasicStmnt>
<BasicStmnt CovItemId="S32" CovItemPrefix="com.aconex.coding.challenge.NumberToAlphaConverter.java" Intrnl_Id="47">
<LocList>
<Loc EndOffset="1580" SrcFileId="1" StartOffset="1556"/>
</LocList>
</BasicStmnt>
<BasicStmnt CovItemId="S33" CovItemPrefix="com.aconex.coding.challenge.NumberToAlphaConverter.java" Intrnl_Id="48">
<LocList>
<Loc EndOffset="1608" SrcFileId="1" StartOffset="1584"/>
</LocList>
</BasicStmnt>
<BasicStmnt CovItemId="S34" CovItemPrefix="com.aconex.coding.challenge.NumberToAlphaConverter.java" Intrnl_Id="49">
<LocList>
<Loc EndOffset="1636" SrcFileId="1" StartOffset="1612"/>
</LocList>
</BasicStmnt>
<BasicStmnt CovItemId="S35" CovItemPrefix="com.aconex.coding.challenge.NumberToAlphaConverter.java" Intrnl_Id="50">
<LocList>
<Loc EndOffset="1682" SrcFileId="1" StartOffset="1640"/>
</LocList>
</BasicStmnt>
<BasicStmnt CovItemId="S36" CovItemPrefix="com.aconex.coding.challenge.NumberToAlphaConverter.java" Intrnl_Id="51">
<LocList>
<Loc EndOffset="1745" SrcFileId="1" StartOffset="1686"/>
</LocList>
</BasicStmnt>
<BasicStmnt CovItemId="S37" CovItemPrefix="com.aconex.coding.challenge.NumberToAlphaConverter.java" Intrnl_Id="52">
<LocList>
<Loc EndOffset="1773" SrcFileId="1" StartOffset="1749"/>
</LocList>
</BasicStmnt>
<BasicStmnt CovItemId="S38" CovItemPrefix="com.aconex.coding.challenge.NumberToAlphaConverter.java" Intrnl_Id="53">
<LocList>
<Loc EndOffset="1801" SrcFileId="1" StartOffset="1777"/>
</LocList>
</BasicStmnt>
<BasicStmnt CovItemId="S39" CovItemPrefix="com.aconex.coding.challenge.NumberToAlphaConverter.java" Intrnl_Id="54">
<LocList>
<Loc EndOffset="1829" SrcFileId="1" StartOffset="1805"/>
</LocList>
</BasicStmnt>
<BasicStmnt CovItemId="S40" CovItemPrefix="com.aconex.coding.challenge.NumberToAlphaConverter.java" Intrnl_Id="55">
<LocList>
<Loc EndOffset="1875" SrcFileId="1" StartOffset="1833"/>
</LocList>
</BasicStmnt>
<BasicStmnt CovItemId="S41" CovItemPrefix="com.aconex.coding.challenge.NumberToAlphaConverter.java" Intrnl_Id="56">
<LocList>
<Loc EndOffset="1938" SrcFileId="1" StartOffset="1879"/>
</LocList>
</BasicStmnt>
<BasicStmnt CovItemId="S42" CovItemPrefix="com.aconex.coding.challenge.NumberToAlphaConverter.java" Intrnl_Id="57">
<LocList>
<Loc EndOffset="1966" SrcFileId="1" StartOffset="1942"/>
</LocList>
</BasicStmnt>
<BasicStmnt CovItemId="S43" CovItemPrefix="com.aconex.coding.challenge.NumberToAlphaConverter.java" Intrnl_Id="58">
<LocList>
<Loc EndOffset="1994" SrcFileId="1" StartOffset="1970"/>
</LocList>
</BasicStmnt>
<BasicStmnt CovItemId="S44" CovItemPrefix="com.aconex.coding.challenge.NumberToAlphaConverter.java" Intrnl_Id="59">
<LocList>
<Loc EndOffset="2022" SrcFileId="1" StartOffset="1998"/>
</LocList>
</BasicStmnt>
<BasicStmnt CovItemId="S45" CovItemPrefix="com.aconex.coding.challenge.NumberToAlphaConverter.java" Intrnl_Id="60">
<LocList>
<Loc EndOffset="2050" SrcFileId="1" StartOffset="2026"/>
</LocList>
</BasicStmnt>
<BasicStmnt CovItemId="S46" CovItemPrefix="com.aconex.coding.challenge.NumberToAlphaConverter.java" Intrnl_Id="61">
<LocList>
<Loc EndOffset="2096" SrcFileId="1" StartOffset="2054"/>
</LocList>
</BasicStmnt>
</StmntSeq>
<HierarchyLvl HierarchyLvlId="116" HierarchyLvlTypeId="7" Intrnl_Id="62" Name="findLastDigitPosition">
<Header>
<Loc EndOffset="2173" SrcFileId="1" StartOffset="2109"/>
</Header>
<LocList>
<Loc EndOffset="2500" SrcFileId="1" StartOffset="2109"/>
</LocList>
<StmntSeq Intrnl_Id="63">
<LocList>
<Loc EndOffset="2191" SrcFileId="1" StartOffset="2178"/>
<Loc EndOffset="2213" SrcFileId="1" StartOffset="2195"/>
<Loc EndOffset="2235" SrcFileId="1" StartOffset="2217"/>
<Loc EndOffset="2477" SrcFileId="1" StartOffset="2239"/>
<Loc EndOffset="2492" SrcFileId="1" StartOffset="2481"/>
</LocList>
<BasicStmnt CovItemId="S47" CovItemPrefix="com.aconex.coding.challenge.NumberToAlphaConverter.java" Intrnl_Id="64">
<LocList>
<Loc EndOffset="2191" SrcFileId="1" StartOffset="2178"/>
</LocList>
</BasicStmnt>
<BasicStmnt CovItemId="S48" CovItemPrefix="com.aconex.coding.challenge.NumberToAlphaConverter.java" Intrnl_Id="65">
<LocList>
<Loc EndOffset="2213" SrcFileId="1" StartOffset="2195"/>
</LocList>
</BasicStmnt>
<BasicStmnt CovItemId="S49" CovItemPrefix="com.aconex.coding.challenge.NumberToAlphaConverter.java" Intrnl_Id="66">
<LocList>
<Loc EndOffset="2235" SrcFileId="1" StartOffset="2217"/>
</LocList>
</BasicStmnt>
<LoopStmnt CovItemId="S50" CovItemPrefix="com.aconex.coding.challenge.NumberToAlphaConverter.java" Intrnl_Id="67" MltplExecId="L1-2" MltplExecPrefix="com.aconex.coding.challenge.NumberToAlphaConverter.java" NvrExecId="L1-0" NvrExecPrefix="com.aconex.coding.challenge.NumberToAlphaConverter.java" OnceExecutedId="L1-1" OnceExecutedPrefix="com.aconex.coding.challenge.NumberToAlphaConverter.java" OptBodyExec="true">
<StmntSeq Intrnl_Id="68">
<LocList>
<Loc EndOffset="2350" SrcFileId="1" StartOffset="2303"/>
<Loc EndOffset="2472" SrcFileId="1" StartOffset="2355"/>
</LocList>
<BasicStmnt CovItemId="S51" CovItemPrefix="com.aconex.coding.challenge.NumberToAlphaConverter.java" Intrnl_Id="69">
<LocList>
<Loc EndOffset="2350" SrcFileId="1" StartOffset="2303"/>
</LocList>
</BasicStmnt>
<CondStmnt CovItemId="S52" CovItemPrefix="com.aconex.coding.challenge.NumberToAlphaConverter.java" Intrnl_Id="70">
<Branch CovItemId="B1" CovItemPrefix="com.aconex.coding.challenge.NumberToAlphaConverter.java" Implct="false" Intrnl_Id="71">
<Cond/>
<LocList>
<Loc EndOffset="2422" SrcFileId="1" StartOffset="2397"/>
</LocList>
<StmntSeq Intrnl_Id="72">
<LocList>
<Loc EndOffset="2416" SrcFileId="1" StartOffset="2404"/>
</LocList>
<BasicStmnt CovItemId="S53" CovItemPrefix="com.aconex.coding.challenge.NumberToAlphaConverter.java" Intrnl_Id="73">
<LocList>
<Loc EndOffset="2416" SrcFileId="1" StartOffset="2404"/>
</LocList>
</BasicStmnt>
</StmntSeq>
</Branch>
<Branch CovItemId="B2" CovItemPrefix="com.aconex.coding.challenge.NumberToAlphaConverter.java" Implct="false" Intrnl_Id="74">
<Cond>
<Loc EndOffset="2426" SrcFileId="1" StartOffset="2422"/>
</Cond>
<LocList>
<Loc EndOffset="2472" SrcFileId="1" StartOffset="2427"/>
</LocList>
<StmntSeq Intrnl_Id="75">
<LocList>
<Loc EndOffset="2472" SrcFileId="1" StartOffset="2427"/>
</LocList>
<CondStmnt CovItemId="S54" CovItemPrefix="com.aconex.coding.challenge.NumberToAlphaConverter.java" Intrnl_Id="76">
<Branch CovItemId="B3" CovItemPrefix="com.aconex.coding.challenge.NumberToAlphaConverter.java" Implct="false" Intrnl_Id="77">
<Cond/>
<LocList>
<Loc EndOffset="2472" SrcFileId="1" StartOffset="2447"/>
</LocList>
<StmntSeq Intrnl_Id="78">
<LocList>
<Loc EndOffset="2466" SrcFileId="1" StartOffset="2454"/>
</LocList>
<BasicStmnt CovItemId="S55" CovItemPrefix="com.aconex.coding.challenge.NumberToAlphaConverter.java" Intrnl_Id="79">
<LocList>
<Loc EndOffset="2466" SrcFileId="1" StartOffset="2454"/>
</LocList>
</BasicStmnt>
</StmntSeq>
</Branch>
<Branch CovItemId="B4" CovItemPrefix="com.aconex.coding.challenge.NumberToAlphaConverter.java" Implct="true" Intrnl_Id="80">
<Cond/>
<LocList/>
<StmntSeq Intrnl_Id="81">
<LocList/>
</StmntSeq>
</Branch>
<Keyword EndOffset="2429" SrcFileId="1" StartOffset="2427"/>
<LocList>
<Loc EndOffset="2472" SrcFileId="1" StartOffset="2427"/>
</LocList>
<RootTerm CovItemId="C3" CovItemPrefix="com.aconex.coding.challenge.NumberToAlphaConverter.java" Intrnl_Id="82">
<BasicBoolTerm Intrnl_Id="83">
<LocList>
<Loc EndOffset="2446" SrcFileId="1" StartOffset="2430"/>
</LocList>
</BasicBoolTerm>
</RootTerm>
</CondStmnt>
</StmntSeq>
</Branch>
<Keyword EndOffset="2357" SrcFileId="1" StartOffset="2355"/>
<LocList>
<Loc EndOffset="2472" SrcFileId="1" StartOffset="2355"/>
</LocList>
<RootTerm CovItemId="C2" CovItemPrefix="com.aconex.coding.challenge.NumberToAlphaConverter.java" Intrnl_Id="84">
<OpTerm BooleanOpId="3" Intrnl_Id="85">
<BasicBoolTerm Intrnl_Id="86">
<LocList>
<Loc EndOffset="2375" SrcFileId="1" StartOffset="2358"/>
</LocList>
</BasicBoolTerm>
<BasicBoolTerm Intrnl_Id="87">
<LocList>
<Loc EndOffset="2396" SrcFileId="1" StartOffset="2379"/>
</LocList>
</BasicBoolTerm>
<LocList>
<Loc EndOffset="2378" SrcFileId="1" StartOffset="2376"/>
</LocList>
</OpTerm>
</RootTerm>
</CondStmnt>
</StmntSeq>
<Keyword EndOffset="2242" SrcFileId="1" StartOffset="2239"/>
<LocList>
<Loc EndOffset="2477" SrcFileId="1" StartOffset="2239"/>
</LocList>
<RootTerm CovItemId="C1" CovItemPrefix="com.aconex.coding.challenge.NumberToAlphaConverter.java" Intrnl_Id="88">
<BasicBoolTerm Intrnl_Id="89">
<LocList>
<Loc EndOffset="2288" SrcFileId="1" StartOffset="2258"/>
</LocList>
</BasicBoolTerm>
</RootTerm>
</LoopStmnt>
<BasicStmnt CovItemId="S56" CovItemPrefix="com.aconex.coding.challenge.NumberToAlphaConverter.java" Intrnl_Id="90">
<LocList>
<Loc EndOffset="2492" SrcFileId="1" StartOffset="2481"/>
</LocList>
</BasicStmnt>
</StmntSeq>
</HierarchyLvl>
<HierarchyLvl HierarchyLvlId="117" HierarchyLvlTypeId="7" Intrnl_Id="91" Name="alphaToDigit">
<Header>
<Loc EndOffset="2552" SrcFileId="1" StartOffset="2506"/>
</Header>
<LocList>
<Loc EndOffset="2953" SrcFileId="1" StartOffset="2506"/>
</LocList>
<StmntSeq Intrnl_Id="92">
<LocList>
<Loc EndOffset="2949" SrcFileId="1" StartOffset="2557"/>
</LocList>
<CondStmnt CovItemId="S57" CovItemPrefix="com.aconex.coding.challenge.NumberToAlphaConverter.java" Intrnl_Id="93">
<Branch CovItemId="B5" CovItemPrefix="com.aconex.coding.challenge.NumberToAlphaConverter.java" Implct="false" Intrnl_Id="94">
<Cond/>
<LocList>
<Loc EndOffset="2605" SrcFileId="1" StartOffset="2583"/>
</LocList>
<StmntSeq Intrnl_Id="95">
<LocList>
<Loc EndOffset="2600" SrcFileId="1" StartOffset="2589"/>
</LocList>
<BasicStmnt CovItemId="S58" CovItemPrefix="com.aconex.coding.challenge.NumberToAlphaConverter.java" Intrnl_Id="96">
<LocList>
<Loc EndOffset="2600" SrcFileId="1" StartOffset="2589"/>
</LocList>
</BasicStmnt>
</StmntSeq>
</Branch>
<Branch CovItemId="B6" CovItemPrefix="com.aconex.coding.challenge.NumberToAlphaConverter.java" Implct="false" Intrnl_Id="97">
<Cond>
<Loc EndOffset="2609" SrcFileId="1" StartOffset="2605"/>
</Cond>
<LocList>
<Loc EndOffset="2949" SrcFileId="1" StartOffset="2610"/>
</LocList>
<StmntSeq Intrnl_Id="98">
<LocList>
<Loc EndOffset="2949" SrcFileId="1" StartOffset="2610"/>
</LocList>
<CondStmnt CovItemId="S59" CovItemPrefix="com.aconex.coding.challenge.NumberToAlphaConverter.java" Intrnl_Id="99">
<Branch CovItemId="B7" CovItemPrefix="com.aconex.coding.challenge.NumberToAlphaConverter.java" Implct="false" Intrnl_Id="100">
<Cond/>
<LocList>
<Loc EndOffset="2658" SrcFileId="1" StartOffset="2636"/>
</LocList>
<StmntSeq Intrnl_Id="101">
<LocList>
<Loc EndOffset="2653" SrcFileId="1" StartOffset="2642"/>
</LocList>
<BasicStmnt CovItemId="S60" CovItemPrefix="com.aconex.coding.challenge.NumberToAlphaConverter.java" Intrnl_Id="102">
<LocList>
<Loc EndOffset="2653" SrcFileId="1" StartOffset="2642"/>
</LocList>
</BasicStmnt>
</StmntSeq>
</Branch>
<Branch CovItemId="B8" CovItemPrefix="com.aconex.coding.challenge.NumberToAlphaConverter.java" Implct="false" Intrnl_Id="103">
<Cond>
<Loc EndOffset="2662" SrcFileId="1" StartOffset="2658"/>
</Cond>
<LocList>
<Loc EndOffset="2949" SrcFileId="1" StartOffset="2663"/>
</LocList>
<StmntSeq Intrnl_Id="104">
<LocList>
<Loc EndOffset="2949" SrcFileId="1" StartOffset="2663"/>
</LocList>
<CondStmnt CovItemId="S61" CovItemPrefix="com.aconex.coding.challenge.NumberToAlphaConverter.java" Intrnl_Id="105">
<Branch CovItemId="B9" CovItemPrefix="com.aconex.coding.challenge.NumberToAlphaConverter.java" Implct="false" Intrnl_Id="106">
<Cond/>
<LocList>
<Loc EndOffset="2711" SrcFileId="1" StartOffset="2689"/>
</LocList>
<StmntSeq Intrnl_Id="107">
<LocList>
<Loc EndOffset="2706" SrcFileId="1" StartOffset="2695"/>
</LocList>
<BasicStmnt CovItemId="S62" CovItemPrefix="com.aconex.coding.challenge.NumberToAlphaConverter.java" Intrnl_Id="108">
<LocList>
<Loc EndOffset="2706" SrcFileId="1" StartOffset="2695"/>
</LocList>
</BasicStmnt>
</StmntSeq>
</Branch>
<Branch CovItemId="B10" CovItemPrefix="com.aconex.coding.challenge.NumberToAlphaConverter.java" Implct="false" Intrnl_Id="109">
<Cond>
<Loc EndOffset="2715" SrcFileId="1" StartOffset="2711"/>
</Cond>
<LocList>
<Loc EndOffset="2949" SrcFileId="1" StartOffset="2716"/>
</LocList>
<StmntSeq Intrnl_Id="110">
<LocList>
<Loc EndOffset="2949" SrcFileId="1" StartOffset="2716"/>
</LocList>
<CondStmnt CovItemId="S63" CovItemPrefix="com.aconex.coding.challenge.NumberToAlphaConverter.java" Intrnl_Id="111">
<Branch CovItemId="B11" CovItemPrefix="com.aconex.coding.challenge.NumberToAlphaConverter.java" Implct="false" Intrnl_Id="112">
<Cond/>
<LocList>
<Loc EndOffset="2764" SrcFileId="1" StartOffset="2742"/>
</LocList>
<StmntSeq Intrnl_Id="113">
<LocList>
<Loc EndOffset="2759" SrcFileId="1" StartOffset="2748"/>
</LocList>
<BasicStmnt CovItemId="S64" CovItemPrefix="com.aconex.coding.challenge.NumberToAlphaConverter.java" Intrnl_Id="114">
<LocList>
<Loc EndOffset="2759" SrcFileId="1" StartOffset="2748"/>
</LocList>
</BasicStmnt>
</StmntSeq>
</Branch>
<Branch CovItemId="B12" CovItemPrefix="com.aconex.coding.challenge.NumberToAlphaConverter.java" Implct="false" Intrnl_Id="115">
<Cond>
<Loc EndOffset="2768" SrcFileId="1" StartOffset="2764"/>
</Cond>
<LocList>
<Loc EndOffset="2949" SrcFileId="1" StartOffset="2769"/>
</LocList>
<StmntSeq Intrnl_Id="116">
<LocList>
<Loc EndOffset="2949" SrcFileId="1" StartOffset="2769"/>
</LocList>
<CondStmnt CovItemId="S65" CovItemPrefix="com.aconex.coding.challenge.NumberToAlphaConverter.java" Intrnl_Id="117">
<Branch CovItemId="B13" CovItemPrefix="com.aconex.coding.challenge.NumberToAlphaConverter.java" Implct="false" Intrnl_Id="118">
<Cond/>
<LocList>
<Loc EndOffset="2817" SrcFileId="1" StartOffset="2795"/>
</LocList>
<StmntSeq Intrnl_Id="119">
<LocList>
<Loc EndOffset="2812" SrcFileId="1" StartOffset="2801"/>
</LocList>
<BasicStmnt CovItemId="S66" CovItemPrefix="com.aconex.coding.challenge.NumberToAlphaConverter.java" Intrnl_Id="120">
<LocList>
<Loc EndOffset="2812" SrcFileId="1" StartOffset="2801"/>
</LocList>
</BasicStmnt>
</StmntSeq>
</Branch>
<Branch CovItemId="B14" CovItemPrefix="com.aconex.coding.challenge.NumberToAlphaConverter.java" Implct="false" Intrnl_Id="121">
<Cond>
<Loc EndOffset="2821" SrcFileId="1" StartOffset="2817"/>
</Cond>
<LocList>
<Loc EndOffset="2949" SrcFileId="1" StartOffset="2822"/>
</LocList>
<StmntSeq Intrnl_Id="122">
<LocList>
<Loc EndOffset="2949" SrcFileId="1" StartOffset="2822"/>
</LocList>
<CondStmnt CovItemId="S67" CovItemPrefix="com.aconex.coding.challenge.NumberToAlphaConverter.java" Intrnl_Id="123">
<Branch CovItemId="B15" CovItemPrefix="com.aconex.coding.challenge.NumberToAlphaConverter.java" Implct="false" Intrnl_Id="124">
<Cond/>
<LocList>
<Loc EndOffset="2870" SrcFileId="1" StartOffset="2848"/>
</LocList>
<StmntSeq Intrnl_Id="125">
<LocList>
<Loc EndOffset="2865" SrcFileId="1" StartOffset="2854"/>
</LocList>
<BasicStmnt CovItemId="S68" CovItemPrefix="com.aconex.coding.challenge.NumberToAlphaConverter.java" Intrnl_Id="126">
<LocList>
<Loc EndOffset="2865" SrcFileId="1" StartOffset="2854"/>
</LocList>
</BasicStmnt>
</StmntSeq>
</Branch>
<Branch CovItemId="B16" CovItemPrefix="com.aconex.coding.challenge.NumberToAlphaConverter.java" Implct="false" Intrnl_Id="127">
<Cond>
<Loc EndOffset="2874" SrcFileId="1" StartOffset="2870"/>
</Cond>
<LocList>
<Loc EndOffset="2949" SrcFileId="1" StartOffset="2875"/>
</LocList>
<StmntSeq Intrnl_Id="128">
<LocList>
<Loc EndOffset="2949" SrcFileId="1" StartOffset="2875"/>
</LocList>
<CondStmnt CovItemId="S69" CovItemPrefix="com.aconex.coding.challenge.NumberToAlphaConverter.java" Intrnl_Id="129">
<Branch CovItemId="B17" CovItemPrefix="com.aconex.coding.challenge.NumberToAlphaConverter.java" Implct="false" Intrnl_Id="130">
<Cond/>
<LocList>
<Loc EndOffset="2923" SrcFileId="1" StartOffset="2901"/>
</LocList>
<StmntSeq Intrnl_Id="131">
<LocList>
<Loc EndOffset="2918" SrcFileId="1" StartOffset="2907"/>
</LocList>
<BasicStmnt CovItemId="S70" CovItemPrefix="com.aconex.coding.challenge.NumberToAlphaConverter.java" Intrnl_Id="132">
<LocList>
<Loc EndOffset="2918" SrcFileId="1" StartOffset="2907"/>
</LocList>
</BasicStmnt>
</StmntSeq>
</Branch>
<Branch CovItemId="B18" CovItemPrefix="com.aconex.coding.challenge.NumberToAlphaConverter.java" Implct="false" Intrnl_Id="133">
<Cond>
<Loc EndOffset="2927" SrcFileId="1" StartOffset="2923"/>
</Cond>
<LocList>
<Loc EndOffset="2949" SrcFileId="1" StartOffset="2927"/>
</LocList>
<StmntSeq Intrnl_Id="134">
<LocList>
<Loc EndOffset="2944" SrcFileId="1" StartOffset="2933"/>
</LocList>
<BasicStmnt CovItemId="S71" CovItemPrefix="com.aconex.coding.challenge.NumberToAlphaConverter.java" Intrnl_Id="135">
<LocList>
<Loc EndOffset="2944" SrcFileId="1" StartOffset="2933"/>
</LocList>
</BasicStmnt>
</StmntSeq>
</Branch>
<Keyword EndOffset="2877" SrcFileId="1" StartOffset="2875"/>
<LocList>
<Loc EndOffset="2949" SrcFileId="1" StartOffset="2875"/>
</LocList>
<RootTerm CovItemId="C10" CovItemPrefix="com.aconex.coding.challenge.NumberToAlphaConverter.java" Intrnl_Id="136">
<OpTerm BooleanOpId="3" Intrnl_Id="137">
<BasicBoolTerm Intrnl_Id="138">
<LocList>
<Loc EndOffset="2888" SrcFileId="1" StartOffset="2878"/>
</LocList>
</BasicBoolTerm>
<BasicBoolTerm Intrnl_Id="139">
<LocList>
<Loc EndOffset="2900" SrcFileId="1" StartOffset="2890"/>
</LocList>
</BasicBoolTerm>
<LocList>
<Loc EndOffset="2890" SrcFileId="1" StartOffset="2888"/>
</LocList>
</OpTerm>
</RootTerm>
</CondStmnt>
</StmntSeq>
</Branch>
<Keyword EndOffset="2824" SrcFileId="1" StartOffset="2822"/>
<LocList>
<Loc EndOffset="2949" SrcFileId="1" StartOffset="2822"/>
</LocList>
<RootTerm CovItemId="C9" CovItemPrefix="com.aconex.coding.challenge.NumberToAlphaConverter.java" Intrnl_Id="140">
<OpTerm BooleanOpId="3" Intrnl_Id="141">
<BasicBoolTerm Intrnl_Id="142">
<LocList>
<Loc EndOffset="2835" SrcFileId="1" StartOffset="2825"/>
</LocList>
</BasicBoolTerm>
<BasicBoolTerm Intrnl_Id="143">
<LocList>
<Loc EndOffset="2847" SrcFileId="1" StartOffset="2837"/>
</LocList>
</BasicBoolTerm>
<LocList>
<Loc EndOffset="2837" SrcFileId="1" StartOffset="2835"/>
</LocList>
</OpTerm>
</RootTerm>
</CondStmnt>
</StmntSeq>
</Branch>
<Keyword EndOffset="2771" SrcFileId="1" StartOffset="2769"/>
<LocList>
<Loc EndOffset="2949" SrcFileId="1" StartOffset="2769"/>
</LocList>
<RootTerm CovItemId="C8" CovItemPrefix="com.aconex.coding.challenge.NumberToAlphaConverter.java" Intrnl_Id="144">
<OpTerm BooleanOpId="3" Intrnl_Id="145">
<BasicBoolTerm Intrnl_Id="146">
<LocList>
<Loc EndOffset="2782" SrcFileId="1" StartOffset="2772"/>
</LocList>
</BasicBoolTerm>
<BasicBoolTerm Intrnl_Id="147">
<LocList>
<Loc EndOffset="2794" SrcFileId="1" StartOffset="2784"/>
</LocList>
</BasicBoolTerm>
<LocList>
<Loc EndOffset="2784" SrcFileId="1" StartOffset="2782"/>
</LocList>
</OpTerm>
</RootTerm>
</CondStmnt>
</StmntSeq>
</Branch>
<Keyword EndOffset="2718" SrcFileId="1" StartOffset="2716"/>
<LocList>
<Loc EndOffset="2949" SrcFileId="1" StartOffset="2716"/>
</LocList>
<RootTerm CovItemId="C7" CovItemPrefix="com.aconex.coding.challenge.NumberToAlphaConverter.java" Intrnl_Id="148">
<OpTerm BooleanOpId="3" Intrnl_Id="149">
<BasicBoolTerm Intrnl_Id="150">
<LocList>
<Loc EndOffset="2729" SrcFileId="1" StartOffset="2719"/>
</LocList>
</BasicBoolTerm>
<BasicBoolTerm Intrnl_Id="151">
<LocList>
<Loc EndOffset="2741" SrcFileId="1" StartOffset="2731"/>
</LocList>
</BasicBoolTerm>
<LocList>
<Loc EndOffset="2731" SrcFileId="1" StartOffset="2729"/>
</LocList>
</OpTerm>
</RootTerm>
</CondStmnt>
</StmntSeq>
</Branch>
<Keyword EndOffset="2665" SrcFileId="1" StartOffset="2663"/>
<LocList>
<Loc EndOffset="2949" SrcFileId="1" StartOffset="2663"/>
</LocList>
<RootTerm CovItemId="C6" CovItemPrefix="com.aconex.coding.challenge.NumberToAlphaConverter.java" Intrnl_Id="152">
<OpTerm BooleanOpId="3" Intrnl_Id="153">
<BasicBoolTerm Intrnl_Id="154">
<LocList>
<Loc EndOffset="2676" SrcFileId="1" StartOffset="2666"/>
</LocList>
</BasicBoolTerm>
<BasicBoolTerm Intrnl_Id="155">
<LocList>
<Loc EndOffset="2688" SrcFileId="1" StartOffset="2678"/>
</LocList>
</BasicBoolTerm>
<LocList>
<Loc EndOffset="2678" SrcFileId="1" StartOffset="2676"/>
</LocList>
</OpTerm>
</RootTerm>
</CondStmnt>
</StmntSeq>
</Branch>
<Keyword EndOffset="2612" SrcFileId="1" StartOffset="2610"/>
<LocList>
<Loc EndOffset="2949" SrcFileId="1" StartOffset="2610"/>
</LocList>
<RootTerm CovItemId="C5" CovItemPrefix="com.aconex.coding.challenge.NumberToAlphaConverter.java" Intrnl_Id="156">
<OpTerm BooleanOpId="3" Intrnl_Id="157">
<BasicBoolTerm Intrnl_Id="158">
<LocList>
<Loc EndOffset="2623" SrcFileId="1" StartOffset="2613"/>
</LocList>
</BasicBoolTerm>
<BasicBoolTerm Intrnl_Id="159">
<LocList>
<Loc EndOffset="2635" SrcFileId="1" StartOffset="2625"/>
</LocList>
</BasicBoolTerm>
<LocList>
<Loc EndOffset="2625" SrcFileId="1" StartOffset="2623"/>
</LocList>
</OpTerm>
</RootTerm>
</CondStmnt>
</StmntSeq>
</Branch>
<Keyword EndOffset="2559" SrcFileId="1" StartOffset="2557"/>
<LocList>
<Loc EndOffset="2949" SrcFileId="1" StartOffset="2557"/>
</LocList>
<RootTerm CovItemId="C4" CovItemPrefix="com.aconex.coding.challenge.NumberToAlphaConverter.java" Intrnl_Id="160">
<OpTerm BooleanOpId="3" Intrnl_Id="161">
<BasicBoolTerm Intrnl_Id="162">
<LocList>
<Loc EndOffset="2570" SrcFileId="1" StartOffset="2560"/>
</LocList>
</BasicBoolTerm>
<BasicBoolTerm Intrnl_Id="163">
<LocList>
<Loc EndOffset="2582" SrcFileId="1" StartOffset="2572"/>
</LocList>
</BasicBoolTerm>
<LocList>
<Loc EndOffset="2572" SrcFileId="1" StartOffset="2570"/>
</LocList>
</OpTerm>
</RootTerm>
</CondStmnt>
</StmntSeq>
</HierarchyLvl>
<HierarchyLvl HierarchyLvlId="118" HierarchyLvlTypeId="7" Intrnl_Id="164" Name="replaceStringWithDigit">
<Header>
<Loc EndOffset="3023" SrcFileId="1" StartOffset="2962"/>
</Header>
<LocList>
<Loc EndOffset="3842" SrcFileId="1" StartOffset="2962"/>
</LocList>
<StmntSeq Intrnl_Id="165">
<LocList>
<Loc EndOffset="3071" SrcFileId="1" StartOffset="3028"/>
<Loc EndOffset="3664" SrcFileId="1" StartOffset="3075"/>
<Loc EndOffset="3838" SrcFileId="1" StartOffset="3824"/>
</LocList>
<BasicStmnt CovItemId="S72" CovItemPrefix="com.aconex.coding.challenge.NumberToAlphaConverter.java" Intrnl_Id="166">
<LocList>
<Loc EndOffset="3071" SrcFileId="1" StartOffset="3028"/>
</LocList>
</BasicStmnt>
<LoopStmnt CovItemId="S73" CovItemPrefix="com.aconex.coding.challenge.NumberToAlphaConverter.java" Intrnl_Id="167" MltplExecId="L2-2" MltplExecPrefix="com.aconex.coding.challenge.NumberToAlphaConverter.java" NvrExecId="L2-0" NvrExecPrefix="com.aconex.coding.challenge.NumberToAlphaConverter.java" OnceExecutedId="L2-1" OnceExecutedPrefix="com.aconex.coding.challenge.NumberToAlphaConverter.java" OptBodyExec="true">
<StmntSeq Intrnl_Id="168">
<LocList>
<Loc EndOffset="3659" SrcFileId="1" StartOffset="3114"/>
</LocList>
<CondStmnt CovItemId="S74" CovItemPrefix="com.aconex.coding.challenge.NumberToAlphaConverter.java" Intrnl_Id="169">
<Branch CovItemId="B19" CovItemPrefix="com.aconex.coding.challenge.NumberToAlphaConverter.java" Implct="false" Intrnl_Id="170">
<Cond/>
<LocList>
<Loc EndOffset="3287" SrcFileId="1" StartOffset="3122"/>
</LocList>
<StmntSeq Intrnl_Id="171">
<LocList>
<Loc EndOffset="3162" SrcFileId="1" StartOffset="3129"/>
<Loc EndOffset="3281" SrcFileId="1" StartOffset="3168"/>
</LocList>
<BasicStmnt CovItemId="S75" CovItemPrefix="com.aconex.coding.challenge.NumberToAlphaConverter.java" Intrnl_Id="172">
<LocList>
<Loc EndOffset="3162" SrcFileId="1" StartOffset="3129"/>
</LocList>
</BasicStmnt>
<CondStmnt CovItemId="S76" CovItemPrefix="com.aconex.coding.challenge.NumberToAlphaConverter.java" Intrnl_Id="173">
<Branch CovItemId="B21" CovItemPrefix="com.aconex.coding.challenge.NumberToAlphaConverter.java" Implct="false" Intrnl_Id="174">
<Cond/>
<LocList>
<Loc EndOffset="3281" SrcFileId="1" StartOffset="3221"/>
</LocList>
<StmntSeq Intrnl_Id="175">
<LocList>
<Loc EndOffset="3274" SrcFileId="1" StartOffset="3229"/>
</LocList>
<BasicStmnt CovItemId="S77" CovItemPrefix="com.aconex.coding.challenge.NumberToAlphaConverter.java" Intrnl_Id="176">
<LocList>
<Loc EndOffset="3274" SrcFileId="1" StartOffset="3229"/>
</LocList>
</BasicStmnt>
</StmntSeq>
</Branch>
<Branch CovItemId="B22" CovItemPrefix="com.aconex.coding.challenge.NumberToAlphaConverter.java" Implct="true" Intrnl_Id="177">
<Cond/>
<LocList/>
<StmntSeq Intrnl_Id="178">
<LocList/>
</StmntSeq>
</Branch>
<Keyword EndOffset="3170" SrcFileId="1" StartOffset="3168"/>
<LocList>
<Loc EndOffset="3281" SrcFileId="1" StartOffset="3168"/>
</LocList>
<RootTerm CovItemId="C13" CovItemPrefix="com.aconex.coding.challenge.NumberToAlphaConverter.java" Intrnl_Id="179">
<BasicBoolTerm Intrnl_Id="180">
<LocList>
<Loc EndOffset="3220" SrcFileId="1" StartOffset="3171"/>
</LocList>
</BasicBoolTerm>
</RootTerm>
</CondStmnt>
</StmntSeq>
</Branch>
<Branch CovItemId="B20" CovItemPrefix="com.aconex.coding.challenge.NumberToAlphaConverter.java" Implct="false" Intrnl_Id="181">
<Cond>
<Loc EndOffset="3296" SrcFileId="1" StartOffset="3292"/>
</Cond>
<LocList>
<Loc EndOffset="3659" SrcFileId="1" StartOffset="3296"/>
</LocList>
<StmntSeq Intrnl_Id="182">
<LocList>
<Loc EndOffset="3336" SrcFileId="1" StartOffset="3303"/>
<Loc EndOffset="3653" SrcFileId="1" StartOffset="3384"/>
</LocList>
<BasicStmnt CovItemId="S78" CovItemPrefix="com.aconex.coding.challenge.NumberToAlphaConverter.java" Intrnl_Id="183">
<LocList>
<Loc EndOffset="3336" SrcFileId="1" StartOffset="3303"/>
</LocList>
</BasicStmnt>
<CondStmnt CovItemId="S79" CovItemPrefix="com.aconex.coding.challenge.NumberToAlphaConverter.java" Intrnl_Id="184">
<Branch CovItemId="B23" CovItemPrefix="com.aconex.coding.challenge.NumberToAlphaConverter.java" Implct="false" Intrnl_Id="185">
<Cond/>
<LocList>
<Loc EndOffset="3653" SrcFileId="1" StartOffset="3430"/>
</LocList>
<StmntSeq Intrnl_Id="186">
<LocList>
<Loc EndOffset="3472" SrcFileId="1" StartOffset="3438"/>
<Loc EndOffset="3646" SrcFileId="1" StartOffset="3524"/>
</LocList>
<BasicStmnt CovItemId="S80" CovItemPrefix="com.aconex.coding.challenge.NumberToAlphaConverter.java" Intrnl_Id="187">
<LocList>
<Loc EndOffset="3472" SrcFileId="1" StartOffset="3438"/>
</LocList>
</BasicStmnt>
<CondStmnt CovItemId="S81" CovItemPrefix="com.aconex.coding.challenge.NumberToAlphaConverter.java" Intrnl_Id="188">
<Branch CovItemId="B25" CovItemPrefix="com.aconex.coding.challenge.NumberToAlphaConverter.java" Implct="false" Intrnl_Id="189">
<Cond/>
<LocList>
<Loc EndOffset="3646" SrcFileId="1" StartOffset="3578"/>
</LocList>
<StmntSeq Intrnl_Id="190">
<LocList>
<Loc EndOffset="3638" SrcFileId="1" StartOffset="3587"/>
</LocList>
<BasicStmnt CovItemId="S82" CovItemPrefix="com.aconex.coding.challenge.NumberToAlphaConverter.java" Intrnl_Id="191">
<LocList>
<Loc EndOffset="3638" SrcFileId="1" StartOffset="3587"/>
</LocList>
</BasicStmnt>
</StmntSeq>
</Branch>
<Branch CovItemId="B26" CovItemPrefix="com.aconex.coding.challenge.NumberToAlphaConverter.java" Implct="true" Intrnl_Id="192">
<Cond/>
<LocList/>
<StmntSeq Intrnl_Id="193">
<LocList/>
</StmntSeq>
</Branch>
<Keyword EndOffset="3526" SrcFileId="1" StartOffset="3524"/>
<LocList>
<Loc EndOffset="3646" SrcFileId="1" StartOffset="3524"/>
</LocList>
<RootTerm CovItemId="C15" CovItemPrefix="com.aconex.coding.challenge.NumberToAlphaConverter.java" Intrnl_Id="194">
<BasicBoolTerm Intrnl_Id="195">
<LocList>
<Loc EndOffset="3577" SrcFileId="1" StartOffset="3527"/>
</LocList>
</BasicBoolTerm>
</RootTerm>
</CondStmnt>
</StmntSeq>
</Branch>
<Branch CovItemId="B24" CovItemPrefix="com.aconex.coding.challenge.NumberToAlphaConverter.java" Implct="true" Intrnl_Id="196">
<Cond/>
<LocList/>
<StmntSeq Intrnl_Id="197">
<LocList/>
</StmntSeq>
</Branch>
<Keyword EndOffset="3386" SrcFileId="1" StartOffset="3384"/>
<LocList>
<Loc EndOffset="3653" SrcFileId="1" StartOffset="3384"/>
</LocList>
<RootTerm CovItemId="C14" CovItemPrefix="com.aconex.coding.challenge.NumberToAlphaConverter.java" Intrnl_Id="198">
<BasicBoolTerm Intrnl_Id="199">
<LocList>
<Loc EndOffset="3429" SrcFileId="1" StartOffset="3387"/>
</LocList>
</BasicBoolTerm>
</RootTerm>
</CondStmnt>
</StmntSeq>
</Branch>
<Keyword EndOffset="3116" SrcFileId="1" StartOffset="3114"/>
<LocList>
<Loc EndOffset="3659" SrcFileId="1" StartOffset="3114"/>
</LocList>
<RootTerm CovItemId="C12" CovItemPrefix="com.aconex.coding.challenge.NumberToAlphaConverter.java" Intrnl_Id="200">
<BasicBoolTerm Intrnl_Id="201">
<LocList>
<Loc EndOffset="3121" SrcFileId="1" StartOffset="3117"/>
</LocList>
</BasicBoolTerm>
</RootTerm>
</CondStmnt>
</StmntSeq>
<Keyword EndOffset="3078" SrcFileId="1" StartOffset="3075"/>
<LocList>
<Loc EndOffset="3664" SrcFileId="1" StartOffset="3075"/>
</LocList>
<RootTerm CovItemId="C11" CovItemPrefix="com.aconex.coding.challenge.NumberToAlphaConverter.java" Intrnl_Id="202">
<BasicBoolTerm Intrnl_Id="203">
<LocList>
<Loc EndOffset="3103" SrcFileId="1" StartOffset="3087"/>
</LocList>
</BasicBoolTerm>
</RootTerm>
</LoopStmnt>
<BasicStmnt CovItemId="S83" CovItemPrefix="com.aconex.coding.challenge.NumberToAlphaConverter.java" Intrnl_Id="204">
<LocList>
<Loc EndOffset="3838" SrcFileId="1" StartOffset="3824"/>
</LocList>
</BasicStmnt>
</StmntSeq>
</HierarchyLvl>
<HierarchyLvl HierarchyLvlId="119" HierarchyLvlTypeId="7" Intrnl_Id="205" Name="addToSet">
<Header>
<Loc EndOffset="3966" SrcFileId="1" StartOffset="3848"/>
</Header>
<LocList>
<Loc EndOffset="5942" SrcFileId="1" StartOffset="3848"/>
</LocList>
<StmntSeq Intrnl_Id="206">
<LocList>
<Loc EndOffset="4023" SrcFileId="1" StartOffset="3971"/>
<Loc EndOffset="5911" SrcFileId="1" StartOffset="4027"/>
<Loc EndOffset="5938" SrcFileId="1" StartOffset="5915"/>
</LocList>
<BasicStmnt CovItemId="S84" CovItemPrefix="com.aconex.coding.challenge.NumberToAlphaConverter.java" Intrnl_Id="207">
<LocList>
<Loc EndOffset="4023" SrcFileId="1" StartOffset="3971"/>
</LocList>
</BasicStmnt>
<CondStmnt CovItemId="S85" CovItemPrefix="com.aconex.coding.challenge.NumberToAlphaConverter.java" Intrnl_Id="208">
<Branch CovItemId="B27" CovItemPrefix="com.aconex.coding.challenge.NumberToAlphaConverter.java" Implct="false" Intrnl_Id="209">
<Cond/>
<LocList>
<Loc EndOffset="4346" SrcFileId="1" StartOffset="4048"/>
</LocList>
<StmntSeq Intrnl_Id="210">
<LocList>
<Loc EndOffset="4341" SrcFileId="1" StartOffset="4054"/>
</LocList>
<LoopStmnt CovItemId="S86" CovItemPrefix="com.aconex.coding.challenge.NumberToAlphaConverter.java" Intrnl_Id="211" MltplExecId="L3-2" MltplExecPrefix="com.aconex.coding.challenge.NumberToAlphaConverter.java" NvrExecId="L3-0" NvrExecPrefix="com.aconex.coding.challenge.NumberToAlphaConverter.java" OnceExecutedId="L3-1" OnceExecutedPrefix="com.aconex.coding.challenge.NumberToAlphaConverter.java" OptBodyExec="true">
<StmntSeq Intrnl_Id="212">
<LocList>
<Loc EndOffset="4151" SrcFileId="1" StartOffset="4098"/>
<Loc EndOffset="4207" SrcFileId="1" StartOffset="4157"/>
<Loc EndOffset="4335" SrcFileId="1" StartOffset="4213"/>
</LocList>
<BasicStmnt CovItemId="S87" CovItemPrefix="com.aconex.coding.challenge.NumberToAlphaConverter.java" Intrnl_Id="213">
<LocList>
<Loc EndOffset="4151" SrcFileId="1" StartOffset="4098"/>
</LocList>
</BasicStmnt>
<BasicStmnt CovItemId="S88" CovItemPrefix="com.aconex.coding.challenge.NumberToAlphaConverter.java" Intrnl_Id="214">
<LocList>
<Loc EndOffset="4207" SrcFileId="1" StartOffset="4157"/>
</LocList>
</BasicStmnt>
<CondStmnt CovItemId="S89" CovItemPrefix="com.aconex.coding.challenge.NumberToAlphaConverter.java" Intrnl_Id="215">
<Branch CovItemId="B29" CovItemPrefix="com.aconex.coding.challenge.NumberToAlphaConverter.java" Implct="false" Intrnl_Id="216">
<Cond/>
<LocList>
<Loc EndOffset="4335" SrcFileId="1" StartOffset="4276"/>
</LocList>
<StmntSeq Intrnl_Id="217">
<LocList>
<Loc EndOffset="4328" SrcFileId="1" StartOffset="4284"/>
</LocList>
<BasicStmnt CovItemId="S90" CovItemPrefix="com.aconex.coding.challenge.NumberToAlphaConverter.java" Intrnl_Id="218">
<LocList>
<Loc EndOffset="4328" SrcFileId="1" StartOffset="4284"/>
</LocList>
</BasicStmnt>
</StmntSeq>
</Branch>
<Branch CovItemId="B30" CovItemPrefix="com.aconex.coding.challenge.NumberToAlphaConverter.java" Implct="true" Intrnl_Id="219">
<Cond/>
<LocList/>
<StmntSeq Intrnl_Id="220">
<LocList/>
</StmntSeq>
</Branch>
<Keyword EndOffset="4215" SrcFileId="1" StartOffset="4213"/>
<LocList>
<Loc EndOffset="4335" SrcFileId="1" StartOffset="4213"/>
</LocList>
<RootTerm CovItemId="C17" CovItemPrefix="com.aconex.coding.challenge.NumberToAlphaConverter.java" Intrnl_Id="221">
<OpTerm BooleanOpId="4" Intrnl_Id="222">
<BasicBoolTerm Intrnl_Id="223">
<LocList>
<Loc EndOffset="4257" SrcFileId="1" StartOffset="4216"/>
</LocList>
</BasicBoolTerm>
<BasicBoolTerm Intrnl_Id="224">
<LocList>
<Loc EndOffset="4275" SrcFileId="1" StartOffset="4261"/>
</LocList>
</BasicBoolTerm>
<LocList>
<Loc EndOffset="4260" SrcFileId="1" StartOffset="4258"/>
</LocList>
</OpTerm>
</RootTerm>
</CondStmnt>
</StmntSeq>
<Keyword EndOffset="4057" SrcFileId="1" StartOffset="4054"/>
<LocList>
<Loc EndOffset="4341" SrcFileId="1" StartOffset="4054"/>
</LocList>
</LoopStmnt>
</StmntSeq>
</Branch>
<Branch CovItemId="B28" CovItemPrefix="com.aconex.coding.challenge.NumberToAlphaConverter.java" Implct="false" Intrnl_Id="225">
<Cond>
<Loc EndOffset="4354" SrcFileId="1" StartOffset="4350"/>
</Cond>
<LocList>
<Loc EndOffset="5911" SrcFileId="1" StartOffset="4355"/>
</LocList>
<StmntSeq Intrnl_Id="226">
<LocList>
<Loc EndOffset="5911" SrcFileId="1" StartOffset="4355"/>
</LocList>
<CondStmnt CovItemId="S91" CovItemPrefix="com.aconex.coding.challenge.NumberToAlphaConverter.java" Intrnl_Id="227">
<Branch CovItemId="B31" CovItemPrefix="com.aconex.coding.challenge.NumberToAlphaConverter.java" Implct="false" Intrnl_Id="228">
<Cond/>
<LocList>
<Loc EndOffset="5808" SrcFileId="1" StartOffset="4380"/>
</LocList>
<StmntSeq Intrnl_Id="229">
<LocList>
<Loc EndOffset="5803" SrcFileId="1" StartOffset="4386"/>
</LocList>
<LoopStmnt CovItemId="S92" CovItemPrefix="com.aconex.coding.challenge.NumberToAlphaConverter.java" Intrnl_Id="230" MltplExecId="L4-2" MltplExecPrefix="com.aconex.coding.challenge.NumberToAlphaConverter.java" NvrExecId="L4-0" NvrExecPrefix="com.aconex.coding.challenge.NumberToAlphaConverter.java" OnceExecutedId="L4-1" OnceExecutedPrefix="com.aconex.coding.challenge.NumberToAlphaConverter.java" OptBodyExec="true">
<StmntSeq Intrnl_Id="231">
<LocList>
<Loc EndOffset="4487" SrcFileId="1" StartOffset="4432"/>
<Loc EndOffset="4545" SrcFileId="1" StartOffset="4493"/>
<Loc EndOffset="5797" SrcFileId="1" StartOffset="4551"/>
</LocList>
<BasicStmnt CovItemId="S93" CovItemPrefix="com.aconex.coding.challenge.NumberToAlphaConverter.java" Intrnl_Id="232">
<LocList>
<Loc EndOffset="4487" SrcFileId="1" StartOffset="4432"/>
</LocList>
</BasicStmnt>
<BasicStmnt CovItemId="S94" CovItemPrefix="com.aconex.coding.challenge.NumberToAlphaConverter.java" Intrnl_Id="233">
<LocList>
<Loc EndOffset="4545" SrcFileId="1" StartOffset="4493"/>
</LocList>
</BasicStmnt>
<LoopStmnt CovItemId="S95" CovItemPrefix="com.aconex.coding.challenge.NumberToAlphaConverter.java" Intrnl_Id="234" MltplExecId="L5-2" MltplExecPrefix="com.aconex.coding.challenge.NumberToAlphaConverter.java" NvrExecId="L5-0" NvrExecPrefix="com.aconex.coding.challenge.NumberToAlphaConverter.java" OnceExecutedId="L5-1" OnceExecutedPrefix="com.aconex.coding.challenge.NumberToAlphaConverter.java" OptBodyExec="true">
<StmntSeq Intrnl_Id="235">
<LocList>
<Loc EndOffset="4624" SrcFileId="1" StartOffset="4587"/>
<Loc EndOffset="5790" SrcFileId="1" StartOffset="4631"/>
</LocList>
<BasicStmnt CovItemId="S96" CovItemPrefix="com.aconex.coding.challenge.NumberToAlphaConverter.java" Intrnl_Id="236">
<LocList>
<Loc EndOffset="4624" SrcFileId="1" StartOffset="4587"/>
</LocList>
</BasicStmnt>
<CondStmnt CovItemId="S97" CovItemPrefix="com.aconex.coding.challenge.NumberToAlphaConverter.java" Intrnl_Id="237">
<Branch CovItemId="B33" CovItemPrefix="com.aconex.coding.challenge.NumberToAlphaConverter.java" Implct="false" Intrnl_Id="238">
<Cond/>
<LocList>
<Loc EndOffset="4754" SrcFileId="1" StartOffset="4684"/>
</LocList>
<StmntSeq Intrnl_Id="239">
<LocList>
<Loc EndOffset="4746" SrcFileId="1" StartOffset="4693"/>
</LocList>
<BasicStmnt CovItemId="S98" CovItemPrefix="com.aconex.coding.challenge.NumberToAlphaConverter.java" Intrnl_Id="240">
<LocList>
<Loc EndOffset="4746" SrcFileId="1" StartOffset="4693"/>
</LocList>
</BasicStmnt>
</StmntSeq>
</Branch>
<Branch CovItemId="B34" CovItemPrefix="com.aconex.coding.challenge.NumberToAlphaConverter.java" Implct="false" Intrnl_Id="241">
<Cond>
<Loc EndOffset="4758" SrcFileId="1" StartOffset="4754"/>
</Cond>
<LocList>
<Loc EndOffset="5790" SrcFileId="1" StartOffset="4758"/>
</LocList>
<StmntSeq Intrnl_Id="242">
<LocList>
<Loc EndOffset="5310" SrcFileId="1" StartOffset="4767"/>
<Loc EndOffset="5369" SrcFileId="1" StartOffset="5318"/>
<Loc EndOffset="5782" SrcFileId="1" StartOffset="5377"/>
</LocList>
<CondStmnt CovItemId="S99" CovItemPrefix="com.aconex.coding.challenge.NumberToAlphaConverter.java" Intrnl_Id="243">
<Branch CovItemId="B35" CovItemPrefix="com.aconex.coding.challenge.NumberToAlphaConverter.java" Implct="false" Intrnl_Id="244">
<Cond/>
<LocList>
<Loc EndOffset="5310" SrcFileId="1" StartOffset="4961"/>
</LocList>
<StmntSeq Intrnl_Id="245">
<LocList>
<Loc EndOffset="4991" SrcFileId="1" StartOffset="4971"/>
<Loc EndOffset="5215" SrcFileId="1" StartOffset="5000"/>
<Loc EndOffset="5301" SrcFileId="1" StartOffset="5224"/>
</LocList>
<BasicStmnt CovItemId="S100" CovItemPrefix="com.aconex.coding.challenge.NumberToAlphaConverter.java" Intrnl_Id="246">
<LocList>
<Loc EndOffset="4991" SrcFileId="1" StartOffset="4971"/>
</LocList>
</BasicStmnt>
<CondStmnt CovItemId="S101" CovItemPrefix="com.aconex.coding.challenge.NumberToAlphaConverter.java" Intrnl_Id="247">
<Branch CovItemId="B37" CovItemPrefix="com.aconex.coding.challenge.NumberToAlphaConverter.java" Implct="false" Intrnl_Id="248">
<Cond/>
<LocList>
<Loc EndOffset="5215" SrcFileId="1" StartOffset="5084"/>
</LocList>
<StmntSeq Intrnl_Id="249">
<LocList>
<Loc EndOffset="5140" SrcFileId="1" StartOffset="5095"/>
<Loc EndOffset="5205" SrcFileId="1" StartOffset="5150"/>
</LocList>
<BasicStmnt CovItemId="S102" CovItemPrefix="com.aconex.coding.challenge.NumberToAlphaConverter.java" Intrnl_Id="250">
<LocList>
<Loc EndOffset="5140" SrcFileId="1" StartOffset="5095"/>
</LocList>
</BasicStmnt>
<CondStmnt CovItemId="S103" CovItemPrefix="com.aconex.coding.challenge.NumberToAlphaConverter.java" Intrnl_Id="251">
<Branch CovItemId="B39" CovItemPrefix="com.aconex.coding.challenge.NumberToAlphaConverter.java" Implct="false" Intrnl_Id="252">
<Cond/>
<LocList>
<Loc EndOffset="5205" SrcFileId="1" StartOffset="5169"/>
</LocList>
<StmntSeq Intrnl_Id="253">
<LocList>
<Loc EndOffset="5194" SrcFileId="1" StartOffset="5181"/>
</LocList>
<BasicStmnt CovItemId="S104" CovItemPrefix="com.aconex.coding.challenge.NumberToAlphaConverter.java" Intrnl_Id="254">
<LocList>
<Loc EndOffset="5194" SrcFileId="1" StartOffset="5181"/>
</LocList>
</BasicStmnt>
</StmntSeq>
</Branch>
<Branch CovItemId="B40" CovItemPrefix="com.aconex.coding.challenge.NumberToAlphaConverter.java" Implct="true" Intrnl_Id="255">
<Cond/>
<LocList/>
<StmntSeq Intrnl_Id="256">
<LocList/>
</StmntSeq>
</Branch>
<Keyword EndOffset="5152" SrcFileId="1" StartOffset="5150"/>
<LocList>
<Loc EndOffset="5205" SrcFileId="1" StartOffset="5150"/>
</LocList>
<RootTerm CovItemId="C22" CovItemPrefix="com.aconex.coding.challenge.NumberToAlphaConverter.java" Intrnl_Id="257">
<OpTerm BooleanOpId="3" Intrnl_Id="258">
<BasicBoolTerm Intrnl_Id="259">
<LocList>
<Loc EndOffset="5159" SrcFileId="1" StartOffset="5153"/>
</LocList>
</BasicBoolTerm>
<BasicBoolTerm Intrnl_Id="260">
<LocList>
<Loc EndOffset="5168" SrcFileId="1" StartOffset="5162"/>
</LocList>
</BasicBoolTerm>
<LocList>
<Loc EndOffset="5162" SrcFileId="1" StartOffset="5160"/>
</LocList>
</OpTerm>
</RootTerm>
</CondStmnt>
</StmntSeq>
</Branch>
<Branch CovItemId="B38" CovItemPrefix="com.aconex.coding.challenge.NumberToAlphaConverter.java" Implct="true" Intrnl_Id="261">
<Cond/>
<LocList/>
<StmntSeq Intrnl_Id="262">
<LocList/>
</StmntSeq>
</Branch>
<Keyword EndOffset="5002" SrcFileId="1" StartOffset="5000"/>
<LocList>
<Loc EndOffset="5215" SrcFileId="1" StartOffset="5000"/>
</LocList>
<RootTerm CovItemId="C21" CovItemPrefix="com.aconex.coding.challenge.NumberToAlphaConverter.java" Intrnl_Id="263">
<OpTerm BooleanOpId="3" Intrnl_Id="264">
<OpTerm BooleanOpId="3" Intrnl_Id="265">
<BasicBoolTerm Intrnl_Id="266">
<LocList>
<Loc EndOffset="5020" SrcFileId="1" StartOffset="5004"/>
</LocList>
</BasicBoolTerm>
<BasicBoolTerm Intrnl_Id="267">
<LocList>
<Loc EndOffset="5065" SrcFileId="1" StartOffset="5025"/>
</LocList>
</BasicBoolTerm>
<LocList>
<Loc EndOffset="5024" SrcFileId="1" StartOffset="5022"/>
</LocList>
</OpTerm>
<BasicBoolTerm Intrnl_Id="268">
<LocList>
<Loc EndOffset="5083" SrcFileId="1" StartOffset="5069"/>
</LocList>
</BasicBoolTerm>
<LocList>
<Loc EndOffset="5068" SrcFileId="1" StartOffset="5066"/>
</LocList>
</OpTerm>
</RootTerm>
</CondStmnt>
<CondStmnt CovItemId="S105" CovItemPrefix="com.aconex.coding.challenge.NumberToAlphaConverter.java" Intrnl_Id="269">
<Branch CovItemId="B41" CovItemPrefix="com.aconex.coding.challenge.NumberToAlphaConverter.java" Implct="false" Intrnl_Id="270">
<Cond/>
<LocList>
<Loc EndOffset="5301" SrcFileId="1" StartOffset="5232"/>
</LocList>
<StmntSeq Intrnl_Id="271">
<LocList>
<Loc EndOffset="5291" SrcFileId="1" StartOffset="5243"/>
</LocList>
<BasicStmnt CovItemId="S106" CovItemPrefix="com.aconex.coding.challenge.NumberToAlphaConverter.java" Intrnl_Id="272">
<LocList>
<Loc EndOffset="5291" SrcFileId="1" StartOffset="5243"/>
</LocList>
</BasicStmnt>
</StmntSeq>
</Branch>
<Branch CovItemId="B42" CovItemPrefix="com.aconex.coding.challenge.NumberToAlphaConverter.java" Implct="true" Intrnl_Id="273">
<Cond/>
<LocList/>
<StmntSeq Intrnl_Id="274">
<LocList/>
</StmntSeq>
</Branch>
<Keyword EndOffset="5226" SrcFileId="1" StartOffset="5224"/>
<LocList>
<Loc EndOffset="5301" SrcFileId="1" StartOffset="5224"/>
</LocList>
<RootTerm CovItemId="C23" CovItemPrefix="com.aconex.coding.challenge.NumberToAlphaConverter.java" Intrnl_Id="275">
<BasicBoolTerm Intrnl_Id="276">
<LocList>
<Loc EndOffset="5231" SrcFileId="1" StartOffset="5227"/>
</LocList>
</BasicBoolTerm>
</RootTerm>
</CondStmnt>
</StmntSeq>
</Branch>
<Branch CovItemId="B36" CovItemPrefix="com.aconex.coding.challenge.NumberToAlphaConverter.java" Implct="true" Intrnl_Id="277">
<Cond/>
<LocList/>
<StmntSeq Intrnl_Id="278">
<LocList/>
</StmntSeq>
</Branch>
<Keyword EndOffset="4769" SrcFileId="1" StartOffset="4767"/>
<LocList>
<Loc EndOffset="5310" SrcFileId="1" StartOffset="4767"/>
</LocList>
<RootTerm CovItemId="C20" CovItemPrefix="com.aconex.coding.challenge.NumberToAlphaConverter.java" Intrnl_Id="279">
<OpTerm BooleanOpId="4" Intrnl_Id="280">
<OpTerm BooleanOpId="3" Intrnl_Id="281">
<BasicBoolTerm Intrnl_Id="282">
<LocList>
<Loc EndOffset="4811" SrcFileId="1" StartOffset="4770"/>
</LocList>
</BasicBoolTerm>
<BasicBoolTerm Intrnl_Id="283">
<LocList>
<Loc EndOffset="4853" SrcFileId="1" StartOffset="4816"/>
</LocList>
</BasicBoolTerm>
<LocList>
<Loc EndOffset="4814" SrcFileId="1" StartOffset="4812"/>
</LocList>
</OpTerm>
<OpTerm BooleanOpId="3" Intrnl_Id="284">
<OpTerm BooleanOpId="3" Intrnl_Id="285">
<BasicBoolTerm Intrnl_Id="286">
<LocList>
<Loc EndOffset="4882" SrcFileId="1" StartOffset="4868"/>
</LocList>
</BasicBoolTerm>
<BasicBoolTerm Intrnl_Id="287">
<LocList>
<Loc EndOffset="4904" SrcFileId="1" StartOffset="4888"/>
</LocList>
</BasicBoolTerm>
<LocList>
<Loc EndOffset="4886" SrcFileId="1" StartOffset="4884"/>
</LocList>
</OpTerm>
<BasicBoolTerm Intrnl_Id="288">
<LocList>
<Loc EndOffset="4950" SrcFileId="1" StartOffset="4910"/>
</LocList>
</BasicBoolTerm>
<LocList>
<Loc EndOffset="4908" SrcFileId="1" StartOffset="4906"/>
</LocList>
</OpTerm>
<LocList>
<Loc EndOffset="4866" SrcFileId="1" StartOffset="4864"/>
</LocList>
</OpTerm>
</RootTerm>
</CondStmnt>
<BasicStmnt CovItemId="S107" CovItemPrefix="com.aconex.coding.challenge.NumberToAlphaConverter.java" Intrnl_Id="289">
<LocList>
<Loc EndOffset="5369" SrcFileId="1" StartOffset="5318"/>
</LocList>
</BasicStmnt>
<CondStmnt CovItemId="S108" CovItemPrefix="com.aconex.coding.challenge.NumberToAlphaConverter.java" Intrnl_Id="290">
<Branch CovItemId="B43" CovItemPrefix="com.aconex.coding.challenge.NumberToAlphaConverter.java" Implct="false" Intrnl_Id="291">
<Cond/>
<LocList>
<Loc EndOffset="5782" SrcFileId="1" StartOffset="5397"/>
</LocList>
<StmntSeq Intrnl_Id="292">
<LocList>
<Loc EndOffset="5773" SrcFileId="1" StartOffset="5407"/>
</LocList>
<LoopStmnt CovItemId="S109" CovItemPrefix="com.aconex.coding.challenge.NumberToAlphaConverter.java" Intrnl_Id="293" MltplExecId="L6-2" MltplExecPrefix="com.aconex.coding.challenge.NumberToAlphaConverter.java" NvrExecId="L6-0" NvrExecPrefix="com.aconex.coding.challenge.NumberToAlphaConverter.java" OnceExecutedId="L6-1" OnceExecutedPrefix="com.aconex.coding.challenge.NumberToAlphaConverter.java" OptBodyExec="true">
<StmntSeq Intrnl_Id="294">
<LocList>
<Loc EndOffset="5482" SrcFileId="1" StartOffset="5445"/>
<Loc EndOffset="5763" SrcFileId="1" StartOffset="5492"/>
</LocList>
<BasicStmnt CovItemId="S110" CovItemPrefix="com.aconex.coding.challenge.NumberToAlphaConverter.java" Intrnl_Id="295">
<LocList>
<Loc EndOffset="5482" SrcFileId="1" StartOffset="5445"/>
</LocList>
</BasicStmnt>
<CondStmnt CovItemId="S111" CovItemPrefix="com.aconex.coding.challenge.NumberToAlphaConverter.java" Intrnl_Id="296">
<Branch CovItemId="B45" CovItemPrefix="com.aconex.coding.challenge.NumberToAlphaConverter.java" Implct="false" Intrnl_Id="297">
<Cond/>
<LocList>
<Loc EndOffset="5763" SrcFileId="1" StartOffset="5559"/>
</LocList>
<StmntSeq Intrnl_Id="298">
<LocList>
<Loc EndOffset="5752" SrcFileId="1" StartOffset="5571"/>
</LocList>
<CondStmnt CovItemId="S112" CovItemPrefix="com.aconex.coding.challenge.NumberToAlphaConverter.java" Intrnl_Id="299">
<Branch CovItemId="B47" CovItemPrefix="com.aconex.coding.challenge.NumberToAlphaConverter.java" Implct="false" Intrnl_Id="300">
<Cond/>
<LocList>
<Loc EndOffset="5647" SrcFileId="1" StartOffset="5593"/>
</LocList>
<StmntSeq Intrnl_Id="301">
<LocList>
<Loc EndOffset="5635" SrcFileId="1" StartOffset="5606"/>
</LocList>
<BasicStmnt CovItemId="S113" CovItemPrefix="com.aconex.coding.challenge.NumberToAlphaConverter.java" Intrnl_Id="302">
<LocList>
<Loc EndOffset="5635" SrcFileId="1" StartOffset="5606"/>
</LocList>
</BasicStmnt>
</StmntSeq>
</Branch>
<Branch CovItemId="B48" CovItemPrefix="com.aconex.coding.challenge.NumberToAlphaConverter.java" Implct="false" Intrnl_Id="303">
<Cond>
<Loc EndOffset="5651" SrcFileId="1" StartOffset="5647"/>
</Cond>
<LocList>
<Loc EndOffset="5752" SrcFileId="1" StartOffset="5651"/>
</LocList>
<StmntSeq Intrnl_Id="304">
<LocList>
<Loc EndOffset="5740" SrcFileId="1" StartOffset="5664"/>
</LocList>
<BasicStmnt CovItemId="S114" CovItemPrefix="com.aconex.coding.challenge.NumberToAlphaConverter.java" Intrnl_Id="305">
<LocList>
<Loc EndOffset="5740" SrcFileId="1" StartOffset="5664"/>
</LocList>
</BasicStmnt>
</StmntSeq>
</Branch>
<Keyword EndOffset="5573" SrcFileId="1" StartOffset="5571"/>
<LocList>
<Loc EndOffset="5752" SrcFileId="1" StartOffset="5571"/>
</LocList>
<RootTerm CovItemId="C26" CovItemPrefix="com.aconex.coding.challenge.NumberToAlphaConverter.java" Intrnl_Id="306">
<BasicBoolTerm Intrnl_Id="307">
<LocList>
<Loc EndOffset="5592" SrcFileId="1" StartOffset="5574"/>
</LocList>
</BasicBoolTerm>
</RootTerm>
</CondStmnt>
</StmntSeq>
</Branch>
<Branch CovItemId="B46" CovItemPrefix="com.aconex.coding.challenge.NumberToAlphaConverter.java" Implct="true" Intrnl_Id="308">
<Cond/>
<LocList/>
<StmntSeq Intrnl_Id="309">
<LocList/>
</StmntSeq>
</Branch>
<Keyword EndOffset="5494" SrcFileId="1" StartOffset="5492"/>
<LocList>
<Loc EndOffset="5763" SrcFileId="1" StartOffset="5492"/>
</LocList>
<RootTerm CovItemId="C25" CovItemPrefix="com.aconex.coding.challenge.NumberToAlphaConverter.java" Intrnl_Id="310">
<OpTerm BooleanOpId="4" Intrnl_Id="311">
<OpTerm BooleanOpId="2" Intrnl_Id="312">
<OpTerm BooleanOpId="3" Intrnl_Id="313">
<BasicBoolTerm Intrnl_Id="314">
<LocList>
<Loc EndOffset="5515" SrcFileId="1" StartOffset="5497"/>
</LocList>
</BasicBoolTerm>
<BasicBoolTerm Intrnl_Id="315">
<LocList>
<Loc EndOffset="5535" SrcFileId="1" StartOffset="5519"/>
</LocList>
</BasicBoolTerm>
<LocList>
<Loc EndOffset="5518" SrcFileId="1" StartOffset="5516"/>
</LocList>
</OpTerm>
<LocList>
<Loc EndOffset="5496" SrcFileId="1" StartOffset="5495"/>
</LocList>
</OpTerm>
<BasicBoolTerm Intrnl_Id="316">
<LocList>
<Loc EndOffset="5558" SrcFileId="1" StartOffset="5540"/>
</LocList>
</BasicBoolTerm>
<LocList>
<Loc EndOffset="5539" SrcFileId="1" StartOffset="5537"/>
</LocList>
</OpTerm>
</RootTerm>
</CondStmnt>
</StmntSeq>
<Keyword EndOffset="5410" SrcFileId="1" StartOffset="5407"/>
<LocList>
<Loc EndOffset="5773" SrcFileId="1" StartOffset="5407"/>
</LocList>
</LoopStmnt>
</StmntSeq>
</Branch>
<Branch CovItemId="B44" CovItemPrefix="com.aconex.coding.challenge.NumberToAlphaConverter.java" Implct="true" Intrnl_Id="317">
<Cond/>
<LocList/>
<StmntSeq Intrnl_Id="318">
<LocList/>
</StmntSeq>
</Branch>
<Keyword EndOffset="5379" SrcFileId="1" StartOffset="5377"/>
<LocList>
<Loc EndOffset="5782" SrcFileId="1" StartOffset="5377"/>
</LocList>
<RootTerm CovItemId="C24" CovItemPrefix="com.aconex.coding.challenge.NumberToAlphaConverter.java" Intrnl_Id="319">
<BasicBoolTerm Intrnl_Id="320">
<LocList>
<Loc EndOffset="5396" SrcFileId="1" StartOffset="5380"/>
</LocList>
</BasicBoolTerm>
</RootTerm>
</CondStmnt>
</StmntSeq>
</Branch>
<Keyword EndOffset="4633" SrcFileId="1" StartOffset="4631"/>
<LocList>
<Loc EndOffset="5790" SrcFileId="1" StartOffset="4631"/>
</LocList>
<RootTerm CovItemId="C19" CovItemPrefix="com.aconex.coding.challenge.NumberToAlphaConverter.java" Intrnl_Id="321">
<BasicBoolTerm Intrnl_Id="322">
<LocList>
<Loc EndOffset="4683" SrcFileId="1" StartOffset="4634"/>
</LocList>
</BasicBoolTerm>
</RootTerm>
</CondStmnt>
</StmntSeq>
<Keyword EndOffset="4554" SrcFileId="1" StartOffset="4551"/>
<LocList>
<Loc EndOffset="5797" SrcFileId="1" StartOffset="4551"/>
</LocList>
</LoopStmnt>
</StmntSeq>
<Keyword EndOffset="4389" SrcFileId="1" StartOffset="4386"/>
<LocList>
<Loc EndOffset="5803" SrcFileId="1" StartOffset="4386"/>
</LocList>
</LoopStmnt>
</StmntSeq>
</Branch>
<Branch CovItemId="B32" CovItemPrefix="com.aconex.coding.challenge.NumberToAlphaConverter.java" Implct="false" Intrnl_Id="323">
<Cond>
<Loc EndOffset="5812" SrcFileId="1" StartOffset="5808"/>
</Cond>
<LocList>
<Loc EndOffset="5911" SrcFileId="1" StartOffset="5813"/>
</LocList>
<StmntSeq Intrnl_Id="324">
<LocList>
<Loc EndOffset="5911" SrcFileId="1" StartOffset="5813"/>
</LocList>
<CondStmnt CovItemId="S115" CovItemPrefix="com.aconex.coding.challenge.NumberToAlphaConverter.java" Intrnl_Id="325">
<Branch CovItemId="B49" CovItemPrefix="com.aconex.coding.challenge.NumberToAlphaConverter.java" Implct="false" Intrnl_Id="326">
<Cond/>
<LocList>
<Loc EndOffset="5911" SrcFileId="1" StartOffset="5829"/>
</LocList>
<StmntSeq Intrnl_Id="327">
<LocList>
<Loc EndOffset="5906" SrcFileId="1" StartOffset="5835"/>
</LocList>
<LoopStmnt CovItemId="S116" CovItemPrefix="com.aconex.coding.challenge.NumberToAlphaConverter.java" Intrnl_Id="328" MltplExecId="L7-2" MltplExecPrefix="com.aconex.coding.challenge.NumberToAlphaConverter.java" NvrExecId="L7-0" NvrExecPrefix="com.aconex.coding.challenge.NumberToAlphaConverter.java" OnceExecutedId="L7-1" OnceExecutedPrefix="com.aconex.coding.challenge.NumberToAlphaConverter.java" OptBodyExec="true">
<StmntSeq Intrnl_Id="329">
<LocList>
<Loc EndOffset="5900" SrcFileId="1" StartOffset="5868"/>
</LocList>
<BasicStmnt CovItemId="S117" CovItemPrefix="com.aconex.coding.challenge.NumberToAlphaConverter.java" Intrnl_Id="330">
<LocList>
<Loc EndOffset="5900" SrcFileId="1" StartOffset="5868"/>
</LocList>
</BasicStmnt>
</StmntSeq>
<Keyword EndOffset="5838" SrcFileId="1" StartOffset="5835"/>
<LocList>
<Loc EndOffset="5906" SrcFileId="1" StartOffset="5835"/>
</LocList>
</LoopStmnt>
</StmntSeq>
</Branch>
<Branch CovItemId="B50" CovItemPrefix="com.aconex.coding.challenge.NumberToAlphaConverter.java" Implct="true" Intrnl_Id="331">
<Cond/>
<LocList/>
<StmntSeq Intrnl_Id="332">
<LocList/>
</StmntSeq>
</Branch>
<Keyword EndOffset="5815" SrcFileId="1" StartOffset="5813"/>
<LocList>
<Loc EndOffset="5911" SrcFileId="1" StartOffset="5813"/>
</LocList>
<RootTerm CovItemId="C27" CovItemPrefix="com.aconex.coding.challenge.NumberToAlphaConverter.java" Intrnl_Id="333">
<BasicBoolTerm Intrnl_Id="334">
<LocList>
<Loc EndOffset="5828" SrcFileId="1" StartOffset="5816"/>
</LocList>
</BasicBoolTerm>
</RootTerm>
</CondStmnt>
</StmntSeq>
</Branch>
<Keyword EndOffset="4357" SrcFileId="1" StartOffset="4355"/>
<LocList>
<Loc EndOffset="5911" SrcFileId="1" StartOffset="4355"/>
</LocList>
<RootTerm CovItemId="C18" CovItemPrefix="com.aconex.coding.challenge.NumberToAlphaConverter.java" Intrnl_Id="335">
<BasicBoolTerm Intrnl_Id="336">
<LocList>
<Loc EndOffset="4379" SrcFileId="1" StartOffset="4358"/>
</LocList>
</BasicBoolTerm>
</RootTerm>
</CondStmnt>
</StmntSeq>
</Branch>
<Keyword EndOffset="4029" SrcFileId="1" StartOffset="4027"/>
<LocList>
<Loc EndOffset="5911" SrcFileId="1" StartOffset="4027"/>
</LocList>
<RootTerm CovItemId="C16" CovItemPrefix="com.aconex.coding.challenge.NumberToAlphaConverter.java" Intrnl_Id="337">
<BasicBoolTerm Intrnl_Id="338">
<LocList>
<Loc EndOffset="4047" SrcFileId="1" StartOffset="4030"/>
</LocList>
</BasicBoolTerm>
</RootTerm>
</CondStmnt>
<BasicStmnt CovItemId="S118" CovItemPrefix="com.aconex.coding.challenge.NumberToAlphaConverter.java" Intrnl_Id="339">
<LocList>
<Loc EndOffset="5938" SrcFileId="1" StartOffset="5915"/>
</LocList>
</BasicStmnt>
</StmntSeq>
</HierarchyLvl>
<HierarchyLvl HierarchyLvlId="120" HierarchyLvlTypeId="7" Intrnl_Id="340" Name="convertToAlpha">
<Header>
<Loc EndOffset="6012" SrcFileId="1" StartOffset="5951"/>
</Header>
<LocList>
<Loc EndOffset="6674" SrcFileId="1" StartOffset="5951"/>
</LocList>
<StmntSeq Intrnl_Id="341">
<LocList>
<Loc EndOffset="6066" SrcFileId="1" StartOffset="6017"/>
<Loc EndOffset="6592" SrcFileId="1" StartOffset="6080"/>
<Loc EndOffset="6646" SrcFileId="1" StartOffset="6070"/>
<Loc EndOffset="6670" SrcFileId="1" StartOffset="6650"/>
</LocList>
<BasicStmnt CovItemId="S119" CovItemPrefix="com.aconex.coding.challenge.NumberToAlphaConverter.java" Intrnl_Id="342">
<LocList>
<Loc EndOffset="6066" SrcFileId="1" StartOffset="6017"/>
</LocList>
</BasicStmnt>
<LoopStmnt CovItemId="S121" CovItemPrefix="com.aconex.coding.challenge.NumberToAlphaConverter.java" Intrnl_Id="343" MltplExecId="L8-2" MltplExecPrefix="com.aconex.coding.challenge.NumberToAlphaConverter.java" NvrExecId="L8-0" NvrExecPrefix="com.aconex.coding.challenge.NumberToAlphaConverter.java" OnceExecutedId="L8-1" OnceExecutedPrefix="com.aconex.coding.challenge.NumberToAlphaConverter.java" OptBodyExec="true">
<StmntSeq Intrnl_Id="344">
<LocList>
<Loc EndOffset="6169" SrcFileId="1" StartOffset="6135"/>
<Loc EndOffset="6586" SrcFileId="1" StartOffset="6175"/>
</LocList>
<BasicStmnt CovItemId="S122" CovItemPrefix="com.aconex.coding.challenge.NumberToAlphaConverter.java" Intrnl_Id="345">
<LocList>
<Loc EndOffset="6169" SrcFileId="1" StartOffset="6135"/>
</LocList>
</BasicStmnt>
<CondStmnt CovItemId="S123" CovItemPrefix="com.aconex.coding.challenge.NumberToAlphaConverter.java" Intrnl_Id="346">
<Branch CovItemId="B52" CovItemPrefix="com.aconex.coding.challenge.NumberToAlphaConverter.java" Implct="false" Intrnl_Id="347">
<Cond/>
<LocList>
<Loc EndOffset="6586" SrcFileId="1" StartOffset="6231"/>
</LocList>
<StmntSeq Intrnl_Id="348">
<LocList>
<Loc EndOffset="6308" SrcFileId="1" StartOffset="6239"/>
<Loc EndOffset="6388" SrcFileId="1" StartOffset="6315"/>
<Loc EndOffset="6444" SrcFileId="1" StartOffset="6395"/>
</LocList>
<BasicStmnt CovItemId="S124" CovItemPrefix="com.aconex.coding.challenge.NumberToAlphaConverter.java" Intrnl_Id="349">
<LocList>
<Loc EndOffset="6308" SrcFileId="1" StartOffset="6239"/>
</LocList>
</BasicStmnt>
<BasicStmnt CovItemId="S125" CovItemPrefix="com.aconex.coding.challenge.NumberToAlphaConverter.java" Intrnl_Id="350">
<LocList>
<Loc EndOffset="6388" SrcFileId="1" StartOffset="6315"/>
</LocList>
</BasicStmnt>
<CondStmnt CovItemId="S126" CovItemPrefix="com.aconex.coding.challenge.NumberToAlphaConverter.java" Intrnl_Id="351">
<Branch CovItemId="B54" CovItemPrefix="com.aconex.coding.challenge.NumberToAlphaConverter.java" Implct="false" Intrnl_Id="352">
<Cond/>
<LocList>
<Loc EndOffset="6444" SrcFileId="1" StartOffset="6421"/>
</LocList>
<StmntSeq Intrnl_Id="353">
<LocList>
<Loc EndOffset="6436" SrcFileId="1" StartOffset="6430"/>
</LocList>
<BasicStmnt CovItemId="S127" CovItemPrefix="com.aconex.coding.challenge.NumberToAlphaConverter.java" Intrnl_Id="354">
<LocList>
<Loc EndOffset="6436" SrcFileId="1" StartOffset="6430"/>
</LocList>
</BasicStmnt>
</StmntSeq>
</Branch>
<Branch CovItemId="B55" CovItemPrefix="com.aconex.coding.challenge.NumberToAlphaConverter.java" Implct="true" Intrnl_Id="355">
<Cond/>
<LocList/>
<StmntSeq Intrnl_Id="356">
<LocList/>
</StmntSeq>
</Branch>
<Keyword EndOffset="6397" SrcFileId="1" StartOffset="6395"/>
<LocList>
<Loc EndOffset="6444" SrcFileId="1" StartOffset="6395"/>
</LocList>
<RootTerm CovItemId="C30" CovItemPrefix="com.aconex.coding.challenge.NumberToAlphaConverter.java" Intrnl_Id="357">
<BasicBoolTerm Intrnl_Id="358">
<LocList>
<Loc EndOffset="6420" SrcFileId="1" StartOffset="6398"/>
</LocList>
</BasicBoolTerm>
</RootTerm>
</CondStmnt>
</StmntSeq>
</Branch>
<Branch CovItemId="B53" CovItemPrefix="com.aconex.coding.challenge.NumberToAlphaConverter.java" Implct="true" Intrnl_Id="359">
<Cond/>
<LocList/>
<StmntSeq Intrnl_Id="360">
<LocList/>
</StmntSeq>
</Branch>
<Keyword EndOffset="6177" SrcFileId="1" StartOffset="6175"/>
<LocList>
<Loc EndOffset="6586" SrcFileId="1" StartOffset="6175"/>
</LocList>
<RootTerm CovItemId="C29" CovItemPrefix="com.aconex.coding.challenge.NumberToAlphaConverter.java" Intrnl_Id="361">
<BasicBoolTerm Intrnl_Id="362">
<LocList>
<Loc EndOffset="6230" SrcFileId="1" StartOffset="6178"/>
</LocList>
</BasicBoolTerm>
</RootTerm>
</CondStmnt>
</StmntSeq>
<Keyword EndOffset="6083" SrcFileId="1" StartOffset="6080"/>
<LocList>
<Loc EndOffset="6592" SrcFileId="1" StartOffset="6080"/>
</LocList>
<RootTerm CovItemId="C28" CovItemPrefix="com.aconex.coding.challenge.NumberToAlphaConverter.java" Intrnl_Id="363">
<BasicBoolTerm Intrnl_Id="364">
<LocList>
<Loc EndOffset="6119" SrcFileId="1" StartOffset="6098"/>
</LocList>
</BasicBoolTerm>
</RootTerm>
</LoopStmnt>
<CondStmnt CovItemId="S120" CovItemPrefix="com.aconex.coding.challenge.NumberToAlphaConverter.java" Intrnl_Id="365">
<Branch CovItemId="B51" CovItemPrefix="com.aconex.coding.challenge.NumberToAlphaConverter.java" Implct="true" Intrnl_Id="366">
<Cond/>
<LocList/>
<StmntSeq Intrnl_Id="367">
<LocList/>
</StmntSeq>
</Branch>
<Branch CovItemId="B56" CovItemPrefix="com.aconex.coding.challenge.NumberToAlphaConverter.java" Implct="false" Intrnl_Id="368">
<Cond>
<Loc EndOffset="6615" SrcFileId="1" StartOffset="6597"/>
</Cond>
<LocList>
<Loc EndOffset="6646" SrcFileId="1" StartOffset="6615"/>
</LocList>
<StmntSeq Intrnl_Id="369">
<LocList>
<Loc EndOffset="6641" SrcFileId="1" StartOffset="6621"/>
</LocList>
<BasicStmnt CovItemId="S128" CovItemPrefix="com.aconex.coding.challenge.NumberToAlphaConverter.java" Intrnl_Id="370">
<LocList>
<Loc EndOffset="6641" SrcFileId="1" StartOffset="6621"/>
</LocList>
</BasicStmnt>
</StmntSeq>
</Branch>
<Keyword EndOffset="6073" SrcFileId="1" StartOffset="6070"/>
<LocList>
<Loc EndOffset="6646" SrcFileId="1" StartOffset="6070"/>
</LocList>
</CondStmnt>
<BasicStmnt CovItemId="S129" CovItemPrefix="com.aconex.coding.challenge.NumberToAlphaConverter.java" Intrnl_Id="371">
<LocList>
<Loc EndOffset="6670" SrcFileId="1" StartOffset="6650"/>
</LocList>
</BasicStmnt>
</StmntSeq>
</HierarchyLvl>
</HierarchyLvl>
</HierarchyLvl>
</HierarchyLvl>
</HierarchyLvl>
</HierarchyLvl>
</HierarchyLvl>
</MASTRoot>
<TestSession Comment="" Date="1421689193353" Name="19 Jan, 2015 11:09:53 PM">
<TestCase Comment="This is a test case containing all coverage results cause no startTestCase methods where captured." Date="1421689192943" Name="CodeCover TESTCASE">
<CovList>
<CovPrefix CovItemPrefix="com.aconex.coding.challenge.NumberToAlphaConverter.java">
<Cov CovItemId="B1" Value="160"/>
<Cov CovItemId="B10" Value="103"/>
<Cov CovItemId="B11" Value="40"/>
<Cov CovItemId="B12" Value="63"/>
<Cov CovItemId="B13" Value="22"/>
<Cov CovItemId="B14" Value="41"/>
<Cov CovItemId="B15" Value="41"/>
<Cov CovItemId="B19" Value="488"/>
<Cov CovItemId="B2" Value="1025"/>
<Cov CovItemId="B20" Value="552"/>
<Cov CovItemId="B21" Value="146"/>
<Cov CovItemId="B22" Value="342"/>
<Cov CovItemId="B23" Value="6"/>
<Cov CovItemId="B24" Value="546"/>
<Cov CovItemId="B26" Value="6"/>
<Cov CovItemId="B27" Value="10"/>
<Cov CovItemId="B28" Value="144"/>
<Cov CovItemId="B29" Value="10"/>
<Cov CovItemId="B3" Value="76"/>
<Cov CovItemId="B31" Value="131"/>
<Cov CovItemId="B32" Value="13"/>
<Cov CovItemId="B33" Value="135"/>
<Cov CovItemId="B34" Value="527"/>
<Cov CovItemId="B35" Value="66"/>
<Cov CovItemId="B36" Value="461"/>
<Cov CovItemId="B37" Value="24"/>
<Cov CovItemId="B38" Value="42"/>
<Cov CovItemId="B39" Value="10"/>
<Cov CovItemId="B4" Value="949"/>
<Cov CovItemId="B40" Value="14"/>
<Cov CovItemId="B41" Value="56"/>
<Cov CovItemId="B42" Value="10"/>
<Cov CovItemId="B43" Value="146"/>
<Cov CovItemId="B44" Value="381"/>
<Cov CovItemId="B45" Value="72"/>
<Cov CovItemId="B46" Value="74"/>
<Cov CovItemId="B47" Value="72"/>
<Cov CovItemId="B49" Value="13"/>
<Cov CovItemId="B5" Value="40"/>
<Cov CovItemId="B51" Value="13"/>
<Cov CovItemId="B52" Value="154"/>
<Cov CovItemId="B54" Value="2"/>
<Cov CovItemId="B55" Value="152"/>
<Cov CovItemId="B6" Value="106"/>
<Cov CovItemId="B8" Value="106"/>
<Cov CovItemId="B9" Value="3"/>
<Cov CovItemId="L1-1" Value="43"/>
<Cov CovItemId="L1-2" Value="172"/>
<Cov CovItemId="L2-0" Value="39"/>
<Cov CovItemId="L2-1" Value="266"/>
<Cov CovItemId="L2-2" Value="222"/>
<Cov CovItemId="L3-1" Value="10"/>
<Cov CovItemId="L4-1" Value="89"/>
<Cov CovItemId="L4-2" Value="42"/>
<Cov CovItemId="L5-2" Value="205"/>
<Cov CovItemId="L6-1" Value="146"/>
<Cov CovItemId="L7-2" Value="13"/>
<Cov CovItemId="L8-2" Value="13"/>
<Cov CovItemId="S1" Value="1"/>
<Cov CovItemId="S10" Value="1"/>
<Cov CovItemId="S100" Value="66"/>
<Cov CovItemId="S101" Value="66"/>
<Cov CovItemId="S102" Value="24"/>
<Cov CovItemId="S103" Value="24"/>
<Cov CovItemId="S104" Value="10"/>
<Cov CovItemId="S105" Value="66"/>
<Cov CovItemId="S106" Value="56"/>
<Cov CovItemId="S107" Value="527"/>
<Cov CovItemId="S108" Value="527"/>
<Cov CovItemId="S109" Value="146"/>
<Cov CovItemId="S11" Value="1"/>
<Cov CovItemId="S110" Value="146"/>
<Cov CovItemId="S111" Value="146"/>
<Cov CovItemId="S112" Value="72"/>
<Cov CovItemId="S113" Value="72"/>
<Cov CovItemId="S115" Value="13"/>
<Cov CovItemId="S116" Value="13"/>
<Cov CovItemId="S117" Value="43"/>
<Cov CovItemId="S118" Value="154"/>
<Cov CovItemId="S119" Value="13"/>
<Cov CovItemId="S12" Value="1"/>
<Cov CovItemId="S120" Value="13"/>
<Cov CovItemId="S121" Value="13"/>
<Cov CovItemId="S122" Value="154"/>
<Cov CovItemId="S123" Value="154"/>
<Cov CovItemId="S124" Value="154"/>
<Cov CovItemId="S125" Value="154"/>
<Cov CovItemId="S126" Value="154"/>
<Cov CovItemId="S127" Value="2"/>
<Cov CovItemId="S129" Value="13"/>
<Cov CovItemId="S13" Value="1"/>
<Cov CovItemId="S14" Value="1"/>
<Cov CovItemId="S15" Value="1"/>
<Cov CovItemId="S16" Value="1"/>
<Cov CovItemId="S17" Value="1"/>
<Cov CovItemId="S18" Value="1"/>
<Cov CovItemId="S19" Value="1"/>
<Cov CovItemId="S2" Value="1"/>
<Cov CovItemId="S20" Value="1"/>
<Cov CovItemId="S21" Value="1"/>
<Cov CovItemId="S22" Value="1"/>
<Cov CovItemId="S23" Value="1"/>
<Cov CovItemId="S24" Value="1"/>
<Cov CovItemId="S25" Value="1"/>
<Cov CovItemId="S26" Value="1"/>
<Cov CovItemId="S27" Value="1"/>
<Cov CovItemId="S28" Value="1"/>
<Cov CovItemId="S29" Value="1"/>
<Cov CovItemId="S3" Value="1"/>
<Cov CovItemId="S30" Value="1"/>
<Cov CovItemId="S31" Value="1"/>
<Cov CovItemId="S32" Value="1"/>
<Cov CovItemId="S33" Value="1"/>
<Cov CovItemId="S34" Value="1"/>
<Cov CovItemId="S35" Value="1"/>
<Cov CovItemId="S36" Value="1"/>
<Cov CovItemId="S37" Value="1"/>
<Cov CovItemId="S38" Value="1"/>
<Cov CovItemId="S39" Value="1"/>
<Cov CovItemId="S4" Value="1"/>
<Cov CovItemId="S40" Value="1"/>
<Cov CovItemId="S41" Value="1"/>
<Cov CovItemId="S42" Value="1"/>
<Cov CovItemId="S43" Value="1"/>
<Cov CovItemId="S44" Value="1"/>
<Cov CovItemId="S45" Value="1"/>
<Cov CovItemId="S46" Value="1"/>
<Cov CovItemId="S47" Value="215"/>
<Cov CovItemId="S48" Value="215"/>
<Cov CovItemId="S49" Value="215"/>
<Cov CovItemId="S5" Value="1"/>
<Cov CovItemId="S50" Value="215"/>
<Cov CovItemId="S51" Value="1185"/>
<Cov CovItemId="S52" Value="1185"/>
<Cov CovItemId="S53" Value="160"/>
<Cov CovItemId="S54" Value="1025"/>
<Cov CovItemId="S55" Value="76"/>
<Cov CovItemId="S56" Value="215"/>
<Cov CovItemId="S57" Value="146"/>
<Cov CovItemId="S58" Value="40"/>
<Cov CovItemId="S59" Value="106"/>
<Cov CovItemId="S6" Value="1"/>
<Cov CovItemId="S61" Value="106"/>
<Cov CovItemId="S62" Value="3"/>
<Cov CovItemId="S63" Value="103"/>
<Cov CovItemId="S64" Value="40"/>
<Cov CovItemId="S65" Value="63"/>
<Cov CovItemId="S66" Value="22"/>
<Cov CovItemId="S67" Value="41"/>
<Cov CovItemId="S68" Value="41"/>
<Cov CovItemId="S7" Value="1"/>
<Cov CovItemId="S72" Value="527"/>
<Cov CovItemId="S73" Value="527"/>
<Cov CovItemId="S74" Value="1040"/>
<Cov CovItemId="S75" Value="488"/>
<Cov CovItemId="S76" Value="488"/>
<Cov CovItemId="S77" Value="146"/>
<Cov CovItemId="S78" Value="552"/>
<Cov CovItemId="S79" Value="552"/>
<Cov CovItemId="S8" Value="1"/>
<Cov CovItemId="S80" Value="6"/>
<Cov CovItemId="S81" Value="6"/>
<Cov CovItemId="S83" Value="527"/>
<Cov CovItemId="S84" Value="154"/>
<Cov CovItemId="S85" Value="154"/>
<Cov CovItemId="S86" Value="10"/>
<Cov CovItemId="S87" Value="10"/>
<Cov CovItemId="S88" Value="10"/>
<Cov CovItemId="S89" Value="10"/>
<Cov CovItemId="S9" Value="1"/>
<Cov CovItemId="S90" Value="10"/>
<Cov CovItemId="S91" Value="144"/>
<Cov CovItemId="S92" Value="131"/>
<Cov CovItemId="S93" Value="205"/>
<Cov CovItemId="S94" Value="205"/>
<Cov CovItemId="S95" Value="205"/>
<Cov CovItemId="S96" Value="662"/>
<Cov CovItemId="S97" Value="662"/>
<Cov CovItemId="S98" Value="135"/>
<Cov CovItemId="S99" Value="527"/>
</CovPrefix>
</CovList>
<AssgnmntList>
<AssgnmntPrefix RootTermCovItemPrefix="com.aconex.coding.challenge.NumberToAlphaConverter.java">
<AssgnmntListEntry Length="1" RootTermCovItemId="C1">
<MapEntry BoolAssgnmnt="0" Value="215"/>
<MapEntry BoolAssgnmnt="1" Value="1185"/>
</AssgnmntListEntry>
<AssgnmntListEntry Length="1" RootTermCovItemId="C11">
<MapEntry BoolAssgnmnt="0" Value="527"/>
<MapEntry BoolAssgnmnt="1" Value="1040"/>
</AssgnmntListEntry>
<AssgnmntListEntry Length="1" RootTermCovItemId="C12">
<MapEntry BoolAssgnmnt="0" Value="552"/>
<MapEntry BoolAssgnmnt="1" Value="488"/>
</AssgnmntListEntry>
<AssgnmntListEntry Length="1" RootTermCovItemId="C13">
<MapEntry BoolAssgnmnt="0" Value="342"/>
<MapEntry BoolAssgnmnt="1" Value="146"/>
</AssgnmntListEntry>
<AssgnmntListEntry Length="1" RootTermCovItemId="C14">
<MapEntry BoolAssgnmnt="0" Value="546"/>
<MapEntry BoolAssgnmnt="1" Value="6"/>
</AssgnmntListEntry>
<AssgnmntListEntry Length="1" RootTermCovItemId="C15">
<MapEntry BoolAssgnmnt="0" Value="6"/>
</AssgnmntListEntry>
<AssgnmntListEntry Length="1" RootTermCovItemId="C16">
<MapEntry BoolAssgnmnt="0" Value="144"/>
<MapEntry BoolAssgnmnt="1" Value="10"/>
</AssgnmntListEntry>
<AssgnmntListEntry Length="2" RootTermCovItemId="C17">
<MapEntry BoolAssgnmnt="01" Value="5"/>
<MapEntry BoolAssgnmnt="12" Value="5"/>
</AssgnmntListEntry>
<AssgnmntListEntry Length="1" RootTermCovItemId="C18">
<MapEntry BoolAssgnmnt="0" Value="13"/>
<MapEntry BoolAssgnmnt="1" Value="131"/>
</AssgnmntListEntry>
<AssgnmntListEntry Length="1" RootTermCovItemId="C19">
<MapEntry BoolAssgnmnt="0" Value="527"/>
<MapEntry BoolAssgnmnt="1" Value="135"/>
</AssgnmntListEntry>
<AssgnmntListEntry Length="2" RootTermCovItemId="C2">
<MapEntry BoolAssgnmnt="10" Value="949"/>
<MapEntry BoolAssgnmnt="02" Value="76"/>
<MapEntry BoolAssgnmnt="11" Value="160"/>
</AssgnmntListEntry>
<AssgnmntListEntry Length="5" RootTermCovItemId="C20">
<MapEntry BoolAssgnmnt="02111" Value="24"/>
<MapEntry BoolAssgnmnt="02022" Value="446"/>
<MapEntry BoolAssgnmnt="02110" Value="15"/>
<MapEntry BoolAssgnmnt="11222" Value="42"/>
</AssgnmntListEntry>
<AssgnmntListEntry Length="3" RootTermCovItemId="C21">
<MapEntry BoolAssgnmnt="110" Value="15"/>
<MapEntry BoolAssgnmnt="102" Value="19"/>
<MapEntry BoolAssgnmnt="111" Value="24"/>
<MapEntry BoolAssgnmnt="022" Value="8"/>
</AssgnmntListEntry>
<AssgnmntListEntry Length="2" RootTermCovItemId="C22">
<MapEntry BoolAssgnmnt="10" Value="14"/>
<MapEntry BoolAssgnmnt="11" Value="10"/>
</AssgnmntListEntry>
<AssgnmntListEntry Length="1" RootTermCovItemId="C23">
<MapEntry BoolAssgnmnt="0" Value="10"/>
<MapEntry BoolAssgnmnt="1" Value="56"/>
</AssgnmntListEntry>
<AssgnmntListEntry Length="1" RootTermCovItemId="C24">
<MapEntry BoolAssgnmnt="0" Value="381"/>
<MapEntry BoolAssgnmnt="1" Value="146"/>
</AssgnmntListEntry>
<AssgnmntListEntry Length="3" RootTermCovItemId="C25">
<MapEntry BoolAssgnmnt="110" Value="74"/>
<MapEntry BoolAssgnmnt="111" Value="72"/>
</AssgnmntListEntry>
<AssgnmntListEntry Length="1" RootTermCovItemId="C26">
<MapEntry BoolAssgnmnt="1" Value="72"/>
</AssgnmntListEntry>
<AssgnmntListEntry Length="1" RootTermCovItemId="C27">
<MapEntry BoolAssgnmnt="1" Value="13"/>
</AssgnmntListEntry>
<AssgnmntListEntry Length="1" RootTermCovItemId="C28">
<MapEntry BoolAssgnmnt="0" Value="11"/>
<MapEntry BoolAssgnmnt="1" Value="154"/>
</AssgnmntListEntry>
<AssgnmntListEntry Length="1" RootTermCovItemId="C29">
<MapEntry BoolAssgnmnt="1" Value="154"/>
</AssgnmntListEntry>
<AssgnmntListEntry Length="1" RootTermCovItemId="C3">
<MapEntry BoolAssgnmnt="0" Value="949"/>
<MapEntry BoolAssgnmnt="1" Value="76"/>
</AssgnmntListEntry>
<AssgnmntListEntry Length="1" RootTermCovItemId="C30">
<MapEntry BoolAssgnmnt="0" Value="152"/>
<MapEntry BoolAssgnmnt="1" Value="2"/>
</AssgnmntListEntry>
<AssgnmntListEntry Length="2" RootTermCovItemId="C4">
<MapEntry BoolAssgnmnt="10" Value="106"/>
<MapEntry BoolAssgnmnt="11" Value="40"/>
</AssgnmntListEntry>
<AssgnmntListEntry Length="2" RootTermCovItemId="C5">
<MapEntry BoolAssgnmnt="10" Value="106"/>
</AssgnmntListEntry>
<AssgnmntListEntry Length="2" RootTermCovItemId="C6">
<MapEntry BoolAssgnmnt="10" Value="103"/>
<MapEntry BoolAssgnmnt="11" Value="3"/>
</AssgnmntListEntry>
<AssgnmntListEntry Length="2" RootTermCovItemId="C7">
<MapEntry BoolAssgnmnt="10" Value="63"/>
<MapEntry BoolAssgnmnt="11" Value="40"/>
</AssgnmntListEntry>
<AssgnmntListEntry Length="2" RootTermCovItemId="C8">
<MapEntry BoolAssgnmnt="10" Value="41"/>
<MapEntry BoolAssgnmnt="11" Value="22"/>
</AssgnmntListEntry>
<AssgnmntListEntry Length="2" RootTermCovItemId="C9">
<MapEntry BoolAssgnmnt="11" Value="41"/>
</AssgnmntListEntry>
</AssgnmntPrefix>
</AssgnmntList>
<ObjMetaDataList/>
<MetaDataList/>
</TestCase>
<MetaDataList/>
</TestSession>
<TestSession Comment="" Date="1421690044233" Name="19 Jan, 2015 11:24:04 PM">
<TestCase Comment="" Date="1421690044068" Name="com.aconex.test.TestAconex:checkForSimpleConversionWithMultipleResult">
<CovList>
<CovPrefix CovItemPrefix="com.aconex.coding.challenge.NumberToAlphaConverter.java">
<Cov CovItemId="B1" Value="7"/>
<Cov CovItemId="B10" Value="6"/>
<Cov CovItemId="B12" Value="6"/>
<Cov CovItemId="B13" Value="5"/>
<Cov CovItemId="B14" Value="1"/>
<Cov CovItemId="B15" Value="1"/>
<Cov CovItemId="B19" Value="40"/>
<Cov CovItemId="B2" Value="50"/>
<Cov CovItemId="B20" Value="66"/>
<Cov CovItemId="B21" Value="10"/>
<Cov CovItemId="B22" Value="30"/>
<Cov CovItemId="B24" Value="66"/>
<Cov CovItemId="B28" Value="6"/>
<Cov CovItemId="B31" Value="5"/>
<Cov CovItemId="B32" Value="1"/>
<Cov CovItemId="B33" Value="15"/>
<Cov CovItemId="B34" Value="43"/>
<Cov CovItemId="B35" Value="3"/>
<Cov CovItemId="B36" Value="40"/>
<Cov CovItemId="B38" Value="3"/>
<Cov CovItemId="B4" Value="50"/>
<Cov CovItemId="B41" Value="3"/>
<Cov CovItemId="B43" Value="10"/>
<Cov CovItemId="B44" Value="33"/>
<Cov CovItemId="B45" Value="5"/>
<Cov CovItemId="B46" Value="5"/>
<Cov CovItemId="B47" Value="5"/>
<Cov CovItemId="B49" Value="1"/>
<Cov CovItemId="B5" Value="4"/>
<Cov CovItemId="B51" Value="1"/>
<Cov CovItemId="B52" Value="6"/>
<Cov CovItemId="B55" Value="6"/>
<Cov CovItemId="B6" Value="6"/>
<Cov CovItemId="B8" Value="6"/>
<Cov CovItemId="L1-1" Value="3"/>
<Cov CovItemId="L1-2" Value="15"/>
<Cov CovItemId="L2-0" Value="3"/>
<Cov CovItemId="L2-1" Value="16"/>
<Cov CovItemId="L2-2" Value="24"/>
<Cov CovItemId="L4-2" Value="5"/>
<Cov CovItemId="L5-2" Value="18"/>
<Cov CovItemId="L6-1" Value="10"/>
<Cov CovItemId="L7-2" Value="1"/>
<Cov CovItemId="L8-2" Value="1"/>
<Cov CovItemId="S1" Value="1"/>
<Cov CovItemId="S10" Value="1"/>
<Cov CovItemId="S100" Value="3"/>
<Cov CovItemId="S101" Value="3"/>
<Cov CovItemId="S105" Value="3"/>
<Cov CovItemId="S106" Value="3"/>
<Cov CovItemId="S107" Value="43"/>
<Cov CovItemId="S108" Value="43"/>
<Cov CovItemId="S109" Value="10"/>
<Cov CovItemId="S11" Value="1"/>
<Cov CovItemId="S110" Value="10"/>
<Cov CovItemId="S111" Value="10"/>
<Cov CovItemId="S112" Value="5"/>
<Cov CovItemId="S113" Value="5"/>
<Cov CovItemId="S115" Value="1"/>
<Cov CovItemId="S116" Value="1"/>
<Cov CovItemId="S117" Value="3"/>
<Cov CovItemId="S118" Value="6"/>
<Cov CovItemId="S119" Value="1"/>
<Cov CovItemId="S12" Value="1"/>
<Cov CovItemId="S120" Value="1"/>
<Cov CovItemId="S121" Value="1"/>
<Cov CovItemId="S122" Value="6"/>
<Cov CovItemId="S123" Value="6"/>
<Cov CovItemId="S124" Value="6"/>
<Cov CovItemId="S125" Value="6"/>
<Cov CovItemId="S126" Value="6"/>
<Cov CovItemId="S129" Value="1"/>
<Cov CovItemId="S13" Value="1"/>
<Cov CovItemId="S14" Value="1"/>
<Cov CovItemId="S15" Value="1"/>
<Cov CovItemId="S16" Value="1"/>
<Cov CovItemId="S17" Value="1"/>
<Cov CovItemId="S18" Value="1"/>
<Cov CovItemId="S19" Value="1"/>
<Cov CovItemId="S2" Value="1"/>
<Cov CovItemId="S20" Value="1"/>
<Cov CovItemId="S21" Value="1"/>
<Cov CovItemId="S22" Value="1"/>
<Cov CovItemId="S23" Value="1"/>
<Cov CovItemId="S24" Value="1"/>
<Cov CovItemId="S25" Value="1"/>
<Cov CovItemId="S26" Value="1"/>
<Cov CovItemId="S27" Value="1"/>
<Cov CovItemId="S28" Value="1"/>
<Cov CovItemId="S29" Value="1"/>
<Cov CovItemId="S3" Value="1"/>
<Cov CovItemId="S30" Value="1"/>
<Cov CovItemId="S31" Value="1"/>
<Cov CovItemId="S32" Value="1"/>
<Cov CovItemId="S33" Value="1"/>
<Cov CovItemId="S34" Value="1"/>
<Cov CovItemId="S35" Value="1"/>
<Cov CovItemId="S36" Value="1"/>
<Cov CovItemId="S37" Value="1"/>
<Cov CovItemId="S38" Value="1"/>
<Cov CovItemId="S39" Value="1"/>
<Cov CovItemId="S4" Value="1"/>
<Cov CovItemId="S40" Value="1"/>
<Cov CovItemId="S41" Value="1"/>
<Cov CovItemId="S42" Value="1"/>
<Cov CovItemId="S43" Value="1"/>
<Cov CovItemId="S44" Value="1"/>
<Cov CovItemId="S45" Value="1"/>
<Cov CovItemId="S46" Value="1"/>
<Cov CovItemId="S47" Value="18"/>
<Cov CovItemId="S48" Value="18"/>
<Cov CovItemId="S49" Value="18"/>
<Cov CovItemId="S5" Value="1"/>
<Cov CovItemId="S50" Value="18"/>
<Cov CovItemId="S51" Value="57"/>
<Cov CovItemId="S52" Value="57"/>
<Cov CovItemId="S53" Value="7"/>
<Cov CovItemId="S54" Value="50"/>
<Cov CovItemId="S56" Value="18"/>
<Cov CovItemId="S57" Value="10"/>
<Cov CovItemId="S58" Value="4"/>
<Cov CovItemId="S59" Value="6"/>
<Cov CovItemId="S6" Value="1"/>
<Cov CovItemId="S61" Value="6"/>
<Cov CovItemId="S63" Value="6"/>
<Cov CovItemId="S65" Value="6"/>
<Cov CovItemId="S66" Value="5"/>
<Cov CovItemId="S67" Value="1"/>
<Cov CovItemId="S68" Value="1"/>
<Cov CovItemId="S7" Value="1"/>
<Cov CovItemId="S72" Value="43"/>
<Cov CovItemId="S73" Value="43"/>
<Cov CovItemId="S74" Value="106"/>
<Cov CovItemId="S75" Value="40"/>
<Cov CovItemId="S76" Value="40"/>
<Cov CovItemId="S77" Value="10"/>
<Cov CovItemId="S78" Value="66"/>
<Cov CovItemId="S79" Value="66"/>
<Cov CovItemId="S8" Value="1"/>
<Cov CovItemId="S83" Value="43"/>
<Cov CovItemId="S84" Value="6"/>
<Cov CovItemId="S85" Value="6"/>
<Cov CovItemId="S9" Value="1"/>
<Cov CovItemId="S91" Value="6"/>
<Cov CovItemId="S92" Value="5"/>
<Cov CovItemId="S93" Value="18"/>
<Cov CovItemId="S94" Value="18"/>
<Cov CovItemId="S95" Value="18"/>
<Cov CovItemId="S96" Value="58"/>
<Cov CovItemId="S97" Value="58"/>
<Cov CovItemId="S98" Value="15"/>
<Cov CovItemId="S99" Value="43"/>
</CovPrefix>
</CovList>
<AssgnmntList>
<AssgnmntPrefix RootTermCovItemPrefix="com.aconex.coding.challenge.NumberToAlphaConverter.java">
<AssgnmntListEntry Length="1" RootTermCovItemId="C1">
<MapEntry BoolAssgnmnt="0" Value="18"/>
<MapEntry BoolAssgnmnt="1" Value="57"/>
</AssgnmntListEntry>
<AssgnmntListEntry Length="1" RootTermCovItemId="C11">
<MapEntry BoolAssgnmnt="0" Value="43"/>
<MapEntry BoolAssgnmnt="1" Value="106"/>
</AssgnmntListEntry>
<AssgnmntListEntry Length="1" RootTermCovItemId="C12">
<MapEntry BoolAssgnmnt="0" Value="66"/>
<MapEntry BoolAssgnmnt="1" Value="40"/>
</AssgnmntListEntry>
<AssgnmntListEntry Length="1" RootTermCovItemId="C13">
<MapEntry BoolAssgnmnt="0" Value="30"/>
<MapEntry BoolAssgnmnt="1" Value="10"/>
</AssgnmntListEntry>
<AssgnmntListEntry Length="1" RootTermCovItemId="C14">
<MapEntry BoolAssgnmnt="0" Value="66"/>
</AssgnmntListEntry>
<AssgnmntListEntry Length="1" RootTermCovItemId="C16">
<MapEntry BoolAssgnmnt="0" Value="6"/>
</AssgnmntListEntry>
<AssgnmntListEntry Length="1" RootTermCovItemId="C18">
<MapEntry BoolAssgnmnt="0" Value="1"/>
<MapEntry BoolAssgnmnt="1" Value="5"/>
</AssgnmntListEntry>
<AssgnmntListEntry Length="1" RootTermCovItemId="C19">
<MapEntry BoolAssgnmnt="0" Value="43"/>
<MapEntry BoolAssgnmnt="1" Value="15"/>
</AssgnmntListEntry>
<AssgnmntListEntry Length="2" RootTermCovItemId="C2">
<MapEntry BoolAssgnmnt="10" Value="50"/>
<MapEntry BoolAssgnmnt="11" Value="7"/>
</AssgnmntListEntry>
<AssgnmntListEntry Length="5" RootTermCovItemId="C20">
<MapEntry BoolAssgnmnt="02022" Value="37"/>
<MapEntry BoolAssgnmnt="02110" Value="3"/>
<MapEntry BoolAssgnmnt="11222" Value="3"/>
</AssgnmntListEntry>
<AssgnmntListEntry Length="3" RootTermCovItemId="C21">
<MapEntry BoolAssgnmnt="102" Value="3"/>
</AssgnmntListEntry>
<AssgnmntListEntry Length="1" RootTermCovItemId="C23">
<MapEntry BoolAssgnmnt="1" Value="3"/>
</AssgnmntListEntry>
<AssgnmntListEntry Length="1" RootTermCovItemId="C24">
<MapEntry BoolAssgnmnt="0" Value="33"/>
<MapEntry BoolAssgnmnt="1" Value="10"/>
</AssgnmntListEntry>
<AssgnmntListEntry Length="3" RootTermCovItemId="C25">
<MapEntry BoolAssgnmnt="110" Value="5"/>
<MapEntry BoolAssgnmnt="111" Value="5"/>
</AssgnmntListEntry>
<AssgnmntListEntry Length="1" RootTermCovItemId="C26">
<MapEntry BoolAssgnmnt="1" Value="5"/>
</AssgnmntListEntry>
<AssgnmntListEntry Length="1" RootTermCovItemId="C27">
<MapEntry BoolAssgnmnt="1" Value="1"/>
</AssgnmntListEntry>
<AssgnmntListEntry Length="1" RootTermCovItemId="C28">
<MapEntry BoolAssgnmnt="0" Value="1"/>
<MapEntry BoolAssgnmnt="1" Value="6"/>
</AssgnmntListEntry>
<AssgnmntListEntry Length="1" RootTermCovItemId="C29">
<MapEntry BoolAssgnmnt="1" Value="6"/>
</AssgnmntListEntry>
<AssgnmntListEntry Length="1" RootTermCovItemId="C3">
<MapEntry BoolAssgnmnt="0" Value="50"/>
</AssgnmntListEntry>
<AssgnmntListEntry Length="1" RootTermCovItemId="C30">
<MapEntry BoolAssgnmnt="0" Value="6"/>
</AssgnmntListEntry>
<AssgnmntListEntry Length="2" RootTermCovItemId="C4">
<MapEntry BoolAssgnmnt="10" Value="6"/>
<MapEntry BoolAssgnmnt="11" Value="4"/>
</AssgnmntListEntry>
<AssgnmntListEntry Length="2" RootTermCovItemId="C5">
<MapEntry BoolAssgnmnt="10" Value="6"/>
</AssgnmntListEntry>
<AssgnmntListEntry Length="2" RootTermCovItemId="C6">
<MapEntry BoolAssgnmnt="10" Value="6"/>
</AssgnmntListEntry>
<AssgnmntListEntry Length="2" RootTermCovItemId="C7">
<MapEntry BoolAssgnmnt="10" Value="6"/>
</AssgnmntListEntry>
<AssgnmntListEntry Length="2" RootTermCovItemId="C8">
<MapEntry BoolAssgnmnt="10" Value="1"/>
<MapEntry BoolAssgnmnt="11" Value="5"/>
</AssgnmntListEntry>
<AssgnmntListEntry Length="2" RootTermCovItemId="C9">
<MapEntry BoolAssgnmnt="11" Value="1"/>
</AssgnmntListEntry>
</AssgnmntPrefix>
</AssgnmntList>
<ObjMetaDataList/>
<MetaDataList/>
</TestCase>
<TestCase Comment="" Date="1421690044080" Name="com.aconex.test.TestAconex:testsSingleStringResultWithMultipleDictionaryWordAndNumbersAtEndsAndInBetween">
<CovList>
<CovPrefix CovItemPrefix="com.aconex.coding.challenge.NumberToAlphaConverter.java">
<Cov CovItemId="B1" Value="38"/>
<Cov CovItemId="B10" Value="10"/>
<Cov CovItemId="B11" Value="8"/>
<Cov CovItemId="B12" Value="2"/>
<Cov CovItemId="B14" Value="2"/>
<Cov CovItemId="B15" Value="2"/>
<Cov CovItemId="B19" Value="51"/>
<Cov CovItemId="B2" Value="156"/>
<Cov CovItemId="B20" Value="84"/>
<Cov CovItemId="B21" Value="12"/>
<Cov CovItemId="B22" Value="39"/>
<Cov CovItemId="B24" Value="84"/>
<Cov CovItemId="B27" Value="1"/>
<Cov CovItemId="B28" Value="19"/>
<Cov CovItemId="B29" Value="1"/>
<Cov CovItemId="B3" Value="12"/>
<Cov CovItemId="B31" Value="18"/>
<Cov CovItemId="B32" Value="1"/>
<Cov CovItemId="B33" Value="14"/>
<Cov CovItemId="B34" Value="56"/>
<Cov CovItemId="B35" Value="14"/>
<Cov CovItemId="B36" Value="42"/>
<Cov CovItemId="B37" Value="3"/>
<Cov CovItemId="B38" Value="11"/>
<Cov CovItemId="B39" Value="3"/>
<Cov CovItemId="B4" Value="144"/>
<Cov CovItemId="B41" Value="11"/>
<Cov CovItemId="B42" Value="3"/>
<Cov CovItemId="B43" Value="12"/>
<Cov CovItemId="B44" Value="44"/>
<Cov CovItemId="B45" Value="6"/>
<Cov CovItemId="B46" Value="6"/>
<Cov CovItemId="B47" Value="6"/>
<Cov CovItemId="B49" Value="1"/>
<Cov CovItemId="B5" Value="2"/>
<Cov CovItemId="B51" Value="1"/>
<Cov CovItemId="B52" Value="20"/>
<Cov CovItemId="B55" Value="20"/>
<Cov CovItemId="B6" Value="10"/>
<Cov CovItemId="B8" Value="10"/>
<Cov CovItemId="L1-1" Value="3"/>
<Cov CovItemId="L1-2" Value="19"/>
<Cov CovItemId="L2-0" Value="5"/>
<Cov CovItemId="L2-1" Value="20"/>
<Cov CovItemId="L2-2" Value="31"/>
<Cov CovItemId="L3-1" Value="1"/>
<Cov CovItemId="L4-1" Value="16"/>
<Cov CovItemId="L4-2" Value="2"/>
<Cov CovItemId="L5-2" Value="21"/>
<Cov CovItemId="L6-1" Value="12"/>
<Cov CovItemId="L7-2" Value="1"/>
<Cov CovItemId="L8-2" Value="1"/>
<Cov CovItemId="S100" Value="14"/>
<Cov CovItemId="S101" Value="14"/>
<Cov CovItemId="S102" Value="3"/>
<Cov CovItemId="S103" Value="3"/>
<Cov CovItemId="S104" Value="3"/>
<Cov CovItemId="S105" Value="14"/>
<Cov CovItemId="S106" Value="11"/>
<Cov CovItemId="S107" Value="56"/>
<Cov CovItemId="S108" Value="56"/>
<Cov CovItemId="S109" Value="12"/>
<Cov CovItemId="S110" Value="12"/>
<Cov CovItemId="S111" Value="12"/>
<Cov CovItemId="S112" Value="6"/>
<Cov CovItemId="S113" Value="6"/>
<Cov CovItemId="S115" Value="1"/>
<Cov CovItemId="S116" Value="1"/>
<Cov CovItemId="S117" Value="3"/>
<Cov CovItemId="S118" Value="20"/>
<Cov CovItemId="S119" Value="1"/>
<Cov CovItemId="S120" Value="1"/>
<Cov CovItemId="S121" Value="1"/>
<Cov CovItemId="S122" Value="20"/>
<Cov CovItemId="S123" Value="20"/>
<Cov CovItemId="S124" Value="20"/>
<Cov CovItemId="S125" Value="20"/>
<Cov CovItemId="S126" Value="20"/>
<Cov CovItemId="S129" Value="1"/>
<Cov CovItemId="S47" Value="22"/>
<Cov CovItemId="S48" Value="22"/>
<Cov CovItemId="S49" Value="22"/>
<Cov CovItemId="S50" Value="22"/>
<Cov CovItemId="S51" Value="194"/>
<Cov CovItemId="S52" Value="194"/>
<Cov CovItemId="S53" Value="38"/>
<Cov CovItemId="S54" Value="156"/>
<Cov CovItemId="S55" Value="12"/>
<Cov CovItemId="S56" Value="22"/>
<Cov CovItemId="S57" Value="12"/>
<Cov CovItemId="S58" Value="2"/>
<Cov CovItemId="S59" Value="10"/>
<Cov CovItemId="S61" Value="10"/>
<Cov CovItemId="S63" Value="10"/>
<Cov CovItemId="S64" Value="8"/>
<Cov CovItemId="S65" Value="2"/>
<Cov CovItemId="S67" Value="2"/>
<Cov CovItemId="S68" Value="2"/>
<Cov CovItemId="S72" Value="56"/>
<Cov CovItemId="S73" Value="56"/>
<Cov CovItemId="S74" Value="135"/>
<Cov CovItemId="S75" Value="51"/>
<Cov CovItemId="S76" Value="51"/>
<Cov CovItemId="S77" Value="12"/>
<Cov CovItemId="S78" Value="84"/>
<Cov CovItemId="S79" Value="84"/>
<Cov CovItemId="S83" Value="56"/>
<Cov CovItemId="S84" Value="20"/>
<Cov CovItemId="S85" Value="20"/>
<Cov CovItemId="S86" Value="1"/>
<Cov CovItemId="S87" Value="1"/>
<Cov CovItemId="S88" Value="1"/>
<Cov CovItemId="S89" Value="1"/>
<Cov CovItemId="S90" Value="1"/>
<Cov CovItemId="S91" Value="19"/>
<Cov CovItemId="S92" Value="18"/>
<Cov CovItemId="S93" Value="21"/>
<Cov CovItemId="S94" Value="21"/>
<Cov CovItemId="S95" Value="21"/>
<Cov CovItemId="S96" Value="70"/>
<Cov CovItemId="S97" Value="70"/>
<Cov CovItemId="S98" Value="14"/>
<Cov CovItemId="S99" Value="56"/>
</CovPrefix>
</CovList>
<AssgnmntList>
<AssgnmntPrefix RootTermCovItemPrefix="com.aconex.coding.challenge.NumberToAlphaConverter.java">
<AssgnmntListEntry Length="1" RootTermCovItemId="C1">
<MapEntry BoolAssgnmnt="0" Value="22"/>
<MapEntry BoolAssgnmnt="1" Value="194"/>
</AssgnmntListEntry>
<AssgnmntListEntry Length="1" RootTermCovItemId="C11">
<MapEntry BoolAssgnmnt="0" Value="56"/>
<MapEntry BoolAssgnmnt="1" Value="135"/>
</AssgnmntListEntry>
<AssgnmntListEntry Length="1" RootTermCovItemId="C12">
<MapEntry BoolAssgnmnt="0" Value="84"/>
<MapEntry BoolAssgnmnt="1" Value="51"/>
</AssgnmntListEntry>
<AssgnmntListEntry Length="1" RootTermCovItemId="C13">
<MapEntry BoolAssgnmnt="0" Value="39"/>
<MapEntry BoolAssgnmnt="1" Value="12"/>
</AssgnmntListEntry>
<AssgnmntListEntry Length="1" RootTermCovItemId="C14">
<MapEntry BoolAssgnmnt="0" Value="84"/>
</AssgnmntListEntry>
<AssgnmntListEntry Length="1" RootTermCovItemId="C16">
<MapEntry BoolAssgnmnt="0" Value="19"/>
<MapEntry BoolAssgnmnt="1" Value="1"/>
</AssgnmntListEntry>
<AssgnmntListEntry Length="2" RootTermCovItemId="C17">
<MapEntry BoolAssgnmnt="01" Value="1"/>
</AssgnmntListEntry>
<AssgnmntListEntry Length="1" RootTermCovItemId="C18">
<MapEntry BoolAssgnmnt="0" Value="1"/>
<MapEntry BoolAssgnmnt="1" Value="18"/>
</AssgnmntListEntry>
<AssgnmntListEntry Length="1" RootTermCovItemId="C19">
<MapEntry BoolAssgnmnt="0" Value="56"/>
<MapEntry BoolAssgnmnt="1" Value="14"/>
</AssgnmntListEntry>
<AssgnmntListEntry Length="2" RootTermCovItemId="C2">
<MapEntry BoolAssgnmnt="10" Value="144"/>
<MapEntry BoolAssgnmnt="02" Value="12"/>
<MapEntry BoolAssgnmnt="11" Value="38"/>
</AssgnmntListEntry>
<AssgnmntListEntry Length="5" RootTermCovItemId="C20">
<MapEntry BoolAssgnmnt="02111" Value="3"/>
<MapEntry BoolAssgnmnt="02022" Value="40"/>
<MapEntry BoolAssgnmnt="02110" Value="2"/>
<MapEntry BoolAssgnmnt="11222" Value="11"/>
</AssgnmntListEntry>
<AssgnmntListEntry Length="3" RootTermCovItemId="C21">
<MapEntry BoolAssgnmnt="110" Value="4"/>
<MapEntry BoolAssgnmnt="102" Value="7"/>
<MapEntry BoolAssgnmnt="111" Value="3"/>
</AssgnmntListEntry>
<AssgnmntListEntry Length="2" RootTermCovItemId="C22">
<MapEntry BoolAssgnmnt="11" Value="3"/>
</AssgnmntListEntry>
<AssgnmntListEntry Length="1" RootTermCovItemId="C23">
<MapEntry BoolAssgnmnt="0" Value="3"/>
<MapEntry BoolAssgnmnt="1" Value="11"/>
</AssgnmntListEntry>
<AssgnmntListEntry Length="1" RootTermCovItemId="C24">
<MapEntry BoolAssgnmnt="0" Value="44"/>
<MapEntry BoolAssgnmnt="1" Value="12"/>
</AssgnmntListEntry>
<AssgnmntListEntry Length="3" RootTermCovItemId="C25">
<MapEntry BoolAssgnmnt="110" Value="6"/>
<MapEntry BoolAssgnmnt="111" Value="6"/>
</AssgnmntListEntry>
<AssgnmntListEntry Length="1" RootTermCovItemId="C26">
<MapEntry BoolAssgnmnt="1" Value="6"/>
</AssgnmntListEntry>
<AssgnmntListEntry Length="1" RootTermCovItemId="C27">
<MapEntry BoolAssgnmnt="1" Value="1"/>
</AssgnmntListEntry>
<AssgnmntListEntry Length="1" RootTermCovItemId="C28">
<MapEntry BoolAssgnmnt="0" Value="1"/>
<MapEntry BoolAssgnmnt="1" Value="20"/>
</AssgnmntListEntry>
<AssgnmntListEntry Length="1" RootTermCovItemId="C29">
<MapEntry BoolAssgnmnt="1" Value="20"/>
</AssgnmntListEntry>
<AssgnmntListEntry Length="1" RootTermCovItemId="C3">
<MapEntry BoolAssgnmnt="0" Value="144"/>
<MapEntry BoolAssgnmnt="1" Value="12"/>
</AssgnmntListEntry>
<AssgnmntListEntry Length="1" RootTermCovItemId="C30">
<MapEntry BoolAssgnmnt="0" Value="20"/>
</AssgnmntListEntry>
<AssgnmntListEntry Length="2" RootTermCovItemId="C4">
<MapEntry BoolAssgnmnt="10" Value="10"/>
<MapEntry BoolAssgnmnt="11" Value="2"/>
</AssgnmntListEntry>
<AssgnmntListEntry Length="2" RootTermCovItemId="C5">
<MapEntry BoolAssgnmnt="10" Value="10"/>
</AssgnmntListEntry>
<AssgnmntListEntry Length="2" RootTermCovItemId="C6">
<MapEntry BoolAssgnmnt="10" Value="10"/>
</AssgnmntListEntry>
<AssgnmntListEntry Length="2" RootTermCovItemId="C7">
<MapEntry BoolAssgnmnt="10" Value="2"/>
<MapEntry BoolAssgnmnt="11" Value="8"/>
</AssgnmntListEntry>
<AssgnmntListEntry Length="2" RootTermCovItemId="C8">
<MapEntry BoolAssgnmnt="10" Value="2"/>
</AssgnmntListEntry>
<AssgnmntListEntry Length="2" RootTermCovItemId="C9">
<MapEntry BoolAssgnmnt="11" Value="2"/>
</AssgnmntListEntry>
</AssgnmntPrefix>
</AssgnmntList>
<ObjMetaDataList/>
<MetaDataList/>
</TestCase>
<TestCase Comment="" Date="1421690044084" Name="com.aconex.test.TestAconex:testsResultWithMultipleDictionaryWordAndNumbersConsecutiveInResult">
<CovList>
<CovPrefix CovItemPrefix="com.aconex.coding.challenge.NumberToAlphaConverter.java">
<Cov CovItemId="B1" Value="32"/>
<Cov CovItemId="B10" Value="12"/>
<Cov CovItemId="B11" Value="12"/>
<Cov CovItemId="B19" Value="70"/>
<Cov CovItemId="B2" Value="104"/>
<Cov CovItemId="B20" Value="54"/>
<Cov CovItemId="B21" Value="20"/>
<Cov CovItemId="B22" Value="50"/>
<Cov CovItemId="B24" Value="54"/>
<Cov CovItemId="B27" Value="2"/>
<Cov CovItemId="B28" Value="20"/>
<Cov CovItemId="B29" Value="2"/>
<Cov CovItemId="B3" Value="8"/>
<Cov CovItemId="B31" Value="18"/>
<Cov CovItemId="B32" Value="2"/>
<Cov CovItemId="B33" Value="14"/>
<Cov CovItemId="B34" Value="72"/>
<Cov CovItemId="B35" Value="8"/>
<Cov CovItemId="B36" Value="64"/>
<Cov CovItemId="B37" Value="2"/>
<Cov CovItemId="B38" Value="6"/>
<Cov CovItemId="B39" Value="2"/>
<Cov CovItemId="B4" Value="96"/>
<Cov CovItemId="B41" Value="6"/>
<Cov CovItemId="B42" Value="2"/>
<Cov CovItemId="B43" Value="20"/>
<Cov CovItemId="B44" Value="52"/>
<Cov CovItemId="B45" Value="12"/>
<Cov CovItemId="B46" Value="8"/>
<Cov CovItemId="B47" Value="12"/>
<Cov CovItemId="B49" Value="2"/>
<Cov CovItemId="B5" Value="8"/>
<Cov CovItemId="B51" Value="2"/>
<Cov CovItemId="B52" Value="22"/>
<Cov CovItemId="B54" Value="2"/>
<Cov CovItemId="B55" Value="20"/>
<Cov CovItemId="B6" Value="12"/>
<Cov CovItemId="B8" Value="12"/>
<Cov CovItemId="L1-1" Value="6"/>
<Cov CovItemId="L1-2" Value="22"/>
<Cov CovItemId="L2-0" Value="2"/>
<Cov CovItemId="L2-1" Value="46"/>
<Cov CovItemId="L2-2" Value="24"/>
<Cov CovItemId="L3-1" Value="2"/>
<Cov CovItemId="L4-1" Value="12"/>
<Cov CovItemId="L4-2" Value="6"/>
<Cov CovItemId="L5-2" Value="26"/>
<Cov CovItemId="L6-1" Value="20"/>
<Cov CovItemId="L7-2" Value="2"/>
<Cov CovItemId="L8-2" Value="2"/>
<Cov CovItemId="S100" Value="8"/>
<Cov CovItemId="S101" Value="8"/>
<Cov CovItemId="S102" Value="2"/>
<Cov CovItemId="S103" Value="2"/>
<Cov CovItemId="S104" Value="2"/>
<Cov CovItemId="S105" Value="8"/>
<Cov CovItemId="S106" Value="6"/>
<Cov CovItemId="S107" Value="72"/>
<Cov CovItemId="S108" Value="72"/>
<Cov CovItemId="S109" Value="20"/>
<Cov CovItemId="S110" Value="20"/>
<Cov CovItemId="S111" Value="20"/>
<Cov CovItemId="S112" Value="12"/>
<Cov CovItemId="S113" Value="12"/>
<Cov CovItemId="S115" Value="2"/>
<Cov CovItemId="S116" Value="2"/>
<Cov CovItemId="S117" Value="6"/>
<Cov CovItemId="S118" Value="22"/>
<Cov CovItemId="S119" Value="2"/>
<Cov CovItemId="S120" Value="2"/>
<Cov CovItemId="S121" Value="2"/>
<Cov CovItemId="S122" Value="22"/>
<Cov CovItemId="S123" Value="22"/>
<Cov CovItemId="S124" Value="22"/>
<Cov CovItemId="S125" Value="22"/>
<Cov CovItemId="S126" Value="22"/>
<Cov CovItemId="S127" Value="2"/>
<Cov CovItemId="S129" Value="2"/>
<Cov CovItemId="S47" Value="28"/>
<Cov CovItemId="S48" Value="28"/>
<Cov CovItemId="S49" Value="28"/>
<Cov CovItemId="S50" Value="28"/>
<Cov CovItemId="S51" Value="136"/>
<Cov CovItemId="S52" Value="136"/>
<Cov CovItemId="S53" Value="32"/>
<Cov CovItemId="S54" Value="104"/>
<Cov CovItemId="S55" Value="8"/>
<Cov CovItemId="S56" Value="28"/>
<Cov CovItemId="S57" Value="20"/>
<Cov CovItemId="S58" Value="8"/>
<Cov CovItemId="S59" Value="12"/>
<Cov CovItemId="S61" Value="12"/>
<Cov CovItemId="S63" Value="12"/>
<Cov CovItemId="S64" Value="12"/>
<Cov CovItemId="S72" Value="72"/>
<Cov CovItemId="S73" Value="72"/>
<Cov CovItemId="S74" Value="124"/>
<Cov CovItemId="S75" Value="70"/>
<Cov CovItemId="S76" Value="70"/>
<Cov CovItemId="S77" Value="20"/>
<Cov CovItemId="S78" Value="54"/>
<Cov CovItemId="S79" Value="54"/>
<Cov CovItemId="S83" Value="72"/>
<Cov CovItemId="S84" Value="22"/>
<Cov CovItemId="S85" Value="22"/>
<Cov CovItemId="S86" Value="2"/>
<Cov CovItemId="S87" Value="2"/>
<Cov CovItemId="S88" Value="2"/>
<Cov CovItemId="S89" Value="2"/>
<Cov CovItemId="S90" Value="2"/>
<Cov CovItemId="S91" Value="20"/>
<Cov CovItemId="S92" Value="18"/>
<Cov CovItemId="S93" Value="26"/>
<Cov CovItemId="S94" Value="26"/>
<Cov CovItemId="S95" Value="26"/>
<Cov CovItemId="S96" Value="86"/>
<Cov CovItemId="S97" Value="86"/>
<Cov CovItemId="S98" Value="14"/>
<Cov CovItemId="S99" Value="72"/>
</CovPrefix>
</CovList>
<AssgnmntList>
<AssgnmntPrefix RootTermCovItemPrefix="com.aconex.coding.challenge.NumberToAlphaConverter.java">
<AssgnmntListEntry Length="1" RootTermCovItemId="C1">
<MapEntry BoolAssgnmnt="0" Value="28"/>
<MapEntry BoolAssgnmnt="1" Value="136"/>
</AssgnmntListEntry>
<AssgnmntListEntry Length="1" RootTermCovItemId="C11">
<MapEntry BoolAssgnmnt="0" Value="72"/>
<MapEntry BoolAssgnmnt="1" Value="124"/>
</AssgnmntListEntry>
<AssgnmntListEntry Length="1" RootTermCovItemId="C12">
<MapEntry BoolAssgnmnt="0" Value="54"/>
<MapEntry BoolAssgnmnt="1" Value="70"/>
</AssgnmntListEntry>
<AssgnmntListEntry Length="1" RootTermCovItemId="C13">
<MapEntry BoolAssgnmnt="0" Value="50"/>
<MapEntry BoolAssgnmnt="1" Value="20"/>
</AssgnmntListEntry>
<AssgnmntListEntry Length="1" RootTermCovItemId="C14">
<MapEntry BoolAssgnmnt="0" Value="54"/>
</AssgnmntListEntry>
<AssgnmntListEntry Length="1" RootTermCovItemId="C16">
<MapEntry BoolAssgnmnt="0" Value="20"/>
<MapEntry BoolAssgnmnt="1" Value="2"/>
</AssgnmntListEntry>
<AssgnmntListEntry Length="2" RootTermCovItemId="C17">
<MapEntry BoolAssgnmnt="01" Value="2"/>
</AssgnmntListEntry>
<AssgnmntListEntry Length="1" RootTermCovItemId="C18">
<MapEntry BoolAssgnmnt="0" Value="2"/>
<MapEntry BoolAssgnmnt="1" Value="18"/>
</AssgnmntListEntry>
<AssgnmntListEntry Length="1" RootTermCovItemId="C19">
<MapEntry BoolAssgnmnt="0" Value="72"/>
<MapEntry BoolAssgnmnt="1" Value="14"/>
</AssgnmntListEntry>
<AssgnmntListEntry Length="2" RootTermCovItemId="C2">
<MapEntry BoolAssgnmnt="10" Value="96"/>
<MapEntry BoolAssgnmnt="02" Value="8"/>
<MapEntry BoolAssgnmnt="11" Value="32"/>
</AssgnmntListEntry>
<AssgnmntListEntry Length="5" RootTermCovItemId="C20">
<MapEntry BoolAssgnmnt="02111" Value="2"/>
<MapEntry BoolAssgnmnt="02022" Value="64"/>
<MapEntry BoolAssgnmnt="11222" Value="6"/>
</AssgnmntListEntry>
<AssgnmntListEntry Length="3" RootTermCovItemId="C21">
<MapEntry BoolAssgnmnt="102" Value="6"/>
<MapEntry BoolAssgnmnt="111" Value="2"/>
</AssgnmntListEntry>
<AssgnmntListEntry Length="2" RootTermCovItemId="C22">
<MapEntry BoolAssgnmnt="11" Value="2"/>
</AssgnmntListEntry>
<AssgnmntListEntry Length="1" RootTermCovItemId="C23">
<MapEntry BoolAssgnmnt="0" Value="2"/>
<MapEntry BoolAssgnmnt="1" Value="6"/>
</AssgnmntListEntry>
<AssgnmntListEntry Length="1" RootTermCovItemId="C24">
<MapEntry BoolAssgnmnt="0" Value="52"/>
<MapEntry BoolAssgnmnt="1" Value="20"/>
</AssgnmntListEntry>
<AssgnmntListEntry Length="3" RootTermCovItemId="C25">
<MapEntry BoolAssgnmnt="110" Value="8"/>
<MapEntry BoolAssgnmnt="111" Value="12"/>
</AssgnmntListEntry>
<AssgnmntListEntry Length="1" RootTermCovItemId="C26">
<MapEntry BoolAssgnmnt="1" Value="12"/>
</AssgnmntListEntry>
<AssgnmntListEntry Length="1" RootTermCovItemId="C27">
<MapEntry BoolAssgnmnt="1" Value="2"/>
</AssgnmntListEntry>
<AssgnmntListEntry Length="1" RootTermCovItemId="C28">
<MapEntry BoolAssgnmnt="1" Value="22"/>
</AssgnmntListEntry>
<AssgnmntListEntry Length="1" RootTermCovItemId="C29">
<MapEntry BoolAssgnmnt="1" Value="22"/>
</AssgnmntListEntry>
<AssgnmntListEntry Length="1" RootTermCovItemId="C3">
<MapEntry BoolAssgnmnt="0" Value="96"/>
<MapEntry BoolAssgnmnt="1" Value="8"/>
</AssgnmntListEntry>
<AssgnmntListEntry Length="1" RootTermCovItemId="C30">
<MapEntry BoolAssgnmnt="0" Value="20"/>
<MapEntry BoolAssgnmnt="1" Value="2"/>
</AssgnmntListEntry>
<AssgnmntListEntry Length="2" RootTermCovItemId="C4">
<MapEntry BoolAssgnmnt="10" Value="12"/>
<MapEntry BoolAssgnmnt="11" Value="8"/>
</AssgnmntListEntry>
<AssgnmntListEntry Length="2" RootTermCovItemId="C5">
<MapEntry BoolAssgnmnt="10" Value="12"/>
</AssgnmntListEntry>
<AssgnmntListEntry Length="2" RootTermCovItemId="C6">
<MapEntry BoolAssgnmnt="10" Value="12"/>
</AssgnmntListEntry>
<AssgnmntListEntry Length="2" RootTermCovItemId="C7">
<MapEntry BoolAssgnmnt="11" Value="12"/>
</AssgnmntListEntry>
</AssgnmntPrefix>
</AssgnmntList>
<ObjMetaDataList/>
<MetaDataList/>
</TestCase>
<TestCase Comment="" Date="1421690044092" Name="com.aconex.test.TestAconex:testsSingleStringResultWithMultipleDictionaryWord">
<CovList>
<CovPrefix CovItemPrefix="com.aconex.coding.challenge.NumberToAlphaConverter.java">
<Cov CovItemId="B1" Value="5"/>
<Cov CovItemId="B10" Value="11"/>
<Cov CovItemId="B11" Value="2"/>
<Cov CovItemId="B12" Value="9"/>
<Cov CovItemId="B13" Value="2"/>
<Cov CovItemId="B14" Value="7"/>
<Cov CovItemId="B15" Value="7"/>
<Cov CovItemId="B19" Value="43"/>
<Cov CovItemId="B2" Value="94"/>
<Cov CovItemId="B20" Value="36"/>
<Cov CovItemId="B21" Value="15"/>
<Cov CovItemId="B22" Value="28"/>
<Cov CovItemId="B24" Value="36"/>
<Cov CovItemId="B27" Value="1"/>
<Cov CovItemId="B28" Value="11"/>
<Cov CovItemId="B29" Value="1"/>
<Cov CovItemId="B3" Value="8"/>
<Cov CovItemId="B31" Value="10"/>
<Cov CovItemId="B32" Value="1"/>
<Cov CovItemId="B33" Value="12"/>
<Cov CovItemId="B34" Value="46"/>
<Cov CovItemId="B35" Value="2"/>
<Cov CovItemId="B36" Value="44"/>
<Cov CovItemId="B37" Value="2"/>
<Cov CovItemId="B4" Value="86"/>
<Cov CovItemId="B40" Value="2"/>
<Cov CovItemId="B41" Value="2"/>
<Cov CovItemId="B43" Value="15"/>
<Cov CovItemId="B44" Value="31"/>
<Cov CovItemId="B45" Value="7"/>
<Cov CovItemId="B46" Value="8"/>
<Cov CovItemId="B47" Value="7"/>
<Cov CovItemId="B49" Value="1"/>
<Cov CovItemId="B5" Value="4"/>
<Cov CovItemId="B51" Value="1"/>
<Cov CovItemId="B52" Value="12"/>
<Cov CovItemId="B55" Value="12"/>
<Cov CovItemId="B6" Value="11"/>
<Cov CovItemId="B8" Value="11"/>
<Cov CovItemId="L1-1" Value="4"/>
<Cov CovItemId="L1-2" Value="15"/>
<Cov CovItemId="L2-0" Value="3"/>
<Cov CovItemId="L2-1" Value="27"/>
<Cov CovItemId="L2-2" Value="16"/>
<Cov CovItemId="L3-1" Value="1"/>
<Cov CovItemId="L4-1" Value="6"/>
<Cov CovItemId="L4-2" Value="4"/>
<Cov CovItemId="L5-2" Value="18"/>
<Cov CovItemId="L6-1" Value="15"/>
<Cov CovItemId="L7-2" Value="1"/>
<Cov CovItemId="L8-2" Value="1"/>
<Cov CovItemId="S100" Value="2"/>
<Cov CovItemId="S101" Value="2"/>
<Cov CovItemId="S102" Value="2"/>
<Cov CovItemId="S103" Value="2"/>
<Cov CovItemId="S105" Value="2"/>
<Cov CovItemId="S106" Value="2"/>
<Cov CovItemId="S107" Value="46"/>
<Cov CovItemId="S108" Value="46"/>
<Cov CovItemId="S109" Value="15"/>
<Cov CovItemId="S110" Value="15"/>
<Cov CovItemId="S111" Value="15"/>
<Cov CovItemId="S112" Value="7"/>
<Cov CovItemId="S113" Value="7"/>
<Cov CovItemId="S115" Value="1"/>
<Cov CovItemId="S116" Value="1"/>
<Cov CovItemId="S117" Value="4"/>
<Cov CovItemId="S118" Value="12"/>
<Cov CovItemId="S119" Value="1"/>
<Cov CovItemId="S120" Value="1"/>
<Cov CovItemId="S121" Value="1"/>
<Cov CovItemId="S122" Value="12"/>
<Cov CovItemId="S123" Value="12"/>
<Cov CovItemId="S124" Value="12"/>
<Cov CovItemId="S125" Value="12"/>
<Cov CovItemId="S126" Value="12"/>
<Cov CovItemId="S129" Value="1"/>
<Cov CovItemId="S47" Value="19"/>
<Cov CovItemId="S48" Value="19"/>
<Cov CovItemId="S49" Value="19"/>
<Cov CovItemId="S50" Value="19"/>
<Cov CovItemId="S51" Value="99"/>
<Cov CovItemId="S52" Value="99"/>
<Cov CovItemId="S53" Value="5"/>
<Cov CovItemId="S54" Value="94"/>
<Cov CovItemId="S55" Value="8"/>
<Cov CovItemId="S56" Value="19"/>
<Cov CovItemId="S57" Value="15"/>
<Cov CovItemId="S58" Value="4"/>
<Cov CovItemId="S59" Value="11"/>
<Cov CovItemId="S61" Value="11"/>
<Cov CovItemId="S63" Value="11"/>
<Cov CovItemId="S64" Value="2"/>
<Cov CovItemId="S65" Value="9"/>
<Cov CovItemId="S66" Value="2"/>
<Cov CovItemId="S67" Value="7"/>
<Cov CovItemId="S68" Value="7"/>
<Cov CovItemId="S72" Value="46"/>
<Cov CovItemId="S73" Value="46"/>
<Cov CovItemId="S74" Value="79"/>
<Cov CovItemId="S75" Value="43"/>
<Cov CovItemId="S76" Value="43"/>
<Cov CovItemId="S77" Value="15"/>
<Cov CovItemId="S78" Value="36"/>
<Cov CovItemId="S79" Value="36"/>
<Cov CovItemId="S83" Value="46"/>
<Cov CovItemId="S84" Value="12"/>
<Cov CovItemId="S85" Value="12"/>
<Cov CovItemId="S86" Value="1"/>
<Cov CovItemId="S87" Value="1"/>
<Cov CovItemId="S88" Value="1"/>
<Cov CovItemId="S89" Value="1"/>
<Cov CovItemId="S90" Value="1"/>
<Cov CovItemId="S91" Value="11"/>
<Cov CovItemId="S92" Value="10"/>
<Cov CovItemId="S93" Value="18"/>
<Cov CovItemId="S94" Value="18"/>
<Cov CovItemId="S95" Value="18"/>
<Cov CovItemId="S96" Value="58"/>
<Cov CovItemId="S97" Value="58"/>
<Cov CovItemId="S98" Value="12"/>
<Cov CovItemId="S99" Value="46"/>
</CovPrefix>
</CovList>
<AssgnmntList>
<AssgnmntPrefix RootTermCovItemPrefix="com.aconex.coding.challenge.NumberToAlphaConverter.java">
<AssgnmntListEntry Length="1" RootTermCovItemId="C1">
<MapEntry BoolAssgnmnt="0" Value="19"/>
<MapEntry BoolAssgnmnt="1" Value="99"/>
</AssgnmntListEntry>
<AssgnmntListEntry Length="1" RootTermCovItemId="C11">
<MapEntry BoolAssgnmnt="0" Value="46"/>
<MapEntry BoolAssgnmnt="1" Value="79"/>
</AssgnmntListEntry>
<AssgnmntListEntry Length="1" RootTermCovItemId="C12">
<MapEntry BoolAssgnmnt="0" Value="36"/>
<MapEntry BoolAssgnmnt="1" Value="43"/>
</AssgnmntListEntry>
<AssgnmntListEntry Length="1" RootTermCovItemId="C13">
<MapEntry BoolAssgnmnt="0" Value="28"/>
<MapEntry BoolAssgnmnt="1" Value="15"/>
</AssgnmntListEntry>
<AssgnmntListEntry Length="1" RootTermCovItemId="C14">
<MapEntry BoolAssgnmnt="0" Value="36"/>
</AssgnmntListEntry>
<AssgnmntListEntry Length="1" RootTermCovItemId="C16">
<MapEntry BoolAssgnmnt="0" Value="11"/>
<MapEntry BoolAssgnmnt="1" Value="1"/>
</AssgnmntListEntry>
<AssgnmntListEntry Length="2" RootTermCovItemId="C17">
<MapEntry BoolAssgnmnt="12" Value="1"/>
</AssgnmntListEntry>
<AssgnmntListEntry Length="1" RootTermCovItemId="C18">
<MapEntry BoolAssgnmnt="0" Value="1"/>
<MapEntry BoolAssgnmnt="1" Value="10"/>
</AssgnmntListEntry>
<AssgnmntListEntry Length="1" RootTermCovItemId="C19">
<MapEntry BoolAssgnmnt="0" Value="46"/>
<MapEntry BoolAssgnmnt="1" Value="12"/>
</AssgnmntListEntry>
<AssgnmntListEntry Length="2" RootTermCovItemId="C2">
<MapEntry BoolAssgnmnt="10" Value="86"/>
<MapEntry BoolAssgnmnt="02" Value="8"/>
<MapEntry BoolAssgnmnt="11" Value="5"/>
</AssgnmntListEntry>
<AssgnmntListEntry Length="5" RootTermCovItemId="C20">
<MapEntry BoolAssgnmnt="02111" Value="2"/>
<MapEntry BoolAssgnmnt="02022" Value="43"/>
<MapEntry BoolAssgnmnt="02110" Value="1"/>
</AssgnmntListEntry>
<AssgnmntListEntry Length="3" RootTermCovItemId="C21">
<MapEntry BoolAssgnmnt="111" Value="2"/>
</AssgnmntListEntry>
<AssgnmntListEntry Length="2" RootTermCovItemId="C22">
<MapEntry BoolAssgnmnt="10" Value="2"/>
</AssgnmntListEntry>
<AssgnmntListEntry Length="1" RootTermCovItemId="C23">
<MapEntry BoolAssgnmnt="1" Value="2"/>
</AssgnmntListEntry>
<AssgnmntListEntry Length="1" RootTermCovItemId="C24">
<MapEntry BoolAssgnmnt="0" Value="31"/>
<MapEntry BoolAssgnmnt="1" Value="15"/>
</AssgnmntListEntry>
<AssgnmntListEntry Length="3" RootTermCovItemId="C25">
<MapEntry BoolAssgnmnt="110" Value="8"/>
<MapEntry BoolAssgnmnt="111" Value="7"/>
</AssgnmntListEntry>
<AssgnmntListEntry Length="1" RootTermCovItemId="C26">
<MapEntry BoolAssgnmnt="1" Value="7"/>
</AssgnmntListEntry>
<AssgnmntListEntry Length="1" RootTermCovItemId="C27">
<MapEntry BoolAssgnmnt="1" Value="1"/>
</AssgnmntListEntry>
<AssgnmntListEntry Length="1" RootTermCovItemId="C28">
<MapEntry BoolAssgnmnt="0" Value="1"/>
<MapEntry BoolAssgnmnt="1" Value="12"/>
</AssgnmntListEntry>
<AssgnmntListEntry Length="1" RootTermCovItemId="C29">
<MapEntry BoolAssgnmnt="1" Value="12"/>
</AssgnmntListEntry>
<AssgnmntListEntry Length="1" RootTermCovItemId="C3">
<MapEntry BoolAssgnmnt="0" Value="86"/>
<MapEntry BoolAssgnmnt="1" Value="8"/>
</AssgnmntListEntry>
<AssgnmntListEntry Length="1" RootTermCovItemId="C30">
<MapEntry BoolAssgnmnt="0" Value="12"/>
</AssgnmntListEntry>
<AssgnmntListEntry Length="2" RootTermCovItemId="C4">
<MapEntry BoolAssgnmnt="10" Value="11"/>
<MapEntry BoolAssgnmnt="11" Value="4"/>
</AssgnmntListEntry>
<AssgnmntListEntry Length="2" RootTermCovItemId="C5">
<MapEntry BoolAssgnmnt="10" Value="11"/>
</AssgnmntListEntry>
<AssgnmntListEntry Length="2" RootTermCovItemId="C6">
<MapEntry BoolAssgnmnt="10" Value="11"/>
</AssgnmntListEntry>
<AssgnmntListEntry Length="2" RootTermCovItemId="C7">
<MapEntry BoolAssgnmnt="10" Value="9"/>
<MapEntry BoolAssgnmnt="11" Value="2"/>
</AssgnmntListEntry>
<AssgnmntListEntry Length="2" RootTermCovItemId="C8">
<MapEntry BoolAssgnmnt="10" Value="7"/>
<MapEntry BoolAssgnmnt="11" Value="2"/>
</AssgnmntListEntry>
<AssgnmntListEntry Length="2" RootTermCovItemId="C9">
<MapEntry BoolAssgnmnt="11" Value="7"/>
</AssgnmntListEntry>
</AssgnmntPrefix>
</AssgnmntList>
<ObjMetaDataList/>
<MetaDataList/>
</TestCase>
<TestCase Comment="" Date="1421690044096" Name="com.aconex.test.TestAconex:testsSingleStringResultWithMultipleDictionaryWordAndSingleNumbersAtLeftEnd">
<CovList>
<CovPrefix CovItemPrefix="com.aconex.coding.challenge.NumberToAlphaConverter.java">
<Cov CovItemId="B1" Value="17"/>
<Cov CovItemId="B10" Value="12"/>
<Cov CovItemId="B11" Value="6"/>
<Cov CovItemId="B12" Value="6"/>
<Cov CovItemId="B13" Value="4"/>
<Cov CovItemId="B14" Value="2"/>
<Cov CovItemId="B15" Value="2"/>
<Cov CovItemId="B19" Value="36"/>
<Cov CovItemId="B2" Value="79"/>
<Cov CovItemId="B20" Value="24"/>
<Cov CovItemId="B21" Value="14"/>
<Cov CovItemId="B22" Value="22"/>
<Cov CovItemId="B24" Value="24"/>
<Cov CovItemId="B27" Value="1"/>
<Cov CovItemId="B28" Value="11"/>
<Cov CovItemId="B29" Value="1"/>
<Cov CovItemId="B3" Value="8"/>
<Cov CovItemId="B31" Value="10"/>
<Cov CovItemId="B32" Value="1"/>
<Cov CovItemId="B33" Value="11"/>
<Cov CovItemId="B34" Value="40"/>
<Cov CovItemId="B35" Value="3"/>
<Cov CovItemId="B36" Value="37"/>
<Cov CovItemId="B37" Value="3"/>
<Cov CovItemId="B4" Value="71"/>
<Cov CovItemId="B40" Value="3"/>
<Cov CovItemId="B41" Value="3"/>
<Cov CovItemId="B43" Value="14"/>
<Cov CovItemId="B44" Value="26"/>
<Cov CovItemId="B45" Value="6"/>
<Cov CovItemId="B46" Value="8"/>
<Cov CovItemId="B47" Value="6"/>
<Cov CovItemId="B49" Value="1"/>
<Cov CovItemId="B5" Value="2"/>
<Cov CovItemId="B51" Value="1"/>
<Cov CovItemId="B52" Value="12"/>
<Cov CovItemId="B55" Value="12"/>
<Cov CovItemId="B6" Value="12"/>
<Cov CovItemId="B8" Value="12"/>
<Cov CovItemId="L1-1" Value="3"/>
<Cov CovItemId="L1-2" Value="14"/>
<Cov CovItemId="L2-0" Value="4"/>
<Cov CovItemId="L2-1" Value="24"/>
<Cov CovItemId="L2-2" Value="12"/>
<Cov CovItemId="L3-1" Value="1"/>
<Cov CovItemId="L4-1" Value="6"/>
<Cov CovItemId="L4-2" Value="4"/>
<Cov CovItemId="L5-2" Value="16"/>
<Cov CovItemId="L6-1" Value="14"/>
<Cov CovItemId="L7-2" Value="1"/>
<Cov CovItemId="L8-2" Value="1"/>
<Cov CovItemId="S100" Value="3"/>
<Cov CovItemId="S101" Value="3"/>
<Cov CovItemId="S102" Value="3"/>
<Cov CovItemId="S103" Value="3"/>
<Cov CovItemId="S105" Value="3"/>
<Cov CovItemId="S106" Value="3"/>
<Cov CovItemId="S107" Value="40"/>
<Cov CovItemId="S108" Value="40"/>
<Cov CovItemId="S109" Value="14"/>
<Cov CovItemId="S110" Value="14"/>
<Cov CovItemId="S111" Value="14"/>
<Cov CovItemId="S112" Value="6"/>
<Cov CovItemId="S113" Value="6"/>
<Cov CovItemId="S115" Value="1"/>
<Cov CovItemId="S116" Value="1"/>
<Cov CovItemId="S117" Value="3"/>
<Cov CovItemId="S118" Value="12"/>
<Cov CovItemId="S119" Value="1"/>
<Cov CovItemId="S120" Value="1"/>
<Cov CovItemId="S121" Value="1"/>
<Cov CovItemId="S122" Value="12"/>
<Cov CovItemId="S123" Value="12"/>
<Cov CovItemId="S124" Value="12"/>
<Cov CovItemId="S125" Value="12"/>
<Cov CovItemId="S126" Value="12"/>
<Cov CovItemId="S129" Value="1"/>
<Cov CovItemId="S47" Value="17"/>
<Cov CovItemId="S48" Value="17"/>
<Cov CovItemId="S49" Value="17"/>
<Cov CovItemId="S50" Value="17"/>
<Cov CovItemId="S51" Value="96"/>
<Cov CovItemId="S52" Value="96"/>
<Cov CovItemId="S53" Value="17"/>
<Cov CovItemId="S54" Value="79"/>
<Cov CovItemId="S55" Value="8"/>
<Cov CovItemId="S56" Value="17"/>
<Cov CovItemId="S57" Value="14"/>
<Cov CovItemId="S58" Value="2"/>
<Cov CovItemId="S59" Value="12"/>
<Cov CovItemId="S61" Value="12"/>
<Cov CovItemId="S63" Value="12"/>
<Cov CovItemId="S64" Value="6"/>
<Cov CovItemId="S65" Value="6"/>
<Cov CovItemId="S66" Value="4"/>
<Cov CovItemId="S67" Value="2"/>
<Cov CovItemId="S68" Value="2"/>
<Cov CovItemId="S72" Value="40"/>
<Cov CovItemId="S73" Value="40"/>
<Cov CovItemId="S74" Value="60"/>
<Cov CovItemId="S75" Value="36"/>
<Cov CovItemId="S76" Value="36"/>
<Cov CovItemId="S77" Value="14"/>
<Cov CovItemId="S78" Value="24"/>
<Cov CovItemId="S79" Value="24"/>
<Cov CovItemId="S83" Value="40"/>
<Cov CovItemId="S84" Value="12"/>
<Cov CovItemId="S85" Value="12"/>
<Cov CovItemId="S86" Value="1"/>
<Cov CovItemId="S87" Value="1"/>
<Cov CovItemId="S88" Value="1"/>
<Cov CovItemId="S89" Value="1"/>
<Cov CovItemId="S90" Value="1"/>
<Cov CovItemId="S91" Value="11"/>
<Cov CovItemId="S92" Value="10"/>
<Cov CovItemId="S93" Value="16"/>
<Cov CovItemId="S94" Value="16"/>
<Cov CovItemId="S95" Value="16"/>
<Cov CovItemId="S96" Value="51"/>
<Cov CovItemId="S97" Value="51"/>
<Cov CovItemId="S98" Value="11"/>
<Cov CovItemId="S99" Value="40"/>
</CovPrefix>
</CovList>
<AssgnmntList>
<AssgnmntPrefix RootTermCovItemPrefix="com.aconex.coding.challenge.NumberToAlphaConverter.java">
<AssgnmntListEntry Length="1" RootTermCovItemId="C1">
<MapEntry BoolAssgnmnt="0" Value="17"/>
<MapEntry BoolAssgnmnt="1" Value="96"/>
</AssgnmntListEntry>
<AssgnmntListEntry Length="1" RootTermCovItemId="C11">
<MapEntry BoolAssgnmnt="0" Value="40"/>
<MapEntry BoolAssgnmnt="1" Value="60"/>
</AssgnmntListEntry>
<AssgnmntListEntry Length="1" RootTermCovItemId="C12">
<MapEntry BoolAssgnmnt="0" Value="24"/>
<MapEntry BoolAssgnmnt="1" Value="36"/>
</AssgnmntListEntry>
<AssgnmntListEntry Length="1" RootTermCovItemId="C13">
<MapEntry BoolAssgnmnt="0" Value="22"/>
<MapEntry BoolAssgnmnt="1" Value="14"/>
</AssgnmntListEntry>
<AssgnmntListEntry Length="1" RootTermCovItemId="C14">
<MapEntry BoolAssgnmnt="0" Value="24"/>
</AssgnmntListEntry>
<AssgnmntListEntry Length="1" RootTermCovItemId="C16">
<MapEntry BoolAssgnmnt="0" Value="11"/>
<MapEntry BoolAssgnmnt="1" Value="1"/>
</AssgnmntListEntry>
<AssgnmntListEntry Length="2" RootTermCovItemId="C17">
<MapEntry BoolAssgnmnt="12" Value="1"/>
</AssgnmntListEntry>
<AssgnmntListEntry Length="1" RootTermCovItemId="C18">
<MapEntry BoolAssgnmnt="0" Value="1"/>
<MapEntry BoolAssgnmnt="1" Value="10"/>
</AssgnmntListEntry>
<AssgnmntListEntry Length="1" RootTermCovItemId="C19">
<MapEntry BoolAssgnmnt="0" Value="40"/>
<MapEntry BoolAssgnmnt="1" Value="11"/>
</AssgnmntListEntry>
<AssgnmntListEntry Length="2" RootTermCovItemId="C2">
<MapEntry BoolAssgnmnt="10" Value="71"/>
<MapEntry BoolAssgnmnt="02" Value="8"/>
<MapEntry BoolAssgnmnt="11" Value="17"/>
</AssgnmntListEntry>
<AssgnmntListEntry Length="5" RootTermCovItemId="C20">
<MapEntry BoolAssgnmnt="02111" Value="3"/>
<MapEntry BoolAssgnmnt="02022" Value="36"/>
<MapEntry BoolAssgnmnt="02110" Value="1"/>
</AssgnmntListEntry>
<AssgnmntListEntry Length="3" RootTermCovItemId="C21">
<MapEntry BoolAssgnmnt="111" Value="3"/>
</AssgnmntListEntry>
<AssgnmntListEntry Length="2" RootTermCovItemId="C22">
<MapEntry BoolAssgnmnt="10" Value="3"/>
</AssgnmntListEntry>
<AssgnmntListEntry Length="1" RootTermCovItemId="C23">
<MapEntry BoolAssgnmnt="1" Value="3"/>
</AssgnmntListEntry>
<AssgnmntListEntry Length="1" RootTermCovItemId="C24">
<MapEntry BoolAssgnmnt="0" Value="26"/>
<MapEntry BoolAssgnmnt="1" Value="14"/>
</AssgnmntListEntry>
<AssgnmntListEntry Length="3" RootTermCovItemId="C25">
<MapEntry BoolAssgnmnt="110" Value="8"/>
<MapEntry BoolAssgnmnt="111" Value="6"/>
</AssgnmntListEntry>
<AssgnmntListEntry Length="1" RootTermCovItemId="C26">
<MapEntry BoolAssgnmnt="1" Value="6"/>
</AssgnmntListEntry>
<AssgnmntListEntry Length="1" RootTermCovItemId="C27">
<MapEntry BoolAssgnmnt="1" Value="1"/>
</AssgnmntListEntry>
<AssgnmntListEntry Length="1" RootTermCovItemId="C28">
<MapEntry BoolAssgnmnt="0" Value="1"/>
<MapEntry BoolAssgnmnt="1" Value="12"/>
</AssgnmntListEntry>
<AssgnmntListEntry Length="1" RootTermCovItemId="C29">
<MapEntry BoolAssgnmnt="1" Value="12"/>
</AssgnmntListEntry>
<AssgnmntListEntry Length="1" RootTermCovItemId="C3">
<MapEntry BoolAssgnmnt="0" Value="71"/>
<MapEntry BoolAssgnmnt="1" Value="8"/>
</AssgnmntListEntry>
<AssgnmntListEntry Length="1" RootTermCovItemId="C30">
<MapEntry BoolAssgnmnt="0" Value="12"/>
</AssgnmntListEntry>
<AssgnmntListEntry Length="2" RootTermCovItemId="C4">
<MapEntry BoolAssgnmnt="10" Value="12"/>
<MapEntry BoolAssgnmnt="11" Value="2"/>
</AssgnmntListEntry>
<AssgnmntListEntry Length="2" RootTermCovItemId="C5">
<MapEntry BoolAssgnmnt="10" Value="12"/>
</AssgnmntListEntry>
<AssgnmntListEntry Length="2" RootTermCovItemId="C6">
<MapEntry BoolAssgnmnt="10" Value="12"/>
</AssgnmntListEntry>
<AssgnmntListEntry Length="2" RootTermCovItemId="C7">
<MapEntry BoolAssgnmnt="10" Value="6"/>
<MapEntry BoolAssgnmnt="11" Value="6"/>
</AssgnmntListEntry>
<AssgnmntListEntry Length="2" RootTermCovItemId="C8">
<MapEntry BoolAssgnmnt="10" Value="2"/>
<MapEntry BoolAssgnmnt="11" Value="4"/>
</AssgnmntListEntry>
<AssgnmntListEntry Length="2" RootTermCovItemId="C9">
<MapEntry BoolAssgnmnt="11" Value="2"/>
</AssgnmntListEntry>
</AssgnmntPrefix>
</AssgnmntList>
<ObjMetaDataList/>
<MetaDataList/>
</TestCase>
<TestCase Comment="" Date="1421690044104" Name="com.aconex.test.TestAconex:testPhoneNumberForAmbiguity">
<CovList>
<CovPrefix CovItemPrefix="com.aconex.coding.challenge.NumberToAlphaConverter.java">
<Cov CovItemId="B1" Value="4"/>
<Cov CovItemId="B10" Value="3"/>
<Cov CovItemId="B12" Value="3"/>
<Cov CovItemId="B13" Value="3"/>
<Cov CovItemId="B19" Value="28"/>
<Cov CovItemId="B2" Value="36"/>
<Cov CovItemId="B20" Value="34"/>
<Cov CovItemId="B21" Value="6"/>
<Cov CovItemId="B22" Value="22"/>
<Cov CovItemId="B23" Value="6"/>
<Cov CovItemId="B24" Value="28"/>
<Cov CovItemId="B26" Value="6"/>
<Cov CovItemId="B28" Value="7"/>
<Cov CovItemId="B31" Value="6"/>
<Cov CovItemId="B32" Value="1"/>
<Cov CovItemId="B33" Value="8"/>
<Cov CovItemId="B34" Value="30"/>
<Cov CovItemId="B35" Value="5"/>
<Cov CovItemId="B36" Value="25"/>
<Cov CovItemId="B38" Value="5"/>
<Cov CovItemId="B4" Value="36"/>
<Cov CovItemId="B41" Value="5"/>
<Cov CovItemId="B43" Value="6"/>
<Cov CovItemId="B44" Value="24"/>
<Cov CovItemId="B45" Value="3"/>
<Cov CovItemId="B46" Value="3"/>
<Cov CovItemId="B47" Value="3"/>
<Cov CovItemId="B49" Value="1"/>
<Cov CovItemId="B51" Value="1"/>
<Cov CovItemId="B52" Value="7"/>
<Cov CovItemId="B55" Value="7"/>
<Cov CovItemId="B6" Value="6"/>
<Cov CovItemId="B8" Value="6"/>
<Cov CovItemId="B9" Value="3"/>
<Cov CovItemId="L1-1" Value="3"/>
<Cov CovItemId="L1-2" Value="9"/>
<Cov CovItemId="L2-0" Value="2"/>
<Cov CovItemId="L2-1" Value="14"/>
<Cov CovItemId="L2-2" Value="14"/>
<Cov CovItemId="L4-1" Value="1"/>
<Cov CovItemId="L4-2" Value="5"/>
<Cov CovItemId="L5-2" Value="12"/>
<Cov CovItemId="L6-1" Value="6"/>
<Cov CovItemId="L7-2" Value="1"/>
<Cov CovItemId="L8-2" Value="1"/>
<Cov CovItemId="S100" Value="5"/>
<Cov CovItemId="S101" Value="5"/>
<Cov CovItemId="S105" Value="5"/>
<Cov CovItemId="S106" Value="5"/>
<Cov CovItemId="S107" Value="30"/>
<Cov CovItemId="S108" Value="30"/>
<Cov CovItemId="S109" Value="6"/>
<Cov CovItemId="S110" Value="6"/>
<Cov CovItemId="S111" Value="6"/>
<Cov CovItemId="S112" Value="3"/>
<Cov CovItemId="S113" Value="3"/>
<Cov CovItemId="S115" Value="1"/>
<Cov CovItemId="S116" Value="1"/>
<Cov CovItemId="S117" Value="3"/>
<Cov CovItemId="S118" Value="7"/>
<Cov CovItemId="S119" Value="1"/>
<Cov CovItemId="S120" Value="1"/>
<Cov CovItemId="S121" Value="1"/>
<Cov CovItemId="S122" Value="7"/>
<Cov CovItemId="S123" Value="7"/>
<Cov CovItemId="S124" Value="7"/>
<Cov CovItemId="S125" Value="7"/>
<Cov CovItemId="S126" Value="7"/>
<Cov CovItemId="S129" Value="1"/>
<Cov CovItemId="S47" Value="12"/>
<Cov CovItemId="S48" Value="12"/>
<Cov CovItemId="S49" Value="12"/>
<Cov CovItemId="S50" Value="12"/>
<Cov CovItemId="S51" Value="40"/>
<Cov CovItemId="S52" Value="40"/>
<Cov CovItemId="S53" Value="4"/>
<Cov CovItemId="S54" Value="36"/>
<Cov CovItemId="S56" Value="12"/>
<Cov CovItemId="S57" Value="6"/>
<Cov CovItemId="S59" Value="6"/>
<Cov CovItemId="S61" Value="6"/>
<Cov CovItemId="S62" Value="3"/>
<Cov CovItemId="S63" Value="3"/>
<Cov CovItemId="S65" Value="3"/>
<Cov CovItemId="S66" Value="3"/>
<Cov CovItemId="S72" Value="30"/>
<Cov CovItemId="S73" Value="30"/>
<Cov CovItemId="S74" Value="62"/>
<Cov CovItemId="S75" Value="28"/>
<Cov CovItemId="S76" Value="28"/>
<Cov CovItemId="S77" Value="6"/>
<Cov CovItemId="S78" Value="34"/>
<Cov CovItemId="S79" Value="34"/>
<Cov CovItemId="S80" Value="6"/>
<Cov CovItemId="S81" Value="6"/>
<Cov CovItemId="S83" Value="30"/>
<Cov CovItemId="S84" Value="7"/>
<Cov CovItemId="S85" Value="7"/>
<Cov CovItemId="S91" Value="7"/>
<Cov CovItemId="S92" Value="6"/>
<Cov CovItemId="S93" Value="12"/>
<Cov CovItemId="S94" Value="12"/>
<Cov CovItemId="S95" Value="12"/>
<Cov CovItemId="S96" Value="38"/>
<Cov CovItemId="S97" Value="38"/>
<Cov CovItemId="S98" Value="8"/>
<Cov CovItemId="S99" Value="30"/>
</CovPrefix>
</CovList>
<AssgnmntList>
<AssgnmntPrefix RootTermCovItemPrefix="com.aconex.coding.challenge.NumberToAlphaConverter.java">
<AssgnmntListEntry Length="1" RootTermCovItemId="C1">
<MapEntry BoolAssgnmnt="0" Value="12"/>
<MapEntry BoolAssgnmnt="1" Value="40"/>
</AssgnmntListEntry>
<AssgnmntListEntry Length="1" RootTermCovItemId="C11">
<MapEntry BoolAssgnmnt="0" Value="30"/>
<MapEntry BoolAssgnmnt="1" Value="62"/>
</AssgnmntListEntry>
<AssgnmntListEntry Length="1" RootTermCovItemId="C12">
<MapEntry BoolAssgnmnt="0" Value="34"/>
<MapEntry BoolAssgnmnt="1" Value="28"/>
</AssgnmntListEntry>
<AssgnmntListEntry Length="1" RootTermCovItemId="C13">
<MapEntry BoolAssgnmnt="0" Value="22"/>
<MapEntry BoolAssgnmnt="1" Value="6"/>
</AssgnmntListEntry>
<AssgnmntListEntry Length="1" RootTermCovItemId="C14">
<MapEntry BoolAssgnmnt="0" Value="28"/>
<MapEntry BoolAssgnmnt="1" Value="6"/>
</AssgnmntListEntry>
<AssgnmntListEntry Length="1" RootTermCovItemId="C15">
<MapEntry BoolAssgnmnt="0" Value="6"/>
</AssgnmntListEntry>
<AssgnmntListEntry Length="1" RootTermCovItemId="C16">
<MapEntry BoolAssgnmnt="0" Value="7"/>
</AssgnmntListEntry>
<AssgnmntListEntry Length="1" RootTermCovItemId="C18">
<MapEntry BoolAssgnmnt="0" Value="1"/>
<MapEntry BoolAssgnmnt="1" Value="6"/>
</AssgnmntListEntry>
<AssgnmntListEntry Length="1" RootTermCovItemId="C19">
<MapEntry BoolAssgnmnt="0" Value="30"/>
<MapEntry BoolAssgnmnt="1" Value="8"/>
</AssgnmntListEntry>
<AssgnmntListEntry Length="2" RootTermCovItemId="C2">
<MapEntry BoolAssgnmnt="10" Value="36"/>
<MapEntry BoolAssgnmnt="11" Value="4"/>
</AssgnmntListEntry>
<AssgnmntListEntry Length="5" RootTermCovItemId="C20">
<MapEntry BoolAssgnmnt="02022" Value="23"/>
<MapEntry BoolAssgnmnt="02110" Value="2"/>
<MapEntry BoolAssgnmnt="11222" Value="5"/>
</AssgnmntListEntry>
<AssgnmntListEntry Length="3" RootTermCovItemId="C21">
<MapEntry BoolAssgnmnt="102" Value="3"/>
<MapEntry BoolAssgnmnt="022" Value="2"/>
</AssgnmntListEntry>
<AssgnmntListEntry Length="1" RootTermCovItemId="C23">
<MapEntry BoolAssgnmnt="1" Value="5"/>
</AssgnmntListEntry>
<AssgnmntListEntry Length="1" RootTermCovItemId="C24">
<MapEntry BoolAssgnmnt="0" Value="24"/>
<MapEntry BoolAssgnmnt="1" Value="6"/>
</AssgnmntListEntry>
<AssgnmntListEntry Length="3" RootTermCovItemId="C25">
<MapEntry BoolAssgnmnt="110" Value="3"/>
<MapEntry BoolAssgnmnt="111" Value="3"/>
</AssgnmntListEntry>
<AssgnmntListEntry Length="1" RootTermCovItemId="C26">
<MapEntry BoolAssgnmnt="1" Value="3"/>
</AssgnmntListEntry>
<AssgnmntListEntry Length="1" RootTermCovItemId="C27">
<MapEntry BoolAssgnmnt="1" Value="1"/>
</AssgnmntListEntry>
<AssgnmntListEntry Length="1" RootTermCovItemId="C28">
<MapEntry BoolAssgnmnt="0" Value="1"/>
<MapEntry BoolAssgnmnt="1" Value="7"/>
</AssgnmntListEntry>
<AssgnmntListEntry Length="1" RootTermCovItemId="C29">
<MapEntry BoolAssgnmnt="1" Value="7"/>
</AssgnmntListEntry>
<AssgnmntListEntry Length="1" RootTermCovItemId="C3">
<MapEntry BoolAssgnmnt="0" Value="36"/>
</AssgnmntListEntry>
<AssgnmntListEntry Length="1" RootTermCovItemId="C30">
<MapEntry BoolAssgnmnt="0" Value="7"/>
</AssgnmntListEntry>
<AssgnmntListEntry Length="2" RootTermCovItemId="C4">
<MapEntry BoolAssgnmnt="10" Value="6"/>
</AssgnmntListEntry>
<AssgnmntListEntry Length="2" RootTermCovItemId="C5">
<MapEntry BoolAssgnmnt="10" Value="6"/>
</AssgnmntListEntry>
<AssgnmntListEntry Length="2" RootTermCovItemId="C6">
<MapEntry BoolAssgnmnt="10" Value="3"/>
<MapEntry BoolAssgnmnt="11" Value="3"/>
</AssgnmntListEntry>
<AssgnmntListEntry Length="2" RootTermCovItemId="C7">
<MapEntry BoolAssgnmnt="10" Value="3"/>
</AssgnmntListEntry>
<AssgnmntListEntry Length="2" RootTermCovItemId="C8">
<MapEntry BoolAssgnmnt="11" Value="3"/>
</AssgnmntListEntry>
</AssgnmntPrefix>
</AssgnmntList>
<ObjMetaDataList/>
<MetaDataList/>
</TestCase>
<TestCase Comment="" Date="1421690044104" Name="com.aconex.test.TestAconex:testsSingleStringResultWithMultipleDictionaryWordAndSingleNumbersInBetween">
<CovList>
<CovPrefix CovItemPrefix="com.aconex.coding.challenge.NumberToAlphaConverter.java">
<Cov CovItemId="B1" Value="15"/>
<Cov CovItemId="B10" Value="18"/>
<Cov CovItemId="B11" Value="4"/>
<Cov CovItemId="B12" Value="14"/>
<Cov CovItemId="B14" Value="14"/>
<Cov CovItemId="B15" Value="14"/>
<Cov CovItemId="B19" Value="73"/>
<Cov CovItemId="B2" Value="155"/>
<Cov CovItemId="B20" Value="87"/>
<Cov CovItemId="B21" Value="26"/>
<Cov CovItemId="B22" Value="47"/>
<Cov CovItemId="B24" Value="87"/>
<Cov CovItemId="B27" Value="2"/>
<Cov CovItemId="B28" Value="24"/>
<Cov CovItemId="B29" Value="2"/>
<Cov CovItemId="B3" Value="11"/>
<Cov CovItemId="B31" Value="22"/>
<Cov CovItemId="B32" Value="2"/>
<Cov CovItemId="B33" Value="20"/>
<Cov CovItemId="B34" Value="80"/>
<Cov CovItemId="B35" Value="8"/>
<Cov CovItemId="B36" Value="72"/>
<Cov CovItemId="B37" Value="5"/>
<Cov CovItemId="B38" Value="3"/>
<Cov CovItemId="B39" Value="2"/>
<Cov CovItemId="B4" Value="144"/>
<Cov CovItemId="B40" Value="3"/>
<Cov CovItemId="B41" Value="6"/>
<Cov CovItemId="B42" Value="2"/>
<Cov CovItemId="B43" Value="26"/>
<Cov CovItemId="B44" Value="54"/>
<Cov CovItemId="B45" Value="14"/>
<Cov CovItemId="B46" Value="12"/>
<Cov CovItemId="B47" Value="14"/>
<Cov CovItemId="B49" Value="2"/>
<Cov CovItemId="B5" Value="8"/>
<Cov CovItemId="B51" Value="2"/>
<Cov CovItemId="B52" Value="26"/>
<Cov CovItemId="B55" Value="26"/>
<Cov CovItemId="B6" Value="18"/>
<Cov CovItemId="B8" Value="18"/>
<Cov CovItemId="L1-1" Value="8"/>
<Cov CovItemId="L1-2" Value="26"/>
<Cov CovItemId="L2-0" Value="7"/>
<Cov CovItemId="L2-1" Value="38"/>
<Cov CovItemId="L2-2" Value="35"/>
<Cov CovItemId="L3-1" Value="2"/>
<Cov CovItemId="L4-1" Value="18"/>
<Cov CovItemId="L4-2" Value="4"/>
<Cov CovItemId="L5-2" Value="32"/>
<Cov CovItemId="L6-1" Value="26"/>
<Cov CovItemId="L7-2" Value="2"/>
<Cov CovItemId="L8-2" Value="2"/>
<Cov CovItemId="S100" Value="8"/>
<Cov CovItemId="S101" Value="8"/>
<Cov CovItemId="S102" Value="5"/>
<Cov CovItemId="S103" Value="5"/>
<Cov CovItemId="S104" Value="2"/>
<Cov CovItemId="S105" Value="8"/>
<Cov CovItemId="S106" Value="6"/>
<Cov CovItemId="S107" Value="80"/>
<Cov CovItemId="S108" Value="80"/>
<Cov CovItemId="S109" Value="26"/>
<Cov CovItemId="S110" Value="26"/>
<Cov CovItemId="S111" Value="26"/>
<Cov CovItemId="S112" Value="14"/>
<Cov CovItemId="S113" Value="14"/>
<Cov CovItemId="S115" Value="2"/>
<Cov CovItemId="S116" Value="2"/>
<Cov CovItemId="S117" Value="8"/>
<Cov CovItemId="S118" Value="26"/>
<Cov CovItemId="S119" Value="2"/>
<Cov CovItemId="S120" Value="2"/>
<Cov CovItemId="S121" Value="2"/>
<Cov CovItemId="S122" Value="26"/>
<Cov CovItemId="S123" Value="26"/>
<Cov CovItemId="S124" Value="26"/>
<Cov CovItemId="S125" Value="26"/>
<Cov CovItemId="S126" Value="26"/>
<Cov CovItemId="S129" Value="2"/>
<Cov CovItemId="S47" Value="34"/>
<Cov CovItemId="S48" Value="34"/>
<Cov CovItemId="S49" Value="34"/>
<Cov CovItemId="S50" Value="34"/>
<Cov CovItemId="S51" Value="170"/>
<Cov CovItemId="S52" Value="170"/>
<Cov CovItemId="S53" Value="15"/>
<Cov CovItemId="S54" Value="155"/>
<Cov CovItemId="S55" Value="11"/>
<Cov CovItemId="S56" Value="34"/>
<Cov CovItemId="S57" Value="26"/>
<Cov CovItemId="S58" Value="8"/>
<Cov CovItemId="S59" Value="18"/>
<Cov CovItemId="S61" Value="18"/>
<Cov CovItemId="S63" Value="18"/>
<Cov CovItemId="S64" Value="4"/>
<Cov CovItemId="S65" Value="14"/>
<Cov CovItemId="S67" Value="14"/>
<Cov CovItemId="S68" Value="14"/>
<Cov CovItemId="S72" Value="80"/>
<Cov CovItemId="S73" Value="80"/>
<Cov CovItemId="S74" Value="160"/>
<Cov CovItemId="S75" Value="73"/>
<Cov CovItemId="S76" Value="73"/>
<Cov CovItemId="S77" Value="26"/>
<Cov CovItemId="S78" Value="87"/>
<Cov CovItemId="S79" Value="87"/>
<Cov CovItemId="S83" Value="80"/>
<Cov CovItemId="S84" Value="26"/>
<Cov CovItemId="S85" Value="26"/>
<Cov CovItemId="S86" Value="2"/>
<Cov CovItemId="S87" Value="2"/>
<Cov CovItemId="S88" Value="2"/>
<Cov CovItemId="S89" Value="2"/>
<Cov CovItemId="S90" Value="2"/>
<Cov CovItemId="S91" Value="24"/>
<Cov CovItemId="S92" Value="22"/>
<Cov CovItemId="S93" Value="32"/>
<Cov CovItemId="S94" Value="32"/>
<Cov CovItemId="S95" Value="32"/>
<Cov CovItemId="S96" Value="100"/>
<Cov CovItemId="S97" Value="100"/>
<Cov CovItemId="S98" Value="20"/>
<Cov CovItemId="S99" Value="80"/>
</CovPrefix>
</CovList>
<AssgnmntList>
<AssgnmntPrefix RootTermCovItemPrefix="com.aconex.coding.challenge.NumberToAlphaConverter.java">
<AssgnmntListEntry Length="1" RootTermCovItemId="C1">
<MapEntry BoolAssgnmnt="0" Value="34"/>
<MapEntry BoolAssgnmnt="1" Value="170"/>
</AssgnmntListEntry>
<AssgnmntListEntry Length="1" RootTermCovItemId="C11">
<MapEntry BoolAssgnmnt="0" Value="80"/>
<MapEntry BoolAssgnmnt="1" Value="160"/>
</AssgnmntListEntry>
<AssgnmntListEntry Length="1" RootTermCovItemId="C12">
<MapEntry BoolAssgnmnt="0" Value="87"/>
<MapEntry BoolAssgnmnt="1" Value="73"/>
</AssgnmntListEntry>
<AssgnmntListEntry Length="1" RootTermCovItemId="C13">
<MapEntry BoolAssgnmnt="0" Value="47"/>
<MapEntry BoolAssgnmnt="1" Value="26"/>
</AssgnmntListEntry>
<AssgnmntListEntry Length="1" RootTermCovItemId="C14">
<MapEntry BoolAssgnmnt="0" Value="87"/>
</AssgnmntListEntry>
<AssgnmntListEntry Length="1" RootTermCovItemId="C16">
<MapEntry BoolAssgnmnt="0" Value="24"/>
<MapEntry BoolAssgnmnt="1" Value="2"/>
</AssgnmntListEntry>
<AssgnmntListEntry Length="2" RootTermCovItemId="C17">
<MapEntry BoolAssgnmnt="01" Value="1"/>
<MapEntry BoolAssgnmnt="12" Value="1"/>
</AssgnmntListEntry>
<AssgnmntListEntry Length="1" RootTermCovItemId="C18">
<MapEntry BoolAssgnmnt="0" Value="2"/>
<MapEntry BoolAssgnmnt="1" Value="22"/>
</AssgnmntListEntry>
<AssgnmntListEntry Length="1" RootTermCovItemId="C19">
<MapEntry BoolAssgnmnt="0" Value="80"/>
<MapEntry BoolAssgnmnt="1" Value="20"/>
</AssgnmntListEntry>
<AssgnmntListEntry Length="2" RootTermCovItemId="C2">
<MapEntry BoolAssgnmnt="10" Value="144"/>
<MapEntry BoolAssgnmnt="02" Value="11"/>
<MapEntry BoolAssgnmnt="11" Value="15"/>
</AssgnmntListEntry>
<AssgnmntListEntry Length="5" RootTermCovItemId="C20">
<MapEntry BoolAssgnmnt="02111" Value="5"/>
<MapEntry BoolAssgnmnt="02022" Value="70"/>
<MapEntry BoolAssgnmnt="02110" Value="2"/>
<MapEntry BoolAssgnmnt="11222" Value="3"/>
</AssgnmntListEntry>
<AssgnmntListEntry Length="3" RootTermCovItemId="C21">
<MapEntry BoolAssgnmnt="111" Value="5"/>
<MapEntry BoolAssgnmnt="022" Value="3"/>
</AssgnmntListEntry>
<AssgnmntListEntry Length="2" RootTermCovItemId="C22">
<MapEntry BoolAssgnmnt="10" Value="3"/>
<MapEntry BoolAssgnmnt="11" Value="2"/>
</AssgnmntListEntry>
<AssgnmntListEntry Length="1" RootTermCovItemId="C23">
<MapEntry BoolAssgnmnt="0" Value="2"/>
<MapEntry BoolAssgnmnt="1" Value="6"/>
</AssgnmntListEntry>
<AssgnmntListEntry Length="1" RootTermCovItemId="C24">
<MapEntry BoolAssgnmnt="0" Value="54"/>
<MapEntry BoolAssgnmnt="1" Value="26"/>
</AssgnmntListEntry>
<AssgnmntListEntry Length="3" RootTermCovItemId="C25">
<MapEntry BoolAssgnmnt="110" Value="12"/>
<MapEntry BoolAssgnmnt="111" Value="14"/>
</AssgnmntListEntry>
<AssgnmntListEntry Length="1" RootTermCovItemId="C26">
<MapEntry BoolAssgnmnt="1" Value="14"/>
</AssgnmntListEntry>
<AssgnmntListEntry Length="1" RootTermCovItemId="C27">
<MapEntry BoolAssgnmnt="1" Value="2"/>
</AssgnmntListEntry>
<AssgnmntListEntry Length="1" RootTermCovItemId="C28">
<MapEntry BoolAssgnmnt="0" Value="2"/>
<MapEntry BoolAssgnmnt="1" Value="26"/>
</AssgnmntListEntry>
<AssgnmntListEntry Length="1" RootTermCovItemId="C29">
<MapEntry BoolAssgnmnt="1" Value="26"/>
</AssgnmntListEntry>
<AssgnmntListEntry Length="1" RootTermCovItemId="C3">
<MapEntry BoolAssgnmnt="0" Value="144"/>
<MapEntry BoolAssgnmnt="1" Value="11"/>
</AssgnmntListEntry>
<AssgnmntListEntry Length="1" RootTermCovItemId="C30">
<MapEntry BoolAssgnmnt="0" Value="26"/>
</AssgnmntListEntry>
<AssgnmntListEntry Length="2" RootTermCovItemId="C4">
<MapEntry BoolAssgnmnt="10" Value="18"/>
<MapEntry BoolAssgnmnt="11" Value="8"/>
</AssgnmntListEntry>
<AssgnmntListEntry Length="2" RootTermCovItemId="C5">
<MapEntry BoolAssgnmnt="10" Value="18"/>
</AssgnmntListEntry>
<AssgnmntListEntry Length="2" RootTermCovItemId="C6">
<MapEntry BoolAssgnmnt="10" Value="18"/>
</AssgnmntListEntry>
<AssgnmntListEntry Length="2" RootTermCovItemId="C7">
<MapEntry BoolAssgnmnt="10" Value="14"/>
<MapEntry BoolAssgnmnt="11" Value="4"/>
</AssgnmntListEntry>
<AssgnmntListEntry Length="2" RootTermCovItemId="C8">
<MapEntry BoolAssgnmnt="10" Value="14"/>
</AssgnmntListEntry>
<AssgnmntListEntry Length="2" RootTermCovItemId="C9">
<MapEntry BoolAssgnmnt="11" Value="14"/>
</AssgnmntListEntry>
</AssgnmntPrefix>
</AssgnmntList>
<ObjMetaDataList/>
<MetaDataList/>
</TestCase>
<TestCase Comment="" Date="1421690044112" Name="com.aconex.test.TestAconex:testsSingleStringResultWithMultipleDictionaryWordAndNumbersAtBothEnds">
<CovList>
<CovPrefix CovItemPrefix="com.aconex.coding.challenge.NumberToAlphaConverter.java">
<Cov CovItemId="B1" Value="18"/>
<Cov CovItemId="B10" Value="12"/>
<Cov CovItemId="B11" Value="6"/>
<Cov CovItemId="B12" Value="6"/>
<Cov CovItemId="B13" Value="4"/>
<Cov CovItemId="B14" Value="2"/>
<Cov CovItemId="B15" Value="2"/>
<Cov CovItemId="B19" Value="40"/>
<Cov CovItemId="B2" Value="90"/>
<Cov CovItemId="B20" Value="40"/>
<Cov CovItemId="B21" Value="14"/>
<Cov CovItemId="B22" Value="26"/>
<Cov CovItemId="B24" Value="40"/>
<Cov CovItemId="B27" Value="1"/>
<Cov CovItemId="B28" Value="12"/>
<Cov CovItemId="B29" Value="1"/>
<Cov CovItemId="B3" Value="9"/>
<Cov CovItemId="B31" Value="11"/>
<Cov CovItemId="B32" Value="1"/>
<Cov CovItemId="B33" Value="11"/>
<Cov CovItemId="B34" Value="44"/>
<Cov CovItemId="B35" Value="7"/>
<Cov CovItemId="B36" Value="37"/>
<Cov CovItemId="B37" Value="3"/>
<Cov CovItemId="B38" Value="4"/>
<Cov CovItemId="B4" Value="81"/>
<Cov CovItemId="B40" Value="3"/>
<Cov CovItemId="B41" Value="7"/>
<Cov CovItemId="B43" Value="14"/>
<Cov CovItemId="B44" Value="30"/>
<Cov CovItemId="B45" Value="6"/>
<Cov CovItemId="B46" Value="8"/>
<Cov CovItemId="B47" Value="6"/>
<Cov CovItemId="B49" Value="1"/>
<Cov CovItemId="B5" Value="2"/>
<Cov CovItemId="B51" Value="1"/>
<Cov CovItemId="B52" Value="13"/>
<Cov CovItemId="B55" Value="13"/>
<Cov CovItemId="B6" Value="12"/>
<Cov CovItemId="B8" Value="12"/>
<Cov CovItemId="L1-1" Value="3"/>
<Cov CovItemId="L1-2" Value="15"/>
<Cov CovItemId="L2-0" Value="4"/>
<Cov CovItemId="L2-1" Value="24"/>
<Cov CovItemId="L2-2" Value="16"/>
<Cov CovItemId="L3-1" Value="1"/>
<Cov CovItemId="L4-1" Value="7"/>
<Cov CovItemId="L4-2" Value="4"/>
<Cov CovItemId="L5-2" Value="17"/>
<Cov CovItemId="L6-1" Value="14"/>
<Cov CovItemId="L7-2" Value="1"/>
<Cov CovItemId="L8-2" Value="1"/>
<Cov CovItemId="S100" Value="7"/>
<Cov CovItemId="S101" Value="7"/>
<Cov CovItemId="S102" Value="3"/>
<Cov CovItemId="S103" Value="3"/>
<Cov CovItemId="S105" Value="7"/>
<Cov CovItemId="S106" Value="7"/>
<Cov CovItemId="S107" Value="44"/>
<Cov CovItemId="S108" Value="44"/>
<Cov CovItemId="S109" Value="14"/>
<Cov CovItemId="S110" Value="14"/>
<Cov CovItemId="S111" Value="14"/>
<Cov CovItemId="S112" Value="6"/>
<Cov CovItemId="S113" Value="6"/>
<Cov CovItemId="S115" Value="1"/>
<Cov CovItemId="S116" Value="1"/>
<Cov CovItemId="S117" Value="3"/>
<Cov CovItemId="S118" Value="13"/>
<Cov CovItemId="S119" Value="1"/>
<Cov CovItemId="S120" Value="1"/>
<Cov CovItemId="S121" Value="1"/>
<Cov CovItemId="S122" Value="13"/>
<Cov CovItemId="S123" Value="13"/>
<Cov CovItemId="S124" Value="13"/>
<Cov CovItemId="S125" Value="13"/>
<Cov CovItemId="S126" Value="13"/>
<Cov CovItemId="S129" Value="1"/>
<Cov CovItemId="S47" Value="18"/>
<Cov CovItemId="S48" Value="18"/>
<Cov CovItemId="S49" Value="18"/>
<Cov CovItemId="S50" Value="18"/>
<Cov CovItemId="S51" Value="108"/>
<Cov CovItemId="S52" Value="108"/>
<Cov CovItemId="S53" Value="18"/>
<Cov CovItemId="S54" Value="90"/>
<Cov CovItemId="S55" Value="9"/>
<Cov CovItemId="S56" Value="18"/>
<Cov CovItemId="S57" Value="14"/>
<Cov CovItemId="S58" Value="2"/>
<Cov CovItemId="S59" Value="12"/>
<Cov CovItemId="S61" Value="12"/>
<Cov CovItemId="S63" Value="12"/>
<Cov CovItemId="S64" Value="6"/>
<Cov CovItemId="S65" Value="6"/>
<Cov CovItemId="S66" Value="4"/>
<Cov CovItemId="S67" Value="2"/>
<Cov CovItemId="S68" Value="2"/>
<Cov CovItemId="S72" Value="44"/>
<Cov CovItemId="S73" Value="44"/>
<Cov CovItemId="S74" Value="80"/>
<Cov CovItemId="S75" Value="40"/>
<Cov CovItemId="S76" Value="40"/>
<Cov CovItemId="S77" Value="14"/>
<Cov CovItemId="S78" Value="40"/>
<Cov CovItemId="S79" Value="40"/>
<Cov CovItemId="S83" Value="44"/>
<Cov CovItemId="S84" Value="13"/>
<Cov CovItemId="S85" Value="13"/>
<Cov CovItemId="S86" Value="1"/>
<Cov CovItemId="S87" Value="1"/>
<Cov CovItemId="S88" Value="1"/>
<Cov CovItemId="S89" Value="1"/>
<Cov CovItemId="S90" Value="1"/>
<Cov CovItemId="S91" Value="12"/>
<Cov CovItemId="S92" Value="11"/>
<Cov CovItemId="S93" Value="17"/>
<Cov CovItemId="S94" Value="17"/>
<Cov CovItemId="S95" Value="17"/>
<Cov CovItemId="S96" Value="55"/>
<Cov CovItemId="S97" Value="55"/>
<Cov CovItemId="S98" Value="11"/>
<Cov CovItemId="S99" Value="44"/>
</CovPrefix>
</CovList>
<AssgnmntList>
<AssgnmntPrefix RootTermCovItemPrefix="com.aconex.coding.challenge.NumberToAlphaConverter.java">
<AssgnmntListEntry Length="1" RootTermCovItemId="C1">
<MapEntry BoolAssgnmnt="0" Value="18"/>
<MapEntry BoolAssgnmnt="1" Value="108"/>
</AssgnmntListEntry>
<AssgnmntListEntry Length="1" RootTermCovItemId="C11">
<MapEntry BoolAssgnmnt="0" Value="44"/>
<MapEntry BoolAssgnmnt="1" Value="80"/>
</AssgnmntListEntry>
<AssgnmntListEntry Length="1" RootTermCovItemId="C12">
<MapEntry BoolAssgnmnt="0" Value="40"/>
<MapEntry BoolAssgnmnt="1" Value="40"/>
</AssgnmntListEntry>
<AssgnmntListEntry Length="1" RootTermCovItemId="C13">
<MapEntry BoolAssgnmnt="0" Value="26"/>
<MapEntry BoolAssgnmnt="1" Value="14"/>
</AssgnmntListEntry>
<AssgnmntListEntry Length="1" RootTermCovItemId="C14">
<MapEntry BoolAssgnmnt="0" Value="40"/>
</AssgnmntListEntry>
<AssgnmntListEntry Length="1" RootTermCovItemId="C16">
<MapEntry BoolAssgnmnt="0" Value="12"/>
<MapEntry BoolAssgnmnt="1" Value="1"/>
</AssgnmntListEntry>
<AssgnmntListEntry Length="2" RootTermCovItemId="C17">
<MapEntry BoolAssgnmnt="12" Value="1"/>
</AssgnmntListEntry>
<AssgnmntListEntry Length="1" RootTermCovItemId="C18">
<MapEntry BoolAssgnmnt="0" Value="1"/>
<MapEntry BoolAssgnmnt="1" Value="11"/>
</AssgnmntListEntry>
<AssgnmntListEntry Length="1" RootTermCovItemId="C19">
<MapEntry BoolAssgnmnt="0" Value="44"/>
<MapEntry BoolAssgnmnt="1" Value="11"/>
</AssgnmntListEntry>
<AssgnmntListEntry Length="2" RootTermCovItemId="C2">
<MapEntry BoolAssgnmnt="10" Value="81"/>
<MapEntry BoolAssgnmnt="02" Value="9"/>
<MapEntry BoolAssgnmnt="11" Value="18"/>
</AssgnmntListEntry>
<AssgnmntListEntry Length="5" RootTermCovItemId="C20">
<MapEntry BoolAssgnmnt="02111" Value="3"/>
<MapEntry BoolAssgnmnt="02022" Value="36"/>
<MapEntry BoolAssgnmnt="02110" Value="1"/>
<MapEntry BoolAssgnmnt="11222" Value="4"/>
</AssgnmntListEntry>
<AssgnmntListEntry Length="3" RootTermCovItemId="C21">
<MapEntry BoolAssgnmnt="110" Value="4"/>
<MapEntry BoolAssgnmnt="111" Value="3"/>
</AssgnmntListEntry>
<AssgnmntListEntry Length="2" RootTermCovItemId="C22">
<MapEntry BoolAssgnmnt="10" Value="3"/>
</AssgnmntListEntry>
<AssgnmntListEntry Length="1" RootTermCovItemId="C23">
<MapEntry BoolAssgnmnt="1" Value="7"/>
</AssgnmntListEntry>
<AssgnmntListEntry Length="1" RootTermCovItemId="C24">
<MapEntry BoolAssgnmnt="0" Value="30"/>
<MapEntry BoolAssgnmnt="1" Value="14"/>
</AssgnmntListEntry>
<AssgnmntListEntry Length="3" RootTermCovItemId="C25">
<MapEntry BoolAssgnmnt="110" Value="8"/>
<MapEntry BoolAssgnmnt="111" Value="6"/>
</AssgnmntListEntry>
<AssgnmntListEntry Length="1" RootTermCovItemId="C26">
<MapEntry BoolAssgnmnt="1" Value="6"/>
</AssgnmntListEntry>
<AssgnmntListEntry Length="1" RootTermCovItemId="C27">
<MapEntry BoolAssgnmnt="1" Value="1"/>
</AssgnmntListEntry>
<AssgnmntListEntry Length="1" RootTermCovItemId="C28">
<MapEntry BoolAssgnmnt="0" Value="1"/>
<MapEntry BoolAssgnmnt="1" Value="13"/>
</AssgnmntListEntry>
<AssgnmntListEntry Length="1" RootTermCovItemId="C29">
<MapEntry BoolAssgnmnt="1" Value="13"/>
</AssgnmntListEntry>
<AssgnmntListEntry Length="1" RootTermCovItemId="C3">
<MapEntry BoolAssgnmnt="0" Value="81"/>
<MapEntry BoolAssgnmnt="1" Value="9"/>
</AssgnmntListEntry>
<AssgnmntListEntry Length="1" RootTermCovItemId="C30">
<MapEntry BoolAssgnmnt="0" Value="13"/>
</AssgnmntListEntry>
<AssgnmntListEntry Length="2" RootTermCovItemId="C4">
<MapEntry BoolAssgnmnt="10" Value="12"/>
<MapEntry BoolAssgnmnt="11" Value="2"/>
</AssgnmntListEntry>
<AssgnmntListEntry Length="2" RootTermCovItemId="C5">
<MapEntry BoolAssgnmnt="10" Value="12"/>
</AssgnmntListEntry>
<AssgnmntListEntry Length="2" RootTermCovItemId="C6">
<MapEntry BoolAssgnmnt="10" Value="12"/>
</AssgnmntListEntry>
<AssgnmntListEntry Length="2" RootTermCovItemId="C7">
<MapEntry BoolAssgnmnt="10" Value="6"/>
<MapEntry BoolAssgnmnt="11" Value="6"/>
</AssgnmntListEntry>
<AssgnmntListEntry Length="2" RootTermCovItemId="C8">
<MapEntry BoolAssgnmnt="10" Value="2"/>
<MapEntry BoolAssgnmnt="11" Value="4"/>
</AssgnmntListEntry>
<AssgnmntListEntry Length="2" RootTermCovItemId="C9">
<MapEntry BoolAssgnmnt="11" Value="2"/>
</AssgnmntListEntry>
</AssgnmntPrefix>
</AssgnmntList>
<ObjMetaDataList/>
<MetaDataList/>
</TestCase>
<TestCase Comment="" Date="1421690044120" Name="com.aconex.test.TestAconex:testsSingleStringResultWithMultipleDictionaryWordAndMultipleNumbersInBetween">
<CovList>
<CovPrefix CovItemPrefix="com.aconex.coding.challenge.NumberToAlphaConverter.java">
<Cov CovItemId="B1" Value="19"/>
<Cov CovItemId="B10" Value="11"/>
<Cov CovItemId="B11" Value="2"/>
<Cov CovItemId="B12" Value="9"/>
<Cov CovItemId="B14" Value="9"/>
<Cov CovItemId="B15" Value="9"/>
<Cov CovItemId="B19" Value="49"/>
<Cov CovItemId="B2" Value="159"/>
<Cov CovItemId="B20" Value="75"/>
<Cov CovItemId="B21" Value="15"/>
<Cov CovItemId="B22" Value="34"/>
<Cov CovItemId="B24" Value="75"/>
<Cov CovItemId="B27" Value="1"/>
<Cov CovItemId="B28" Value="18"/>
<Cov CovItemId="B29" Value="1"/>
<Cov CovItemId="B3" Value="11"/>
<Cov CovItemId="B31" Value="17"/>
<Cov CovItemId="B32" Value="1"/>
<Cov CovItemId="B33" Value="15"/>
<Cov CovItemId="B34" Value="54"/>
<Cov CovItemId="B35" Value="9"/>
<Cov CovItemId="B36" Value="45"/>
<Cov CovItemId="B37" Value="3"/>
<Cov CovItemId="B38" Value="6"/>
<Cov CovItemId="B39" Value="3"/>
<Cov CovItemId="B4" Value="148"/>
<Cov CovItemId="B41" Value="6"/>
<Cov CovItemId="B42" Value="3"/>
<Cov CovItemId="B43" Value="15"/>
<Cov CovItemId="B44" Value="39"/>
<Cov CovItemId="B45" Value="7"/>
<Cov CovItemId="B46" Value="8"/>
<Cov CovItemId="B47" Value="7"/>
<Cov CovItemId="B49" Value="1"/>
<Cov CovItemId="B5" Value="4"/>
<Cov CovItemId="B51" Value="1"/>
<Cov CovItemId="B52" Value="19"/>
<Cov CovItemId="B55" Value="19"/>
<Cov CovItemId="B6" Value="11"/>
<Cov CovItemId="B8" Value="11"/>
<Cov CovItemId="L1-1" Value="4"/>
<Cov CovItemId="L1-2" Value="19"/>
<Cov CovItemId="L2-0" Value="5"/>
<Cov CovItemId="L2-1" Value="21"/>
<Cov CovItemId="L2-2" Value="28"/>
<Cov CovItemId="L3-1" Value="1"/>
<Cov CovItemId="L4-1" Value="15"/>
<Cov CovItemId="L4-2" Value="2"/>
<Cov CovItemId="L5-2" Value="22"/>
<Cov CovItemId="L6-1" Value="15"/>
<Cov CovItemId="L7-2" Value="1"/>
<Cov CovItemId="L8-2" Value="1"/>
<Cov CovItemId="S100" Value="9"/>
<Cov CovItemId="S101" Value="9"/>
<Cov CovItemId="S102" Value="3"/>
<Cov CovItemId="S103" Value="3"/>
<Cov CovItemId="S104" Value="3"/>
<Cov CovItemId="S105" Value="9"/>
<Cov CovItemId="S106" Value="6"/>
<Cov CovItemId="S107" Value="54"/>
<Cov CovItemId="S108" Value="54"/>
<Cov CovItemId="S109" Value="15"/>
<Cov CovItemId="S110" Value="15"/>
<Cov CovItemId="S111" Value="15"/>
<Cov CovItemId="S112" Value="7"/>
<Cov CovItemId="S113" Value="7"/>
<Cov CovItemId="S115" Value="1"/>
<Cov CovItemId="S116" Value="1"/>
<Cov CovItemId="S117" Value="4"/>
<Cov CovItemId="S118" Value="19"/>
<Cov CovItemId="S119" Value="1"/>
<Cov CovItemId="S120" Value="1"/>
<Cov CovItemId="S121" Value="1"/>
<Cov CovItemId="S122" Value="19"/>
<Cov CovItemId="S123" Value="19"/>
<Cov CovItemId="S124" Value="19"/>
<Cov CovItemId="S125" Value="19"/>
<Cov CovItemId="S126" Value="19"/>
<Cov CovItemId="S129" Value="1"/>
<Cov CovItemId="S47" Value="23"/>
<Cov CovItemId="S48" Value="23"/>
<Cov CovItemId="S49" Value="23"/>
<Cov CovItemId="S50" Value="23"/>
<Cov CovItemId="S51" Value="178"/>
<Cov CovItemId="S52" Value="178"/>
<Cov CovItemId="S53" Value="19"/>
<Cov CovItemId="S54" Value="159"/>
<Cov CovItemId="S55" Value="11"/>
<Cov CovItemId="S56" Value="23"/>
<Cov CovItemId="S57" Value="15"/>
<Cov CovItemId="S58" Value="4"/>
<Cov CovItemId="S59" Value="11"/>
<Cov CovItemId="S61" Value="11"/>
<Cov CovItemId="S63" Value="11"/>
<Cov CovItemId="S64" Value="2"/>
<Cov CovItemId="S65" Value="9"/>
<Cov CovItemId="S67" Value="9"/>
<Cov CovItemId="S68" Value="9"/>
<Cov CovItemId="S72" Value="54"/>
<Cov CovItemId="S73" Value="54"/>
<Cov CovItemId="S74" Value="124"/>
<Cov CovItemId="S75" Value="49"/>
<Cov CovItemId="S76" Value="49"/>
<Cov CovItemId="S77" Value="15"/>
<Cov CovItemId="S78" Value="75"/>
<Cov CovItemId="S79" Value="75"/>
<Cov CovItemId="S83" Value="54"/>
<Cov CovItemId="S84" Value="19"/>
<Cov CovItemId="S85" Value="19"/>
<Cov CovItemId="S86" Value="1"/>
<Cov CovItemId="S87" Value="1"/>
<Cov CovItemId="S88" Value="1"/>
<Cov CovItemId="S89" Value="1"/>
<Cov CovItemId="S90" Value="1"/>
<Cov CovItemId="S91" Value="18"/>
<Cov CovItemId="S92" Value="17"/>
<Cov CovItemId="S93" Value="22"/>
<Cov CovItemId="S94" Value="22"/>
<Cov CovItemId="S95" Value="22"/>
<Cov CovItemId="S96" Value="69"/>
<Cov CovItemId="S97" Value="69"/>
<Cov CovItemId="S98" Value="15"/>
<Cov CovItemId="S99" Value="54"/>
</CovPrefix>
</CovList>
<AssgnmntList>
<AssgnmntPrefix RootTermCovItemPrefix="com.aconex.coding.challenge.NumberToAlphaConverter.java">
<AssgnmntListEntry Length="1" RootTermCovItemId="C1">
<MapEntry BoolAssgnmnt="0" Value="23"/>
<MapEntry BoolAssgnmnt="1" Value="178"/>
</AssgnmntListEntry>
<AssgnmntListEntry Length="1" RootTermCovItemId="C11">
<MapEntry BoolAssgnmnt="0" Value="54"/>
<MapEntry BoolAssgnmnt="1" Value="124"/>
</AssgnmntListEntry>
<AssgnmntListEntry Length="1" RootTermCovItemId="C12">
<MapEntry BoolAssgnmnt="0" Value="75"/>
<MapEntry BoolAssgnmnt="1" Value="49"/>
</AssgnmntListEntry>
<AssgnmntListEntry Length="1" RootTermCovItemId="C13">
<MapEntry BoolAssgnmnt="0" Value="34"/>
<MapEntry BoolAssgnmnt="1" Value="15"/>
</AssgnmntListEntry>
<AssgnmntListEntry Length="1" RootTermCovItemId="C14">
<MapEntry BoolAssgnmnt="0" Value="75"/>
</AssgnmntListEntry>
<AssgnmntListEntry Length="1" RootTermCovItemId="C16">
<MapEntry BoolAssgnmnt="0" Value="18"/>
<MapEntry BoolAssgnmnt="1" Value="1"/>
</AssgnmntListEntry>
<AssgnmntListEntry Length="2" RootTermCovItemId="C17">
<MapEntry BoolAssgnmnt="01" Value="1"/>
</AssgnmntListEntry>
<AssgnmntListEntry Length="1" RootTermCovItemId="C18">
<MapEntry BoolAssgnmnt="0" Value="1"/>
<MapEntry BoolAssgnmnt="1" Value="17"/>
</AssgnmntListEntry>
<AssgnmntListEntry Length="1" RootTermCovItemId="C19">
<MapEntry BoolAssgnmnt="0" Value="54"/>
<MapEntry BoolAssgnmnt="1" Value="15"/>
</AssgnmntListEntry>
<AssgnmntListEntry Length="2" RootTermCovItemId="C2">
<MapEntry BoolAssgnmnt="10" Value="148"/>
<MapEntry BoolAssgnmnt="02" Value="11"/>
<MapEntry BoolAssgnmnt="11" Value="19"/>
</AssgnmntListEntry>
<AssgnmntListEntry Length="5" RootTermCovItemId="C20">
<MapEntry BoolAssgnmnt="02111" Value="3"/>
<MapEntry BoolAssgnmnt="02022" Value="43"/>
<MapEntry BoolAssgnmnt="02110" Value="2"/>
<MapEntry BoolAssgnmnt="11222" Value="6"/>
</AssgnmntListEntry>
<AssgnmntListEntry Length="3" RootTermCovItemId="C21">
<MapEntry BoolAssgnmnt="110" Value="3"/>
<MapEntry BoolAssgnmnt="111" Value="3"/>
<MapEntry BoolAssgnmnt="022" Value="3"/>
</AssgnmntListEntry>
<AssgnmntListEntry Length="2" RootTermCovItemId="C22">
<MapEntry BoolAssgnmnt="11" Value="3"/>
</AssgnmntListEntry>
<AssgnmntListEntry Length="1" RootTermCovItemId="C23">
<MapEntry BoolAssgnmnt="0" Value="3"/>
<MapEntry BoolAssgnmnt="1" Value="6"/>
</AssgnmntListEntry>
<AssgnmntListEntry Length="1" RootTermCovItemId="C24">
<MapEntry BoolAssgnmnt="0" Value="39"/>
<MapEntry BoolAssgnmnt="1" Value="15"/>
</AssgnmntListEntry>
<AssgnmntListEntry Length="3" RootTermCovItemId="C25">
<MapEntry BoolAssgnmnt="110" Value="8"/>
<MapEntry BoolAssgnmnt="111" Value="7"/>
</AssgnmntListEntry>
<AssgnmntListEntry Length="1" RootTermCovItemId="C26">
<MapEntry BoolAssgnmnt="1" Value="7"/>
</AssgnmntListEntry>
<AssgnmntListEntry Length="1" RootTermCovItemId="C27">
<MapEntry BoolAssgnmnt="1" Value="1"/>
</AssgnmntListEntry>
<AssgnmntListEntry Length="1" RootTermCovItemId="C28">
<MapEntry BoolAssgnmnt="0" Value="1"/>
<MapEntry BoolAssgnmnt="1" Value="19"/>
</AssgnmntListEntry>
<AssgnmntListEntry Length="1" RootTermCovItemId="C29">
<MapEntry BoolAssgnmnt="1" Value="19"/>
</AssgnmntListEntry>
<AssgnmntListEntry Length="1" RootTermCovItemId="C3">
<MapEntry BoolAssgnmnt="0" Value="148"/>
<MapEntry BoolAssgnmnt="1" Value="11"/>
</AssgnmntListEntry>
<AssgnmntListEntry Length="1" RootTermCovItemId="C30">
<MapEntry BoolAssgnmnt="0" Value="19"/>
</AssgnmntListEntry>
<AssgnmntListEntry Length="2" RootTermCovItemId="C4">
<MapEntry BoolAssgnmnt="10" Value="11"/>
<MapEntry BoolAssgnmnt="11" Value="4"/>
</AssgnmntListEntry>
<AssgnmntListEntry Length="2" RootTermCovItemId="C5">
<MapEntry BoolAssgnmnt="10" Value="11"/>
</AssgnmntListEntry>
<AssgnmntListEntry Length="2" RootTermCovItemId="C6">
<MapEntry BoolAssgnmnt="10" Value="11"/>
</AssgnmntListEntry>
<AssgnmntListEntry Length="2" RootTermCovItemId="C7">
<MapEntry BoolAssgnmnt="10" Value="9"/>
<MapEntry BoolAssgnmnt="11" Value="2"/>
</AssgnmntListEntry>
<AssgnmntListEntry Length="2" RootTermCovItemId="C8">
<MapEntry BoolAssgnmnt="10" Value="9"/>
</AssgnmntListEntry>
<AssgnmntListEntry Length="2" RootTermCovItemId="C9">
<MapEntry BoolAssgnmnt="11" Value="9"/>
</AssgnmntListEntry>
</AssgnmntPrefix>
</AssgnmntList>
<ObjMetaDataList/>
<MetaDataList/>
</TestCase>
<TestCase Comment="" Date="1421690044124" Name="com.aconex.test.TestAconex:checkForSimpleConversionWithSingleResult">
<CovList>
<CovPrefix CovItemPrefix="com.aconex.coding.challenge.NumberToAlphaConverter.java">
<Cov CovItemId="B1" Value="1"/>
<Cov CovItemId="B10" Value="1"/>
<Cov CovItemId="B12" Value="1"/>
<Cov CovItemId="B14" Value="1"/>
<Cov CovItemId="B15" Value="1"/>
<Cov CovItemId="B19" Value="20"/>
<Cov CovItemId="B2" Value="13"/>
<Cov CovItemId="B20" Value="12"/>
<Cov CovItemId="B21" Value="4"/>
<Cov CovItemId="B22" Value="16"/>
<Cov CovItemId="B24" Value="12"/>
<Cov CovItemId="B28" Value="5"/>
<Cov CovItemId="B31" Value="4"/>
<Cov CovItemId="B32" Value="1"/>
<Cov CovItemId="B33" Value="4"/>
<Cov CovItemId="B34" Value="20"/>
<Cov CovItemId="B36" Value="20"/>
<Cov CovItemId="B4" Value="13"/>
<Cov CovItemId="B43" Value="4"/>
<Cov CovItemId="B44" Value="16"/>
<Cov CovItemId="B45" Value="3"/>
<Cov CovItemId="B46" Value="1"/>
<Cov CovItemId="B47" Value="3"/>
<Cov CovItemId="B49" Value="1"/>
<Cov CovItemId="B5" Value="3"/>
<Cov CovItemId="B51" Value="1"/>
<Cov CovItemId="B52" Value="5"/>
<Cov CovItemId="B55" Value="5"/>
<Cov CovItemId="B6" Value="1"/>
<Cov CovItemId="B8" Value="1"/>
<Cov CovItemId="L1-1" Value="3"/>
<Cov CovItemId="L1-2" Value="4"/>
<Cov CovItemId="L2-1" Value="14"/>
<Cov CovItemId="L2-2" Value="6"/>
<Cov CovItemId="L4-1" Value="2"/>
<Cov CovItemId="L4-2" Value="2"/>
<Cov CovItemId="L5-2" Value="7"/>
<Cov CovItemId="L6-1" Value="4"/>
<Cov CovItemId="L7-2" Value="1"/>
<Cov CovItemId="L8-2" Value="1"/>
<Cov CovItemId="S107" Value="20"/>
<Cov CovItemId="S108" Value="20"/>
<Cov CovItemId="S109" Value="4"/>
<Cov CovItemId="S110" Value="4"/>
<Cov CovItemId="S111" Value="4"/>
<Cov CovItemId="S112" Value="3"/>
<Cov CovItemId="S113" Value="3"/>
<Cov CovItemId="S115" Value="1"/>
<Cov CovItemId="S116" Value="1"/>
<Cov CovItemId="S117" Value="3"/>
<Cov CovItemId="S118" Value="5"/>
<Cov CovItemId="S119" Value="1"/>
<Cov CovItemId="S120" Value="1"/>
<Cov CovItemId="S121" Value="1"/>
<Cov CovItemId="S122" Value="5"/>
<Cov CovItemId="S123" Value="5"/>
<Cov CovItemId="S124" Value="5"/>
<Cov CovItemId="S125" Value="5"/>
<Cov CovItemId="S126" Value="5"/>
<Cov CovItemId="S129" Value="1"/>
<Cov CovItemId="S47" Value="7"/>
<Cov CovItemId="S48" Value="7"/>
<Cov CovItemId="S49" Value="7"/>
<Cov CovItemId="S50" Value="7"/>
<Cov CovItemId="S51" Value="14"/>
<Cov CovItemId="S52" Value="14"/>
<Cov CovItemId="S53" Value="1"/>
<Cov CovItemId="S54" Value="13"/>
<Cov CovItemId="S56" Value="7"/>
<Cov CovItemId="S57" Value="4"/>
<Cov CovItemId="S58" Value="3"/>
<Cov CovItemId="S59" Value="1"/>
<Cov CovItemId="S61" Value="1"/>
<Cov CovItemId="S63" Value="1"/>
<Cov CovItemId="S65" Value="1"/>
<Cov CovItemId="S67" Value="1"/>
<Cov CovItemId="S68" Value="1"/>
<Cov CovItemId="S72" Value="20"/>
<Cov CovItemId="S73" Value="20"/>
<Cov CovItemId="S74" Value="32"/>
<Cov CovItemId="S75" Value="20"/>
<Cov CovItemId="S76" Value="20"/>
<Cov CovItemId="S77" Value="4"/>
<Cov CovItemId="S78" Value="12"/>
<Cov CovItemId="S79" Value="12"/>
<Cov CovItemId="S83" Value="20"/>
<Cov CovItemId="S84" Value="5"/>
<Cov CovItemId="S85" Value="5"/>
<Cov CovItemId="S91" Value="5"/>
<Cov CovItemId="S92" Value="4"/>
<Cov CovItemId="S93" Value="7"/>
<Cov CovItemId="S94" Value="7"/>
<Cov CovItemId="S95" Value="7"/>
<Cov CovItemId="S96" Value="24"/>
<Cov CovItemId="S97" Value="24"/>
<Cov CovItemId="S98" Value="4"/>
<Cov CovItemId="S99" Value="20"/>
</CovPrefix>
</CovList>
<AssgnmntList>
<AssgnmntPrefix RootTermCovItemPrefix="com.aconex.coding.challenge.NumberToAlphaConverter.java">
<AssgnmntListEntry Length="1" RootTermCovItemId="C1">
<MapEntry BoolAssgnmnt="0" Value="7"/>
<MapEntry BoolAssgnmnt="1" Value="14"/>
</AssgnmntListEntry>
<AssgnmntListEntry Length="1" RootTermCovItemId="C11">
<MapEntry BoolAssgnmnt="0" Value="20"/>
<MapEntry BoolAssgnmnt="1" Value="32"/>
</AssgnmntListEntry>
<AssgnmntListEntry Length="1" RootTermCovItemId="C12">
<MapEntry BoolAssgnmnt="0" Value="12"/>
<MapEntry BoolAssgnmnt="1" Value="20"/>
</AssgnmntListEntry>
<AssgnmntListEntry Length="1" RootTermCovItemId="C13">
<MapEntry BoolAssgnmnt="0" Value="16"/>
<MapEntry BoolAssgnmnt="1" Value="4"/>
</AssgnmntListEntry>
<AssgnmntListEntry Length="1" RootTermCovItemId="C14">
<MapEntry BoolAssgnmnt="0" Value="12"/>
</AssgnmntListEntry>
<AssgnmntListEntry Length="1" RootTermCovItemId="C16">
<MapEntry BoolAssgnmnt="0" Value="5"/>
</AssgnmntListEntry>
<AssgnmntListEntry Length="1" RootTermCovItemId="C18">
<MapEntry BoolAssgnmnt="0" Value="1"/>
<MapEntry BoolAssgnmnt="1" Value="4"/>
</AssgnmntListEntry>
<AssgnmntListEntry Length="1" RootTermCovItemId="C19">
<MapEntry BoolAssgnmnt="0" Value="20"/>
<MapEntry BoolAssgnmnt="1" Value="4"/>
</AssgnmntListEntry>
<AssgnmntListEntry Length="2" RootTermCovItemId="C2">
<MapEntry BoolAssgnmnt="10" Value="13"/>
<MapEntry BoolAssgnmnt="11" Value="1"/>
</AssgnmntListEntry>
<AssgnmntListEntry Length="5" RootTermCovItemId="C20">
<MapEntry BoolAssgnmnt="02022" Value="20"/>
</AssgnmntListEntry>
<AssgnmntListEntry Length="1" RootTermCovItemId="C24">
<MapEntry BoolAssgnmnt="0" Value="16"/>
<MapEntry BoolAssgnmnt="1" Value="4"/>
</AssgnmntListEntry>
<AssgnmntListEntry Length="3" RootTermCovItemId="C25">
<MapEntry BoolAssgnmnt="110" Value="1"/>
<MapEntry BoolAssgnmnt="111" Value="3"/>
</AssgnmntListEntry>
<AssgnmntListEntry Length="1" RootTermCovItemId="C26">
<MapEntry BoolAssgnmnt="1" Value="3"/>
</AssgnmntListEntry>
<AssgnmntListEntry Length="1" RootTermCovItemId="C27">
<MapEntry BoolAssgnmnt="1" Value="1"/>
</AssgnmntListEntry>
<AssgnmntListEntry Length="1" RootTermCovItemId="C28">
<MapEntry BoolAssgnmnt="0" Value="1"/>
<MapEntry BoolAssgnmnt="1" Value="5"/>
</AssgnmntListEntry>
<AssgnmntListEntry Length="1" RootTermCovItemId="C29">
<MapEntry BoolAssgnmnt="1" Value="5"/>
</AssgnmntListEntry>
<AssgnmntListEntry Length="1" RootTermCovItemId="C3">
<MapEntry BoolAssgnmnt="0" Value="13"/>
</AssgnmntListEntry>
<AssgnmntListEntry Length="1" RootTermCovItemId="C30">
<MapEntry BoolAssgnmnt="0" Value="5"/>
</AssgnmntListEntry>
<AssgnmntListEntry Length="2" RootTermCovItemId="C4">
<MapEntry BoolAssgnmnt="10" Value="1"/>
<MapEntry BoolAssgnmnt="11" Value="3"/>
</AssgnmntListEntry>
<AssgnmntListEntry Length="2" RootTermCovItemId="C5">
<MapEntry BoolAssgnmnt="10" Value="1"/>
</AssgnmntListEntry>
<AssgnmntListEntry Length="2" RootTermCovItemId="C6">
<MapEntry BoolAssgnmnt="10" Value="1"/>
</AssgnmntListEntry>
<AssgnmntListEntry Length="2" RootTermCovItemId="C7">
<MapEntry BoolAssgnmnt="10" Value="1"/>
</AssgnmntListEntry>
<AssgnmntListEntry Length="2" RootTermCovItemId="C8">
<MapEntry BoolAssgnmnt="10" Value="1"/>
</AssgnmntListEntry>
<AssgnmntListEntry Length="2" RootTermCovItemId="C9">
<MapEntry BoolAssgnmnt="11" Value="1"/>
</AssgnmntListEntry>
</AssgnmntPrefix>
</AssgnmntList>
<ObjMetaDataList/>
<MetaDataList/>
</TestCase>
<TestCase Comment="" Date="1421690044128" Name="com.aconex.test.TestAconex:testsSingleStringResultWithMultipleDictionaryWordAndSingleNumbersAtRightEnd">
<CovList>
<CovPrefix CovItemPrefix="com.aconex.coding.challenge.NumberToAlphaConverter.java">
<Cov CovItemId="B1" Value="4"/>
<Cov CovItemId="B10" Value="7"/>
<Cov CovItemId="B12" Value="7"/>
<Cov CovItemId="B13" Value="4"/>
<Cov CovItemId="B14" Value="3"/>
<Cov CovItemId="B15" Value="3"/>
<Cov CovItemId="B19" Value="38"/>
<Cov CovItemId="B2" Value="89"/>
<Cov CovItemId="B20" Value="40"/>
<Cov CovItemId="B21" Value="10"/>
<Cov CovItemId="B22" Value="28"/>
<Cov CovItemId="B24" Value="40"/>
<Cov CovItemId="B27" Value="1"/>
<Cov CovItemId="B28" Value="11"/>
<Cov CovItemId="B29" Value="1"/>
<Cov CovItemId="B3" Value="9"/>
<Cov CovItemId="B31" Value="10"/>
<Cov CovItemId="B32" Value="1"/>
<Cov CovItemId="B33" Value="11"/>
<Cov CovItemId="B34" Value="42"/>
<Cov CovItemId="B35" Value="7"/>
<Cov CovItemId="B36" Value="35"/>
<Cov CovItemId="B37" Value="3"/>
<Cov CovItemId="B38" Value="4"/>
<Cov CovItemId="B4" Value="80"/>
<Cov CovItemId="B40" Value="3"/>
<Cov CovItemId="B41" Value="7"/>
<Cov CovItemId="B43" Value="10"/>
<Cov CovItemId="B44" Value="32"/>
<Cov CovItemId="B45" Value="3"/>
<Cov CovItemId="B46" Value="7"/>
<Cov CovItemId="B47" Value="3"/>
<Cov CovItemId="B49" Value="1"/>
<Cov CovItemId="B5" Value="3"/>
<Cov CovItemId="B51" Value="1"/>
<Cov CovItemId="B52" Value="12"/>
<Cov CovItemId="B55" Value="12"/>
<Cov CovItemId="B6" Value="7"/>
<Cov CovItemId="B8" Value="7"/>
<Cov CovItemId="L1-1" Value="3"/>
<Cov CovItemId="L1-2" Value="14"/>
<Cov CovItemId="L2-0" Value="4"/>
<Cov CovItemId="L2-1" Value="22"/>
<Cov CovItemId="L2-2" Value="16"/>
<Cov CovItemId="L3-1" Value="1"/>
<Cov CovItemId="L4-1" Value="6"/>
<Cov CovItemId="L4-2" Value="4"/>
<Cov CovItemId="L5-2" Value="16"/>
<Cov CovItemId="L6-1" Value="10"/>
<Cov CovItemId="L7-2" Value="1"/>
<Cov CovItemId="L8-2" Value="1"/>
<Cov CovItemId="S100" Value="7"/>
<Cov CovItemId="S101" Value="7"/>
<Cov CovItemId="S102" Value="3"/>
<Cov CovItemId="S103" Value="3"/>
<Cov CovItemId="S105" Value="7"/>
<Cov CovItemId="S106" Value="7"/>
<Cov CovItemId="S107" Value="42"/>
<Cov CovItemId="S108" Value="42"/>
<Cov CovItemId="S109" Value="10"/>
<Cov CovItemId="S110" Value="10"/>
<Cov CovItemId="S111" Value="10"/>
<Cov CovItemId="S112" Value="3"/>
<Cov CovItemId="S113" Value="3"/>
<Cov CovItemId="S115" Value="1"/>
<Cov CovItemId="S116" Value="1"/>
<Cov CovItemId="S117" Value="3"/>
<Cov CovItemId="S118" Value="12"/>
<Cov CovItemId="S119" Value="1"/>
<Cov CovItemId="S120" Value="1"/>
<Cov CovItemId="S121" Value="1"/>
<Cov CovItemId="S122" Value="12"/>
<Cov CovItemId="S123" Value="12"/>
<Cov CovItemId="S124" Value="12"/>
<Cov CovItemId="S125" Value="12"/>
<Cov CovItemId="S126" Value="12"/>
<Cov CovItemId="S129" Value="1"/>
<Cov CovItemId="S47" Value="17"/>
<Cov CovItemId="S48" Value="17"/>
<Cov CovItemId="S49" Value="17"/>
<Cov CovItemId="S50" Value="17"/>
<Cov CovItemId="S51" Value="93"/>
<Cov CovItemId="S52" Value="93"/>
<Cov CovItemId="S53" Value="4"/>
<Cov CovItemId="S54" Value="89"/>
<Cov CovItemId="S55" Value="9"/>
<Cov CovItemId="S56" Value="17"/>
<Cov CovItemId="S57" Value="10"/>
<Cov CovItemId="S58" Value="3"/>
<Cov CovItemId="S59" Value="7"/>
<Cov CovItemId="S61" Value="7"/>
<Cov CovItemId="S63" Value="7"/>
<Cov CovItemId="S65" Value="7"/>
<Cov CovItemId="S66" Value="4"/>
<Cov CovItemId="S67" Value="3"/>
<Cov CovItemId="S68" Value="3"/>
<Cov CovItemId="S72" Value="42"/>
<Cov CovItemId="S73" Value="42"/>
<Cov CovItemId="S74" Value="78"/>
<Cov CovItemId="S75" Value="38"/>
<Cov CovItemId="S76" Value="38"/>
<Cov CovItemId="S77" Value="10"/>
<Cov CovItemId="S78" Value="40"/>
<Cov CovItemId="S79" Value="40"/>
<Cov CovItemId="S83" Value="42"/>
<Cov CovItemId="S84" Value="12"/>
<Cov CovItemId="S85" Value="12"/>
<Cov CovItemId="S86" Value="1"/>
<Cov CovItemId="S87" Value="1"/>
<Cov CovItemId="S88" Value="1"/>
<Cov CovItemId="S89" Value="1"/>
<Cov CovItemId="S90" Value="1"/>
<Cov CovItemId="S91" Value="11"/>
<Cov CovItemId="S92" Value="10"/>
<Cov CovItemId="S93" Value="16"/>
<Cov CovItemId="S94" Value="16"/>
<Cov CovItemId="S95" Value="16"/>
<Cov CovItemId="S96" Value="53"/>
<Cov CovItemId="S97" Value="53"/>
<Cov CovItemId="S98" Value="11"/>
<Cov CovItemId="S99" Value="42"/>
</CovPrefix>
</CovList>
<AssgnmntList>
<AssgnmntPrefix RootTermCovItemPrefix="com.aconex.coding.challenge.NumberToAlphaConverter.java">
<AssgnmntListEntry Length="1" RootTermCovItemId="C1">
<MapEntry BoolAssgnmnt="0" Value="17"/>
<MapEntry BoolAssgnmnt="1" Value="93"/>
</AssgnmntListEntry>
<AssgnmntListEntry Length="1" RootTermCovItemId="C11">
<MapEntry BoolAssgnmnt="0" Value="42"/>
<MapEntry BoolAssgnmnt="1" Value="78"/>
</AssgnmntListEntry>
<AssgnmntListEntry Length="1" RootTermCovItemId="C12">
<MapEntry BoolAssgnmnt="0" Value="40"/>
<MapEntry BoolAssgnmnt="1" Value="38"/>
</AssgnmntListEntry>
<AssgnmntListEntry Length="1" RootTermCovItemId="C13">
<MapEntry BoolAssgnmnt="0" Value="28"/>
<MapEntry BoolAssgnmnt="1" Value="10"/>
</AssgnmntListEntry>
<AssgnmntListEntry Length="1" RootTermCovItemId="C14">
<MapEntry BoolAssgnmnt="0" Value="40"/>
</AssgnmntListEntry>
<AssgnmntListEntry Length="1" RootTermCovItemId="C16">
<MapEntry BoolAssgnmnt="0" Value="11"/>
<MapEntry BoolAssgnmnt="1" Value="1"/>
</AssgnmntListEntry>
<AssgnmntListEntry Length="2" RootTermCovItemId="C17">
<MapEntry BoolAssgnmnt="12" Value="1"/>
</AssgnmntListEntry>
<AssgnmntListEntry Length="1" RootTermCovItemId="C18">
<MapEntry BoolAssgnmnt="0" Value="1"/>
<MapEntry BoolAssgnmnt="1" Value="10"/>
</AssgnmntListEntry>
<AssgnmntListEntry Length="1" RootTermCovItemId="C19">
<MapEntry BoolAssgnmnt="0" Value="42"/>
<MapEntry BoolAssgnmnt="1" Value="11"/>
</AssgnmntListEntry>
<AssgnmntListEntry Length="2" RootTermCovItemId="C2">
<MapEntry BoolAssgnmnt="10" Value="80"/>
<MapEntry BoolAssgnmnt="02" Value="9"/>
<MapEntry BoolAssgnmnt="11" Value="4"/>
</AssgnmntListEntry>
<AssgnmntListEntry Length="5" RootTermCovItemId="C20">
<MapEntry BoolAssgnmnt="02111" Value="3"/>
<MapEntry BoolAssgnmnt="02022" Value="34"/>
<MapEntry BoolAssgnmnt="02110" Value="1"/>
<MapEntry BoolAssgnmnt="11222" Value="4"/>
</AssgnmntListEntry>
<AssgnmntListEntry Length="3" RootTermCovItemId="C21">
<MapEntry BoolAssgnmnt="110" Value="4"/>
<MapEntry BoolAssgnmnt="111" Value="3"/>
</AssgnmntListEntry>
<AssgnmntListEntry Length="2" RootTermCovItemId="C22">
<MapEntry BoolAssgnmnt="10" Value="3"/>
</AssgnmntListEntry>
<AssgnmntListEntry Length="1" RootTermCovItemId="C23">
<MapEntry BoolAssgnmnt="1" Value="7"/>
</AssgnmntListEntry>
<AssgnmntListEntry Length="1" RootTermCovItemId="C24">
<MapEntry BoolAssgnmnt="0" Value="32"/>
<MapEntry BoolAssgnmnt="1" Value="10"/>
</AssgnmntListEntry>
<AssgnmntListEntry Length="3" RootTermCovItemId="C25">
<MapEntry BoolAssgnmnt="110" Value="7"/>
<MapEntry BoolAssgnmnt="111" Value="3"/>
</AssgnmntListEntry>
<AssgnmntListEntry Length="1" RootTermCovItemId="C26">
<MapEntry BoolAssgnmnt="1" Value="3"/>
</AssgnmntListEntry>
<AssgnmntListEntry Length="1" RootTermCovItemId="C27">
<MapEntry BoolAssgnmnt="1" Value="1"/>
</AssgnmntListEntry>
<AssgnmntListEntry Length="1" RootTermCovItemId="C28">
<MapEntry BoolAssgnmnt="0" Value="1"/>
<MapEntry BoolAssgnmnt="1" Value="12"/>
</AssgnmntListEntry>
<AssgnmntListEntry Length="1" RootTermCovItemId="C29">
<MapEntry BoolAssgnmnt="1" Value="12"/>
</AssgnmntListEntry>
<AssgnmntListEntry Length="1" RootTermCovItemId="C3">
<MapEntry BoolAssgnmnt="0" Value="80"/>
<MapEntry BoolAssgnmnt="1" Value="9"/>
</AssgnmntListEntry>
<AssgnmntListEntry Length="1" RootTermCovItemId="C30">
<MapEntry BoolAssgnmnt="0" Value="12"/>
</AssgnmntListEntry>
<AssgnmntListEntry Length="2" RootTermCovItemId="C4">
<MapEntry BoolAssgnmnt="10" Value="7"/>
<MapEntry BoolAssgnmnt="11" Value="3"/>
</AssgnmntListEntry>
<AssgnmntListEntry Length="2" RootTermCovItemId="C5">
<MapEntry BoolAssgnmnt="10" Value="7"/>
</AssgnmntListEntry>
<AssgnmntListEntry Length="2" RootTermCovItemId="C6">
<MapEntry BoolAssgnmnt="10" Value="7"/>
</AssgnmntListEntry>
<AssgnmntListEntry Length="2" RootTermCovItemId="C7">
<MapEntry BoolAssgnmnt="10" Value="7"/>
</AssgnmntListEntry>
<AssgnmntListEntry Length="2" RootTermCovItemId="C8">
<MapEntry BoolAssgnmnt="10" Value="3"/>
<MapEntry BoolAssgnmnt="11" Value="4"/>
</AssgnmntListEntry>
<AssgnmntListEntry Length="2" RootTermCovItemId="C9">
<MapEntry BoolAssgnmnt="11" Value="3"/>
</AssgnmntListEntry>
</AssgnmntPrefix>
</AssgnmntList>
<ObjMetaDataList/>
<MetaDataList/>
</TestCase>
<MetaDataList/>
</TestSession>
<TestSession Comment="" Date="1421691666257" Name="19 Jan, 2015 11:51:06 PM">
<TestCase Comment="" Date="1421690044068" Name="com.aconex.test.TestAconex:checkForSimpleConversionWithMultipleResult">
<CovList>
<CovPrefix CovItemPrefix="com.aconex.coding.challenge.NumberToAlphaConverter.java">
<Cov CovItemId="B1" Value="7"/>
<Cov CovItemId="B10" Value="6"/>
<Cov CovItemId="B12" Value="6"/>
<Cov CovItemId="B13" Value="5"/>
<Cov CovItemId="B14" Value="1"/>
<Cov CovItemId="B15" Value="1"/>
<Cov CovItemId="B19" Value="40"/>
<Cov CovItemId="B2" Value="50"/>
<Cov CovItemId="B20" Value="66"/>
<Cov CovItemId="B21" Value="10"/>
<Cov CovItemId="B22" Value="30"/>
<Cov CovItemId="B24" Value="66"/>
<Cov CovItemId="B28" Value="6"/>
<Cov CovItemId="B31" Value="5"/>
<Cov CovItemId="B32" Value="1"/>
<Cov CovItemId="B33" Value="15"/>
<Cov CovItemId="B34" Value="43"/>
<Cov CovItemId="B35" Value="3"/>
<Cov CovItemId="B36" Value="40"/>
<Cov CovItemId="B38" Value="3"/>
<Cov CovItemId="B4" Value="50"/>
<Cov CovItemId="B41" Value="3"/>
<Cov CovItemId="B43" Value="10"/>
<Cov CovItemId="B44" Value="33"/>
<Cov CovItemId="B45" Value="5"/>
<Cov CovItemId="B46" Value="5"/>
<Cov CovItemId="B47" Value="5"/>
<Cov CovItemId="B49" Value="1"/>
<Cov CovItemId="B5" Value="4"/>
<Cov CovItemId="B51" Value="1"/>
<Cov CovItemId="B52" Value="6"/>
<Cov CovItemId="B55" Value="6"/>
<Cov CovItemId="B6" Value="6"/>
<Cov CovItemId="B8" Value="6"/>
<Cov CovItemId="L1-1" Value="3"/>
<Cov CovItemId="L1-2" Value="15"/>
<Cov CovItemId="L2-0" Value="3"/>
<Cov CovItemId="L2-1" Value="16"/>
<Cov CovItemId="L2-2" Value="24"/>
<Cov CovItemId="L4-2" Value="5"/>
<Cov CovItemId="L5-2" Value="18"/>
<Cov CovItemId="L6-1" Value="10"/>
<Cov CovItemId="L7-2" Value="1"/>
<Cov CovItemId="L8-2" Value="1"/>
<Cov CovItemId="S1" Value="1"/>
<Cov CovItemId="S10" Value="1"/>
<Cov CovItemId="S100" Value="3"/>
<Cov CovItemId="S101" Value="3"/>
<Cov CovItemId="S105" Value="3"/>
<Cov CovItemId="S106" Value="3"/>
<Cov CovItemId="S107" Value="43"/>
<Cov CovItemId="S108" Value="43"/>
<Cov CovItemId="S109" Value="10"/>
<Cov CovItemId="S11" Value="1"/>
<Cov CovItemId="S110" Value="10"/>
<Cov CovItemId="S111" Value="10"/>
<Cov CovItemId="S112" Value="5"/>
<Cov CovItemId="S113" Value="5"/>
<Cov CovItemId="S115" Value="1"/>
<Cov CovItemId="S116" Value="1"/>
<Cov CovItemId="S117" Value="3"/>
<Cov CovItemId="S118" Value="6"/>
<Cov CovItemId="S119" Value="1"/>
<Cov CovItemId="S12" Value="1"/>
<Cov CovItemId="S120" Value="1"/>
<Cov CovItemId="S121" Value="1"/>
<Cov CovItemId="S122" Value="6"/>
<Cov CovItemId="S123" Value="6"/>
<Cov CovItemId="S124" Value="6"/>
<Cov CovItemId="S125" Value="6"/>
<Cov CovItemId="S126" Value="6"/>
<Cov CovItemId="S129" Value="1"/>
<Cov CovItemId="S13" Value="1"/>
<Cov CovItemId="S14" Value="1"/>
<Cov CovItemId="S15" Value="1"/>
<Cov CovItemId="S16" Value="1"/>
<Cov CovItemId="S17" Value="1"/>
<Cov CovItemId="S18" Value="1"/>
<Cov CovItemId="S19" Value="1"/>
<Cov CovItemId="S2" Value="1"/>
<Cov CovItemId="S20" Value="1"/>
<Cov CovItemId="S21" Value="1"/>
<Cov CovItemId="S22" Value="1"/>
<Cov CovItemId="S23" Value="1"/>
<Cov CovItemId="S24" Value="1"/>
<Cov CovItemId="S25" Value="1"/>
<Cov CovItemId="S26" Value="1"/>
<Cov CovItemId="S27" Value="1"/>
<Cov CovItemId="S28" Value="1"/>
<Cov CovItemId="S29" Value="1"/>
<Cov CovItemId="S3" Value="1"/>
<Cov CovItemId="S30" Value="1"/>
<Cov CovItemId="S31" Value="1"/>
<Cov CovItemId="S32" Value="1"/>
<Cov CovItemId="S33" Value="1"/>
<Cov CovItemId="S34" Value="1"/>
<Cov CovItemId="S35" Value="1"/>
<Cov CovItemId="S36" Value="1"/>
<Cov CovItemId="S37" Value="1"/>
<Cov CovItemId="S38" Value="1"/>
<Cov CovItemId="S39" Value="1"/>
<Cov CovItemId="S4" Value="1"/>
<Cov CovItemId="S40" Value="1"/>
<Cov CovItemId="S41" Value="1"/>
<Cov CovItemId="S42" Value="1"/>
<Cov CovItemId="S43" Value="1"/>
<Cov CovItemId="S44" Value="1"/>
<Cov CovItemId="S45" Value="1"/>
<Cov CovItemId="S46" Value="1"/>
<Cov CovItemId="S47" Value="18"/>
<Cov CovItemId="S48" Value="18"/>
<Cov CovItemId="S49" Value="18"/>
<Cov CovItemId="S5" Value="1"/>
<Cov CovItemId="S50" Value="18"/>
<Cov CovItemId="S51" Value="57"/>
<Cov CovItemId="S52" Value="57"/>
<Cov CovItemId="S53" Value="7"/>
<Cov CovItemId="S54" Value="50"/>
<Cov CovItemId="S56" Value="18"/>
<Cov CovItemId="S57" Value="10"/>
<Cov CovItemId="S58" Value="4"/>
<Cov CovItemId="S59" Value="6"/>
<Cov CovItemId="S6" Value="1"/>
<Cov CovItemId="S61" Value="6"/>
<Cov CovItemId="S63" Value="6"/>
<Cov CovItemId="S65" Value="6"/>
<Cov CovItemId="S66" Value="5"/>
<Cov CovItemId="S67" Value="1"/>
<Cov CovItemId="S68" Value="1"/>
<Cov CovItemId="S7" Value="1"/>
<Cov CovItemId="S72" Value="43"/>
<Cov CovItemId="S73" Value="43"/>
<Cov CovItemId="S74" Value="106"/>
<Cov CovItemId="S75" Value="40"/>
<Cov CovItemId="S76" Value="40"/>
<Cov CovItemId="S77" Value="10"/>
<Cov CovItemId="S78" Value="66"/>
<Cov CovItemId="S79" Value="66"/>
<Cov CovItemId="S8" Value="1"/>
<Cov CovItemId="S83" Value="43"/>
<Cov CovItemId="S84" Value="6"/>
<Cov CovItemId="S85" Value="6"/>
<Cov CovItemId="S9" Value="1"/>
<Cov CovItemId="S91" Value="6"/>
<Cov CovItemId="S92" Value="5"/>
<Cov CovItemId="S93" Value="18"/>
<Cov CovItemId="S94" Value="18"/>
<Cov CovItemId="S95" Value="18"/>
<Cov CovItemId="S96" Value="58"/>
<Cov CovItemId="S97" Value="58"/>
<Cov CovItemId="S98" Value="15"/>
<Cov CovItemId="S99" Value="43"/>
</CovPrefix>
</CovList>
<AssgnmntList>
<AssgnmntPrefix RootTermCovItemPrefix="com.aconex.coding.challenge.NumberToAlphaConverter.java">
<AssgnmntListEntry Length="1" RootTermCovItemId="C1">
<MapEntry BoolAssgnmnt="0" Value="18"/>
<MapEntry BoolAssgnmnt="1" Value="57"/>
</AssgnmntListEntry>
<AssgnmntListEntry Length="1" RootTermCovItemId="C11">
<MapEntry BoolAssgnmnt="0" Value="43"/>
<MapEntry BoolAssgnmnt="1" Value="106"/>
</AssgnmntListEntry>
<AssgnmntListEntry Length="1" RootTermCovItemId="C12">
<MapEntry BoolAssgnmnt="0" Value="66"/>
<MapEntry BoolAssgnmnt="1" Value="40"/>
</AssgnmntListEntry>
<AssgnmntListEntry Length="1" RootTermCovItemId="C13">
<MapEntry BoolAssgnmnt="0" Value="30"/>
<MapEntry BoolAssgnmnt="1" Value="10"/>
</AssgnmntListEntry>
<AssgnmntListEntry Length="1" RootTermCovItemId="C14">
<MapEntry BoolAssgnmnt="0" Value="66"/>
</AssgnmntListEntry>
<AssgnmntListEntry Length="1" RootTermCovItemId="C16">
<MapEntry BoolAssgnmnt="0" Value="6"/>
</AssgnmntListEntry>
<AssgnmntListEntry Length="1" RootTermCovItemId="C18">
<MapEntry BoolAssgnmnt="0" Value="1"/>
<MapEntry BoolAssgnmnt="1" Value="5"/>
</AssgnmntListEntry>
<AssgnmntListEntry Length="1" RootTermCovItemId="C19">
<MapEntry BoolAssgnmnt="0" Value="43"/>
<MapEntry BoolAssgnmnt="1" Value="15"/>
</AssgnmntListEntry>
<AssgnmntListEntry Length="2" RootTermCovItemId="C2">
<MapEntry BoolAssgnmnt="10" Value="50"/>
<MapEntry BoolAssgnmnt="11" Value="7"/>
</AssgnmntListEntry>
<AssgnmntListEntry Length="5" RootTermCovItemId="C20">
<MapEntry BoolAssgnmnt="02022" Value="37"/>
<MapEntry BoolAssgnmnt="02110" Value="3"/>
<MapEntry BoolAssgnmnt="11222" Value="3"/>
</AssgnmntListEntry>
<AssgnmntListEntry Length="3" RootTermCovItemId="C21">
<MapEntry BoolAssgnmnt="102" Value="3"/>
</AssgnmntListEntry>
<AssgnmntListEntry Length="1" RootTermCovItemId="C23">
<MapEntry BoolAssgnmnt="1" Value="3"/>
</AssgnmntListEntry>
<AssgnmntListEntry Length="1" RootTermCovItemId="C24">
<MapEntry BoolAssgnmnt="0" Value="33"/>
<MapEntry BoolAssgnmnt="1" Value="10"/>
</AssgnmntListEntry>
<AssgnmntListEntry Length="3" RootTermCovItemId="C25">
<MapEntry BoolAssgnmnt="110" Value="5"/>
<MapEntry BoolAssgnmnt="111" Value="5"/>
</AssgnmntListEntry>
<AssgnmntListEntry Length="1" RootTermCovItemId="C26">
<MapEntry BoolAssgnmnt="1" Value="5"/>
</AssgnmntListEntry>
<AssgnmntListEntry Length="1" RootTermCovItemId="C27">
<MapEntry BoolAssgnmnt="1" Value="1"/>
</AssgnmntListEntry>
<AssgnmntListEntry Length="1" RootTermCovItemId="C28">
<MapEntry BoolAssgnmnt="0" Value="1"/>
<MapEntry BoolAssgnmnt="1" Value="6"/>
</AssgnmntListEntry>
<AssgnmntListEntry Length="1" RootTermCovItemId="C29">
<MapEntry BoolAssgnmnt="1" Value="6"/>
</AssgnmntListEntry>
<AssgnmntListEntry Length="1" RootTermCovItemId="C3">
<MapEntry BoolAssgnmnt="0" Value="50"/>
</AssgnmntListEntry>
<AssgnmntListEntry Length="1" RootTermCovItemId="C30">
<MapEntry BoolAssgnmnt="0" Value="6"/>
</AssgnmntListEntry>
<AssgnmntListEntry Length="2" RootTermCovItemId="C4">
<MapEntry BoolAssgnmnt="10" Value="6"/>
<MapEntry BoolAssgnmnt="11" Value="4"/>
</AssgnmntListEntry>
<AssgnmntListEntry Length="2" RootTermCovItemId="C5">
<MapEntry BoolAssgnmnt="10" Value="6"/>
</AssgnmntListEntry>
<AssgnmntListEntry Length="2" RootTermCovItemId="C6">
<MapEntry BoolAssgnmnt="10" Value="6"/>
</AssgnmntListEntry>
<AssgnmntListEntry Length="2" RootTermCovItemId="C7">
<MapEntry BoolAssgnmnt="10" Value="6"/>
</AssgnmntListEntry>
<AssgnmntListEntry Length="2" RootTermCovItemId="C8">
<MapEntry BoolAssgnmnt="10" Value="1"/>
<MapEntry BoolAssgnmnt="11" Value="5"/>
</AssgnmntListEntry>
<AssgnmntListEntry Length="2" RootTermCovItemId="C9">
<MapEntry BoolAssgnmnt="11" Value="1"/>
</AssgnmntListEntry>
</AssgnmntPrefix>
</AssgnmntList>
<ObjMetaDataList/>
<MetaDataList/>
</TestCase>
<TestCase Comment="" Date="1421690044080" Name="com.aconex.test.TestAconex:testsSingleStringResultWithMultipleDictionaryWordAndNumbersAtEndsAndInBetween">
<CovList>
<CovPrefix CovItemPrefix="com.aconex.coding.challenge.NumberToAlphaConverter.java">
<Cov CovItemId="B1" Value="38"/>
<Cov CovItemId="B10" Value="10"/>
<Cov CovItemId="B11" Value="8"/>
<Cov CovItemId="B12" Value="2"/>
<Cov CovItemId="B14" Value="2"/>
<Cov CovItemId="B15" Value="2"/>
<Cov CovItemId="B19" Value="51"/>
<Cov CovItemId="B2" Value="156"/>
<Cov CovItemId="B20" Value="84"/>
<Cov CovItemId="B21" Value="12"/>
<Cov CovItemId="B22" Value="39"/>
<Cov CovItemId="B24" Value="84"/>
<Cov CovItemId="B27" Value="1"/>
<Cov CovItemId="B28" Value="19"/>
<Cov CovItemId="B29" Value="1"/>
<Cov CovItemId="B3" Value="12"/>
<Cov CovItemId="B31" Value="18"/>
<Cov CovItemId="B32" Value="1"/>
<Cov CovItemId="B33" Value="14"/>
<Cov CovItemId="B34" Value="56"/>
<Cov CovItemId="B35" Value="14"/>
<Cov CovItemId="B36" Value="42"/>
<Cov CovItemId="B37" Value="3"/>
<Cov CovItemId="B38" Value="11"/>
<Cov CovItemId="B39" Value="3"/>
<Cov CovItemId="B4" Value="144"/>
<Cov CovItemId="B41" Value="11"/>
<Cov CovItemId="B42" Value="3"/>
<Cov CovItemId="B43" Value="12"/>
<Cov CovItemId="B44" Value="44"/>
<Cov CovItemId="B45" Value="6"/>
<Cov CovItemId="B46" Value="6"/>
<Cov CovItemId="B47" Value="6"/>
<Cov CovItemId="B49" Value="1"/>
<Cov CovItemId="B5" Value="2"/>
<Cov CovItemId="B51" Value="1"/>
<Cov CovItemId="B52" Value="20"/>
<Cov CovItemId="B55" Value="20"/>
<Cov CovItemId="B6" Value="10"/>
<Cov CovItemId="B8" Value="10"/>
<Cov CovItemId="L1-1" Value="3"/>
<Cov CovItemId="L1-2" Value="19"/>
<Cov CovItemId="L2-0" Value="5"/>
<Cov CovItemId="L2-1" Value="20"/>
<Cov CovItemId="L2-2" Value="31"/>
<Cov CovItemId="L3-1" Value="1"/>
<Cov CovItemId="L4-1" Value="16"/>
<Cov CovItemId="L4-2" Value="2"/>
<Cov CovItemId="L5-2" Value="21"/>
<Cov CovItemId="L6-1" Value="12"/>
<Cov CovItemId="L7-2" Value="1"/>
<Cov CovItemId="L8-2" Value="1"/>
<Cov CovItemId="S100" Value="14"/>
<Cov CovItemId="S101" Value="14"/>
<Cov CovItemId="S102" Value="3"/>
<Cov CovItemId="S103" Value="3"/>
<Cov CovItemId="S104" Value="3"/>
<Cov CovItemId="S105" Value="14"/>
<Cov CovItemId="S106" Value="11"/>
<Cov CovItemId="S107" Value="56"/>
<Cov CovItemId="S108" Value="56"/>
<Cov CovItemId="S109" Value="12"/>
<Cov CovItemId="S110" Value="12"/>
<Cov CovItemId="S111" Value="12"/>
<Cov CovItemId="S112" Value="6"/>
<Cov CovItemId="S113" Value="6"/>
<Cov CovItemId="S115" Value="1"/>
<Cov CovItemId="S116" Value="1"/>
<Cov CovItemId="S117" Value="3"/>
<Cov CovItemId="S118" Value="20"/>
<Cov CovItemId="S119" Value="1"/>
<Cov CovItemId="S120" Value="1"/>
<Cov CovItemId="S121" Value="1"/>
<Cov CovItemId="S122" Value="20"/>
<Cov CovItemId="S123" Value="20"/>
<Cov CovItemId="S124" Value="20"/>
<Cov CovItemId="S125" Value="20"/>
<Cov CovItemId="S126" Value="20"/>
<Cov CovItemId="S129" Value="1"/>
<Cov CovItemId="S47" Value="22"/>
<Cov CovItemId="S48" Value="22"/>
<Cov CovItemId="S49" Value="22"/>
<Cov CovItemId="S50" Value="22"/>
<Cov CovItemId="S51" Value="194"/>
<Cov CovItemId="S52" Value="194"/>
<Cov CovItemId="S53" Value="38"/>
<Cov CovItemId="S54" Value="156"/>
<Cov CovItemId="S55" Value="12"/>
<Cov CovItemId="S56" Value="22"/>
<Cov CovItemId="S57" Value="12"/>
<Cov CovItemId="S58" Value="2"/>
<Cov CovItemId="S59" Value="10"/>
<Cov CovItemId="S61" Value="10"/>
<Cov CovItemId="S63" Value="10"/>
<Cov CovItemId="S64" Value="8"/>
<Cov CovItemId="S65" Value="2"/>
<Cov CovItemId="S67" Value="2"/>
<Cov CovItemId="S68" Value="2"/>
<Cov CovItemId="S72" Value="56"/>
<Cov CovItemId="S73" Value="56"/>
<Cov CovItemId="S74" Value="135"/>
<Cov CovItemId="S75" Value="51"/>
<Cov CovItemId="S76" Value="51"/>
<Cov CovItemId="S77" Value="12"/>
<Cov CovItemId="S78" Value="84"/>
<Cov CovItemId="S79" Value="84"/>
<Cov CovItemId="S83" Value="56"/>
<Cov CovItemId="S84" Value="20"/>
<Cov CovItemId="S85" Value="20"/>
<Cov CovItemId="S86" Value="1"/>
<Cov CovItemId="S87" Value="1"/>
<Cov CovItemId="S88" Value="1"/>
<Cov CovItemId="S89" Value="1"/>
<Cov CovItemId="S90" Value="1"/>
<Cov CovItemId="S91" Value="19"/>
<Cov CovItemId="S92" Value="18"/>
<Cov CovItemId="S93" Value="21"/>
<Cov CovItemId="S94" Value="21"/>
<Cov CovItemId="S95" Value="21"/>
<Cov CovItemId="S96" Value="70"/>
<Cov CovItemId="S97" Value="70"/>
<Cov CovItemId="S98" Value="14"/>
<Cov CovItemId="S99" Value="56"/>
</CovPrefix>
</CovList>
<AssgnmntList>
<AssgnmntPrefix RootTermCovItemPrefix="com.aconex.coding.challenge.NumberToAlphaConverter.java">
<AssgnmntListEntry Length="1" RootTermCovItemId="C1">
<MapEntry BoolAssgnmnt="0" Value="22"/>
<MapEntry BoolAssgnmnt="1" Value="194"/>
</AssgnmntListEntry>
<AssgnmntListEntry Length="1" RootTermCovItemId="C11">
<MapEntry BoolAssgnmnt="0" Value="56"/>
<MapEntry BoolAssgnmnt="1" Value="135"/>
</AssgnmntListEntry>
<AssgnmntListEntry Length="1" RootTermCovItemId="C12">
<MapEntry BoolAssgnmnt="0" Value="84"/>
<MapEntry BoolAssgnmnt="1" Value="51"/>
</AssgnmntListEntry>
<AssgnmntListEntry Length="1" RootTermCovItemId="C13">
<MapEntry BoolAssgnmnt="0" Value="39"/>
<MapEntry BoolAssgnmnt="1" Value="12"/>
</AssgnmntListEntry>
<AssgnmntListEntry Length="1" RootTermCovItemId="C14">
<MapEntry BoolAssgnmnt="0" Value="84"/>
</AssgnmntListEntry>
<AssgnmntListEntry Length="1" RootTermCovItemId="C16">
<MapEntry BoolAssgnmnt="0" Value="19"/>
<MapEntry BoolAssgnmnt="1" Value="1"/>
</AssgnmntListEntry>
<AssgnmntListEntry Length="2" RootTermCovItemId="C17">
<MapEntry BoolAssgnmnt="01" Value="1"/>
</AssgnmntListEntry>
<AssgnmntListEntry Length="1" RootTermCovItemId="C18">
<MapEntry BoolAssgnmnt="0" Value="1"/>
<MapEntry BoolAssgnmnt="1" Value="18"/>
</AssgnmntListEntry>
<AssgnmntListEntry Length="1" RootTermCovItemId="C19">
<MapEntry BoolAssgnmnt="0" Value="56"/>
<MapEntry BoolAssgnmnt="1" Value="14"/>
</AssgnmntListEntry>
<AssgnmntListEntry Length="2" RootTermCovItemId="C2">
<MapEntry BoolAssgnmnt="10" Value="144"/>
<MapEntry BoolAssgnmnt="02" Value="12"/>
<MapEntry BoolAssgnmnt="11" Value="38"/>
</AssgnmntListEntry>
<AssgnmntListEntry Length="5" RootTermCovItemId="C20">
<MapEntry BoolAssgnmnt="02111" Value="3"/>
<MapEntry BoolAssgnmnt="02022" Value="40"/>
<MapEntry BoolAssgnmnt="02110" Value="2"/>
<MapEntry BoolAssgnmnt="11222" Value="11"/>
</AssgnmntListEntry>
<AssgnmntListEntry Length="3" RootTermCovItemId="C21">
<MapEntry BoolAssgnmnt="110" Value="4"/>
<MapEntry BoolAssgnmnt="102" Value="7"/>
<MapEntry BoolAssgnmnt="111" Value="3"/>
</AssgnmntListEntry>
<AssgnmntListEntry Length="2" RootTermCovItemId="C22">
<MapEntry BoolAssgnmnt="11" Value="3"/>
</AssgnmntListEntry>
<AssgnmntListEntry Length="1" RootTermCovItemId="C23">
<MapEntry BoolAssgnmnt="0" Value="3"/>
<MapEntry BoolAssgnmnt="1" Value="11"/>
</AssgnmntListEntry>
<AssgnmntListEntry Length="1" RootTermCovItemId="C24">
<MapEntry BoolAssgnmnt="0" Value="44"/>
<MapEntry BoolAssgnmnt="1" Value="12"/>
</AssgnmntListEntry>
<AssgnmntListEntry Length="3" RootTermCovItemId="C25">
<MapEntry BoolAssgnmnt="110" Value="6"/>
<MapEntry BoolAssgnmnt="111" Value="6"/>
</AssgnmntListEntry>
<AssgnmntListEntry Length="1" RootTermCovItemId="C26">
<MapEntry BoolAssgnmnt="1" Value="6"/>
</AssgnmntListEntry>
<AssgnmntListEntry Length="1" RootTermCovItemId="C27">
<MapEntry BoolAssgnmnt="1" Value="1"/>
</AssgnmntListEntry>
<AssgnmntListEntry Length="1" RootTermCovItemId="C28">
<MapEntry BoolAssgnmnt="0" Value="1"/>
<MapEntry BoolAssgnmnt="1" Value="20"/>
</AssgnmntListEntry>
<AssgnmntListEntry Length="1" RootTermCovItemId="C29">
<MapEntry BoolAssgnmnt="1" Value="20"/>
</AssgnmntListEntry>
<AssgnmntListEntry Length="1" RootTermCovItemId="C3">
<MapEntry BoolAssgnmnt="0" Value="144"/>
<MapEntry BoolAssgnmnt="1" Value="12"/>
</AssgnmntListEntry>
<AssgnmntListEntry Length="1" RootTermCovItemId="C30">
<MapEntry BoolAssgnmnt="0" Value="20"/>
</AssgnmntListEntry>
<AssgnmntListEntry Length="2" RootTermCovItemId="C4">
<MapEntry BoolAssgnmnt="10" Value="10"/>
<MapEntry BoolAssgnmnt="11" Value="2"/>
</AssgnmntListEntry>
<AssgnmntListEntry Length="2" RootTermCovItemId="C5">
<MapEntry BoolAssgnmnt="10" Value="10"/>
</AssgnmntListEntry>
<AssgnmntListEntry Length="2" RootTermCovItemId="C6">
<MapEntry BoolAssgnmnt="10" Value="10"/>
</AssgnmntListEntry>
<AssgnmntListEntry Length="2" RootTermCovItemId="C7">
<MapEntry BoolAssgnmnt="10" Value="2"/>
<MapEntry BoolAssgnmnt="11" Value="8"/>
</AssgnmntListEntry>
<AssgnmntListEntry Length="2" RootTermCovItemId="C8">
<MapEntry BoolAssgnmnt="10" Value="2"/>
</AssgnmntListEntry>
<AssgnmntListEntry Length="2" RootTermCovItemId="C9">
<MapEntry BoolAssgnmnt="11" Value="2"/>
</AssgnmntListEntry>
</AssgnmntPrefix>
</AssgnmntList>
<ObjMetaDataList/>
<MetaDataList/>
</TestCase>
<TestCase Comment="" Date="1421690044084" Name="com.aconex.test.TestAconex:testsResultWithMultipleDictionaryWordAndNumbersConsecutiveInResult">
<CovList>
<CovPrefix CovItemPrefix="com.aconex.coding.challenge.NumberToAlphaConverter.java">
<Cov CovItemId="B1" Value="32"/>
<Cov CovItemId="B10" Value="12"/>
<Cov CovItemId="B11" Value="12"/>
<Cov CovItemId="B19" Value="70"/>
<Cov CovItemId="B2" Value="104"/>
<Cov CovItemId="B20" Value="54"/>
<Cov CovItemId="B21" Value="20"/>
<Cov CovItemId="B22" Value="50"/>
<Cov CovItemId="B24" Value="54"/>
<Cov CovItemId="B27" Value="2"/>
<Cov CovItemId="B28" Value="20"/>
<Cov CovItemId="B29" Value="2"/>
<Cov CovItemId="B3" Value="8"/>
<Cov CovItemId="B31" Value="18"/>
<Cov CovItemId="B32" Value="2"/>
<Cov CovItemId="B33" Value="14"/>
<Cov CovItemId="B34" Value="72"/>
<Cov CovItemId="B35" Value="8"/>
<Cov CovItemId="B36" Value="64"/>
<Cov CovItemId="B37" Value="2"/>
<Cov CovItemId="B38" Value="6"/>
<Cov CovItemId="B39" Value="2"/>
<Cov CovItemId="B4" Value="96"/>
<Cov CovItemId="B41" Value="6"/>
<Cov CovItemId="B42" Value="2"/>
<Cov CovItemId="B43" Value="20"/>
<Cov CovItemId="B44" Value="52"/>
<Cov CovItemId="B45" Value="12"/>
<Cov CovItemId="B46" Value="8"/>
<Cov CovItemId="B47" Value="12"/>
<Cov CovItemId="B49" Value="2"/>
<Cov CovItemId="B5" Value="8"/>
<Cov CovItemId="B51" Value="2"/>
<Cov CovItemId="B52" Value="22"/>
<Cov CovItemId="B54" Value="2"/>
<Cov CovItemId="B55" Value="20"/>
<Cov CovItemId="B6" Value="12"/>
<Cov CovItemId="B8" Value="12"/>
<Cov CovItemId="L1-1" Value="6"/>
<Cov CovItemId="L1-2" Value="22"/>
<Cov CovItemId="L2-0" Value="2"/>
<Cov CovItemId="L2-1" Value="46"/>
<Cov CovItemId="L2-2" Value="24"/>
<Cov CovItemId="L3-1" Value="2"/>
<Cov CovItemId="L4-1" Value="12"/>
<Cov CovItemId="L4-2" Value="6"/>
<Cov CovItemId="L5-2" Value="26"/>
<Cov CovItemId="L6-1" Value="20"/>
<Cov CovItemId="L7-2" Value="2"/>
<Cov CovItemId="L8-2" Value="2"/>
<Cov CovItemId="S100" Value="8"/>
<Cov CovItemId="S101" Value="8"/>
<Cov CovItemId="S102" Value="2"/>
<Cov CovItemId="S103" Value="2"/>
<Cov CovItemId="S104" Value="2"/>
<Cov CovItemId="S105" Value="8"/>
<Cov CovItemId="S106" Value="6"/>
<Cov CovItemId="S107" Value="72"/>
<Cov CovItemId="S108" Value="72"/>
<Cov CovItemId="S109" Value="20"/>
<Cov CovItemId="S110" Value="20"/>
<Cov CovItemId="S111" Value="20"/>
<Cov CovItemId="S112" Value="12"/>
<Cov CovItemId="S113" Value="12"/>
<Cov CovItemId="S115" Value="2"/>
<Cov CovItemId="S116" Value="2"/>
<Cov CovItemId="S117" Value="6"/>
<Cov CovItemId="S118" Value="22"/>
<Cov CovItemId="S119" Value="2"/>
<Cov CovItemId="S120" Value="2"/>
<Cov CovItemId="S121" Value="2"/>
<Cov CovItemId="S122" Value="22"/>
<Cov CovItemId="S123" Value="22"/>
<Cov CovItemId="S124" Value="22"/>
<Cov CovItemId="S125" Value="22"/>
<Cov CovItemId="S126" Value="22"/>
<Cov CovItemId="S127" Value="2"/>
<Cov CovItemId="S129" Value="2"/>
<Cov CovItemId="S47" Value="28"/>
<Cov CovItemId="S48" Value="28"/>
<Cov CovItemId="S49" Value="28"/>
<Cov CovItemId="S50" Value="28"/>
<Cov CovItemId="S51" Value="136"/>
<Cov CovItemId="S52" Value="136"/>
<Cov CovItemId="S53" Value="32"/>
<Cov CovItemId="S54" Value="104"/>
<Cov CovItemId="S55" Value="8"/>
<Cov CovItemId="S56" Value="28"/>
<Cov CovItemId="S57" Value="20"/>
<Cov CovItemId="S58" Value="8"/>
<Cov CovItemId="S59" Value="12"/>
<Cov CovItemId="S61" Value="12"/>
<Cov CovItemId="S63" Value="12"/>
<Cov CovItemId="S64" Value="12"/>
<Cov CovItemId="S72" Value="72"/>
<Cov CovItemId="S73" Value="72"/>
<Cov CovItemId="S74" Value="124"/>
<Cov CovItemId="S75" Value="70"/>
<Cov CovItemId="S76" Value="70"/>
<Cov CovItemId="S77" Value="20"/>
<Cov CovItemId="S78" Value="54"/>
<Cov CovItemId="S79" Value="54"/>
<Cov CovItemId="S83" Value="72"/>
<Cov CovItemId="S84" Value="22"/>
<Cov CovItemId="S85" Value="22"/>
<Cov CovItemId="S86" Value="2"/>
<Cov CovItemId="S87" Value="2"/>
<Cov CovItemId="S88" Value="2"/>
<Cov CovItemId="S89" Value="2"/>
<Cov CovItemId="S90" Value="2"/>
<Cov CovItemId="S91" Value="20"/>
<Cov CovItemId="S92" Value="18"/>
<Cov CovItemId="S93" Value="26"/>
<Cov CovItemId="S94" Value="26"/>
<Cov CovItemId="S95" Value="26"/>
<Cov CovItemId="S96" Value="86"/>
<Cov CovItemId="S97" Value="86"/>
<Cov CovItemId="S98" Value="14"/>
<Cov CovItemId="S99" Value="72"/>
</CovPrefix>
</CovList>
<AssgnmntList>
<AssgnmntPrefix RootTermCovItemPrefix="com.aconex.coding.challenge.NumberToAlphaConverter.java">
<AssgnmntListEntry Length="1" RootTermCovItemId="C1">
<MapEntry BoolAssgnmnt="0" Value="28"/>
<MapEntry BoolAssgnmnt="1" Value="136"/>
</AssgnmntListEntry>
<AssgnmntListEntry Length="1" RootTermCovItemId="C11">
<MapEntry BoolAssgnmnt="0" Value="72"/>
<MapEntry BoolAssgnmnt="1" Value="124"/>
</AssgnmntListEntry>
<AssgnmntListEntry Length="1" RootTermCovItemId="C12">
<MapEntry BoolAssgnmnt="0" Value="54"/>
<MapEntry BoolAssgnmnt="1" Value="70"/>
</AssgnmntListEntry>
<AssgnmntListEntry Length="1" RootTermCovItemId="C13">
<MapEntry BoolAssgnmnt="0" Value="50"/>
<MapEntry BoolAssgnmnt="1" Value="20"/>
</AssgnmntListEntry>
<AssgnmntListEntry Length="1" RootTermCovItemId="C14">
<MapEntry BoolAssgnmnt="0" Value="54"/>
</AssgnmntListEntry>
<AssgnmntListEntry Length="1" RootTermCovItemId="C16">
<MapEntry BoolAssgnmnt="0" Value="20"/>
<MapEntry BoolAssgnmnt="1" Value="2"/>
</AssgnmntListEntry>
<AssgnmntListEntry Length="2" RootTermCovItemId="C17">
<MapEntry BoolAssgnmnt="01" Value="2"/>
</AssgnmntListEntry>
<AssgnmntListEntry Length="1" RootTermCovItemId="C18">
<MapEntry BoolAssgnmnt="0" Value="2"/>
<MapEntry BoolAssgnmnt="1" Value="18"/>
</AssgnmntListEntry>
<AssgnmntListEntry Length="1" RootTermCovItemId="C19">
<MapEntry BoolAssgnmnt="0" Value="72"/>
<MapEntry BoolAssgnmnt="1" Value="14"/>
</AssgnmntListEntry>
<AssgnmntListEntry Length="2" RootTermCovItemId="C2">
<MapEntry BoolAssgnmnt="10" Value="96"/>
<MapEntry BoolAssgnmnt="02" Value="8"/>
<MapEntry BoolAssgnmnt="11" Value="32"/>
</AssgnmntListEntry>
<AssgnmntListEntry Length="5" RootTermCovItemId="C20">
<MapEntry BoolAssgnmnt="02111" Value="2"/>
<MapEntry BoolAssgnmnt="02022" Value="64"/>
<MapEntry BoolAssgnmnt="11222" Value="6"/>
</AssgnmntListEntry>
<AssgnmntListEntry Length="3" RootTermCovItemId="C21">
<MapEntry BoolAssgnmnt="102" Value="6"/>
<MapEntry BoolAssgnmnt="111" Value="2"/>
</AssgnmntListEntry>
<AssgnmntListEntry Length="2" RootTermCovItemId="C22">
<MapEntry BoolAssgnmnt="11" Value="2"/>
</AssgnmntListEntry>
<AssgnmntListEntry Length="1" RootTermCovItemId="C23">
<MapEntry BoolAssgnmnt="0" Value="2"/>
<MapEntry BoolAssgnmnt="1" Value="6"/>
</AssgnmntListEntry>
<AssgnmntListEntry Length="1" RootTermCovItemId="C24">
<MapEntry BoolAssgnmnt="0" Value="52"/>
<MapEntry BoolAssgnmnt="1" Value="20"/>
</AssgnmntListEntry>
<AssgnmntListEntry Length="3" RootTermCovItemId="C25">
<MapEntry BoolAssgnmnt="110" Value="8"/>
<MapEntry BoolAssgnmnt="111" Value="12"/>
</AssgnmntListEntry>
<AssgnmntListEntry Length="1" RootTermCovItemId="C26">
<MapEntry BoolAssgnmnt="1" Value="12"/>
</AssgnmntListEntry>
<AssgnmntListEntry Length="1" RootTermCovItemId="C27">
<MapEntry BoolAssgnmnt="1" Value="2"/>
</AssgnmntListEntry>
<AssgnmntListEntry Length="1" RootTermCovItemId="C28">
<MapEntry BoolAssgnmnt="1" Value="22"/>
</AssgnmntListEntry>
<AssgnmntListEntry Length="1" RootTermCovItemId="C29">
<MapEntry BoolAssgnmnt="1" Value="22"/>
</AssgnmntListEntry>
<AssgnmntListEntry Length="1" RootTermCovItemId="C3">
<MapEntry BoolAssgnmnt="0" Value="96"/>
<MapEntry BoolAssgnmnt="1" Value="8"/>
</AssgnmntListEntry>
<AssgnmntListEntry Length="1" RootTermCovItemId="C30">
<MapEntry BoolAssgnmnt="0" Value="20"/>
<MapEntry BoolAssgnmnt="1" Value="2"/>
</AssgnmntListEntry>
<AssgnmntListEntry Length="2" RootTermCovItemId="C4">
<MapEntry BoolAssgnmnt="10" Value="12"/>
<MapEntry BoolAssgnmnt="11" Value="8"/>
</AssgnmntListEntry>
<AssgnmntListEntry Length="2" RootTermCovItemId="C5">
<MapEntry BoolAssgnmnt="10" Value="12"/>
</AssgnmntListEntry>
<AssgnmntListEntry Length="2" RootTermCovItemId="C6">
<MapEntry BoolAssgnmnt="10" Value="12"/>
</AssgnmntListEntry>
<AssgnmntListEntry Length="2" RootTermCovItemId="C7">
<MapEntry BoolAssgnmnt="11" Value="12"/>
</AssgnmntListEntry>
</AssgnmntPrefix>
</AssgnmntList>
<ObjMetaDataList/>
<MetaDataList/>
</TestCase>
<TestCase Comment="" Date="1421690044092" Name="com.aconex.test.TestAconex:testsSingleStringResultWithMultipleDictionaryWord">
<CovList>
<CovPrefix CovItemPrefix="com.aconex.coding.challenge.NumberToAlphaConverter.java">
<Cov CovItemId="B1" Value="5"/>
<Cov CovItemId="B10" Value="11"/>
<Cov CovItemId="B11" Value="2"/>
<Cov CovItemId="B12" Value="9"/>
<Cov CovItemId="B13" Value="2"/>
<Cov CovItemId="B14" Value="7"/>
<Cov CovItemId="B15" Value="7"/>
<Cov CovItemId="B19" Value="43"/>
<Cov CovItemId="B2" Value="94"/>
<Cov CovItemId="B20" Value="36"/>
<Cov CovItemId="B21" Value="15"/>
<Cov CovItemId="B22" Value="28"/>
<Cov CovItemId="B24" Value="36"/>
<Cov CovItemId="B27" Value="1"/>
<Cov CovItemId="B28" Value="11"/>
<Cov CovItemId="B29" Value="1"/>
<Cov CovItemId="B3" Value="8"/>
<Cov CovItemId="B31" Value="10"/>
<Cov CovItemId="B32" Value="1"/>
<Cov CovItemId="B33" Value="12"/>
<Cov CovItemId="B34" Value="46"/>
<Cov CovItemId="B35" Value="2"/>
<Cov CovItemId="B36" Value="44"/>
<Cov CovItemId="B37" Value="2"/>
<Cov CovItemId="B4" Value="86"/>
<Cov CovItemId="B40" Value="2"/>
<Cov CovItemId="B41" Value="2"/>
<Cov CovItemId="B43" Value="15"/>
<Cov CovItemId="B44" Value="31"/>
<Cov CovItemId="B45" Value="7"/>
<Cov CovItemId="B46" Value="8"/>
<Cov CovItemId="B47" Value="7"/>
<Cov CovItemId="B49" Value="1"/>
<Cov CovItemId="B5" Value="4"/>
<Cov CovItemId="B51" Value="1"/>
<Cov CovItemId="B52" Value="12"/>
<Cov CovItemId="B55" Value="12"/>
<Cov CovItemId="B6" Value="11"/>
<Cov CovItemId="B8" Value="11"/>
<Cov CovItemId="L1-1" Value="4"/>
<Cov CovItemId="L1-2" Value="15"/>
<Cov CovItemId="L2-0" Value="3"/>
<Cov CovItemId="L2-1" Value="27"/>
<Cov CovItemId="L2-2" Value="16"/>
<Cov CovItemId="L3-1" Value="1"/>
<Cov CovItemId="L4-1" Value="6"/>
<Cov CovItemId="L4-2" Value="4"/>
<Cov CovItemId="L5-2" Value="18"/>
<Cov CovItemId="L6-1" Value="15"/>
<Cov CovItemId="L7-2" Value="1"/>
<Cov CovItemId="L8-2" Value="1"/>
<Cov CovItemId="S100" Value="2"/>
<Cov CovItemId="S101" Value="2"/>
<Cov CovItemId="S102" Value="2"/>
<Cov CovItemId="S103" Value="2"/>
<Cov CovItemId="S105" Value="2"/>
<Cov CovItemId="S106" Value="2"/>
<Cov CovItemId="S107" Value="46"/>
<Cov CovItemId="S108" Value="46"/>
<Cov CovItemId="S109" Value="15"/>
<Cov CovItemId="S110" Value="15"/>
<Cov CovItemId="S111" Value="15"/>
<Cov CovItemId="S112" Value="7"/>
<Cov CovItemId="S113" Value="7"/>
<Cov CovItemId="S115" Value="1"/>
<Cov CovItemId="S116" Value="1"/>
<Cov CovItemId="S117" Value="4"/>
<Cov CovItemId="S118" Value="12"/>
<Cov CovItemId="S119" Value="1"/>
<Cov CovItemId="S120" Value="1"/>
<Cov CovItemId="S121" Value="1"/>
<Cov CovItemId="S122" Value="12"/>
<Cov CovItemId="S123" Value="12"/>
<Cov CovItemId="S124" Value="12"/>
<Cov CovItemId="S125" Value="12"/>
<Cov CovItemId="S126" Value="12"/>
<Cov CovItemId="S129" Value="1"/>
<Cov CovItemId="S47" Value="19"/>
<Cov CovItemId="S48" Value="19"/>
<Cov CovItemId="S49" Value="19"/>
<Cov CovItemId="S50" Value="19"/>
<Cov CovItemId="S51" Value="99"/>
<Cov CovItemId="S52" Value="99"/>
<Cov CovItemId="S53" Value="5"/>
<Cov CovItemId="S54" Value="94"/>
<Cov CovItemId="S55" Value="8"/>
<Cov CovItemId="S56" Value="19"/>
<Cov CovItemId="S57" Value="15"/>
<Cov CovItemId="S58" Value="4"/>
<Cov CovItemId="S59" Value="11"/>
<Cov CovItemId="S61" Value="11"/>
<Cov CovItemId="S63" Value="11"/>
<Cov CovItemId="S64" Value="2"/>
<Cov CovItemId="S65" Value="9"/>
<Cov CovItemId="S66" Value="2"/>
<Cov CovItemId="S67" Value="7"/>
<Cov CovItemId="S68" Value="7"/>
<Cov CovItemId="S72" Value="46"/>
<Cov CovItemId="S73" Value="46"/>
<Cov CovItemId="S74" Value="79"/>
<Cov CovItemId="S75" Value="43"/>
<Cov CovItemId="S76" Value="43"/>
<Cov CovItemId="S77" Value="15"/>
<Cov CovItemId="S78" Value="36"/>
<Cov CovItemId="S79" Value="36"/>
<Cov CovItemId="S83" Value="46"/>
<Cov CovItemId="S84" Value="12"/>
<Cov CovItemId="S85" Value="12"/>
<Cov CovItemId="S86" Value="1"/>
<Cov CovItemId="S87" Value="1"/>
<Cov CovItemId="S88" Value="1"/>
<Cov CovItemId="S89" Value="1"/>
<Cov CovItemId="S90" Value="1"/>
<Cov CovItemId="S91" Value="11"/>
<Cov CovItemId="S92" Value="10"/>
<Cov CovItemId="S93" Value="18"/>
<Cov CovItemId="S94" Value="18"/>
<Cov CovItemId="S95" Value="18"/>
<Cov CovItemId="S96" Value="58"/>
<Cov CovItemId="S97" Value="58"/>
<Cov CovItemId="S98" Value="12"/>
<Cov CovItemId="S99" Value="46"/>
</CovPrefix>
</CovList>
<AssgnmntList>
<AssgnmntPrefix RootTermCovItemPrefix="com.aconex.coding.challenge.NumberToAlphaConverter.java">
<AssgnmntListEntry Length="1" RootTermCovItemId="C1">
<MapEntry BoolAssgnmnt="0" Value="19"/>
<MapEntry BoolAssgnmnt="1" Value="99"/>
</AssgnmntListEntry>
<AssgnmntListEntry Length="1" RootTermCovItemId="C11">
<MapEntry BoolAssgnmnt="0" Value="46"/>
<MapEntry BoolAssgnmnt="1" Value="79"/>
</AssgnmntListEntry>
<AssgnmntListEntry Length="1" RootTermCovItemId="C12">
<MapEntry BoolAssgnmnt="0" Value="36"/>
<MapEntry BoolAssgnmnt="1" Value="43"/>
</AssgnmntListEntry>
<AssgnmntListEntry Length="1" RootTermCovItemId="C13">
<MapEntry BoolAssgnmnt="0" Value="28"/>
<MapEntry BoolAssgnmnt="1" Value="15"/>
</AssgnmntListEntry>
<AssgnmntListEntry Length="1" RootTermCovItemId="C14">
<MapEntry BoolAssgnmnt="0" Value="36"/>
</AssgnmntListEntry>
<AssgnmntListEntry Length="1" RootTermCovItemId="C16">
<MapEntry BoolAssgnmnt="0" Value="11"/>
<MapEntry BoolAssgnmnt="1" Value="1"/>
</AssgnmntListEntry>
<AssgnmntListEntry Length="2" RootTermCovItemId="C17">
<MapEntry BoolAssgnmnt="12" Value="1"/>
</AssgnmntListEntry>
<AssgnmntListEntry Length="1" RootTermCovItemId="C18">
<MapEntry BoolAssgnmnt="0" Value="1"/>
<MapEntry BoolAssgnmnt="1" Value="10"/>
</AssgnmntListEntry>
<AssgnmntListEntry Length="1" RootTermCovItemId="C19">
<MapEntry BoolAssgnmnt="0" Value="46"/>
<MapEntry BoolAssgnmnt="1" Value="12"/>
</AssgnmntListEntry>
<AssgnmntListEntry Length="2" RootTermCovItemId="C2">
<MapEntry BoolAssgnmnt="10" Value="86"/>
<MapEntry BoolAssgnmnt="02" Value="8"/>
<MapEntry BoolAssgnmnt="11" Value="5"/>
</AssgnmntListEntry>
<AssgnmntListEntry Length="5" RootTermCovItemId="C20">
<MapEntry BoolAssgnmnt="02111" Value="2"/>
<MapEntry BoolAssgnmnt="02022" Value="43"/>
<MapEntry BoolAssgnmnt="02110" Value="1"/>
</AssgnmntListEntry>
<AssgnmntListEntry Length="3" RootTermCovItemId="C21">
<MapEntry BoolAssgnmnt="111" Value="2"/>
</AssgnmntListEntry>
<AssgnmntListEntry Length="2" RootTermCovItemId="C22">
<MapEntry BoolAssgnmnt="10" Value="2"/>
</AssgnmntListEntry>
<AssgnmntListEntry Length="1" RootTermCovItemId="C23">
<MapEntry BoolAssgnmnt="1" Value="2"/>
</AssgnmntListEntry>
<AssgnmntListEntry Length="1" RootTermCovItemId="C24">
<MapEntry BoolAssgnmnt="0" Value="31"/>
<MapEntry BoolAssgnmnt="1" Value="15"/>
</AssgnmntListEntry>
<AssgnmntListEntry Length="3" RootTermCovItemId="C25">
<MapEntry BoolAssgnmnt="110" Value="8"/>
<MapEntry BoolAssgnmnt="111" Value="7"/>
</AssgnmntListEntry>
<AssgnmntListEntry Length="1" RootTermCovItemId="C26">
<MapEntry BoolAssgnmnt="1" Value="7"/>
</AssgnmntListEntry>
<AssgnmntListEntry Length="1" RootTermCovItemId="C27">
<MapEntry BoolAssgnmnt="1" Value="1"/>
</AssgnmntListEntry>
<AssgnmntListEntry Length="1" RootTermCovItemId="C28">
<MapEntry BoolAssgnmnt="0" Value="1"/>
<MapEntry BoolAssgnmnt="1" Value="12"/>
</AssgnmntListEntry>
<AssgnmntListEntry Length="1" RootTermCovItemId="C29">
<MapEntry BoolAssgnmnt="1" Value="12"/>
</AssgnmntListEntry>
<AssgnmntListEntry Length="1" RootTermCovItemId="C3">
<MapEntry BoolAssgnmnt="0" Value="86"/>
<MapEntry BoolAssgnmnt="1" Value="8"/>
</AssgnmntListEntry>
<AssgnmntListEntry Length="1" RootTermCovItemId="C30">
<MapEntry BoolAssgnmnt="0" Value="12"/>
</AssgnmntListEntry>
<AssgnmntListEntry Length="2" RootTermCovItemId="C4">
<MapEntry BoolAssgnmnt="10" Value="11"/>
<MapEntry BoolAssgnmnt="11" Value="4"/>
</AssgnmntListEntry>
<AssgnmntListEntry Length="2" RootTermCovItemId="C5">
<MapEntry BoolAssgnmnt="10" Value="11"/>
</AssgnmntListEntry>
<AssgnmntListEntry Length="2" RootTermCovItemId="C6">
<MapEntry BoolAssgnmnt="10" Value="11"/>
</AssgnmntListEntry>
<AssgnmntListEntry Length="2" RootTermCovItemId="C7">
<MapEntry BoolAssgnmnt="10" Value="9"/>
<MapEntry BoolAssgnmnt="11" Value="2"/>
</AssgnmntListEntry>
<AssgnmntListEntry Length="2" RootTermCovItemId="C8">
<MapEntry BoolAssgnmnt="10" Value="7"/>
<MapEntry BoolAssgnmnt="11" Value="2"/>
</AssgnmntListEntry>
<AssgnmntListEntry Length="2" RootTermCovItemId="C9">
<MapEntry BoolAssgnmnt="11" Value="7"/>
</AssgnmntListEntry>
</AssgnmntPrefix>
</AssgnmntList>
<ObjMetaDataList/>
<MetaDataList/>
</TestCase>
<TestCase Comment="" Date="1421690044096" Name="com.aconex.test.TestAconex:testsSingleStringResultWithMultipleDictionaryWordAndSingleNumbersAtLeftEnd">
<CovList>
<CovPrefix CovItemPrefix="com.aconex.coding.challenge.NumberToAlphaConverter.java">
<Cov CovItemId="B1" Value="17"/>
<Cov CovItemId="B10" Value="12"/>
<Cov CovItemId="B11" Value="6"/>
<Cov CovItemId="B12" Value="6"/>
<Cov CovItemId="B13" Value="4"/>
<Cov CovItemId="B14" Value="2"/>
<Cov CovItemId="B15" Value="2"/>
<Cov CovItemId="B19" Value="36"/>
<Cov CovItemId="B2" Value="79"/>
<Cov CovItemId="B20" Value="24"/>
<Cov CovItemId="B21" Value="14"/>
<Cov CovItemId="B22" Value="22"/>
<Cov CovItemId="B24" Value="24"/>
<Cov CovItemId="B27" Value="1"/>
<Cov CovItemId="B28" Value="11"/>
<Cov CovItemId="B29" Value="1"/>
<Cov CovItemId="B3" Value="8"/>
<Cov CovItemId="B31" Value="10"/>
<Cov CovItemId="B32" Value="1"/>
<Cov CovItemId="B33" Value="11"/>
<Cov CovItemId="B34" Value="40"/>
<Cov CovItemId="B35" Value="3"/>
<Cov CovItemId="B36" Value="37"/>
<Cov CovItemId="B37" Value="3"/>
<Cov CovItemId="B4" Value="71"/>
<Cov CovItemId="B40" Value="3"/>
<Cov CovItemId="B41" Value="3"/>
<Cov CovItemId="B43" Value="14"/>
<Cov CovItemId="B44" Value="26"/>
<Cov CovItemId="B45" Value="6"/>
<Cov CovItemId="B46" Value="8"/>
<Cov CovItemId="B47" Value="6"/>
<Cov CovItemId="B49" Value="1"/>
<Cov CovItemId="B5" Value="2"/>
<Cov CovItemId="B51" Value="1"/>
<Cov CovItemId="B52" Value="12"/>
<Cov CovItemId="B55" Value="12"/>
<Cov CovItemId="B6" Value="12"/>
<Cov CovItemId="B8" Value="12"/>
<Cov CovItemId="L1-1" Value="3"/>
<Cov CovItemId="L1-2" Value="14"/>
<Cov CovItemId="L2-0" Value="4"/>
<Cov CovItemId="L2-1" Value="24"/>
<Cov CovItemId="L2-2" Value="12"/>
<Cov CovItemId="L3-1" Value="1"/>
<Cov CovItemId="L4-1" Value="6"/>
<Cov CovItemId="L4-2" Value="4"/>
<Cov CovItemId="L5-2" Value="16"/>
<Cov CovItemId="L6-1" Value="14"/>
<Cov CovItemId="L7-2" Value="1"/>
<Cov CovItemId="L8-2" Value="1"/>
<Cov CovItemId="S100" Value="3"/>
<Cov CovItemId="S101" Value="3"/>
<Cov CovItemId="S102" Value="3"/>
<Cov CovItemId="S103" Value="3"/>
<Cov CovItemId="S105" Value="3"/>
<Cov CovItemId="S106" Value="3"/>
<Cov CovItemId="S107" Value="40"/>
<Cov CovItemId="S108" Value="40"/>
<Cov CovItemId="S109" Value="14"/>
<Cov CovItemId="S110" Value="14"/>
<Cov CovItemId="S111" Value="14"/>
<Cov CovItemId="S112" Value="6"/>
<Cov CovItemId="S113" Value="6"/>
<Cov CovItemId="S115" Value="1"/>
<Cov CovItemId="S116" Value="1"/>
<Cov CovItemId="S117" Value="3"/>
<Cov CovItemId="S118" Value="12"/>
<Cov CovItemId="S119" Value="1"/>
<Cov CovItemId="S120" Value="1"/>
<Cov CovItemId="S121" Value="1"/>
<Cov CovItemId="S122" Value="12"/>
<Cov CovItemId="S123" Value="12"/>
<Cov CovItemId="S124" Value="12"/>
<Cov CovItemId="S125" Value="12"/>
<Cov CovItemId="S126" Value="12"/>
<Cov CovItemId="S129" Value="1"/>
<Cov CovItemId="S47" Value="17"/>
<Cov CovItemId="S48" Value="17"/>
<Cov CovItemId="S49" Value="17"/>
<Cov CovItemId="S50" Value="17"/>
<Cov CovItemId="S51" Value="96"/>
<Cov CovItemId="S52" Value="96"/>
<Cov CovItemId="S53" Value="17"/>
<Cov CovItemId="S54" Value="79"/>
<Cov CovItemId="S55" Value="8"/>
<Cov CovItemId="S56" Value="17"/>
<Cov CovItemId="S57" Value="14"/>
<Cov CovItemId="S58" Value="2"/>
<Cov CovItemId="S59" Value="12"/>
<Cov CovItemId="S61" Value="12"/>
<Cov CovItemId="S63" Value="12"/>
<Cov CovItemId="S64" Value="6"/>
<Cov CovItemId="S65" Value="6"/>
<Cov CovItemId="S66" Value="4"/>
<Cov CovItemId="S67" Value="2"/>
<Cov CovItemId="S68" Value="2"/>
<Cov CovItemId="S72" Value="40"/>
<Cov CovItemId="S73" Value="40"/>
<Cov CovItemId="S74" Value="60"/>
<Cov CovItemId="S75" Value="36"/>
<Cov CovItemId="S76" Value="36"/>
<Cov CovItemId="S77" Value="14"/>
<Cov CovItemId="S78" Value="24"/>
<Cov CovItemId="S79" Value="24"/>
<Cov CovItemId="S83" Value="40"/>
<Cov CovItemId="S84" Value="12"/>
<Cov CovItemId="S85" Value="12"/>
<Cov CovItemId="S86" Value="1"/>
<Cov CovItemId="S87" Value="1"/>
<Cov CovItemId="S88" Value="1"/>
<Cov CovItemId="S89" Value="1"/>
<Cov CovItemId="S90" Value="1"/>
<Cov CovItemId="S91" Value="11"/>
<Cov CovItemId="S92" Value="10"/>
<Cov CovItemId="S93" Value="16"/>
<Cov CovItemId="S94" Value="16"/>
<Cov CovItemId="S95" Value="16"/>
<Cov CovItemId="S96" Value="51"/>
<Cov CovItemId="S97" Value="51"/>
<Cov CovItemId="S98" Value="11"/>
<Cov CovItemId="S99" Value="40"/>
</CovPrefix>
</CovList>
<AssgnmntList>
<AssgnmntPrefix RootTermCovItemPrefix="com.aconex.coding.challenge.NumberToAlphaConverter.java">
<AssgnmntListEntry Length="1" RootTermCovItemId="C1">
<MapEntry BoolAssgnmnt="0" Value="17"/>
<MapEntry BoolAssgnmnt="1" Value="96"/>
</AssgnmntListEntry>
<AssgnmntListEntry Length="1" RootTermCovItemId="C11">
<MapEntry BoolAssgnmnt="0" Value="40"/>
<MapEntry BoolAssgnmnt="1" Value="60"/>
</AssgnmntListEntry>
<AssgnmntListEntry Length="1" RootTermCovItemId="C12">
<MapEntry BoolAssgnmnt="0" Value="24"/>
<MapEntry BoolAssgnmnt="1" Value="36"/>
</AssgnmntListEntry>
<AssgnmntListEntry Length="1" RootTermCovItemId="C13">
<MapEntry BoolAssgnmnt="0" Value="22"/>
<MapEntry BoolAssgnmnt="1" Value="14"/>
</AssgnmntListEntry>
<AssgnmntListEntry Length="1" RootTermCovItemId="C14">
<MapEntry BoolAssgnmnt="0" Value="24"/>
</AssgnmntListEntry>
<AssgnmntListEntry Length="1" RootTermCovItemId="C16">
<MapEntry BoolAssgnmnt="0" Value="11"/>
<MapEntry BoolAssgnmnt="1" Value="1"/>
</AssgnmntListEntry>
<AssgnmntListEntry Length="2" RootTermCovItemId="C17">
<MapEntry BoolAssgnmnt="12" Value="1"/>
</AssgnmntListEntry>
<AssgnmntListEntry Length="1" RootTermCovItemId="C18">
<MapEntry BoolAssgnmnt="0" Value="1"/>
<MapEntry BoolAssgnmnt="1" Value="10"/>
</AssgnmntListEntry>
<AssgnmntListEntry Length="1" RootTermCovItemId="C19">
<MapEntry BoolAssgnmnt="0" Value="40"/>
<MapEntry BoolAssgnmnt="1" Value="11"/>
</AssgnmntListEntry>
<AssgnmntListEntry Length="2" RootTermCovItemId="C2">
<MapEntry BoolAssgnmnt="10" Value="71"/>
<MapEntry BoolAssgnmnt="02" Value="8"/>
<MapEntry BoolAssgnmnt="11" Value="17"/>
</AssgnmntListEntry>
<AssgnmntListEntry Length="5" RootTermCovItemId="C20">
<MapEntry BoolAssgnmnt="02111" Value="3"/>
<MapEntry BoolAssgnmnt="02022" Value="36"/>
<MapEntry BoolAssgnmnt="02110" Value="1"/>
</AssgnmntListEntry>
<AssgnmntListEntry Length="3" RootTermCovItemId="C21">
<MapEntry BoolAssgnmnt="111" Value="3"/>
</AssgnmntListEntry>
<AssgnmntListEntry Length="2" RootTermCovItemId="C22">
<MapEntry BoolAssgnmnt="10" Value="3"/>
</AssgnmntListEntry>
<AssgnmntListEntry Length="1" RootTermCovItemId="C23">
<MapEntry BoolAssgnmnt="1" Value="3"/>
</AssgnmntListEntry>
<AssgnmntListEntry Length="1" RootTermCovItemId="C24">
<MapEntry BoolAssgnmnt="0" Value="26"/>
<MapEntry BoolAssgnmnt="1" Value="14"/>
</AssgnmntListEntry>
<AssgnmntListEntry Length="3" RootTermCovItemId="C25">
<MapEntry BoolAssgnmnt="110" Value="8"/>
<MapEntry BoolAssgnmnt="111" Value="6"/>
</AssgnmntListEntry>
<AssgnmntListEntry Length="1" RootTermCovItemId="C26">
<MapEntry BoolAssgnmnt="1" Value="6"/>
</AssgnmntListEntry>
<AssgnmntListEntry Length="1" RootTermCovItemId="C27">
<MapEntry BoolAssgnmnt="1" Value="1"/>
</AssgnmntListEntry>
<AssgnmntListEntry Length="1" RootTermCovItemId="C28">
<MapEntry BoolAssgnmnt="0" Value="1"/>
<MapEntry BoolAssgnmnt="1" Value="12"/>
</AssgnmntListEntry>
<AssgnmntListEntry Length="1" RootTermCovItemId="C29">
<MapEntry BoolAssgnmnt="1" Value="12"/>
</AssgnmntListEntry>
<AssgnmntListEntry Length="1" RootTermCovItemId="C3">
<MapEntry BoolAssgnmnt="0" Value="71"/>
<MapEntry BoolAssgnmnt="1" Value="8"/>
</AssgnmntListEntry>
<AssgnmntListEntry Length="1" RootTermCovItemId="C30">
<MapEntry BoolAssgnmnt="0" Value="12"/>
</AssgnmntListEntry>
<AssgnmntListEntry Length="2" RootTermCovItemId="C4">
<MapEntry BoolAssgnmnt="10" Value="12"/>
<MapEntry BoolAssgnmnt="11" Value="2"/>
</AssgnmntListEntry>
<AssgnmntListEntry Length="2" RootTermCovItemId="C5">
<MapEntry BoolAssgnmnt="10" Value="12"/>
</AssgnmntListEntry>
<AssgnmntListEntry Length="2" RootTermCovItemId="C6">
<MapEntry BoolAssgnmnt="10" Value="12"/>
</AssgnmntListEntry>
<AssgnmntListEntry Length="2" RootTermCovItemId="C7">
<MapEntry BoolAssgnmnt="10" Value="6"/>
<MapEntry BoolAssgnmnt="11" Value="6"/>
</AssgnmntListEntry>
<AssgnmntListEntry Length="2" RootTermCovItemId="C8">
<MapEntry BoolAssgnmnt="10" Value="2"/>
<MapEntry BoolAssgnmnt="11" Value="4"/>
</AssgnmntListEntry>
<AssgnmntListEntry Length="2" RootTermCovItemId="C9">
<MapEntry BoolAssgnmnt="11" Value="2"/>
</AssgnmntListEntry>
</AssgnmntPrefix>
</AssgnmntList>
<ObjMetaDataList/>
<MetaDataList/>
</TestCase>
<TestCase Comment="" Date="1421690044104" Name="com.aconex.test.TestAconex:testPhoneNumberForAmbiguity">
<CovList>
<CovPrefix CovItemPrefix="com.aconex.coding.challenge.NumberToAlphaConverter.java">
<Cov CovItemId="B1" Value="4"/>
<Cov CovItemId="B10" Value="3"/>
<Cov CovItemId="B12" Value="3"/>
<Cov CovItemId="B13" Value="3"/>
<Cov CovItemId="B19" Value="28"/>
<Cov CovItemId="B2" Value="36"/>
<Cov CovItemId="B20" Value="34"/>
<Cov CovItemId="B21" Value="6"/>
<Cov CovItemId="B22" Value="22"/>
<Cov CovItemId="B23" Value="6"/>
<Cov CovItemId="B24" Value="28"/>
<Cov CovItemId="B26" Value="6"/>
<Cov CovItemId="B28" Value="7"/>
<Cov CovItemId="B31" Value="6"/>
<Cov CovItemId="B32" Value="1"/>
<Cov CovItemId="B33" Value="8"/>
<Cov CovItemId="B34" Value="30"/>
<Cov CovItemId="B35" Value="5"/>
<Cov CovItemId="B36" Value="25"/>
<Cov CovItemId="B38" Value="5"/>
<Cov CovItemId="B4" Value="36"/>
<Cov CovItemId="B41" Value="5"/>
<Cov CovItemId="B43" Value="6"/>
<Cov CovItemId="B44" Value="24"/>
<Cov CovItemId="B45" Value="3"/>
<Cov CovItemId="B46" Value="3"/>
<Cov CovItemId="B47" Value="3"/>
<Cov CovItemId="B49" Value="1"/>
<Cov CovItemId="B51" Value="1"/>
<Cov CovItemId="B52" Value="7"/>
<Cov CovItemId="B55" Value="7"/>
<Cov CovItemId="B6" Value="6"/>
<Cov CovItemId="B8" Value="6"/>
<Cov CovItemId="B9" Value="3"/>
<Cov CovItemId="L1-1" Value="3"/>
<Cov CovItemId="L1-2" Value="9"/>
<Cov CovItemId="L2-0" Value="2"/>
<Cov CovItemId="L2-1" Value="14"/>
<Cov CovItemId="L2-2" Value="14"/>
<Cov CovItemId="L4-1" Value="1"/>
<Cov CovItemId="L4-2" Value="5"/>
<Cov CovItemId="L5-2" Value="12"/>
<Cov CovItemId="L6-1" Value="6"/>
<Cov CovItemId="L7-2" Value="1"/>
<Cov CovItemId="L8-2" Value="1"/>
<Cov CovItemId="S100" Value="5"/>
<Cov CovItemId="S101" Value="5"/>
<Cov CovItemId="S105" Value="5"/>
<Cov CovItemId="S106" Value="5"/>
<Cov CovItemId="S107" Value="30"/>
<Cov CovItemId="S108" Value="30"/>
<Cov CovItemId="S109" Value="6"/>
<Cov CovItemId="S110" Value="6"/>
<Cov CovItemId="S111" Value="6"/>
<Cov CovItemId="S112" Value="3"/>
<Cov CovItemId="S113" Value="3"/>
<Cov CovItemId="S115" Value="1"/>
<Cov CovItemId="S116" Value="1"/>
<Cov CovItemId="S117" Value="3"/>
<Cov CovItemId="S118" Value="7"/>
<Cov CovItemId="S119" Value="1"/>
<Cov CovItemId="S120" Value="1"/>
<Cov CovItemId="S121" Value="1"/>
<Cov CovItemId="S122" Value="7"/>
<Cov CovItemId="S123" Value="7"/>
<Cov CovItemId="S124" Value="7"/>
<Cov CovItemId="S125" Value="7"/>
<Cov CovItemId="S126" Value="7"/>
<Cov CovItemId="S129" Value="1"/>
<Cov CovItemId="S47" Value="12"/>
<Cov CovItemId="S48" Value="12"/>
<Cov CovItemId="S49" Value="12"/>
<Cov CovItemId="S50" Value="12"/>
<Cov CovItemId="S51" Value="40"/>
<Cov CovItemId="S52" Value="40"/>
<Cov CovItemId="S53" Value="4"/>
<Cov CovItemId="S54" Value="36"/>
<Cov CovItemId="S56" Value="12"/>
<Cov CovItemId="S57" Value="6"/>
<Cov CovItemId="S59" Value="6"/>
<Cov CovItemId="S61" Value="6"/>
<Cov CovItemId="S62" Value="3"/>
<Cov CovItemId="S63" Value="3"/>
<Cov CovItemId="S65" Value="3"/>
<Cov CovItemId="S66" Value="3"/>
<Cov CovItemId="S72" Value="30"/>
<Cov CovItemId="S73" Value="30"/>
<Cov CovItemId="S74" Value="62"/>
<Cov CovItemId="S75" Value="28"/>
<Cov CovItemId="S76" Value="28"/>
<Cov CovItemId="S77" Value="6"/>
<Cov CovItemId="S78" Value="34"/>
<Cov CovItemId="S79" Value="34"/>
<Cov CovItemId="S80" Value="6"/>
<Cov CovItemId="S81" Value="6"/>
<Cov CovItemId="S83" Value="30"/>
<Cov CovItemId="S84" Value="7"/>
<Cov CovItemId="S85" Value="7"/>
<Cov CovItemId="S91" Value="7"/>
<Cov CovItemId="S92" Value="6"/>
<Cov CovItemId="S93" Value="12"/>
<Cov CovItemId="S94" Value="12"/>
<Cov CovItemId="S95" Value="12"/>
<Cov CovItemId="S96" Value="38"/>
<Cov CovItemId="S97" Value="38"/>
<Cov CovItemId="S98" Value="8"/>
<Cov CovItemId="S99" Value="30"/>
</CovPrefix>
</CovList>
<AssgnmntList>
<AssgnmntPrefix RootTermCovItemPrefix="com.aconex.coding.challenge.NumberToAlphaConverter.java">
<AssgnmntListEntry Length="1" RootTermCovItemId="C1">
<MapEntry BoolAssgnmnt="0" Value="12"/>
<MapEntry BoolAssgnmnt="1" Value="40"/>
</AssgnmntListEntry>
<AssgnmntListEntry Length="1" RootTermCovItemId="C11">
<MapEntry BoolAssgnmnt="0" Value="30"/>
<MapEntry BoolAssgnmnt="1" Value="62"/>
</AssgnmntListEntry>
<AssgnmntListEntry Length="1" RootTermCovItemId="C12">
<MapEntry BoolAssgnmnt="0" Value="34"/>
<MapEntry BoolAssgnmnt="1" Value="28"/>
</AssgnmntListEntry>
<AssgnmntListEntry Length="1" RootTermCovItemId="C13">
<MapEntry BoolAssgnmnt="0" Value="22"/>
<MapEntry BoolAssgnmnt="1" Value="6"/>
</AssgnmntListEntry>
<AssgnmntListEntry Length="1" RootTermCovItemId="C14">
<MapEntry BoolAssgnmnt="0" Value="28"/>
<MapEntry BoolAssgnmnt="1" Value="6"/>
</AssgnmntListEntry>
<AssgnmntListEntry Length="1" RootTermCovItemId="C15">
<MapEntry BoolAssgnmnt="0" Value="6"/>
</AssgnmntListEntry>
<AssgnmntListEntry Length="1" RootTermCovItemId="C16">
<MapEntry BoolAssgnmnt="0" Value="7"/>
</AssgnmntListEntry>
<AssgnmntListEntry Length="1" RootTermCovItemId="C18">
<MapEntry BoolAssgnmnt="0" Value="1"/>
<MapEntry BoolAssgnmnt="1" Value="6"/>
</AssgnmntListEntry>
<AssgnmntListEntry Length="1" RootTermCovItemId="C19">
<MapEntry BoolAssgnmnt="0" Value="30"/>
<MapEntry BoolAssgnmnt="1" Value="8"/>
</AssgnmntListEntry>
<AssgnmntListEntry Length="2" RootTermCovItemId="C2">
<MapEntry BoolAssgnmnt="10" Value="36"/>
<MapEntry BoolAssgnmnt="11" Value="4"/>
</AssgnmntListEntry>
<AssgnmntListEntry Length="5" RootTermCovItemId="C20">
<MapEntry BoolAssgnmnt="02022" Value="23"/>
<MapEntry BoolAssgnmnt="02110" Value="2"/>
<MapEntry BoolAssgnmnt="11222" Value="5"/>
</AssgnmntListEntry>
<AssgnmntListEntry Length="3" RootTermCovItemId="C21">
<MapEntry BoolAssgnmnt="102" Value="3"/>
<MapEntry BoolAssgnmnt="022" Value="2"/>
</AssgnmntListEntry>
<AssgnmntListEntry Length="1" RootTermCovItemId="C23">
<MapEntry BoolAssgnmnt="1" Value="5"/>
</AssgnmntListEntry>
<AssgnmntListEntry Length="1" RootTermCovItemId="C24">
<MapEntry BoolAssgnmnt="0" Value="24"/>
<MapEntry BoolAssgnmnt="1" Value="6"/>
</AssgnmntListEntry>
<AssgnmntListEntry Length="3" RootTermCovItemId="C25">
<MapEntry BoolAssgnmnt="110" Value="3"/>
<MapEntry BoolAssgnmnt="111" Value="3"/>
</AssgnmntListEntry>
<AssgnmntListEntry Length="1" RootTermCovItemId="C26">
<MapEntry BoolAssgnmnt="1" Value="3"/>
</AssgnmntListEntry>
<AssgnmntListEntry Length="1" RootTermCovItemId="C27">
<MapEntry BoolAssgnmnt="1" Value="1"/>
</AssgnmntListEntry>
<AssgnmntListEntry Length="1" RootTermCovItemId="C28">
<MapEntry BoolAssgnmnt="0" Value="1"/>
<MapEntry BoolAssgnmnt="1" Value="7"/>
</AssgnmntListEntry>
<AssgnmntListEntry Length="1" RootTermCovItemId="C29">
<MapEntry BoolAssgnmnt="1" Value="7"/>
</AssgnmntListEntry>
<AssgnmntListEntry Length="1" RootTermCovItemId="C3">
<MapEntry BoolAssgnmnt="0" Value="36"/>
</AssgnmntListEntry>
<AssgnmntListEntry Length="1" RootTermCovItemId="C30">
<MapEntry BoolAssgnmnt="0" Value="7"/>
</AssgnmntListEntry>
<AssgnmntListEntry Length="2" RootTermCovItemId="C4">
<MapEntry BoolAssgnmnt="10" Value="6"/>
</AssgnmntListEntry>
<AssgnmntListEntry Length="2" RootTermCovItemId="C5">
<MapEntry BoolAssgnmnt="10" Value="6"/>
</AssgnmntListEntry>
<AssgnmntListEntry Length="2" RootTermCovItemId="C6">
<MapEntry BoolAssgnmnt="10" Value="3"/>
<MapEntry BoolAssgnmnt="11" Value="3"/>
</AssgnmntListEntry>
<AssgnmntListEntry Length="2" RootTermCovItemId="C7">
<MapEntry BoolAssgnmnt="10" Value="3"/>
</AssgnmntListEntry>
<AssgnmntListEntry Length="2" RootTermCovItemId="C8">
<MapEntry BoolAssgnmnt="11" Value="3"/>
</AssgnmntListEntry>
</AssgnmntPrefix>
</AssgnmntList>
<ObjMetaDataList/>
<MetaDataList/>
</TestCase>
<TestCase Comment="" Date="1421690044104" Name="com.aconex.test.TestAconex:testsSingleStringResultWithMultipleDictionaryWordAndSingleNumbersInBetween">
<CovList>
<CovPrefix CovItemPrefix="com.aconex.coding.challenge.NumberToAlphaConverter.java">
<Cov CovItemId="B1" Value="15"/>
<Cov CovItemId="B10" Value="18"/>
<Cov CovItemId="B11" Value="4"/>
<Cov CovItemId="B12" Value="14"/>
<Cov CovItemId="B14" Value="14"/>
<Cov CovItemId="B15" Value="14"/>
<Cov CovItemId="B19" Value="73"/>
<Cov CovItemId="B2" Value="155"/>
<Cov CovItemId="B20" Value="87"/>
<Cov CovItemId="B21" Value="26"/>
<Cov CovItemId="B22" Value="47"/>
<Cov CovItemId="B24" Value="87"/>
<Cov CovItemId="B27" Value="2"/>
<Cov CovItemId="B28" Value="24"/>
<Cov CovItemId="B29" Value="2"/>
<Cov CovItemId="B3" Value="11"/>
<Cov CovItemId="B31" Value="22"/>
<Cov CovItemId="B32" Value="2"/>
<Cov CovItemId="B33" Value="20"/>
<Cov CovItemId="B34" Value="80"/>
<Cov CovItemId="B35" Value="8"/>
<Cov CovItemId="B36" Value="72"/>
<Cov CovItemId="B37" Value="5"/>
<Cov CovItemId="B38" Value="3"/>
<Cov CovItemId="B39" Value="2"/>
<Cov CovItemId="B4" Value="144"/>
<Cov CovItemId="B40" Value="3"/>
<Cov CovItemId="B41" Value="6"/>
<Cov CovItemId="B42" Value="2"/>
<Cov CovItemId="B43" Value="26"/>
<Cov CovItemId="B44" Value="54"/>
<Cov CovItemId="B45" Value="14"/>
<Cov CovItemId="B46" Value="12"/>
<Cov CovItemId="B47" Value="14"/>
<Cov CovItemId="B49" Value="2"/>
<Cov CovItemId="B5" Value="8"/>
<Cov CovItemId="B51" Value="2"/>
<Cov CovItemId="B52" Value="26"/>
<Cov CovItemId="B55" Value="26"/>
<Cov CovItemId="B6" Value="18"/>
<Cov CovItemId="B8" Value="18"/>
<Cov CovItemId="L1-1" Value="8"/>
<Cov CovItemId="L1-2" Value="26"/>
<Cov CovItemId="L2-0" Value="7"/>
<Cov CovItemId="L2-1" Value="38"/>
<Cov CovItemId="L2-2" Value="35"/>
<Cov CovItemId="L3-1" Value="2"/>
<Cov CovItemId="L4-1" Value="18"/>
<Cov CovItemId="L4-2" Value="4"/>
<Cov CovItemId="L5-2" Value="32"/>
<Cov CovItemId="L6-1" Value="26"/>
<Cov CovItemId="L7-2" Value="2"/>
<Cov CovItemId="L8-2" Value="2"/>
<Cov CovItemId="S100" Value="8"/>
<Cov CovItemId="S101" Value="8"/>
<Cov CovItemId="S102" Value="5"/>
<Cov CovItemId="S103" Value="5"/>
<Cov CovItemId="S104" Value="2"/>
<Cov CovItemId="S105" Value="8"/>
<Cov CovItemId="S106" Value="6"/>
<Cov CovItemId="S107" Value="80"/>
<Cov CovItemId="S108" Value="80"/>
<Cov CovItemId="S109" Value="26"/>
<Cov CovItemId="S110" Value="26"/>
<Cov CovItemId="S111" Value="26"/>
<Cov CovItemId="S112" Value="14"/>
<Cov CovItemId="S113" Value="14"/>
<Cov CovItemId="S115" Value="2"/>
<Cov CovItemId="S116" Value="2"/>
<Cov CovItemId="S117" Value="8"/>
<Cov CovItemId="S118" Value="26"/>
<Cov CovItemId="S119" Value="2"/>
<Cov CovItemId="S120" Value="2"/>
<Cov CovItemId="S121" Value="2"/>
<Cov CovItemId="S122" Value="26"/>
<Cov CovItemId="S123" Value="26"/>
<Cov CovItemId="S124" Value="26"/>
<Cov CovItemId="S125" Value="26"/>
<Cov CovItemId="S126" Value="26"/>
<Cov CovItemId="S129" Value="2"/>
<Cov CovItemId="S47" Value="34"/>
<Cov CovItemId="S48" Value="34"/>
<Cov CovItemId="S49" Value="34"/>
<Cov CovItemId="S50" Value="34"/>
<Cov CovItemId="S51" Value="170"/>
<Cov CovItemId="S52" Value="170"/>
<Cov CovItemId="S53" Value="15"/>
<Cov CovItemId="S54" Value="155"/>
<Cov CovItemId="S55" Value="11"/>
<Cov CovItemId="S56" Value="34"/>
<Cov CovItemId="S57" Value="26"/>
<Cov CovItemId="S58" Value="8"/>
<Cov CovItemId="S59" Value="18"/>
<Cov CovItemId="S61" Value="18"/>
<Cov CovItemId="S63" Value="18"/>
<Cov CovItemId="S64" Value="4"/>
<Cov CovItemId="S65" Value="14"/>
<Cov CovItemId="S67" Value="14"/>
<Cov CovItemId="S68" Value="14"/>
<Cov CovItemId="S72" Value="80"/>
<Cov CovItemId="S73" Value="80"/>
<Cov CovItemId="S74" Value="160"/>
<Cov CovItemId="S75" Value="73"/>
<Cov CovItemId="S76" Value="73"/>
<Cov CovItemId="S77" Value="26"/>
<Cov CovItemId="S78" Value="87"/>
<Cov CovItemId="S79" Value="87"/>
<Cov CovItemId="S83" Value="80"/>
<Cov CovItemId="S84" Value="26"/>
<Cov CovItemId="S85" Value="26"/>
<Cov CovItemId="S86" Value="2"/>
<Cov CovItemId="S87" Value="2"/>
<Cov CovItemId="S88" Value="2"/>
<Cov CovItemId="S89" Value="2"/>
<Cov CovItemId="S90" Value="2"/>
<Cov CovItemId="S91" Value="24"/>
<Cov CovItemId="S92" Value="22"/>
<Cov CovItemId="S93" Value="32"/>
<Cov CovItemId="S94" Value="32"/>
<Cov CovItemId="S95" Value="32"/>
<Cov CovItemId="S96" Value="100"/>
<Cov CovItemId="S97" Value="100"/>
<Cov CovItemId="S98" Value="20"/>
<Cov CovItemId="S99" Value="80"/>
</CovPrefix>
</CovList>
<AssgnmntList>
<AssgnmntPrefix RootTermCovItemPrefix="com.aconex.coding.challenge.NumberToAlphaConverter.java">
<AssgnmntListEntry Length="1" RootTermCovItemId="C1">
<MapEntry BoolAssgnmnt="0" Value="34"/>
<MapEntry BoolAssgnmnt="1" Value="170"/>
</AssgnmntListEntry>
<AssgnmntListEntry Length="1" RootTermCovItemId="C11">
<MapEntry BoolAssgnmnt="0" Value="80"/>
<MapEntry BoolAssgnmnt="1" Value="160"/>
</AssgnmntListEntry>
<AssgnmntListEntry Length="1" RootTermCovItemId="C12">
<MapEntry BoolAssgnmnt="0" Value="87"/>
<MapEntry BoolAssgnmnt="1" Value="73"/>
</AssgnmntListEntry>
<AssgnmntListEntry Length="1" RootTermCovItemId="C13">
<MapEntry BoolAssgnmnt="0" Value="47"/>
<MapEntry BoolAssgnmnt="1" Value="26"/>
</AssgnmntListEntry>
<AssgnmntListEntry Length="1" RootTermCovItemId="C14">
<MapEntry BoolAssgnmnt="0" Value="87"/>
</AssgnmntListEntry>
<AssgnmntListEntry Length="1" RootTermCovItemId="C16">
<MapEntry BoolAssgnmnt="0" Value="24"/>
<MapEntry BoolAssgnmnt="1" Value="2"/>
</AssgnmntListEntry>
<AssgnmntListEntry Length="2" RootTermCovItemId="C17">
<MapEntry BoolAssgnmnt="01" Value="1"/>
<MapEntry BoolAssgnmnt="12" Value="1"/>
</AssgnmntListEntry>
<AssgnmntListEntry Length="1" RootTermCovItemId="C18">
<MapEntry BoolAssgnmnt="0" Value="2"/>
<MapEntry BoolAssgnmnt="1" Value="22"/>
</AssgnmntListEntry>
<AssgnmntListEntry Length="1" RootTermCovItemId="C19">
<MapEntry BoolAssgnmnt="0" Value="80"/>
<MapEntry BoolAssgnmnt="1" Value="20"/>
</AssgnmntListEntry>
<AssgnmntListEntry Length="2" RootTermCovItemId="C2">
<MapEntry BoolAssgnmnt="10" Value="144"/>
<MapEntry BoolAssgnmnt="02" Value="11"/>
<MapEntry BoolAssgnmnt="11" Value="15"/>
</AssgnmntListEntry>
<AssgnmntListEntry Length="5" RootTermCovItemId="C20">
<MapEntry BoolAssgnmnt="02111" Value="5"/>
<MapEntry BoolAssgnmnt="02022" Value="70"/>
<MapEntry BoolAssgnmnt="02110" Value="2"/>
<MapEntry BoolAssgnmnt="11222" Value="3"/>
</AssgnmntListEntry>
<AssgnmntListEntry Length="3" RootTermCovItemId="C21">
<MapEntry BoolAssgnmnt="111" Value="5"/>
<MapEntry BoolAssgnmnt="022" Value="3"/>
</AssgnmntListEntry>
<AssgnmntListEntry Length="2" RootTermCovItemId="C22">
<MapEntry BoolAssgnmnt="10" Value="3"/>
<MapEntry BoolAssgnmnt="11" Value="2"/>
</AssgnmntListEntry>
<AssgnmntListEntry Length="1" RootTermCovItemId="C23">
<MapEntry BoolAssgnmnt="0" Value="2"/>
<MapEntry BoolAssgnmnt="1" Value="6"/>
</AssgnmntListEntry>
<AssgnmntListEntry Length="1" RootTermCovItemId="C24">
<MapEntry BoolAssgnmnt="0" Value="54"/>
<MapEntry BoolAssgnmnt="1" Value="26"/>
</AssgnmntListEntry>
<AssgnmntListEntry Length="3" RootTermCovItemId="C25">
<MapEntry BoolAssgnmnt="110" Value="12"/>
<MapEntry BoolAssgnmnt="111" Value="14"/>
</AssgnmntListEntry>
<AssgnmntListEntry Length="1" RootTermCovItemId="C26">
<MapEntry BoolAssgnmnt="1" Value="14"/>
</AssgnmntListEntry>
<AssgnmntListEntry Length="1" RootTermCovItemId="C27">
<MapEntry BoolAssgnmnt="1" Value="2"/>
</AssgnmntListEntry>
<AssgnmntListEntry Length="1" RootTermCovItemId="C28">
<MapEntry BoolAssgnmnt="0" Value="2"/>
<MapEntry BoolAssgnmnt="1" Value="26"/>
</AssgnmntListEntry>
<AssgnmntListEntry Length="1" RootTermCovItemId="C29">
<MapEntry BoolAssgnmnt="1" Value="26"/>
</AssgnmntListEntry>
<AssgnmntListEntry Length="1" RootTermCovItemId="C3">
<MapEntry BoolAssgnmnt="0" Value="144"/>
<MapEntry BoolAssgnmnt="1" Value="11"/>
</AssgnmntListEntry>
<AssgnmntListEntry Length="1" RootTermCovItemId="C30">
<MapEntry BoolAssgnmnt="0" Value="26"/>
</AssgnmntListEntry>
<AssgnmntListEntry Length="2" RootTermCovItemId="C4">
<MapEntry BoolAssgnmnt="10" Value="18"/>
<MapEntry BoolAssgnmnt="11" Value="8"/>
</AssgnmntListEntry>
<AssgnmntListEntry Length="2" RootTermCovItemId="C5">
<MapEntry BoolAssgnmnt="10" Value="18"/>
</AssgnmntListEntry>
<AssgnmntListEntry Length="2" RootTermCovItemId="C6">
<MapEntry BoolAssgnmnt="10" Value="18"/>
</AssgnmntListEntry>
<AssgnmntListEntry Length="2" RootTermCovItemId="C7">
<MapEntry BoolAssgnmnt="10" Value="14"/>
<MapEntry BoolAssgnmnt="11" Value="4"/>
</AssgnmntListEntry>
<AssgnmntListEntry Length="2" RootTermCovItemId="C8">
<MapEntry BoolAssgnmnt="10" Value="14"/>
</AssgnmntListEntry>
<AssgnmntListEntry Length="2" RootTermCovItemId="C9">
<MapEntry BoolAssgnmnt="11" Value="14"/>
</AssgnmntListEntry>
</AssgnmntPrefix>
</AssgnmntList>
<ObjMetaDataList/>
<MetaDataList/>
</TestCase>
<TestCase Comment="" Date="1421690044112" Name="com.aconex.test.TestAconex:testsSingleStringResultWithMultipleDictionaryWordAndNumbersAtBothEnds">
<CovList>
<CovPrefix CovItemPrefix="com.aconex.coding.challenge.NumberToAlphaConverter.java">
<Cov CovItemId="B1" Value="18"/>
<Cov CovItemId="B10" Value="12"/>
<Cov CovItemId="B11" Value="6"/>
<Cov CovItemId="B12" Value="6"/>
<Cov CovItemId="B13" Value="4"/>
<Cov CovItemId="B14" Value="2"/>
<Cov CovItemId="B15" Value="2"/>
<Cov CovItemId="B19" Value="40"/>
<Cov CovItemId="B2" Value="90"/>
<Cov CovItemId="B20" Value="40"/>
<Cov CovItemId="B21" Value="14"/>
<Cov CovItemId="B22" Value="26"/>
<Cov CovItemId="B24" Value="40"/>
<Cov CovItemId="B27" Value="1"/>
<Cov CovItemId="B28" Value="12"/>
<Cov CovItemId="B29" Value="1"/>
<Cov CovItemId="B3" Value="9"/>
<Cov CovItemId="B31" Value="11"/>
<Cov CovItemId="B32" Value="1"/>
<Cov CovItemId="B33" Value="11"/>
<Cov CovItemId="B34" Value="44"/>
<Cov CovItemId="B35" Value="7"/>
<Cov CovItemId="B36" Value="37"/>
<Cov CovItemId="B37" Value="3"/>
<Cov CovItemId="B38" Value="4"/>
<Cov CovItemId="B4" Value="81"/>
<Cov CovItemId="B40" Value="3"/>
<Cov CovItemId="B41" Value="7"/>
<Cov CovItemId="B43" Value="14"/>
<Cov CovItemId="B44" Value="30"/>
<Cov CovItemId="B45" Value="6"/>
<Cov CovItemId="B46" Value="8"/>
<Cov CovItemId="B47" Value="6"/>
<Cov CovItemId="B49" Value="1"/>
<Cov CovItemId="B5" Value="2"/>
<Cov CovItemId="B51" Value="1"/>
<Cov CovItemId="B52" Value="13"/>
<Cov CovItemId="B55" Value="13"/>
<Cov CovItemId="B6" Value="12"/>
<Cov CovItemId="B8" Value="12"/>
<Cov CovItemId="L1-1" Value="3"/>
<Cov CovItemId="L1-2" Value="15"/>
<Cov CovItemId="L2-0" Value="4"/>
<Cov CovItemId="L2-1" Value="24"/>
<Cov CovItemId="L2-2" Value="16"/>
<Cov CovItemId="L3-1" Value="1"/>
<Cov CovItemId="L4-1" Value="7"/>
<Cov CovItemId="L4-2" Value="4"/>
<Cov CovItemId="L5-2" Value="17"/>
<Cov CovItemId="L6-1" Value="14"/>
<Cov CovItemId="L7-2" Value="1"/>
<Cov CovItemId="L8-2" Value="1"/>
<Cov CovItemId="S100" Value="7"/>
<Cov CovItemId="S101" Value="7"/>
<Cov CovItemId="S102" Value="3"/>
<Cov CovItemId="S103" Value="3"/>
<Cov CovItemId="S105" Value="7"/>
<Cov CovItemId="S106" Value="7"/>
<Cov CovItemId="S107" Value="44"/>
<Cov CovItemId="S108" Value="44"/>
<Cov CovItemId="S109" Value="14"/>
<Cov CovItemId="S110" Value="14"/>
<Cov CovItemId="S111" Value="14"/>
<Cov CovItemId="S112" Value="6"/>
<Cov CovItemId="S113" Value="6"/>
<Cov CovItemId="S115" Value="1"/>
<Cov CovItemId="S116" Value="1"/>
<Cov CovItemId="S117" Value="3"/>
<Cov CovItemId="S118" Value="13"/>
<Cov CovItemId="S119" Value="1"/>
<Cov CovItemId="S120" Value="1"/>
<Cov CovItemId="S121" Value="1"/>
<Cov CovItemId="S122" Value="13"/>
<Cov CovItemId="S123" Value="13"/>
<Cov CovItemId="S124" Value="13"/>
<Cov CovItemId="S125" Value="13"/>
<Cov CovItemId="S126" Value="13"/>
<Cov CovItemId="S129" Value="1"/>
<Cov CovItemId="S47" Value="18"/>
<Cov CovItemId="S48" Value="18"/>
<Cov CovItemId="S49" Value="18"/>
<Cov CovItemId="S50" Value="18"/>
<Cov CovItemId="S51" Value="108"/>
<Cov CovItemId="S52" Value="108"/>
<Cov CovItemId="S53" Value="18"/>
<Cov CovItemId="S54" Value="90"/>
<Cov CovItemId="S55" Value="9"/>
<Cov CovItemId="S56" Value="18"/>
<Cov CovItemId="S57" Value="14"/>
<Cov CovItemId="S58" Value="2"/>
<Cov CovItemId="S59" Value="12"/>
<Cov CovItemId="S61" Value="12"/>
<Cov CovItemId="S63" Value="12"/>
<Cov CovItemId="S64" Value="6"/>
<Cov CovItemId="S65" Value="6"/>
<Cov CovItemId="S66" Value="4"/>
<Cov CovItemId="S67" Value="2"/>
<Cov CovItemId="S68" Value="2"/>
<Cov CovItemId="S72" Value="44"/>
<Cov CovItemId="S73" Value="44"/>
<Cov CovItemId="S74" Value="80"/>
<Cov CovItemId="S75" Value="40"/>
<Cov CovItemId="S76" Value="40"/>
<Cov CovItemId="S77" Value="14"/>
<Cov CovItemId="S78" Value="40"/>
<Cov CovItemId="S79" Value="40"/>
<Cov CovItemId="S83" Value="44"/>
<Cov CovItemId="S84" Value="13"/>
<Cov CovItemId="S85" Value="13"/>
<Cov CovItemId="S86" Value="1"/>
<Cov CovItemId="S87" Value="1"/>
<Cov CovItemId="S88" Value="1"/>
<Cov CovItemId="S89" Value="1"/>
<Cov CovItemId="S90" Value="1"/>
<Cov CovItemId="S91" Value="12"/>
<Cov CovItemId="S92" Value="11"/>
<Cov CovItemId="S93" Value="17"/>
<Cov CovItemId="S94" Value="17"/>
<Cov CovItemId="S95" Value="17"/>
<Cov CovItemId="S96" Value="55"/>
<Cov CovItemId="S97" Value="55"/>
<Cov CovItemId="S98" Value="11"/>
<Cov CovItemId="S99" Value="44"/>
</CovPrefix>
</CovList>
<AssgnmntList>
<AssgnmntPrefix RootTermCovItemPrefix="com.aconex.coding.challenge.NumberToAlphaConverter.java">
<AssgnmntListEntry Length="1" RootTermCovItemId="C1">
<MapEntry BoolAssgnmnt="0" Value="18"/>
<MapEntry BoolAssgnmnt="1" Value="108"/>
</AssgnmntListEntry>
<AssgnmntListEntry Length="1" RootTermCovItemId="C11">
<MapEntry BoolAssgnmnt="0" Value="44"/>
<MapEntry BoolAssgnmnt="1" Value="80"/>
</AssgnmntListEntry>
<AssgnmntListEntry Length="1" RootTermCovItemId="C12">
<MapEntry BoolAssgnmnt="0" Value="40"/>
<MapEntry BoolAssgnmnt="1" Value="40"/>
</AssgnmntListEntry>
<AssgnmntListEntry Length="1" RootTermCovItemId="C13">
<MapEntry BoolAssgnmnt="0" Value="26"/>
<MapEntry BoolAssgnmnt="1" Value="14"/>
</AssgnmntListEntry>
<AssgnmntListEntry Length="1" RootTermCovItemId="C14">
<MapEntry BoolAssgnmnt="0" Value="40"/>
</AssgnmntListEntry>
<AssgnmntListEntry Length="1" RootTermCovItemId="C16">
<MapEntry BoolAssgnmnt="0" Value="12"/>
<MapEntry BoolAssgnmnt="1" Value="1"/>
</AssgnmntListEntry>
<AssgnmntListEntry Length="2" RootTermCovItemId="C17">
<MapEntry BoolAssgnmnt="12" Value="1"/>
</AssgnmntListEntry>
<AssgnmntListEntry Length="1" RootTermCovItemId="C18">
<MapEntry BoolAssgnmnt="0" Value="1"/>
<MapEntry BoolAssgnmnt="1" Value="11"/>
</AssgnmntListEntry>
<AssgnmntListEntry Length="1" RootTermCovItemId="C19">
<MapEntry BoolAssgnmnt="0" Value="44"/>
<MapEntry BoolAssgnmnt="1" Value="11"/>
</AssgnmntListEntry>
<AssgnmntListEntry Length="2" RootTermCovItemId="C2">
<MapEntry BoolAssgnmnt="10" Value="81"/>
<MapEntry BoolAssgnmnt="02" Value="9"/>
<MapEntry BoolAssgnmnt="11" Value="18"/>
</AssgnmntListEntry>
<AssgnmntListEntry Length="5" RootTermCovItemId="C20">
<MapEntry BoolAssgnmnt="02111" Value="3"/>
<MapEntry BoolAssgnmnt="02022" Value="36"/>
<MapEntry BoolAssgnmnt="02110" Value="1"/>
<MapEntry BoolAssgnmnt="11222" Value="4"/>
</AssgnmntListEntry>
<AssgnmntListEntry Length="3" RootTermCovItemId="C21">
<MapEntry BoolAssgnmnt="110" Value="4"/>
<MapEntry BoolAssgnmnt="111" Value="3"/>
</AssgnmntListEntry>
<AssgnmntListEntry Length="2" RootTermCovItemId="C22">
<MapEntry BoolAssgnmnt="10" Value="3"/>
</AssgnmntListEntry>
<AssgnmntListEntry Length="1" RootTermCovItemId="C23">
<MapEntry BoolAssgnmnt="1" Value="7"/>
</AssgnmntListEntry>
<AssgnmntListEntry Length="1" RootTermCovItemId="C24">
<MapEntry BoolAssgnmnt="0" Value="30"/>
<MapEntry BoolAssgnmnt="1" Value="14"/>
</AssgnmntListEntry>
<AssgnmntListEntry Length="3" RootTermCovItemId="C25">
<MapEntry BoolAssgnmnt="110" Value="8"/>
<MapEntry BoolAssgnmnt="111" Value="6"/>
</AssgnmntListEntry>
<AssgnmntListEntry Length="1" RootTermCovItemId="C26">
<MapEntry BoolAssgnmnt="1" Value="6"/>
</AssgnmntListEntry>
<AssgnmntListEntry Length="1" RootTermCovItemId="C27">
<MapEntry BoolAssgnmnt="1" Value="1"/>
</AssgnmntListEntry>
<AssgnmntListEntry Length="1" RootTermCovItemId="C28">
<MapEntry BoolAssgnmnt="0" Value="1"/>
<MapEntry BoolAssgnmnt="1" Value="13"/>
</AssgnmntListEntry>
<AssgnmntListEntry Length="1" RootTermCovItemId="C29">
<MapEntry BoolAssgnmnt="1" Value="13"/>
</AssgnmntListEntry>
<AssgnmntListEntry Length="1" RootTermCovItemId="C3">
<MapEntry BoolAssgnmnt="0" Value="81"/>
<MapEntry BoolAssgnmnt="1" Value="9"/>
</AssgnmntListEntry>
<AssgnmntListEntry Length="1" RootTermCovItemId="C30">
<MapEntry BoolAssgnmnt="0" Value="13"/>
</AssgnmntListEntry>
<AssgnmntListEntry Length="2" RootTermCovItemId="C4">
<MapEntry BoolAssgnmnt="10" Value="12"/>
<MapEntry BoolAssgnmnt="11" Value="2"/>
</AssgnmntListEntry>
<AssgnmntListEntry Length="2" RootTermCovItemId="C5">
<MapEntry BoolAssgnmnt="10" Value="12"/>
</AssgnmntListEntry>
<AssgnmntListEntry Length="2" RootTermCovItemId="C6">
<MapEntry BoolAssgnmnt="10" Value="12"/>
</AssgnmntListEntry>
<AssgnmntListEntry Length="2" RootTermCovItemId="C7">
<MapEntry BoolAssgnmnt="10" Value="6"/>
<MapEntry BoolAssgnmnt="11" Value="6"/>
</AssgnmntListEntry>
<AssgnmntListEntry Length="2" RootTermCovItemId="C8">
<MapEntry BoolAssgnmnt="10" Value="2"/>
<MapEntry BoolAssgnmnt="11" Value="4"/>
</AssgnmntListEntry>
<AssgnmntListEntry Length="2" RootTermCovItemId="C9">
<MapEntry BoolAssgnmnt="11" Value="2"/>
</AssgnmntListEntry>
</AssgnmntPrefix>
</AssgnmntList>
<ObjMetaDataList/>
<MetaDataList/>
</TestCase>
<TestCase Comment="" Date="1421690044120" Name="com.aconex.test.TestAconex:testsSingleStringResultWithMultipleDictionaryWordAndMultipleNumbersInBetween">
<CovList>
<CovPrefix CovItemPrefix="com.aconex.coding.challenge.NumberToAlphaConverter.java">
<Cov CovItemId="B1" Value="19"/>
<Cov CovItemId="B10" Value="11"/>
<Cov CovItemId="B11" Value="2"/>
<Cov CovItemId="B12" Value="9"/>
<Cov CovItemId="B14" Value="9"/>
<Cov CovItemId="B15" Value="9"/>
<Cov CovItemId="B19" Value="49"/>
<Cov CovItemId="B2" Value="159"/>
<Cov CovItemId="B20" Value="75"/>
<Cov CovItemId="B21" Value="15"/>
<Cov CovItemId="B22" Value="34"/>
<Cov CovItemId="B24" Value="75"/>
<Cov CovItemId="B27" Value="1"/>
<Cov CovItemId="B28" Value="18"/>
<Cov CovItemId="B29" Value="1"/>
<Cov CovItemId="B3" Value="11"/>
<Cov CovItemId="B31" Value="17"/>
<Cov CovItemId="B32" Value="1"/>
<Cov CovItemId="B33" Value="15"/>
<Cov CovItemId="B34" Value="54"/>
<Cov CovItemId="B35" Value="9"/>
<Cov CovItemId="B36" Value="45"/>
<Cov CovItemId="B37" Value="3"/>
<Cov CovItemId="B38" Value="6"/>
<Cov CovItemId="B39" Value="3"/>
<Cov CovItemId="B4" Value="148"/>
<Cov CovItemId="B41" Value="6"/>
<Cov CovItemId="B42" Value="3"/>
<Cov CovItemId="B43" Value="15"/>
<Cov CovItemId="B44" Value="39"/>
<Cov CovItemId="B45" Value="7"/>
<Cov CovItemId="B46" Value="8"/>
<Cov CovItemId="B47" Value="7"/>
<Cov CovItemId="B49" Value="1"/>
<Cov CovItemId="B5" Value="4"/>
<Cov CovItemId="B51" Value="1"/>
<Cov CovItemId="B52" Value="19"/>
<Cov CovItemId="B55" Value="19"/>
<Cov CovItemId="B6" Value="11"/>
<Cov CovItemId="B8" Value="11"/>
<Cov CovItemId="L1-1" Value="4"/>
<Cov CovItemId="L1-2" Value="19"/>
<Cov CovItemId="L2-0" Value="5"/>
<Cov CovItemId="L2-1" Value="21"/>
<Cov CovItemId="L2-2" Value="28"/>
<Cov CovItemId="L3-1" Value="1"/>
<Cov CovItemId="L4-1" Value="15"/>
<Cov CovItemId="L4-2" Value="2"/>
<Cov CovItemId="L5-2" Value="22"/>
<Cov CovItemId="L6-1" Value="15"/>
<Cov CovItemId="L7-2" Value="1"/>
<Cov CovItemId="L8-2" Value="1"/>
<Cov CovItemId="S100" Value="9"/>
<Cov CovItemId="S101" Value="9"/>
<Cov CovItemId="S102" Value="3"/>
<Cov CovItemId="S103" Value="3"/>
<Cov CovItemId="S104" Value="3"/>
<Cov CovItemId="S105" Value="9"/>
<Cov CovItemId="S106" Value="6"/>
<Cov CovItemId="S107" Value="54"/>
<Cov CovItemId="S108" Value="54"/>
<Cov CovItemId="S109" Value="15"/>
<Cov CovItemId="S110" Value="15"/>
<Cov CovItemId="S111" Value="15"/>
<Cov CovItemId="S112" Value="7"/>
<Cov CovItemId="S113" Value="7"/>
<Cov CovItemId="S115" Value="1"/>
<Cov CovItemId="S116" Value="1"/>
<Cov CovItemId="S117" Value="4"/>
<Cov CovItemId="S118" Value="19"/>
<Cov CovItemId="S119" Value="1"/>
<Cov CovItemId="S120" Value="1"/>
<Cov CovItemId="S121" Value="1"/>
<Cov CovItemId="S122" Value="19"/>
<Cov CovItemId="S123" Value="19"/>
<Cov CovItemId="S124" Value="19"/>
<Cov CovItemId="S125" Value="19"/>
<Cov CovItemId="S126" Value="19"/>
<Cov CovItemId="S129" Value="1"/>
<Cov CovItemId="S47" Value="23"/>
<Cov CovItemId="S48" Value="23"/>
<Cov CovItemId="S49" Value="23"/>
<Cov CovItemId="S50" Value="23"/>
<Cov CovItemId="S51" Value="178"/>
<Cov CovItemId="S52" Value="178"/>
<Cov CovItemId="S53" Value="19"/>
<Cov CovItemId="S54" Value="159"/>
<Cov CovItemId="S55" Value="11"/>
<Cov CovItemId="S56" Value="23"/>
<Cov CovItemId="S57" Value="15"/>
<Cov CovItemId="S58" Value="4"/>
<Cov CovItemId="S59" Value="11"/>
<Cov CovItemId="S61" Value="11"/>
<Cov CovItemId="S63" Value="11"/>
<Cov CovItemId="S64" Value="2"/>
<Cov CovItemId="S65" Value="9"/>
<Cov CovItemId="S67" Value="9"/>
<Cov CovItemId="S68" Value="9"/>
<Cov CovItemId="S72" Value="54"/>
<Cov CovItemId="S73" Value="54"/>
<Cov CovItemId="S74" Value="124"/>
<Cov CovItemId="S75" Value="49"/>
<Cov CovItemId="S76" Value="49"/>
<Cov CovItemId="S77" Value="15"/>
<Cov CovItemId="S78" Value="75"/>
<Cov CovItemId="S79" Value="75"/>
<Cov CovItemId="S83" Value="54"/>
<Cov CovItemId="S84" Value="19"/>
<Cov CovItemId="S85" Value="19"/>
<Cov CovItemId="S86" Value="1"/>
<Cov CovItemId="S87" Value="1"/>
<Cov CovItemId="S88" Value="1"/>
<Cov CovItemId="S89" Value="1"/>
<Cov CovItemId="S90" Value="1"/>
<Cov CovItemId="S91" Value="18"/>
<Cov CovItemId="S92" Value="17"/>
<Cov CovItemId="S93" Value="22"/>
<Cov CovItemId="S94" Value="22"/>
<Cov CovItemId="S95" Value="22"/>
<Cov CovItemId="S96" Value="69"/>
<Cov CovItemId="S97" Value="69"/>
<Cov CovItemId="S98" Value="15"/>
<Cov CovItemId="S99" Value="54"/>
</CovPrefix>
</CovList>
<AssgnmntList>
<AssgnmntPrefix RootTermCovItemPrefix="com.aconex.coding.challenge.NumberToAlphaConverter.java">
<AssgnmntListEntry Length="1" RootTermCovItemId="C1">
<MapEntry BoolAssgnmnt="0" Value="23"/>
<MapEntry BoolAssgnmnt="1" Value="178"/>
</AssgnmntListEntry>
<AssgnmntListEntry Length="1" RootTermCovItemId="C11">
<MapEntry BoolAssgnmnt="0" Value="54"/>
<MapEntry BoolAssgnmnt="1" Value="124"/>
</AssgnmntListEntry>
<AssgnmntListEntry Length="1" RootTermCovItemId="C12">
<MapEntry BoolAssgnmnt="0" Value="75"/>
<MapEntry BoolAssgnmnt="1" Value="49"/>
</AssgnmntListEntry>
<AssgnmntListEntry Length="1" RootTermCovItemId="C13">
<MapEntry BoolAssgnmnt="0" Value="34"/>
<MapEntry BoolAssgnmnt="1" Value="15"/>
</AssgnmntListEntry>
<AssgnmntListEntry Length="1" RootTermCovItemId="C14">
<MapEntry BoolAssgnmnt="0" Value="75"/>
</AssgnmntListEntry>
<AssgnmntListEntry Length="1" RootTermCovItemId="C16">
<MapEntry BoolAssgnmnt="0" Value="18"/>
<MapEntry BoolAssgnmnt="1" Value="1"/>
</AssgnmntListEntry>
<AssgnmntListEntry Length="2" RootTermCovItemId="C17">
<MapEntry BoolAssgnmnt="01" Value="1"/>
</AssgnmntListEntry>
<AssgnmntListEntry Length="1" RootTermCovItemId="C18">
<MapEntry BoolAssgnmnt="0" Value="1"/>
<MapEntry BoolAssgnmnt="1" Value="17"/>
</AssgnmntListEntry>
<AssgnmntListEntry Length="1" RootTermCovItemId="C19">
<MapEntry BoolAssgnmnt="0" Value="54"/>
<MapEntry BoolAssgnmnt="1" Value="15"/>
</AssgnmntListEntry>
<AssgnmntListEntry Length="2" RootTermCovItemId="C2">
<MapEntry BoolAssgnmnt="10" Value="148"/>
<MapEntry BoolAssgnmnt="02" Value="11"/>
<MapEntry BoolAssgnmnt="11" Value="19"/>
</AssgnmntListEntry>
<AssgnmntListEntry Length="5" RootTermCovItemId="C20">
<MapEntry BoolAssgnmnt="02111" Value="3"/>
<MapEntry BoolAssgnmnt="02022" Value="43"/>
<MapEntry BoolAssgnmnt="02110" Value="2"/>
<MapEntry BoolAssgnmnt="11222" Value="6"/>
</AssgnmntListEntry>
<AssgnmntListEntry Length="3" RootTermCovItemId="C21">
<MapEntry BoolAssgnmnt="110" Value="3"/>
<MapEntry BoolAssgnmnt="111" Value="3"/>
<MapEntry BoolAssgnmnt="022" Value="3"/>
</AssgnmntListEntry>
<AssgnmntListEntry Length="2" RootTermCovItemId="C22">
<MapEntry BoolAssgnmnt="11" Value="3"/>
</AssgnmntListEntry>
<AssgnmntListEntry Length="1" RootTermCovItemId="C23">
<MapEntry BoolAssgnmnt="0" Value="3"/>
<MapEntry BoolAssgnmnt="1" Value="6"/>
</AssgnmntListEntry>
<AssgnmntListEntry Length="1" RootTermCovItemId="C24">
<MapEntry BoolAssgnmnt="0" Value="39"/>
<MapEntry BoolAssgnmnt="1" Value="15"/>
</AssgnmntListEntry>
<AssgnmntListEntry Length="3" RootTermCovItemId="C25">
<MapEntry BoolAssgnmnt="110" Value="8"/>
<MapEntry BoolAssgnmnt="111" Value="7"/>
</AssgnmntListEntry>
<AssgnmntListEntry Length="1" RootTermCovItemId="C26">
<MapEntry BoolAssgnmnt="1" Value="7"/>
</AssgnmntListEntry>
<AssgnmntListEntry Length="1" RootTermCovItemId="C27">
<MapEntry BoolAssgnmnt="1" Value="1"/>
</AssgnmntListEntry>
<AssgnmntListEntry Length="1" RootTermCovItemId="C28">
<MapEntry BoolAssgnmnt="0" Value="1"/>
<MapEntry BoolAssgnmnt="1" Value="19"/>
</AssgnmntListEntry>
<AssgnmntListEntry Length="1" RootTermCovItemId="C29">
<MapEntry BoolAssgnmnt="1" Value="19"/>
</AssgnmntListEntry>
<AssgnmntListEntry Length="1" RootTermCovItemId="C3">
<MapEntry BoolAssgnmnt="0" Value="148"/>
<MapEntry BoolAssgnmnt="1" Value="11"/>
</AssgnmntListEntry>
<AssgnmntListEntry Length="1" RootTermCovItemId="C30">
<MapEntry BoolAssgnmnt="0" Value="19"/>
</AssgnmntListEntry>
<AssgnmntListEntry Length="2" RootTermCovItemId="C4">
<MapEntry BoolAssgnmnt="10" Value="11"/>
<MapEntry BoolAssgnmnt="11" Value="4"/>
</AssgnmntListEntry>
<AssgnmntListEntry Length="2" RootTermCovItemId="C5">
<MapEntry BoolAssgnmnt="10" Value="11"/>
</AssgnmntListEntry>
<AssgnmntListEntry Length="2" RootTermCovItemId="C6">
<MapEntry BoolAssgnmnt="10" Value="11"/>
</AssgnmntListEntry>
<AssgnmntListEntry Length="2" RootTermCovItemId="C7">
<MapEntry BoolAssgnmnt="10" Value="9"/>
<MapEntry BoolAssgnmnt="11" Value="2"/>
</AssgnmntListEntry>
<AssgnmntListEntry Length="2" RootTermCovItemId="C8">
<MapEntry BoolAssgnmnt="10" Value="9"/>
</AssgnmntListEntry>
<AssgnmntListEntry Length="2" RootTermCovItemId="C9">
<MapEntry BoolAssgnmnt="11" Value="9"/>
</AssgnmntListEntry>
</AssgnmntPrefix>
</AssgnmntList>
<ObjMetaDataList/>
<MetaDataList/>
</TestCase>
<TestCase Comment="" Date="1421690044124" Name="com.aconex.test.TestAconex:checkForSimpleConversionWithSingleResult">
<CovList>
<CovPrefix CovItemPrefix="com.aconex.coding.challenge.NumberToAlphaConverter.java">
<Cov CovItemId="B1" Value="1"/>
<Cov CovItemId="B10" Value="1"/>
<Cov CovItemId="B12" Value="1"/>
<Cov CovItemId="B14" Value="1"/>
<Cov CovItemId="B15" Value="1"/>
<Cov CovItemId="B19" Value="20"/>
<Cov CovItemId="B2" Value="13"/>
<Cov CovItemId="B20" Value="12"/>
<Cov CovItemId="B21" Value="4"/>
<Cov CovItemId="B22" Value="16"/>
<Cov CovItemId="B24" Value="12"/>
<Cov CovItemId="B28" Value="5"/>
<Cov CovItemId="B31" Value="4"/>
<Cov CovItemId="B32" Value="1"/>
<Cov CovItemId="B33" Value="4"/>
<Cov CovItemId="B34" Value="20"/>
<Cov CovItemId="B36" Value="20"/>
<Cov CovItemId="B4" Value="13"/>
<Cov CovItemId="B43" Value="4"/>
<Cov CovItemId="B44" Value="16"/>
<Cov CovItemId="B45" Value="3"/>
<Cov CovItemId="B46" Value="1"/>
<Cov CovItemId="B47" Value="3"/>
<Cov CovItemId="B49" Value="1"/>
<Cov CovItemId="B5" Value="3"/>
<Cov CovItemId="B51" Value="1"/>
<Cov CovItemId="B52" Value="5"/>
<Cov CovItemId="B55" Value="5"/>
<Cov CovItemId="B6" Value="1"/>
<Cov CovItemId="B8" Value="1"/>
<Cov CovItemId="L1-1" Value="3"/>
<Cov CovItemId="L1-2" Value="4"/>
<Cov CovItemId="L2-1" Value="14"/>
<Cov CovItemId="L2-2" Value="6"/>
<Cov CovItemId="L4-1" Value="2"/>
<Cov CovItemId="L4-2" Value="2"/>
<Cov CovItemId="L5-2" Value="7"/>
<Cov CovItemId="L6-1" Value="4"/>
<Cov CovItemId="L7-2" Value="1"/>
<Cov CovItemId="L8-2" Value="1"/>
<Cov CovItemId="S107" Value="20"/>
<Cov CovItemId="S108" Value="20"/>
<Cov CovItemId="S109" Value="4"/>
<Cov CovItemId="S110" Value="4"/>
<Cov CovItemId="S111" Value="4"/>
<Cov CovItemId="S112" Value="3"/>
<Cov CovItemId="S113" Value="3"/>
<Cov CovItemId="S115" Value="1"/>
<Cov CovItemId="S116" Value="1"/>
<Cov CovItemId="S117" Value="3"/>
<Cov CovItemId="S118" Value="5"/>
<Cov CovItemId="S119" Value="1"/>
<Cov CovItemId="S120" Value="1"/>
<Cov CovItemId="S121" Value="1"/>
<Cov CovItemId="S122" Value="5"/>
<Cov CovItemId="S123" Value="5"/>
<Cov CovItemId="S124" Value="5"/>
<Cov CovItemId="S125" Value="5"/>
<Cov CovItemId="S126" Value="5"/>
<Cov CovItemId="S129" Value="1"/>
<Cov CovItemId="S47" Value="7"/>
<Cov CovItemId="S48" Value="7"/>
<Cov CovItemId="S49" Value="7"/>
<Cov CovItemId="S50" Value="7"/>
<Cov CovItemId="S51" Value="14"/>
<Cov CovItemId="S52" Value="14"/>
<Cov CovItemId="S53" Value="1"/>
<Cov CovItemId="S54" Value="13"/>
<Cov CovItemId="S56" Value="7"/>
<Cov CovItemId="S57" Value="4"/>
<Cov CovItemId="S58" Value="3"/>
<Cov CovItemId="S59" Value="1"/>
<Cov CovItemId="S61" Value="1"/>
<Cov CovItemId="S63" Value="1"/>
<Cov CovItemId="S65" Value="1"/>
<Cov CovItemId="S67" Value="1"/>
<Cov CovItemId="S68" Value="1"/>
<Cov CovItemId="S72" Value="20"/>
<Cov CovItemId="S73" Value="20"/>
<Cov CovItemId="S74" Value="32"/>
<Cov CovItemId="S75" Value="20"/>
<Cov CovItemId="S76" Value="20"/>
<Cov CovItemId="S77" Value="4"/>
<Cov CovItemId="S78" Value="12"/>
<Cov CovItemId="S79" Value="12"/>
<Cov CovItemId="S83" Value="20"/>
<Cov CovItemId="S84" Value="5"/>
<Cov CovItemId="S85" Value="5"/>
<Cov CovItemId="S91" Value="5"/>
<Cov CovItemId="S92" Value="4"/>
<Cov CovItemId="S93" Value="7"/>
<Cov CovItemId="S94" Value="7"/>
<Cov CovItemId="S95" Value="7"/>
<Cov CovItemId="S96" Value="24"/>
<Cov CovItemId="S97" Value="24"/>
<Cov CovItemId="S98" Value="4"/>
<Cov CovItemId="S99" Value="20"/>
</CovPrefix>
</CovList>
<AssgnmntList>
<AssgnmntPrefix RootTermCovItemPrefix="com.aconex.coding.challenge.NumberToAlphaConverter.java">
<AssgnmntListEntry Length="1" RootTermCovItemId="C1">
<MapEntry BoolAssgnmnt="0" Value="7"/>
<MapEntry BoolAssgnmnt="1" Value="14"/>
</AssgnmntListEntry>
<AssgnmntListEntry Length="1" RootTermCovItemId="C11">
<MapEntry BoolAssgnmnt="0" Value="20"/>
<MapEntry BoolAssgnmnt="1" Value="32"/>
</AssgnmntListEntry>
<AssgnmntListEntry Length="1" RootTermCovItemId="C12">
<MapEntry BoolAssgnmnt="0" Value="12"/>
<MapEntry BoolAssgnmnt="1" Value="20"/>
</AssgnmntListEntry>
<AssgnmntListEntry Length="1" RootTermCovItemId="C13">
<MapEntry BoolAssgnmnt="0" Value="16"/>
<MapEntry BoolAssgnmnt="1" Value="4"/>
</AssgnmntListEntry>
<AssgnmntListEntry Length="1" RootTermCovItemId="C14">
<MapEntry BoolAssgnmnt="0" Value="12"/>
</AssgnmntListEntry>
<AssgnmntListEntry Length="1" RootTermCovItemId="C16">
<MapEntry BoolAssgnmnt="0" Value="5"/>
</AssgnmntListEntry>
<AssgnmntListEntry Length="1" RootTermCovItemId="C18">
<MapEntry BoolAssgnmnt="0" Value="1"/>
<MapEntry BoolAssgnmnt="1" Value="4"/>
</AssgnmntListEntry>
<AssgnmntListEntry Length="1" RootTermCovItemId="C19">
<MapEntry BoolAssgnmnt="0" Value="20"/>
<MapEntry BoolAssgnmnt="1" Value="4"/>
</AssgnmntListEntry>
<AssgnmntListEntry Length="2" RootTermCovItemId="C2">
<MapEntry BoolAssgnmnt="10" Value="13"/>
<MapEntry BoolAssgnmnt="11" Value="1"/>
</AssgnmntListEntry>
<AssgnmntListEntry Length="5" RootTermCovItemId="C20">
<MapEntry BoolAssgnmnt="02022" Value="20"/>
</AssgnmntListEntry>
<AssgnmntListEntry Length="1" RootTermCovItemId="C24">
<MapEntry BoolAssgnmnt="0" Value="16"/>
<MapEntry BoolAssgnmnt="1" Value="4"/>
</AssgnmntListEntry>
<AssgnmntListEntry Length="3" RootTermCovItemId="C25">
<MapEntry BoolAssgnmnt="110" Value="1"/>
<MapEntry BoolAssgnmnt="111" Value="3"/>
</AssgnmntListEntry>
<AssgnmntListEntry Length="1" RootTermCovItemId="C26">
<MapEntry BoolAssgnmnt="1" Value="3"/>
</AssgnmntListEntry>
<AssgnmntListEntry Length="1" RootTermCovItemId="C27">
<MapEntry BoolAssgnmnt="1" Value="1"/>
</AssgnmntListEntry>
<AssgnmntListEntry Length="1" RootTermCovItemId="C28">
<MapEntry BoolAssgnmnt="0" Value="1"/>
<MapEntry BoolAssgnmnt="1" Value="5"/>
</AssgnmntListEntry>
<AssgnmntListEntry Length="1" RootTermCovItemId="C29">
<MapEntry BoolAssgnmnt="1" Value="5"/>
</AssgnmntListEntry>
<AssgnmntListEntry Length="1" RootTermCovItemId="C3">
<MapEntry BoolAssgnmnt="0" Value="13"/>
</AssgnmntListEntry>
<AssgnmntListEntry Length="1" RootTermCovItemId="C30">
<MapEntry BoolAssgnmnt="0" Value="5"/>
</AssgnmntListEntry>
<AssgnmntListEntry Length="2" RootTermCovItemId="C4">
<MapEntry BoolAssgnmnt="10" Value="1"/>
<MapEntry BoolAssgnmnt="11" Value="3"/>
</AssgnmntListEntry>
<AssgnmntListEntry Length="2" RootTermCovItemId="C5">
<MapEntry BoolAssgnmnt="10" Value="1"/>
</AssgnmntListEntry>
<AssgnmntListEntry Length="2" RootTermCovItemId="C6">
<MapEntry BoolAssgnmnt="10" Value="1"/>
</AssgnmntListEntry>
<AssgnmntListEntry Length="2" RootTermCovItemId="C7">
<MapEntry BoolAssgnmnt="10" Value="1"/>
</AssgnmntListEntry>
<AssgnmntListEntry Length="2" RootTermCovItemId="C8">
<MapEntry BoolAssgnmnt="10" Value="1"/>
</AssgnmntListEntry>
<AssgnmntListEntry Length="2" RootTermCovItemId="C9">
<MapEntry BoolAssgnmnt="11" Value="1"/>
</AssgnmntListEntry>
</AssgnmntPrefix>
</AssgnmntList>
<ObjMetaDataList/>
<MetaDataList/>
</TestCase>
<TestCase Comment="" Date="1421690044128" Name="com.aconex.test.TestAconex:testsSingleStringResultWithMultipleDictionaryWordAndSingleNumbersAtRightEnd">
<CovList>
<CovPrefix CovItemPrefix="com.aconex.coding.challenge.NumberToAlphaConverter.java">
<Cov CovItemId="B1" Value="4"/>
<Cov CovItemId="B10" Value="7"/>
<Cov CovItemId="B12" Value="7"/>
<Cov CovItemId="B13" Value="4"/>
<Cov CovItemId="B14" Value="3"/>
<Cov CovItemId="B15" Value="3"/>
<Cov CovItemId="B19" Value="38"/>
<Cov CovItemId="B2" Value="89"/>
<Cov CovItemId="B20" Value="40"/>
<Cov CovItemId="B21" Value="10"/>
<Cov CovItemId="B22" Value="28"/>
<Cov CovItemId="B24" Value="40"/>
<Cov CovItemId="B27" Value="1"/>
<Cov CovItemId="B28" Value="11"/>
<Cov CovItemId="B29" Value="1"/>
<Cov CovItemId="B3" Value="9"/>
<Cov CovItemId="B31" Value="10"/>
<Cov CovItemId="B32" Value="1"/>
<Cov CovItemId="B33" Value="11"/>
<Cov CovItemId="B34" Value="42"/>
<Cov CovItemId="B35" Value="7"/>
<Cov CovItemId="B36" Value="35"/>
<Cov CovItemId="B37" Value="3"/>
<Cov CovItemId="B38" Value="4"/>
<Cov CovItemId="B4" Value="80"/>
<Cov CovItemId="B40" Value="3"/>
<Cov CovItemId="B41" Value="7"/>
<Cov CovItemId="B43" Value="10"/>
<Cov CovItemId="B44" Value="32"/>
<Cov CovItemId="B45" Value="3"/>
<Cov CovItemId="B46" Value="7"/>
<Cov CovItemId="B47" Value="3"/>
<Cov CovItemId="B49" Value="1"/>
<Cov CovItemId="B5" Value="3"/>
<Cov CovItemId="B51" Value="1"/>
<Cov CovItemId="B52" Value="12"/>
<Cov CovItemId="B55" Value="12"/>
<Cov CovItemId="B6" Value="7"/>
<Cov CovItemId="B8" Value="7"/>
<Cov CovItemId="L1-1" Value="3"/>
<Cov CovItemId="L1-2" Value="14"/>
<Cov CovItemId="L2-0" Value="4"/>
<Cov CovItemId="L2-1" Value="22"/>
<Cov CovItemId="L2-2" Value="16"/>
<Cov CovItemId="L3-1" Value="1"/>
<Cov CovItemId="L4-1" Value="6"/>
<Cov CovItemId="L4-2" Value="4"/>
<Cov CovItemId="L5-2" Value="16"/>
<Cov CovItemId="L6-1" Value="10"/>
<Cov CovItemId="L7-2" Value="1"/>
<Cov CovItemId="L8-2" Value="1"/>
<Cov CovItemId="S100" Value="7"/>
<Cov CovItemId="S101" Value="7"/>
<Cov CovItemId="S102" Value="3"/>
<Cov CovItemId="S103" Value="3"/>
<Cov CovItemId="S105" Value="7"/>
<Cov CovItemId="S106" Value="7"/>
<Cov CovItemId="S107" Value="42"/>
<Cov CovItemId="S108" Value="42"/>
<Cov CovItemId="S109" Value="10"/>
<Cov CovItemId="S110" Value="10"/>
<Cov CovItemId="S111" Value="10"/>
<Cov CovItemId="S112" Value="3"/>
<Cov CovItemId="S113" Value="3"/>
<Cov CovItemId="S115" Value="1"/>
<Cov CovItemId="S116" Value="1"/>
<Cov CovItemId="S117" Value="3"/>
<Cov CovItemId="S118" Value="12"/>
<Cov CovItemId="S119" Value="1"/>
<Cov CovItemId="S120" Value="1"/>
<Cov CovItemId="S121" Value="1"/>
<Cov CovItemId="S122" Value="12"/>
<Cov CovItemId="S123" Value="12"/>
<Cov CovItemId="S124" Value="12"/>
<Cov CovItemId="S125" Value="12"/>
<Cov CovItemId="S126" Value="12"/>
<Cov CovItemId="S129" Value="1"/>
<Cov CovItemId="S47" Value="17"/>
<Cov CovItemId="S48" Value="17"/>
<Cov CovItemId="S49" Value="17"/>
<Cov CovItemId="S50" Value="17"/>
<Cov CovItemId="S51" Value="93"/>
<Cov CovItemId="S52" Value="93"/>
<Cov CovItemId="S53" Value="4"/>
<Cov CovItemId="S54" Value="89"/>
<Cov CovItemId="S55" Value="9"/>
<Cov CovItemId="S56" Value="17"/>
<Cov CovItemId="S57" Value="10"/>
<Cov CovItemId="S58" Value="3"/>
<Cov CovItemId="S59" Value="7"/>
<Cov CovItemId="S61" Value="7"/>
<Cov CovItemId="S63" Value="7"/>
<Cov CovItemId="S65" Value="7"/>
<Cov CovItemId="S66" Value="4"/>
<Cov CovItemId="S67" Value="3"/>
<Cov CovItemId="S68" Value="3"/>
<Cov CovItemId="S72" Value="42"/>
<Cov CovItemId="S73" Value="42"/>
<Cov CovItemId="S74" Value="78"/>
<Cov CovItemId="S75" Value="38"/>
<Cov CovItemId="S76" Value="38"/>
<Cov CovItemId="S77" Value="10"/>
<Cov CovItemId="S78" Value="40"/>
<Cov CovItemId="S79" Value="40"/>
<Cov CovItemId="S83" Value="42"/>
<Cov CovItemId="S84" Value="12"/>
<Cov CovItemId="S85" Value="12"/>
<Cov CovItemId="S86" Value="1"/>
<Cov CovItemId="S87" Value="1"/>
<Cov CovItemId="S88" Value="1"/>
<Cov CovItemId="S89" Value="1"/>
<Cov CovItemId="S90" Value="1"/>
<Cov CovItemId="S91" Value="11"/>
<Cov CovItemId="S92" Value="10"/>
<Cov CovItemId="S93" Value="16"/>
<Cov CovItemId="S94" Value="16"/>
<Cov CovItemId="S95" Value="16"/>
<Cov CovItemId="S96" Value="53"/>
<Cov CovItemId="S97" Value="53"/>
<Cov CovItemId="S98" Value="11"/>
<Cov CovItemId="S99" Value="42"/>
</CovPrefix>
</CovList>
<AssgnmntList>
<AssgnmntPrefix RootTermCovItemPrefix="com.aconex.coding.challenge.NumberToAlphaConverter.java">
<AssgnmntListEntry Length="1" RootTermCovItemId="C1">
<MapEntry BoolAssgnmnt="0" Value="17"/>
<MapEntry BoolAssgnmnt="1" Value="93"/>
</AssgnmntListEntry>
<AssgnmntListEntry Length="1" RootTermCovItemId="C11">
<MapEntry BoolAssgnmnt="0" Value="42"/>
<MapEntry BoolAssgnmnt="1" Value="78"/>
</AssgnmntListEntry>
<AssgnmntListEntry Length="1" RootTermCovItemId="C12">
<MapEntry BoolAssgnmnt="0" Value="40"/>
<MapEntry BoolAssgnmnt="1" Value="38"/>
</AssgnmntListEntry>
<AssgnmntListEntry Length="1" RootTermCovItemId="C13">
<MapEntry BoolAssgnmnt="0" Value="28"/>
<MapEntry BoolAssgnmnt="1" Value="10"/>
</AssgnmntListEntry>
<AssgnmntListEntry Length="1" RootTermCovItemId="C14">
<MapEntry BoolAssgnmnt="0" Value="40"/>
</AssgnmntListEntry>
<AssgnmntListEntry Length="1" RootTermCovItemId="C16">
<MapEntry BoolAssgnmnt="0" Value="11"/>
<MapEntry BoolAssgnmnt="1" Value="1"/>
</AssgnmntListEntry>
<AssgnmntListEntry Length="2" RootTermCovItemId="C17">
<MapEntry BoolAssgnmnt="12" Value="1"/>
</AssgnmntListEntry>
<AssgnmntListEntry Length="1" RootTermCovItemId="C18">
<MapEntry BoolAssgnmnt="0" Value="1"/>
<MapEntry BoolAssgnmnt="1" Value="10"/>
</AssgnmntListEntry>
<AssgnmntListEntry Length="1" RootTermCovItemId="C19">
<MapEntry BoolAssgnmnt="0" Value="42"/>
<MapEntry BoolAssgnmnt="1" Value="11"/>
</AssgnmntListEntry>
<AssgnmntListEntry Length="2" RootTermCovItemId="C2">
<MapEntry BoolAssgnmnt="10" Value="80"/>
<MapEntry BoolAssgnmnt="02" Value="9"/>
<MapEntry BoolAssgnmnt="11" Value="4"/>
</AssgnmntListEntry>
<AssgnmntListEntry Length="5" RootTermCovItemId="C20">
<MapEntry BoolAssgnmnt="02111" Value="3"/>
<MapEntry BoolAssgnmnt="02022" Value="34"/>
<MapEntry BoolAssgnmnt="02110" Value="1"/>
<MapEntry BoolAssgnmnt="11222" Value="4"/>
</AssgnmntListEntry>
<AssgnmntListEntry Length="3" RootTermCovItemId="C21">
<MapEntry BoolAssgnmnt="110" Value="4"/>
<MapEntry BoolAssgnmnt="111" Value="3"/>
</AssgnmntListEntry>
<AssgnmntListEntry Length="2" RootTermCovItemId="C22">
<MapEntry BoolAssgnmnt="10" Value="3"/>
</AssgnmntListEntry>
<AssgnmntListEntry Length="1" RootTermCovItemId="C23">
<MapEntry BoolAssgnmnt="1" Value="7"/>
</AssgnmntListEntry>
<AssgnmntListEntry Length="1" RootTermCovItemId="C24">
<MapEntry BoolAssgnmnt="0" Value="32"/>
<MapEntry BoolAssgnmnt="1" Value="10"/>
</AssgnmntListEntry>
<AssgnmntListEntry Length="3" RootTermCovItemId="C25">
<MapEntry BoolAssgnmnt="110" Value="7"/>
<MapEntry BoolAssgnmnt="111" Value="3"/>
</AssgnmntListEntry>
<AssgnmntListEntry Length="1" RootTermCovItemId="C26">
<MapEntry BoolAssgnmnt="1" Value="3"/>
</AssgnmntListEntry>
<AssgnmntListEntry Length="1" RootTermCovItemId="C27">
<MapEntry BoolAssgnmnt="1" Value="1"/>
</AssgnmntListEntry>
<AssgnmntListEntry Length="1" RootTermCovItemId="C28">
<MapEntry BoolAssgnmnt="0" Value="1"/>
<MapEntry BoolAssgnmnt="1" Value="12"/>
</AssgnmntListEntry>
<AssgnmntListEntry Length="1" RootTermCovItemId="C29">
<MapEntry BoolAssgnmnt="1" Value="12"/>
</AssgnmntListEntry>
<AssgnmntListEntry Length="1" RootTermCovItemId="C3">
<MapEntry BoolAssgnmnt="0" Value="80"/>
<MapEntry BoolAssgnmnt="1" Value="9"/>
</AssgnmntListEntry>
<AssgnmntListEntry Length="1" RootTermCovItemId="C30">
<MapEntry BoolAssgnmnt="0" Value="12"/>
</AssgnmntListEntry>
<AssgnmntListEntry Length="2" RootTermCovItemId="C4">
<MapEntry BoolAssgnmnt="10" Value="7"/>
<MapEntry BoolAssgnmnt="11" Value="3"/>
</AssgnmntListEntry>
<AssgnmntListEntry Length="2" RootTermCovItemId="C5">
<MapEntry BoolAssgnmnt="10" Value="7"/>
</AssgnmntListEntry>
<AssgnmntListEntry Length="2" RootTermCovItemId="C6">
<MapEntry BoolAssgnmnt="10" Value="7"/>
</AssgnmntListEntry>
<AssgnmntListEntry Length="2" RootTermCovItemId="C7">
<MapEntry BoolAssgnmnt="10" Value="7"/>
</AssgnmntListEntry>
<AssgnmntListEntry Length="2" RootTermCovItemId="C8">
<MapEntry BoolAssgnmnt="10" Value="3"/>
<MapEntry BoolAssgnmnt="11" Value="4"/>
</AssgnmntListEntry>
<AssgnmntListEntry Length="2" RootTermCovItemId="C9">
<MapEntry BoolAssgnmnt="11" Value="3"/>
</AssgnmntListEntry>
</AssgnmntPrefix>
</AssgnmntList>
<ObjMetaDataList/>
<MetaDataList/>
</TestCase>
<MetaDataList/>
</TestSession>
<TestSession Comment="" Date="1421691822985" Name="19 Jan, 2015 11:53:42 PM">
<TestCase Comment="This is a test case containing all coverage results cause no startTestCase methods where captured." Date="1421689192943" Name="UNNAMED TESTCASE">
<CovList>
<CovPrefix CovItemPrefix="com.aconex.coding.challenge.NumberToAlphaConverter.java">
<Cov CovItemId="B1" Value="160"/>
<Cov CovItemId="B10" Value="103"/>
<Cov CovItemId="B11" Value="40"/>
<Cov CovItemId="B12" Value="63"/>
<Cov CovItemId="B13" Value="22"/>
<Cov CovItemId="B14" Value="41"/>
<Cov CovItemId="B15" Value="41"/>
<Cov CovItemId="B19" Value="488"/>
<Cov CovItemId="B2" Value="1025"/>
<Cov CovItemId="B20" Value="552"/>
<Cov CovItemId="B21" Value="146"/>
<Cov CovItemId="B22" Value="342"/>
<Cov CovItemId="B23" Value="6"/>
<Cov CovItemId="B24" Value="546"/>
<Cov CovItemId="B26" Value="6"/>
<Cov CovItemId="B27" Value="10"/>
<Cov CovItemId="B28" Value="144"/>
<Cov CovItemId="B29" Value="10"/>
<Cov CovItemId="B3" Value="76"/>
<Cov CovItemId="B31" Value="131"/>
<Cov CovItemId="B32" Value="13"/>
<Cov CovItemId="B33" Value="135"/>
<Cov CovItemId="B34" Value="527"/>
<Cov CovItemId="B35" Value="66"/>
<Cov CovItemId="B36" Value="461"/>
<Cov CovItemId="B37" Value="24"/>
<Cov CovItemId="B38" Value="42"/>
<Cov CovItemId="B39" Value="10"/>
<Cov CovItemId="B4" Value="949"/>
<Cov CovItemId="B40" Value="14"/>
<Cov CovItemId="B41" Value="56"/>
<Cov CovItemId="B42" Value="10"/>
<Cov CovItemId="B43" Value="146"/>
<Cov CovItemId="B44" Value="381"/>
<Cov CovItemId="B45" Value="72"/>
<Cov CovItemId="B46" Value="74"/>
<Cov CovItemId="B47" Value="72"/>
<Cov CovItemId="B49" Value="13"/>
<Cov CovItemId="B5" Value="40"/>
<Cov CovItemId="B51" Value="13"/>
<Cov CovItemId="B52" Value="154"/>
<Cov CovItemId="B54" Value="2"/>
<Cov CovItemId="B55" Value="152"/>
<Cov CovItemId="B6" Value="106"/>
<Cov CovItemId="B8" Value="106"/>
<Cov CovItemId="B9" Value="3"/>
<Cov CovItemId="L1-1" Value="43"/>
<Cov CovItemId="L1-2" Value="172"/>
<Cov CovItemId="L2-0" Value="39"/>
<Cov CovItemId="L2-1" Value="266"/>
<Cov CovItemId="L2-2" Value="222"/>
<Cov CovItemId="L3-1" Value="10"/>
<Cov CovItemId="L4-1" Value="89"/>
<Cov CovItemId="L4-2" Value="42"/>
<Cov CovItemId="L5-2" Value="205"/>
<Cov CovItemId="L6-1" Value="146"/>
<Cov CovItemId="L7-2" Value="13"/>
<Cov CovItemId="L8-2" Value="13"/>
<Cov CovItemId="S1" Value="1"/>
<Cov CovItemId="S10" Value="1"/>
<Cov CovItemId="S100" Value="66"/>
<Cov CovItemId="S101" Value="66"/>
<Cov CovItemId="S102" Value="24"/>
<Cov CovItemId="S103" Value="24"/>
<Cov CovItemId="S104" Value="10"/>
<Cov CovItemId="S105" Value="66"/>
<Cov CovItemId="S106" Value="56"/>
<Cov CovItemId="S107" Value="527"/>
<Cov CovItemId="S108" Value="527"/>
<Cov CovItemId="S109" Value="146"/>
<Cov CovItemId="S11" Value="1"/>
<Cov CovItemId="S110" Value="146"/>
<Cov CovItemId="S111" Value="146"/>
<Cov CovItemId="S112" Value="72"/>
<Cov CovItemId="S113" Value="72"/>
<Cov CovItemId="S115" Value="13"/>
<Cov CovItemId="S116" Value="13"/>
<Cov CovItemId="S117" Value="43"/>
<Cov CovItemId="S118" Value="154"/>
<Cov CovItemId="S119" Value="13"/>
<Cov CovItemId="S12" Value="1"/>
<Cov CovItemId="S120" Value="13"/>
<Cov CovItemId="S121" Value="13"/>
<Cov CovItemId="S122" Value="154"/>
<Cov CovItemId="S123" Value="154"/>
<Cov CovItemId="S124" Value="154"/>
<Cov CovItemId="S125" Value="154"/>
<Cov CovItemId="S126" Value="154"/>
<Cov CovItemId="S127" Value="2"/>
<Cov CovItemId="S129" Value="13"/>
<Cov CovItemId="S13" Value="1"/>
<Cov CovItemId="S14" Value="1"/>
<Cov CovItemId="S15" Value="1"/>
<Cov CovItemId="S16" Value="1"/>
<Cov CovItemId="S17" Value="1"/>
<Cov CovItemId="S18" Value="1"/>
<Cov CovItemId="S19" Value="1"/>
<Cov CovItemId="S2" Value="1"/>
<Cov CovItemId="S20" Value="1"/>
<Cov CovItemId="S21" Value="1"/>
<Cov CovItemId="S22" Value="1"/>
<Cov CovItemId="S23" Value="1"/>
<Cov CovItemId="S24" Value="1"/>
<Cov CovItemId="S25" Value="1"/>
<Cov CovItemId="S26" Value="1"/>
<Cov CovItemId="S27" Value="1"/>
<Cov CovItemId="S28" Value="1"/>
<Cov CovItemId="S29" Value="1"/>
<Cov CovItemId="S3" Value="1"/>
<Cov CovItemId="S30" Value="1"/>
<Cov CovItemId="S31" Value="1"/>
<Cov CovItemId="S32" Value="1"/>
<Cov CovItemId="S33" Value="1"/>
<Cov CovItemId="S34" Value="1"/>
<Cov CovItemId="S35" Value="1"/>
<Cov CovItemId="S36" Value="1"/>
<Cov CovItemId="S37" Value="1"/>
<Cov CovItemId="S38" Value="1"/>
<Cov CovItemId="S39" Value="1"/>
<Cov CovItemId="S4" Value="1"/>
<Cov CovItemId="S40" Value="1"/>
<Cov CovItemId="S41" Value="1"/>
<Cov CovItemId="S42" Value="1"/>
<Cov CovItemId="S43" Value="1"/>
<Cov CovItemId="S44" Value="1"/>
<Cov CovItemId="S45" Value="1"/>
<Cov CovItemId="S46" Value="1"/>
<Cov CovItemId="S47" Value="215"/>
<Cov CovItemId="S48" Value="215"/>
<Cov CovItemId="S49" Value="215"/>
<Cov CovItemId="S5" Value="1"/>
<Cov CovItemId="S50" Value="215"/>
<Cov CovItemId="S51" Value="1185"/>
<Cov CovItemId="S52" Value="1185"/>
<Cov CovItemId="S53" Value="160"/>
<Cov CovItemId="S54" Value="1025"/>
<Cov CovItemId="S55" Value="76"/>
<Cov CovItemId="S56" Value="215"/>
<Cov CovItemId="S57" Value="146"/>
<Cov CovItemId="S58" Value="40"/>
<Cov CovItemId="S59" Value="106"/>
<Cov CovItemId="S6" Value="1"/>
<Cov CovItemId="S61" Value="106"/>
<Cov CovItemId="S62" Value="3"/>
<Cov CovItemId="S63" Value="103"/>
<Cov CovItemId="S64" Value="40"/>
<Cov CovItemId="S65" Value="63"/>
<Cov CovItemId="S66" Value="22"/>
<Cov CovItemId="S67" Value="41"/>
<Cov CovItemId="S68" Value="41"/>
<Cov CovItemId="S7" Value="1"/>
<Cov CovItemId="S72" Value="527"/>
<Cov CovItemId="S73" Value="527"/>
<Cov CovItemId="S74" Value="1040"/>
<Cov CovItemId="S75" Value="488"/>
<Cov CovItemId="S76" Value="488"/>
<Cov CovItemId="S77" Value="146"/>
<Cov CovItemId="S78" Value="552"/>
<Cov CovItemId="S79" Value="552"/>
<Cov CovItemId="S8" Value="1"/>
<Cov CovItemId="S80" Value="6"/>
<Cov CovItemId="S81" Value="6"/>
<Cov CovItemId="S83" Value="527"/>
<Cov CovItemId="S84" Value="154"/>
<Cov CovItemId="S85" Value="154"/>
<Cov CovItemId="S86" Value="10"/>
<Cov CovItemId="S87" Value="10"/>
<Cov CovItemId="S88" Value="10"/>
<Cov CovItemId="S89" Value="10"/>
<Cov CovItemId="S9" Value="1"/>
<Cov CovItemId="S90" Value="10"/>
<Cov CovItemId="S91" Value="144"/>
<Cov CovItemId="S92" Value="131"/>
<Cov CovItemId="S93" Value="205"/>
<Cov CovItemId="S94" Value="205"/>
<Cov CovItemId="S95" Value="205"/>
<Cov CovItemId="S96" Value="662"/>
<Cov CovItemId="S97" Value="662"/>
<Cov CovItemId="S98" Value="135"/>
<Cov CovItemId="S99" Value="527"/>
</CovPrefix>
</CovList>
<AssgnmntList>
<AssgnmntPrefix RootTermCovItemPrefix="com.aconex.coding.challenge.NumberToAlphaConverter.java">
<AssgnmntListEntry Length="1" RootTermCovItemId="C1">
<MapEntry BoolAssgnmnt="0" Value="215"/>
<MapEntry BoolAssgnmnt="1" Value="1185"/>
</AssgnmntListEntry>
<AssgnmntListEntry Length="1" RootTermCovItemId="C11">
<MapEntry BoolAssgnmnt="0" Value="527"/>
<MapEntry BoolAssgnmnt="1" Value="1040"/>
</AssgnmntListEntry>
<AssgnmntListEntry Length="1" RootTermCovItemId="C12">
<MapEntry BoolAssgnmnt="0" Value="552"/>
<MapEntry BoolAssgnmnt="1" Value="488"/>
</AssgnmntListEntry>
<AssgnmntListEntry Length="1" RootTermCovItemId="C13">
<MapEntry BoolAssgnmnt="0" Value="342"/>
<MapEntry BoolAssgnmnt="1" Value="146"/>
</AssgnmntListEntry>
<AssgnmntListEntry Length="1" RootTermCovItemId="C14">
<MapEntry BoolAssgnmnt="0" Value="546"/>
<MapEntry BoolAssgnmnt="1" Value="6"/>
</AssgnmntListEntry>
<AssgnmntListEntry Length="1" RootTermCovItemId="C15">
<MapEntry BoolAssgnmnt="0" Value="6"/>
</AssgnmntListEntry>
<AssgnmntListEntry Length="1" RootTermCovItemId="C16">
<MapEntry BoolAssgnmnt="0" Value="144"/>
<MapEntry BoolAssgnmnt="1" Value="10"/>
</AssgnmntListEntry>
<AssgnmntListEntry Length="2" RootTermCovItemId="C17">
<MapEntry BoolAssgnmnt="01" Value="5"/>
<MapEntry BoolAssgnmnt="12" Value="5"/>
</AssgnmntListEntry>
<AssgnmntListEntry Length="1" RootTermCovItemId="C18">
<MapEntry BoolAssgnmnt="0" Value="13"/>
<MapEntry BoolAssgnmnt="1" Value="131"/>
</AssgnmntListEntry>
<AssgnmntListEntry Length="1" RootTermCovItemId="C19">
<MapEntry BoolAssgnmnt="0" Value="527"/>
<MapEntry BoolAssgnmnt="1" Value="135"/>
</AssgnmntListEntry>
<AssgnmntListEntry Length="2" RootTermCovItemId="C2">
<MapEntry BoolAssgnmnt="10" Value="949"/>
<MapEntry BoolAssgnmnt="02" Value="76"/>
<MapEntry BoolAssgnmnt="11" Value="160"/>
</AssgnmntListEntry>
<AssgnmntListEntry Length="5" RootTermCovItemId="C20">
<MapEntry BoolAssgnmnt="02111" Value="24"/>
<MapEntry BoolAssgnmnt="02022" Value="446"/>
<MapEntry BoolAssgnmnt="02110" Value="15"/>
<MapEntry BoolAssgnmnt="11222" Value="42"/>
</AssgnmntListEntry>
<AssgnmntListEntry Length="3" RootTermCovItemId="C21">
<MapEntry BoolAssgnmnt="110" Value="15"/>
<MapEntry BoolAssgnmnt="102" Value="19"/>
<MapEntry BoolAssgnmnt="111" Value="24"/>
<MapEntry BoolAssgnmnt="022" Value="8"/>
</AssgnmntListEntry>
<AssgnmntListEntry Length="2" RootTermCovItemId="C22">
<MapEntry BoolAssgnmnt="10" Value="14"/>
<MapEntry BoolAssgnmnt="11" Value="10"/>
</AssgnmntListEntry>
<AssgnmntListEntry Length="1" RootTermCovItemId="C23">
<MapEntry BoolAssgnmnt="0" Value="10"/>
<MapEntry BoolAssgnmnt="1" Value="56"/>
</AssgnmntListEntry>
<AssgnmntListEntry Length="1" RootTermCovItemId="C24">
<MapEntry BoolAssgnmnt="0" Value="381"/>
<MapEntry BoolAssgnmnt="1" Value="146"/>
</AssgnmntListEntry>
<AssgnmntListEntry Length="3" RootTermCovItemId="C25">
<MapEntry BoolAssgnmnt="110" Value="74"/>
<MapEntry BoolAssgnmnt="111" Value="72"/>
</AssgnmntListEntry>
<AssgnmntListEntry Length="1" RootTermCovItemId="C26">
<MapEntry BoolAssgnmnt="1" Value="72"/>
</AssgnmntListEntry>
<AssgnmntListEntry Length="1" RootTermCovItemId="C27">
<MapEntry BoolAssgnmnt="1" Value="13"/>
</AssgnmntListEntry>
<AssgnmntListEntry Length="1" RootTermCovItemId="C28">
<MapEntry BoolAssgnmnt="0" Value="11"/>
<MapEntry BoolAssgnmnt="1" Value="154"/>
</AssgnmntListEntry>
<AssgnmntListEntry Length="1" RootTermCovItemId="C29">
<MapEntry BoolAssgnmnt="1" Value="154"/>
</AssgnmntListEntry>
<AssgnmntListEntry Length="1" RootTermCovItemId="C3">
<MapEntry BoolAssgnmnt="0" Value="949"/>
<MapEntry BoolAssgnmnt="1" Value="76"/>
</AssgnmntListEntry>
<AssgnmntListEntry Length="1" RootTermCovItemId="C30">
<MapEntry BoolAssgnmnt="0" Value="152"/>
<MapEntry BoolAssgnmnt="1" Value="2"/>
</AssgnmntListEntry>
<AssgnmntListEntry Length="2" RootTermCovItemId="C4">
<MapEntry BoolAssgnmnt="10" Value="106"/>
<MapEntry BoolAssgnmnt="11" Value="40"/>
</AssgnmntListEntry>
<AssgnmntListEntry Length="2" RootTermCovItemId="C5">
<MapEntry BoolAssgnmnt="10" Value="106"/>
</AssgnmntListEntry>
<AssgnmntListEntry Length="2" RootTermCovItemId="C6">
<MapEntry BoolAssgnmnt="10" Value="103"/>
<MapEntry BoolAssgnmnt="11" Value="3"/>
</AssgnmntListEntry>
<AssgnmntListEntry Length="2" RootTermCovItemId="C7">
<MapEntry BoolAssgnmnt="10" Value="63"/>
<MapEntry BoolAssgnmnt="11" Value="40"/>
</AssgnmntListEntry>
<AssgnmntListEntry Length="2" RootTermCovItemId="C8">
<MapEntry BoolAssgnmnt="10" Value="41"/>
<MapEntry BoolAssgnmnt="11" Value="22"/>
</AssgnmntListEntry>
<AssgnmntListEntry Length="2" RootTermCovItemId="C9">
<MapEntry BoolAssgnmnt="11" Value="41"/>
</AssgnmntListEntry>
</AssgnmntPrefix>
</AssgnmntList>
<ObjMetaDataList/>
<MetaDataList/>
</TestCase>
<MetaDataList/>
</TestSession>
<TestSession Comment="" Date="1421691889824" Name="19 Jan, 2015 11:54:49 PM">
<TestCase Comment="This is a test case containing all coverage results cause no startTestCase methods where captured." Date="1421689192943" Name="UNNAMED TESTCASE">
<CovList>
<CovPrefix CovItemPrefix="com.aconex.coding.challenge.NumberToAlphaConverter.java">
<Cov CovItemId="B1" Value="160"/>
<Cov CovItemId="B10" Value="103"/>
<Cov CovItemId="B11" Value="40"/>
<Cov CovItemId="B12" Value="63"/>
<Cov CovItemId="B13" Value="22"/>
<Cov CovItemId="B14" Value="41"/>
<Cov CovItemId="B15" Value="41"/>
<Cov CovItemId="B19" Value="488"/>
<Cov CovItemId="B2" Value="1025"/>
<Cov CovItemId="B20" Value="552"/>
<Cov CovItemId="B21" Value="146"/>
<Cov CovItemId="B22" Value="342"/>
<Cov CovItemId="B23" Value="6"/>
<Cov CovItemId="B24" Value="546"/>
<Cov CovItemId="B26" Value="6"/>
<Cov CovItemId="B27" Value="10"/>
<Cov CovItemId="B28" Value="144"/>
<Cov CovItemId="B29" Value="10"/>
<Cov CovItemId="B3" Value="76"/>
<Cov CovItemId="B31" Value="131"/>
<Cov CovItemId="B32" Value="13"/>
<Cov CovItemId="B33" Value="135"/>
<Cov CovItemId="B34" Value="527"/>
<Cov CovItemId="B35" Value="66"/>
<Cov CovItemId="B36" Value="461"/>
<Cov CovItemId="B37" Value="24"/>
<Cov CovItemId="B38" Value="42"/>
<Cov CovItemId="B39" Value="10"/>
<Cov CovItemId="B4" Value="949"/>
<Cov CovItemId="B40" Value="14"/>
<Cov CovItemId="B41" Value="56"/>
<Cov CovItemId="B42" Value="10"/>
<Cov CovItemId="B43" Value="146"/>
<Cov CovItemId="B44" Value="381"/>
<Cov CovItemId="B45" Value="72"/>
<Cov CovItemId="B46" Value="74"/>
<Cov CovItemId="B47" Value="72"/>
<Cov CovItemId="B49" Value="13"/>
<Cov CovItemId="B5" Value="40"/>
<Cov CovItemId="B51" Value="13"/>
<Cov CovItemId="B52" Value="154"/>
<Cov CovItemId="B54" Value="2"/>
<Cov CovItemId="B55" Value="152"/>
<Cov CovItemId="B6" Value="106"/>
<Cov CovItemId="B8" Value="106"/>
<Cov CovItemId="B9" Value="3"/>
<Cov CovItemId="L1-1" Value="43"/>
<Cov CovItemId="L1-2" Value="172"/>
<Cov CovItemId="L2-0" Value="39"/>
<Cov CovItemId="L2-1" Value="266"/>
<Cov CovItemId="L2-2" Value="222"/>
<Cov CovItemId="L3-1" Value="10"/>
<Cov CovItemId="L4-1" Value="89"/>
<Cov CovItemId="L4-2" Value="42"/>
<Cov CovItemId="L5-2" Value="205"/>
<Cov CovItemId="L6-1" Value="146"/>
<Cov CovItemId="L7-2" Value="13"/>
<Cov CovItemId="L8-2" Value="13"/>
<Cov CovItemId="S1" Value="1"/>
<Cov CovItemId="S10" Value="1"/>
<Cov CovItemId="S100" Value="66"/>
<Cov CovItemId="S101" Value="66"/>
<Cov CovItemId="S102" Value="24"/>
<Cov CovItemId="S103" Value="24"/>
<Cov CovItemId="S104" Value="10"/>
<Cov CovItemId="S105" Value="66"/>
<Cov CovItemId="S106" Value="56"/>
<Cov CovItemId="S107" Value="527"/>
<Cov CovItemId="S108" Value="527"/>
<Cov CovItemId="S109" Value="146"/>
<Cov CovItemId="S11" Value="1"/>
<Cov CovItemId="S110" Value="146"/>
<Cov CovItemId="S111" Value="146"/>
<Cov CovItemId="S112" Value="72"/>
<Cov CovItemId="S113" Value="72"/>
<Cov CovItemId="S115" Value="13"/>
<Cov CovItemId="S116" Value="13"/>
<Cov CovItemId="S117" Value="43"/>
<Cov CovItemId="S118" Value="154"/>
<Cov CovItemId="S119" Value="13"/>
<Cov CovItemId="S12" Value="1"/>
<Cov CovItemId="S120" Value="13"/>
<Cov CovItemId="S121" Value="13"/>
<Cov CovItemId="S122" Value="154"/>
<Cov CovItemId="S123" Value="154"/>
<Cov CovItemId="S124" Value="154"/>
<Cov CovItemId="S125" Value="154"/>
<Cov CovItemId="S126" Value="154"/>
<Cov CovItemId="S127" Value="2"/>
<Cov CovItemId="S129" Value="13"/>
<Cov CovItemId="S13" Value="1"/>
<Cov CovItemId="S14" Value="1"/>
<Cov CovItemId="S15" Value="1"/>
<Cov CovItemId="S16" Value="1"/>
<Cov CovItemId="S17" Value="1"/>
<Cov CovItemId="S18" Value="1"/>
<Cov CovItemId="S19" Value="1"/>
<Cov CovItemId="S2" Value="1"/>
<Cov CovItemId="S20" Value="1"/>
<Cov CovItemId="S21" Value="1"/>
<Cov CovItemId="S22" Value="1"/>
<Cov CovItemId="S23" Value="1"/>
<Cov CovItemId="S24" Value="1"/>
<Cov CovItemId="S25" Value="1"/>
<Cov CovItemId="S26" Value="1"/>
<Cov CovItemId="S27" Value="1"/>
<Cov CovItemId="S28" Value="1"/>
<Cov CovItemId="S29" Value="1"/>
<Cov CovItemId="S3" Value="1"/>
<Cov CovItemId="S30" Value="1"/>
<Cov CovItemId="S31" Value="1"/>
<Cov CovItemId="S32" Value="1"/>
<Cov CovItemId="S33" Value="1"/>
<Cov CovItemId="S34" Value="1"/>
<Cov CovItemId="S35" Value="1"/>
<Cov CovItemId="S36" Value="1"/>
<Cov CovItemId="S37" Value="1"/>
<Cov CovItemId="S38" Value="1"/>
<Cov CovItemId="S39" Value="1"/>
<Cov CovItemId="S4" Value="1"/>
<Cov CovItemId="S40" Value="1"/>
<Cov CovItemId="S41" Value="1"/>
<Cov CovItemId="S42" Value="1"/>
<Cov CovItemId="S43" Value="1"/>
<Cov CovItemId="S44" Value="1"/>
<Cov CovItemId="S45" Value="1"/>
<Cov CovItemId="S46" Value="1"/>
<Cov CovItemId="S47" Value="215"/>
<Cov CovItemId="S48" Value="215"/>
<Cov CovItemId="S49" Value="215"/>
<Cov CovItemId="S5" Value="1"/>
<Cov CovItemId="S50" Value="215"/>
<Cov CovItemId="S51" Value="1185"/>
<Cov CovItemId="S52" Value="1185"/>
<Cov CovItemId="S53" Value="160"/>
<Cov CovItemId="S54" Value="1025"/>
<Cov CovItemId="S55" Value="76"/>
<Cov CovItemId="S56" Value="215"/>
<Cov CovItemId="S57" Value="146"/>
<Cov CovItemId="S58" Value="40"/>
<Cov CovItemId="S59" Value="106"/>
<Cov CovItemId="S6" Value="1"/>
<Cov CovItemId="S61" Value="106"/>
<Cov CovItemId="S62" Value="3"/>
<Cov CovItemId="S63" Value="103"/>
<Cov CovItemId="S64" Value="40"/>
<Cov CovItemId="S65" Value="63"/>
<Cov CovItemId="S66" Value="22"/>
<Cov CovItemId="S67" Value="41"/>
<Cov CovItemId="S68" Value="41"/>
<Cov CovItemId="S7" Value="1"/>
<Cov CovItemId="S72" Value="527"/>
<Cov CovItemId="S73" Value="527"/>
<Cov CovItemId="S74" Value="1040"/>
<Cov CovItemId="S75" Value="488"/>
<Cov CovItemId="S76" Value="488"/>
<Cov CovItemId="S77" Value="146"/>
<Cov CovItemId="S78" Value="552"/>
<Cov CovItemId="S79" Value="552"/>
<Cov CovItemId="S8" Value="1"/>
<Cov CovItemId="S80" Value="6"/>
<Cov CovItemId="S81" Value="6"/>
<Cov CovItemId="S83" Value="527"/>
<Cov CovItemId="S84" Value="154"/>
<Cov CovItemId="S85" Value="154"/>
<Cov CovItemId="S86" Value="10"/>
<Cov CovItemId="S87" Value="10"/>
<Cov CovItemId="S88" Value="10"/>
<Cov CovItemId="S89" Value="10"/>
<Cov CovItemId="S9" Value="1"/>
<Cov CovItemId="S90" Value="10"/>
<Cov CovItemId="S91" Value="144"/>
<Cov CovItemId="S92" Value="131"/>
<Cov CovItemId="S93" Value="205"/>
<Cov CovItemId="S94" Value="205"/>
<Cov CovItemId="S95" Value="205"/>
<Cov CovItemId="S96" Value="662"/>
<Cov CovItemId="S97" Value="662"/>
<Cov CovItemId="S98" Value="135"/>
<Cov CovItemId="S99" Value="527"/>
</CovPrefix>
</CovList>
<AssgnmntList>
<AssgnmntPrefix RootTermCovItemPrefix="com.aconex.coding.challenge.NumberToAlphaConverter.java">
<AssgnmntListEntry Length="1" RootTermCovItemId="C1">
<MapEntry BoolAssgnmnt="0" Value="215"/>
<MapEntry BoolAssgnmnt="1" Value="1185"/>
</AssgnmntListEntry>
<AssgnmntListEntry Length="1" RootTermCovItemId="C11">
<MapEntry BoolAssgnmnt="0" Value="527"/>
<MapEntry BoolAssgnmnt="1" Value="1040"/>
</AssgnmntListEntry>
<AssgnmntListEntry Length="1" RootTermCovItemId="C12">
<MapEntry BoolAssgnmnt="0" Value="552"/>
<MapEntry BoolAssgnmnt="1" Value="488"/>
</AssgnmntListEntry>
<AssgnmntListEntry Length="1" RootTermCovItemId="C13">
<MapEntry BoolAssgnmnt="0" Value="342"/>
<MapEntry BoolAssgnmnt="1" Value="146"/>
</AssgnmntListEntry>
<AssgnmntListEntry Length="1" RootTermCovItemId="C14">
<MapEntry BoolAssgnmnt="0" Value="546"/>
<MapEntry BoolAssgnmnt="1" Value="6"/>
</AssgnmntListEntry>
<AssgnmntListEntry Length="1" RootTermCovItemId="C15">
<MapEntry BoolAssgnmnt="0" Value="6"/>
</AssgnmntListEntry>
<AssgnmntListEntry Length="1" RootTermCovItemId="C16">
<MapEntry BoolAssgnmnt="0" Value="144"/>
<MapEntry BoolAssgnmnt="1" Value="10"/>
</AssgnmntListEntry>
<AssgnmntListEntry Length="2" RootTermCovItemId="C17">
<MapEntry BoolAssgnmnt="01" Value="5"/>
<MapEntry BoolAssgnmnt="12" Value="5"/>
</AssgnmntListEntry>
<AssgnmntListEntry Length="1" RootTermCovItemId="C18">
<MapEntry BoolAssgnmnt="0" Value="13"/>
<MapEntry BoolAssgnmnt="1" Value="131"/>
</AssgnmntListEntry>
<AssgnmntListEntry Length="1" RootTermCovItemId="C19">
<MapEntry BoolAssgnmnt="0" Value="527"/>
<MapEntry BoolAssgnmnt="1" Value="135"/>
</AssgnmntListEntry>
<AssgnmntListEntry Length="2" RootTermCovItemId="C2">
<MapEntry BoolAssgnmnt="10" Value="949"/>
<MapEntry BoolAssgnmnt="02" Value="76"/>
<MapEntry BoolAssgnmnt="11" Value="160"/>
</AssgnmntListEntry>
<AssgnmntListEntry Length="5" RootTermCovItemId="C20">
<MapEntry BoolAssgnmnt="02111" Value="24"/>
<MapEntry BoolAssgnmnt="02022" Value="446"/>
<MapEntry BoolAssgnmnt="02110" Value="15"/>
<MapEntry BoolAssgnmnt="11222" Value="42"/>
</AssgnmntListEntry>
<AssgnmntListEntry Length="3" RootTermCovItemId="C21">
<MapEntry BoolAssgnmnt="110" Value="15"/>
<MapEntry BoolAssgnmnt="102" Value="19"/>
<MapEntry BoolAssgnmnt="111" Value="24"/>
<MapEntry BoolAssgnmnt="022" Value="8"/>
</AssgnmntListEntry>
<AssgnmntListEntry Length="2" RootTermCovItemId="C22">
<MapEntry BoolAssgnmnt="10" Value="14"/>
<MapEntry BoolAssgnmnt="11" Value="10"/>
</AssgnmntListEntry>
<AssgnmntListEntry Length="1" RootTermCovItemId="C23">
<MapEntry BoolAssgnmnt="0" Value="10"/>
<MapEntry BoolAssgnmnt="1" Value="56"/>
</AssgnmntListEntry>
<AssgnmntListEntry Length="1" RootTermCovItemId="C24">
<MapEntry BoolAssgnmnt="0" Value="381"/>
<MapEntry BoolAssgnmnt="1" Value="146"/>
</AssgnmntListEntry>
<AssgnmntListEntry Length="3" RootTermCovItemId="C25">
<MapEntry BoolAssgnmnt="110" Value="74"/>
<MapEntry BoolAssgnmnt="111" Value="72"/>
</AssgnmntListEntry>
<AssgnmntListEntry Length="1" RootTermCovItemId="C26">
<MapEntry BoolAssgnmnt="1" Value="72"/>
</AssgnmntListEntry>
<AssgnmntListEntry Length="1" RootTermCovItemId="C27">
<MapEntry BoolAssgnmnt="1" Value="13"/>
</AssgnmntListEntry>
<AssgnmntListEntry Length="1" RootTermCovItemId="C28">
<MapEntry BoolAssgnmnt="0" Value="11"/>
<MapEntry BoolAssgnmnt="1" Value="154"/>
</AssgnmntListEntry>
<AssgnmntListEntry Length="1" RootTermCovItemId="C29">
<MapEntry BoolAssgnmnt="1" Value="154"/>
</AssgnmntListEntry>
<AssgnmntListEntry Length="1" RootTermCovItemId="C3">
<MapEntry BoolAssgnmnt="0" Value="949"/>
<MapEntry BoolAssgnmnt="1" Value="76"/>
</AssgnmntListEntry>
<AssgnmntListEntry Length="1" RootTermCovItemId="C30">
<MapEntry BoolAssgnmnt="0" Value="152"/>
<MapEntry BoolAssgnmnt="1" Value="2"/>
</AssgnmntListEntry>
<AssgnmntListEntry Length="2" RootTermCovItemId="C4">
<MapEntry BoolAssgnmnt="10" Value="106"/>
<MapEntry BoolAssgnmnt="11" Value="40"/>
</AssgnmntListEntry>
<AssgnmntListEntry Length="2" RootTermCovItemId="C5">
<MapEntry BoolAssgnmnt="10" Value="106"/>
</AssgnmntListEntry>
<AssgnmntListEntry Length="2" RootTermCovItemId="C6">
<MapEntry BoolAssgnmnt="10" Value="103"/>
<MapEntry BoolAssgnmnt="11" Value="3"/>
</AssgnmntListEntry>
<AssgnmntListEntry Length="2" RootTermCovItemId="C7">
<MapEntry BoolAssgnmnt="10" Value="63"/>
<MapEntry BoolAssgnmnt="11" Value="40"/>
</AssgnmntListEntry>
<AssgnmntListEntry Length="2" RootTermCovItemId="C8">
<MapEntry BoolAssgnmnt="10" Value="41"/>
<MapEntry BoolAssgnmnt="11" Value="22"/>
</AssgnmntListEntry>
<AssgnmntListEntry Length="2" RootTermCovItemId="C9">
<MapEntry BoolAssgnmnt="11" Value="41"/>
</AssgnmntListEntry>
</AssgnmntPrefix>
</AssgnmntList>
<ObjMetaDataList/>
<MetaDataList/>
</TestCase>
<MetaDataList/>
</TestSession>
<TestSession Comment="" Date="1421691996836" Name="19 Jan, 2015 11:56:36 PM">
<TestCase Comment="This is a test case containing all coverage results cause no startTestCase methods where captured." Date="1421689192943" Name="UNNAMED TESTCASE">
<CovList>
<CovPrefix CovItemPrefix="com.aconex.coding.challenge.NumberToAlphaConverter.java">
<Cov CovItemId="B1" Value="160"/>
<Cov CovItemId="B10" Value="103"/>
<Cov CovItemId="B11" Value="40"/>
<Cov CovItemId="B12" Value="63"/>
<Cov CovItemId="B13" Value="22"/>
<Cov CovItemId="B14" Value="41"/>
<Cov CovItemId="B15" Value="41"/>
<Cov CovItemId="B19" Value="488"/>
<Cov CovItemId="B2" Value="1025"/>
<Cov CovItemId="B20" Value="552"/>
<Cov CovItemId="B21" Value="146"/>
<Cov CovItemId="B22" Value="342"/>
<Cov CovItemId="B23" Value="6"/>
<Cov CovItemId="B24" Value="546"/>
<Cov CovItemId="B26" Value="6"/>
<Cov CovItemId="B27" Value="10"/>
<Cov CovItemId="B28" Value="144"/>
<Cov CovItemId="B29" Value="10"/>
<Cov CovItemId="B3" Value="76"/>
<Cov CovItemId="B31" Value="131"/>
<Cov CovItemId="B32" Value="13"/>
<Cov CovItemId="B33" Value="135"/>
<Cov CovItemId="B34" Value="527"/>
<Cov CovItemId="B35" Value="66"/>
<Cov CovItemId="B36" Value="461"/>
<Cov CovItemId="B37" Value="24"/>
<Cov CovItemId="B38" Value="42"/>
<Cov CovItemId="B39" Value="10"/>
<Cov CovItemId="B4" Value="949"/>
<Cov CovItemId="B40" Value="14"/>
<Cov CovItemId="B41" Value="56"/>
<Cov CovItemId="B42" Value="10"/>
<Cov CovItemId="B43" Value="146"/>
<Cov CovItemId="B44" Value="381"/>
<Cov CovItemId="B45" Value="72"/>
<Cov CovItemId="B46" Value="74"/>
<Cov CovItemId="B47" Value="72"/>
<Cov CovItemId="B49" Value="13"/>
<Cov CovItemId="B5" Value="40"/>
<Cov CovItemId="B51" Value="13"/>
<Cov CovItemId="B52" Value="154"/>
<Cov CovItemId="B54" Value="2"/>
<Cov CovItemId="B55" Value="152"/>
<Cov CovItemId="B6" Value="106"/>
<Cov CovItemId="B8" Value="106"/>
<Cov CovItemId="B9" Value="3"/>
<Cov CovItemId="L1-1" Value="43"/>
<Cov CovItemId="L1-2" Value="172"/>
<Cov CovItemId="L2-0" Value="39"/>
<Cov CovItemId="L2-1" Value="266"/>
<Cov CovItemId="L2-2" Value="222"/>
<Cov CovItemId="L3-1" Value="10"/>
<Cov CovItemId="L4-1" Value="89"/>
<Cov CovItemId="L4-2" Value="42"/>
<Cov CovItemId="L5-2" Value="205"/>
<Cov CovItemId="L6-1" Value="146"/>
<Cov CovItemId="L7-2" Value="13"/>
<Cov CovItemId="L8-2" Value="13"/>
<Cov CovItemId="S1" Value="1"/>
<Cov CovItemId="S10" Value="1"/>
<Cov CovItemId="S100" Value="66"/>
<Cov CovItemId="S101" Value="66"/>
<Cov CovItemId="S102" Value="24"/>
<Cov CovItemId="S103" Value="24"/>
<Cov CovItemId="S104" Value="10"/>
<Cov CovItemId="S105" Value="66"/>
<Cov CovItemId="S106" Value="56"/>
<Cov CovItemId="S107" Value="527"/>
<Cov CovItemId="S108" Value="527"/>
<Cov CovItemId="S109" Value="146"/>
<Cov CovItemId="S11" Value="1"/>
<Cov CovItemId="S110" Value="146"/>
<Cov CovItemId="S111" Value="146"/>
<Cov CovItemId="S112" Value="72"/>
<Cov CovItemId="S113" Value="72"/>
<Cov CovItemId="S115" Value="13"/>
<Cov CovItemId="S116" Value="13"/>
<Cov CovItemId="S117" Value="43"/>
<Cov CovItemId="S118" Value="154"/>
<Cov CovItemId="S119" Value="13"/>
<Cov CovItemId="S12" Value="1"/>
<Cov CovItemId="S120" Value="13"/>
<Cov CovItemId="S121" Value="13"/>
<Cov CovItemId="S122" Value="154"/>
<Cov CovItemId="S123" Value="154"/>
<Cov CovItemId="S124" Value="154"/>
<Cov CovItemId="S125" Value="154"/>
<Cov CovItemId="S126" Value="154"/>
<Cov CovItemId="S127" Value="2"/>
<Cov CovItemId="S129" Value="13"/>
<Cov CovItemId="S13" Value="1"/>
<Cov CovItemId="S14" Value="1"/>
<Cov CovItemId="S15" Value="1"/>
<Cov CovItemId="S16" Value="1"/>
<Cov CovItemId="S17" Value="1"/>
<Cov CovItemId="S18" Value="1"/>
<Cov CovItemId="S19" Value="1"/>
<Cov CovItemId="S2" Value="1"/>
<Cov CovItemId="S20" Value="1"/>
<Cov CovItemId="S21" Value="1"/>
<Cov CovItemId="S22" Value="1"/>
<Cov CovItemId="S23" Value="1"/>
<Cov CovItemId="S24" Value="1"/>
<Cov CovItemId="S25" Value="1"/>
<Cov CovItemId="S26" Value="1"/>
<Cov CovItemId="S27" Value="1"/>
<Cov CovItemId="S28" Value="1"/>
<Cov CovItemId="S29" Value="1"/>
<Cov CovItemId="S3" Value="1"/>
<Cov CovItemId="S30" Value="1"/>
<Cov CovItemId="S31" Value="1"/>
<Cov CovItemId="S32" Value="1"/>
<Cov CovItemId="S33" Value="1"/>
<Cov CovItemId="S34" Value="1"/>
<Cov CovItemId="S35" Value="1"/>
<Cov CovItemId="S36" Value="1"/>
<Cov CovItemId="S37" Value="1"/>
<Cov CovItemId="S38" Value="1"/>
<Cov CovItemId="S39" Value="1"/>
<Cov CovItemId="S4" Value="1"/>
<Cov CovItemId="S40" Value="1"/>
<Cov CovItemId="S41" Value="1"/>
<Cov CovItemId="S42" Value="1"/>
<Cov CovItemId="S43" Value="1"/>
<Cov CovItemId="S44" Value="1"/>
<Cov CovItemId="S45" Value="1"/>
<Cov CovItemId="S46" Value="1"/>
<Cov CovItemId="S47" Value="215"/>
<Cov CovItemId="S48" Value="215"/>
<Cov CovItemId="S49" Value="215"/>
<Cov CovItemId="S5" Value="1"/>
<Cov CovItemId="S50" Value="215"/>
<Cov CovItemId="S51" Value="1185"/>
<Cov CovItemId="S52" Value="1185"/>
<Cov CovItemId="S53" Value="160"/>
<Cov CovItemId="S54" Value="1025"/>
<Cov CovItemId="S55" Value="76"/>
<Cov CovItemId="S56" Value="215"/>
<Cov CovItemId="S57" Value="146"/>
<Cov CovItemId="S58" Value="40"/>
<Cov CovItemId="S59" Value="106"/>
<Cov CovItemId="S6" Value="1"/>
<Cov CovItemId="S61" Value="106"/>
<Cov CovItemId="S62" Value="3"/>
<Cov CovItemId="S63" Value="103"/>
<Cov CovItemId="S64" Value="40"/>
<Cov CovItemId="S65" Value="63"/>
<Cov CovItemId="S66" Value="22"/>
<Cov CovItemId="S67" Value="41"/>
<Cov CovItemId="S68" Value="41"/>
<Cov CovItemId="S7" Value="1"/>
<Cov CovItemId="S72" Value="527"/>
<Cov CovItemId="S73" Value="527"/>
<Cov CovItemId="S74" Value="1040"/>
<Cov CovItemId="S75" Value="488"/>
<Cov CovItemId="S76" Value="488"/>
<Cov CovItemId="S77" Value="146"/>
<Cov CovItemId="S78" Value="552"/>
<Cov CovItemId="S79" Value="552"/>
<Cov CovItemId="S8" Value="1"/>
<Cov CovItemId="S80" Value="6"/>
<Cov CovItemId="S81" Value="6"/>
<Cov CovItemId="S83" Value="527"/>
<Cov CovItemId="S84" Value="154"/>
<Cov CovItemId="S85" Value="154"/>
<Cov CovItemId="S86" Value="10"/>
<Cov CovItemId="S87" Value="10"/>
<Cov CovItemId="S88" Value="10"/>
<Cov CovItemId="S89" Value="10"/>
<Cov CovItemId="S9" Value="1"/>
<Cov CovItemId="S90" Value="10"/>
<Cov CovItemId="S91" Value="144"/>
<Cov CovItemId="S92" Value="131"/>
<Cov CovItemId="S93" Value="205"/>
<Cov CovItemId="S94" Value="205"/>
<Cov CovItemId="S95" Value="205"/>
<Cov CovItemId="S96" Value="662"/>
<Cov CovItemId="S97" Value="662"/>
<Cov CovItemId="S98" Value="135"/>
<Cov CovItemId="S99" Value="527"/>
</CovPrefix>
</CovList>
<AssgnmntList>
<AssgnmntPrefix RootTermCovItemPrefix="com.aconex.coding.challenge.NumberToAlphaConverter.java">
<AssgnmntListEntry Length="1" RootTermCovItemId="C1">
<MapEntry BoolAssgnmnt="0" Value="215"/>
<MapEntry BoolAssgnmnt="1" Value="1185"/>
</AssgnmntListEntry>
<AssgnmntListEntry Length="1" RootTermCovItemId="C11">
<MapEntry BoolAssgnmnt="0" Value="527"/>
<MapEntry BoolAssgnmnt="1" Value="1040"/>
</AssgnmntListEntry>
<AssgnmntListEntry Length="1" RootTermCovItemId="C12">
<MapEntry BoolAssgnmnt="0" Value="552"/>
<MapEntry BoolAssgnmnt="1" Value="488"/>
</AssgnmntListEntry>
<AssgnmntListEntry Length="1" RootTermCovItemId="C13">
<MapEntry BoolAssgnmnt="0" Value="342"/>
<MapEntry BoolAssgnmnt="1" Value="146"/>
</AssgnmntListEntry>
<AssgnmntListEntry Length="1" RootTermCovItemId="C14">
<MapEntry BoolAssgnmnt="0" Value="546"/>
<MapEntry BoolAssgnmnt="1" Value="6"/>
</AssgnmntListEntry>
<AssgnmntListEntry Length="1" RootTermCovItemId="C15">
<MapEntry BoolAssgnmnt="0" Value="6"/>
</AssgnmntListEntry>
<AssgnmntListEntry Length="1" RootTermCovItemId="C16">
<MapEntry BoolAssgnmnt="0" Value="144"/>
<MapEntry BoolAssgnmnt="1" Value="10"/>
</AssgnmntListEntry>
<AssgnmntListEntry Length="2" RootTermCovItemId="C17">
<MapEntry BoolAssgnmnt="01" Value="5"/>
<MapEntry BoolAssgnmnt="12" Value="5"/>
</AssgnmntListEntry>
<AssgnmntListEntry Length="1" RootTermCovItemId="C18">
<MapEntry BoolAssgnmnt="0" Value="13"/>
<MapEntry BoolAssgnmnt="1" Value="131"/>
</AssgnmntListEntry>
<AssgnmntListEntry Length="1" RootTermCovItemId="C19">
<MapEntry BoolAssgnmnt="0" Value="527"/>
<MapEntry BoolAssgnmnt="1" Value="135"/>
</AssgnmntListEntry>
<AssgnmntListEntry Length="2" RootTermCovItemId="C2">
<MapEntry BoolAssgnmnt="10" Value="949"/>
<MapEntry BoolAssgnmnt="02" Value="76"/>
<MapEntry BoolAssgnmnt="11" Value="160"/>
</AssgnmntListEntry>
<AssgnmntListEntry Length="5" RootTermCovItemId="C20">
<MapEntry BoolAssgnmnt="02111" Value="24"/>
<MapEntry BoolAssgnmnt="02022" Value="446"/>
<MapEntry BoolAssgnmnt="02110" Value="15"/>
<MapEntry BoolAssgnmnt="11222" Value="42"/>
</AssgnmntListEntry>
<AssgnmntListEntry Length="3" RootTermCovItemId="C21">
<MapEntry BoolAssgnmnt="110" Value="15"/>
<MapEntry BoolAssgnmnt="102" Value="19"/>
<MapEntry BoolAssgnmnt="111" Value="24"/>
<MapEntry BoolAssgnmnt="022" Value="8"/>
</AssgnmntListEntry>
<AssgnmntListEntry Length="2" RootTermCovItemId="C22">
<MapEntry BoolAssgnmnt="10" Value="14"/>
<MapEntry BoolAssgnmnt="11" Value="10"/>
</AssgnmntListEntry>
<AssgnmntListEntry Length="1" RootTermCovItemId="C23">
<MapEntry BoolAssgnmnt="0" Value="10"/>
<MapEntry BoolAssgnmnt="1" Value="56"/>
</AssgnmntListEntry>
<AssgnmntListEntry Length="1" RootTermCovItemId="C24">
<MapEntry BoolAssgnmnt="0" Value="381"/>
<MapEntry BoolAssgnmnt="1" Value="146"/>
</AssgnmntListEntry>
<AssgnmntListEntry Length="3" RootTermCovItemId="C25">
<MapEntry BoolAssgnmnt="110" Value="74"/>
<MapEntry BoolAssgnmnt="111" Value="72"/>
</AssgnmntListEntry>
<AssgnmntListEntry Length="1" RootTermCovItemId="C26">
<MapEntry BoolAssgnmnt="1" Value="72"/>
</AssgnmntListEntry>
<AssgnmntListEntry Length="1" RootTermCovItemId="C27">
<MapEntry BoolAssgnmnt="1" Value="13"/>
</AssgnmntListEntry>
<AssgnmntListEntry Length="1" RootTermCovItemId="C28">
<MapEntry BoolAssgnmnt="0" Value="11"/>
<MapEntry BoolAssgnmnt="1" Value="154"/>
</AssgnmntListEntry>
<AssgnmntListEntry Length="1" RootTermCovItemId="C29">
<MapEntry BoolAssgnmnt="1" Value="154"/>
</AssgnmntListEntry>
<AssgnmntListEntry Length="1" RootTermCovItemId="C3">
<MapEntry BoolAssgnmnt="0" Value="949"/>
<MapEntry BoolAssgnmnt="1" Value="76"/>
</AssgnmntListEntry>
<AssgnmntListEntry Length="1" RootTermCovItemId="C30">
<MapEntry BoolAssgnmnt="0" Value="152"/>
<MapEntry BoolAssgnmnt="1" Value="2"/>
</AssgnmntListEntry>
<AssgnmntListEntry Length="2" RootTermCovItemId="C4">
<MapEntry BoolAssgnmnt="10" Value="106"/>
<MapEntry BoolAssgnmnt="11" Value="40"/>
</AssgnmntListEntry>
<AssgnmntListEntry Length="2" RootTermCovItemId="C5">
<MapEntry BoolAssgnmnt="10" Value="106"/>
</AssgnmntListEntry>
<AssgnmntListEntry Length="2" RootTermCovItemId="C6">
<MapEntry BoolAssgnmnt="10" Value="103"/>
<MapEntry BoolAssgnmnt="11" Value="3"/>
</AssgnmntListEntry>
<AssgnmntListEntry Length="2" RootTermCovItemId="C7">
<MapEntry BoolAssgnmnt="10" Value="63"/>
<MapEntry BoolAssgnmnt="11" Value="40"/>
</AssgnmntListEntry>
<AssgnmntListEntry Length="2" RootTermCovItemId="C8">
<MapEntry BoolAssgnmnt="10" Value="41"/>
<MapEntry BoolAssgnmnt="11" Value="22"/>
</AssgnmntListEntry>
<AssgnmntListEntry Length="2" RootTermCovItemId="C9">
<MapEntry BoolAssgnmnt="11" Value="41"/>
</AssgnmntListEntry>
</AssgnmntPrefix>
</AssgnmntList>
<ObjMetaDataList/>
<MetaDataList/>
</TestCase>
<MetaDataList/>
</TestSession>
<TestSession Comment="" Date="1421692012673" Name="19 Jan, 2015 11:56:52 PM">
<TestCase Comment="This is a test case containing all coverage results cause no startTestCase methods where captured." Date="1421689192943" Name="UNNAMED TESTCASE">
<CovList>
<CovPrefix CovItemPrefix="com.aconex.coding.challenge.NumberToAlphaConverter.java">
<Cov CovItemId="B1" Value="160"/>
<Cov CovItemId="B10" Value="103"/>
<Cov CovItemId="B11" Value="40"/>
<Cov CovItemId="B12" Value="63"/>
<Cov CovItemId="B13" Value="22"/>
<Cov CovItemId="B14" Value="41"/>
<Cov CovItemId="B15" Value="41"/>
<Cov CovItemId="B19" Value="488"/>
<Cov CovItemId="B2" Value="1025"/>
<Cov CovItemId="B20" Value="552"/>
<Cov CovItemId="B21" Value="146"/>
<Cov CovItemId="B22" Value="342"/>
<Cov CovItemId="B23" Value="6"/>
<Cov CovItemId="B24" Value="546"/>
<Cov CovItemId="B26" Value="6"/>
<Cov CovItemId="B27" Value="10"/>
<Cov CovItemId="B28" Value="144"/>
<Cov CovItemId="B29" Value="10"/>
<Cov CovItemId="B3" Value="76"/>
<Cov CovItemId="B31" Value="131"/>
<Cov CovItemId="B32" Value="13"/>
<Cov CovItemId="B33" Value="135"/>
<Cov CovItemId="B34" Value="527"/>
<Cov CovItemId="B35" Value="66"/>
<Cov CovItemId="B36" Value="461"/>
<Cov CovItemId="B37" Value="24"/>
<Cov CovItemId="B38" Value="42"/>
<Cov CovItemId="B39" Value="10"/>
<Cov CovItemId="B4" Value="949"/>
<Cov CovItemId="B40" Value="14"/>
<Cov CovItemId="B41" Value="56"/>
<Cov CovItemId="B42" Value="10"/>
<Cov CovItemId="B43" Value="146"/>
<Cov CovItemId="B44" Value="381"/>
<Cov CovItemId="B45" Value="72"/>
<Cov CovItemId="B46" Value="74"/>
<Cov CovItemId="B47" Value="72"/>
<Cov CovItemId="B49" Value="13"/>
<Cov CovItemId="B5" Value="40"/>
<Cov CovItemId="B51" Value="13"/>
<Cov CovItemId="B52" Value="154"/>
<Cov CovItemId="B54" Value="2"/>
<Cov CovItemId="B55" Value="152"/>
<Cov CovItemId="B6" Value="106"/>
<Cov CovItemId="B8" Value="106"/>
<Cov CovItemId="B9" Value="3"/>
<Cov CovItemId="L1-1" Value="43"/>
<Cov CovItemId="L1-2" Value="172"/>
<Cov CovItemId="L2-0" Value="39"/>
<Cov CovItemId="L2-1" Value="266"/>
<Cov CovItemId="L2-2" Value="222"/>
<Cov CovItemId="L3-1" Value="10"/>
<Cov CovItemId="L4-1" Value="89"/>
<Cov CovItemId="L4-2" Value="42"/>
<Cov CovItemId="L5-2" Value="205"/>
<Cov CovItemId="L6-1" Value="146"/>
<Cov CovItemId="L7-2" Value="13"/>
<Cov CovItemId="L8-2" Value="13"/>
<Cov CovItemId="S1" Value="1"/>
<Cov CovItemId="S10" Value="1"/>
<Cov CovItemId="S100" Value="66"/>
<Cov CovItemId="S101" Value="66"/>
<Cov CovItemId="S102" Value="24"/>
<Cov CovItemId="S103" Value="24"/>
<Cov CovItemId="S104" Value="10"/>
<Cov CovItemId="S105" Value="66"/>
<Cov CovItemId="S106" Value="56"/>
<Cov CovItemId="S107" Value="527"/>
<Cov CovItemId="S108" Value="527"/>
<Cov CovItemId="S109" Value="146"/>
<Cov CovItemId="S11" Value="1"/>
<Cov CovItemId="S110" Value="146"/>
<Cov CovItemId="S111" Value="146"/>
<Cov CovItemId="S112" Value="72"/>
<Cov CovItemId="S113" Value="72"/>
<Cov CovItemId="S115" Value="13"/>
<Cov CovItemId="S116" Value="13"/>
<Cov CovItemId="S117" Value="43"/>
<Cov CovItemId="S118" Value="154"/>
<Cov CovItemId="S119" Value="13"/>
<Cov CovItemId="S12" Value="1"/>
<Cov CovItemId="S120" Value="13"/>
<Cov CovItemId="S121" Value="13"/>
<Cov CovItemId="S122" Value="154"/>
<Cov CovItemId="S123" Value="154"/>
<Cov CovItemId="S124" Value="154"/>
<Cov CovItemId="S125" Value="154"/>
<Cov CovItemId="S126" Value="154"/>
<Cov CovItemId="S127" Value="2"/>
<Cov CovItemId="S129" Value="13"/>
<Cov CovItemId="S13" Value="1"/>
<Cov CovItemId="S14" Value="1"/>
<Cov CovItemId="S15" Value="1"/>
<Cov CovItemId="S16" Value="1"/>
<Cov CovItemId="S17" Value="1"/>
<Cov CovItemId="S18" Value="1"/>
<Cov CovItemId="S19" Value="1"/>
<Cov CovItemId="S2" Value="1"/>
<Cov CovItemId="S20" Value="1"/>
<Cov CovItemId="S21" Value="1"/>
<Cov CovItemId="S22" Value="1"/>
<Cov CovItemId="S23" Value="1"/>
<Cov CovItemId="S24" Value="1"/>
<Cov CovItemId="S25" Value="1"/>
<Cov CovItemId="S26" Value="1"/>
<Cov CovItemId="S27" Value="1"/>
<Cov CovItemId="S28" Value="1"/>
<Cov CovItemId="S29" Value="1"/>
<Cov CovItemId="S3" Value="1"/>
<Cov CovItemId="S30" Value="1"/>
<Cov CovItemId="S31" Value="1"/>
<Cov CovItemId="S32" Value="1"/>
<Cov CovItemId="S33" Value="1"/>
<Cov CovItemId="S34" Value="1"/>
<Cov CovItemId="S35" Value="1"/>
<Cov CovItemId="S36" Value="1"/>
<Cov CovItemId="S37" Value="1"/>
<Cov CovItemId="S38" Value="1"/>
<Cov CovItemId="S39" Value="1"/>
<Cov CovItemId="S4" Value="1"/>
<Cov CovItemId="S40" Value="1"/>
<Cov CovItemId="S41" Value="1"/>
<Cov CovItemId="S42" Value="1"/>
<Cov CovItemId="S43" Value="1"/>
<Cov CovItemId="S44" Value="1"/>
<Cov CovItemId="S45" Value="1"/>
<Cov CovItemId="S46" Value="1"/>
<Cov CovItemId="S47" Value="215"/>
<Cov CovItemId="S48" Value="215"/>
<Cov CovItemId="S49" Value="215"/>
<Cov CovItemId="S5" Value="1"/>
<Cov CovItemId="S50" Value="215"/>
<Cov CovItemId="S51" Value="1185"/>
<Cov CovItemId="S52" Value="1185"/>
<Cov CovItemId="S53" Value="160"/>
<Cov CovItemId="S54" Value="1025"/>
<Cov CovItemId="S55" Value="76"/>
<Cov CovItemId="S56" Value="215"/>
<Cov CovItemId="S57" Value="146"/>
<Cov CovItemId="S58" Value="40"/>
<Cov CovItemId="S59" Value="106"/>
<Cov CovItemId="S6" Value="1"/>
<Cov CovItemId="S61" Value="106"/>
<Cov CovItemId="S62" Value="3"/>
<Cov CovItemId="S63" Value="103"/>
<Cov CovItemId="S64" Value="40"/>
<Cov CovItemId="S65" Value="63"/>
<Cov CovItemId="S66" Value="22"/>
<Cov CovItemId="S67" Value="41"/>
<Cov CovItemId="S68" Value="41"/>
<Cov CovItemId="S7" Value="1"/>
<Cov CovItemId="S72" Value="527"/>
<Cov CovItemId="S73" Value="527"/>
<Cov CovItemId="S74" Value="1040"/>
<Cov CovItemId="S75" Value="488"/>
<Cov CovItemId="S76" Value="488"/>
<Cov CovItemId="S77" Value="146"/>
<Cov CovItemId="S78" Value="552"/>
<Cov CovItemId="S79" Value="552"/>
<Cov CovItemId="S8" Value="1"/>
<Cov CovItemId="S80" Value="6"/>
<Cov CovItemId="S81" Value="6"/>
<Cov CovItemId="S83" Value="527"/>
<Cov CovItemId="S84" Value="154"/>
<Cov CovItemId="S85" Value="154"/>
<Cov CovItemId="S86" Value="10"/>
<Cov CovItemId="S87" Value="10"/>
<Cov CovItemId="S88" Value="10"/>
<Cov CovItemId="S89" Value="10"/>
<Cov CovItemId="S9" Value="1"/>
<Cov CovItemId="S90" Value="10"/>
<Cov CovItemId="S91" Value="144"/>
<Cov CovItemId="S92" Value="131"/>
<Cov CovItemId="S93" Value="205"/>
<Cov CovItemId="S94" Value="205"/>
<Cov CovItemId="S95" Value="205"/>
<Cov CovItemId="S96" Value="662"/>
<Cov CovItemId="S97" Value="662"/>
<Cov CovItemId="S98" Value="135"/>
<Cov CovItemId="S99" Value="527"/>
</CovPrefix>
</CovList>
<AssgnmntList>
<AssgnmntPrefix RootTermCovItemPrefix="com.aconex.coding.challenge.NumberToAlphaConverter.java">
<AssgnmntListEntry Length="1" RootTermCovItemId="C1">
<MapEntry BoolAssgnmnt="0" Value="215"/>
<MapEntry BoolAssgnmnt="1" Value="1185"/>
</AssgnmntListEntry>
<AssgnmntListEntry Length="1" RootTermCovItemId="C11">
<MapEntry BoolAssgnmnt="0" Value="527"/>
<MapEntry BoolAssgnmnt="1" Value="1040"/>
</AssgnmntListEntry>
<AssgnmntListEntry Length="1" RootTermCovItemId="C12">
<MapEntry BoolAssgnmnt="0" Value="552"/>
<MapEntry BoolAssgnmnt="1" Value="488"/>
</AssgnmntListEntry>
<AssgnmntListEntry Length="1" RootTermCovItemId="C13">
<MapEntry BoolAssgnmnt="0" Value="342"/>
<MapEntry BoolAssgnmnt="1" Value="146"/>
</AssgnmntListEntry>
<AssgnmntListEntry Length="1" RootTermCovItemId="C14">
<MapEntry BoolAssgnmnt="0" Value="546"/>
<MapEntry BoolAssgnmnt="1" Value="6"/>
</AssgnmntListEntry>
<AssgnmntListEntry Length="1" RootTermCovItemId="C15">
<MapEntry BoolAssgnmnt="0" Value="6"/>
</AssgnmntListEntry>
<AssgnmntListEntry Length="1" RootTermCovItemId="C16">
<MapEntry BoolAssgnmnt="0" Value="144"/>
<MapEntry BoolAssgnmnt="1" Value="10"/>
</AssgnmntListEntry>
<AssgnmntListEntry Length="2" RootTermCovItemId="C17">
<MapEntry BoolAssgnmnt="01" Value="5"/>
<MapEntry BoolAssgnmnt="12" Value="5"/>
</AssgnmntListEntry>
<AssgnmntListEntry Length="1" RootTermCovItemId="C18">
<MapEntry BoolAssgnmnt="0" Value="13"/>
<MapEntry BoolAssgnmnt="1" Value="131"/>
</AssgnmntListEntry>
<AssgnmntListEntry Length="1" RootTermCovItemId="C19">
<MapEntry BoolAssgnmnt="0" Value="527"/>
<MapEntry BoolAssgnmnt="1" Value="135"/>
</AssgnmntListEntry>
<AssgnmntListEntry Length="2" RootTermCovItemId="C2">
<MapEntry BoolAssgnmnt="10" Value="949"/>
<MapEntry BoolAssgnmnt="02" Value="76"/>
<MapEntry BoolAssgnmnt="11" Value="160"/>
</AssgnmntListEntry>
<AssgnmntListEntry Length="5" RootTermCovItemId="C20">
<MapEntry BoolAssgnmnt="02111" Value="24"/>
<MapEntry BoolAssgnmnt="02022" Value="446"/>
<MapEntry BoolAssgnmnt="02110" Value="15"/>
<MapEntry BoolAssgnmnt="11222" Value="42"/>
</AssgnmntListEntry>
<AssgnmntListEntry Length="3" RootTermCovItemId="C21">
<MapEntry BoolAssgnmnt="110" Value="15"/>
<MapEntry BoolAssgnmnt="102" Value="19"/>
<MapEntry BoolAssgnmnt="111" Value="24"/>
<MapEntry BoolAssgnmnt="022" Value="8"/>
</AssgnmntListEntry>
<AssgnmntListEntry Length="2" RootTermCovItemId="C22">
<MapEntry BoolAssgnmnt="10" Value="14"/>
<MapEntry BoolAssgnmnt="11" Value="10"/>
</AssgnmntListEntry>
<AssgnmntListEntry Length="1" RootTermCovItemId="C23">
<MapEntry BoolAssgnmnt="0" Value="10"/>
<MapEntry BoolAssgnmnt="1" Value="56"/>
</AssgnmntListEntry>
<AssgnmntListEntry Length="1" RootTermCovItemId="C24">
<MapEntry BoolAssgnmnt="0" Value="381"/>
<MapEntry BoolAssgnmnt="1" Value="146"/>
</AssgnmntListEntry>
<AssgnmntListEntry Length="3" RootTermCovItemId="C25">
<MapEntry BoolAssgnmnt="110" Value="74"/>
<MapEntry BoolAssgnmnt="111" Value="72"/>
</AssgnmntListEntry>
<AssgnmntListEntry Length="1" RootTermCovItemId="C26">
<MapEntry BoolAssgnmnt="1" Value="72"/>
</AssgnmntListEntry>
<AssgnmntListEntry Length="1" RootTermCovItemId="C27">
<MapEntry BoolAssgnmnt="1" Value="13"/>
</AssgnmntListEntry>
<AssgnmntListEntry Length="1" RootTermCovItemId="C28">
<MapEntry BoolAssgnmnt="0" Value="11"/>
<MapEntry BoolAssgnmnt="1" Value="154"/>
</AssgnmntListEntry>
<AssgnmntListEntry Length="1" RootTermCovItemId="C29">
<MapEntry BoolAssgnmnt="1" Value="154"/>
</AssgnmntListEntry>
<AssgnmntListEntry Length="1" RootTermCovItemId="C3">
<MapEntry BoolAssgnmnt="0" Value="949"/>
<MapEntry BoolAssgnmnt="1" Value="76"/>
</AssgnmntListEntry>
<AssgnmntListEntry Length="1" RootTermCovItemId="C30">
<MapEntry BoolAssgnmnt="0" Value="152"/>
<MapEntry BoolAssgnmnt="1" Value="2"/>
</AssgnmntListEntry>
<AssgnmntListEntry Length="2" RootTermCovItemId="C4">
<MapEntry BoolAssgnmnt="10" Value="106"/>
<MapEntry BoolAssgnmnt="11" Value="40"/>
</AssgnmntListEntry>
<AssgnmntListEntry Length="2" RootTermCovItemId="C5">
<MapEntry BoolAssgnmnt="10" Value="106"/>
</AssgnmntListEntry>
<AssgnmntListEntry Length="2" RootTermCovItemId="C6">
<MapEntry BoolAssgnmnt="10" Value="103"/>
<MapEntry BoolAssgnmnt="11" Value="3"/>
</AssgnmntListEntry>
<AssgnmntListEntry Length="2" RootTermCovItemId="C7">
<MapEntry BoolAssgnmnt="10" Value="63"/>
<MapEntry BoolAssgnmnt="11" Value="40"/>
</AssgnmntListEntry>
<AssgnmntListEntry Length="2" RootTermCovItemId="C8">
<MapEntry BoolAssgnmnt="10" Value="41"/>
<MapEntry BoolAssgnmnt="11" Value="22"/>
</AssgnmntListEntry>
<AssgnmntListEntry Length="2" RootTermCovItemId="C9">
<MapEntry BoolAssgnmnt="11" Value="41"/>
</AssgnmntListEntry>
</AssgnmntPrefix>
</AssgnmntList>
<ObjMetaDataList/>
<MetaDataList/>
</TestCase>
<MetaDataList/>
</TestSession>
<TestSession Comment="" Date="1421692096052" Name="19 Jan, 2015 11:58:16 PM">
<TestCase Comment="This is a test case containing all coverage results cause no startTestCase methods where captured." Date="1421689192943" Name="UNNAMED TESTCASE">
<CovList>
<CovPrefix CovItemPrefix="com.aconex.coding.challenge.NumberToAlphaConverter.java">
<Cov CovItemId="B1" Value="160"/>
<Cov CovItemId="B10" Value="103"/>
<Cov CovItemId="B11" Value="40"/>
<Cov CovItemId="B12" Value="63"/>
<Cov CovItemId="B13" Value="22"/>
<Cov CovItemId="B14" Value="41"/>
<Cov CovItemId="B15" Value="41"/>
<Cov CovItemId="B19" Value="488"/>
<Cov CovItemId="B2" Value="1025"/>
<Cov CovItemId="B20" Value="552"/>
<Cov CovItemId="B21" Value="146"/>
<Cov CovItemId="B22" Value="342"/>
<Cov CovItemId="B23" Value="6"/>
<Cov CovItemId="B24" Value="546"/>
<Cov CovItemId="B26" Value="6"/>
<Cov CovItemId="B27" Value="10"/>
<Cov CovItemId="B28" Value="144"/>
<Cov CovItemId="B29" Value="10"/>
<Cov CovItemId="B3" Value="76"/>
<Cov CovItemId="B31" Value="131"/>
<Cov CovItemId="B32" Value="13"/>
<Cov CovItemId="B33" Value="135"/>
<Cov CovItemId="B34" Value="527"/>
<Cov CovItemId="B35" Value="66"/>
<Cov CovItemId="B36" Value="461"/>
<Cov CovItemId="B37" Value="24"/>
<Cov CovItemId="B38" Value="42"/>
<Cov CovItemId="B39" Value="10"/>
<Cov CovItemId="B4" Value="949"/>
<Cov CovItemId="B40" Value="14"/>
<Cov CovItemId="B41" Value="56"/>
<Cov CovItemId="B42" Value="10"/>
<Cov CovItemId="B43" Value="146"/>
<Cov CovItemId="B44" Value="381"/>
<Cov CovItemId="B45" Value="72"/>
<Cov CovItemId="B46" Value="74"/>
<Cov CovItemId="B47" Value="72"/>
<Cov CovItemId="B49" Value="13"/>
<Cov CovItemId="B5" Value="40"/>
<Cov CovItemId="B51" Value="13"/>
<Cov CovItemId="B52" Value="154"/>
<Cov CovItemId="B54" Value="2"/>
<Cov CovItemId="B55" Value="152"/>
<Cov CovItemId="B6" Value="106"/>
<Cov CovItemId="B8" Value="106"/>
<Cov CovItemId="B9" Value="3"/>
<Cov CovItemId="L1-1" Value="43"/>
<Cov CovItemId="L1-2" Value="172"/>
<Cov CovItemId="L2-0" Value="39"/>
<Cov CovItemId="L2-1" Value="266"/>
<Cov CovItemId="L2-2" Value="222"/>
<Cov CovItemId="L3-1" Value="10"/>
<Cov CovItemId="L4-1" Value="89"/>
<Cov CovItemId="L4-2" Value="42"/>
<Cov CovItemId="L5-2" Value="205"/>
<Cov CovItemId="L6-1" Value="146"/>
<Cov CovItemId="L7-2" Value="13"/>
<Cov CovItemId="L8-2" Value="13"/>
<Cov CovItemId="S1" Value="1"/>
<Cov CovItemId="S10" Value="1"/>
<Cov CovItemId="S100" Value="66"/>
<Cov CovItemId="S101" Value="66"/>
<Cov CovItemId="S102" Value="24"/>
<Cov CovItemId="S103" Value="24"/>
<Cov CovItemId="S104" Value="10"/>
<Cov CovItemId="S105" Value="66"/>
<Cov CovItemId="S106" Value="56"/>
<Cov CovItemId="S107" Value="527"/>
<Cov CovItemId="S108" Value="527"/>
<Cov CovItemId="S109" Value="146"/>
<Cov CovItemId="S11" Value="1"/>
<Cov CovItemId="S110" Value="146"/>
<Cov CovItemId="S111" Value="146"/>
<Cov CovItemId="S112" Value="72"/>
<Cov CovItemId="S113" Value="72"/>
<Cov CovItemId="S115" Value="13"/>
<Cov CovItemId="S116" Value="13"/>
<Cov CovItemId="S117" Value="43"/>
<Cov CovItemId="S118" Value="154"/>
<Cov CovItemId="S119" Value="13"/>
<Cov CovItemId="S12" Value="1"/>
<Cov CovItemId="S120" Value="13"/>
<Cov CovItemId="S121" Value="13"/>
<Cov CovItemId="S122" Value="154"/>
<Cov CovItemId="S123" Value="154"/>
<Cov CovItemId="S124" Value="154"/>
<Cov CovItemId="S125" Value="154"/>
<Cov CovItemId="S126" Value="154"/>
<Cov CovItemId="S127" Value="2"/>
<Cov CovItemId="S129" Value="13"/>
<Cov CovItemId="S13" Value="1"/>
<Cov CovItemId="S14" Value="1"/>
<Cov CovItemId="S15" Value="1"/>
<Cov CovItemId="S16" Value="1"/>
<Cov CovItemId="S17" Value="1"/>
<Cov CovItemId="S18" Value="1"/>
<Cov CovItemId="S19" Value="1"/>
<Cov CovItemId="S2" Value="1"/>
<Cov CovItemId="S20" Value="1"/>
<Cov CovItemId="S21" Value="1"/>
<Cov CovItemId="S22" Value="1"/>
<Cov CovItemId="S23" Value="1"/>
<Cov CovItemId="S24" Value="1"/>
<Cov CovItemId="S25" Value="1"/>
<Cov CovItemId="S26" Value="1"/>
<Cov CovItemId="S27" Value="1"/>
<Cov CovItemId="S28" Value="1"/>
<Cov CovItemId="S29" Value="1"/>
<Cov CovItemId="S3" Value="1"/>
<Cov CovItemId="S30" Value="1"/>
<Cov CovItemId="S31" Value="1"/>
<Cov CovItemId="S32" Value="1"/>
<Cov CovItemId="S33" Value="1"/>
<Cov CovItemId="S34" Value="1"/>
<Cov CovItemId="S35" Value="1"/>
<Cov CovItemId="S36" Value="1"/>
<Cov CovItemId="S37" Value="1"/>
<Cov CovItemId="S38" Value="1"/>
<Cov CovItemId="S39" Value="1"/>
<Cov CovItemId="S4" Value="1"/>
<Cov CovItemId="S40" Value="1"/>
<Cov CovItemId="S41" Value="1"/>
<Cov CovItemId="S42" Value="1"/>
<Cov CovItemId="S43" Value="1"/>
<Cov CovItemId="S44" Value="1"/>
<Cov CovItemId="S45" Value="1"/>
<Cov CovItemId="S46" Value="1"/>
<Cov CovItemId="S47" Value="215"/>
<Cov CovItemId="S48" Value="215"/>
<Cov CovItemId="S49" Value="215"/>
<Cov CovItemId="S5" Value="1"/>
<Cov CovItemId="S50" Value="215"/>
<Cov CovItemId="S51" Value="1185"/>
<Cov CovItemId="S52" Value="1185"/>
<Cov CovItemId="S53" Value="160"/>
<Cov CovItemId="S54" Value="1025"/>
<Cov CovItemId="S55" Value="76"/>
<Cov CovItemId="S56" Value="215"/>
<Cov CovItemId="S57" Value="146"/>
<Cov CovItemId="S58" Value="40"/>
<Cov CovItemId="S59" Value="106"/>
<Cov CovItemId="S6" Value="1"/>
<Cov CovItemId="S61" Value="106"/>
<Cov CovItemId="S62" Value="3"/>
<Cov CovItemId="S63" Value="103"/>
<Cov CovItemId="S64" Value="40"/>
<Cov CovItemId="S65" Value="63"/>
<Cov CovItemId="S66" Value="22"/>
<Cov CovItemId="S67" Value="41"/>
<Cov CovItemId="S68" Value="41"/>
<Cov CovItemId="S7" Value="1"/>
<Cov CovItemId="S72" Value="527"/>
<Cov CovItemId="S73" Value="527"/>
<Cov CovItemId="S74" Value="1040"/>
<Cov CovItemId="S75" Value="488"/>
<Cov CovItemId="S76" Value="488"/>
<Cov CovItemId="S77" Value="146"/>
<Cov CovItemId="S78" Value="552"/>
<Cov CovItemId="S79" Value="552"/>
<Cov CovItemId="S8" Value="1"/>
<Cov CovItemId="S80" Value="6"/>
<Cov CovItemId="S81" Value="6"/>
<Cov CovItemId="S83" Value="527"/>
<Cov CovItemId="S84" Value="154"/>
<Cov CovItemId="S85" Value="154"/>
<Cov CovItemId="S86" Value="10"/>
<Cov CovItemId="S87" Value="10"/>
<Cov CovItemId="S88" Value="10"/>
<Cov CovItemId="S89" Value="10"/>
<Cov CovItemId="S9" Value="1"/>
<Cov CovItemId="S90" Value="10"/>
<Cov CovItemId="S91" Value="144"/>
<Cov CovItemId="S92" Value="131"/>
<Cov CovItemId="S93" Value="205"/>
<Cov CovItemId="S94" Value="205"/>
<Cov CovItemId="S95" Value="205"/>
<Cov CovItemId="S96" Value="662"/>
<Cov CovItemId="S97" Value="662"/>
<Cov CovItemId="S98" Value="135"/>
<Cov CovItemId="S99" Value="527"/>
</CovPrefix>
</CovList>
<AssgnmntList>
<AssgnmntPrefix RootTermCovItemPrefix="com.aconex.coding.challenge.NumberToAlphaConverter.java">
<AssgnmntListEntry Length="1" RootTermCovItemId="C1">
<MapEntry BoolAssgnmnt="0" Value="215"/>
<MapEntry BoolAssgnmnt="1" Value="1185"/>
</AssgnmntListEntry>
<AssgnmntListEntry Length="1" RootTermCovItemId="C11">
<MapEntry BoolAssgnmnt="0" Value="527"/>
<MapEntry BoolAssgnmnt="1" Value="1040"/>
</AssgnmntListEntry>
<AssgnmntListEntry Length="1" RootTermCovItemId="C12">
<MapEntry BoolAssgnmnt="0" Value="552"/>
<MapEntry BoolAssgnmnt="1" Value="488"/>
</AssgnmntListEntry>
<AssgnmntListEntry Length="1" RootTermCovItemId="C13">
<MapEntry BoolAssgnmnt="0" Value="342"/>
<MapEntry BoolAssgnmnt="1" Value="146"/>
</AssgnmntListEntry>
<AssgnmntListEntry Length="1" RootTermCovItemId="C14">
<MapEntry BoolAssgnmnt="0" Value="546"/>
<MapEntry BoolAssgnmnt="1" Value="6"/>
</AssgnmntListEntry>
<AssgnmntListEntry Length="1" RootTermCovItemId="C15">
<MapEntry BoolAssgnmnt="0" Value="6"/>
</AssgnmntListEntry>
<AssgnmntListEntry Length="1" RootTermCovItemId="C16">
<MapEntry BoolAssgnmnt="0" Value="144"/>
<MapEntry BoolAssgnmnt="1" Value="10"/>
</AssgnmntListEntry>
<AssgnmntListEntry Length="2" RootTermCovItemId="C17">
<MapEntry BoolAssgnmnt="01" Value="5"/>
<MapEntry BoolAssgnmnt="12" Value="5"/>
</AssgnmntListEntry>
<AssgnmntListEntry Length="1" RootTermCovItemId="C18">
<MapEntry BoolAssgnmnt="0" Value="13"/>
<MapEntry BoolAssgnmnt="1" Value="131"/>
</AssgnmntListEntry>
<AssgnmntListEntry Length="1" RootTermCovItemId="C19">
<MapEntry BoolAssgnmnt="0" Value="527"/>
<MapEntry BoolAssgnmnt="1" Value="135"/>
</AssgnmntListEntry>
<AssgnmntListEntry Length="2" RootTermCovItemId="C2">
<MapEntry BoolAssgnmnt="10" Value="949"/>
<MapEntry BoolAssgnmnt="02" Value="76"/>
<MapEntry BoolAssgnmnt="11" Value="160"/>
</AssgnmntListEntry>
<AssgnmntListEntry Length="5" RootTermCovItemId="C20">
<MapEntry BoolAssgnmnt="02111" Value="24"/>
<MapEntry BoolAssgnmnt="02022" Value="446"/>
<MapEntry BoolAssgnmnt="02110" Value="15"/>
<MapEntry BoolAssgnmnt="11222" Value="42"/>
</AssgnmntListEntry>
<AssgnmntListEntry Length="3" RootTermCovItemId="C21">
<MapEntry BoolAssgnmnt="110" Value="15"/>
<MapEntry BoolAssgnmnt="102" Value="19"/>
<MapEntry BoolAssgnmnt="111" Value="24"/>
<MapEntry BoolAssgnmnt="022" Value="8"/>
</AssgnmntListEntry>
<AssgnmntListEntry Length="2" RootTermCovItemId="C22">
<MapEntry BoolAssgnmnt="10" Value="14"/>
<MapEntry BoolAssgnmnt="11" Value="10"/>
</AssgnmntListEntry>
<AssgnmntListEntry Length="1" RootTermCovItemId="C23">
<MapEntry BoolAssgnmnt="0" Value="10"/>
<MapEntry BoolAssgnmnt="1" Value="56"/>
</AssgnmntListEntry>
<AssgnmntListEntry Length="1" RootTermCovItemId="C24">
<MapEntry BoolAssgnmnt="0" Value="381"/>
<MapEntry BoolAssgnmnt="1" Value="146"/>
</AssgnmntListEntry>
<AssgnmntListEntry Length="3" RootTermCovItemId="C25">
<MapEntry BoolAssgnmnt="110" Value="74"/>
<MapEntry BoolAssgnmnt="111" Value="72"/>
</AssgnmntListEntry>
<AssgnmntListEntry Length="1" RootTermCovItemId="C26">
<MapEntry BoolAssgnmnt="1" Value="72"/>
</AssgnmntListEntry>
<AssgnmntListEntry Length="1" RootTermCovItemId="C27">
<MapEntry BoolAssgnmnt="1" Value="13"/>
</AssgnmntListEntry>
<AssgnmntListEntry Length="1" RootTermCovItemId="C28">
<MapEntry BoolAssgnmnt="0" Value="11"/>
<MapEntry BoolAssgnmnt="1" Value="154"/>
</AssgnmntListEntry>
<AssgnmntListEntry Length="1" RootTermCovItemId="C29">
<MapEntry BoolAssgnmnt="1" Value="154"/>
</AssgnmntListEntry>
<AssgnmntListEntry Length="1" RootTermCovItemId="C3">
<MapEntry BoolAssgnmnt="0" Value="949"/>
<MapEntry BoolAssgnmnt="1" Value="76"/>
</AssgnmntListEntry>
<AssgnmntListEntry Length="1" RootTermCovItemId="C30">
<MapEntry BoolAssgnmnt="0" Value="152"/>
<MapEntry BoolAssgnmnt="1" Value="2"/>
</AssgnmntListEntry>
<AssgnmntListEntry Length="2" RootTermCovItemId="C4">
<MapEntry BoolAssgnmnt="10" Value="106"/>
<MapEntry BoolAssgnmnt="11" Value="40"/>
</AssgnmntListEntry>
<AssgnmntListEntry Length="2" RootTermCovItemId="C5">
<MapEntry BoolAssgnmnt="10" Value="106"/>
</AssgnmntListEntry>
<AssgnmntListEntry Length="2" RootTermCovItemId="C6">
<MapEntry BoolAssgnmnt="10" Value="103"/>
<MapEntry BoolAssgnmnt="11" Value="3"/>
</AssgnmntListEntry>
<AssgnmntListEntry Length="2" RootTermCovItemId="C7">
<MapEntry BoolAssgnmnt="10" Value="63"/>
<MapEntry BoolAssgnmnt="11" Value="40"/>
</AssgnmntListEntry>
<AssgnmntListEntry Length="2" RootTermCovItemId="C8">
<MapEntry BoolAssgnmnt="10" Value="41"/>
<MapEntry BoolAssgnmnt="11" Value="22"/>
</AssgnmntListEntry>
<AssgnmntListEntry Length="2" RootTermCovItemId="C9">
<MapEntry BoolAssgnmnt="11" Value="41"/>
</AssgnmntListEntry>
</AssgnmntPrefix>
</AssgnmntList>
<ObjMetaDataList/>
<MetaDataList/>
</TestCase>
<MetaDataList/>
</TestSession>
<TestSession Comment="" Date="1421692110095" Name="19 Jan, 2015 11:58:30 PM">
<TestCase Comment="This is a test case containing all coverage results cause no startTestCase methods where captured." Date="1421689192943" Name="UNNAMED TESTCASE">
<CovList>
<CovPrefix CovItemPrefix="com.aconex.coding.challenge.NumberToAlphaConverter.java">
<Cov CovItemId="B1" Value="160"/>
<Cov CovItemId="B10" Value="103"/>
<Cov CovItemId="B11" Value="40"/>
<Cov CovItemId="B12" Value="63"/>
<Cov CovItemId="B13" Value="22"/>
<Cov CovItemId="B14" Value="41"/>
<Cov CovItemId="B15" Value="41"/>
<Cov CovItemId="B19" Value="488"/>
<Cov CovItemId="B2" Value="1025"/>
<Cov CovItemId="B20" Value="552"/>
<Cov CovItemId="B21" Value="146"/>
<Cov CovItemId="B22" Value="342"/>
<Cov CovItemId="B23" Value="6"/>
<Cov CovItemId="B24" Value="546"/>
<Cov CovItemId="B26" Value="6"/>
<Cov CovItemId="B27" Value="10"/>
<Cov CovItemId="B28" Value="144"/>
<Cov CovItemId="B29" Value="10"/>
<Cov CovItemId="B3" Value="76"/>
<Cov CovItemId="B31" Value="131"/>
<Cov CovItemId="B32" Value="13"/>
<Cov CovItemId="B33" Value="135"/>
<Cov CovItemId="B34" Value="527"/>
<Cov CovItemId="B35" Value="66"/>
<Cov CovItemId="B36" Value="461"/>
<Cov CovItemId="B37" Value="24"/>
<Cov CovItemId="B38" Value="42"/>
<Cov CovItemId="B39" Value="10"/>
<Cov CovItemId="B4" Value="949"/>
<Cov CovItemId="B40" Value="14"/>
<Cov CovItemId="B41" Value="56"/>
<Cov CovItemId="B42" Value="10"/>
<Cov CovItemId="B43" Value="146"/>
<Cov CovItemId="B44" Value="381"/>
<Cov CovItemId="B45" Value="72"/>
<Cov CovItemId="B46" Value="74"/>
<Cov CovItemId="B47" Value="72"/>
<Cov CovItemId="B49" Value="13"/>
<Cov CovItemId="B5" Value="40"/>
<Cov CovItemId="B51" Value="13"/>
<Cov CovItemId="B52" Value="154"/>
<Cov CovItemId="B54" Value="2"/>
<Cov CovItemId="B55" Value="152"/>
<Cov CovItemId="B6" Value="106"/>
<Cov CovItemId="B8" Value="106"/>
<Cov CovItemId="B9" Value="3"/>
<Cov CovItemId="L1-1" Value="43"/>
<Cov CovItemId="L1-2" Value="172"/>
<Cov CovItemId="L2-0" Value="39"/>
<Cov CovItemId="L2-1" Value="266"/>
<Cov CovItemId="L2-2" Value="222"/>
<Cov CovItemId="L3-1" Value="10"/>
<Cov CovItemId="L4-1" Value="89"/>
<Cov CovItemId="L4-2" Value="42"/>
<Cov CovItemId="L5-2" Value="205"/>
<Cov CovItemId="L6-1" Value="146"/>
<Cov CovItemId="L7-2" Value="13"/>
<Cov CovItemId="L8-2" Value="13"/>
<Cov CovItemId="S1" Value="1"/>
<Cov CovItemId="S10" Value="1"/>
<Cov CovItemId="S100" Value="66"/>
<Cov CovItemId="S101" Value="66"/>
<Cov CovItemId="S102" Value="24"/>
<Cov CovItemId="S103" Value="24"/>
<Cov CovItemId="S104" Value="10"/>
<Cov CovItemId="S105" Value="66"/>
<Cov CovItemId="S106" Value="56"/>
<Cov CovItemId="S107" Value="527"/>
<Cov CovItemId="S108" Value="527"/>
<Cov CovItemId="S109" Value="146"/>
<Cov CovItemId="S11" Value="1"/>
<Cov CovItemId="S110" Value="146"/>
<Cov CovItemId="S111" Value="146"/>
<Cov CovItemId="S112" Value="72"/>
<Cov CovItemId="S113" Value="72"/>
<Cov CovItemId="S115" Value="13"/>
<Cov CovItemId="S116" Value="13"/>
<Cov CovItemId="S117" Value="43"/>
<Cov CovItemId="S118" Value="154"/>
<Cov CovItemId="S119" Value="13"/>
<Cov CovItemId="S12" Value="1"/>
<Cov CovItemId="S120" Value="13"/>
<Cov CovItemId="S121" Value="13"/>
<Cov CovItemId="S122" Value="154"/>
<Cov CovItemId="S123" Value="154"/>
<Cov CovItemId="S124" Value="154"/>
<Cov CovItemId="S125" Value="154"/>
<Cov CovItemId="S126" Value="154"/>
<Cov CovItemId="S127" Value="2"/>
<Cov CovItemId="S129" Value="13"/>
<Cov CovItemId="S13" Value="1"/>
<Cov CovItemId="S14" Value="1"/>
<Cov CovItemId="S15" Value="1"/>
<Cov CovItemId="S16" Value="1"/>
<Cov CovItemId="S17" Value="1"/>
<Cov CovItemId="S18" Value="1"/>
<Cov CovItemId="S19" Value="1"/>
<Cov CovItemId="S2" Value="1"/>
<Cov CovItemId="S20" Value="1"/>
<Cov CovItemId="S21" Value="1"/>
<Cov CovItemId="S22" Value="1"/>
<Cov CovItemId="S23" Value="1"/>
<Cov CovItemId="S24" Value="1"/>
<Cov CovItemId="S25" Value="1"/>
<Cov CovItemId="S26" Value="1"/>
<Cov CovItemId="S27" Value="1"/>
<Cov CovItemId="S28" Value="1"/>
<Cov CovItemId="S29" Value="1"/>
<Cov CovItemId="S3" Value="1"/>
<Cov CovItemId="S30" Value="1"/>
<Cov CovItemId="S31" Value="1"/>
<Cov CovItemId="S32" Value="1"/>
<Cov CovItemId="S33" Value="1"/>
<Cov CovItemId="S34" Value="1"/>
<Cov CovItemId="S35" Value="1"/>
<Cov CovItemId="S36" Value="1"/>
<Cov CovItemId="S37" Value="1"/>
<Cov CovItemId="S38" Value="1"/>
<Cov CovItemId="S39" Value="1"/>
<Cov CovItemId="S4" Value="1"/>
<Cov CovItemId="S40" Value="1"/>
<Cov CovItemId="S41" Value="1"/>
<Cov CovItemId="S42" Value="1"/>
<Cov CovItemId="S43" Value="1"/>
<Cov CovItemId="S44" Value="1"/>
<Cov CovItemId="S45" Value="1"/>
<Cov CovItemId="S46" Value="1"/>
<Cov CovItemId="S47" Value="215"/>
<Cov CovItemId="S48" Value="215"/>
<Cov CovItemId="S49" Value="215"/>
<Cov CovItemId="S5" Value="1"/>
<Cov CovItemId="S50" Value="215"/>
<Cov CovItemId="S51" Value="1185"/>
<Cov CovItemId="S52" Value="1185"/>
<Cov CovItemId="S53" Value="160"/>
<Cov CovItemId="S54" Value="1025"/>
<Cov CovItemId="S55" Value="76"/>
<Cov CovItemId="S56" Value="215"/>
<Cov CovItemId="S57" Value="146"/>
<Cov CovItemId="S58" Value="40"/>
<Cov CovItemId="S59" Value="106"/>
<Cov CovItemId="S6" Value="1"/>
<Cov CovItemId="S61" Value="106"/>
<Cov CovItemId="S62" Value="3"/>
<Cov CovItemId="S63" Value="103"/>
<Cov CovItemId="S64" Value="40"/>
<Cov CovItemId="S65" Value="63"/>
<Cov CovItemId="S66" Value="22"/>
<Cov CovItemId="S67" Value="41"/>
<Cov CovItemId="S68" Value="41"/>
<Cov CovItemId="S7" Value="1"/>
<Cov CovItemId="S72" Value="527"/>
<Cov CovItemId="S73" Value="527"/>
<Cov CovItemId="S74" Value="1040"/>
<Cov CovItemId="S75" Value="488"/>
<Cov CovItemId="S76" Value="488"/>
<Cov CovItemId="S77" Value="146"/>
<Cov CovItemId="S78" Value="552"/>
<Cov CovItemId="S79" Value="552"/>
<Cov CovItemId="S8" Value="1"/>
<Cov CovItemId="S80" Value="6"/>
<Cov CovItemId="S81" Value="6"/>
<Cov CovItemId="S83" Value="527"/>
<Cov CovItemId="S84" Value="154"/>
<Cov CovItemId="S85" Value="154"/>
<Cov CovItemId="S86" Value="10"/>
<Cov CovItemId="S87" Value="10"/>
<Cov CovItemId="S88" Value="10"/>
<Cov CovItemId="S89" Value="10"/>
<Cov CovItemId="S9" Value="1"/>
<Cov CovItemId="S90" Value="10"/>
<Cov CovItemId="S91" Value="144"/>
<Cov CovItemId="S92" Value="131"/>
<Cov CovItemId="S93" Value="205"/>
<Cov CovItemId="S94" Value="205"/>
<Cov CovItemId="S95" Value="205"/>
<Cov CovItemId="S96" Value="662"/>
<Cov CovItemId="S97" Value="662"/>
<Cov CovItemId="S98" Value="135"/>
<Cov CovItemId="S99" Value="527"/>
</CovPrefix>
</CovList>
<AssgnmntList>
<AssgnmntPrefix RootTermCovItemPrefix="com.aconex.coding.challenge.NumberToAlphaConverter.java">
<AssgnmntListEntry Length="1" RootTermCovItemId="C1">
<MapEntry BoolAssgnmnt="0" Value="215"/>
<MapEntry BoolAssgnmnt="1" Value="1185"/>
</AssgnmntListEntry>
<AssgnmntListEntry Length="1" RootTermCovItemId="C11">
<MapEntry BoolAssgnmnt="0" Value="527"/>
<MapEntry BoolAssgnmnt="1" Value="1040"/>
</AssgnmntListEntry>
<AssgnmntListEntry Length="1" RootTermCovItemId="C12">
<MapEntry BoolAssgnmnt="0" Value="552"/>
<MapEntry BoolAssgnmnt="1" Value="488"/>
</AssgnmntListEntry>
<AssgnmntListEntry Length="1" RootTermCovItemId="C13">
<MapEntry BoolAssgnmnt="0" Value="342"/>
<MapEntry BoolAssgnmnt="1" Value="146"/>
</AssgnmntListEntry>
<AssgnmntListEntry Length="1" RootTermCovItemId="C14">
<MapEntry BoolAssgnmnt="0" Value="546"/>
<MapEntry BoolAssgnmnt="1" Value="6"/>
</AssgnmntListEntry>
<AssgnmntListEntry Length="1" RootTermCovItemId="C15">
<MapEntry BoolAssgnmnt="0" Value="6"/>
</AssgnmntListEntry>
<AssgnmntListEntry Length="1" RootTermCovItemId="C16">
<MapEntry BoolAssgnmnt="0" Value="144"/>
<MapEntry BoolAssgnmnt="1" Value="10"/>
</AssgnmntListEntry>
<AssgnmntListEntry Length="2" RootTermCovItemId="C17">
<MapEntry BoolAssgnmnt="01" Value="5"/>
<MapEntry BoolAssgnmnt="12" Value="5"/>
</AssgnmntListEntry>
<AssgnmntListEntry Length="1" RootTermCovItemId="C18">
<MapEntry BoolAssgnmnt="0" Value="13"/>
<MapEntry BoolAssgnmnt="1" Value="131"/>
</AssgnmntListEntry>
<AssgnmntListEntry Length="1" RootTermCovItemId="C19">
<MapEntry BoolAssgnmnt="0" Value="527"/>
<MapEntry BoolAssgnmnt="1" Value="135"/>
</AssgnmntListEntry>
<AssgnmntListEntry Length="2" RootTermCovItemId="C2">
<MapEntry BoolAssgnmnt="10" Value="949"/>
<MapEntry BoolAssgnmnt="02" Value="76"/>
<MapEntry BoolAssgnmnt="11" Value="160"/>
</AssgnmntListEntry>
<AssgnmntListEntry Length="5" RootTermCovItemId="C20">
<MapEntry BoolAssgnmnt="02111" Value="24"/>
<MapEntry BoolAssgnmnt="02022" Value="446"/>
<MapEntry BoolAssgnmnt="02110" Value="15"/>
<MapEntry BoolAssgnmnt="11222" Value="42"/>
</AssgnmntListEntry>
<AssgnmntListEntry Length="3" RootTermCovItemId="C21">
<MapEntry BoolAssgnmnt="110" Value="15"/>
<MapEntry BoolAssgnmnt="102" Value="19"/>
<MapEntry BoolAssgnmnt="111" Value="24"/>
<MapEntry BoolAssgnmnt="022" Value="8"/>
</AssgnmntListEntry>
<AssgnmntListEntry Length="2" RootTermCovItemId="C22">
<MapEntry BoolAssgnmnt="10" Value="14"/>
<MapEntry BoolAssgnmnt="11" Value="10"/>
</AssgnmntListEntry>
<AssgnmntListEntry Length="1" RootTermCovItemId="C23">
<MapEntry BoolAssgnmnt="0" Value="10"/>
<MapEntry BoolAssgnmnt="1" Value="56"/>
</AssgnmntListEntry>
<AssgnmntListEntry Length="1" RootTermCovItemId="C24">
<MapEntry BoolAssgnmnt="0" Value="381"/>
<MapEntry BoolAssgnmnt="1" Value="146"/>
</AssgnmntListEntry>
<AssgnmntListEntry Length="3" RootTermCovItemId="C25">
<MapEntry BoolAssgnmnt="110" Value="74"/>
<MapEntry BoolAssgnmnt="111" Value="72"/>
</AssgnmntListEntry>
<AssgnmntListEntry Length="1" RootTermCovItemId="C26">
<MapEntry BoolAssgnmnt="1" Value="72"/>
</AssgnmntListEntry>
<AssgnmntListEntry Length="1" RootTermCovItemId="C27">
<MapEntry BoolAssgnmnt="1" Value="13"/>
</AssgnmntListEntry>
<AssgnmntListEntry Length="1" RootTermCovItemId="C28">
<MapEntry BoolAssgnmnt="0" Value="11"/>
<MapEntry BoolAssgnmnt="1" Value="154"/>
</AssgnmntListEntry>
<AssgnmntListEntry Length="1" RootTermCovItemId="C29">
<MapEntry BoolAssgnmnt="1" Value="154"/>
</AssgnmntListEntry>
<AssgnmntListEntry Length="1" RootTermCovItemId="C3">
<MapEntry BoolAssgnmnt="0" Value="949"/>
<MapEntry BoolAssgnmnt="1" Value="76"/>
</AssgnmntListEntry>
<AssgnmntListEntry Length="1" RootTermCovItemId="C30">
<MapEntry BoolAssgnmnt="0" Value="152"/>
<MapEntry BoolAssgnmnt="1" Value="2"/>
</AssgnmntListEntry>
<AssgnmntListEntry Length="2" RootTermCovItemId="C4">
<MapEntry BoolAssgnmnt="10" Value="106"/>
<MapEntry BoolAssgnmnt="11" Value="40"/>
</AssgnmntListEntry>
<AssgnmntListEntry Length="2" RootTermCovItemId="C5">
<MapEntry BoolAssgnmnt="10" Value="106"/>
</AssgnmntListEntry>
<AssgnmntListEntry Length="2" RootTermCovItemId="C6">
<MapEntry BoolAssgnmnt="10" Value="103"/>
<MapEntry BoolAssgnmnt="11" Value="3"/>
</AssgnmntListEntry>
<AssgnmntListEntry Length="2" RootTermCovItemId="C7">
<MapEntry BoolAssgnmnt="10" Value="63"/>
<MapEntry BoolAssgnmnt="11" Value="40"/>
</AssgnmntListEntry>
<AssgnmntListEntry Length="2" RootTermCovItemId="C8">
<MapEntry BoolAssgnmnt="10" Value="41"/>
<MapEntry BoolAssgnmnt="11" Value="22"/>
</AssgnmntListEntry>
<AssgnmntListEntry Length="2" RootTermCovItemId="C9">
<MapEntry BoolAssgnmnt="11" Value="41"/>
</AssgnmntListEntry>
</AssgnmntPrefix>
</AssgnmntList>
<ObjMetaDataList/>
<MetaDataList/>
</TestCase>
<MetaDataList/>
</TestSession>
<TestSession Comment="" Date="1421692147219" Name="19 Jan, 2015 11:59:07 PM">
<TestCase Comment="This is a test case containing all coverage results cause no startTestCase methods where captured." Date="1421689192943" Name="UNNAMED TESTCASE">
<CovList>
<CovPrefix CovItemPrefix="com.aconex.coding.challenge.NumberToAlphaConverter.java">
<Cov CovItemId="B1" Value="160"/>
<Cov CovItemId="B10" Value="103"/>
<Cov CovItemId="B11" Value="40"/>
<Cov CovItemId="B12" Value="63"/>
<Cov CovItemId="B13" Value="22"/>
<Cov CovItemId="B14" Value="41"/>
<Cov CovItemId="B15" Value="41"/>
<Cov CovItemId="B19" Value="488"/>
<Cov CovItemId="B2" Value="1025"/>
<Cov CovItemId="B20" Value="552"/>
<Cov CovItemId="B21" Value="146"/>
<Cov CovItemId="B22" Value="342"/>
<Cov CovItemId="B23" Value="6"/>
<Cov CovItemId="B24" Value="546"/>
<Cov CovItemId="B26" Value="6"/>
<Cov CovItemId="B27" Value="10"/>
<Cov CovItemId="B28" Value="144"/>
<Cov CovItemId="B29" Value="10"/>
<Cov CovItemId="B3" Value="76"/>
<Cov CovItemId="B31" Value="131"/>
<Cov CovItemId="B32" Value="13"/>
<Cov CovItemId="B33" Value="135"/>
<Cov CovItemId="B34" Value="527"/>
<Cov CovItemId="B35" Value="66"/>
<Cov CovItemId="B36" Value="461"/>
<Cov CovItemId="B37" Value="24"/>
<Cov CovItemId="B38" Value="42"/>
<Cov CovItemId="B39" Value="10"/>
<Cov CovItemId="B4" Value="949"/>
<Cov CovItemId="B40" Value="14"/>
<Cov CovItemId="B41" Value="56"/>
<Cov CovItemId="B42" Value="10"/>
<Cov CovItemId="B43" Value="146"/>
<Cov CovItemId="B44" Value="381"/>
<Cov CovItemId="B45" Value="72"/>
<Cov CovItemId="B46" Value="74"/>
<Cov CovItemId="B47" Value="72"/>
<Cov CovItemId="B49" Value="13"/>
<Cov CovItemId="B5" Value="40"/>
<Cov CovItemId="B51" Value="13"/>
<Cov CovItemId="B52" Value="154"/>
<Cov CovItemId="B54" Value="2"/>
<Cov CovItemId="B55" Value="152"/>
<Cov CovItemId="B6" Value="106"/>
<Cov CovItemId="B8" Value="106"/>
<Cov CovItemId="B9" Value="3"/>
<Cov CovItemId="L1-1" Value="43"/>
<Cov CovItemId="L1-2" Value="172"/>
<Cov CovItemId="L2-0" Value="39"/>
<Cov CovItemId="L2-1" Value="266"/>
<Cov CovItemId="L2-2" Value="222"/>
<Cov CovItemId="L3-1" Value="10"/>
<Cov CovItemId="L4-1" Value="89"/>
<Cov CovItemId="L4-2" Value="42"/>
<Cov CovItemId="L5-2" Value="205"/>
<Cov CovItemId="L6-1" Value="146"/>
<Cov CovItemId="L7-2" Value="13"/>
<Cov CovItemId="L8-2" Value="13"/>
<Cov CovItemId="S1" Value="1"/>
<Cov CovItemId="S10" Value="1"/>
<Cov CovItemId="S100" Value="66"/>
<Cov CovItemId="S101" Value="66"/>
<Cov CovItemId="S102" Value="24"/>
<Cov CovItemId="S103" Value="24"/>
<Cov CovItemId="S104" Value="10"/>
<Cov CovItemId="S105" Value="66"/>
<Cov CovItemId="S106" Value="56"/>
<Cov CovItemId="S107" Value="527"/>
<Cov CovItemId="S108" Value="527"/>
<Cov CovItemId="S109" Value="146"/>
<Cov CovItemId="S11" Value="1"/>
<Cov CovItemId="S110" Value="146"/>
<Cov CovItemId="S111" Value="146"/>
<Cov CovItemId="S112" Value="72"/>
<Cov CovItemId="S113" Value="72"/>
<Cov CovItemId="S115" Value="13"/>
<Cov CovItemId="S116" Value="13"/>
<Cov CovItemId="S117" Value="43"/>
<Cov CovItemId="S118" Value="154"/>
<Cov CovItemId="S119" Value="13"/>
<Cov CovItemId="S12" Value="1"/>
<Cov CovItemId="S120" Value="13"/>
<Cov CovItemId="S121" Value="13"/>
<Cov CovItemId="S122" Value="154"/>
<Cov CovItemId="S123" Value="154"/>
<Cov CovItemId="S124" Value="154"/>
<Cov CovItemId="S125" Value="154"/>
<Cov CovItemId="S126" Value="154"/>
<Cov CovItemId="S127" Value="2"/>
<Cov CovItemId="S129" Value="13"/>
<Cov CovItemId="S13" Value="1"/>
<Cov CovItemId="S14" Value="1"/>
<Cov CovItemId="S15" Value="1"/>
<Cov CovItemId="S16" Value="1"/>
<Cov CovItemId="S17" Value="1"/>
<Cov CovItemId="S18" Value="1"/>
<Cov CovItemId="S19" Value="1"/>
<Cov CovItemId="S2" Value="1"/>
<Cov CovItemId="S20" Value="1"/>
<Cov CovItemId="S21" Value="1"/>
<Cov CovItemId="S22" Value="1"/>
<Cov CovItemId="S23" Value="1"/>
<Cov CovItemId="S24" Value="1"/>
<Cov CovItemId="S25" Value="1"/>
<Cov CovItemId="S26" Value="1"/>
<Cov CovItemId="S27" Value="1"/>
<Cov CovItemId="S28" Value="1"/>
<Cov CovItemId="S29" Value="1"/>
<Cov CovItemId="S3" Value="1"/>
<Cov CovItemId="S30" Value="1"/>
<Cov CovItemId="S31" Value="1"/>
<Cov CovItemId="S32" Value="1"/>
<Cov CovItemId="S33" Value="1"/>
<Cov CovItemId="S34" Value="1"/>
<Cov CovItemId="S35" Value="1"/>
<Cov CovItemId="S36" Value="1"/>
<Cov CovItemId="S37" Value="1"/>
<Cov CovItemId="S38" Value="1"/>
<Cov CovItemId="S39" Value="1"/>
<Cov CovItemId="S4" Value="1"/>
<Cov CovItemId="S40" Value="1"/>
<Cov CovItemId="S41" Value="1"/>
<Cov CovItemId="S42" Value="1"/>
<Cov CovItemId="S43" Value="1"/>
<Cov CovItemId="S44" Value="1"/>
<Cov CovItemId="S45" Value="1"/>
<Cov CovItemId="S46" Value="1"/>
<Cov CovItemId="S47" Value="215"/>
<Cov CovItemId="S48" Value="215"/>
<Cov CovItemId="S49" Value="215"/>
<Cov CovItemId="S5" Value="1"/>
<Cov CovItemId="S50" Value="215"/>
<Cov CovItemId="S51" Value="1185"/>
<Cov CovItemId="S52" Value="1185"/>
<Cov CovItemId="S53" Value="160"/>
<Cov CovItemId="S54" Value="1025"/>
<Cov CovItemId="S55" Value="76"/>
<Cov CovItemId="S56" Value="215"/>
<Cov CovItemId="S57" Value="146"/>
<Cov CovItemId="S58" Value="40"/>
<Cov CovItemId="S59" Value="106"/>
<Cov CovItemId="S6" Value="1"/>
<Cov CovItemId="S61" Value="106"/>
<Cov CovItemId="S62" Value="3"/>
<Cov CovItemId="S63" Value="103"/>
<Cov CovItemId="S64" Value="40"/>
<Cov CovItemId="S65" Value="63"/>
<Cov CovItemId="S66" Value="22"/>
<Cov CovItemId="S67" Value="41"/>
<Cov CovItemId="S68" Value="41"/>
<Cov CovItemId="S7" Value="1"/>
<Cov CovItemId="S72" Value="527"/>
<Cov CovItemId="S73" Value="527"/>
<Cov CovItemId="S74" Value="1040"/>
<Cov CovItemId="S75" Value="488"/>
<Cov CovItemId="S76" Value="488"/>
<Cov CovItemId="S77" Value="146"/>
<Cov CovItemId="S78" Value="552"/>
<Cov CovItemId="S79" Value="552"/>
<Cov CovItemId="S8" Value="1"/>
<Cov CovItemId="S80" Value="6"/>
<Cov CovItemId="S81" Value="6"/>
<Cov CovItemId="S83" Value="527"/>
<Cov CovItemId="S84" Value="154"/>
<Cov CovItemId="S85" Value="154"/>
<Cov CovItemId="S86" Value="10"/>
<Cov CovItemId="S87" Value="10"/>
<Cov CovItemId="S88" Value="10"/>
<Cov CovItemId="S89" Value="10"/>
<Cov CovItemId="S9" Value="1"/>
<Cov CovItemId="S90" Value="10"/>
<Cov CovItemId="S91" Value="144"/>
<Cov CovItemId="S92" Value="131"/>
<Cov CovItemId="S93" Value="205"/>
<Cov CovItemId="S94" Value="205"/>
<Cov CovItemId="S95" Value="205"/>
<Cov CovItemId="S96" Value="662"/>
<Cov CovItemId="S97" Value="662"/>
<Cov CovItemId="S98" Value="135"/>
<Cov CovItemId="S99" Value="527"/>
</CovPrefix>
</CovList>
<AssgnmntList>
<AssgnmntPrefix RootTermCovItemPrefix="com.aconex.coding.challenge.NumberToAlphaConverter.java">
<AssgnmntListEntry Length="1" RootTermCovItemId="C1">
<MapEntry BoolAssgnmnt="0" Value="215"/>
<MapEntry BoolAssgnmnt="1" Value="1185"/>
</AssgnmntListEntry>
<AssgnmntListEntry Length="1" RootTermCovItemId="C11">
<MapEntry BoolAssgnmnt="0" Value="527"/>
<MapEntry BoolAssgnmnt="1" Value="1040"/>
</AssgnmntListEntry>
<AssgnmntListEntry Length="1" RootTermCovItemId="C12">
<MapEntry BoolAssgnmnt="0" Value="552"/>
<MapEntry BoolAssgnmnt="1" Value="488"/>
</AssgnmntListEntry>
<AssgnmntListEntry Length="1" RootTermCovItemId="C13">
<MapEntry BoolAssgnmnt="0" Value="342"/>
<MapEntry BoolAssgnmnt="1" Value="146"/>
</AssgnmntListEntry>
<AssgnmntListEntry Length="1" RootTermCovItemId="C14">
<MapEntry BoolAssgnmnt="0" Value="546"/>
<MapEntry BoolAssgnmnt="1" Value="6"/>
</AssgnmntListEntry>
<AssgnmntListEntry Length="1" RootTermCovItemId="C15">
<MapEntry BoolAssgnmnt="0" Value="6"/>
</AssgnmntListEntry>
<AssgnmntListEntry Length="1" RootTermCovItemId="C16">
<MapEntry BoolAssgnmnt="0" Value="144"/>
<MapEntry BoolAssgnmnt="1" Value="10"/>
</AssgnmntListEntry>
<AssgnmntListEntry Length="2" RootTermCovItemId="C17">
<MapEntry BoolAssgnmnt="01" Value="5"/>
<MapEntry BoolAssgnmnt="12" Value="5"/>
</AssgnmntListEntry>
<AssgnmntListEntry Length="1" RootTermCovItemId="C18">
<MapEntry BoolAssgnmnt="0" Value="13"/>
<MapEntry BoolAssgnmnt="1" Value="131"/>
</AssgnmntListEntry>
<AssgnmntListEntry Length="1" RootTermCovItemId="C19">
<MapEntry BoolAssgnmnt="0" Value="527"/>
<MapEntry BoolAssgnmnt="1" Value="135"/>
</AssgnmntListEntry>
<AssgnmntListEntry Length="2" RootTermCovItemId="C2">
<MapEntry BoolAssgnmnt="10" Value="949"/>
<MapEntry BoolAssgnmnt="02" Value="76"/>
<MapEntry BoolAssgnmnt="11" Value="160"/>
</AssgnmntListEntry>
<AssgnmntListEntry Length="5" RootTermCovItemId="C20">
<MapEntry BoolAssgnmnt="02111" Value="24"/>
<MapEntry BoolAssgnmnt="02022" Value="446"/>
<MapEntry BoolAssgnmnt="02110" Value="15"/>
<MapEntry BoolAssgnmnt="11222" Value="42"/>
</AssgnmntListEntry>
<AssgnmntListEntry Length="3" RootTermCovItemId="C21">
<MapEntry BoolAssgnmnt="110" Value="15"/>
<MapEntry BoolAssgnmnt="102" Value="19"/>
<MapEntry BoolAssgnmnt="111" Value="24"/>
<MapEntry BoolAssgnmnt="022" Value="8"/>
</AssgnmntListEntry>
<AssgnmntListEntry Length="2" RootTermCovItemId="C22">
<MapEntry BoolAssgnmnt="10" Value="14"/>
<MapEntry BoolAssgnmnt="11" Value="10"/>
</AssgnmntListEntry>
<AssgnmntListEntry Length="1" RootTermCovItemId="C23">
<MapEntry BoolAssgnmnt="0" Value="10"/>
<MapEntry BoolAssgnmnt="1" Value="56"/>
</AssgnmntListEntry>
<AssgnmntListEntry Length="1" RootTermCovItemId="C24">
<MapEntry BoolAssgnmnt="0" Value="381"/>
<MapEntry BoolAssgnmnt="1" Value="146"/>
</AssgnmntListEntry>
<AssgnmntListEntry Length="3" RootTermCovItemId="C25">
<MapEntry BoolAssgnmnt="110" Value="74"/>
<MapEntry BoolAssgnmnt="111" Value="72"/>
</AssgnmntListEntry>
<AssgnmntListEntry Length="1" RootTermCovItemId="C26">
<MapEntry BoolAssgnmnt="1" Value="72"/>
</AssgnmntListEntry>
<AssgnmntListEntry Length="1" RootTermCovItemId="C27">
<MapEntry BoolAssgnmnt="1" Value="13"/>
</AssgnmntListEntry>
<AssgnmntListEntry Length="1" RootTermCovItemId="C28">
<MapEntry BoolAssgnmnt="0" Value="11"/>
<MapEntry BoolAssgnmnt="1" Value="154"/>
</AssgnmntListEntry>
<AssgnmntListEntry Length="1" RootTermCovItemId="C29">
<MapEntry BoolAssgnmnt="1" Value="154"/>
</AssgnmntListEntry>
<AssgnmntListEntry Length="1" RootTermCovItemId="C3">
<MapEntry BoolAssgnmnt="0" Value="949"/>
<MapEntry BoolAssgnmnt="1" Value="76"/>
</AssgnmntListEntry>
<AssgnmntListEntry Length="1" RootTermCovItemId="C30">
<MapEntry BoolAssgnmnt="0" Value="152"/>
<MapEntry BoolAssgnmnt="1" Value="2"/>
</AssgnmntListEntry>
<AssgnmntListEntry Length="2" RootTermCovItemId="C4">
<MapEntry BoolAssgnmnt="10" Value="106"/>
<MapEntry BoolAssgnmnt="11" Value="40"/>
</AssgnmntListEntry>
<AssgnmntListEntry Length="2" RootTermCovItemId="C5">
<MapEntry BoolAssgnmnt="10" Value="106"/>
</AssgnmntListEntry>
<AssgnmntListEntry Length="2" RootTermCovItemId="C6">
<MapEntry BoolAssgnmnt="10" Value="103"/>
<MapEntry BoolAssgnmnt="11" Value="3"/>
</AssgnmntListEntry>
<AssgnmntListEntry Length="2" RootTermCovItemId="C7">
<MapEntry BoolAssgnmnt="10" Value="63"/>
<MapEntry BoolAssgnmnt="11" Value="40"/>
</AssgnmntListEntry>
<AssgnmntListEntry Length="2" RootTermCovItemId="C8">
<MapEntry BoolAssgnmnt="10" Value="41"/>
<MapEntry BoolAssgnmnt="11" Value="22"/>
</AssgnmntListEntry>
<AssgnmntListEntry Length="2" RootTermCovItemId="C9">
<MapEntry BoolAssgnmnt="11" Value="41"/>
</AssgnmntListEntry>
</AssgnmntPrefix>
</AssgnmntList>
<ObjMetaDataList/>
<MetaDataList/>
</TestCase>
<MetaDataList/>
</TestSession>
</TestSessionContainer>
