<?xml version="1.0" encoding="UTF-8"?><TestSessionContainer xmlns="http://www.codecover.org/xml/testsession-container" Date="1421689178949" TestSessionContainerId="46f5a388-57ee-4612-995a-dabbe563ea78" version="1.0">
<SrcFileList>
<SrcFile Content="package com.aconex.coding.challenge;&#13;&#10;&#13;&#10;import java.text.DecimalFormat;&#13;&#10;import java.util.ArrayList;&#13;&#10;import java.util.HashMap;&#13;&#10;import java.util.HashSet;&#13;&#10;import java.util.Map;&#13;&#10;import java.util.Set;&#13;&#10;&#13;&#10;public class NumberToAlphaConverter {&#13;&#10;&#13;&#10;static Map&lt;String,ArrayList&lt;String&gt;&gt; numberEncodingMap = new HashMap&lt;String,ArrayList&lt;String&gt;&gt;();&#13;&#10;&#9;&#13;&#10;&#9;static {&#13;&#10;&#9;&#9;ArrayList&lt;String&gt; decimalEncoding = new ArrayList&lt;String&gt;();&#13;&#10;&#9;&#9;decimalEncoding.add(&quot;-&quot;);&#13;&#10;&#9;&#9;numberEncodingMap.put(&quot;.&quot;,decimalEncoding);&#13;&#10;&#9;&#9;ArrayList&lt;String&gt; digit2Encoding = new ArrayList&lt;String&gt;();&#13;&#10;&#9;&#9;digit2Encoding.add(&quot;A&quot;);&#13;&#10;&#9;&#9;digit2Encoding.add(&quot;B&quot;);&#13;&#10;&#9;&#9;digit2Encoding.add(&quot;C&quot;);&#13;&#10;&#9;&#9;numberEncodingMap.put(&quot;2&quot;,digit2Encoding);&#13;&#10;&#9;&#9;ArrayList&lt;String&gt; digit3Encoding = new ArrayList&lt;String&gt;();&#13;&#10;&#9;&#9;digit3Encoding.add(&quot;D&quot;);&#13;&#10;&#9;&#9;digit3Encoding.add(&quot;E&quot;);&#13;&#10;&#9;&#9;digit3Encoding.add(&quot;F&quot;);&#13;&#10;&#9;&#9;numberEncodingMap.put(&quot;3&quot;,digit3Encoding);&#13;&#10;&#9;&#9;ArrayList&lt;String&gt; digit4Encoding = new ArrayList&lt;String&gt;();&#13;&#10;&#9;&#9;digit4Encoding.add(&quot;G&quot;);&#13;&#10;&#9;&#9;digit4Encoding.add(&quot;H&quot;);&#13;&#10;&#9;&#9;digit4Encoding.add(&quot;I&quot;);&#13;&#10;&#9;&#9;numberEncodingMap.put(&quot;4&quot;,digit4Encoding);&#13;&#10;&#9;&#9;ArrayList&lt;String&gt; digit5Encoding = new ArrayList&lt;String&gt;();&#13;&#10;&#9;&#9;digit5Encoding.add(&quot;J&quot;);&#13;&#10;&#9;&#9;digit5Encoding.add(&quot;K&quot;);&#13;&#10;&#9;&#9;digit5Encoding.add(&quot;L&quot;);&#13;&#10;&#9;&#9;numberEncodingMap.put(&quot;5&quot;,digit5Encoding);&#13;&#10;&#9;&#9;ArrayList&lt;String&gt; digit6Encoding = new ArrayList&lt;String&gt;();&#13;&#10;&#9;&#9;digit6Encoding.add(&quot;M&quot;);&#13;&#10;&#9;&#9;digit6Encoding.add(&quot;N&quot;);&#13;&#10;&#9;&#9;digit6Encoding.add(&quot;O&quot;);&#13;&#10;&#9;&#9;numberEncodingMap.put(&quot;6&quot;,digit6Encoding);&#13;&#10;&#9;&#9;ArrayList&lt;String&gt; digit7Encoding = new ArrayList&lt;String&gt;();&#13;&#10;&#9;&#9;digit7Encoding.add(&quot;P&quot;);&#13;&#10;&#9;&#9;digit7Encoding.add(&quot;Q&quot;);&#13;&#10;&#9;&#9;digit7Encoding.add(&quot;R&quot;);&#13;&#10;&#9;&#9;digit7Encoding.add(&quot;S&quot;);&#13;&#10;&#9;&#9;numberEncodingMap.put(&quot;7&quot;,digit7Encoding);&#13;&#10;&#9;&#9;ArrayList&lt;String&gt; digit8Encoding = new ArrayList&lt;String&gt;();&#13;&#10;&#9;&#9;digit8Encoding.add(&quot;T&quot;);&#13;&#10;&#9;&#9;digit8Encoding.add(&quot;U&quot;);&#13;&#10;&#9;&#9;digit8Encoding.add(&quot;V&quot;);&#13;&#10;&#9;&#9;numberEncodingMap.put(&quot;8&quot;,digit8Encoding);&#13;&#10;&#9;&#9;ArrayList&lt;String&gt; digit9Encoding = new ArrayList&lt;String&gt;();&#13;&#10;&#9;&#9;digit9Encoding.add(&quot;W&quot;);&#13;&#10;&#9;&#9;digit9Encoding.add(&quot;X&quot;);&#13;&#10;&#9;&#9;digit9Encoding.add(&quot;Y&quot;);&#13;&#10;&#9;&#9;digit9Encoding.add(&quot;Z&quot;);&#13;&#10;&#9;&#9;numberEncodingMap.put(&quot;9&quot;,digit9Encoding);&#13;&#10;&#9;}&#13;&#10;&#9;&#13;&#10;&#9;&#13;&#10;&#9;private static int findLastDigitPosition(String convertedString){&#13;&#10;&#9;&#9;int pos = -1;&#13;&#10;&#9;&#9;char digit0 = '0';&#13;&#10;&#9;&#9;char digit9 = '9';&#13;&#10;&#9;&#9;for(int index = 0; index&lt;convertedString.length();index++){&#13;&#10;&#9;&#9;&#9;char charAtPos = convertedString.charAt(index);&#13;&#10;&#9;&#9;&#9;if(charAtPos&gt;=digit0 &amp;&amp; charAtPos&lt;=digit9){&#13;&#10;&#9;&#9;&#9;&#9;pos = index;&#13;&#10;&#9;&#9;&#9;}else if(charAtPos == '-'){&#13;&#10;&#9;&#9;&#9;&#9;pos = index;&#13;&#10;&#9;&#9;&#9;}&#13;&#10;&#9;&#9;}&#13;&#10;&#9;&#9;return pos;&#13;&#10;&#9;&#9;&#13;&#10;&#9;}&#13;&#10;&#9;&#13;&#10;&#9;private static String alphaToDigit(char alpha){&#13;&#10;&#9;&#9;if(alpha&gt;='A'&amp;&amp;alpha&lt;='C'){&#13;&#10;&#9;&#9;&#9;return &quot;2&quot;;&#13;&#10;&#9;&#9;}else if(alpha&gt;='D'&amp;&amp;alpha&lt;='F'){&#13;&#10;&#9;&#9;&#9;return &quot;3&quot;;&#13;&#10;&#9;&#9;}else if(alpha&gt;='G'&amp;&amp;alpha&lt;='I'){&#13;&#10;&#9;&#9;&#9;return &quot;4&quot;;&#13;&#10;&#9;&#9;}else if(alpha&gt;='J'&amp;&amp;alpha&lt;='L'){&#13;&#10;&#9;&#9;&#9;return &quot;5&quot;;&#13;&#10;&#9;&#9;}else if(alpha&gt;='M'&amp;&amp;alpha&lt;='O'){&#13;&#10;&#9;&#9;&#9;return &quot;6&quot;;&#13;&#10;&#9;&#9;}else if(alpha&gt;='P'&amp;&amp;alpha&lt;='S'){&#13;&#10;&#9;&#9;&#9;return &quot;7&quot;;&#13;&#10;&#9;&#9;}else if(alpha&gt;='T'&amp;&amp;alpha&lt;='V'){&#13;&#10;&#9;&#9;&#9;return &quot;8&quot;;&#13;&#10;&#9;&#9;}else{&#13;&#10;&#9;&#9;&#9;return &quot;9&quot;;&#13;&#10;&#9;&#9;}&#13;&#10;&#9;}&#13;&#10;&#9;&#13;&#10;&#9;&#13;&#10;&#9;private static Set&lt;String&gt; replaceStringWithDigit(String str){&#13;&#10;&#9;&#9;Set&lt;String&gt; newSet = new HashSet&lt;String&gt;();&#13;&#10;&#9;&#9;for(int i=0;i&lt;str.length()-1;i++){&#13;&#10;&#9;&#9;&#9;if(i==0){&#13;&#10;&#9;&#9;&#9;&#9;String temp = str.substring(i+1);&#13;&#10;&#9;&#9;&#9;&#9;if(Dictionary.isStringPatternExistInDictionary(temp)){&#13;&#10;&#9;&#9;&#9;&#9;&#9;newSet.add(alphaToDigit(str.charAt(i))+temp);&#13;&#10;&#9;&#9;&#9;&#9;}&#13;&#10;&#9;&#9;&#9;}&#13;&#10;&#9;&#9;&#9;else{&#13;&#10;&#9;&#9;&#9;&#9;String temp = str.substring(0,i);&#13;&#10;//&#9;&#9;&#9;&#9;System.out.println(&quot;temp: &quot;+temp);&#13;&#10;&#9;&#9;&#9;&#9;if(Dictionary.isStringExistInDictionary(temp)){&#13;&#10;&#9;&#9;&#9;&#9;&#9;String temp2 = str.substring(i+1);&#13;&#10;//&#9;&#9;&#9;&#9;&#9;System.out.println(&quot;temp2: &quot;+temp2);&#13;&#10;&#9;&#9;&#9;&#9;&#9;if(Dictionary.isStringPatternExistInDictionary(temp2)){&#13;&#10;&#9;&#9;&#9;&#9;&#9;&#9;newSet.add(temp+alphaToDigit(str.charAt(i))+temp2);&#13;&#10;&#9;&#9;&#9;&#9;&#9;}&#13;&#10;&#9;&#9;&#9;&#9;}&#13;&#10;&#9;&#9;&#9;}&#13;&#10;&#9;&#9;}&#13;&#10;//&#9;&#9;if(newSet.size()&gt;0){&#13;&#10;//&#9;&#9;&#9;System.out.println(&quot;AlphaToDigitConverter--&quot;);&#13;&#10;//&#9;&#9;&#9;for(String atr:newSet){&#13;&#10;//&#9;&#9;&#9;&#9;System.out.println(atr);&#13;&#10;//&#9;&#9;&#9;}&#13;&#10;//&#9;&#9;}&#13;&#10;&#9;&#9;return newSet;&#13;&#10;&#9;}&#13;&#10;&#9;&#13;&#10;&#9;private static Set&lt;String&gt; addToSet(Set&lt;String&gt; convertedSet,ArrayList&lt;String&gt; arr, String digit,boolean isFirstIndex){&#13;&#10;&#9;&#9;Set&lt;String&gt; newConvertedSet = new HashSet&lt;String&gt;();&#13;&#10;&#9;&#9;if(digit.equals(&quot;.&quot;)){&#13;&#10;&#9;&#9;&#9;for(String encodedStr : convertedSet){&#13;&#10;&#9;&#9;&#9;&#9;int lastDigitPos = findLastDigitPosition(encodedStr);&#13;&#10;&#9;&#9;&#9;&#9;String str = encodedStr.substring(lastDigitPos+1);&#13;&#10;&#9;&#9;&#9;&#9;if(Dictionary.isStringExistInDictionary(str) || str.equals(&quot;&quot;)){&#13;&#10;&#9;&#9;&#9;&#9;&#9;newConvertedSet.add(encodedStr.concat(&quot;-&quot;));&#13;&#10;&#9;&#9;&#9;&#9;}&#13;&#10;&#9;&#9;&#9;}&#13;&#10;&#9;&#9;}&#13;&#10;&#9;&#9;else if(convertedSet.size()&gt;0){&#13;&#10;&#9;&#9;&#9;for(String convertedStr : convertedSet){&#13;&#10;&#9;&#9;&#9;&#9;int lastDigitPos = findLastDigitPosition(convertedStr);&#13;&#10;&#9;&#9;&#9;&#9;String str = convertedStr.substring(lastDigitPos+1);&#13;&#10;&#9;&#9;&#9;&#9;for(String encodedStr : arr){&#13;&#10;&#9;&#9;&#9;&#9;&#9;String temp = str.concat(encodedStr);&#13;&#10;&#9;&#9;&#9;&#9;&#9;if(Dictionary.isStringPatternExistInDictionary(temp)){&#13;&#10;&#9;&#9;&#9;&#9;&#9;&#9;newConvertedSet.add(convertedStr.concat(encodedStr));&#13;&#10;&#9;&#9;&#9;&#9;&#9;}else{&#13;&#10;&#9;&#9;&#9;&#9;&#9;&#9;if(Dictionary.isStringExistInDictionary(str) &amp;&amp; (lastDigitPos!=convertedStr.length()-1)&#13;&#10;&#9;&#9;&#9;&#9;&#9;&#9;&#9;&#9;|| (str.equals(&quot;&quot;)  &amp;&amp; (lastDigitPos!=-1) &amp;&amp; (convertedStr.charAt(lastDigitPos) == '-')))&#13;&#10;&#9;&#9;&#9;&#9;&#9;&#9;{&#13;&#10;&#9;&#9;&#9;&#9;&#9;&#9;&#9;boolean flag = true;&#13;&#10;&#9;&#9;&#9;&#9;&#9;&#9;&#9;if((lastDigitPos!=-1) &amp;&amp; convertedStr.charAt(lastDigitPos) == '-' &amp;&amp; str.equals(&quot;&quot;)){&#13;&#10;&#9;&#9;&#9;&#9;&#9;&#9;&#9;&#9;char c = convertedStr.charAt(lastDigitPos-1);&#13;&#10;&#9;&#9;&#9;&#9;&#9;&#9;&#9;&#9;if(c&gt;='0' &amp;&amp;c&lt;='9'){&#13;&#10;&#9;&#9;&#9;&#9;&#9;&#9;&#9;&#9;&#9;flag = false;&#13;&#10;&#9;&#9;&#9;&#9;&#9;&#9;&#9;&#9;}&#13;&#10;&#9;&#9;&#9;&#9;&#9;&#9;&#9;}&#13;&#10;&#9;&#9;&#9;&#9;&#9;&#9;&#9;if(flag){&#13;&#10;&#9;&#9;&#9;&#9;&#9;&#9;&#9;&#9;newConvertedSet.add(convertedStr.concat(digit));&#13;&#10;&#9;&#9;&#9;&#9;&#9;&#9;&#9;}&#13;&#10;&#9;&#9;&#9;&#9;&#9;&#9;}&#13;&#10;&#9;&#9;&#9;&#9;&#9;&#9;Set&lt;String&gt; tempSet = replaceStringWithDigit(temp);&#13;&#10;&#9;&#9;&#9;&#9;&#9;&#9;if(tempSet.size()&gt;0){&#13;&#10;&#9;&#9;&#9;&#9;&#9;&#9;&#9;for(String tempStr:tempSet){&#13;&#10;&#9;&#9;&#9;&#9;&#9;&#9;&#9;&#9;char firstLetter = tempStr.charAt(0);&#13;&#10;&#9;&#9;&#9;&#9;&#9;&#9;&#9;&#9;if(!(firstLetter &gt;= '0' &amp;&amp; firstLetter&lt;='9') || lastDigitPos == -1){&#13;&#10;&#9;&#9;&#9;&#9;&#9;&#9;&#9;&#9;&#9;if(lastDigitPos == -1){&#13;&#10;&#9;&#9;&#9;&#9;&#9;&#9;&#9;&#9;&#9;&#9;newConvertedSet.add(tempStr);&#13;&#10;&#9;&#9;&#9;&#9;&#9;&#9;&#9;&#9;&#9;}else{&#13;&#10;&#9;&#9;&#9;&#9;&#9;&#9;&#9;&#9;&#9;&#9;newConvertedSet.add(convertedStr.substring(0,lastDigitPos).concat(tempStr));&#13;&#10;&#9;&#9;&#9;&#9;&#9;&#9;&#9;&#9;&#9;}&#13;&#10;&#9;&#9;&#9;&#9;&#9;&#9;&#9;&#9;}&#13;&#10;&#9;&#9;&#9;&#9;&#9;&#9;&#9;}&#13;&#10;&#9;&#9;&#9;&#9;&#9;&#9;}&#13;&#10;&#9;&#9;&#9;&#9;&#9;}&#13;&#10;&#9;&#9;&#9;&#9;}&#13;&#10;&#9;&#9;&#9;}&#13;&#10;&#9;&#9;}else if(isFirstIndex){&#13;&#10;&#9;&#9;&#9;for(String encodedStr:arr){&#13;&#10;&#9;&#9;&#9;&#9;newConvertedSet.add(encodedStr);&#13;&#10;&#9;&#9;&#9;}&#13;&#10;&#9;&#9;}&#13;&#10;&#9;&#9;return newConvertedSet;&#13;&#10;&#9;}&#13;&#10;&#9;&#13;&#10;&#9;&#13;&#10;&#9;public static Set&lt;String&gt; convertToAlpha(final String number){&#13;&#10;&#9;&#9;Set&lt;String&gt; convertedSet = new HashSet&lt;String&gt;();&#13;&#10;&#9;&#9;try{ &#13;&#10;&#9;&#9;&#9;for(int index = 0;index&lt;number.length();index++){&#13;&#10;&#9;&#9;&#9;&#9;char digit = number.charAt(index);&#13;&#10;&#9;&#9;&#9;&#9;if(numberEncodingMap.containsKey(String.valueOf(digit))){&#13;&#10;&#9;&#9;&#9;&#9;&#9;ArrayList&lt;String&gt; arr = numberEncodingMap.get(String.valueOf(digit));&#13;&#10;&#9;&#9;&#9;&#9;&#9;convertedSet = addToSet(convertedSet,arr,String.valueOf(digit),index==0);&#13;&#10;&#9;&#9;&#9;&#9;&#9;if(convertedSet.size()==0){&#13;&#10;&#9;&#9;&#9;&#9;&#9;&#9;break;&#13;&#10;&#9;&#9;&#9;&#9;&#9;}&#13;&#10;//&#9;&#9;&#9;&#9;&#9;System.out.println(&quot;Iteratation -- &quot;+(index+1));&#13;&#10;//&#9;&#9;&#9;&#9;&#9;for(String c:convertedSet){&#13;&#10;//&#9;&#9;&#9;&#9;&#9;&#9;System.out.println(c);&#13;&#10;//&#9;&#9;&#9;&#9;&#9;}&#13;&#10;&#9;&#9;&#9;&#9;}&#13;&#10;&#9;&#9;&#9;}&#13;&#10;&#9;&#9;}catch(Exception e){&#13;&#10;&#9;&#9;&#9;e.printStackTrace();&#13;&#10;&#9;&#9;}&#13;&#10;&#9;&#9;return convertedSet;&#13;&#10;&#9;}&#13;&#10;&#9;&#13;&#10;}&#13;&#10;" Filename="NumberToAlphaConverter.java" Intrnl_Id="1"/>
<SrcFile Content="package com.aconex.test;&#13;&#10;&#13;&#10;import org.junit.runner.JUnitCore;&#13;&#10;import org.junit.runner.Result;&#13;&#10;import org.junit.runner.notification.Failure;&#13;&#10;&#13;&#10;public class TestRunner {&#13;&#10;&#13;&#10;&#9;public static void main(String[] args) {&#13;&#10;&#9;      Result result = JUnitCore.runClasses(TestAconex.class);&#13;&#10;&#9;      for (Failure failure : result.getFailures()) {&#13;&#10;&#9;         System.out.println(failure.toString());&#13;&#10;&#9;      }&#13;&#10;&#9;      System.out.println(result.wasSuccessful());&#13;&#10;&#9;   }&#13;&#10;}&#13;&#10; " Filename="TestRunner.java" Intrnl_Id="2"/>
<SrcFile Content="package com.aconex.test;&#13;&#10;&#13;&#10;import static org.junit.Assert.assertFalse;&#13;&#10;&#13;&#10;import java.io.File;&#13;&#10;import java.util.Set;&#13;&#10;&#13;&#10;import org.junit.Before;&#13;&#10;import org.junit.Test;&#13;&#10;&#13;&#10;import com.aconex.coding.challenge.Dictionary;&#13;&#10;import com.aconex.coding.challenge.NumberToAlphaConverter;&#13;&#10;&#13;&#10;public class TestAconex{&#13;&#10;&#13;&#10;&#9;Dictionary dictionary = Dictionary.getInstance();&#13;&#10;&#9;&#13;&#10;&#9;@Before&#13;&#10;&#9;public void init(){&#13;&#10;&#9;&#9;dictionary.init(&quot;dictionary&quot;+File.separator+&quot;dict2.txt&quot;);&#13;&#10;&#9;}&#13;&#10;&#9;&#13;&#10;&#9;@Test&#13;&#10;&#9;public void checkForSimpleConversionWithSingleResult(){&#13;&#10;&#9;&#9;Set&lt;String&gt; result = NumberToAlphaConverter.convertToAlpha(&quot;27426&quot;);&#13;&#10;&#9;&#9;boolean flag = false;&#13;&#10;&#9;&#9;if(result.size()&gt;0){&#13;&#10;&#9;&#9;&#9;for(String str:result){&#13;&#10;&#9;&#9;&#9;&#9;if(!str.equals(&quot;BRIAN&quot;)){&#13;&#10;&#9;&#9;&#9;&#9;&#9;flag = true;&#13;&#10;&#9;&#9;&#9;&#9;}&#13;&#10;&#9;&#9;&#9;}&#13;&#10;&#9;&#9;}else{&#13;&#10;&#9;&#9;&#9;flag = true;&#13;&#10;&#9;&#9;}&#13;&#10;&#9;&#9;assertFalse(flag);&#13;&#10;&#9;}&#13;&#10;&#9;&#13;&#10;&#9;&#13;&#10;&#9;&#13;&#10;&#9;@Test&#13;&#10;&#9;public void checkForSimpleConversionWithMultipleResult(){&#13;&#10;&#9;&#9;Set&lt;String&gt; result = NumberToAlphaConverter.convertToAlpha(&quot;626474&quot;);&#13;&#10;&#9;&#9;boolean flag = false;&#13;&#10;&#9;&#9;if(result.size()&gt;0){&#13;&#10;&#9;&#9;&#9;for(String str:result){&#13;&#10;&#9;&#9;&#9;&#9;if(!str.equals(&quot;MANISH&quot;) &amp;&amp; !str.equals(&quot;MAMISH&quot;) &amp;&amp; !str.equals(&quot;MAOISH&quot;)){&#13;&#10;&#9;&#9;&#9;&#9;&#9;flag = true;&#13;&#10;&#9;&#9;&#9;&#9;}&#13;&#10;&#9;&#9;&#9;}&#13;&#10;&#9;&#9;}else{&#13;&#10;&#9;&#9;&#9;flag = true;&#13;&#10;&#9;&#9;}&#13;&#10;&#9;&#9;assertFalse(flag);&#13;&#10;&#9;}&#13;&#10;&#9;&#13;&#10;&#9;&#13;&#10;&#9;&#13;&#10;&#9;@Test&#13;&#10;&#9;public void testsSingleStringResultWithMultipleDictionaryWord(){&#13;&#10;&#9;&#9;Set&lt;String&gt; result = NumberToAlphaConverter.convertToAlpha(&quot;722446.56739&quot;);&#13;&#10;&#9;&#9;boolean flag = false;&#13;&#10;&#9;&#9;if(result.size()&gt;0){&#13;&#10;&#9;&#9;&#9;for(String str:result){&#13;&#10;&#9;&#9;&#9;&#9;if(!str.equals(&quot;SACHIN-LOPEZ&quot;)){&#13;&#10;&#9;&#9;&#9;&#9;&#9;flag = true;&#13;&#10;&#9;&#9;&#9;&#9;}&#13;&#10;&#9;&#9;&#9;}&#13;&#10;&#9;&#9;}else{&#13;&#10;&#9;&#9;&#9;flag = true;&#13;&#10;&#9;&#9;}&#13;&#10;&#9;&#9;assertFalse(flag);&#13;&#10;&#9;}&#13;&#10;&#13;&#10;&#9;@Test&#13;&#10;&#9;public void testsSingleStringResultWithMultipleDictionaryWordAndSingleNumbersInBetween(){&#13;&#10;&#9;&#9;Set&lt;String&gt; result = NumberToAlphaConverter.convertToAlpha(&quot;722446.356739&quot;);&#13;&#10;&#9;&#9;boolean flag = false;&#13;&#10;&#9;&#9;if(result.size()&gt;0){&#13;&#10;&#9;&#9;&#9;for(String str:result){&#13;&#10;&#9;&#9;&#9;&#9;if(!str.equals(&quot;SACHIN-3LOPEZ&quot;)){&#13;&#10;&#9;&#9;&#9;&#9;&#9;flag = true;&#13;&#10;&#9;&#9;&#9;&#9;}&#13;&#10;&#9;&#9;&#9;}&#13;&#10;&#9;&#9;}else{&#13;&#10;&#9;&#9;&#9;flag = true;&#13;&#10;&#9;&#9;}&#13;&#10;&#9;&#9;if(!flag){&#13;&#10;&#9;&#9;&#9;Set&lt;String&gt; result1 = NumberToAlphaConverter.convertToAlpha(&quot;7224462.56739&quot;);&#13;&#10;&#9;&#9;&#9;if(result1.size()&gt;0){&#13;&#10;&#9;&#9;&#9;&#9;for(String str:result1){&#13;&#10;&#9;&#9;&#9;&#9;&#9;if(!str.equals(&quot;SACHIN2-LOPEZ&quot;)){&#13;&#10;&#9;&#9;&#9;&#9;&#9;&#9;flag = true;&#13;&#10;&#9;&#9;&#9;&#9;&#9;}&#13;&#10;&#9;&#9;&#9;&#9;}&#13;&#10;&#9;&#9;&#9;}else{&#13;&#10;&#9;&#9;&#9;&#9;flag = true;&#13;&#10;&#9;&#9;&#9;}&#13;&#10;&#9;&#9;}&#13;&#10;&#9;&#9;assertFalse(flag);&#13;&#10;&#9;}&#13;&#10;&#9;&#13;&#10;&#9;@Test&#13;&#10;&#9;public void testsSingleStringResultWithMultipleDictionaryWordAndMultipleNumbersInBetween(){&#13;&#10;&#9;&#9;Set&lt;String&gt; result = NumberToAlphaConverter.convertToAlpha(&quot;7224465.76626356739&quot;);&#13;&#10;&#9;&#9;boolean flag = false;&#13;&#10;&#9;&#9;if(result.size()&gt;0){&#13;&#10;&#9;&#9;&#9;for(String str:result){&#13;&#10;&#9;&#9;&#9;&#9;if(!str.equals(&quot;SACHIN5-SONAM3LOPEZ&quot;)){&#13;&#10;&#9;&#9;&#9;&#9;&#9;flag = true;&#13;&#10;&#9;&#9;&#9;&#9;}&#13;&#10;&#9;&#9;&#9;}&#13;&#10;&#9;&#9;}else{&#13;&#10;&#9;&#9;&#9;flag = true;&#13;&#10;&#9;&#9;}&#13;&#10;&#9;&#9;assertFalse(flag);&#13;&#10;&#9;}&#13;&#10;&#9;&#13;&#10;&#9;&#13;&#10;&#9;@Test&#13;&#10;&#9;public void testsSingleStringResultWithMultipleDictionaryWordAndSingleNumbersAtLeftEnd(){&#13;&#10;&#9;&#9;Set&lt;String&gt; result = NumberToAlphaConverter.convertToAlpha(&quot;527426.76626&quot;);&#13;&#10;&#9;&#9;boolean flag = false;&#13;&#10;&#9;&#9;if(result.size()&gt;0){&#13;&#10;&#9;&#9;&#9;for(String str:result){&#13;&#10;&#9;&#9;&#9;&#9;if(!str.equals(&quot;5BRIAN-SONAM&quot;)){&#13;&#10;&#9;&#9;&#9;&#9;&#9;flag = true;&#13;&#10;&#9;&#9;&#9;&#9;}&#13;&#10;&#9;&#9;&#9;}&#13;&#10;&#9;&#9;}else{&#13;&#10;&#9;&#9;&#9;flag = true;&#13;&#10;&#9;&#9;}&#13;&#10;&#9;&#9;assertFalse(flag);&#13;&#10;&#9;}&#13;&#10;&#9;&#13;&#10;&#9;&#13;&#10;&#9;@Test&#13;&#10;&#9;public void testsSingleStringResultWithMultipleDictionaryWordAndSingleNumbersAtRightEnd(){&#13;&#10;&#9;&#9;Set&lt;String&gt; result = NumberToAlphaConverter.convertToAlpha(&quot;27426.766269&quot;);&#13;&#10;&#9;&#9;boolean flag = false;&#13;&#10;&#9;&#9;if(result.size()&gt;0){&#13;&#10;&#9;&#9;&#9;for(String str:result){&#13;&#10;&#9;&#9;&#9;&#9;if(!str.equals(&quot;BRIAN-SONAM9&quot;)){&#13;&#10;&#9;&#9;&#9;&#9;&#9;flag = true;&#13;&#10;&#9;&#9;&#9;&#9;}&#13;&#10;&#9;&#9;&#9;}&#13;&#10;&#9;&#9;}else{&#13;&#10;&#9;&#9;&#9;flag = true;&#13;&#10;&#9;&#9;}&#13;&#10;&#9;&#9;assertFalse(flag);&#13;&#10;&#9;}&#13;&#10;&#9;&#13;&#10;&#9;@Test&#13;&#10;&#9;public void testsSingleStringResultWithMultipleDictionaryWordAndNumbersAtBothEnds(){&#13;&#10;&#9;&#9;Set&lt;String&gt; result = NumberToAlphaConverter.convertToAlpha(&quot;527426.766269&quot;);&#13;&#10;&#9;&#9;boolean flag = false;&#13;&#10;&#9;&#9;if(result.size()&gt;0){&#13;&#10;&#9;&#9;&#9;for(String str:result){&#13;&#10;&#9;&#9;&#9;&#9;if(!str.equals(&quot;5BRIAN-SONAM9&quot;)){&#13;&#10;&#9;&#9;&#9;&#9;&#9;flag = true;&#13;&#10;&#9;&#9;&#9;&#9;}&#13;&#10;&#9;&#9;&#9;}&#13;&#10;&#9;&#9;}else{&#13;&#10;&#9;&#9;&#9;flag = true;&#13;&#10;&#9;&#9;}&#13;&#10;&#9;&#9;assertFalse(flag);&#13;&#10;&#9;}&#13;&#10;&#9;&#13;&#10;&#9;@Test&#13;&#10;&#9;public void testsSingleStringResultWithMultipleDictionaryWordAndNumbersAtEndsAndInBetween(){&#13;&#10;&#9;&#9;Set&lt;String&gt; result = NumberToAlphaConverter.convertToAlpha(&quot;5274264.766269567399&quot;);&#13;&#10;&#9;&#9;boolean flag = false;&#13;&#10;&#9;&#9;if(result.size()&gt;0){&#13;&#10;&#9;&#9;&#9;for(String str:result){&#13;&#10;&#9;&#9;&#9;&#9;if(!str.equals(&quot;5BRIAN4-SONAM9LOPEZ9&quot;)){&#13;&#10;&#9;&#9;&#9;&#9;&#9;flag = true;&#13;&#10;&#9;&#9;&#9;&#9;}&#13;&#10;&#9;&#9;&#9;}&#13;&#10;&#9;&#9;}else{&#13;&#10;&#9;&#9;&#9;flag = true;&#13;&#10;&#9;&#9;}&#13;&#10;&#9;&#9;assertFalse(flag);&#13;&#10;&#9;}&#13;&#10;&#9;&#13;&#10;&#9;&#13;&#10;&#9;@Test&#13;&#10;&#9;public void testsResultWithMultipleDictionaryWordAndNumbersConsecutiveInResult(){&#13;&#10;&#9;&#9;Set&lt;String&gt; result = NumberToAlphaConverter.convertToAlpha(&quot;5274264.2766269567399&quot;);&#13;&#10;&#9;&#9;boolean flag = true;&#13;&#10;&#9;&#9;&#13;&#10;&#9;&#9;if(result.size()&gt;0){&#13;&#10;&#9;&#9;&#9;for(String str:result){&#13;&#10;&#9;&#9;&#9;&#9;if(str.equals(&quot;5BRIAN4-2SONAM9LOPEZ9&quot;)){&#13;&#10;&#9;&#9;&#9;&#9;&#9;flag = false;&#13;&#10;&#9;&#9;&#9;&#9;}&#13;&#10;&#9;&#9;&#9;}&#13;&#10;&#9;&#9;}&#13;&#10;&#9;&#9;&#13;&#10;&#9;&#9;if(flag){&#13;&#10;&#9;&#9;&#9;Set&lt;String&gt; result1 = NumberToAlphaConverter.convertToAlpha(&quot;5274264.27662699567399&quot;);&#13;&#10;&#9;&#9;&#9;if(result1.size()&gt;0){&#13;&#10;&#9;&#9;&#9;&#9;for(String str:result){&#13;&#10;&#9;&#9;&#9;&#9;&#9;if(str.equals(&quot;5BRIAN-2SONAM99LOPEZ9&quot;)){&#13;&#10;&#9;&#9;&#9;&#9;&#9;&#9;flag = false;&#13;&#10;&#9;&#9;&#9;&#9;&#9;}&#13;&#10;&#9;&#9;&#9;&#9;}&#13;&#10;&#9;&#9;&#9;}&#13;&#10;&#9;&#9;}&#13;&#10;&#9;&#9;assertFalse(!flag);&#13;&#10;&#9;}&#13;&#10;&#9;&#13;&#10;&#9;&#13;&#10;&#9;/**&#13;&#10;&#9; * In Dictionary Added - NIS,HA,HHA,AN,NISHHAN&#13;&#10;&#9; */&#13;&#10;&#9;@Test&#13;&#10;&#9;public void testPhoneNumberForAmbiguity(){&#13;&#10;&#9;&#9;Set&lt;String&gt; result = NumberToAlphaConverter.convertToAlpha(&quot;6474426&quot;);&#13;&#10;&#9;&#9;boolean flag = false;&#13;&#10;&#9;&#9;if(result.size()&gt;0){&#13;&#10;&#9;&#9;&#9;for(String str:result){&#13;&#10;&#9;&#9;&#9;&#9;if(!str.equals(&quot;NIS4HA6&quot;) &amp;&amp; !str.equals(&quot;NISHHAN&quot;)){&#13;&#10;&#9;&#9;&#9;&#9;&#9;flag = true;&#13;&#10;&#9;&#9;&#9;&#9;}&#13;&#10;&#9;&#9;&#9;}&#13;&#10;&#9;&#9;}else{&#13;&#10;&#9;&#9;&#9;flag = true;&#13;&#10;&#9;&#9;}&#13;&#10;&#9;&#9;assertFalse(flag);&#13;&#10;&#9;}&#13;&#10;&#9;&#13;&#10;}&#13;&#10;" Filename="TestAconex.java" Intrnl_Id="3"/>
</SrcFileList>
<CritList>
<CritListEntry Name="org.codecover.model.utils.criteria.LoopCoverage" PluginName="org.codecover"/>
<CritListEntry Name="org.codecover.model.utils.criteria.BranchCoverage" PluginName="org.codecover"/>
<CritListEntry Name="org.codecover.model.utils.criteria.ConditionCoverage" PluginName="org.codecover"/>
<CritListEntry Name="org.codecover.model.utils.criteria.SynchronizedStatementCoverage" PluginName="org.codecover"/>
<CritListEntry Name="org.codecover.model.utils.criteria.QMOCoverage" PluginName="org.codecover"/>
<CritListEntry Name="org.codecover.model.utils.criteria.StatementCoverage" PluginName="org.codecover"/>
</CritList>
<BoolOpList>
<BoolOp Arity="1" Intrnl_Id="4" Name="not (!)">
<BoolAssgnmntBoolMapList>
<MapEntry BoolAssgnmnt="0" Value="true"/>
<MapEntry BoolAssgnmnt="1" Value="false"/>
</BoolAssgnmntBoolMapList>
</BoolOp>
<BoolOp Arity="2" Intrnl_Id="5" Name="conditional and (&amp;&amp;)">
<BoolAssgnmntBoolMapList>
<MapEntry BoolAssgnmnt="10" Value="false"/>
<MapEntry BoolAssgnmnt="02" Value="false"/>
<MapEntry BoolAssgnmnt="11" Value="true"/>
</BoolAssgnmntBoolMapList>
</BoolOp>
<BoolOp Arity="2" Intrnl_Id="6" Name="conditional or (||)">
<BoolAssgnmntBoolMapList>
<MapEntry BoolAssgnmnt="01" Value="true"/>
<MapEntry BoolAssgnmnt="00" Value="false"/>
<MapEntry BoolAssgnmnt="12" Value="true"/>
</BoolAssgnmntBoolMapList>
</BoolOp>
</BoolOpList>
<HierarchyLvlTypeList>
<HierarchyLvlType EnglishName="package" IntrnlName="package" Intrnl_Id="7"/>
<HierarchyLvlType EnglishName="class" IntrnlName="class" Intrnl_Id="8"/>
<HierarchyLvlType EnglishName="method" IntrnlName="method" Intrnl_Id="9"/>
<HierarchyLvlType EnglishName="default package" IntrnlName="default package" Intrnl_Id="10"/>
</HierarchyLvlTypeList>
<MASTRoot>
<HierarchyLvl HierarchyLvlId="115" HierarchyLvlTypeId="10" Intrnl_Id="11" Name="default package">
<Header/>
<LocList/>
<HierarchyLvl HierarchyLvlId="114" HierarchyLvlTypeId="7" Intrnl_Id="12" Name="com">
<Header/>
<LocList/>
<HierarchyLvl HierarchyLvlId="113" HierarchyLvlTypeId="7" Intrnl_Id="13" Name="aconex">
<Header/>
<LocList/>
<HierarchyLvl HierarchyLvlId="111" HierarchyLvlTypeId="7" Intrnl_Id="14" Name="coding">
<Header/>
<LocList/>
<HierarchyLvl HierarchyLvlId="110" HierarchyLvlTypeId="7" Intrnl_Id="15" Name="challenge">
<Header/>
<LocList/>
<HierarchyLvl HierarchyLvlId="94" HierarchyLvlTypeId="8" Intrnl_Id="16" Name="NumberToAlphaConverter">
<Header>
<Loc EndOffset="239" SrcFileId="1" StartOffset="204"/>
</Header>
<LocList>
<Loc EndOffset="6680" SrcFileId="1" StartOffset="204"/>
</LocList>
<StmntSeq Intrnl_Id="17">
<LocList>
<Loc EndOffset="342" SrcFileId="1" StartOffset="245"/>
<Loc EndOffset="420" SrcFileId="1" StartOffset="360"/>
<Loc EndOffset="449" SrcFileId="1" StartOffset="424"/>
<Loc EndOffset="496" SrcFileId="1" StartOffset="453"/>
<Loc EndOffset="559" SrcFileId="1" StartOffset="500"/>
<Loc EndOffset="587" SrcFileId="1" StartOffset="563"/>
<Loc EndOffset="615" SrcFileId="1" StartOffset="591"/>
<Loc EndOffset="643" SrcFileId="1" StartOffset="619"/>
<Loc EndOffset="689" SrcFileId="1" StartOffset="647"/>
<Loc EndOffset="752" SrcFileId="1" StartOffset="693"/>
<Loc EndOffset="780" SrcFileId="1" StartOffset="756"/>
<Loc EndOffset="808" SrcFileId="1" StartOffset="784"/>
<Loc EndOffset="836" SrcFileId="1" StartOffset="812"/>
<Loc EndOffset="882" SrcFileId="1" StartOffset="840"/>
<Loc EndOffset="945" SrcFileId="1" StartOffset="886"/>
<Loc EndOffset="973" SrcFileId="1" StartOffset="949"/>
<Loc EndOffset="1001" SrcFileId="1" StartOffset="977"/>
<Loc EndOffset="1029" SrcFileId="1" StartOffset="1005"/>
<Loc EndOffset="1075" SrcFileId="1" StartOffset="1033"/>
<Loc EndOffset="1138" SrcFileId="1" StartOffset="1079"/>
<Loc EndOffset="1166" SrcFileId="1" StartOffset="1142"/>
<Loc EndOffset="1194" SrcFileId="1" StartOffset="1170"/>
<Loc EndOffset="1222" SrcFileId="1" StartOffset="1198"/>
<Loc EndOffset="1268" SrcFileId="1" StartOffset="1226"/>
<Loc EndOffset="1331" SrcFileId="1" StartOffset="1272"/>
<Loc EndOffset="1359" SrcFileId="1" StartOffset="1335"/>
<Loc EndOffset="1387" SrcFileId="1" StartOffset="1363"/>
<Loc EndOffset="1415" SrcFileId="1" StartOffset="1391"/>
<Loc EndOffset="1461" SrcFileId="1" StartOffset="1419"/>
<Loc EndOffset="1524" SrcFileId="1" StartOffset="1465"/>
<Loc EndOffset="1552" SrcFileId="1" StartOffset="1528"/>
<Loc EndOffset="1580" SrcFileId="1" StartOffset="1556"/>
<Loc EndOffset="1608" SrcFileId="1" StartOffset="1584"/>
<Loc EndOffset="1636" SrcFileId="1" StartOffset="1612"/>
<Loc EndOffset="1682" SrcFileId="1" StartOffset="1640"/>
<Loc EndOffset="1745" SrcFileId="1" StartOffset="1686"/>
<Loc EndOffset="1773" SrcFileId="1" StartOffset="1749"/>
<Loc EndOffset="1801" SrcFileId="1" StartOffset="1777"/>
<Loc EndOffset="1829" SrcFileId="1" StartOffset="1805"/>
<Loc EndOffset="1875" SrcFileId="1" StartOffset="1833"/>
<Loc EndOffset="1938" SrcFileId="1" StartOffset="1879"/>
<Loc EndOffset="1966" SrcFileId="1" StartOffset="1942"/>
<Loc EndOffset="1994" SrcFileId="1" StartOffset="1970"/>
<Loc EndOffset="2022" SrcFileId="1" StartOffset="1998"/>
<Loc EndOffset="2050" SrcFileId="1" StartOffset="2026"/>
<Loc EndOffset="2096" SrcFileId="1" StartOffset="2054"/>
</LocList>
<BasicStmnt CovItemId="S1" CovItemPrefix="com.aconex.coding.challenge.NumberToAlphaConverter.java" Intrnl_Id="18">
<LocList>
<Loc EndOffset="342" SrcFileId="1" StartOffset="245"/>
</LocList>
</BasicStmnt>
<BasicStmnt CovItemId="S2" CovItemPrefix="com.aconex.coding.challenge.NumberToAlphaConverter.java" Intrnl_Id="19">
<LocList>
<Loc EndOffset="420" SrcFileId="1" StartOffset="360"/>
</LocList>
</BasicStmnt>
<BasicStmnt CovItemId="S3" CovItemPrefix="com.aconex.coding.challenge.NumberToAlphaConverter.java" Intrnl_Id="20">
<LocList>
<Loc EndOffset="449" SrcFileId="1" StartOffset="424"/>
</LocList>
</BasicStmnt>
<BasicStmnt CovItemId="S4" CovItemPrefix="com.aconex.coding.challenge.NumberToAlphaConverter.java" Intrnl_Id="21">
<LocList>
<Loc EndOffset="496" SrcFileId="1" StartOffset="453"/>
</LocList>
</BasicStmnt>
<BasicStmnt CovItemId="S5" CovItemPrefix="com.aconex.coding.challenge.NumberToAlphaConverter.java" Intrnl_Id="22">
<LocList>
<Loc EndOffset="559" SrcFileId="1" StartOffset="500"/>
</LocList>
</BasicStmnt>
<BasicStmnt CovItemId="S6" CovItemPrefix="com.aconex.coding.challenge.NumberToAlphaConverter.java" Intrnl_Id="23">
<LocList>
<Loc EndOffset="587" SrcFileId="1" StartOffset="563"/>
</LocList>
</BasicStmnt>
<BasicStmnt CovItemId="S7" CovItemPrefix="com.aconex.coding.challenge.NumberToAlphaConverter.java" Intrnl_Id="24">
<LocList>
<Loc EndOffset="615" SrcFileId="1" StartOffset="591"/>
</LocList>
</BasicStmnt>
<BasicStmnt CovItemId="S8" CovItemPrefix="com.aconex.coding.challenge.NumberToAlphaConverter.java" Intrnl_Id="25">
<LocList>
<Loc EndOffset="643" SrcFileId="1" StartOffset="619"/>
</LocList>
</BasicStmnt>
<BasicStmnt CovItemId="S9" CovItemPrefix="com.aconex.coding.challenge.NumberToAlphaConverter.java" Intrnl_Id="26">
<LocList>
<Loc EndOffset="689" SrcFileId="1" StartOffset="647"/>
</LocList>
</BasicStmnt>
<BasicStmnt CovItemId="S10" CovItemPrefix="com.aconex.coding.challenge.NumberToAlphaConverter.java" Intrnl_Id="27">
<LocList>
<Loc EndOffset="752" SrcFileId="1" StartOffset="693"/>
</LocList>
</BasicStmnt>
<BasicStmnt CovItemId="S11" CovItemPrefix="com.aconex.coding.challenge.NumberToAlphaConverter.java" Intrnl_Id="28">
<LocList>
<Loc EndOffset="780" SrcFileId="1" StartOffset="756"/>
</LocList>
</BasicStmnt>
<BasicStmnt CovItemId="S12" CovItemPrefix="com.aconex.coding.challenge.NumberToAlphaConverter.java" Intrnl_Id="29">
<LocList>
<Loc EndOffset="808" SrcFileId="1" StartOffset="784"/>
</LocList>
</BasicStmnt>
<BasicStmnt CovItemId="S13" CovItemPrefix="com.aconex.coding.challenge.NumberToAlphaConverter.java" Intrnl_Id="30">
<LocList>
<Loc EndOffset="836" SrcFileId="1" StartOffset="812"/>
</LocList>
</BasicStmnt>
<BasicStmnt CovItemId="S14" CovItemPrefix="com.aconex.coding.challenge.NumberToAlphaConverter.java" Intrnl_Id="31">
<LocList>
<Loc EndOffset="882" SrcFileId="1" StartOffset="840"/>
</LocList>
</BasicStmnt>
<BasicStmnt CovItemId="S15" CovItemPrefix="com.aconex.coding.challenge.NumberToAlphaConverter.java" Intrnl_Id="32">
<LocList>
<Loc EndOffset="945" SrcFileId="1" StartOffset="886"/>
</LocList>
</BasicStmnt>
<BasicStmnt CovItemId="S16" CovItemPrefix="com.aconex.coding.challenge.NumberToAlphaConverter.java" Intrnl_Id="33">
<LocList>
<Loc EndOffset="973" SrcFileId="1" StartOffset="949"/>
</LocList>
</BasicStmnt>
<BasicStmnt CovItemId="S17" CovItemPrefix="com.aconex.coding.challenge.NumberToAlphaConverter.java" Intrnl_Id="34">
<LocList>
<Loc EndOffset="1001" SrcFileId="1" StartOffset="977"/>
</LocList>
</BasicStmnt>
<BasicStmnt CovItemId="S18" CovItemPrefix="com.aconex.coding.challenge.NumberToAlphaConverter.java" Intrnl_Id="35">
<LocList>
<Loc EndOffset="1029" SrcFileId="1" StartOffset="1005"/>
</LocList>
</BasicStmnt>
<BasicStmnt CovItemId="S19" CovItemPrefix="com.aconex.coding.challenge.NumberToAlphaConverter.java" Intrnl_Id="36">
<LocList>
<Loc EndOffset="1075" SrcFileId="1" StartOffset="1033"/>
</LocList>
</BasicStmnt>
<BasicStmnt CovItemId="S20" CovItemPrefix="com.aconex.coding.challenge.NumberToAlphaConverter.java" Intrnl_Id="37">
<LocList>
<Loc EndOffset="1138" SrcFileId="1" StartOffset="1079"/>
</LocList>
</BasicStmnt>
<BasicStmnt CovItemId="S21" CovItemPrefix="com.aconex.coding.challenge.NumberToAlphaConverter.java" Intrnl_Id="38">
<LocList>
<Loc EndOffset="1166" SrcFileId="1" StartOffset="1142"/>
</LocList>
</BasicStmnt>
<BasicStmnt CovItemId="S22" CovItemPrefix="com.aconex.coding.challenge.NumberToAlphaConverter.java" Intrnl_Id="39">
<LocList>
<Loc EndOffset="1194" SrcFileId="1" StartOffset="1170"/>
</LocList>
</BasicStmnt>
<BasicStmnt CovItemId="S23" CovItemPrefix="com.aconex.coding.challenge.NumberToAlphaConverter.java" Intrnl_Id="40">
<LocList>
<Loc EndOffset="1222" SrcFileId="1" StartOffset="1198"/>
</LocList>
</BasicStmnt>
<BasicStmnt CovItemId="S24" CovItemPrefix="com.aconex.coding.challenge.NumberToAlphaConverter.java" Intrnl_Id="41">
<LocList>
<Loc EndOffset="1268" SrcFileId="1" StartOffset="1226"/>
</LocList>
</BasicStmnt>
<BasicStmnt CovItemId="S25" CovItemPrefix="com.aconex.coding.challenge.NumberToAlphaConverter.java" Intrnl_Id="42">
<LocList>
<Loc EndOffset="1331" SrcFileId="1" StartOffset="1272"/>
</LocList>
</BasicStmnt>
<BasicStmnt CovItemId="S26" CovItemPrefix="com.aconex.coding.challenge.NumberToAlphaConverter.java" Intrnl_Id="43">
<LocList>
<Loc EndOffset="1359" SrcFileId="1" StartOffset="1335"/>
</LocList>
</BasicStmnt>
<BasicStmnt CovItemId="S27" CovItemPrefix="com.aconex.coding.challenge.NumberToAlphaConverter.java" Intrnl_Id="44">
<LocList>
<Loc EndOffset="1387" SrcFileId="1" StartOffset="1363"/>
</LocList>
</BasicStmnt>
<BasicStmnt CovItemId="S28" CovItemPrefix="com.aconex.coding.challenge.NumberToAlphaConverter.java" Intrnl_Id="45">
<LocList>
<Loc EndOffset="1415" SrcFileId="1" StartOffset="1391"/>
</LocList>
</BasicStmnt>
<BasicStmnt CovItemId="S29" CovItemPrefix="com.aconex.coding.challenge.NumberToAlphaConverter.java" Intrnl_Id="46">
<LocList>
<Loc EndOffset="1461" SrcFileId="1" StartOffset="1419"/>
</LocList>
</BasicStmnt>
<BasicStmnt CovItemId="S30" CovItemPrefix="com.aconex.coding.challenge.NumberToAlphaConverter.java" Intrnl_Id="47">
<LocList>
<Loc EndOffset="1524" SrcFileId="1" StartOffset="1465"/>
</LocList>
</BasicStmnt>
<BasicStmnt CovItemId="S31" CovItemPrefix="com.aconex.coding.challenge.NumberToAlphaConverter.java" Intrnl_Id="48">
<LocList>
<Loc EndOffset="1552" SrcFileId="1" StartOffset="1528"/>
</LocList>
</BasicStmnt>
<BasicStmnt CovItemId="S32" CovItemPrefix="com.aconex.coding.challenge.NumberToAlphaConverter.java" Intrnl_Id="49">
<LocList>
<Loc EndOffset="1580" SrcFileId="1" StartOffset="1556"/>
</LocList>
</BasicStmnt>
<BasicStmnt CovItemId="S33" CovItemPrefix="com.aconex.coding.challenge.NumberToAlphaConverter.java" Intrnl_Id="50">
<LocList>
<Loc EndOffset="1608" SrcFileId="1" StartOffset="1584"/>
</LocList>
</BasicStmnt>
<BasicStmnt CovItemId="S34" CovItemPrefix="com.aconex.coding.challenge.NumberToAlphaConverter.java" Intrnl_Id="51">
<LocList>
<Loc EndOffset="1636" SrcFileId="1" StartOffset="1612"/>
</LocList>
</BasicStmnt>
<BasicStmnt CovItemId="S35" CovItemPrefix="com.aconex.coding.challenge.NumberToAlphaConverter.java" Intrnl_Id="52">
<LocList>
<Loc EndOffset="1682" SrcFileId="1" StartOffset="1640"/>
</LocList>
</BasicStmnt>
<BasicStmnt CovItemId="S36" CovItemPrefix="com.aconex.coding.challenge.NumberToAlphaConverter.java" Intrnl_Id="53">
<LocList>
<Loc EndOffset="1745" SrcFileId="1" StartOffset="1686"/>
</LocList>
</BasicStmnt>
<BasicStmnt CovItemId="S37" CovItemPrefix="com.aconex.coding.challenge.NumberToAlphaConverter.java" Intrnl_Id="54">
<LocList>
<Loc EndOffset="1773" SrcFileId="1" StartOffset="1749"/>
</LocList>
</BasicStmnt>
<BasicStmnt CovItemId="S38" CovItemPrefix="com.aconex.coding.challenge.NumberToAlphaConverter.java" Intrnl_Id="55">
<LocList>
<Loc EndOffset="1801" SrcFileId="1" StartOffset="1777"/>
</LocList>
</BasicStmnt>
<BasicStmnt CovItemId="S39" CovItemPrefix="com.aconex.coding.challenge.NumberToAlphaConverter.java" Intrnl_Id="56">
<LocList>
<Loc EndOffset="1829" SrcFileId="1" StartOffset="1805"/>
</LocList>
</BasicStmnt>
<BasicStmnt CovItemId="S40" CovItemPrefix="com.aconex.coding.challenge.NumberToAlphaConverter.java" Intrnl_Id="57">
<LocList>
<Loc EndOffset="1875" SrcFileId="1" StartOffset="1833"/>
</LocList>
</BasicStmnt>
<BasicStmnt CovItemId="S41" CovItemPrefix="com.aconex.coding.challenge.NumberToAlphaConverter.java" Intrnl_Id="58">
<LocList>
<Loc EndOffset="1938" SrcFileId="1" StartOffset="1879"/>
</LocList>
</BasicStmnt>
<BasicStmnt CovItemId="S42" CovItemPrefix="com.aconex.coding.challenge.NumberToAlphaConverter.java" Intrnl_Id="59">
<LocList>
<Loc EndOffset="1966" SrcFileId="1" StartOffset="1942"/>
</LocList>
</BasicStmnt>
<BasicStmnt CovItemId="S43" CovItemPrefix="com.aconex.coding.challenge.NumberToAlphaConverter.java" Intrnl_Id="60">
<LocList>
<Loc EndOffset="1994" SrcFileId="1" StartOffset="1970"/>
</LocList>
</BasicStmnt>
<BasicStmnt CovItemId="S44" CovItemPrefix="com.aconex.coding.challenge.NumberToAlphaConverter.java" Intrnl_Id="61">
<LocList>
<Loc EndOffset="2022" SrcFileId="1" StartOffset="1998"/>
</LocList>
</BasicStmnt>
<BasicStmnt CovItemId="S45" CovItemPrefix="com.aconex.coding.challenge.NumberToAlphaConverter.java" Intrnl_Id="62">
<LocList>
<Loc EndOffset="2050" SrcFileId="1" StartOffset="2026"/>
</LocList>
</BasicStmnt>
<BasicStmnt CovItemId="S46" CovItemPrefix="com.aconex.coding.challenge.NumberToAlphaConverter.java" Intrnl_Id="63">
<LocList>
<Loc EndOffset="2096" SrcFileId="1" StartOffset="2054"/>
</LocList>
</BasicStmnt>
</StmntSeq>
<HierarchyLvl HierarchyLvlId="89" HierarchyLvlTypeId="9" Intrnl_Id="64" Name="findLastDigitPosition">
<Header>
<Loc EndOffset="2173" SrcFileId="1" StartOffset="2109"/>
</Header>
<LocList>
<Loc EndOffset="2500" SrcFileId="1" StartOffset="2109"/>
</LocList>
<StmntSeq Intrnl_Id="65">
<LocList>
<Loc EndOffset="2191" SrcFileId="1" StartOffset="2178"/>
<Loc EndOffset="2213" SrcFileId="1" StartOffset="2195"/>
<Loc EndOffset="2235" SrcFileId="1" StartOffset="2217"/>
<Loc EndOffset="2477" SrcFileId="1" StartOffset="2239"/>
<Loc EndOffset="2492" SrcFileId="1" StartOffset="2481"/>
</LocList>
<BasicStmnt CovItemId="S47" CovItemPrefix="com.aconex.coding.challenge.NumberToAlphaConverter.java" Intrnl_Id="66">
<LocList>
<Loc EndOffset="2191" SrcFileId="1" StartOffset="2178"/>
</LocList>
</BasicStmnt>
<BasicStmnt CovItemId="S48" CovItemPrefix="com.aconex.coding.challenge.NumberToAlphaConverter.java" Intrnl_Id="67">
<LocList>
<Loc EndOffset="2213" SrcFileId="1" StartOffset="2195"/>
</LocList>
</BasicStmnt>
<BasicStmnt CovItemId="S49" CovItemPrefix="com.aconex.coding.challenge.NumberToAlphaConverter.java" Intrnl_Id="68">
<LocList>
<Loc EndOffset="2235" SrcFileId="1" StartOffset="2217"/>
</LocList>
</BasicStmnt>
<LoopStmnt CovItemId="S50" CovItemPrefix="com.aconex.coding.challenge.NumberToAlphaConverter.java" Intrnl_Id="69" MltplExecId="L1-2" MltplExecPrefix="com.aconex.coding.challenge.NumberToAlphaConverter.java" NvrExecId="L1-0" NvrExecPrefix="com.aconex.coding.challenge.NumberToAlphaConverter.java" OnceExecutedId="L1-1" OnceExecutedPrefix="com.aconex.coding.challenge.NumberToAlphaConverter.java" OptBodyExec="true">
<StmntSeq Intrnl_Id="70">
<LocList>
<Loc EndOffset="2350" SrcFileId="1" StartOffset="2303"/>
<Loc EndOffset="2472" SrcFileId="1" StartOffset="2355"/>
</LocList>
<BasicStmnt CovItemId="S51" CovItemPrefix="com.aconex.coding.challenge.NumberToAlphaConverter.java" Intrnl_Id="71">
<LocList>
<Loc EndOffset="2350" SrcFileId="1" StartOffset="2303"/>
</LocList>
</BasicStmnt>
<CondStmnt CovItemId="S52" CovItemPrefix="com.aconex.coding.challenge.NumberToAlphaConverter.java" Intrnl_Id="72">
<Branch CovItemId="B1" CovItemPrefix="com.aconex.coding.challenge.NumberToAlphaConverter.java" Implct="false" Intrnl_Id="73">
<Cond/>
<LocList>
<Loc EndOffset="2422" SrcFileId="1" StartOffset="2397"/>
</LocList>
<StmntSeq Intrnl_Id="74">
<LocList>
<Loc EndOffset="2416" SrcFileId="1" StartOffset="2404"/>
</LocList>
<BasicStmnt CovItemId="S53" CovItemPrefix="com.aconex.coding.challenge.NumberToAlphaConverter.java" Intrnl_Id="75">
<LocList>
<Loc EndOffset="2416" SrcFileId="1" StartOffset="2404"/>
</LocList>
</BasicStmnt>
</StmntSeq>
</Branch>
<Branch CovItemId="B2" CovItemPrefix="com.aconex.coding.challenge.NumberToAlphaConverter.java" Implct="false" Intrnl_Id="76">
<Cond>
<Loc EndOffset="2426" SrcFileId="1" StartOffset="2422"/>
</Cond>
<LocList>
<Loc EndOffset="2472" SrcFileId="1" StartOffset="2427"/>
</LocList>
<StmntSeq Intrnl_Id="77">
<LocList>
<Loc EndOffset="2472" SrcFileId="1" StartOffset="2427"/>
</LocList>
<CondStmnt CovItemId="S54" CovItemPrefix="com.aconex.coding.challenge.NumberToAlphaConverter.java" Intrnl_Id="78">
<Branch CovItemId="B3" CovItemPrefix="com.aconex.coding.challenge.NumberToAlphaConverter.java" Implct="false" Intrnl_Id="79">
<Cond/>
<LocList>
<Loc EndOffset="2472" SrcFileId="1" StartOffset="2447"/>
</LocList>
<StmntSeq Intrnl_Id="80">
<LocList>
<Loc EndOffset="2466" SrcFileId="1" StartOffset="2454"/>
</LocList>
<BasicStmnt CovItemId="S55" CovItemPrefix="com.aconex.coding.challenge.NumberToAlphaConverter.java" Intrnl_Id="81">
<LocList>
<Loc EndOffset="2466" SrcFileId="1" StartOffset="2454"/>
</LocList>
</BasicStmnt>
</StmntSeq>
</Branch>
<Branch CovItemId="B4" CovItemPrefix="com.aconex.coding.challenge.NumberToAlphaConverter.java" Implct="true" Intrnl_Id="82">
<Cond/>
<LocList/>
<StmntSeq Intrnl_Id="83">
<LocList/>
</StmntSeq>
</Branch>
<Keyword EndOffset="2429" SrcFileId="1" StartOffset="2427"/>
<LocList>
<Loc EndOffset="2472" SrcFileId="1" StartOffset="2427"/>
</LocList>
<RootTerm CovItemId="C3" CovItemPrefix="com.aconex.coding.challenge.NumberToAlphaConverter.java" Intrnl_Id="84">
<BasicBoolTerm Intrnl_Id="85">
<LocList>
<Loc EndOffset="2446" SrcFileId="1" StartOffset="2430"/>
</LocList>
</BasicBoolTerm>
</RootTerm>
</CondStmnt>
</StmntSeq>
</Branch>
<Keyword EndOffset="2357" SrcFileId="1" StartOffset="2355"/>
<LocList>
<Loc EndOffset="2472" SrcFileId="1" StartOffset="2355"/>
</LocList>
<RootTerm CovItemId="C2" CovItemPrefix="com.aconex.coding.challenge.NumberToAlphaConverter.java" Intrnl_Id="86">
<OpTerm BooleanOpId="5" Intrnl_Id="87">
<BasicBoolTerm Intrnl_Id="88">
<LocList>
<Loc EndOffset="2375" SrcFileId="1" StartOffset="2358"/>
</LocList>
</BasicBoolTerm>
<BasicBoolTerm Intrnl_Id="89">
<LocList>
<Loc EndOffset="2396" SrcFileId="1" StartOffset="2379"/>
</LocList>
</BasicBoolTerm>
<LocList>
<Loc EndOffset="2378" SrcFileId="1" StartOffset="2376"/>
</LocList>
</OpTerm>
</RootTerm>
</CondStmnt>
</StmntSeq>
<Keyword EndOffset="2242" SrcFileId="1" StartOffset="2239"/>
<LocList>
<Loc EndOffset="2477" SrcFileId="1" StartOffset="2239"/>
</LocList>
<RootTerm CovItemId="C1" CovItemPrefix="com.aconex.coding.challenge.NumberToAlphaConverter.java" Intrnl_Id="90">
<BasicBoolTerm Intrnl_Id="91">
<LocList>
<Loc EndOffset="2288" SrcFileId="1" StartOffset="2258"/>
</LocList>
</BasicBoolTerm>
</RootTerm>
</LoopStmnt>
<BasicStmnt CovItemId="S56" CovItemPrefix="com.aconex.coding.challenge.NumberToAlphaConverter.java" Intrnl_Id="92">
<LocList>
<Loc EndOffset="2492" SrcFileId="1" StartOffset="2481"/>
</LocList>
</BasicStmnt>
</StmntSeq>
</HierarchyLvl>
<HierarchyLvl HierarchyLvlId="90" HierarchyLvlTypeId="9" Intrnl_Id="93" Name="alphaToDigit">
<Header>
<Loc EndOffset="2552" SrcFileId="1" StartOffset="2506"/>
</Header>
<LocList>
<Loc EndOffset="2953" SrcFileId="1" StartOffset="2506"/>
</LocList>
<StmntSeq Intrnl_Id="94">
<LocList>
<Loc EndOffset="2949" SrcFileId="1" StartOffset="2557"/>
</LocList>
<CondStmnt CovItemId="S57" CovItemPrefix="com.aconex.coding.challenge.NumberToAlphaConverter.java" Intrnl_Id="95">
<Branch CovItemId="B5" CovItemPrefix="com.aconex.coding.challenge.NumberToAlphaConverter.java" Implct="false" Intrnl_Id="96">
<Cond/>
<LocList>
<Loc EndOffset="2605" SrcFileId="1" StartOffset="2583"/>
</LocList>
<StmntSeq Intrnl_Id="97">
<LocList>
<Loc EndOffset="2600" SrcFileId="1" StartOffset="2589"/>
</LocList>
<BasicStmnt CovItemId="S58" CovItemPrefix="com.aconex.coding.challenge.NumberToAlphaConverter.java" Intrnl_Id="98">
<LocList>
<Loc EndOffset="2600" SrcFileId="1" StartOffset="2589"/>
</LocList>
</BasicStmnt>
</StmntSeq>
</Branch>
<Branch CovItemId="B6" CovItemPrefix="com.aconex.coding.challenge.NumberToAlphaConverter.java" Implct="false" Intrnl_Id="99">
<Cond>
<Loc EndOffset="2609" SrcFileId="1" StartOffset="2605"/>
</Cond>
<LocList>
<Loc EndOffset="2949" SrcFileId="1" StartOffset="2610"/>
</LocList>
<StmntSeq Intrnl_Id="100">
<LocList>
<Loc EndOffset="2949" SrcFileId="1" StartOffset="2610"/>
</LocList>
<CondStmnt CovItemId="S59" CovItemPrefix="com.aconex.coding.challenge.NumberToAlphaConverter.java" Intrnl_Id="101">
<Branch CovItemId="B7" CovItemPrefix="com.aconex.coding.challenge.NumberToAlphaConverter.java" Implct="false" Intrnl_Id="102">
<Cond/>
<LocList>
<Loc EndOffset="2658" SrcFileId="1" StartOffset="2636"/>
</LocList>
<StmntSeq Intrnl_Id="103">
<LocList>
<Loc EndOffset="2653" SrcFileId="1" StartOffset="2642"/>
</LocList>
<BasicStmnt CovItemId="S60" CovItemPrefix="com.aconex.coding.challenge.NumberToAlphaConverter.java" Intrnl_Id="104">
<LocList>
<Loc EndOffset="2653" SrcFileId="1" StartOffset="2642"/>
</LocList>
</BasicStmnt>
</StmntSeq>
</Branch>
<Branch CovItemId="B8" CovItemPrefix="com.aconex.coding.challenge.NumberToAlphaConverter.java" Implct="false" Intrnl_Id="105">
<Cond>
<Loc EndOffset="2662" SrcFileId="1" StartOffset="2658"/>
</Cond>
<LocList>
<Loc EndOffset="2949" SrcFileId="1" StartOffset="2663"/>
</LocList>
<StmntSeq Intrnl_Id="106">
<LocList>
<Loc EndOffset="2949" SrcFileId="1" StartOffset="2663"/>
</LocList>
<CondStmnt CovItemId="S61" CovItemPrefix="com.aconex.coding.challenge.NumberToAlphaConverter.java" Intrnl_Id="107">
<Branch CovItemId="B9" CovItemPrefix="com.aconex.coding.challenge.NumberToAlphaConverter.java" Implct="false" Intrnl_Id="108">
<Cond/>
<LocList>
<Loc EndOffset="2711" SrcFileId="1" StartOffset="2689"/>
</LocList>
<StmntSeq Intrnl_Id="109">
<LocList>
<Loc EndOffset="2706" SrcFileId="1" StartOffset="2695"/>
</LocList>
<BasicStmnt CovItemId="S62" CovItemPrefix="com.aconex.coding.challenge.NumberToAlphaConverter.java" Intrnl_Id="110">
<LocList>
<Loc EndOffset="2706" SrcFileId="1" StartOffset="2695"/>
</LocList>
</BasicStmnt>
</StmntSeq>
</Branch>
<Branch CovItemId="B10" CovItemPrefix="com.aconex.coding.challenge.NumberToAlphaConverter.java" Implct="false" Intrnl_Id="111">
<Cond>
<Loc EndOffset="2715" SrcFileId="1" StartOffset="2711"/>
</Cond>
<LocList>
<Loc EndOffset="2949" SrcFileId="1" StartOffset="2716"/>
</LocList>
<StmntSeq Intrnl_Id="112">
<LocList>
<Loc EndOffset="2949" SrcFileId="1" StartOffset="2716"/>
</LocList>
<CondStmnt CovItemId="S63" CovItemPrefix="com.aconex.coding.challenge.NumberToAlphaConverter.java" Intrnl_Id="113">
<Branch CovItemId="B11" CovItemPrefix="com.aconex.coding.challenge.NumberToAlphaConverter.java" Implct="false" Intrnl_Id="114">
<Cond/>
<LocList>
<Loc EndOffset="2764" SrcFileId="1" StartOffset="2742"/>
</LocList>
<StmntSeq Intrnl_Id="115">
<LocList>
<Loc EndOffset="2759" SrcFileId="1" StartOffset="2748"/>
</LocList>
<BasicStmnt CovItemId="S64" CovItemPrefix="com.aconex.coding.challenge.NumberToAlphaConverter.java" Intrnl_Id="116">
<LocList>
<Loc EndOffset="2759" SrcFileId="1" StartOffset="2748"/>
</LocList>
</BasicStmnt>
</StmntSeq>
</Branch>
<Branch CovItemId="B12" CovItemPrefix="com.aconex.coding.challenge.NumberToAlphaConverter.java" Implct="false" Intrnl_Id="117">
<Cond>
<Loc EndOffset="2768" SrcFileId="1" StartOffset="2764"/>
</Cond>
<LocList>
<Loc EndOffset="2949" SrcFileId="1" StartOffset="2769"/>
</LocList>
<StmntSeq Intrnl_Id="118">
<LocList>
<Loc EndOffset="2949" SrcFileId="1" StartOffset="2769"/>
</LocList>
<CondStmnt CovItemId="S65" CovItemPrefix="com.aconex.coding.challenge.NumberToAlphaConverter.java" Intrnl_Id="119">
<Branch CovItemId="B13" CovItemPrefix="com.aconex.coding.challenge.NumberToAlphaConverter.java" Implct="false" Intrnl_Id="120">
<Cond/>
<LocList>
<Loc EndOffset="2817" SrcFileId="1" StartOffset="2795"/>
</LocList>
<StmntSeq Intrnl_Id="121">
<LocList>
<Loc EndOffset="2812" SrcFileId="1" StartOffset="2801"/>
</LocList>
<BasicStmnt CovItemId="S66" CovItemPrefix="com.aconex.coding.challenge.NumberToAlphaConverter.java" Intrnl_Id="122">
<LocList>
<Loc EndOffset="2812" SrcFileId="1" StartOffset="2801"/>
</LocList>
</BasicStmnt>
</StmntSeq>
</Branch>
<Branch CovItemId="B14" CovItemPrefix="com.aconex.coding.challenge.NumberToAlphaConverter.java" Implct="false" Intrnl_Id="123">
<Cond>
<Loc EndOffset="2821" SrcFileId="1" StartOffset="2817"/>
</Cond>
<LocList>
<Loc EndOffset="2949" SrcFileId="1" StartOffset="2822"/>
</LocList>
<StmntSeq Intrnl_Id="124">
<LocList>
<Loc EndOffset="2949" SrcFileId="1" StartOffset="2822"/>
</LocList>
<CondStmnt CovItemId="S67" CovItemPrefix="com.aconex.coding.challenge.NumberToAlphaConverter.java" Intrnl_Id="125">
<Branch CovItemId="B15" CovItemPrefix="com.aconex.coding.challenge.NumberToAlphaConverter.java" Implct="false" Intrnl_Id="126">
<Cond/>
<LocList>
<Loc EndOffset="2870" SrcFileId="1" StartOffset="2848"/>
</LocList>
<StmntSeq Intrnl_Id="127">
<LocList>
<Loc EndOffset="2865" SrcFileId="1" StartOffset="2854"/>
</LocList>
<BasicStmnt CovItemId="S68" CovItemPrefix="com.aconex.coding.challenge.NumberToAlphaConverter.java" Intrnl_Id="128">
<LocList>
<Loc EndOffset="2865" SrcFileId="1" StartOffset="2854"/>
</LocList>
</BasicStmnt>
</StmntSeq>
</Branch>
<Branch CovItemId="B16" CovItemPrefix="com.aconex.coding.challenge.NumberToAlphaConverter.java" Implct="false" Intrnl_Id="129">
<Cond>
<Loc EndOffset="2874" SrcFileId="1" StartOffset="2870"/>
</Cond>
<LocList>
<Loc EndOffset="2949" SrcFileId="1" StartOffset="2875"/>
</LocList>
<StmntSeq Intrnl_Id="130">
<LocList>
<Loc EndOffset="2949" SrcFileId="1" StartOffset="2875"/>
</LocList>
<CondStmnt CovItemId="S69" CovItemPrefix="com.aconex.coding.challenge.NumberToAlphaConverter.java" Intrnl_Id="131">
<Branch CovItemId="B17" CovItemPrefix="com.aconex.coding.challenge.NumberToAlphaConverter.java" Implct="false" Intrnl_Id="132">
<Cond/>
<LocList>
<Loc EndOffset="2923" SrcFileId="1" StartOffset="2901"/>
</LocList>
<StmntSeq Intrnl_Id="133">
<LocList>
<Loc EndOffset="2918" SrcFileId="1" StartOffset="2907"/>
</LocList>
<BasicStmnt CovItemId="S70" CovItemPrefix="com.aconex.coding.challenge.NumberToAlphaConverter.java" Intrnl_Id="134">
<LocList>
<Loc EndOffset="2918" SrcFileId="1" StartOffset="2907"/>
</LocList>
</BasicStmnt>
</StmntSeq>
</Branch>
<Branch CovItemId="B18" CovItemPrefix="com.aconex.coding.challenge.NumberToAlphaConverter.java" Implct="false" Intrnl_Id="135">
<Cond>
<Loc EndOffset="2927" SrcFileId="1" StartOffset="2923"/>
</Cond>
<LocList>
<Loc EndOffset="2949" SrcFileId="1" StartOffset="2927"/>
</LocList>
<StmntSeq Intrnl_Id="136">
<LocList>
<Loc EndOffset="2944" SrcFileId="1" StartOffset="2933"/>
</LocList>
<BasicStmnt CovItemId="S71" CovItemPrefix="com.aconex.coding.challenge.NumberToAlphaConverter.java" Intrnl_Id="137">
<LocList>
<Loc EndOffset="2944" SrcFileId="1" StartOffset="2933"/>
</LocList>
</BasicStmnt>
</StmntSeq>
</Branch>
<Keyword EndOffset="2877" SrcFileId="1" StartOffset="2875"/>
<LocList>
<Loc EndOffset="2949" SrcFileId="1" StartOffset="2875"/>
</LocList>
<RootTerm CovItemId="C10" CovItemPrefix="com.aconex.coding.challenge.NumberToAlphaConverter.java" Intrnl_Id="138">
<OpTerm BooleanOpId="5" Intrnl_Id="139">
<BasicBoolTerm Intrnl_Id="140">
<LocList>
<Loc EndOffset="2888" SrcFileId="1" StartOffset="2878"/>
</LocList>
</BasicBoolTerm>
<BasicBoolTerm Intrnl_Id="141">
<LocList>
<Loc EndOffset="2900" SrcFileId="1" StartOffset="2890"/>
</LocList>
</BasicBoolTerm>
<LocList>
<Loc EndOffset="2890" SrcFileId="1" StartOffset="2888"/>
</LocList>
</OpTerm>
</RootTerm>
</CondStmnt>
</StmntSeq>
</Branch>
<Keyword EndOffset="2824" SrcFileId="1" StartOffset="2822"/>
<LocList>
<Loc EndOffset="2949" SrcFileId="1" StartOffset="2822"/>
</LocList>
<RootTerm CovItemId="C9" CovItemPrefix="com.aconex.coding.challenge.NumberToAlphaConverter.java" Intrnl_Id="142">
<OpTerm BooleanOpId="5" Intrnl_Id="143">
<BasicBoolTerm Intrnl_Id="144">
<LocList>
<Loc EndOffset="2835" SrcFileId="1" StartOffset="2825"/>
</LocList>
</BasicBoolTerm>
<BasicBoolTerm Intrnl_Id="145">
<LocList>
<Loc EndOffset="2847" SrcFileId="1" StartOffset="2837"/>
</LocList>
</BasicBoolTerm>
<LocList>
<Loc EndOffset="2837" SrcFileId="1" StartOffset="2835"/>
</LocList>
</OpTerm>
</RootTerm>
</CondStmnt>
</StmntSeq>
</Branch>
<Keyword EndOffset="2771" SrcFileId="1" StartOffset="2769"/>
<LocList>
<Loc EndOffset="2949" SrcFileId="1" StartOffset="2769"/>
</LocList>
<RootTerm CovItemId="C8" CovItemPrefix="com.aconex.coding.challenge.NumberToAlphaConverter.java" Intrnl_Id="146">
<OpTerm BooleanOpId="5" Intrnl_Id="147">
<BasicBoolTerm Intrnl_Id="148">
<LocList>
<Loc EndOffset="2782" SrcFileId="1" StartOffset="2772"/>
</LocList>
</BasicBoolTerm>
<BasicBoolTerm Intrnl_Id="149">
<LocList>
<Loc EndOffset="2794" SrcFileId="1" StartOffset="2784"/>
</LocList>
</BasicBoolTerm>
<LocList>
<Loc EndOffset="2784" SrcFileId="1" StartOffset="2782"/>
</LocList>
</OpTerm>
</RootTerm>
</CondStmnt>
</StmntSeq>
</Branch>
<Keyword EndOffset="2718" SrcFileId="1" StartOffset="2716"/>
<LocList>
<Loc EndOffset="2949" SrcFileId="1" StartOffset="2716"/>
</LocList>
<RootTerm CovItemId="C7" CovItemPrefix="com.aconex.coding.challenge.NumberToAlphaConverter.java" Intrnl_Id="150">
<OpTerm BooleanOpId="5" Intrnl_Id="151">
<BasicBoolTerm Intrnl_Id="152">
<LocList>
<Loc EndOffset="2729" SrcFileId="1" StartOffset="2719"/>
</LocList>
</BasicBoolTerm>
<BasicBoolTerm Intrnl_Id="153">
<LocList>
<Loc EndOffset="2741" SrcFileId="1" StartOffset="2731"/>
</LocList>
</BasicBoolTerm>
<LocList>
<Loc EndOffset="2731" SrcFileId="1" StartOffset="2729"/>
</LocList>
</OpTerm>
</RootTerm>
</CondStmnt>
</StmntSeq>
</Branch>
<Keyword EndOffset="2665" SrcFileId="1" StartOffset="2663"/>
<LocList>
<Loc EndOffset="2949" SrcFileId="1" StartOffset="2663"/>
</LocList>
<RootTerm CovItemId="C6" CovItemPrefix="com.aconex.coding.challenge.NumberToAlphaConverter.java" Intrnl_Id="154">
<OpTerm BooleanOpId="5" Intrnl_Id="155">
<BasicBoolTerm Intrnl_Id="156">
<LocList>
<Loc EndOffset="2676" SrcFileId="1" StartOffset="2666"/>
</LocList>
</BasicBoolTerm>
<BasicBoolTerm Intrnl_Id="157">
<LocList>
<Loc EndOffset="2688" SrcFileId="1" StartOffset="2678"/>
</LocList>
</BasicBoolTerm>
<LocList>
<Loc EndOffset="2678" SrcFileId="1" StartOffset="2676"/>
</LocList>
</OpTerm>
</RootTerm>
</CondStmnt>
</StmntSeq>
</Branch>
<Keyword EndOffset="2612" SrcFileId="1" StartOffset="2610"/>
<LocList>
<Loc EndOffset="2949" SrcFileId="1" StartOffset="2610"/>
</LocList>
<RootTerm CovItemId="C5" CovItemPrefix="com.aconex.coding.challenge.NumberToAlphaConverter.java" Intrnl_Id="158">
<OpTerm BooleanOpId="5" Intrnl_Id="159">
<BasicBoolTerm Intrnl_Id="160">
<LocList>
<Loc EndOffset="2623" SrcFileId="1" StartOffset="2613"/>
</LocList>
</BasicBoolTerm>
<BasicBoolTerm Intrnl_Id="161">
<LocList>
<Loc EndOffset="2635" SrcFileId="1" StartOffset="2625"/>
</LocList>
</BasicBoolTerm>
<LocList>
<Loc EndOffset="2625" SrcFileId="1" StartOffset="2623"/>
</LocList>
</OpTerm>
</RootTerm>
</CondStmnt>
</StmntSeq>
</Branch>
<Keyword EndOffset="2559" SrcFileId="1" StartOffset="2557"/>
<LocList>
<Loc EndOffset="2949" SrcFileId="1" StartOffset="2557"/>
</LocList>
<RootTerm CovItemId="C4" CovItemPrefix="com.aconex.coding.challenge.NumberToAlphaConverter.java" Intrnl_Id="162">
<OpTerm BooleanOpId="5" Intrnl_Id="163">
<BasicBoolTerm Intrnl_Id="164">
<LocList>
<Loc EndOffset="2570" SrcFileId="1" StartOffset="2560"/>
</LocList>
</BasicBoolTerm>
<BasicBoolTerm Intrnl_Id="165">
<LocList>
<Loc EndOffset="2582" SrcFileId="1" StartOffset="2572"/>
</LocList>
</BasicBoolTerm>
<LocList>
<Loc EndOffset="2572" SrcFileId="1" StartOffset="2570"/>
</LocList>
</OpTerm>
</RootTerm>
</CondStmnt>
</StmntSeq>
</HierarchyLvl>
<HierarchyLvl HierarchyLvlId="91" HierarchyLvlTypeId="9" Intrnl_Id="166" Name="replaceStringWithDigit">
<Header>
<Loc EndOffset="3023" SrcFileId="1" StartOffset="2962"/>
</Header>
<LocList>
<Loc EndOffset="3842" SrcFileId="1" StartOffset="2962"/>
</LocList>
<StmntSeq Intrnl_Id="167">
<LocList>
<Loc EndOffset="3071" SrcFileId="1" StartOffset="3028"/>
<Loc EndOffset="3664" SrcFileId="1" StartOffset="3075"/>
<Loc EndOffset="3838" SrcFileId="1" StartOffset="3824"/>
</LocList>
<BasicStmnt CovItemId="S72" CovItemPrefix="com.aconex.coding.challenge.NumberToAlphaConverter.java" Intrnl_Id="168">
<LocList>
<Loc EndOffset="3071" SrcFileId="1" StartOffset="3028"/>
</LocList>
</BasicStmnt>
<LoopStmnt CovItemId="S73" CovItemPrefix="com.aconex.coding.challenge.NumberToAlphaConverter.java" Intrnl_Id="169" MltplExecId="L2-2" MltplExecPrefix="com.aconex.coding.challenge.NumberToAlphaConverter.java" NvrExecId="L2-0" NvrExecPrefix="com.aconex.coding.challenge.NumberToAlphaConverter.java" OnceExecutedId="L2-1" OnceExecutedPrefix="com.aconex.coding.challenge.NumberToAlphaConverter.java" OptBodyExec="true">
<StmntSeq Intrnl_Id="170">
<LocList>
<Loc EndOffset="3659" SrcFileId="1" StartOffset="3114"/>
</LocList>
<CondStmnt CovItemId="S74" CovItemPrefix="com.aconex.coding.challenge.NumberToAlphaConverter.java" Intrnl_Id="171">
<Branch CovItemId="B19" CovItemPrefix="com.aconex.coding.challenge.NumberToAlphaConverter.java" Implct="false" Intrnl_Id="172">
<Cond/>
<LocList>
<Loc EndOffset="3287" SrcFileId="1" StartOffset="3122"/>
</LocList>
<StmntSeq Intrnl_Id="173">
<LocList>
<Loc EndOffset="3162" SrcFileId="1" StartOffset="3129"/>
<Loc EndOffset="3281" SrcFileId="1" StartOffset="3168"/>
</LocList>
<BasicStmnt CovItemId="S75" CovItemPrefix="com.aconex.coding.challenge.NumberToAlphaConverter.java" Intrnl_Id="174">
<LocList>
<Loc EndOffset="3162" SrcFileId="1" StartOffset="3129"/>
</LocList>
</BasicStmnt>
<CondStmnt CovItemId="S76" CovItemPrefix="com.aconex.coding.challenge.NumberToAlphaConverter.java" Intrnl_Id="175">
<Branch CovItemId="B21" CovItemPrefix="com.aconex.coding.challenge.NumberToAlphaConverter.java" Implct="false" Intrnl_Id="176">
<Cond/>
<LocList>
<Loc EndOffset="3281" SrcFileId="1" StartOffset="3221"/>
</LocList>
<StmntSeq Intrnl_Id="177">
<LocList>
<Loc EndOffset="3274" SrcFileId="1" StartOffset="3229"/>
</LocList>
<BasicStmnt CovItemId="S77" CovItemPrefix="com.aconex.coding.challenge.NumberToAlphaConverter.java" Intrnl_Id="178">
<LocList>
<Loc EndOffset="3274" SrcFileId="1" StartOffset="3229"/>
</LocList>
</BasicStmnt>
</StmntSeq>
</Branch>
<Branch CovItemId="B22" CovItemPrefix="com.aconex.coding.challenge.NumberToAlphaConverter.java" Implct="true" Intrnl_Id="179">
<Cond/>
<LocList/>
<StmntSeq Intrnl_Id="180">
<LocList/>
</StmntSeq>
</Branch>
<Keyword EndOffset="3170" SrcFileId="1" StartOffset="3168"/>
<LocList>
<Loc EndOffset="3281" SrcFileId="1" StartOffset="3168"/>
</LocList>
<RootTerm CovItemId="C13" CovItemPrefix="com.aconex.coding.challenge.NumberToAlphaConverter.java" Intrnl_Id="181">
<BasicBoolTerm Intrnl_Id="182">
<LocList>
<Loc EndOffset="3220" SrcFileId="1" StartOffset="3171"/>
</LocList>
</BasicBoolTerm>
</RootTerm>
</CondStmnt>
</StmntSeq>
</Branch>
<Branch CovItemId="B20" CovItemPrefix="com.aconex.coding.challenge.NumberToAlphaConverter.java" Implct="false" Intrnl_Id="183">
<Cond>
<Loc EndOffset="3296" SrcFileId="1" StartOffset="3292"/>
</Cond>
<LocList>
<Loc EndOffset="3659" SrcFileId="1" StartOffset="3296"/>
</LocList>
<StmntSeq Intrnl_Id="184">
<LocList>
<Loc EndOffset="3336" SrcFileId="1" StartOffset="3303"/>
<Loc EndOffset="3653" SrcFileId="1" StartOffset="3384"/>
</LocList>
<BasicStmnt CovItemId="S78" CovItemPrefix="com.aconex.coding.challenge.NumberToAlphaConverter.java" Intrnl_Id="185">
<LocList>
<Loc EndOffset="3336" SrcFileId="1" StartOffset="3303"/>
</LocList>
</BasicStmnt>
<CondStmnt CovItemId="S79" CovItemPrefix="com.aconex.coding.challenge.NumberToAlphaConverter.java" Intrnl_Id="186">
<Branch CovItemId="B23" CovItemPrefix="com.aconex.coding.challenge.NumberToAlphaConverter.java" Implct="false" Intrnl_Id="187">
<Cond/>
<LocList>
<Loc EndOffset="3653" SrcFileId="1" StartOffset="3430"/>
</LocList>
<StmntSeq Intrnl_Id="188">
<LocList>
<Loc EndOffset="3472" SrcFileId="1" StartOffset="3438"/>
<Loc EndOffset="3646" SrcFileId="1" StartOffset="3524"/>
</LocList>
<BasicStmnt CovItemId="S80" CovItemPrefix="com.aconex.coding.challenge.NumberToAlphaConverter.java" Intrnl_Id="189">
<LocList>
<Loc EndOffset="3472" SrcFileId="1" StartOffset="3438"/>
</LocList>
</BasicStmnt>
<CondStmnt CovItemId="S81" CovItemPrefix="com.aconex.coding.challenge.NumberToAlphaConverter.java" Intrnl_Id="190">
<Branch CovItemId="B25" CovItemPrefix="com.aconex.coding.challenge.NumberToAlphaConverter.java" Implct="false" Intrnl_Id="191">
<Cond/>
<LocList>
<Loc EndOffset="3646" SrcFileId="1" StartOffset="3578"/>
</LocList>
<StmntSeq Intrnl_Id="192">
<LocList>
<Loc EndOffset="3638" SrcFileId="1" StartOffset="3587"/>
</LocList>
<BasicStmnt CovItemId="S82" CovItemPrefix="com.aconex.coding.challenge.NumberToAlphaConverter.java" Intrnl_Id="193">
<LocList>
<Loc EndOffset="3638" SrcFileId="1" StartOffset="3587"/>
</LocList>
</BasicStmnt>
</StmntSeq>
</Branch>
<Branch CovItemId="B26" CovItemPrefix="com.aconex.coding.challenge.NumberToAlphaConverter.java" Implct="true" Intrnl_Id="194">
<Cond/>
<LocList/>
<StmntSeq Intrnl_Id="195">
<LocList/>
</StmntSeq>
</Branch>
<Keyword EndOffset="3526" SrcFileId="1" StartOffset="3524"/>
<LocList>
<Loc EndOffset="3646" SrcFileId="1" StartOffset="3524"/>
</LocList>
<RootTerm CovItemId="C15" CovItemPrefix="com.aconex.coding.challenge.NumberToAlphaConverter.java" Intrnl_Id="196">
<BasicBoolTerm Intrnl_Id="197">
<LocList>
<Loc EndOffset="3577" SrcFileId="1" StartOffset="3527"/>
</LocList>
</BasicBoolTerm>
</RootTerm>
</CondStmnt>
</StmntSeq>
</Branch>
<Branch CovItemId="B24" CovItemPrefix="com.aconex.coding.challenge.NumberToAlphaConverter.java" Implct="true" Intrnl_Id="198">
<Cond/>
<LocList/>
<StmntSeq Intrnl_Id="199">
<LocList/>
</StmntSeq>
</Branch>
<Keyword EndOffset="3386" SrcFileId="1" StartOffset="3384"/>
<LocList>
<Loc EndOffset="3653" SrcFileId="1" StartOffset="3384"/>
</LocList>
<RootTerm CovItemId="C14" CovItemPrefix="com.aconex.coding.challenge.NumberToAlphaConverter.java" Intrnl_Id="200">
<BasicBoolTerm Intrnl_Id="201">
<LocList>
<Loc EndOffset="3429" SrcFileId="1" StartOffset="3387"/>
</LocList>
</BasicBoolTerm>
</RootTerm>
</CondStmnt>
</StmntSeq>
</Branch>
<Keyword EndOffset="3116" SrcFileId="1" StartOffset="3114"/>
<LocList>
<Loc EndOffset="3659" SrcFileId="1" StartOffset="3114"/>
</LocList>
<RootTerm CovItemId="C12" CovItemPrefix="com.aconex.coding.challenge.NumberToAlphaConverter.java" Intrnl_Id="202">
<BasicBoolTerm Intrnl_Id="203">
<LocList>
<Loc EndOffset="3121" SrcFileId="1" StartOffset="3117"/>
</LocList>
</BasicBoolTerm>
</RootTerm>
</CondStmnt>
</StmntSeq>
<Keyword EndOffset="3078" SrcFileId="1" StartOffset="3075"/>
<LocList>
<Loc EndOffset="3664" SrcFileId="1" StartOffset="3075"/>
</LocList>
<RootTerm CovItemId="C11" CovItemPrefix="com.aconex.coding.challenge.NumberToAlphaConverter.java" Intrnl_Id="204">
<BasicBoolTerm Intrnl_Id="205">
<LocList>
<Loc EndOffset="3103" SrcFileId="1" StartOffset="3087"/>
</LocList>
</BasicBoolTerm>
</RootTerm>
</LoopStmnt>
<BasicStmnt CovItemId="S83" CovItemPrefix="com.aconex.coding.challenge.NumberToAlphaConverter.java" Intrnl_Id="206">
<LocList>
<Loc EndOffset="3838" SrcFileId="1" StartOffset="3824"/>
</LocList>
</BasicStmnt>
</StmntSeq>
</HierarchyLvl>
<HierarchyLvl HierarchyLvlId="92" HierarchyLvlTypeId="9" Intrnl_Id="207" Name="addToSet">
<Header>
<Loc EndOffset="3966" SrcFileId="1" StartOffset="3848"/>
</Header>
<LocList>
<Loc EndOffset="5942" SrcFileId="1" StartOffset="3848"/>
</LocList>
<StmntSeq Intrnl_Id="208">
<LocList>
<Loc EndOffset="4023" SrcFileId="1" StartOffset="3971"/>
<Loc EndOffset="5911" SrcFileId="1" StartOffset="4027"/>
<Loc EndOffset="5938" SrcFileId="1" StartOffset="5915"/>
</LocList>
<BasicStmnt CovItemId="S84" CovItemPrefix="com.aconex.coding.challenge.NumberToAlphaConverter.java" Intrnl_Id="209">
<LocList>
<Loc EndOffset="4023" SrcFileId="1" StartOffset="3971"/>
</LocList>
</BasicStmnt>
<CondStmnt CovItemId="S85" CovItemPrefix="com.aconex.coding.challenge.NumberToAlphaConverter.java" Intrnl_Id="210">
<Branch CovItemId="B27" CovItemPrefix="com.aconex.coding.challenge.NumberToAlphaConverter.java" Implct="false" Intrnl_Id="211">
<Cond/>
<LocList>
<Loc EndOffset="4346" SrcFileId="1" StartOffset="4048"/>
</LocList>
<StmntSeq Intrnl_Id="212">
<LocList>
<Loc EndOffset="4341" SrcFileId="1" StartOffset="4054"/>
</LocList>
<LoopStmnt CovItemId="S86" CovItemPrefix="com.aconex.coding.challenge.NumberToAlphaConverter.java" Intrnl_Id="213" MltplExecId="L3-2" MltplExecPrefix="com.aconex.coding.challenge.NumberToAlphaConverter.java" NvrExecId="L3-0" NvrExecPrefix="com.aconex.coding.challenge.NumberToAlphaConverter.java" OnceExecutedId="L3-1" OnceExecutedPrefix="com.aconex.coding.challenge.NumberToAlphaConverter.java" OptBodyExec="true">
<StmntSeq Intrnl_Id="214">
<LocList>
<Loc EndOffset="4151" SrcFileId="1" StartOffset="4098"/>
<Loc EndOffset="4207" SrcFileId="1" StartOffset="4157"/>
<Loc EndOffset="4335" SrcFileId="1" StartOffset="4213"/>
</LocList>
<BasicStmnt CovItemId="S87" CovItemPrefix="com.aconex.coding.challenge.NumberToAlphaConverter.java" Intrnl_Id="215">
<LocList>
<Loc EndOffset="4151" SrcFileId="1" StartOffset="4098"/>
</LocList>
</BasicStmnt>
<BasicStmnt CovItemId="S88" CovItemPrefix="com.aconex.coding.challenge.NumberToAlphaConverter.java" Intrnl_Id="216">
<LocList>
<Loc EndOffset="4207" SrcFileId="1" StartOffset="4157"/>
</LocList>
</BasicStmnt>
<CondStmnt CovItemId="S89" CovItemPrefix="com.aconex.coding.challenge.NumberToAlphaConverter.java" Intrnl_Id="217">
<Branch CovItemId="B29" CovItemPrefix="com.aconex.coding.challenge.NumberToAlphaConverter.java" Implct="false" Intrnl_Id="218">
<Cond/>
<LocList>
<Loc EndOffset="4335" SrcFileId="1" StartOffset="4276"/>
</LocList>
<StmntSeq Intrnl_Id="219">
<LocList>
<Loc EndOffset="4328" SrcFileId="1" StartOffset="4284"/>
</LocList>
<BasicStmnt CovItemId="S90" CovItemPrefix="com.aconex.coding.challenge.NumberToAlphaConverter.java" Intrnl_Id="220">
<LocList>
<Loc EndOffset="4328" SrcFileId="1" StartOffset="4284"/>
</LocList>
</BasicStmnt>
</StmntSeq>
</Branch>
<Branch CovItemId="B30" CovItemPrefix="com.aconex.coding.challenge.NumberToAlphaConverter.java" Implct="true" Intrnl_Id="221">
<Cond/>
<LocList/>
<StmntSeq Intrnl_Id="222">
<LocList/>
</StmntSeq>
</Branch>
<Keyword EndOffset="4215" SrcFileId="1" StartOffset="4213"/>
<LocList>
<Loc EndOffset="4335" SrcFileId="1" StartOffset="4213"/>
</LocList>
<RootTerm CovItemId="C17" CovItemPrefix="com.aconex.coding.challenge.NumberToAlphaConverter.java" Intrnl_Id="223">
<OpTerm BooleanOpId="6" Intrnl_Id="224">
<BasicBoolTerm Intrnl_Id="225">
<LocList>
<Loc EndOffset="4257" SrcFileId="1" StartOffset="4216"/>
</LocList>
</BasicBoolTerm>
<BasicBoolTerm Intrnl_Id="226">
<LocList>
<Loc EndOffset="4275" SrcFileId="1" StartOffset="4261"/>
</LocList>
</BasicBoolTerm>
<LocList>
<Loc EndOffset="4260" SrcFileId="1" StartOffset="4258"/>
</LocList>
</OpTerm>
</RootTerm>
</CondStmnt>
</StmntSeq>
<Keyword EndOffset="4057" SrcFileId="1" StartOffset="4054"/>
<LocList>
<Loc EndOffset="4341" SrcFileId="1" StartOffset="4054"/>
</LocList>
</LoopStmnt>
</StmntSeq>
</Branch>
<Branch CovItemId="B28" CovItemPrefix="com.aconex.coding.challenge.NumberToAlphaConverter.java" Implct="false" Intrnl_Id="227">
<Cond>
<Loc EndOffset="4354" SrcFileId="1" StartOffset="4350"/>
</Cond>
<LocList>
<Loc EndOffset="5911" SrcFileId="1" StartOffset="4355"/>
</LocList>
<StmntSeq Intrnl_Id="228">
<LocList>
<Loc EndOffset="5911" SrcFileId="1" StartOffset="4355"/>
</LocList>
<CondStmnt CovItemId="S91" CovItemPrefix="com.aconex.coding.challenge.NumberToAlphaConverter.java" Intrnl_Id="229">
<Branch CovItemId="B31" CovItemPrefix="com.aconex.coding.challenge.NumberToAlphaConverter.java" Implct="false" Intrnl_Id="230">
<Cond/>
<LocList>
<Loc EndOffset="5808" SrcFileId="1" StartOffset="4380"/>
</LocList>
<StmntSeq Intrnl_Id="231">
<LocList>
<Loc EndOffset="5803" SrcFileId="1" StartOffset="4386"/>
</LocList>
<LoopStmnt CovItemId="S92" CovItemPrefix="com.aconex.coding.challenge.NumberToAlphaConverter.java" Intrnl_Id="232" MltplExecId="L4-2" MltplExecPrefix="com.aconex.coding.challenge.NumberToAlphaConverter.java" NvrExecId="L4-0" NvrExecPrefix="com.aconex.coding.challenge.NumberToAlphaConverter.java" OnceExecutedId="L4-1" OnceExecutedPrefix="com.aconex.coding.challenge.NumberToAlphaConverter.java" OptBodyExec="true">
<StmntSeq Intrnl_Id="233">
<LocList>
<Loc EndOffset="4487" SrcFileId="1" StartOffset="4432"/>
<Loc EndOffset="4545" SrcFileId="1" StartOffset="4493"/>
<Loc EndOffset="5797" SrcFileId="1" StartOffset="4551"/>
</LocList>
<BasicStmnt CovItemId="S93" CovItemPrefix="com.aconex.coding.challenge.NumberToAlphaConverter.java" Intrnl_Id="234">
<LocList>
<Loc EndOffset="4487" SrcFileId="1" StartOffset="4432"/>
</LocList>
</BasicStmnt>
<BasicStmnt CovItemId="S94" CovItemPrefix="com.aconex.coding.challenge.NumberToAlphaConverter.java" Intrnl_Id="235">
<LocList>
<Loc EndOffset="4545" SrcFileId="1" StartOffset="4493"/>
</LocList>
</BasicStmnt>
<LoopStmnt CovItemId="S95" CovItemPrefix="com.aconex.coding.challenge.NumberToAlphaConverter.java" Intrnl_Id="236" MltplExecId="L5-2" MltplExecPrefix="com.aconex.coding.challenge.NumberToAlphaConverter.java" NvrExecId="L5-0" NvrExecPrefix="com.aconex.coding.challenge.NumberToAlphaConverter.java" OnceExecutedId="L5-1" OnceExecutedPrefix="com.aconex.coding.challenge.NumberToAlphaConverter.java" OptBodyExec="true">
<StmntSeq Intrnl_Id="237">
<LocList>
<Loc EndOffset="4624" SrcFileId="1" StartOffset="4587"/>
<Loc EndOffset="5790" SrcFileId="1" StartOffset="4631"/>
</LocList>
<BasicStmnt CovItemId="S96" CovItemPrefix="com.aconex.coding.challenge.NumberToAlphaConverter.java" Intrnl_Id="238">
<LocList>
<Loc EndOffset="4624" SrcFileId="1" StartOffset="4587"/>
</LocList>
</BasicStmnt>
<CondStmnt CovItemId="S97" CovItemPrefix="com.aconex.coding.challenge.NumberToAlphaConverter.java" Intrnl_Id="239">
<Branch CovItemId="B33" CovItemPrefix="com.aconex.coding.challenge.NumberToAlphaConverter.java" Implct="false" Intrnl_Id="240">
<Cond/>
<LocList>
<Loc EndOffset="4754" SrcFileId="1" StartOffset="4684"/>
</LocList>
<StmntSeq Intrnl_Id="241">
<LocList>
<Loc EndOffset="4746" SrcFileId="1" StartOffset="4693"/>
</LocList>
<BasicStmnt CovItemId="S98" CovItemPrefix="com.aconex.coding.challenge.NumberToAlphaConverter.java" Intrnl_Id="242">
<LocList>
<Loc EndOffset="4746" SrcFileId="1" StartOffset="4693"/>
</LocList>
</BasicStmnt>
</StmntSeq>
</Branch>
<Branch CovItemId="B34" CovItemPrefix="com.aconex.coding.challenge.NumberToAlphaConverter.java" Implct="false" Intrnl_Id="243">
<Cond>
<Loc EndOffset="4758" SrcFileId="1" StartOffset="4754"/>
</Cond>
<LocList>
<Loc EndOffset="5790" SrcFileId="1" StartOffset="4758"/>
</LocList>
<StmntSeq Intrnl_Id="244">
<LocList>
<Loc EndOffset="5310" SrcFileId="1" StartOffset="4767"/>
<Loc EndOffset="5369" SrcFileId="1" StartOffset="5318"/>
<Loc EndOffset="5782" SrcFileId="1" StartOffset="5377"/>
</LocList>
<CondStmnt CovItemId="S99" CovItemPrefix="com.aconex.coding.challenge.NumberToAlphaConverter.java" Intrnl_Id="245">
<Branch CovItemId="B35" CovItemPrefix="com.aconex.coding.challenge.NumberToAlphaConverter.java" Implct="false" Intrnl_Id="246">
<Cond/>
<LocList>
<Loc EndOffset="5310" SrcFileId="1" StartOffset="4961"/>
</LocList>
<StmntSeq Intrnl_Id="247">
<LocList>
<Loc EndOffset="4991" SrcFileId="1" StartOffset="4971"/>
<Loc EndOffset="5215" SrcFileId="1" StartOffset="5000"/>
<Loc EndOffset="5301" SrcFileId="1" StartOffset="5224"/>
</LocList>
<BasicStmnt CovItemId="S100" CovItemPrefix="com.aconex.coding.challenge.NumberToAlphaConverter.java" Intrnl_Id="248">
<LocList>
<Loc EndOffset="4991" SrcFileId="1" StartOffset="4971"/>
</LocList>
</BasicStmnt>
<CondStmnt CovItemId="S101" CovItemPrefix="com.aconex.coding.challenge.NumberToAlphaConverter.java" Intrnl_Id="249">
<Branch CovItemId="B37" CovItemPrefix="com.aconex.coding.challenge.NumberToAlphaConverter.java" Implct="false" Intrnl_Id="250">
<Cond/>
<LocList>
<Loc EndOffset="5215" SrcFileId="1" StartOffset="5084"/>
</LocList>
<StmntSeq Intrnl_Id="251">
<LocList>
<Loc EndOffset="5140" SrcFileId="1" StartOffset="5095"/>
<Loc EndOffset="5205" SrcFileId="1" StartOffset="5150"/>
</LocList>
<BasicStmnt CovItemId="S102" CovItemPrefix="com.aconex.coding.challenge.NumberToAlphaConverter.java" Intrnl_Id="252">
<LocList>
<Loc EndOffset="5140" SrcFileId="1" StartOffset="5095"/>
</LocList>
</BasicStmnt>
<CondStmnt CovItemId="S103" CovItemPrefix="com.aconex.coding.challenge.NumberToAlphaConverter.java" Intrnl_Id="253">
<Branch CovItemId="B39" CovItemPrefix="com.aconex.coding.challenge.NumberToAlphaConverter.java" Implct="false" Intrnl_Id="254">
<Cond/>
<LocList>
<Loc EndOffset="5205" SrcFileId="1" StartOffset="5169"/>
</LocList>
<StmntSeq Intrnl_Id="255">
<LocList>
<Loc EndOffset="5194" SrcFileId="1" StartOffset="5181"/>
</LocList>
<BasicStmnt CovItemId="S104" CovItemPrefix="com.aconex.coding.challenge.NumberToAlphaConverter.java" Intrnl_Id="256">
<LocList>
<Loc EndOffset="5194" SrcFileId="1" StartOffset="5181"/>
</LocList>
</BasicStmnt>
</StmntSeq>
</Branch>
<Branch CovItemId="B40" CovItemPrefix="com.aconex.coding.challenge.NumberToAlphaConverter.java" Implct="true" Intrnl_Id="257">
<Cond/>
<LocList/>
<StmntSeq Intrnl_Id="258">
<LocList/>
</StmntSeq>
</Branch>
<Keyword EndOffset="5152" SrcFileId="1" StartOffset="5150"/>
<LocList>
<Loc EndOffset="5205" SrcFileId="1" StartOffset="5150"/>
</LocList>
<RootTerm CovItemId="C22" CovItemPrefix="com.aconex.coding.challenge.NumberToAlphaConverter.java" Intrnl_Id="259">
<OpTerm BooleanOpId="5" Intrnl_Id="260">
<BasicBoolTerm Intrnl_Id="261">
<LocList>
<Loc EndOffset="5159" SrcFileId="1" StartOffset="5153"/>
</LocList>
</BasicBoolTerm>
<BasicBoolTerm Intrnl_Id="262">
<LocList>
<Loc EndOffset="5168" SrcFileId="1" StartOffset="5162"/>
</LocList>
</BasicBoolTerm>
<LocList>
<Loc EndOffset="5162" SrcFileId="1" StartOffset="5160"/>
</LocList>
</OpTerm>
</RootTerm>
</CondStmnt>
</StmntSeq>
</Branch>
<Branch CovItemId="B38" CovItemPrefix="com.aconex.coding.challenge.NumberToAlphaConverter.java" Implct="true" Intrnl_Id="263">
<Cond/>
<LocList/>
<StmntSeq Intrnl_Id="264">
<LocList/>
</StmntSeq>
</Branch>
<Keyword EndOffset="5002" SrcFileId="1" StartOffset="5000"/>
<LocList>
<Loc EndOffset="5215" SrcFileId="1" StartOffset="5000"/>
</LocList>
<RootTerm CovItemId="C21" CovItemPrefix="com.aconex.coding.challenge.NumberToAlphaConverter.java" Intrnl_Id="265">
<OpTerm BooleanOpId="5" Intrnl_Id="266">
<OpTerm BooleanOpId="5" Intrnl_Id="267">
<BasicBoolTerm Intrnl_Id="268">
<LocList>
<Loc EndOffset="5020" SrcFileId="1" StartOffset="5004"/>
</LocList>
</BasicBoolTerm>
<BasicBoolTerm Intrnl_Id="269">
<LocList>
<Loc EndOffset="5065" SrcFileId="1" StartOffset="5025"/>
</LocList>
</BasicBoolTerm>
<LocList>
<Loc EndOffset="5024" SrcFileId="1" StartOffset="5022"/>
</LocList>
</OpTerm>
<BasicBoolTerm Intrnl_Id="270">
<LocList>
<Loc EndOffset="5083" SrcFileId="1" StartOffset="5069"/>
</LocList>
</BasicBoolTerm>
<LocList>
<Loc EndOffset="5068" SrcFileId="1" StartOffset="5066"/>
</LocList>
</OpTerm>
</RootTerm>
</CondStmnt>
<CondStmnt CovItemId="S105" CovItemPrefix="com.aconex.coding.challenge.NumberToAlphaConverter.java" Intrnl_Id="271">
<Branch CovItemId="B41" CovItemPrefix="com.aconex.coding.challenge.NumberToAlphaConverter.java" Implct="false" Intrnl_Id="272">
<Cond/>
<LocList>
<Loc EndOffset="5301" SrcFileId="1" StartOffset="5232"/>
</LocList>
<StmntSeq Intrnl_Id="273">
<LocList>
<Loc EndOffset="5291" SrcFileId="1" StartOffset="5243"/>
</LocList>
<BasicStmnt CovItemId="S106" CovItemPrefix="com.aconex.coding.challenge.NumberToAlphaConverter.java" Intrnl_Id="274">
<LocList>
<Loc EndOffset="5291" SrcFileId="1" StartOffset="5243"/>
</LocList>
</BasicStmnt>
</StmntSeq>
</Branch>
<Branch CovItemId="B42" CovItemPrefix="com.aconex.coding.challenge.NumberToAlphaConverter.java" Implct="true" Intrnl_Id="275">
<Cond/>
<LocList/>
<StmntSeq Intrnl_Id="276">
<LocList/>
</StmntSeq>
</Branch>
<Keyword EndOffset="5226" SrcFileId="1" StartOffset="5224"/>
<LocList>
<Loc EndOffset="5301" SrcFileId="1" StartOffset="5224"/>
</LocList>
<RootTerm CovItemId="C23" CovItemPrefix="com.aconex.coding.challenge.NumberToAlphaConverter.java" Intrnl_Id="277">
<BasicBoolTerm Intrnl_Id="278">
<LocList>
<Loc EndOffset="5231" SrcFileId="1" StartOffset="5227"/>
</LocList>
</BasicBoolTerm>
</RootTerm>
</CondStmnt>
</StmntSeq>
</Branch>
<Branch CovItemId="B36" CovItemPrefix="com.aconex.coding.challenge.NumberToAlphaConverter.java" Implct="true" Intrnl_Id="279">
<Cond/>
<LocList/>
<StmntSeq Intrnl_Id="280">
<LocList/>
</StmntSeq>
</Branch>
<Keyword EndOffset="4769" SrcFileId="1" StartOffset="4767"/>
<LocList>
<Loc EndOffset="5310" SrcFileId="1" StartOffset="4767"/>
</LocList>
<RootTerm CovItemId="C20" CovItemPrefix="com.aconex.coding.challenge.NumberToAlphaConverter.java" Intrnl_Id="281">
<OpTerm BooleanOpId="6" Intrnl_Id="282">
<OpTerm BooleanOpId="5" Intrnl_Id="283">
<BasicBoolTerm Intrnl_Id="284">
<LocList>
<Loc EndOffset="4811" SrcFileId="1" StartOffset="4770"/>
</LocList>
</BasicBoolTerm>
<BasicBoolTerm Intrnl_Id="285">
<LocList>
<Loc EndOffset="4853" SrcFileId="1" StartOffset="4816"/>
</LocList>
</BasicBoolTerm>
<LocList>
<Loc EndOffset="4814" SrcFileId="1" StartOffset="4812"/>
</LocList>
</OpTerm>
<OpTerm BooleanOpId="5" Intrnl_Id="286">
<OpTerm BooleanOpId="5" Intrnl_Id="287">
<BasicBoolTerm Intrnl_Id="288">
<LocList>
<Loc EndOffset="4882" SrcFileId="1" StartOffset="4868"/>
</LocList>
</BasicBoolTerm>
<BasicBoolTerm Intrnl_Id="289">
<LocList>
<Loc EndOffset="4904" SrcFileId="1" StartOffset="4888"/>
</LocList>
</BasicBoolTerm>
<LocList>
<Loc EndOffset="4886" SrcFileId="1" StartOffset="4884"/>
</LocList>
</OpTerm>
<BasicBoolTerm Intrnl_Id="290">
<LocList>
<Loc EndOffset="4950" SrcFileId="1" StartOffset="4910"/>
</LocList>
</BasicBoolTerm>
<LocList>
<Loc EndOffset="4908" SrcFileId="1" StartOffset="4906"/>
</LocList>
</OpTerm>
<LocList>
<Loc EndOffset="4866" SrcFileId="1" StartOffset="4864"/>
</LocList>
</OpTerm>
</RootTerm>
</CondStmnt>
<BasicStmnt CovItemId="S107" CovItemPrefix="com.aconex.coding.challenge.NumberToAlphaConverter.java" Intrnl_Id="291">
<LocList>
<Loc EndOffset="5369" SrcFileId="1" StartOffset="5318"/>
</LocList>
</BasicStmnt>
<CondStmnt CovItemId="S108" CovItemPrefix="com.aconex.coding.challenge.NumberToAlphaConverter.java" Intrnl_Id="292">
<Branch CovItemId="B43" CovItemPrefix="com.aconex.coding.challenge.NumberToAlphaConverter.java" Implct="false" Intrnl_Id="293">
<Cond/>
<LocList>
<Loc EndOffset="5782" SrcFileId="1" StartOffset="5397"/>
</LocList>
<StmntSeq Intrnl_Id="294">
<LocList>
<Loc EndOffset="5773" SrcFileId="1" StartOffset="5407"/>
</LocList>
<LoopStmnt CovItemId="S109" CovItemPrefix="com.aconex.coding.challenge.NumberToAlphaConverter.java" Intrnl_Id="295" MltplExecId="L6-2" MltplExecPrefix="com.aconex.coding.challenge.NumberToAlphaConverter.java" NvrExecId="L6-0" NvrExecPrefix="com.aconex.coding.challenge.NumberToAlphaConverter.java" OnceExecutedId="L6-1" OnceExecutedPrefix="com.aconex.coding.challenge.NumberToAlphaConverter.java" OptBodyExec="true">
<StmntSeq Intrnl_Id="296">
<LocList>
<Loc EndOffset="5482" SrcFileId="1" StartOffset="5445"/>
<Loc EndOffset="5763" SrcFileId="1" StartOffset="5492"/>
</LocList>
<BasicStmnt CovItemId="S110" CovItemPrefix="com.aconex.coding.challenge.NumberToAlphaConverter.java" Intrnl_Id="297">
<LocList>
<Loc EndOffset="5482" SrcFileId="1" StartOffset="5445"/>
</LocList>
</BasicStmnt>
<CondStmnt CovItemId="S111" CovItemPrefix="com.aconex.coding.challenge.NumberToAlphaConverter.java" Intrnl_Id="298">
<Branch CovItemId="B45" CovItemPrefix="com.aconex.coding.challenge.NumberToAlphaConverter.java" Implct="false" Intrnl_Id="299">
<Cond/>
<LocList>
<Loc EndOffset="5763" SrcFileId="1" StartOffset="5559"/>
</LocList>
<StmntSeq Intrnl_Id="300">
<LocList>
<Loc EndOffset="5752" SrcFileId="1" StartOffset="5571"/>
</LocList>
<CondStmnt CovItemId="S112" CovItemPrefix="com.aconex.coding.challenge.NumberToAlphaConverter.java" Intrnl_Id="301">
<Branch CovItemId="B47" CovItemPrefix="com.aconex.coding.challenge.NumberToAlphaConverter.java" Implct="false" Intrnl_Id="302">
<Cond/>
<LocList>
<Loc EndOffset="5647" SrcFileId="1" StartOffset="5593"/>
</LocList>
<StmntSeq Intrnl_Id="303">
<LocList>
<Loc EndOffset="5635" SrcFileId="1" StartOffset="5606"/>
</LocList>
<BasicStmnt CovItemId="S113" CovItemPrefix="com.aconex.coding.challenge.NumberToAlphaConverter.java" Intrnl_Id="304">
<LocList>
<Loc EndOffset="5635" SrcFileId="1" StartOffset="5606"/>
</LocList>
</BasicStmnt>
</StmntSeq>
</Branch>
<Branch CovItemId="B48" CovItemPrefix="com.aconex.coding.challenge.NumberToAlphaConverter.java" Implct="false" Intrnl_Id="305">
<Cond>
<Loc EndOffset="5651" SrcFileId="1" StartOffset="5647"/>
</Cond>
<LocList>
<Loc EndOffset="5752" SrcFileId="1" StartOffset="5651"/>
</LocList>
<StmntSeq Intrnl_Id="306">
<LocList>
<Loc EndOffset="5740" SrcFileId="1" StartOffset="5664"/>
</LocList>
<BasicStmnt CovItemId="S114" CovItemPrefix="com.aconex.coding.challenge.NumberToAlphaConverter.java" Intrnl_Id="307">
<LocList>
<Loc EndOffset="5740" SrcFileId="1" StartOffset="5664"/>
</LocList>
</BasicStmnt>
</StmntSeq>
</Branch>
<Keyword EndOffset="5573" SrcFileId="1" StartOffset="5571"/>
<LocList>
<Loc EndOffset="5752" SrcFileId="1" StartOffset="5571"/>
</LocList>
<RootTerm CovItemId="C26" CovItemPrefix="com.aconex.coding.challenge.NumberToAlphaConverter.java" Intrnl_Id="308">
<BasicBoolTerm Intrnl_Id="309">
<LocList>
<Loc EndOffset="5592" SrcFileId="1" StartOffset="5574"/>
</LocList>
</BasicBoolTerm>
</RootTerm>
</CondStmnt>
</StmntSeq>
</Branch>
<Branch CovItemId="B46" CovItemPrefix="com.aconex.coding.challenge.NumberToAlphaConverter.java" Implct="true" Intrnl_Id="310">
<Cond/>
<LocList/>
<StmntSeq Intrnl_Id="311">
<LocList/>
</StmntSeq>
</Branch>
<Keyword EndOffset="5494" SrcFileId="1" StartOffset="5492"/>
<LocList>
<Loc EndOffset="5763" SrcFileId="1" StartOffset="5492"/>
</LocList>
<RootTerm CovItemId="C25" CovItemPrefix="com.aconex.coding.challenge.NumberToAlphaConverter.java" Intrnl_Id="312">
<OpTerm BooleanOpId="6" Intrnl_Id="313">
<OpTerm BooleanOpId="4" Intrnl_Id="314">
<OpTerm BooleanOpId="5" Intrnl_Id="315">
<BasicBoolTerm Intrnl_Id="316">
<LocList>
<Loc EndOffset="5515" SrcFileId="1" StartOffset="5497"/>
</LocList>
</BasicBoolTerm>
<BasicBoolTerm Intrnl_Id="317">
<LocList>
<Loc EndOffset="5535" SrcFileId="1" StartOffset="5519"/>
</LocList>
</BasicBoolTerm>
<LocList>
<Loc EndOffset="5518" SrcFileId="1" StartOffset="5516"/>
</LocList>
</OpTerm>
<LocList>
<Loc EndOffset="5496" SrcFileId="1" StartOffset="5495"/>
</LocList>
</OpTerm>
<BasicBoolTerm Intrnl_Id="318">
<LocList>
<Loc EndOffset="5558" SrcFileId="1" StartOffset="5540"/>
</LocList>
</BasicBoolTerm>
<LocList>
<Loc EndOffset="5539" SrcFileId="1" StartOffset="5537"/>
</LocList>
</OpTerm>
</RootTerm>
</CondStmnt>
</StmntSeq>
<Keyword EndOffset="5410" SrcFileId="1" StartOffset="5407"/>
<LocList>
<Loc EndOffset="5773" SrcFileId="1" StartOffset="5407"/>
</LocList>
</LoopStmnt>
</StmntSeq>
</Branch>
<Branch CovItemId="B44" CovItemPrefix="com.aconex.coding.challenge.NumberToAlphaConverter.java" Implct="true" Intrnl_Id="319">
<Cond/>
<LocList/>
<StmntSeq Intrnl_Id="320">
<LocList/>
</StmntSeq>
</Branch>
<Keyword EndOffset="5379" SrcFileId="1" StartOffset="5377"/>
<LocList>
<Loc EndOffset="5782" SrcFileId="1" StartOffset="5377"/>
</LocList>
<RootTerm CovItemId="C24" CovItemPrefix="com.aconex.coding.challenge.NumberToAlphaConverter.java" Intrnl_Id="321">
<BasicBoolTerm Intrnl_Id="322">
<LocList>
<Loc EndOffset="5396" SrcFileId="1" StartOffset="5380"/>
</LocList>
</BasicBoolTerm>
</RootTerm>
</CondStmnt>
</StmntSeq>
</Branch>
<Keyword EndOffset="4633" SrcFileId="1" StartOffset="4631"/>
<LocList>
<Loc EndOffset="5790" SrcFileId="1" StartOffset="4631"/>
</LocList>
<RootTerm CovItemId="C19" CovItemPrefix="com.aconex.coding.challenge.NumberToAlphaConverter.java" Intrnl_Id="323">
<BasicBoolTerm Intrnl_Id="324">
<LocList>
<Loc EndOffset="4683" SrcFileId="1" StartOffset="4634"/>
</LocList>
</BasicBoolTerm>
</RootTerm>
</CondStmnt>
</StmntSeq>
<Keyword EndOffset="4554" SrcFileId="1" StartOffset="4551"/>
<LocList>
<Loc EndOffset="5797" SrcFileId="1" StartOffset="4551"/>
</LocList>
</LoopStmnt>
</StmntSeq>
<Keyword EndOffset="4389" SrcFileId="1" StartOffset="4386"/>
<LocList>
<Loc EndOffset="5803" SrcFileId="1" StartOffset="4386"/>
</LocList>
</LoopStmnt>
</StmntSeq>
</Branch>
<Branch CovItemId="B32" CovItemPrefix="com.aconex.coding.challenge.NumberToAlphaConverter.java" Implct="false" Intrnl_Id="325">
<Cond>
<Loc EndOffset="5812" SrcFileId="1" StartOffset="5808"/>
</Cond>
<LocList>
<Loc EndOffset="5911" SrcFileId="1" StartOffset="5813"/>
</LocList>
<StmntSeq Intrnl_Id="326">
<LocList>
<Loc EndOffset="5911" SrcFileId="1" StartOffset="5813"/>
</LocList>
<CondStmnt CovItemId="S115" CovItemPrefix="com.aconex.coding.challenge.NumberToAlphaConverter.java" Intrnl_Id="327">
<Branch CovItemId="B49" CovItemPrefix="com.aconex.coding.challenge.NumberToAlphaConverter.java" Implct="false" Intrnl_Id="328">
<Cond/>
<LocList>
<Loc EndOffset="5911" SrcFileId="1" StartOffset="5829"/>
</LocList>
<StmntSeq Intrnl_Id="329">
<LocList>
<Loc EndOffset="5906" SrcFileId="1" StartOffset="5835"/>
</LocList>
<LoopStmnt CovItemId="S116" CovItemPrefix="com.aconex.coding.challenge.NumberToAlphaConverter.java" Intrnl_Id="330" MltplExecId="L7-2" MltplExecPrefix="com.aconex.coding.challenge.NumberToAlphaConverter.java" NvrExecId="L7-0" NvrExecPrefix="com.aconex.coding.challenge.NumberToAlphaConverter.java" OnceExecutedId="L7-1" OnceExecutedPrefix="com.aconex.coding.challenge.NumberToAlphaConverter.java" OptBodyExec="true">
<StmntSeq Intrnl_Id="331">
<LocList>
<Loc EndOffset="5900" SrcFileId="1" StartOffset="5868"/>
</LocList>
<BasicStmnt CovItemId="S117" CovItemPrefix="com.aconex.coding.challenge.NumberToAlphaConverter.java" Intrnl_Id="332">
<LocList>
<Loc EndOffset="5900" SrcFileId="1" StartOffset="5868"/>
</LocList>
</BasicStmnt>
</StmntSeq>
<Keyword EndOffset="5838" SrcFileId="1" StartOffset="5835"/>
<LocList>
<Loc EndOffset="5906" SrcFileId="1" StartOffset="5835"/>
</LocList>
</LoopStmnt>
</StmntSeq>
</Branch>
<Branch CovItemId="B50" CovItemPrefix="com.aconex.coding.challenge.NumberToAlphaConverter.java" Implct="true" Intrnl_Id="333">
<Cond/>
<LocList/>
<StmntSeq Intrnl_Id="334">
<LocList/>
</StmntSeq>
</Branch>
<Keyword EndOffset="5815" SrcFileId="1" StartOffset="5813"/>
<LocList>
<Loc EndOffset="5911" SrcFileId="1" StartOffset="5813"/>
</LocList>
<RootTerm CovItemId="C27" CovItemPrefix="com.aconex.coding.challenge.NumberToAlphaConverter.java" Intrnl_Id="335">
<BasicBoolTerm Intrnl_Id="336">
<LocList>
<Loc EndOffset="5828" SrcFileId="1" StartOffset="5816"/>
</LocList>
</BasicBoolTerm>
</RootTerm>
</CondStmnt>
</StmntSeq>
</Branch>
<Keyword EndOffset="4357" SrcFileId="1" StartOffset="4355"/>
<LocList>
<Loc EndOffset="5911" SrcFileId="1" StartOffset="4355"/>
</LocList>
<RootTerm CovItemId="C18" CovItemPrefix="com.aconex.coding.challenge.NumberToAlphaConverter.java" Intrnl_Id="337">
<BasicBoolTerm Intrnl_Id="338">
<LocList>
<Loc EndOffset="4379" SrcFileId="1" StartOffset="4358"/>
</LocList>
</BasicBoolTerm>
</RootTerm>
</CondStmnt>
</StmntSeq>
</Branch>
<Keyword EndOffset="4029" SrcFileId="1" StartOffset="4027"/>
<LocList>
<Loc EndOffset="5911" SrcFileId="1" StartOffset="4027"/>
</LocList>
<RootTerm CovItemId="C16" CovItemPrefix="com.aconex.coding.challenge.NumberToAlphaConverter.java" Intrnl_Id="339">
<BasicBoolTerm Intrnl_Id="340">
<LocList>
<Loc EndOffset="4047" SrcFileId="1" StartOffset="4030"/>
</LocList>
</BasicBoolTerm>
</RootTerm>
</CondStmnt>
<BasicStmnt CovItemId="S118" CovItemPrefix="com.aconex.coding.challenge.NumberToAlphaConverter.java" Intrnl_Id="341">
<LocList>
<Loc EndOffset="5938" SrcFileId="1" StartOffset="5915"/>
</LocList>
</BasicStmnt>
</StmntSeq>
</HierarchyLvl>
<HierarchyLvl HierarchyLvlId="93" HierarchyLvlTypeId="9" Intrnl_Id="342" Name="convertToAlpha">
<Header>
<Loc EndOffset="6012" SrcFileId="1" StartOffset="5951"/>
</Header>
<LocList>
<Loc EndOffset="6674" SrcFileId="1" StartOffset="5951"/>
</LocList>
<StmntSeq Intrnl_Id="343">
<LocList>
<Loc EndOffset="6066" SrcFileId="1" StartOffset="6017"/>
<Loc EndOffset="6592" SrcFileId="1" StartOffset="6080"/>
<Loc EndOffset="6646" SrcFileId="1" StartOffset="6070"/>
<Loc EndOffset="6670" SrcFileId="1" StartOffset="6650"/>
</LocList>
<BasicStmnt CovItemId="S119" CovItemPrefix="com.aconex.coding.challenge.NumberToAlphaConverter.java" Intrnl_Id="344">
<LocList>
<Loc EndOffset="6066" SrcFileId="1" StartOffset="6017"/>
</LocList>
</BasicStmnt>
<LoopStmnt CovItemId="S121" CovItemPrefix="com.aconex.coding.challenge.NumberToAlphaConverter.java" Intrnl_Id="345" MltplExecId="L8-2" MltplExecPrefix="com.aconex.coding.challenge.NumberToAlphaConverter.java" NvrExecId="L8-0" NvrExecPrefix="com.aconex.coding.challenge.NumberToAlphaConverter.java" OnceExecutedId="L8-1" OnceExecutedPrefix="com.aconex.coding.challenge.NumberToAlphaConverter.java" OptBodyExec="true">
<StmntSeq Intrnl_Id="346">
<LocList>
<Loc EndOffset="6169" SrcFileId="1" StartOffset="6135"/>
<Loc EndOffset="6586" SrcFileId="1" StartOffset="6175"/>
</LocList>
<BasicStmnt CovItemId="S122" CovItemPrefix="com.aconex.coding.challenge.NumberToAlphaConverter.java" Intrnl_Id="347">
<LocList>
<Loc EndOffset="6169" SrcFileId="1" StartOffset="6135"/>
</LocList>
</BasicStmnt>
<CondStmnt CovItemId="S123" CovItemPrefix="com.aconex.coding.challenge.NumberToAlphaConverter.java" Intrnl_Id="348">
<Branch CovItemId="B52" CovItemPrefix="com.aconex.coding.challenge.NumberToAlphaConverter.java" Implct="false" Intrnl_Id="349">
<Cond/>
<LocList>
<Loc EndOffset="6586" SrcFileId="1" StartOffset="6231"/>
</LocList>
<StmntSeq Intrnl_Id="350">
<LocList>
<Loc EndOffset="6308" SrcFileId="1" StartOffset="6239"/>
<Loc EndOffset="6388" SrcFileId="1" StartOffset="6315"/>
<Loc EndOffset="6444" SrcFileId="1" StartOffset="6395"/>
</LocList>
<BasicStmnt CovItemId="S124" CovItemPrefix="com.aconex.coding.challenge.NumberToAlphaConverter.java" Intrnl_Id="351">
<LocList>
<Loc EndOffset="6308" SrcFileId="1" StartOffset="6239"/>
</LocList>
</BasicStmnt>
<BasicStmnt CovItemId="S125" CovItemPrefix="com.aconex.coding.challenge.NumberToAlphaConverter.java" Intrnl_Id="352">
<LocList>
<Loc EndOffset="6388" SrcFileId="1" StartOffset="6315"/>
</LocList>
</BasicStmnt>
<CondStmnt CovItemId="S126" CovItemPrefix="com.aconex.coding.challenge.NumberToAlphaConverter.java" Intrnl_Id="353">
<Branch CovItemId="B54" CovItemPrefix="com.aconex.coding.challenge.NumberToAlphaConverter.java" Implct="false" Intrnl_Id="354">
<Cond/>
<LocList>
<Loc EndOffset="6444" SrcFileId="1" StartOffset="6421"/>
</LocList>
<StmntSeq Intrnl_Id="355">
<LocList>
<Loc EndOffset="6436" SrcFileId="1" StartOffset="6430"/>
</LocList>
<BasicStmnt CovItemId="S127" CovItemPrefix="com.aconex.coding.challenge.NumberToAlphaConverter.java" Intrnl_Id="356">
<LocList>
<Loc EndOffset="6436" SrcFileId="1" StartOffset="6430"/>
</LocList>
</BasicStmnt>
</StmntSeq>
</Branch>
<Branch CovItemId="B55" CovItemPrefix="com.aconex.coding.challenge.NumberToAlphaConverter.java" Implct="true" Intrnl_Id="357">
<Cond/>
<LocList/>
<StmntSeq Intrnl_Id="358">
<LocList/>
</StmntSeq>
</Branch>
<Keyword EndOffset="6397" SrcFileId="1" StartOffset="6395"/>
<LocList>
<Loc EndOffset="6444" SrcFileId="1" StartOffset="6395"/>
</LocList>
<RootTerm CovItemId="C30" CovItemPrefix="com.aconex.coding.challenge.NumberToAlphaConverter.java" Intrnl_Id="359">
<BasicBoolTerm Intrnl_Id="360">
<LocList>
<Loc EndOffset="6420" SrcFileId="1" StartOffset="6398"/>
</LocList>
</BasicBoolTerm>
</RootTerm>
</CondStmnt>
</StmntSeq>
</Branch>
<Branch CovItemId="B53" CovItemPrefix="com.aconex.coding.challenge.NumberToAlphaConverter.java" Implct="true" Intrnl_Id="361">
<Cond/>
<LocList/>
<StmntSeq Intrnl_Id="362">
<LocList/>
</StmntSeq>
</Branch>
<Keyword EndOffset="6177" SrcFileId="1" StartOffset="6175"/>
<LocList>
<Loc EndOffset="6586" SrcFileId="1" StartOffset="6175"/>
</LocList>
<RootTerm CovItemId="C29" CovItemPrefix="com.aconex.coding.challenge.NumberToAlphaConverter.java" Intrnl_Id="363">
<BasicBoolTerm Intrnl_Id="364">
<LocList>
<Loc EndOffset="6230" SrcFileId="1" StartOffset="6178"/>
</LocList>
</BasicBoolTerm>
</RootTerm>
</CondStmnt>
</StmntSeq>
<Keyword EndOffset="6083" SrcFileId="1" StartOffset="6080"/>
<LocList>
<Loc EndOffset="6592" SrcFileId="1" StartOffset="6080"/>
</LocList>
<RootTerm CovItemId="C28" CovItemPrefix="com.aconex.coding.challenge.NumberToAlphaConverter.java" Intrnl_Id="365">
<BasicBoolTerm Intrnl_Id="366">
<LocList>
<Loc EndOffset="6119" SrcFileId="1" StartOffset="6098"/>
</LocList>
</BasicBoolTerm>
</RootTerm>
</LoopStmnt>
<CondStmnt CovItemId="S120" CovItemPrefix="com.aconex.coding.challenge.NumberToAlphaConverter.java" Intrnl_Id="367">
<Branch CovItemId="B51" CovItemPrefix="com.aconex.coding.challenge.NumberToAlphaConverter.java" Implct="true" Intrnl_Id="368">
<Cond/>
<LocList/>
<StmntSeq Intrnl_Id="369">
<LocList/>
</StmntSeq>
</Branch>
<Branch CovItemId="B56" CovItemPrefix="com.aconex.coding.challenge.NumberToAlphaConverter.java" Implct="false" Intrnl_Id="370">
<Cond>
<Loc EndOffset="6615" SrcFileId="1" StartOffset="6597"/>
</Cond>
<LocList>
<Loc EndOffset="6646" SrcFileId="1" StartOffset="6615"/>
</LocList>
<StmntSeq Intrnl_Id="371">
<LocList>
<Loc EndOffset="6641" SrcFileId="1" StartOffset="6621"/>
</LocList>
<BasicStmnt CovItemId="S128" CovItemPrefix="com.aconex.coding.challenge.NumberToAlphaConverter.java" Intrnl_Id="372">
<LocList>
<Loc EndOffset="6641" SrcFileId="1" StartOffset="6621"/>
</LocList>
</BasicStmnt>
</StmntSeq>
</Branch>
<Keyword EndOffset="6073" SrcFileId="1" StartOffset="6070"/>
<LocList>
<Loc EndOffset="6646" SrcFileId="1" StartOffset="6070"/>
</LocList>
</CondStmnt>
<BasicStmnt CovItemId="S129" CovItemPrefix="com.aconex.coding.challenge.NumberToAlphaConverter.java" Intrnl_Id="373">
<LocList>
<Loc EndOffset="6670" SrcFileId="1" StartOffset="6650"/>
</LocList>
</BasicStmnt>
</StmntSeq>
</HierarchyLvl>
</HierarchyLvl>
</HierarchyLvl>
</HierarchyLvl>
<HierarchyLvl HierarchyLvlId="112" HierarchyLvlTypeId="7" Intrnl_Id="374" Name="test">
<Header/>
<LocList/>
<HierarchyLvl HierarchyLvlId="96" HierarchyLvlTypeId="8" Intrnl_Id="375" Name="TestRunner">
<Header>
<Loc EndOffset="169" SrcFileId="2" StartOffset="146"/>
</Header>
<LocList>
<Loc EndOffset="458" SrcFileId="2" StartOffset="146"/>
</LocList>
<HierarchyLvl HierarchyLvlId="95" HierarchyLvlTypeId="9" Intrnl_Id="376" Name="main">
<Header>
<Loc EndOffset="214" SrcFileId="2" StartOffset="176"/>
</Header>
<LocList>
<Loc EndOffset="455" SrcFileId="2" StartOffset="176"/>
</LocList>
<StmntSeq Intrnl_Id="377">
<LocList>
<Loc EndOffset="280" SrcFileId="2" StartOffset="225"/>
<Loc EndOffset="396" SrcFileId="2" StartOffset="289"/>
<Loc EndOffset="448" SrcFileId="2" StartOffset="405"/>
</LocList>
<BasicStmnt CovItemId="S1" CovItemPrefix="com.aconex.test.TestRunner.java" Intrnl_Id="378">
<LocList>
<Loc EndOffset="280" SrcFileId="2" StartOffset="225"/>
</LocList>
</BasicStmnt>
<LoopStmnt CovItemId="S2" CovItemPrefix="com.aconex.test.TestRunner.java" Intrnl_Id="379" MltplExecId="L1-2" MltplExecPrefix="com.aconex.test.TestRunner.java" NvrExecId="L1-0" NvrExecPrefix="com.aconex.test.TestRunner.java" OnceExecutedId="L1-1" OnceExecutedPrefix="com.aconex.test.TestRunner.java" OptBodyExec="true">
<StmntSeq Intrnl_Id="380">
<LocList>
<Loc EndOffset="386" SrcFileId="2" StartOffset="347"/>
</LocList>
<BasicStmnt CovItemId="S3" CovItemPrefix="com.aconex.test.TestRunner.java" Intrnl_Id="381">
<LocList>
<Loc EndOffset="386" SrcFileId="2" StartOffset="347"/>
</LocList>
</BasicStmnt>
</StmntSeq>
<Keyword EndOffset="292" SrcFileId="2" StartOffset="289"/>
<LocList>
<Loc EndOffset="396" SrcFileId="2" StartOffset="289"/>
</LocList>
</LoopStmnt>
<BasicStmnt CovItemId="S4" CovItemPrefix="com.aconex.test.TestRunner.java" Intrnl_Id="382">
<LocList>
<Loc EndOffset="448" SrcFileId="2" StartOffset="405"/>
</LocList>
</BasicStmnt>
</StmntSeq>
</HierarchyLvl>
</HierarchyLvl>
<HierarchyLvl HierarchyLvlId="109" HierarchyLvlTypeId="8" Intrnl_Id="383" Name="TestAconex">
<Header>
<Loc EndOffset="307" SrcFileId="3" StartOffset="284"/>
</Header>
<LocList>
<Loc EndOffset="5257" SrcFileId="3" StartOffset="284"/>
</LocList>
<StmntSeq Intrnl_Id="384">
<LocList>
<Loc EndOffset="362" SrcFileId="3" StartOffset="313"/>
</LocList>
<BasicStmnt CovItemId="S1" CovItemPrefix="com.aconex.test.TestAconex.java" Intrnl_Id="385">
<LocList>
<Loc EndOffset="362" SrcFileId="3" StartOffset="313"/>
</LocList>
</BasicStmnt>
</StmntSeq>
<HierarchyLvl HierarchyLvlId="97" HierarchyLvlTypeId="9" Intrnl_Id="386" Name="init">
<Header>
<Loc EndOffset="396" SrcFileId="3" StartOffset="368"/>
</Header>
<LocList>
<Loc EndOffset="462" SrcFileId="3" StartOffset="368"/>
</LocList>
<StmntSeq Intrnl_Id="387">
<LocList>
<Loc EndOffset="458" SrcFileId="3" StartOffset="401"/>
</LocList>
<BasicStmnt CovItemId="S2" CovItemPrefix="com.aconex.test.TestAconex.java" Intrnl_Id="388">
<LocList>
<Loc EndOffset="458" SrcFileId="3" StartOffset="401"/>
</LocList>
</BasicStmnt>
</StmntSeq>
</HierarchyLvl>
<HierarchyLvl HierarchyLvlId="98" HierarchyLvlTypeId="9" Intrnl_Id="389" Name="checkForSimpleConversionWithSingleResult">
<Header>
<Loc EndOffset="530" SrcFileId="3" StartOffset="468"/>
</Header>
<LocList>
<Loc EndOffset="801" SrcFileId="3" StartOffset="468"/>
</LocList>
<StmntSeq Intrnl_Id="390">
<LocList>
<Loc EndOffset="603" SrcFileId="3" StartOffset="535"/>
<Loc EndOffset="628" SrcFileId="3" StartOffset="607"/>
<Loc EndOffset="775" SrcFileId="3" StartOffset="632"/>
<Loc EndOffset="797" SrcFileId="3" StartOffset="779"/>
</LocList>
<BasicStmnt CovItemId="S3" CovItemPrefix="com.aconex.test.TestAconex.java" Intrnl_Id="391">
<LocList>
<Loc EndOffset="603" SrcFileId="3" StartOffset="535"/>
</LocList>
</BasicStmnt>
<BasicStmnt CovItemId="S4" CovItemPrefix="com.aconex.test.TestAconex.java" Intrnl_Id="392">
<LocList>
<Loc EndOffset="628" SrcFileId="3" StartOffset="607"/>
</LocList>
</BasicStmnt>
<CondStmnt CovItemId="S5" CovItemPrefix="com.aconex.test.TestAconex.java" Intrnl_Id="393">
<Branch CovItemId="B1" CovItemPrefix="com.aconex.test.TestAconex.java" Implct="false" Intrnl_Id="394">
<Cond/>
<LocList>
<Loc EndOffset="748" SrcFileId="3" StartOffset="651"/>
</LocList>
<StmntSeq Intrnl_Id="395">
<LocList>
<Loc EndOffset="743" SrcFileId="3" StartOffset="657"/>
</LocList>
<LoopStmnt CovItemId="S6" CovItemPrefix="com.aconex.test.TestAconex.java" Intrnl_Id="396" MltplExecId="L1-2" MltplExecPrefix="com.aconex.test.TestAconex.java" NvrExecId="L1-0" NvrExecPrefix="com.aconex.test.TestAconex.java" OnceExecutedId="L1-1" OnceExecutedPrefix="com.aconex.test.TestAconex.java" OptBodyExec="true">
<StmntSeq Intrnl_Id="397">
<LocList>
<Loc EndOffset="737" SrcFileId="3" StartOffset="686"/>
</LocList>
<CondStmnt CovItemId="S7" CovItemPrefix="com.aconex.test.TestAconex.java" Intrnl_Id="398">
<Branch CovItemId="B3" CovItemPrefix="com.aconex.test.TestAconex.java" Implct="false" Intrnl_Id="399">
<Cond/>
<LocList>
<Loc EndOffset="737" SrcFileId="3" StartOffset="710"/>
</LocList>
<StmntSeq Intrnl_Id="400">
<LocList>
<Loc EndOffset="730" SrcFileId="3" StartOffset="718"/>
</LocList>
<BasicStmnt CovItemId="S8" CovItemPrefix="com.aconex.test.TestAconex.java" Intrnl_Id="401">
<LocList>
<Loc EndOffset="730" SrcFileId="3" StartOffset="718"/>
</LocList>
</BasicStmnt>
</StmntSeq>
</Branch>
<Branch CovItemId="B4" CovItemPrefix="com.aconex.test.TestAconex.java" Implct="true" Intrnl_Id="402">
<Cond/>
<LocList/>
<StmntSeq Intrnl_Id="403">
<LocList/>
</StmntSeq>
</Branch>
<Keyword EndOffset="688" SrcFileId="3" StartOffset="686"/>
<LocList>
<Loc EndOffset="737" SrcFileId="3" StartOffset="686"/>
</LocList>
<RootTerm CovItemId="C2" CovItemPrefix="com.aconex.test.TestAconex.java" Intrnl_Id="404">
<OpTerm BooleanOpId="4" Intrnl_Id="405">
<BasicBoolTerm Intrnl_Id="406">
<LocList>
<Loc EndOffset="709" SrcFileId="3" StartOffset="690"/>
</LocList>
</BasicBoolTerm>
<LocList>
<Loc EndOffset="690" SrcFileId="3" StartOffset="689"/>
</LocList>
</OpTerm>
</RootTerm>
</CondStmnt>
</StmntSeq>
<Keyword EndOffset="660" SrcFileId="3" StartOffset="657"/>
<LocList>
<Loc EndOffset="743" SrcFileId="3" StartOffset="657"/>
</LocList>
</LoopStmnt>
</StmntSeq>
</Branch>
<Branch CovItemId="B2" CovItemPrefix="com.aconex.test.TestAconex.java" Implct="false" Intrnl_Id="407">
<Cond>
<Loc EndOffset="752" SrcFileId="3" StartOffset="748"/>
</Cond>
<LocList>
<Loc EndOffset="775" SrcFileId="3" StartOffset="752"/>
</LocList>
<StmntSeq Intrnl_Id="408">
<LocList>
<Loc EndOffset="770" SrcFileId="3" StartOffset="758"/>
</LocList>
<BasicStmnt CovItemId="S9" CovItemPrefix="com.aconex.test.TestAconex.java" Intrnl_Id="409">
<LocList>
<Loc EndOffset="770" SrcFileId="3" StartOffset="758"/>
</LocList>
</BasicStmnt>
</StmntSeq>
</Branch>
<Keyword EndOffset="634" SrcFileId="3" StartOffset="632"/>
<LocList>
<Loc EndOffset="775" SrcFileId="3" StartOffset="632"/>
</LocList>
<RootTerm CovItemId="C1" CovItemPrefix="com.aconex.test.TestAconex.java" Intrnl_Id="410">
<BasicBoolTerm Intrnl_Id="411">
<LocList>
<Loc EndOffset="650" SrcFileId="3" StartOffset="635"/>
</LocList>
</BasicBoolTerm>
</RootTerm>
</CondStmnt>
<BasicStmnt CovItemId="S10" CovItemPrefix="com.aconex.test.TestAconex.java" Intrnl_Id="412">
<LocList>
<Loc EndOffset="797" SrcFileId="3" StartOffset="779"/>
</LocList>
</BasicStmnt>
</StmntSeq>
</HierarchyLvl>
<HierarchyLvl HierarchyLvlId="99" HierarchyLvlTypeId="9" Intrnl_Id="413" Name="checkForSimpleConversionWithMultipleResult">
<Header>
<Loc EndOffset="877" SrcFileId="3" StartOffset="813"/>
</Header>
<LocList>
<Loc EndOffset="1200" SrcFileId="3" StartOffset="813"/>
</LocList>
<StmntSeq Intrnl_Id="414">
<LocList>
<Loc EndOffset="951" SrcFileId="3" StartOffset="882"/>
<Loc EndOffset="976" SrcFileId="3" StartOffset="955"/>
<Loc EndOffset="1174" SrcFileId="3" StartOffset="980"/>
<Loc EndOffset="1196" SrcFileId="3" StartOffset="1178"/>
</LocList>
<BasicStmnt CovItemId="S11" CovItemPrefix="com.aconex.test.TestAconex.java" Intrnl_Id="415">
<LocList>
<Loc EndOffset="951" SrcFileId="3" StartOffset="882"/>
</LocList>
</BasicStmnt>
<BasicStmnt CovItemId="S12" CovItemPrefix="com.aconex.test.TestAconex.java" Intrnl_Id="416">
<LocList>
<Loc EndOffset="976" SrcFileId="3" StartOffset="955"/>
</LocList>
</BasicStmnt>
<CondStmnt CovItemId="S13" CovItemPrefix="com.aconex.test.TestAconex.java" Intrnl_Id="417">
<Branch CovItemId="B5" CovItemPrefix="com.aconex.test.TestAconex.java" Implct="false" Intrnl_Id="418">
<Cond/>
<LocList>
<Loc EndOffset="1147" SrcFileId="3" StartOffset="999"/>
</LocList>
<StmntSeq Intrnl_Id="419">
<LocList>
<Loc EndOffset="1142" SrcFileId="3" StartOffset="1005"/>
</LocList>
<LoopStmnt CovItemId="S14" CovItemPrefix="com.aconex.test.TestAconex.java" Intrnl_Id="420" MltplExecId="L2-2" MltplExecPrefix="com.aconex.test.TestAconex.java" NvrExecId="L2-0" NvrExecPrefix="com.aconex.test.TestAconex.java" OnceExecutedId="L2-1" OnceExecutedPrefix="com.aconex.test.TestAconex.java" OptBodyExec="true">
<StmntSeq Intrnl_Id="421">
<LocList>
<Loc EndOffset="1136" SrcFileId="3" StartOffset="1034"/>
</LocList>
<CondStmnt CovItemId="S15" CovItemPrefix="com.aconex.test.TestAconex.java" Intrnl_Id="422">
<Branch CovItemId="B7" CovItemPrefix="com.aconex.test.TestAconex.java" Implct="false" Intrnl_Id="423">
<Cond/>
<LocList>
<Loc EndOffset="1136" SrcFileId="3" StartOffset="1109"/>
</LocList>
<StmntSeq Intrnl_Id="424">
<LocList>
<Loc EndOffset="1129" SrcFileId="3" StartOffset="1117"/>
</LocList>
<BasicStmnt CovItemId="S16" CovItemPrefix="com.aconex.test.TestAconex.java" Intrnl_Id="425">
<LocList>
<Loc EndOffset="1129" SrcFileId="3" StartOffset="1117"/>
</LocList>
</BasicStmnt>
</StmntSeq>
</Branch>
<Branch CovItemId="B8" CovItemPrefix="com.aconex.test.TestAconex.java" Implct="true" Intrnl_Id="426">
<Cond/>
<LocList/>
<StmntSeq Intrnl_Id="427">
<LocList/>
</StmntSeq>
</Branch>
<Keyword EndOffset="1036" SrcFileId="3" StartOffset="1034"/>
<LocList>
<Loc EndOffset="1136" SrcFileId="3" StartOffset="1034"/>
</LocList>
<RootTerm CovItemId="C4" CovItemPrefix="com.aconex.test.TestAconex.java" Intrnl_Id="428">
<OpTerm BooleanOpId="5" Intrnl_Id="429">
<OpTerm BooleanOpId="5" Intrnl_Id="430">
<OpTerm BooleanOpId="4" Intrnl_Id="431">
<BasicBoolTerm Intrnl_Id="432">
<LocList>
<Loc EndOffset="1058" SrcFileId="3" StartOffset="1038"/>
</LocList>
</BasicBoolTerm>
<LocList>
<Loc EndOffset="1038" SrcFileId="3" StartOffset="1037"/>
</LocList>
</OpTerm>
<OpTerm BooleanOpId="4" Intrnl_Id="433">
<BasicBoolTerm Intrnl_Id="434">
<LocList>
<Loc EndOffset="1083" SrcFileId="3" StartOffset="1063"/>
</LocList>
</BasicBoolTerm>
<LocList>
<Loc EndOffset="1063" SrcFileId="3" StartOffset="1062"/>
</LocList>
</OpTerm>
<LocList>
<Loc EndOffset="1061" SrcFileId="3" StartOffset="1059"/>
</LocList>
</OpTerm>
<OpTerm BooleanOpId="4" Intrnl_Id="435">
<BasicBoolTerm Intrnl_Id="436">
<LocList>
<Loc EndOffset="1108" SrcFileId="3" StartOffset="1088"/>
</LocList>
</BasicBoolTerm>
<LocList>
<Loc EndOffset="1088" SrcFileId="3" StartOffset="1087"/>
</LocList>
</OpTerm>
<LocList>
<Loc EndOffset="1086" SrcFileId="3" StartOffset="1084"/>
</LocList>
</OpTerm>
</RootTerm>
</CondStmnt>
</StmntSeq>
<Keyword EndOffset="1008" SrcFileId="3" StartOffset="1005"/>
<LocList>
<Loc EndOffset="1142" SrcFileId="3" StartOffset="1005"/>
</LocList>
</LoopStmnt>
</StmntSeq>
</Branch>
<Branch CovItemId="B6" CovItemPrefix="com.aconex.test.TestAconex.java" Implct="false" Intrnl_Id="437">
<Cond>
<Loc EndOffset="1151" SrcFileId="3" StartOffset="1147"/>
</Cond>
<LocList>
<Loc EndOffset="1174" SrcFileId="3" StartOffset="1151"/>
</LocList>
<StmntSeq Intrnl_Id="438">
<LocList>
<Loc EndOffset="1169" SrcFileId="3" StartOffset="1157"/>
</LocList>
<BasicStmnt CovItemId="S17" CovItemPrefix="com.aconex.test.TestAconex.java" Intrnl_Id="439">
<LocList>
<Loc EndOffset="1169" SrcFileId="3" StartOffset="1157"/>
</LocList>
</BasicStmnt>
</StmntSeq>
</Branch>
<Keyword EndOffset="982" SrcFileId="3" StartOffset="980"/>
<LocList>
<Loc EndOffset="1174" SrcFileId="3" StartOffset="980"/>
</LocList>
<RootTerm CovItemId="C3" CovItemPrefix="com.aconex.test.TestAconex.java" Intrnl_Id="440">
<BasicBoolTerm Intrnl_Id="441">
<LocList>
<Loc EndOffset="998" SrcFileId="3" StartOffset="983"/>
</LocList>
</BasicBoolTerm>
</RootTerm>
</CondStmnt>
<BasicStmnt CovItemId="S18" CovItemPrefix="com.aconex.test.TestAconex.java" Intrnl_Id="442">
<LocList>
<Loc EndOffset="1196" SrcFileId="3" StartOffset="1178"/>
</LocList>
</BasicStmnt>
</StmntSeq>
</HierarchyLvl>
<HierarchyLvl HierarchyLvlId="100" HierarchyLvlTypeId="9" Intrnl_Id="443" Name="testsSingleStringResultWithMultipleDictionaryWord">
<Header>
<Loc EndOffset="1283" SrcFileId="3" StartOffset="1212"/>
</Header>
<LocList>
<Loc EndOffset="1568" SrcFileId="3" StartOffset="1212"/>
</LocList>
<StmntSeq Intrnl_Id="444">
<LocList>
<Loc EndOffset="1363" SrcFileId="3" StartOffset="1288"/>
<Loc EndOffset="1388" SrcFileId="3" StartOffset="1367"/>
<Loc EndOffset="1542" SrcFileId="3" StartOffset="1392"/>
<Loc EndOffset="1564" SrcFileId="3" StartOffset="1546"/>
</LocList>
<BasicStmnt CovItemId="S19" CovItemPrefix="com.aconex.test.TestAconex.java" Intrnl_Id="445">
<LocList>
<Loc EndOffset="1363" SrcFileId="3" StartOffset="1288"/>
</LocList>
</BasicStmnt>
<BasicStmnt CovItemId="S20" CovItemPrefix="com.aconex.test.TestAconex.java" Intrnl_Id="446">
<LocList>
<Loc EndOffset="1388" SrcFileId="3" StartOffset="1367"/>
</LocList>
</BasicStmnt>
<CondStmnt CovItemId="S21" CovItemPrefix="com.aconex.test.TestAconex.java" Intrnl_Id="447">
<Branch CovItemId="B9" CovItemPrefix="com.aconex.test.TestAconex.java" Implct="false" Intrnl_Id="448">
<Cond/>
<LocList>
<Loc EndOffset="1515" SrcFileId="3" StartOffset="1411"/>
</LocList>
<StmntSeq Intrnl_Id="449">
<LocList>
<Loc EndOffset="1510" SrcFileId="3" StartOffset="1417"/>
</LocList>
<LoopStmnt CovItemId="S22" CovItemPrefix="com.aconex.test.TestAconex.java" Intrnl_Id="450" MltplExecId="L3-2" MltplExecPrefix="com.aconex.test.TestAconex.java" NvrExecId="L3-0" NvrExecPrefix="com.aconex.test.TestAconex.java" OnceExecutedId="L3-1" OnceExecutedPrefix="com.aconex.test.TestAconex.java" OptBodyExec="true">
<StmntSeq Intrnl_Id="451">
<LocList>
<Loc EndOffset="1504" SrcFileId="3" StartOffset="1446"/>
</LocList>
<CondStmnt CovItemId="S23" CovItemPrefix="com.aconex.test.TestAconex.java" Intrnl_Id="452">
<Branch CovItemId="B11" CovItemPrefix="com.aconex.test.TestAconex.java" Implct="false" Intrnl_Id="453">
<Cond/>
<LocList>
<Loc EndOffset="1504" SrcFileId="3" StartOffset="1477"/>
</LocList>
<StmntSeq Intrnl_Id="454">
<LocList>
<Loc EndOffset="1497" SrcFileId="3" StartOffset="1485"/>
</LocList>
<BasicStmnt CovItemId="S24" CovItemPrefix="com.aconex.test.TestAconex.java" Intrnl_Id="455">
<LocList>
<Loc EndOffset="1497" SrcFileId="3" StartOffset="1485"/>
</LocList>
</BasicStmnt>
</StmntSeq>
</Branch>
<Branch CovItemId="B12" CovItemPrefix="com.aconex.test.TestAconex.java" Implct="true" Intrnl_Id="456">
<Cond/>
<LocList/>
<StmntSeq Intrnl_Id="457">
<LocList/>
</StmntSeq>
</Branch>
<Keyword EndOffset="1448" SrcFileId="3" StartOffset="1446"/>
<LocList>
<Loc EndOffset="1504" SrcFileId="3" StartOffset="1446"/>
</LocList>
<RootTerm CovItemId="C6" CovItemPrefix="com.aconex.test.TestAconex.java" Intrnl_Id="458">
<OpTerm BooleanOpId="4" Intrnl_Id="459">
<BasicBoolTerm Intrnl_Id="460">
<LocList>
<Loc EndOffset="1476" SrcFileId="3" StartOffset="1450"/>
</LocList>
</BasicBoolTerm>
<LocList>
<Loc EndOffset="1450" SrcFileId="3" StartOffset="1449"/>
</LocList>
</OpTerm>
</RootTerm>
</CondStmnt>
</StmntSeq>
<Keyword EndOffset="1420" SrcFileId="3" StartOffset="1417"/>
<LocList>
<Loc EndOffset="1510" SrcFileId="3" StartOffset="1417"/>
</LocList>
</LoopStmnt>
</StmntSeq>
</Branch>
<Branch CovItemId="B10" CovItemPrefix="com.aconex.test.TestAconex.java" Implct="false" Intrnl_Id="461">
<Cond>
<Loc EndOffset="1519" SrcFileId="3" StartOffset="1515"/>
</Cond>
<LocList>
<Loc EndOffset="1542" SrcFileId="3" StartOffset="1519"/>
</LocList>
<StmntSeq Intrnl_Id="462">
<LocList>
<Loc EndOffset="1537" SrcFileId="3" StartOffset="1525"/>
</LocList>
<BasicStmnt CovItemId="S25" CovItemPrefix="com.aconex.test.TestAconex.java" Intrnl_Id="463">
<LocList>
<Loc EndOffset="1537" SrcFileId="3" StartOffset="1525"/>
</LocList>
</BasicStmnt>
</StmntSeq>
</Branch>
<Keyword EndOffset="1394" SrcFileId="3" StartOffset="1392"/>
<LocList>
<Loc EndOffset="1542" SrcFileId="3" StartOffset="1392"/>
</LocList>
<RootTerm CovItemId="C5" CovItemPrefix="com.aconex.test.TestAconex.java" Intrnl_Id="464">
<BasicBoolTerm Intrnl_Id="465">
<LocList>
<Loc EndOffset="1410" SrcFileId="3" StartOffset="1395"/>
</LocList>
</BasicBoolTerm>
</RootTerm>
</CondStmnt>
<BasicStmnt CovItemId="S26" CovItemPrefix="com.aconex.test.TestAconex.java" Intrnl_Id="466">
<LocList>
<Loc EndOffset="1564" SrcFileId="3" StartOffset="1546"/>
</LocList>
</BasicStmnt>
</StmntSeq>
</HierarchyLvl>
<HierarchyLvl HierarchyLvlId="101" HierarchyLvlTypeId="9" Intrnl_Id="467" Name="testsSingleStringResultWithMultipleDictionaryWordAndSingleNumbersInBetween">
<Header>
<Loc EndOffset="1669" SrcFileId="3" StartOffset="1573"/>
</Header>
<LocList>
<Loc EndOffset="2223" SrcFileId="3" StartOffset="1573"/>
</LocList>
<StmntSeq Intrnl_Id="468">
<LocList>
<Loc EndOffset="1750" SrcFileId="3" StartOffset="1674"/>
<Loc EndOffset="1775" SrcFileId="3" StartOffset="1754"/>
<Loc EndOffset="1930" SrcFileId="3" StartOffset="1779"/>
<Loc EndOffset="2197" SrcFileId="3" StartOffset="1934"/>
<Loc EndOffset="2219" SrcFileId="3" StartOffset="2201"/>
</LocList>
<BasicStmnt CovItemId="S27" CovItemPrefix="com.aconex.test.TestAconex.java" Intrnl_Id="469">
<LocList>
<Loc EndOffset="1750" SrcFileId="3" StartOffset="1674"/>
</LocList>
</BasicStmnt>
<BasicStmnt CovItemId="S28" CovItemPrefix="com.aconex.test.TestAconex.java" Intrnl_Id="470">
<LocList>
<Loc EndOffset="1775" SrcFileId="3" StartOffset="1754"/>
</LocList>
</BasicStmnt>
<CondStmnt CovItemId="S29" CovItemPrefix="com.aconex.test.TestAconex.java" Intrnl_Id="471">
<Branch CovItemId="B13" CovItemPrefix="com.aconex.test.TestAconex.java" Implct="false" Intrnl_Id="472">
<Cond/>
<LocList>
<Loc EndOffset="1903" SrcFileId="3" StartOffset="1798"/>
</LocList>
<StmntSeq Intrnl_Id="473">
<LocList>
<Loc EndOffset="1898" SrcFileId="3" StartOffset="1804"/>
</LocList>
<LoopStmnt CovItemId="S30" CovItemPrefix="com.aconex.test.TestAconex.java" Intrnl_Id="474" MltplExecId="L4-2" MltplExecPrefix="com.aconex.test.TestAconex.java" NvrExecId="L4-0" NvrExecPrefix="com.aconex.test.TestAconex.java" OnceExecutedId="L4-1" OnceExecutedPrefix="com.aconex.test.TestAconex.java" OptBodyExec="true">
<StmntSeq Intrnl_Id="475">
<LocList>
<Loc EndOffset="1892" SrcFileId="3" StartOffset="1833"/>
</LocList>
<CondStmnt CovItemId="S31" CovItemPrefix="com.aconex.test.TestAconex.java" Intrnl_Id="476">
<Branch CovItemId="B15" CovItemPrefix="com.aconex.test.TestAconex.java" Implct="false" Intrnl_Id="477">
<Cond/>
<LocList>
<Loc EndOffset="1892" SrcFileId="3" StartOffset="1865"/>
</LocList>
<StmntSeq Intrnl_Id="478">
<LocList>
<Loc EndOffset="1885" SrcFileId="3" StartOffset="1873"/>
</LocList>
<BasicStmnt CovItemId="S32" CovItemPrefix="com.aconex.test.TestAconex.java" Intrnl_Id="479">
<LocList>
<Loc EndOffset="1885" SrcFileId="3" StartOffset="1873"/>
</LocList>
</BasicStmnt>
</StmntSeq>
</Branch>
<Branch CovItemId="B16" CovItemPrefix="com.aconex.test.TestAconex.java" Implct="true" Intrnl_Id="480">
<Cond/>
<LocList/>
<StmntSeq Intrnl_Id="481">
<LocList/>
</StmntSeq>
</Branch>
<Keyword EndOffset="1835" SrcFileId="3" StartOffset="1833"/>
<LocList>
<Loc EndOffset="1892" SrcFileId="3" StartOffset="1833"/>
</LocList>
<RootTerm CovItemId="C8" CovItemPrefix="com.aconex.test.TestAconex.java" Intrnl_Id="482">
<OpTerm BooleanOpId="4" Intrnl_Id="483">
<BasicBoolTerm Intrnl_Id="484">
<LocList>
<Loc EndOffset="1864" SrcFileId="3" StartOffset="1837"/>
</LocList>
</BasicBoolTerm>
<LocList>
<Loc EndOffset="1837" SrcFileId="3" StartOffset="1836"/>
</LocList>
</OpTerm>
</RootTerm>
</CondStmnt>
</StmntSeq>
<Keyword EndOffset="1807" SrcFileId="3" StartOffset="1804"/>
<LocList>
<Loc EndOffset="1898" SrcFileId="3" StartOffset="1804"/>
</LocList>
</LoopStmnt>
</StmntSeq>
</Branch>
<Branch CovItemId="B14" CovItemPrefix="com.aconex.test.TestAconex.java" Implct="false" Intrnl_Id="485">
<Cond>
<Loc EndOffset="1907" SrcFileId="3" StartOffset="1903"/>
</Cond>
<LocList>
<Loc EndOffset="1930" SrcFileId="3" StartOffset="1907"/>
</LocList>
<StmntSeq Intrnl_Id="486">
<LocList>
<Loc EndOffset="1925" SrcFileId="3" StartOffset="1913"/>
</LocList>
<BasicStmnt CovItemId="S33" CovItemPrefix="com.aconex.test.TestAconex.java" Intrnl_Id="487">
<LocList>
<Loc EndOffset="1925" SrcFileId="3" StartOffset="1913"/>
</LocList>
</BasicStmnt>
</StmntSeq>
</Branch>
<Keyword EndOffset="1781" SrcFileId="3" StartOffset="1779"/>
<LocList>
<Loc EndOffset="1930" SrcFileId="3" StartOffset="1779"/>
</LocList>
<RootTerm CovItemId="C7" CovItemPrefix="com.aconex.test.TestAconex.java" Intrnl_Id="488">
<BasicBoolTerm Intrnl_Id="489">
<LocList>
<Loc EndOffset="1797" SrcFileId="3" StartOffset="1782"/>
</LocList>
</BasicBoolTerm>
</RootTerm>
</CondStmnt>
<CondStmnt CovItemId="S34" CovItemPrefix="com.aconex.test.TestAconex.java" Intrnl_Id="490">
<Branch CovItemId="B17" CovItemPrefix="com.aconex.test.TestAconex.java" Implct="false" Intrnl_Id="491">
<Cond/>
<LocList>
<Loc EndOffset="2197" SrcFileId="3" StartOffset="1943"/>
</LocList>
<StmntSeq Intrnl_Id="492">
<LocList>
<Loc EndOffset="2026" SrcFileId="3" StartOffset="1949"/>
<Loc EndOffset="2192" SrcFileId="3" StartOffset="2031"/>
</LocList>
<BasicStmnt CovItemId="S35" CovItemPrefix="com.aconex.test.TestAconex.java" Intrnl_Id="493">
<LocList>
<Loc EndOffset="2026" SrcFileId="3" StartOffset="1949"/>
</LocList>
</BasicStmnt>
<CondStmnt CovItemId="S36" CovItemPrefix="com.aconex.test.TestAconex.java" Intrnl_Id="494">
<Branch CovItemId="B19" CovItemPrefix="com.aconex.test.TestAconex.java" Implct="false" Intrnl_Id="495">
<Cond/>
<LocList>
<Loc EndOffset="2163" SrcFileId="3" StartOffset="2051"/>
</LocList>
<StmntSeq Intrnl_Id="496">
<LocList>
<Loc EndOffset="2157" SrcFileId="3" StartOffset="2058"/>
</LocList>
<LoopStmnt CovItemId="S37" CovItemPrefix="com.aconex.test.TestAconex.java" Intrnl_Id="497" MltplExecId="L5-2" MltplExecPrefix="com.aconex.test.TestAconex.java" NvrExecId="L5-0" NvrExecPrefix="com.aconex.test.TestAconex.java" OnceExecutedId="L5-1" OnceExecutedPrefix="com.aconex.test.TestAconex.java" OptBodyExec="true">
<StmntSeq Intrnl_Id="498">
<LocList>
<Loc EndOffset="2150" SrcFileId="3" StartOffset="2089"/>
</LocList>
<CondStmnt CovItemId="S38" CovItemPrefix="com.aconex.test.TestAconex.java" Intrnl_Id="499">
<Branch CovItemId="B21" CovItemPrefix="com.aconex.test.TestAconex.java" Implct="false" Intrnl_Id="500">
<Cond/>
<LocList>
<Loc EndOffset="2150" SrcFileId="3" StartOffset="2121"/>
</LocList>
<StmntSeq Intrnl_Id="501">
<LocList>
<Loc EndOffset="2142" SrcFileId="3" StartOffset="2130"/>
</LocList>
<BasicStmnt CovItemId="S39" CovItemPrefix="com.aconex.test.TestAconex.java" Intrnl_Id="502">
<LocList>
<Loc EndOffset="2142" SrcFileId="3" StartOffset="2130"/>
</LocList>
</BasicStmnt>
</StmntSeq>
</Branch>
<Branch CovItemId="B22" CovItemPrefix="com.aconex.test.TestAconex.java" Implct="true" Intrnl_Id="503">
<Cond/>
<LocList/>
<StmntSeq Intrnl_Id="504">
<LocList/>
</StmntSeq>
</Branch>
<Keyword EndOffset="2091" SrcFileId="3" StartOffset="2089"/>
<LocList>
<Loc EndOffset="2150" SrcFileId="3" StartOffset="2089"/>
</LocList>
<RootTerm CovItemId="C11" CovItemPrefix="com.aconex.test.TestAconex.java" Intrnl_Id="505">
<OpTerm BooleanOpId="4" Intrnl_Id="506">
<BasicBoolTerm Intrnl_Id="507">
<LocList>
<Loc EndOffset="2120" SrcFileId="3" StartOffset="2093"/>
</LocList>
</BasicBoolTerm>
<LocList>
<Loc EndOffset="2093" SrcFileId="3" StartOffset="2092"/>
</LocList>
</OpTerm>
</RootTerm>
</CondStmnt>
</StmntSeq>
<Keyword EndOffset="2061" SrcFileId="3" StartOffset="2058"/>
<LocList>
<Loc EndOffset="2157" SrcFileId="3" StartOffset="2058"/>
</LocList>
</LoopStmnt>
</StmntSeq>
</Branch>
<Branch CovItemId="B20" CovItemPrefix="com.aconex.test.TestAconex.java" Implct="false" Intrnl_Id="508">
<Cond>
<Loc EndOffset="2167" SrcFileId="3" StartOffset="2163"/>
</Cond>
<LocList>
<Loc EndOffset="2192" SrcFileId="3" StartOffset="2167"/>
</LocList>
<StmntSeq Intrnl_Id="509">
<LocList>
<Loc EndOffset="2186" SrcFileId="3" StartOffset="2174"/>
</LocList>
<BasicStmnt CovItemId="S40" CovItemPrefix="com.aconex.test.TestAconex.java" Intrnl_Id="510">
<LocList>
<Loc EndOffset="2186" SrcFileId="3" StartOffset="2174"/>
</LocList>
</BasicStmnt>
</StmntSeq>
</Branch>
<Keyword EndOffset="2033" SrcFileId="3" StartOffset="2031"/>
<LocList>
<Loc EndOffset="2192" SrcFileId="3" StartOffset="2031"/>
</LocList>
<RootTerm CovItemId="C10" CovItemPrefix="com.aconex.test.TestAconex.java" Intrnl_Id="511">
<BasicBoolTerm Intrnl_Id="512">
<LocList>
<Loc EndOffset="2050" SrcFileId="3" StartOffset="2034"/>
</LocList>
</BasicBoolTerm>
</RootTerm>
</CondStmnt>
</StmntSeq>
</Branch>
<Branch CovItemId="B18" CovItemPrefix="com.aconex.test.TestAconex.java" Implct="true" Intrnl_Id="513">
<Cond/>
<LocList/>
<StmntSeq Intrnl_Id="514">
<LocList/>
</StmntSeq>
</Branch>
<Keyword EndOffset="1936" SrcFileId="3" StartOffset="1934"/>
<LocList>
<Loc EndOffset="2197" SrcFileId="3" StartOffset="1934"/>
</LocList>
<RootTerm CovItemId="C9" CovItemPrefix="com.aconex.test.TestAconex.java" Intrnl_Id="515">
<OpTerm BooleanOpId="4" Intrnl_Id="516">
<BasicBoolTerm Intrnl_Id="517">
<LocList>
<Loc EndOffset="1942" SrcFileId="3" StartOffset="1938"/>
</LocList>
</BasicBoolTerm>
<LocList>
<Loc EndOffset="1938" SrcFileId="3" StartOffset="1937"/>
</LocList>
</OpTerm>
</RootTerm>
</CondStmnt>
<BasicStmnt CovItemId="S41" CovItemPrefix="com.aconex.test.TestAconex.java" Intrnl_Id="518">
<LocList>
<Loc EndOffset="2219" SrcFileId="3" StartOffset="2201"/>
</LocList>
</BasicStmnt>
</StmntSeq>
</HierarchyLvl>
<HierarchyLvl HierarchyLvlId="102" HierarchyLvlTypeId="9" Intrnl_Id="519" Name="testsSingleStringResultWithMultipleDictionaryWordAndMultipleNumbersInBetween">
<Header>
<Loc EndOffset="2327" SrcFileId="3" StartOffset="2229"/>
</Header>
<LocList>
<Loc EndOffset="2626" SrcFileId="3" StartOffset="2229"/>
</LocList>
<StmntSeq Intrnl_Id="520">
<LocList>
<Loc EndOffset="2414" SrcFileId="3" StartOffset="2332"/>
<Loc EndOffset="2439" SrcFileId="3" StartOffset="2418"/>
<Loc EndOffset="2600" SrcFileId="3" StartOffset="2443"/>
<Loc EndOffset="2622" SrcFileId="3" StartOffset="2604"/>
</LocList>
<BasicStmnt CovItemId="S42" CovItemPrefix="com.aconex.test.TestAconex.java" Intrnl_Id="521">
<LocList>
<Loc EndOffset="2414" SrcFileId="3" StartOffset="2332"/>
</LocList>
</BasicStmnt>
<BasicStmnt CovItemId="S43" CovItemPrefix="com.aconex.test.TestAconex.java" Intrnl_Id="522">
<LocList>
<Loc EndOffset="2439" SrcFileId="3" StartOffset="2418"/>
</LocList>
</BasicStmnt>
<CondStmnt CovItemId="S44" CovItemPrefix="com.aconex.test.TestAconex.java" Intrnl_Id="523">
<Branch CovItemId="B23" CovItemPrefix="com.aconex.test.TestAconex.java" Implct="false" Intrnl_Id="524">
<Cond/>
<LocList>
<Loc EndOffset="2573" SrcFileId="3" StartOffset="2462"/>
</LocList>
<StmntSeq Intrnl_Id="525">
<LocList>
<Loc EndOffset="2568" SrcFileId="3" StartOffset="2468"/>
</LocList>
<LoopStmnt CovItemId="S45" CovItemPrefix="com.aconex.test.TestAconex.java" Intrnl_Id="526" MltplExecId="L6-2" MltplExecPrefix="com.aconex.test.TestAconex.java" NvrExecId="L6-0" NvrExecPrefix="com.aconex.test.TestAconex.java" OnceExecutedId="L6-1" OnceExecutedPrefix="com.aconex.test.TestAconex.java" OptBodyExec="true">
<StmntSeq Intrnl_Id="527">
<LocList>
<Loc EndOffset="2562" SrcFileId="3" StartOffset="2497"/>
</LocList>
<CondStmnt CovItemId="S46" CovItemPrefix="com.aconex.test.TestAconex.java" Intrnl_Id="528">
<Branch CovItemId="B25" CovItemPrefix="com.aconex.test.TestAconex.java" Implct="false" Intrnl_Id="529">
<Cond/>
<LocList>
<Loc EndOffset="2562" SrcFileId="3" StartOffset="2535"/>
</LocList>
<StmntSeq Intrnl_Id="530">
<LocList>
<Loc EndOffset="2555" SrcFileId="3" StartOffset="2543"/>
</LocList>
<BasicStmnt CovItemId="S47" CovItemPrefix="com.aconex.test.TestAconex.java" Intrnl_Id="531">
<LocList>
<Loc EndOffset="2555" SrcFileId="3" StartOffset="2543"/>
</LocList>
</BasicStmnt>
</StmntSeq>
</Branch>
<Branch CovItemId="B26" CovItemPrefix="com.aconex.test.TestAconex.java" Implct="true" Intrnl_Id="532">
<Cond/>
<LocList/>
<StmntSeq Intrnl_Id="533">
<LocList/>
</StmntSeq>
</Branch>
<Keyword EndOffset="2499" SrcFileId="3" StartOffset="2497"/>
<LocList>
<Loc EndOffset="2562" SrcFileId="3" StartOffset="2497"/>
</LocList>
<RootTerm CovItemId="C13" CovItemPrefix="com.aconex.test.TestAconex.java" Intrnl_Id="534">
<OpTerm BooleanOpId="4" Intrnl_Id="535">
<BasicBoolTerm Intrnl_Id="536">
<LocList>
<Loc EndOffset="2534" SrcFileId="3" StartOffset="2501"/>
</LocList>
</BasicBoolTerm>
<LocList>
<Loc EndOffset="2501" SrcFileId="3" StartOffset="2500"/>
</LocList>
</OpTerm>
</RootTerm>
</CondStmnt>
</StmntSeq>
<Keyword EndOffset="2471" SrcFileId="3" StartOffset="2468"/>
<LocList>
<Loc EndOffset="2568" SrcFileId="3" StartOffset="2468"/>
</LocList>
</LoopStmnt>
</StmntSeq>
</Branch>
<Branch CovItemId="B24" CovItemPrefix="com.aconex.test.TestAconex.java" Implct="false" Intrnl_Id="537">
<Cond>
<Loc EndOffset="2577" SrcFileId="3" StartOffset="2573"/>
</Cond>
<LocList>
<Loc EndOffset="2600" SrcFileId="3" StartOffset="2577"/>
</LocList>
<StmntSeq Intrnl_Id="538">
<LocList>
<Loc EndOffset="2595" SrcFileId="3" StartOffset="2583"/>
</LocList>
<BasicStmnt CovItemId="S48" CovItemPrefix="com.aconex.test.TestAconex.java" Intrnl_Id="539">
<LocList>
<Loc EndOffset="2595" SrcFileId="3" StartOffset="2583"/>
</LocList>
</BasicStmnt>
</StmntSeq>
</Branch>
<Keyword EndOffset="2445" SrcFileId="3" StartOffset="2443"/>
<LocList>
<Loc EndOffset="2600" SrcFileId="3" StartOffset="2443"/>
</LocList>
<RootTerm CovItemId="C12" CovItemPrefix="com.aconex.test.TestAconex.java" Intrnl_Id="540">
<BasicBoolTerm Intrnl_Id="541">
<LocList>
<Loc EndOffset="2461" SrcFileId="3" StartOffset="2446"/>
</LocList>
</BasicBoolTerm>
</RootTerm>
</CondStmnt>
<BasicStmnt CovItemId="S49" CovItemPrefix="com.aconex.test.TestAconex.java" Intrnl_Id="542">
<LocList>
<Loc EndOffset="2622" SrcFileId="3" StartOffset="2604"/>
</LocList>
</BasicStmnt>
</StmntSeq>
</HierarchyLvl>
<HierarchyLvl HierarchyLvlId="103" HierarchyLvlTypeId="9" Intrnl_Id="543" Name="testsSingleStringResultWithMultipleDictionaryWordAndSingleNumbersAtLeftEnd">
<Header>
<Loc EndOffset="2731" SrcFileId="3" StartOffset="2635"/>
</Header>
<LocList>
<Loc EndOffset="3016" SrcFileId="3" StartOffset="2635"/>
</LocList>
<StmntSeq Intrnl_Id="544">
<LocList>
<Loc EndOffset="2811" SrcFileId="3" StartOffset="2736"/>
<Loc EndOffset="2836" SrcFileId="3" StartOffset="2815"/>
<Loc EndOffset="2990" SrcFileId="3" StartOffset="2840"/>
<Loc EndOffset="3012" SrcFileId="3" StartOffset="2994"/>
</LocList>
<BasicStmnt CovItemId="S50" CovItemPrefix="com.aconex.test.TestAconex.java" Intrnl_Id="545">
<LocList>
<Loc EndOffset="2811" SrcFileId="3" StartOffset="2736"/>
</LocList>
</BasicStmnt>
<BasicStmnt CovItemId="S51" CovItemPrefix="com.aconex.test.TestAconex.java" Intrnl_Id="546">
<LocList>
<Loc EndOffset="2836" SrcFileId="3" StartOffset="2815"/>
</LocList>
</BasicStmnt>
<CondStmnt CovItemId="S52" CovItemPrefix="com.aconex.test.TestAconex.java" Intrnl_Id="547">
<Branch CovItemId="B27" CovItemPrefix="com.aconex.test.TestAconex.java" Implct="false" Intrnl_Id="548">
<Cond/>
<LocList>
<Loc EndOffset="2963" SrcFileId="3" StartOffset="2859"/>
</LocList>
<StmntSeq Intrnl_Id="549">
<LocList>
<Loc EndOffset="2958" SrcFileId="3" StartOffset="2865"/>
</LocList>
<LoopStmnt CovItemId="S53" CovItemPrefix="com.aconex.test.TestAconex.java" Intrnl_Id="550" MltplExecId="L7-2" MltplExecPrefix="com.aconex.test.TestAconex.java" NvrExecId="L7-0" NvrExecPrefix="com.aconex.test.TestAconex.java" OnceExecutedId="L7-1" OnceExecutedPrefix="com.aconex.test.TestAconex.java" OptBodyExec="true">
<StmntSeq Intrnl_Id="551">
<LocList>
<Loc EndOffset="2952" SrcFileId="3" StartOffset="2894"/>
</LocList>
<CondStmnt CovItemId="S54" CovItemPrefix="com.aconex.test.TestAconex.java" Intrnl_Id="552">
<Branch CovItemId="B29" CovItemPrefix="com.aconex.test.TestAconex.java" Implct="false" Intrnl_Id="553">
<Cond/>
<LocList>
<Loc EndOffset="2952" SrcFileId="3" StartOffset="2925"/>
</LocList>
<StmntSeq Intrnl_Id="554">
<LocList>
<Loc EndOffset="2945" SrcFileId="3" StartOffset="2933"/>
</LocList>
<BasicStmnt CovItemId="S55" CovItemPrefix="com.aconex.test.TestAconex.java" Intrnl_Id="555">
<LocList>
<Loc EndOffset="2945" SrcFileId="3" StartOffset="2933"/>
</LocList>
</BasicStmnt>
</StmntSeq>
</Branch>
<Branch CovItemId="B30" CovItemPrefix="com.aconex.test.TestAconex.java" Implct="true" Intrnl_Id="556">
<Cond/>
<LocList/>
<StmntSeq Intrnl_Id="557">
<LocList/>
</StmntSeq>
</Branch>
<Keyword EndOffset="2896" SrcFileId="3" StartOffset="2894"/>
<LocList>
<Loc EndOffset="2952" SrcFileId="3" StartOffset="2894"/>
</LocList>
<RootTerm CovItemId="C15" CovItemPrefix="com.aconex.test.TestAconex.java" Intrnl_Id="558">
<OpTerm BooleanOpId="4" Intrnl_Id="559">
<BasicBoolTerm Intrnl_Id="560">
<LocList>
<Loc EndOffset="2924" SrcFileId="3" StartOffset="2898"/>
</LocList>
</BasicBoolTerm>
<LocList>
<Loc EndOffset="2898" SrcFileId="3" StartOffset="2897"/>
</LocList>
</OpTerm>
</RootTerm>
</CondStmnt>
</StmntSeq>
<Keyword EndOffset="2868" SrcFileId="3" StartOffset="2865"/>
<LocList>
<Loc EndOffset="2958" SrcFileId="3" StartOffset="2865"/>
</LocList>
</LoopStmnt>
</StmntSeq>
</Branch>
<Branch CovItemId="B28" CovItemPrefix="com.aconex.test.TestAconex.java" Implct="false" Intrnl_Id="561">
<Cond>
<Loc EndOffset="2967" SrcFileId="3" StartOffset="2963"/>
</Cond>
<LocList>
<Loc EndOffset="2990" SrcFileId="3" StartOffset="2967"/>
</LocList>
<StmntSeq Intrnl_Id="562">
<LocList>
<Loc EndOffset="2985" SrcFileId="3" StartOffset="2973"/>
</LocList>
<BasicStmnt CovItemId="S56" CovItemPrefix="com.aconex.test.TestAconex.java" Intrnl_Id="563">
<LocList>
<Loc EndOffset="2985" SrcFileId="3" StartOffset="2973"/>
</LocList>
</BasicStmnt>
</StmntSeq>
</Branch>
<Keyword EndOffset="2842" SrcFileId="3" StartOffset="2840"/>
<LocList>
<Loc EndOffset="2990" SrcFileId="3" StartOffset="2840"/>
</LocList>
<RootTerm CovItemId="C14" CovItemPrefix="com.aconex.test.TestAconex.java" Intrnl_Id="564">
<BasicBoolTerm Intrnl_Id="565">
<LocList>
<Loc EndOffset="2858" SrcFileId="3" StartOffset="2843"/>
</LocList>
</BasicBoolTerm>
</RootTerm>
</CondStmnt>
<BasicStmnt CovItemId="S57" CovItemPrefix="com.aconex.test.TestAconex.java" Intrnl_Id="566">
<LocList>
<Loc EndOffset="3012" SrcFileId="3" StartOffset="2994"/>
</LocList>
</BasicStmnt>
</StmntSeq>
</HierarchyLvl>
<HierarchyLvl HierarchyLvlId="104" HierarchyLvlTypeId="9" Intrnl_Id="567" Name="testsSingleStringResultWithMultipleDictionaryWordAndSingleNumbersAtRightEnd">
<Header>
<Loc EndOffset="3122" SrcFileId="3" StartOffset="3025"/>
</Header>
<LocList>
<Loc EndOffset="3407" SrcFileId="3" StartOffset="3025"/>
</LocList>
<StmntSeq Intrnl_Id="568">
<LocList>
<Loc EndOffset="3202" SrcFileId="3" StartOffset="3127"/>
<Loc EndOffset="3227" SrcFileId="3" StartOffset="3206"/>
<Loc EndOffset="3381" SrcFileId="3" StartOffset="3231"/>
<Loc EndOffset="3403" SrcFileId="3" StartOffset="3385"/>
</LocList>
<BasicStmnt CovItemId="S58" CovItemPrefix="com.aconex.test.TestAconex.java" Intrnl_Id="569">
<LocList>
<Loc EndOffset="3202" SrcFileId="3" StartOffset="3127"/>
</LocList>
</BasicStmnt>
<BasicStmnt CovItemId="S59" CovItemPrefix="com.aconex.test.TestAconex.java" Intrnl_Id="570">
<LocList>
<Loc EndOffset="3227" SrcFileId="3" StartOffset="3206"/>
</LocList>
</BasicStmnt>
<CondStmnt CovItemId="S60" CovItemPrefix="com.aconex.test.TestAconex.java" Intrnl_Id="571">
<Branch CovItemId="B31" CovItemPrefix="com.aconex.test.TestAconex.java" Implct="false" Intrnl_Id="572">
<Cond/>
<LocList>
<Loc EndOffset="3354" SrcFileId="3" StartOffset="3250"/>
</LocList>
<StmntSeq Intrnl_Id="573">
<LocList>
<Loc EndOffset="3349" SrcFileId="3" StartOffset="3256"/>
</LocList>
<LoopStmnt CovItemId="S61" CovItemPrefix="com.aconex.test.TestAconex.java" Intrnl_Id="574" MltplExecId="L8-2" MltplExecPrefix="com.aconex.test.TestAconex.java" NvrExecId="L8-0" NvrExecPrefix="com.aconex.test.TestAconex.java" OnceExecutedId="L8-1" OnceExecutedPrefix="com.aconex.test.TestAconex.java" OptBodyExec="true">
<StmntSeq Intrnl_Id="575">
<LocList>
<Loc EndOffset="3343" SrcFileId="3" StartOffset="3285"/>
</LocList>
<CondStmnt CovItemId="S62" CovItemPrefix="com.aconex.test.TestAconex.java" Intrnl_Id="576">
<Branch CovItemId="B33" CovItemPrefix="com.aconex.test.TestAconex.java" Implct="false" Intrnl_Id="577">
<Cond/>
<LocList>
<Loc EndOffset="3343" SrcFileId="3" StartOffset="3316"/>
</LocList>
<StmntSeq Intrnl_Id="578">
<LocList>
<Loc EndOffset="3336" SrcFileId="3" StartOffset="3324"/>
</LocList>
<BasicStmnt CovItemId="S63" CovItemPrefix="com.aconex.test.TestAconex.java" Intrnl_Id="579">
<LocList>
<Loc EndOffset="3336" SrcFileId="3" StartOffset="3324"/>
</LocList>
</BasicStmnt>
</StmntSeq>
</Branch>
<Branch CovItemId="B34" CovItemPrefix="com.aconex.test.TestAconex.java" Implct="true" Intrnl_Id="580">
<Cond/>
<LocList/>
<StmntSeq Intrnl_Id="581">
<LocList/>
</StmntSeq>
</Branch>
<Keyword EndOffset="3287" SrcFileId="3" StartOffset="3285"/>
<LocList>
<Loc EndOffset="3343" SrcFileId="3" StartOffset="3285"/>
</LocList>
<RootTerm CovItemId="C17" CovItemPrefix="com.aconex.test.TestAconex.java" Intrnl_Id="582">
<OpTerm BooleanOpId="4" Intrnl_Id="583">
<BasicBoolTerm Intrnl_Id="584">
<LocList>
<Loc EndOffset="3315" SrcFileId="3" StartOffset="3289"/>
</LocList>
</BasicBoolTerm>
<LocList>
<Loc EndOffset="3289" SrcFileId="3" StartOffset="3288"/>
</LocList>
</OpTerm>
</RootTerm>
</CondStmnt>
</StmntSeq>
<Keyword EndOffset="3259" SrcFileId="3" StartOffset="3256"/>
<LocList>
<Loc EndOffset="3349" SrcFileId="3" StartOffset="3256"/>
</LocList>
</LoopStmnt>
</StmntSeq>
</Branch>
<Branch CovItemId="B32" CovItemPrefix="com.aconex.test.TestAconex.java" Implct="false" Intrnl_Id="585">
<Cond>
<Loc EndOffset="3358" SrcFileId="3" StartOffset="3354"/>
</Cond>
<LocList>
<Loc EndOffset="3381" SrcFileId="3" StartOffset="3358"/>
</LocList>
<StmntSeq Intrnl_Id="586">
<LocList>
<Loc EndOffset="3376" SrcFileId="3" StartOffset="3364"/>
</LocList>
<BasicStmnt CovItemId="S64" CovItemPrefix="com.aconex.test.TestAconex.java" Intrnl_Id="587">
<LocList>
<Loc EndOffset="3376" SrcFileId="3" StartOffset="3364"/>
</LocList>
</BasicStmnt>
</StmntSeq>
</Branch>
<Keyword EndOffset="3233" SrcFileId="3" StartOffset="3231"/>
<LocList>
<Loc EndOffset="3381" SrcFileId="3" StartOffset="3231"/>
</LocList>
<RootTerm CovItemId="C16" CovItemPrefix="com.aconex.test.TestAconex.java" Intrnl_Id="588">
<BasicBoolTerm Intrnl_Id="589">
<LocList>
<Loc EndOffset="3249" SrcFileId="3" StartOffset="3234"/>
</LocList>
</BasicBoolTerm>
</RootTerm>
</CondStmnt>
<BasicStmnt CovItemId="S65" CovItemPrefix="com.aconex.test.TestAconex.java" Intrnl_Id="590">
<LocList>
<Loc EndOffset="3403" SrcFileId="3" StartOffset="3385"/>
</LocList>
</BasicStmnt>
</StmntSeq>
</HierarchyLvl>
<HierarchyLvl HierarchyLvlId="105" HierarchyLvlTypeId="9" Intrnl_Id="591" Name="testsSingleStringResultWithMultipleDictionaryWordAndNumbersAtBothEnds">
<Header>
<Loc EndOffset="3504" SrcFileId="3" StartOffset="3413"/>
</Header>
<LocList>
<Loc EndOffset="3791" SrcFileId="3" StartOffset="3413"/>
</LocList>
<StmntSeq Intrnl_Id="592">
<LocList>
<Loc EndOffset="3585" SrcFileId="3" StartOffset="3509"/>
<Loc EndOffset="3610" SrcFileId="3" StartOffset="3589"/>
<Loc EndOffset="3765" SrcFileId="3" StartOffset="3614"/>
<Loc EndOffset="3787" SrcFileId="3" StartOffset="3769"/>
</LocList>
<BasicStmnt CovItemId="S66" CovItemPrefix="com.aconex.test.TestAconex.java" Intrnl_Id="593">
<LocList>
<Loc EndOffset="3585" SrcFileId="3" StartOffset="3509"/>
</LocList>
</BasicStmnt>
<BasicStmnt CovItemId="S67" CovItemPrefix="com.aconex.test.TestAconex.java" Intrnl_Id="594">
<LocList>
<Loc EndOffset="3610" SrcFileId="3" StartOffset="3589"/>
</LocList>
</BasicStmnt>
<CondStmnt CovItemId="S68" CovItemPrefix="com.aconex.test.TestAconex.java" Intrnl_Id="595">
<Branch CovItemId="B35" CovItemPrefix="com.aconex.test.TestAconex.java" Implct="false" Intrnl_Id="596">
<Cond/>
<LocList>
<Loc EndOffset="3738" SrcFileId="3" StartOffset="3633"/>
</LocList>
<StmntSeq Intrnl_Id="597">
<LocList>
<Loc EndOffset="3733" SrcFileId="3" StartOffset="3639"/>
</LocList>
<LoopStmnt CovItemId="S69" CovItemPrefix="com.aconex.test.TestAconex.java" Intrnl_Id="598" MltplExecId="L9-2" MltplExecPrefix="com.aconex.test.TestAconex.java" NvrExecId="L9-0" NvrExecPrefix="com.aconex.test.TestAconex.java" OnceExecutedId="L9-1" OnceExecutedPrefix="com.aconex.test.TestAconex.java" OptBodyExec="true">
<StmntSeq Intrnl_Id="599">
<LocList>
<Loc EndOffset="3727" SrcFileId="3" StartOffset="3668"/>
</LocList>
<CondStmnt CovItemId="S70" CovItemPrefix="com.aconex.test.TestAconex.java" Intrnl_Id="600">
<Branch CovItemId="B37" CovItemPrefix="com.aconex.test.TestAconex.java" Implct="false" Intrnl_Id="601">
<Cond/>
<LocList>
<Loc EndOffset="3727" SrcFileId="3" StartOffset="3700"/>
</LocList>
<StmntSeq Intrnl_Id="602">
<LocList>
<Loc EndOffset="3720" SrcFileId="3" StartOffset="3708"/>
</LocList>
<BasicStmnt CovItemId="S71" CovItemPrefix="com.aconex.test.TestAconex.java" Intrnl_Id="603">
<LocList>
<Loc EndOffset="3720" SrcFileId="3" StartOffset="3708"/>
</LocList>
</BasicStmnt>
</StmntSeq>
</Branch>
<Branch CovItemId="B38" CovItemPrefix="com.aconex.test.TestAconex.java" Implct="true" Intrnl_Id="604">
<Cond/>
<LocList/>
<StmntSeq Intrnl_Id="605">
<LocList/>
</StmntSeq>
</Branch>
<Keyword EndOffset="3670" SrcFileId="3" StartOffset="3668"/>
<LocList>
<Loc EndOffset="3727" SrcFileId="3" StartOffset="3668"/>
</LocList>
<RootTerm CovItemId="C19" CovItemPrefix="com.aconex.test.TestAconex.java" Intrnl_Id="606">
<OpTerm BooleanOpId="4" Intrnl_Id="607">
<BasicBoolTerm Intrnl_Id="608">
<LocList>
<Loc EndOffset="3699" SrcFileId="3" StartOffset="3672"/>
</LocList>
</BasicBoolTerm>
<LocList>
<Loc EndOffset="3672" SrcFileId="3" StartOffset="3671"/>
</LocList>
</OpTerm>
</RootTerm>
</CondStmnt>
</StmntSeq>
<Keyword EndOffset="3642" SrcFileId="3" StartOffset="3639"/>
<LocList>
<Loc EndOffset="3733" SrcFileId="3" StartOffset="3639"/>
</LocList>
</LoopStmnt>
</StmntSeq>
</Branch>
<Branch CovItemId="B36" CovItemPrefix="com.aconex.test.TestAconex.java" Implct="false" Intrnl_Id="609">
<Cond>
<Loc EndOffset="3742" SrcFileId="3" StartOffset="3738"/>
</Cond>
<LocList>
<Loc EndOffset="3765" SrcFileId="3" StartOffset="3742"/>
</LocList>
<StmntSeq Intrnl_Id="610">
<LocList>
<Loc EndOffset="3760" SrcFileId="3" StartOffset="3748"/>
</LocList>
<BasicStmnt CovItemId="S72" CovItemPrefix="com.aconex.test.TestAconex.java" Intrnl_Id="611">
<LocList>
<Loc EndOffset="3760" SrcFileId="3" StartOffset="3748"/>
</LocList>
</BasicStmnt>
</StmntSeq>
</Branch>
<Keyword EndOffset="3616" SrcFileId="3" StartOffset="3614"/>
<LocList>
<Loc EndOffset="3765" SrcFileId="3" StartOffset="3614"/>
</LocList>
<RootTerm CovItemId="C18" CovItemPrefix="com.aconex.test.TestAconex.java" Intrnl_Id="612">
<BasicBoolTerm Intrnl_Id="613">
<LocList>
<Loc EndOffset="3632" SrcFileId="3" StartOffset="3617"/>
</LocList>
</BasicBoolTerm>
</RootTerm>
</CondStmnt>
<BasicStmnt CovItemId="S73" CovItemPrefix="com.aconex.test.TestAconex.java" Intrnl_Id="614">
<LocList>
<Loc EndOffset="3787" SrcFileId="3" StartOffset="3769"/>
</LocList>
</BasicStmnt>
</StmntSeq>
</HierarchyLvl>
<HierarchyLvl HierarchyLvlId="106" HierarchyLvlTypeId="9" Intrnl_Id="615" Name="testsSingleStringResultWithMultipleDictionaryWordAndNumbersAtEndsAndInBetween">
<Header>
<Loc EndOffset="3896" SrcFileId="3" StartOffset="3797"/>
</Header>
<LocList>
<Loc EndOffset="4197" SrcFileId="3" StartOffset="3797"/>
</LocList>
<StmntSeq Intrnl_Id="616">
<LocList>
<Loc EndOffset="3984" SrcFileId="3" StartOffset="3901"/>
<Loc EndOffset="4009" SrcFileId="3" StartOffset="3988"/>
<Loc EndOffset="4171" SrcFileId="3" StartOffset="4013"/>
<Loc EndOffset="4193" SrcFileId="3" StartOffset="4175"/>
</LocList>
<BasicStmnt CovItemId="S74" CovItemPrefix="com.aconex.test.TestAconex.java" Intrnl_Id="617">
<LocList>
<Loc EndOffset="3984" SrcFileId="3" StartOffset="3901"/>
</LocList>
</BasicStmnt>
<BasicStmnt CovItemId="S75" CovItemPrefix="com.aconex.test.TestAconex.java" Intrnl_Id="618">
<LocList>
<Loc EndOffset="4009" SrcFileId="3" StartOffset="3988"/>
</LocList>
</BasicStmnt>
<CondStmnt CovItemId="S76" CovItemPrefix="com.aconex.test.TestAconex.java" Intrnl_Id="619">
<Branch CovItemId="B39" CovItemPrefix="com.aconex.test.TestAconex.java" Implct="false" Intrnl_Id="620">
<Cond/>
<LocList>
<Loc EndOffset="4144" SrcFileId="3" StartOffset="4032"/>
</LocList>
<StmntSeq Intrnl_Id="621">
<LocList>
<Loc EndOffset="4139" SrcFileId="3" StartOffset="4038"/>
</LocList>
<LoopStmnt CovItemId="S77" CovItemPrefix="com.aconex.test.TestAconex.java" Intrnl_Id="622" MltplExecId="L10-2" MltplExecPrefix="com.aconex.test.TestAconex.java" NvrExecId="L10-0" NvrExecPrefix="com.aconex.test.TestAconex.java" OnceExecutedId="L10-1" OnceExecutedPrefix="com.aconex.test.TestAconex.java" OptBodyExec="true">
<StmntSeq Intrnl_Id="623">
<LocList>
<Loc EndOffset="4133" SrcFileId="3" StartOffset="4067"/>
</LocList>
<CondStmnt CovItemId="S78" CovItemPrefix="com.aconex.test.TestAconex.java" Intrnl_Id="624">
<Branch CovItemId="B41" CovItemPrefix="com.aconex.test.TestAconex.java" Implct="false" Intrnl_Id="625">
<Cond/>
<LocList>
<Loc EndOffset="4133" SrcFileId="3" StartOffset="4106"/>
</LocList>
<StmntSeq Intrnl_Id="626">
<LocList>
<Loc EndOffset="4126" SrcFileId="3" StartOffset="4114"/>
</LocList>
<BasicStmnt CovItemId="S79" CovItemPrefix="com.aconex.test.TestAconex.java" Intrnl_Id="627">
<LocList>
<Loc EndOffset="4126" SrcFileId="3" StartOffset="4114"/>
</LocList>
</BasicStmnt>
</StmntSeq>
</Branch>
<Branch CovItemId="B42" CovItemPrefix="com.aconex.test.TestAconex.java" Implct="true" Intrnl_Id="628">
<Cond/>
<LocList/>
<StmntSeq Intrnl_Id="629">
<LocList/>
</StmntSeq>
</Branch>
<Keyword EndOffset="4069" SrcFileId="3" StartOffset="4067"/>
<LocList>
<Loc EndOffset="4133" SrcFileId="3" StartOffset="4067"/>
</LocList>
<RootTerm CovItemId="C21" CovItemPrefix="com.aconex.test.TestAconex.java" Intrnl_Id="630">
<OpTerm BooleanOpId="4" Intrnl_Id="631">
<BasicBoolTerm Intrnl_Id="632">
<LocList>
<Loc EndOffset="4105" SrcFileId="3" StartOffset="4071"/>
</LocList>
</BasicBoolTerm>
<LocList>
<Loc EndOffset="4071" SrcFileId="3" StartOffset="4070"/>
</LocList>
</OpTerm>
</RootTerm>
</CondStmnt>
</StmntSeq>
<Keyword EndOffset="4041" SrcFileId="3" StartOffset="4038"/>
<LocList>
<Loc EndOffset="4139" SrcFileId="3" StartOffset="4038"/>
</LocList>
</LoopStmnt>
</StmntSeq>
</Branch>
<Branch CovItemId="B40" CovItemPrefix="com.aconex.test.TestAconex.java" Implct="false" Intrnl_Id="633">
<Cond>
<Loc EndOffset="4148" SrcFileId="3" StartOffset="4144"/>
</Cond>
<LocList>
<Loc EndOffset="4171" SrcFileId="3" StartOffset="4148"/>
</LocList>
<StmntSeq Intrnl_Id="634">
<LocList>
<Loc EndOffset="4166" SrcFileId="3" StartOffset="4154"/>
</LocList>
<BasicStmnt CovItemId="S80" CovItemPrefix="com.aconex.test.TestAconex.java" Intrnl_Id="635">
<LocList>
<Loc EndOffset="4166" SrcFileId="3" StartOffset="4154"/>
</LocList>
</BasicStmnt>
</StmntSeq>
</Branch>
<Keyword EndOffset="4015" SrcFileId="3" StartOffset="4013"/>
<LocList>
<Loc EndOffset="4171" SrcFileId="3" StartOffset="4013"/>
</LocList>
<RootTerm CovItemId="C20" CovItemPrefix="com.aconex.test.TestAconex.java" Intrnl_Id="636">
<BasicBoolTerm Intrnl_Id="637">
<LocList>
<Loc EndOffset="4031" SrcFileId="3" StartOffset="4016"/>
</LocList>
</BasicBoolTerm>
</RootTerm>
</CondStmnt>
<BasicStmnt CovItemId="S81" CovItemPrefix="com.aconex.test.TestAconex.java" Intrnl_Id="638">
<LocList>
<Loc EndOffset="4193" SrcFileId="3" StartOffset="4175"/>
</LocList>
</BasicStmnt>
</StmntSeq>
</HierarchyLvl>
<HierarchyLvl HierarchyLvlId="107" HierarchyLvlTypeId="9" Intrnl_Id="639" Name="testsResultWithMultipleDictionaryWordAndNumbersConsecutiveInResult">
<Header>
<Loc EndOffset="4294" SrcFileId="3" StartOffset="4206"/>
</Header>
<LocList>
<Loc EndOffset="4831" SrcFileId="3" StartOffset="4206"/>
</LocList>
<StmntSeq Intrnl_Id="640">
<LocList>
<Loc EndOffset="4383" SrcFileId="3" StartOffset="4299"/>
<Loc EndOffset="4407" SrcFileId="3" StartOffset="4387"/>
<Loc EndOffset="4547" SrcFileId="3" StartOffset="4415"/>
<Loc EndOffset="4804" SrcFileId="3" StartOffset="4555"/>
<Loc EndOffset="4827" SrcFileId="3" StartOffset="4808"/>
</LocList>
<BasicStmnt CovItemId="S82" CovItemPrefix="com.aconex.test.TestAconex.java" Intrnl_Id="641">
<LocList>
<Loc EndOffset="4383" SrcFileId="3" StartOffset="4299"/>
</LocList>
</BasicStmnt>
<BasicStmnt CovItemId="S83" CovItemPrefix="com.aconex.test.TestAconex.java" Intrnl_Id="642">
<LocList>
<Loc EndOffset="4407" SrcFileId="3" StartOffset="4387"/>
</LocList>
</BasicStmnt>
<CondStmnt CovItemId="S84" CovItemPrefix="com.aconex.test.TestAconex.java" Intrnl_Id="643">
<Branch CovItemId="B43" CovItemPrefix="com.aconex.test.TestAconex.java" Implct="false" Intrnl_Id="644">
<Cond/>
<LocList>
<Loc EndOffset="4547" SrcFileId="3" StartOffset="4434"/>
</LocList>
<StmntSeq Intrnl_Id="645">
<LocList>
<Loc EndOffset="4542" SrcFileId="3" StartOffset="4440"/>
</LocList>
<LoopStmnt CovItemId="S85" CovItemPrefix="com.aconex.test.TestAconex.java" Intrnl_Id="646" MltplExecId="L11-2" MltplExecPrefix="com.aconex.test.TestAconex.java" NvrExecId="L11-0" NvrExecPrefix="com.aconex.test.TestAconex.java" OnceExecutedId="L11-1" OnceExecutedPrefix="com.aconex.test.TestAconex.java" OptBodyExec="true">
<StmntSeq Intrnl_Id="647">
<LocList>
<Loc EndOffset="4536" SrcFileId="3" StartOffset="4469"/>
</LocList>
<CondStmnt CovItemId="S86" CovItemPrefix="com.aconex.test.TestAconex.java" Intrnl_Id="648">
<Branch CovItemId="B45" CovItemPrefix="com.aconex.test.TestAconex.java" Implct="false" Intrnl_Id="649">
<Cond/>
<LocList>
<Loc EndOffset="4536" SrcFileId="3" StartOffset="4508"/>
</LocList>
<StmntSeq Intrnl_Id="650">
<LocList>
<Loc EndOffset="4529" SrcFileId="3" StartOffset="4516"/>
</LocList>
<BasicStmnt CovItemId="S87" CovItemPrefix="com.aconex.test.TestAconex.java" Intrnl_Id="651">
<LocList>
<Loc EndOffset="4529" SrcFileId="3" StartOffset="4516"/>
</LocList>
</BasicStmnt>
</StmntSeq>
</Branch>
<Branch CovItemId="B46" CovItemPrefix="com.aconex.test.TestAconex.java" Implct="true" Intrnl_Id="652">
<Cond/>
<LocList/>
<StmntSeq Intrnl_Id="653">
<LocList/>
</StmntSeq>
</Branch>
<Keyword EndOffset="4471" SrcFileId="3" StartOffset="4469"/>
<LocList>
<Loc EndOffset="4536" SrcFileId="3" StartOffset="4469"/>
</LocList>
<RootTerm CovItemId="C23" CovItemPrefix="com.aconex.test.TestAconex.java" Intrnl_Id="654">
<BasicBoolTerm Intrnl_Id="655">
<LocList>
<Loc EndOffset="4507" SrcFileId="3" StartOffset="4472"/>
</LocList>
</BasicBoolTerm>
</RootTerm>
</CondStmnt>
</StmntSeq>
<Keyword EndOffset="4443" SrcFileId="3" StartOffset="4440"/>
<LocList>
<Loc EndOffset="4542" SrcFileId="3" StartOffset="4440"/>
</LocList>
</LoopStmnt>
</StmntSeq>
</Branch>
<Branch CovItemId="B44" CovItemPrefix="com.aconex.test.TestAconex.java" Implct="true" Intrnl_Id="656">
<Cond/>
<LocList/>
<StmntSeq Intrnl_Id="657">
<LocList/>
</StmntSeq>
</Branch>
<Keyword EndOffset="4417" SrcFileId="3" StartOffset="4415"/>
<LocList>
<Loc EndOffset="4547" SrcFileId="3" StartOffset="4415"/>
</LocList>
<RootTerm CovItemId="C22" CovItemPrefix="com.aconex.test.TestAconex.java" Intrnl_Id="658">
<BasicBoolTerm Intrnl_Id="659">
<LocList>
<Loc EndOffset="4433" SrcFileId="3" StartOffset="4418"/>
</LocList>
</BasicBoolTerm>
</RootTerm>
</CondStmnt>
<CondStmnt CovItemId="S88" CovItemPrefix="com.aconex.test.TestAconex.java" Intrnl_Id="660">
<Branch CovItemId="B47" CovItemPrefix="com.aconex.test.TestAconex.java" Implct="false" Intrnl_Id="661">
<Cond/>
<LocList>
<Loc EndOffset="4804" SrcFileId="3" StartOffset="4563"/>
</LocList>
<StmntSeq Intrnl_Id="662">
<LocList>
<Loc EndOffset="4655" SrcFileId="3" StartOffset="4569"/>
<Loc EndOffset="4799" SrcFileId="3" StartOffset="4660"/>
</LocList>
<BasicStmnt CovItemId="S89" CovItemPrefix="com.aconex.test.TestAconex.java" Intrnl_Id="663">
<LocList>
<Loc EndOffset="4655" SrcFileId="3" StartOffset="4569"/>
</LocList>
</BasicStmnt>
<CondStmnt CovItemId="S90" CovItemPrefix="com.aconex.test.TestAconex.java" Intrnl_Id="664">
<Branch CovItemId="B49" CovItemPrefix="com.aconex.test.TestAconex.java" Implct="false" Intrnl_Id="665">
<Cond/>
<LocList>
<Loc EndOffset="4799" SrcFileId="3" StartOffset="4680"/>
</LocList>
<StmntSeq Intrnl_Id="666">
<LocList>
<Loc EndOffset="4793" SrcFileId="3" StartOffset="4687"/>
</LocList>
<LoopStmnt CovItemId="S91" CovItemPrefix="com.aconex.test.TestAconex.java" Intrnl_Id="667" MltplExecId="L12-2" MltplExecPrefix="com.aconex.test.TestAconex.java" NvrExecId="L12-0" NvrExecPrefix="com.aconex.test.TestAconex.java" OnceExecutedId="L12-1" OnceExecutedPrefix="com.aconex.test.TestAconex.java" OptBodyExec="true">
<StmntSeq Intrnl_Id="668">
<LocList>
<Loc EndOffset="4786" SrcFileId="3" StartOffset="4717"/>
</LocList>
<CondStmnt CovItemId="S92" CovItemPrefix="com.aconex.test.TestAconex.java" Intrnl_Id="669">
<Branch CovItemId="B51" CovItemPrefix="com.aconex.test.TestAconex.java" Implct="false" Intrnl_Id="670">
<Cond/>
<LocList>
<Loc EndOffset="4786" SrcFileId="3" StartOffset="4756"/>
</LocList>
<StmntSeq Intrnl_Id="671">
<LocList>
<Loc EndOffset="4778" SrcFileId="3" StartOffset="4765"/>
</LocList>
<BasicStmnt CovItemId="S93" CovItemPrefix="com.aconex.test.TestAconex.java" Intrnl_Id="672">
<LocList>
<Loc EndOffset="4778" SrcFileId="3" StartOffset="4765"/>
</LocList>
</BasicStmnt>
</StmntSeq>
</Branch>
<Branch CovItemId="B52" CovItemPrefix="com.aconex.test.TestAconex.java" Implct="true" Intrnl_Id="673">
<Cond/>
<LocList/>
<StmntSeq Intrnl_Id="674">
<LocList/>
</StmntSeq>
</Branch>
<Keyword EndOffset="4719" SrcFileId="3" StartOffset="4717"/>
<LocList>
<Loc EndOffset="4786" SrcFileId="3" StartOffset="4717"/>
</LocList>
<RootTerm CovItemId="C26" CovItemPrefix="com.aconex.test.TestAconex.java" Intrnl_Id="675">
<BasicBoolTerm Intrnl_Id="676">
<LocList>
<Loc EndOffset="4755" SrcFileId="3" StartOffset="4720"/>
</LocList>
</BasicBoolTerm>
</RootTerm>
</CondStmnt>
</StmntSeq>
<Keyword EndOffset="4690" SrcFileId="3" StartOffset="4687"/>
<LocList>
<Loc EndOffset="4793" SrcFileId="3" StartOffset="4687"/>
</LocList>
</LoopStmnt>
</StmntSeq>
</Branch>
<Branch CovItemId="B50" CovItemPrefix="com.aconex.test.TestAconex.java" Implct="true" Intrnl_Id="677">
<Cond/>
<LocList/>
<StmntSeq Intrnl_Id="678">
<LocList/>
</StmntSeq>
</Branch>
<Keyword EndOffset="4662" SrcFileId="3" StartOffset="4660"/>
<LocList>
<Loc EndOffset="4799" SrcFileId="3" StartOffset="4660"/>
</LocList>
<RootTerm CovItemId="C25" CovItemPrefix="com.aconex.test.TestAconex.java" Intrnl_Id="679">
<BasicBoolTerm Intrnl_Id="680">
<LocList>
<Loc EndOffset="4679" SrcFileId="3" StartOffset="4663"/>
</LocList>
</BasicBoolTerm>
</RootTerm>
</CondStmnt>
</StmntSeq>
</Branch>
<Branch CovItemId="B48" CovItemPrefix="com.aconex.test.TestAconex.java" Implct="true" Intrnl_Id="681">
<Cond/>
<LocList/>
<StmntSeq Intrnl_Id="682">
<LocList/>
</StmntSeq>
</Branch>
<Keyword EndOffset="4557" SrcFileId="3" StartOffset="4555"/>
<LocList>
<Loc EndOffset="4804" SrcFileId="3" StartOffset="4555"/>
</LocList>
<RootTerm CovItemId="C24" CovItemPrefix="com.aconex.test.TestAconex.java" Intrnl_Id="683">
<BasicBoolTerm Intrnl_Id="684">
<LocList>
<Loc EndOffset="4562" SrcFileId="3" StartOffset="4558"/>
</LocList>
</BasicBoolTerm>
</RootTerm>
</CondStmnt>
<BasicStmnt CovItemId="S94" CovItemPrefix="com.aconex.test.TestAconex.java" Intrnl_Id="685">
<LocList>
<Loc EndOffset="4827" SrcFileId="3" StartOffset="4808"/>
</LocList>
</BasicStmnt>
</StmntSeq>
</HierarchyLvl>
<HierarchyLvl HierarchyLvlId="108" HierarchyLvlTypeId="9" Intrnl_Id="686" Name="testPhoneNumberForAmbiguity">
<Header>
<Loc EndOffset="4950" SrcFileId="3" StartOffset="4901"/>
</Header>
<LocList>
<Loc EndOffset="5251" SrcFileId="3" StartOffset="4901"/>
</LocList>
<StmntSeq Intrnl_Id="687">
<LocList>
<Loc EndOffset="5025" SrcFileId="3" StartOffset="4955"/>
<Loc EndOffset="5050" SrcFileId="3" StartOffset="5029"/>
<Loc EndOffset="5225" SrcFileId="3" StartOffset="5054"/>
<Loc EndOffset="5247" SrcFileId="3" StartOffset="5229"/>
</LocList>
<BasicStmnt CovItemId="S95" CovItemPrefix="com.aconex.test.TestAconex.java" Intrnl_Id="688">
<LocList>
<Loc EndOffset="5025" SrcFileId="3" StartOffset="4955"/>
</LocList>
</BasicStmnt>
<BasicStmnt CovItemId="S96" CovItemPrefix="com.aconex.test.TestAconex.java" Intrnl_Id="689">
<LocList>
<Loc EndOffset="5050" SrcFileId="3" StartOffset="5029"/>
</LocList>
</BasicStmnt>
<CondStmnt CovItemId="S97" CovItemPrefix="com.aconex.test.TestAconex.java" Intrnl_Id="690">
<Branch CovItemId="B53" CovItemPrefix="com.aconex.test.TestAconex.java" Implct="false" Intrnl_Id="691">
<Cond/>
<LocList>
<Loc EndOffset="5198" SrcFileId="3" StartOffset="5073"/>
</LocList>
<StmntSeq Intrnl_Id="692">
<LocList>
<Loc EndOffset="5193" SrcFileId="3" StartOffset="5079"/>
</LocList>
<LoopStmnt CovItemId="S98" CovItemPrefix="com.aconex.test.TestAconex.java" Intrnl_Id="693" MltplExecId="L13-2" MltplExecPrefix="com.aconex.test.TestAconex.java" NvrExecId="L13-0" NvrExecPrefix="com.aconex.test.TestAconex.java" OnceExecutedId="L13-1" OnceExecutedPrefix="com.aconex.test.TestAconex.java" OptBodyExec="true">
<StmntSeq Intrnl_Id="694">
<LocList>
<Loc EndOffset="5187" SrcFileId="3" StartOffset="5108"/>
</LocList>
<CondStmnt CovItemId="S99" CovItemPrefix="com.aconex.test.TestAconex.java" Intrnl_Id="695">
<Branch CovItemId="B55" CovItemPrefix="com.aconex.test.TestAconex.java" Implct="false" Intrnl_Id="696">
<Cond/>
<LocList>
<Loc EndOffset="5187" SrcFileId="3" StartOffset="5160"/>
</LocList>
<StmntSeq Intrnl_Id="697">
<LocList>
<Loc EndOffset="5180" SrcFileId="3" StartOffset="5168"/>
</LocList>
<BasicStmnt CovItemId="S100" CovItemPrefix="com.aconex.test.TestAconex.java" Intrnl_Id="698">
<LocList>
<Loc EndOffset="5180" SrcFileId="3" StartOffset="5168"/>
</LocList>
</BasicStmnt>
</StmntSeq>
</Branch>
<Branch CovItemId="B56" CovItemPrefix="com.aconex.test.TestAconex.java" Implct="true" Intrnl_Id="699">
<Cond/>
<LocList/>
<StmntSeq Intrnl_Id="700">
<LocList/>
</StmntSeq>
</Branch>
<Keyword EndOffset="5110" SrcFileId="3" StartOffset="5108"/>
<LocList>
<Loc EndOffset="5187" SrcFileId="3" StartOffset="5108"/>
</LocList>
<RootTerm CovItemId="C28" CovItemPrefix="com.aconex.test.TestAconex.java" Intrnl_Id="701">
<OpTerm BooleanOpId="5" Intrnl_Id="702">
<OpTerm BooleanOpId="4" Intrnl_Id="703">
<BasicBoolTerm Intrnl_Id="704">
<LocList>
<Loc EndOffset="5133" SrcFileId="3" StartOffset="5112"/>
</LocList>
</BasicBoolTerm>
<LocList>
<Loc EndOffset="5112" SrcFileId="3" StartOffset="5111"/>
</LocList>
</OpTerm>
<OpTerm BooleanOpId="4" Intrnl_Id="705">
<BasicBoolTerm Intrnl_Id="706">
<LocList>
<Loc EndOffset="5159" SrcFileId="3" StartOffset="5138"/>
</LocList>
</BasicBoolTerm>
<LocList>
<Loc EndOffset="5138" SrcFileId="3" StartOffset="5137"/>
</LocList>
</OpTerm>
<LocList>
<Loc EndOffset="5136" SrcFileId="3" StartOffset="5134"/>
</LocList>
</OpTerm>
</RootTerm>
</CondStmnt>
</StmntSeq>
<Keyword EndOffset="5082" SrcFileId="3" StartOffset="5079"/>
<LocList>
<Loc EndOffset="5193" SrcFileId="3" StartOffset="5079"/>
</LocList>
</LoopStmnt>
</StmntSeq>
</Branch>
<Branch CovItemId="B54" CovItemPrefix="com.aconex.test.TestAconex.java" Implct="false" Intrnl_Id="707">
<Cond>
<Loc EndOffset="5202" SrcFileId="3" StartOffset="5198"/>
</Cond>
<LocList>
<Loc EndOffset="5225" SrcFileId="3" StartOffset="5202"/>
</LocList>
<StmntSeq Intrnl_Id="708">
<LocList>
<Loc EndOffset="5220" SrcFileId="3" StartOffset="5208"/>
</LocList>
<BasicStmnt CovItemId="S101" CovItemPrefix="com.aconex.test.TestAconex.java" Intrnl_Id="709">
<LocList>
<Loc EndOffset="5220" SrcFileId="3" StartOffset="5208"/>
</LocList>
</BasicStmnt>
</StmntSeq>
</Branch>
<Keyword EndOffset="5056" SrcFileId="3" StartOffset="5054"/>
<LocList>
<Loc EndOffset="5225" SrcFileId="3" StartOffset="5054"/>
</LocList>
<RootTerm CovItemId="C27" CovItemPrefix="com.aconex.test.TestAconex.java" Intrnl_Id="710">
<BasicBoolTerm Intrnl_Id="711">
<LocList>
<Loc EndOffset="5072" SrcFileId="3" StartOffset="5057"/>
</LocList>
</BasicBoolTerm>
</RootTerm>
</CondStmnt>
<BasicStmnt CovItemId="S102" CovItemPrefix="com.aconex.test.TestAconex.java" Intrnl_Id="712">
<LocList>
<Loc EndOffset="5247" SrcFileId="3" StartOffset="5229"/>
</LocList>
</BasicStmnt>
</StmntSeq>
</HierarchyLvl>
</HierarchyLvl>
</HierarchyLvl>
</HierarchyLvl>
</HierarchyLvl>
</HierarchyLvl>
</MASTRoot>
</TestSessionContainer>
