<?xml version="1.0" encoding="UTF-8"?><TestSessionContainer xmlns="http://www.codecover.org/xml/testsession-container" Date="1421776726984" TestSessionContainerId="5cf12d32-1ac3-42e8-8e42-0d47c41a20d4" version="1.0">
<SrcFileList>
<SrcFile Content="package com.aconex.coding.challenge;&#13;&#10;&#13;&#10;import java.util.ArrayList;&#13;&#10;import java.util.HashMap;&#13;&#10;import java.util.HashSet;&#13;&#10;import java.util.Map;&#13;&#10;import java.util.Set;&#13;&#10;&#13;&#10;public class NumberToAlphaConverter {&#13;&#10;&#13;&#10;static Map&lt;String,ArrayList&lt;String&gt;&gt; numberEncodingMap = new HashMap&lt;String,ArrayList&lt;String&gt;&gt;();&#13;&#10;&#9;&#13;&#10;&#9;static {&#13;&#10;&#9;&#9;ArrayList&lt;String&gt; digit2Encoding = new ArrayList&lt;String&gt;();&#13;&#10;&#9;&#9;digit2Encoding.add(&quot;A&quot;);&#13;&#10;&#9;&#9;digit2Encoding.add(&quot;B&quot;);&#13;&#10;&#9;&#9;digit2Encoding.add(&quot;C&quot;);&#13;&#10;&#9;&#9;numberEncodingMap.put(&quot;2&quot;,digit2Encoding);&#13;&#10;&#9;&#9;ArrayList&lt;String&gt; digit3Encoding = new ArrayList&lt;String&gt;();&#13;&#10;&#9;&#9;digit3Encoding.add(&quot;D&quot;);&#13;&#10;&#9;&#9;digit3Encoding.add(&quot;E&quot;);&#13;&#10;&#9;&#9;digit3Encoding.add(&quot;F&quot;);&#13;&#10;&#9;&#9;numberEncodingMap.put(&quot;3&quot;,digit3Encoding);&#13;&#10;&#9;&#9;ArrayList&lt;String&gt; digit4Encoding = new ArrayList&lt;String&gt;();&#13;&#10;&#9;&#9;digit4Encoding.add(&quot;G&quot;);&#13;&#10;&#9;&#9;digit4Encoding.add(&quot;H&quot;);&#13;&#10;&#9;&#9;digit4Encoding.add(&quot;I&quot;);&#13;&#10;&#9;&#9;numberEncodingMap.put(&quot;4&quot;,digit4Encoding);&#13;&#10;&#9;&#9;ArrayList&lt;String&gt; digit5Encoding = new ArrayList&lt;String&gt;();&#13;&#10;&#9;&#9;digit5Encoding.add(&quot;J&quot;);&#13;&#10;&#9;&#9;digit5Encoding.add(&quot;K&quot;);&#13;&#10;&#9;&#9;digit5Encoding.add(&quot;L&quot;);&#13;&#10;&#9;&#9;numberEncodingMap.put(&quot;5&quot;,digit5Encoding);&#13;&#10;&#9;&#9;ArrayList&lt;String&gt; digit6Encoding = new ArrayList&lt;String&gt;();&#13;&#10;&#9;&#9;digit6Encoding.add(&quot;M&quot;);&#13;&#10;&#9;&#9;digit6Encoding.add(&quot;N&quot;);&#13;&#10;&#9;&#9;digit6Encoding.add(&quot;O&quot;);&#13;&#10;&#9;&#9;numberEncodingMap.put(&quot;6&quot;,digit6Encoding);&#13;&#10;&#9;&#9;ArrayList&lt;String&gt; digit7Encoding = new ArrayList&lt;String&gt;();&#13;&#10;&#9;&#9;digit7Encoding.add(&quot;P&quot;);&#13;&#10;&#9;&#9;digit7Encoding.add(&quot;Q&quot;);&#13;&#10;&#9;&#9;digit7Encoding.add(&quot;R&quot;);&#13;&#10;&#9;&#9;digit7Encoding.add(&quot;S&quot;);&#13;&#10;&#9;&#9;numberEncodingMap.put(&quot;7&quot;,digit7Encoding);&#13;&#10;&#9;&#9;ArrayList&lt;String&gt; digit8Encoding = new ArrayList&lt;String&gt;();&#13;&#10;&#9;&#9;digit8Encoding.add(&quot;T&quot;);&#13;&#10;&#9;&#9;digit8Encoding.add(&quot;U&quot;);&#13;&#10;&#9;&#9;digit8Encoding.add(&quot;V&quot;);&#13;&#10;&#9;&#9;numberEncodingMap.put(&quot;8&quot;,digit8Encoding);&#13;&#10;&#9;&#9;ArrayList&lt;String&gt; digit9Encoding = new ArrayList&lt;String&gt;();&#13;&#10;&#9;&#9;digit9Encoding.add(&quot;W&quot;);&#13;&#10;&#9;&#9;digit9Encoding.add(&quot;X&quot;);&#13;&#10;&#9;&#9;digit9Encoding.add(&quot;Y&quot;);&#13;&#10;&#9;&#9;digit9Encoding.add(&quot;Z&quot;);&#13;&#10;&#9;&#9;numberEncodingMap.put(&quot;9&quot;,digit9Encoding);&#13;&#10;&#9;}&#13;&#10;&#9;&#13;&#10;&#9;&#13;&#10;&#9;private static int findLastDigitPosition(String convertedString){&#13;&#10;&#9;&#9;int pos = -1;&#13;&#10;&#9;&#9;char digit0 = '0';&#13;&#10;&#9;&#9;char digit9 = '9';&#13;&#10;&#9;&#9;for(int index = 0; index&lt;convertedString.length();index++){&#13;&#10;&#9;&#9;&#9;char charAtPos = convertedString.charAt(index);&#13;&#10;&#9;&#9;&#9;if(charAtPos&gt;=digit0 &amp;&amp; charAtPos&lt;=digit9){&#13;&#10;&#9;&#9;&#9;&#9;pos = index;&#13;&#10;&#9;&#9;&#9;}else if(charAtPos == '-'){&#13;&#10;&#9;&#9;&#9;&#9;pos = index;&#13;&#10;&#9;&#9;&#9;}&#13;&#10;&#9;&#9;}&#13;&#10;&#9;&#9;return pos;&#13;&#10;&#9;&#9;&#13;&#10;&#9;}&#13;&#10;&#9;&#13;&#10;&#9;private static String alphaToDigit(char alpha){&#13;&#10;&#9;&#9;if(alpha&gt;='A'&amp;&amp;alpha&lt;='C'){&#13;&#10;&#9;&#9;&#9;return &quot;2&quot;;&#13;&#10;&#9;&#9;}else if(alpha&gt;='D'&amp;&amp;alpha&lt;='F'){&#13;&#10;&#9;&#9;&#9;return &quot;3&quot;;&#13;&#10;&#9;&#9;}else if(alpha&gt;='G'&amp;&amp;alpha&lt;='I'){&#13;&#10;&#9;&#9;&#9;return &quot;4&quot;;&#13;&#10;&#9;&#9;}else if(alpha&gt;='J'&amp;&amp;alpha&lt;='L'){&#13;&#10;&#9;&#9;&#9;return &quot;5&quot;;&#13;&#10;&#9;&#9;}else if(alpha&gt;='M'&amp;&amp;alpha&lt;='O'){&#13;&#10;&#9;&#9;&#9;return &quot;6&quot;;&#13;&#10;&#9;&#9;}else if(alpha&gt;='P'&amp;&amp;alpha&lt;='S'){&#13;&#10;&#9;&#9;&#9;return &quot;7&quot;;&#13;&#10;&#9;&#9;}else if(alpha&gt;='T'&amp;&amp;alpha&lt;='V'){&#13;&#10;&#9;&#9;&#9;return &quot;8&quot;;&#13;&#10;&#9;&#9;}else{&#13;&#10;&#9;&#9;&#9;return &quot;9&quot;;&#13;&#10;&#9;&#9;}&#13;&#10;&#9;}&#13;&#10;&#9;&#13;&#10;&#9;&#13;&#10;&#9;private static Set&lt;String&gt; replaceWithDigitAndCheckInDictionary(String str){&#13;&#10;&#9;&#9;Set&lt;String&gt; newResultSet = new HashSet&lt;String&gt;();&#13;&#10;&#9;&#9;for(int i=0;i&lt;str.length()-1;i++){&#13;&#10;&#9;&#9;&#9;if(i==0){&#13;&#10;&#9;&#9;&#9;&#9;String stringAfterFirstCharacterAsDigit = str.substring(i+1);&#13;&#10;&#9;&#9;&#9;&#9;if(Dictionary.isStringPatternExistInDictionary(stringAfterFirstCharacterAsDigit)){&#13;&#10;&#9;&#9;&#9;&#9;&#9;newResultSet.add(alphaToDigit(str.charAt(i)).concat(stringAfterFirstCharacterAsDigit));&#13;&#10;&#9;&#9;&#9;&#9;}&#13;&#10;&#9;&#9;&#9;}&#13;&#10;&#9;&#9;&#9;else{&#13;&#10;&#9;&#9;&#9;&#9;String stringBeforeDigit = str.substring(0,i);&#13;&#10;&#9;&#9;&#9;&#9;if(Dictionary.isStringExistInDictionary(stringBeforeDigit)){&#13;&#10;&#9;&#9;&#9;&#9;&#9;String stringAfterDigit = str.substring(i+1);&#13;&#10;&#9;&#9;&#9;&#9;&#9;if(Dictionary.isStringPatternExistInDictionary(stringAfterDigit)){&#13;&#10;&#9;&#9;&#9;&#9;&#9;&#9;newResultSet.add(stringBeforeDigit.concat(alphaToDigit(str.charAt(i))).concat(stringAfterDigit));&#13;&#10;&#9;&#9;&#9;&#9;&#9;}&#13;&#10;&#9;&#9;&#9;&#9;}&#13;&#10;&#9;&#9;&#9;}&#13;&#10;&#9;&#9;}&#13;&#10;&#9;&#9;return newResultSet;&#13;&#10;&#9;}&#13;&#10;&#9;&#13;&#10;&#9;private static Set&lt;String&gt; getResultSetAfterAddingEncodedString(Set&lt;String&gt; resultSet,ArrayList&lt;String&gt; encodedStringArr, String digit,boolean isFirstIndex){&#13;&#10;&#9;&#9;Set&lt;String&gt; newResultSet = new HashSet&lt;String&gt;();&#13;&#10;&#9;&#9;if(resultSet.size()&gt;0){&#13;&#10;&#9;&#9;&#9;for(String resultString : resultSet){&#13;&#10;&#9;&#9;&#9;&#9;final int lastDigitPos = findLastDigitPosition(resultString);&#13;&#10;&#9;&#9;&#9;&#9;String stringAfterLastDigit = resultString.substring(lastDigitPos+1);&#13;&#10;&#9;&#9;&#9;&#9;for(String encodedString : encodedStringArr){&#13;&#10;&#9;&#9;&#9;&#9;&#9;final String newResultString = stringAfterLastDigit.concat(encodedString);&#13;&#10;&#9;&#9;&#9;&#9;&#9;if(Dictionary.isStringPatternExistInDictionary(newResultString)){&#13;&#10;&#9;&#9;&#9;&#9;&#9;&#9;newResultSet.add(resultString.concat(encodedString));&#13;&#10;&#9;&#9;&#9;&#9;&#9;}&#13;&#10;&#9;&#9;&#9;&#9;&#9;else{&#13;&#10;&#9;&#9;&#9;&#9;&#9;&#9;if(Dictionary.isStringExistInDictionary(stringAfterLastDigit) &amp;&amp; (lastDigitPos!=resultString.length()-1))&#13;&#10;&#9;&#9;&#9;&#9;&#9;&#9;{&#13;&#10;&#9;&#9;&#9;&#9;&#9;&#9;&#9;newResultSet.add(resultString.concat(digit));&#13;&#10;&#9;&#9;&#9;&#9;&#9;&#9;}&#13;&#10;&#9;&#9;&#9;&#9;&#9;&#9;Set&lt;String&gt; tempResultSet = replaceWithDigitAndCheckInDictionary(newResultString);&#13;&#10;&#9;&#9;&#9;&#9;&#9;&#9;if(tempResultSet.size()&gt;0){&#13;&#10;&#9;&#9;&#9;&#9;&#9;&#9;&#9;for(String tempStr:tempResultSet){&#13;&#10;&#9;&#9;&#9;&#9;&#9;&#9;&#9;&#9;char firstLetter = tempStr.charAt(0);&#13;&#10;&#9;&#9;&#9;&#9;&#9;&#9;&#9;&#9;if(!(firstLetter &gt;= '0' &amp;&amp; firstLetter&lt;='9') || lastDigitPos == -1){&#13;&#10;&#9;&#9;&#9;&#9;&#9;&#9;&#9;&#9;&#9;newResultSet.add(tempStr);&#13;&#10;&#9;&#9;&#9;&#9;&#9;&#9;&#9;&#9;}&#13;&#10;&#9;&#9;&#9;&#9;&#9;&#9;&#9;}&#13;&#10;&#9;&#9;&#9;&#9;&#9;&#9;}&#13;&#10;&#9;&#9;&#9;&#9;&#9;}&#13;&#10;&#9;&#9;&#9;&#9;&#9;if(lastDigitPos!=-1){&#13;&#10;&#9;&#9;&#9;&#9;&#9;&#9;ArrayList&lt;String&gt; lastDigitEncodedStringArr = numberEncodingMap.get(String.valueOf(resultString.charAt(lastDigitPos)));&#13;&#10;&#9;&#9;&#9;&#9;&#9;&#9;if(lastDigitEncodedStringArr!=null){&#13;&#10;&#9;&#9;&#9;&#9;&#9;&#9;&#9;for(String lastDigitEncodedString : lastDigitEncodedStringArr){&#13;&#10;&#9;&#9;&#9;&#9;&#9;&#9;&#9;&#9;String resultStringAfterReplacingLastDigitWithString = lastDigitEncodedString.concat(newResultString);&#13;&#10;&#9;&#9;&#9;&#9;&#9;&#9;&#9;&#9;if(Dictionary.isStringPatternExistInDictionary(resultStringAfterReplacingLastDigitWithString)){&#13;&#10;&#9;&#9;&#9;&#9;&#9;&#9;&#9;&#9;&#9;if(lastDigitPos != 0){&#13;&#10;&#9;&#9;&#9;&#9;&#9;&#9;&#9;&#9;&#9;&#9;newResultSet.add(resultString.substring(0,lastDigitPos).concat(&quot;-&quot;).concat(resultStringAfterReplacingLastDigitWithString));&#13;&#10;&#9;&#9;&#9;&#9;&#9;&#9;&#9;&#9;&#9;}else{&#13;&#10;&#9;&#9;&#9;&#9;&#9;&#9;&#9;&#9;&#9;&#9;newResultSet.add(resultStringAfterReplacingLastDigitWithString);&#13;&#10;&#9;&#9;&#9;&#9;&#9;&#9;&#9;&#9;&#9;}&#13;&#10;&#9;&#9;&#9;&#9;&#9;&#9;&#9;&#9;}&#13;&#10;&#9;&#9;&#9;&#9;&#9;&#9;&#9;}&#13;&#10;&#9;&#9;&#9;&#9;&#9;&#9;}&#13;&#10;&#9;&#9;&#9;&#9;&#9;}&#13;&#10;&#9;&#9;&#9;&#9;}&#13;&#10;&#9;&#9;&#9;}&#13;&#10;&#9;&#9;}else if(isFirstIndex){&#13;&#10;&#9;&#9;&#9;for(String encodedString : encodedStringArr){&#13;&#10;&#9;&#9;&#9;&#9;newResultSet.add(encodedString);&#13;&#10;&#9;&#9;&#9;}&#13;&#10;&#9;&#9;}&#13;&#10;&#9;&#9;return newResultSet;&#13;&#10;&#9;}&#13;&#10;&#9;&#13;&#10;&#9;&#13;&#10;&#9;public static Set&lt;String&gt; convertToAlpha(final String number){&#13;&#10;&#9;&#9;Set&lt;String&gt; resultSet = new HashSet&lt;String&gt;();&#13;&#10;&#9;&#9;boolean isFirst = true;&#13;&#10;&#9;&#9;for(int index = 0;index&lt;number.length();index++){&#13;&#10;&#9;&#9;&#9;char digit = number.charAt(index);&#13;&#10;&#9;&#9;&#9;if(numberEncodingMap.containsKey(String.valueOf(digit)) || digit == '1'){&#13;&#10;&#9;&#9;&#9;&#9;if(digit == '1'){&#13;&#10;&#9;&#9;&#9;&#9;&#9;Set&lt;String&gt; newConvertedSet = new HashSet&lt;String&gt;();&#13;&#10;&#9;&#9;&#9;&#9;&#9;if(isFirst){&#13;&#10;&#9;&#9;&#9;&#9;&#9;&#9;newConvertedSet.add(&quot;1&quot;);&#13;&#10;&#9;&#9;&#9;&#9;&#9;}else{&#13;&#10;&#9;&#9;&#9;&#9;&#9;&#9;for(String convertedStr:resultSet){&#13;&#10;&#9;&#9;&#9;&#9;&#9;&#9;&#9;final int lastDigitPos = findLastDigitPosition(convertedStr);&#13;&#10;&#9;&#9;&#9;&#9;&#9;&#9;&#9;if(lastDigitPos != convertedStr.length()-1){&#13;&#10;&#9;&#9;&#9;&#9;&#9;&#9;&#9;&#9;String str = convertedStr.substring(lastDigitPos+1);&#13;&#10;&#9;&#9;&#9;&#9;&#9;&#9;&#9;&#9;if(Dictionary.isStringExistInDictionary(str)){&#13;&#10;&#9;&#9;&#9;&#9;&#9;&#9;&#9;&#9;&#9;newConvertedSet.add(convertedStr.concat(&quot;1&quot;));&#13;&#10;&#9;&#9;&#9;&#9;&#9;&#9;&#9;&#9;}&#13;&#10;&#9;&#9;&#9;&#9;&#9;&#9;&#9;}&#13;&#10;&#9;&#9;&#9;&#9;&#9;&#9;}&#13;&#10;&#9;&#9;&#9;&#9;&#9;}&#13;&#10;&#9;&#9;&#9;&#9;&#9;resultSet.clear();&#13;&#10;&#9;&#9;&#9;&#9;&#9;for(String str : newConvertedSet){&#13;&#10;&#9;&#9;&#9;&#9;&#9;&#9;resultSet.add(str);&#13;&#10;&#9;&#9;&#9;&#9;&#9;}&#13;&#10;&#9;&#9;&#9;&#9;}else{&#13;&#10;&#9;&#9;&#9;&#9;&#9;ArrayList&lt;String&gt; encodedStringArr = numberEncodingMap.get(String.valueOf(digit));&#13;&#10;&#9;&#9;&#9;&#9;&#9;resultSet = getResultSetAfterAddingEncodedString(resultSet,encodedStringArr,String.valueOf(digit),isFirst);&#13;&#10;&#9;&#9;&#9;&#9;}&#13;&#10;&#9;&#9;&#9;&#9;if(resultSet.size()==0){&#13;&#10;&#9;&#9;&#9;&#9;&#9;break;&#13;&#10;&#9;&#9;&#9;&#9;}&#13;&#10;&#9;&#9;&#9;&#9;isFirst = false;&#13;&#10;&#9;&#9;&#9;}&#13;&#10;&#9;&#9;}&#13;&#10;&#9;&#9;return resultSet;&#13;&#10;&#9;}&#13;&#10;&#9;&#13;&#10;}&#13;&#10;" Filename="NumberToAlphaConverter.java" Intrnl_Id="1"/>
</SrcFileList>
<CritList>
<CritListEntry Name="org.codecover.model.utils.criteria.LoopCoverage" PluginName="org.codecover"/>
<CritListEntry Name="org.codecover.model.utils.criteria.BranchCoverage" PluginName="org.codecover"/>
<CritListEntry Name="org.codecover.model.utils.criteria.ConditionCoverage" PluginName="org.codecover"/>
<CritListEntry Name="org.codecover.model.utils.criteria.SynchronizedStatementCoverage" PluginName="org.codecover"/>
<CritListEntry Name="org.codecover.model.utils.criteria.QMOCoverage" PluginName="org.codecover"/>
<CritListEntry Name="org.codecover.model.utils.criteria.StatementCoverage" PluginName="org.codecover"/>
</CritList>
<BoolOpList>
<BoolOp Arity="1" Intrnl_Id="2" Name="not (!)">
<BoolAssgnmntBoolMapList>
<MapEntry BoolAssgnmnt="0" Value="true"/>
<MapEntry BoolAssgnmnt="1" Value="false"/>
</BoolAssgnmntBoolMapList>
</BoolOp>
<BoolOp Arity="2" Intrnl_Id="3" Name="conditional and (&amp;&amp;)">
<BoolAssgnmntBoolMapList>
<MapEntry BoolAssgnmnt="10" Value="false"/>
<MapEntry BoolAssgnmnt="02" Value="false"/>
<MapEntry BoolAssgnmnt="11" Value="true"/>
</BoolAssgnmntBoolMapList>
</BoolOp>
<BoolOp Arity="2" Intrnl_Id="4" Name="conditional or (||)">
<BoolAssgnmntBoolMapList>
<MapEntry BoolAssgnmnt="01" Value="true"/>
<MapEntry BoolAssgnmnt="00" Value="false"/>
<MapEntry BoolAssgnmnt="12" Value="true"/>
</BoolAssgnmntBoolMapList>
</BoolOp>
</BoolOpList>
<HierarchyLvlTypeList>
<HierarchyLvlType EnglishName="package" IntrnlName="package" Intrnl_Id="5"/>
<HierarchyLvlType EnglishName="class" IntrnlName="class" Intrnl_Id="6"/>
<HierarchyLvlType EnglishName="method" IntrnlName="method" Intrnl_Id="7"/>
<HierarchyLvlType EnglishName="default package" IntrnlName="default package" Intrnl_Id="8"/>
</HierarchyLvlTypeList>
<MASTRoot>
<HierarchyLvl HierarchyLvlId="737" HierarchyLvlTypeId="8" Intrnl_Id="9" Name="default package">
<Header/>
<LocList/>
<HierarchyLvl HierarchyLvlId="736" HierarchyLvlTypeId="5" Intrnl_Id="10" Name="com">
<Header/>
<LocList/>
<HierarchyLvl HierarchyLvlId="735" HierarchyLvlTypeId="5" Intrnl_Id="11" Name="aconex">
<Header/>
<LocList/>
<HierarchyLvl HierarchyLvlId="734" HierarchyLvlTypeId="5" Intrnl_Id="12" Name="coding">
<Header/>
<LocList/>
<HierarchyLvl HierarchyLvlId="733" HierarchyLvlTypeId="5" Intrnl_Id="13" Name="challenge">
<Header/>
<LocList/>
<HierarchyLvl HierarchyLvlId="732" HierarchyLvlTypeId="6" Intrnl_Id="14" Name="NumberToAlphaConverter">
<Header>
<Loc EndOffset="206" SrcFileId="1" StartOffset="171"/>
</Header>
<LocList>
<Loc EndOffset="7156" SrcFileId="1" StartOffset="171"/>
</LocList>
<StmntSeq Intrnl_Id="15">
<LocList>
<Loc EndOffset="309" SrcFileId="1" StartOffset="212"/>
<Loc EndOffset="386" SrcFileId="1" StartOffset="327"/>
<Loc EndOffset="414" SrcFileId="1" StartOffset="390"/>
<Loc EndOffset="442" SrcFileId="1" StartOffset="418"/>
<Loc EndOffset="470" SrcFileId="1" StartOffset="446"/>
<Loc EndOffset="516" SrcFileId="1" StartOffset="474"/>
<Loc EndOffset="579" SrcFileId="1" StartOffset="520"/>
<Loc EndOffset="607" SrcFileId="1" StartOffset="583"/>
<Loc EndOffset="635" SrcFileId="1" StartOffset="611"/>
<Loc EndOffset="663" SrcFileId="1" StartOffset="639"/>
<Loc EndOffset="709" SrcFileId="1" StartOffset="667"/>
<Loc EndOffset="772" SrcFileId="1" StartOffset="713"/>
<Loc EndOffset="800" SrcFileId="1" StartOffset="776"/>
<Loc EndOffset="828" SrcFileId="1" StartOffset="804"/>
<Loc EndOffset="856" SrcFileId="1" StartOffset="832"/>
<Loc EndOffset="902" SrcFileId="1" StartOffset="860"/>
<Loc EndOffset="965" SrcFileId="1" StartOffset="906"/>
<Loc EndOffset="993" SrcFileId="1" StartOffset="969"/>
<Loc EndOffset="1021" SrcFileId="1" StartOffset="997"/>
<Loc EndOffset="1049" SrcFileId="1" StartOffset="1025"/>
<Loc EndOffset="1095" SrcFileId="1" StartOffset="1053"/>
<Loc EndOffset="1158" SrcFileId="1" StartOffset="1099"/>
<Loc EndOffset="1186" SrcFileId="1" StartOffset="1162"/>
<Loc EndOffset="1214" SrcFileId="1" StartOffset="1190"/>
<Loc EndOffset="1242" SrcFileId="1" StartOffset="1218"/>
<Loc EndOffset="1288" SrcFileId="1" StartOffset="1246"/>
<Loc EndOffset="1351" SrcFileId="1" StartOffset="1292"/>
<Loc EndOffset="1379" SrcFileId="1" StartOffset="1355"/>
<Loc EndOffset="1407" SrcFileId="1" StartOffset="1383"/>
<Loc EndOffset="1435" SrcFileId="1" StartOffset="1411"/>
<Loc EndOffset="1463" SrcFileId="1" StartOffset="1439"/>
<Loc EndOffset="1509" SrcFileId="1" StartOffset="1467"/>
<Loc EndOffset="1572" SrcFileId="1" StartOffset="1513"/>
<Loc EndOffset="1600" SrcFileId="1" StartOffset="1576"/>
<Loc EndOffset="1628" SrcFileId="1" StartOffset="1604"/>
<Loc EndOffset="1656" SrcFileId="1" StartOffset="1632"/>
<Loc EndOffset="1702" SrcFileId="1" StartOffset="1660"/>
<Loc EndOffset="1765" SrcFileId="1" StartOffset="1706"/>
<Loc EndOffset="1793" SrcFileId="1" StartOffset="1769"/>
<Loc EndOffset="1821" SrcFileId="1" StartOffset="1797"/>
<Loc EndOffset="1849" SrcFileId="1" StartOffset="1825"/>
<Loc EndOffset="1877" SrcFileId="1" StartOffset="1853"/>
<Loc EndOffset="1923" SrcFileId="1" StartOffset="1881"/>
</LocList>
<BasicStmnt CovItemId="S1" CovItemPrefix="com.aconex.coding.challenge.NumberToAlphaConverter.java" Intrnl_Id="16">
<LocList>
<Loc EndOffset="309" SrcFileId="1" StartOffset="212"/>
</LocList>
</BasicStmnt>
<BasicStmnt CovItemId="S2" CovItemPrefix="com.aconex.coding.challenge.NumberToAlphaConverter.java" Intrnl_Id="17">
<LocList>
<Loc EndOffset="386" SrcFileId="1" StartOffset="327"/>
</LocList>
</BasicStmnt>
<BasicStmnt CovItemId="S3" CovItemPrefix="com.aconex.coding.challenge.NumberToAlphaConverter.java" Intrnl_Id="18">
<LocList>
<Loc EndOffset="414" SrcFileId="1" StartOffset="390"/>
</LocList>
</BasicStmnt>
<BasicStmnt CovItemId="S4" CovItemPrefix="com.aconex.coding.challenge.NumberToAlphaConverter.java" Intrnl_Id="19">
<LocList>
<Loc EndOffset="442" SrcFileId="1" StartOffset="418"/>
</LocList>
</BasicStmnt>
<BasicStmnt CovItemId="S5" CovItemPrefix="com.aconex.coding.challenge.NumberToAlphaConverter.java" Intrnl_Id="20">
<LocList>
<Loc EndOffset="470" SrcFileId="1" StartOffset="446"/>
</LocList>
</BasicStmnt>
<BasicStmnt CovItemId="S6" CovItemPrefix="com.aconex.coding.challenge.NumberToAlphaConverter.java" Intrnl_Id="21">
<LocList>
<Loc EndOffset="516" SrcFileId="1" StartOffset="474"/>
</LocList>
</BasicStmnt>
<BasicStmnt CovItemId="S7" CovItemPrefix="com.aconex.coding.challenge.NumberToAlphaConverter.java" Intrnl_Id="22">
<LocList>
<Loc EndOffset="579" SrcFileId="1" StartOffset="520"/>
</LocList>
</BasicStmnt>
<BasicStmnt CovItemId="S8" CovItemPrefix="com.aconex.coding.challenge.NumberToAlphaConverter.java" Intrnl_Id="23">
<LocList>
<Loc EndOffset="607" SrcFileId="1" StartOffset="583"/>
</LocList>
</BasicStmnt>
<BasicStmnt CovItemId="S9" CovItemPrefix="com.aconex.coding.challenge.NumberToAlphaConverter.java" Intrnl_Id="24">
<LocList>
<Loc EndOffset="635" SrcFileId="1" StartOffset="611"/>
</LocList>
</BasicStmnt>
<BasicStmnt CovItemId="S10" CovItemPrefix="com.aconex.coding.challenge.NumberToAlphaConverter.java" Intrnl_Id="25">
<LocList>
<Loc EndOffset="663" SrcFileId="1" StartOffset="639"/>
</LocList>
</BasicStmnt>
<BasicStmnt CovItemId="S11" CovItemPrefix="com.aconex.coding.challenge.NumberToAlphaConverter.java" Intrnl_Id="26">
<LocList>
<Loc EndOffset="709" SrcFileId="1" StartOffset="667"/>
</LocList>
</BasicStmnt>
<BasicStmnt CovItemId="S12" CovItemPrefix="com.aconex.coding.challenge.NumberToAlphaConverter.java" Intrnl_Id="27">
<LocList>
<Loc EndOffset="772" SrcFileId="1" StartOffset="713"/>
</LocList>
</BasicStmnt>
<BasicStmnt CovItemId="S13" CovItemPrefix="com.aconex.coding.challenge.NumberToAlphaConverter.java" Intrnl_Id="28">
<LocList>
<Loc EndOffset="800" SrcFileId="1" StartOffset="776"/>
</LocList>
</BasicStmnt>
<BasicStmnt CovItemId="S14" CovItemPrefix="com.aconex.coding.challenge.NumberToAlphaConverter.java" Intrnl_Id="29">
<LocList>
<Loc EndOffset="828" SrcFileId="1" StartOffset="804"/>
</LocList>
</BasicStmnt>
<BasicStmnt CovItemId="S15" CovItemPrefix="com.aconex.coding.challenge.NumberToAlphaConverter.java" Intrnl_Id="30">
<LocList>
<Loc EndOffset="856" SrcFileId="1" StartOffset="832"/>
</LocList>
</BasicStmnt>
<BasicStmnt CovItemId="S16" CovItemPrefix="com.aconex.coding.challenge.NumberToAlphaConverter.java" Intrnl_Id="31">
<LocList>
<Loc EndOffset="902" SrcFileId="1" StartOffset="860"/>
</LocList>
</BasicStmnt>
<BasicStmnt CovItemId="S17" CovItemPrefix="com.aconex.coding.challenge.NumberToAlphaConverter.java" Intrnl_Id="32">
<LocList>
<Loc EndOffset="965" SrcFileId="1" StartOffset="906"/>
</LocList>
</BasicStmnt>
<BasicStmnt CovItemId="S18" CovItemPrefix="com.aconex.coding.challenge.NumberToAlphaConverter.java" Intrnl_Id="33">
<LocList>
<Loc EndOffset="993" SrcFileId="1" StartOffset="969"/>
</LocList>
</BasicStmnt>
<BasicStmnt CovItemId="S19" CovItemPrefix="com.aconex.coding.challenge.NumberToAlphaConverter.java" Intrnl_Id="34">
<LocList>
<Loc EndOffset="1021" SrcFileId="1" StartOffset="997"/>
</LocList>
</BasicStmnt>
<BasicStmnt CovItemId="S20" CovItemPrefix="com.aconex.coding.challenge.NumberToAlphaConverter.java" Intrnl_Id="35">
<LocList>
<Loc EndOffset="1049" SrcFileId="1" StartOffset="1025"/>
</LocList>
</BasicStmnt>
<BasicStmnt CovItemId="S21" CovItemPrefix="com.aconex.coding.challenge.NumberToAlphaConverter.java" Intrnl_Id="36">
<LocList>
<Loc EndOffset="1095" SrcFileId="1" StartOffset="1053"/>
</LocList>
</BasicStmnt>
<BasicStmnt CovItemId="S22" CovItemPrefix="com.aconex.coding.challenge.NumberToAlphaConverter.java" Intrnl_Id="37">
<LocList>
<Loc EndOffset="1158" SrcFileId="1" StartOffset="1099"/>
</LocList>
</BasicStmnt>
<BasicStmnt CovItemId="S23" CovItemPrefix="com.aconex.coding.challenge.NumberToAlphaConverter.java" Intrnl_Id="38">
<LocList>
<Loc EndOffset="1186" SrcFileId="1" StartOffset="1162"/>
</LocList>
</BasicStmnt>
<BasicStmnt CovItemId="S24" CovItemPrefix="com.aconex.coding.challenge.NumberToAlphaConverter.java" Intrnl_Id="39">
<LocList>
<Loc EndOffset="1214" SrcFileId="1" StartOffset="1190"/>
</LocList>
</BasicStmnt>
<BasicStmnt CovItemId="S25" CovItemPrefix="com.aconex.coding.challenge.NumberToAlphaConverter.java" Intrnl_Id="40">
<LocList>
<Loc EndOffset="1242" SrcFileId="1" StartOffset="1218"/>
</LocList>
</BasicStmnt>
<BasicStmnt CovItemId="S26" CovItemPrefix="com.aconex.coding.challenge.NumberToAlphaConverter.java" Intrnl_Id="41">
<LocList>
<Loc EndOffset="1288" SrcFileId="1" StartOffset="1246"/>
</LocList>
</BasicStmnt>
<BasicStmnt CovItemId="S27" CovItemPrefix="com.aconex.coding.challenge.NumberToAlphaConverter.java" Intrnl_Id="42">
<LocList>
<Loc EndOffset="1351" SrcFileId="1" StartOffset="1292"/>
</LocList>
</BasicStmnt>
<BasicStmnt CovItemId="S28" CovItemPrefix="com.aconex.coding.challenge.NumberToAlphaConverter.java" Intrnl_Id="43">
<LocList>
<Loc EndOffset="1379" SrcFileId="1" StartOffset="1355"/>
</LocList>
</BasicStmnt>
<BasicStmnt CovItemId="S29" CovItemPrefix="com.aconex.coding.challenge.NumberToAlphaConverter.java" Intrnl_Id="44">
<LocList>
<Loc EndOffset="1407" SrcFileId="1" StartOffset="1383"/>
</LocList>
</BasicStmnt>
<BasicStmnt CovItemId="S30" CovItemPrefix="com.aconex.coding.challenge.NumberToAlphaConverter.java" Intrnl_Id="45">
<LocList>
<Loc EndOffset="1435" SrcFileId="1" StartOffset="1411"/>
</LocList>
</BasicStmnt>
<BasicStmnt CovItemId="S31" CovItemPrefix="com.aconex.coding.challenge.NumberToAlphaConverter.java" Intrnl_Id="46">
<LocList>
<Loc EndOffset="1463" SrcFileId="1" StartOffset="1439"/>
</LocList>
</BasicStmnt>
<BasicStmnt CovItemId="S32" CovItemPrefix="com.aconex.coding.challenge.NumberToAlphaConverter.java" Intrnl_Id="47">
<LocList>
<Loc EndOffset="1509" SrcFileId="1" StartOffset="1467"/>
</LocList>
</BasicStmnt>
<BasicStmnt CovItemId="S33" CovItemPrefix="com.aconex.coding.challenge.NumberToAlphaConverter.java" Intrnl_Id="48">
<LocList>
<Loc EndOffset="1572" SrcFileId="1" StartOffset="1513"/>
</LocList>
</BasicStmnt>
<BasicStmnt CovItemId="S34" CovItemPrefix="com.aconex.coding.challenge.NumberToAlphaConverter.java" Intrnl_Id="49">
<LocList>
<Loc EndOffset="1600" SrcFileId="1" StartOffset="1576"/>
</LocList>
</BasicStmnt>
<BasicStmnt CovItemId="S35" CovItemPrefix="com.aconex.coding.challenge.NumberToAlphaConverter.java" Intrnl_Id="50">
<LocList>
<Loc EndOffset="1628" SrcFileId="1" StartOffset="1604"/>
</LocList>
</BasicStmnt>
<BasicStmnt CovItemId="S36" CovItemPrefix="com.aconex.coding.challenge.NumberToAlphaConverter.java" Intrnl_Id="51">
<LocList>
<Loc EndOffset="1656" SrcFileId="1" StartOffset="1632"/>
</LocList>
</BasicStmnt>
<BasicStmnt CovItemId="S37" CovItemPrefix="com.aconex.coding.challenge.NumberToAlphaConverter.java" Intrnl_Id="52">
<LocList>
<Loc EndOffset="1702" SrcFileId="1" StartOffset="1660"/>
</LocList>
</BasicStmnt>
<BasicStmnt CovItemId="S38" CovItemPrefix="com.aconex.coding.challenge.NumberToAlphaConverter.java" Intrnl_Id="53">
<LocList>
<Loc EndOffset="1765" SrcFileId="1" StartOffset="1706"/>
</LocList>
</BasicStmnt>
<BasicStmnt CovItemId="S39" CovItemPrefix="com.aconex.coding.challenge.NumberToAlphaConverter.java" Intrnl_Id="54">
<LocList>
<Loc EndOffset="1793" SrcFileId="1" StartOffset="1769"/>
</LocList>
</BasicStmnt>
<BasicStmnt CovItemId="S40" CovItemPrefix="com.aconex.coding.challenge.NumberToAlphaConverter.java" Intrnl_Id="55">
<LocList>
<Loc EndOffset="1821" SrcFileId="1" StartOffset="1797"/>
</LocList>
</BasicStmnt>
<BasicStmnt CovItemId="S41" CovItemPrefix="com.aconex.coding.challenge.NumberToAlphaConverter.java" Intrnl_Id="56">
<LocList>
<Loc EndOffset="1849" SrcFileId="1" StartOffset="1825"/>
</LocList>
</BasicStmnt>
<BasicStmnt CovItemId="S42" CovItemPrefix="com.aconex.coding.challenge.NumberToAlphaConverter.java" Intrnl_Id="57">
<LocList>
<Loc EndOffset="1877" SrcFileId="1" StartOffset="1853"/>
</LocList>
</BasicStmnt>
<BasicStmnt CovItemId="S43" CovItemPrefix="com.aconex.coding.challenge.NumberToAlphaConverter.java" Intrnl_Id="58">
<LocList>
<Loc EndOffset="1923" SrcFileId="1" StartOffset="1881"/>
</LocList>
</BasicStmnt>
</StmntSeq>
<HierarchyLvl HierarchyLvlId="727" HierarchyLvlTypeId="7" Intrnl_Id="59" Name="findLastDigitPosition">
<Header>
<Loc EndOffset="2000" SrcFileId="1" StartOffset="1936"/>
</Header>
<LocList>
<Loc EndOffset="2327" SrcFileId="1" StartOffset="1936"/>
</LocList>
<StmntSeq Intrnl_Id="60">
<LocList>
<Loc EndOffset="2018" SrcFileId="1" StartOffset="2005"/>
<Loc EndOffset="2040" SrcFileId="1" StartOffset="2022"/>
<Loc EndOffset="2062" SrcFileId="1" StartOffset="2044"/>
<Loc EndOffset="2304" SrcFileId="1" StartOffset="2066"/>
<Loc EndOffset="2319" SrcFileId="1" StartOffset="2308"/>
</LocList>
<BasicStmnt CovItemId="S44" CovItemPrefix="com.aconex.coding.challenge.NumberToAlphaConverter.java" Intrnl_Id="61">
<LocList>
<Loc EndOffset="2018" SrcFileId="1" StartOffset="2005"/>
</LocList>
</BasicStmnt>
<BasicStmnt CovItemId="S45" CovItemPrefix="com.aconex.coding.challenge.NumberToAlphaConverter.java" Intrnl_Id="62">
<LocList>
<Loc EndOffset="2040" SrcFileId="1" StartOffset="2022"/>
</LocList>
</BasicStmnt>
<BasicStmnt CovItemId="S46" CovItemPrefix="com.aconex.coding.challenge.NumberToAlphaConverter.java" Intrnl_Id="63">
<LocList>
<Loc EndOffset="2062" SrcFileId="1" StartOffset="2044"/>
</LocList>
</BasicStmnt>
<LoopStmnt CovItemId="S47" CovItemPrefix="com.aconex.coding.challenge.NumberToAlphaConverter.java" Intrnl_Id="64" MltplExecId="L1-2" MltplExecPrefix="com.aconex.coding.challenge.NumberToAlphaConverter.java" NvrExecId="L1-0" NvrExecPrefix="com.aconex.coding.challenge.NumberToAlphaConverter.java" OnceExecutedId="L1-1" OnceExecutedPrefix="com.aconex.coding.challenge.NumberToAlphaConverter.java" OptBodyExec="true">
<StmntSeq Intrnl_Id="65">
<LocList>
<Loc EndOffset="2177" SrcFileId="1" StartOffset="2130"/>
<Loc EndOffset="2299" SrcFileId="1" StartOffset="2182"/>
</LocList>
<BasicStmnt CovItemId="S48" CovItemPrefix="com.aconex.coding.challenge.NumberToAlphaConverter.java" Intrnl_Id="66">
<LocList>
<Loc EndOffset="2177" SrcFileId="1" StartOffset="2130"/>
</LocList>
</BasicStmnt>
<CondStmnt CovItemId="S49" CovItemPrefix="com.aconex.coding.challenge.NumberToAlphaConverter.java" Intrnl_Id="67">
<Branch CovItemId="B1" CovItemPrefix="com.aconex.coding.challenge.NumberToAlphaConverter.java" Implct="false" Intrnl_Id="68">
<Cond/>
<LocList>
<Loc EndOffset="2249" SrcFileId="1" StartOffset="2224"/>
</LocList>
<StmntSeq Intrnl_Id="69">
<LocList>
<Loc EndOffset="2243" SrcFileId="1" StartOffset="2231"/>
</LocList>
<BasicStmnt CovItemId="S50" CovItemPrefix="com.aconex.coding.challenge.NumberToAlphaConverter.java" Intrnl_Id="70">
<LocList>
<Loc EndOffset="2243" SrcFileId="1" StartOffset="2231"/>
</LocList>
</BasicStmnt>
</StmntSeq>
</Branch>
<Branch CovItemId="B2" CovItemPrefix="com.aconex.coding.challenge.NumberToAlphaConverter.java" Implct="false" Intrnl_Id="71">
<Cond>
<Loc EndOffset="2253" SrcFileId="1" StartOffset="2249"/>
</Cond>
<LocList>
<Loc EndOffset="2299" SrcFileId="1" StartOffset="2254"/>
</LocList>
<StmntSeq Intrnl_Id="72">
<LocList>
<Loc EndOffset="2299" SrcFileId="1" StartOffset="2254"/>
</LocList>
<CondStmnt CovItemId="S51" CovItemPrefix="com.aconex.coding.challenge.NumberToAlphaConverter.java" Intrnl_Id="73">
<Branch CovItemId="B3" CovItemPrefix="com.aconex.coding.challenge.NumberToAlphaConverter.java" Implct="false" Intrnl_Id="74">
<Cond/>
<LocList>
<Loc EndOffset="2299" SrcFileId="1" StartOffset="2274"/>
</LocList>
<StmntSeq Intrnl_Id="75">
<LocList>
<Loc EndOffset="2293" SrcFileId="1" StartOffset="2281"/>
</LocList>
<BasicStmnt CovItemId="S52" CovItemPrefix="com.aconex.coding.challenge.NumberToAlphaConverter.java" Intrnl_Id="76">
<LocList>
<Loc EndOffset="2293" SrcFileId="1" StartOffset="2281"/>
</LocList>
</BasicStmnt>
</StmntSeq>
</Branch>
<Branch CovItemId="B4" CovItemPrefix="com.aconex.coding.challenge.NumberToAlphaConverter.java" Implct="true" Intrnl_Id="77">
<Cond/>
<LocList/>
<StmntSeq Intrnl_Id="78">
<LocList/>
</StmntSeq>
</Branch>
<Keyword EndOffset="2256" SrcFileId="1" StartOffset="2254"/>
<LocList>
<Loc EndOffset="2299" SrcFileId="1" StartOffset="2254"/>
</LocList>
<RootTerm CovItemId="C3" CovItemPrefix="com.aconex.coding.challenge.NumberToAlphaConverter.java" Intrnl_Id="79">
<BasicBoolTerm Intrnl_Id="80">
<LocList>
<Loc EndOffset="2273" SrcFileId="1" StartOffset="2257"/>
</LocList>
</BasicBoolTerm>
</RootTerm>
</CondStmnt>
</StmntSeq>
</Branch>
<Keyword EndOffset="2184" SrcFileId="1" StartOffset="2182"/>
<LocList>
<Loc EndOffset="2299" SrcFileId="1" StartOffset="2182"/>
</LocList>
<RootTerm CovItemId="C2" CovItemPrefix="com.aconex.coding.challenge.NumberToAlphaConverter.java" Intrnl_Id="81">
<OpTerm BooleanOpId="3" Intrnl_Id="82">
<BasicBoolTerm Intrnl_Id="83">
<LocList>
<Loc EndOffset="2202" SrcFileId="1" StartOffset="2185"/>
</LocList>
</BasicBoolTerm>
<BasicBoolTerm Intrnl_Id="84">
<LocList>
<Loc EndOffset="2223" SrcFileId="1" StartOffset="2206"/>
</LocList>
</BasicBoolTerm>
<LocList>
<Loc EndOffset="2205" SrcFileId="1" StartOffset="2203"/>
</LocList>
</OpTerm>
</RootTerm>
</CondStmnt>
</StmntSeq>
<Keyword EndOffset="2069" SrcFileId="1" StartOffset="2066"/>
<LocList>
<Loc EndOffset="2304" SrcFileId="1" StartOffset="2066"/>
</LocList>
<RootTerm CovItemId="C1" CovItemPrefix="com.aconex.coding.challenge.NumberToAlphaConverter.java" Intrnl_Id="85">
<BasicBoolTerm Intrnl_Id="86">
<LocList>
<Loc EndOffset="2115" SrcFileId="1" StartOffset="2085"/>
</LocList>
</BasicBoolTerm>
</RootTerm>
</LoopStmnt>
<BasicStmnt CovItemId="S53" CovItemPrefix="com.aconex.coding.challenge.NumberToAlphaConverter.java" Intrnl_Id="87">
<LocList>
<Loc EndOffset="2319" SrcFileId="1" StartOffset="2308"/>
</LocList>
</BasicStmnt>
</StmntSeq>
</HierarchyLvl>
<HierarchyLvl HierarchyLvlId="728" HierarchyLvlTypeId="7" Intrnl_Id="88" Name="alphaToDigit">
<Header>
<Loc EndOffset="2379" SrcFileId="1" StartOffset="2333"/>
</Header>
<LocList>
<Loc EndOffset="2780" SrcFileId="1" StartOffset="2333"/>
</LocList>
<StmntSeq Intrnl_Id="89">
<LocList>
<Loc EndOffset="2776" SrcFileId="1" StartOffset="2384"/>
</LocList>
<CondStmnt CovItemId="S54" CovItemPrefix="com.aconex.coding.challenge.NumberToAlphaConverter.java" Intrnl_Id="90">
<Branch CovItemId="B5" CovItemPrefix="com.aconex.coding.challenge.NumberToAlphaConverter.java" Implct="false" Intrnl_Id="91">
<Cond/>
<LocList>
<Loc EndOffset="2432" SrcFileId="1" StartOffset="2410"/>
</LocList>
<StmntSeq Intrnl_Id="92">
<LocList>
<Loc EndOffset="2427" SrcFileId="1" StartOffset="2416"/>
</LocList>
<BasicStmnt CovItemId="S55" CovItemPrefix="com.aconex.coding.challenge.NumberToAlphaConverter.java" Intrnl_Id="93">
<LocList>
<Loc EndOffset="2427" SrcFileId="1" StartOffset="2416"/>
</LocList>
</BasicStmnt>
</StmntSeq>
</Branch>
<Branch CovItemId="B6" CovItemPrefix="com.aconex.coding.challenge.NumberToAlphaConverter.java" Implct="false" Intrnl_Id="94">
<Cond>
<Loc EndOffset="2436" SrcFileId="1" StartOffset="2432"/>
</Cond>
<LocList>
<Loc EndOffset="2776" SrcFileId="1" StartOffset="2437"/>
</LocList>
<StmntSeq Intrnl_Id="95">
<LocList>
<Loc EndOffset="2776" SrcFileId="1" StartOffset="2437"/>
</LocList>
<CondStmnt CovItemId="S56" CovItemPrefix="com.aconex.coding.challenge.NumberToAlphaConverter.java" Intrnl_Id="96">
<Branch CovItemId="B7" CovItemPrefix="com.aconex.coding.challenge.NumberToAlphaConverter.java" Implct="false" Intrnl_Id="97">
<Cond/>
<LocList>
<Loc EndOffset="2485" SrcFileId="1" StartOffset="2463"/>
</LocList>
<StmntSeq Intrnl_Id="98">
<LocList>
<Loc EndOffset="2480" SrcFileId="1" StartOffset="2469"/>
</LocList>
<BasicStmnt CovItemId="S57" CovItemPrefix="com.aconex.coding.challenge.NumberToAlphaConverter.java" Intrnl_Id="99">
<LocList>
<Loc EndOffset="2480" SrcFileId="1" StartOffset="2469"/>
</LocList>
</BasicStmnt>
</StmntSeq>
</Branch>
<Branch CovItemId="B8" CovItemPrefix="com.aconex.coding.challenge.NumberToAlphaConverter.java" Implct="false" Intrnl_Id="100">
<Cond>
<Loc EndOffset="2489" SrcFileId="1" StartOffset="2485"/>
</Cond>
<LocList>
<Loc EndOffset="2776" SrcFileId="1" StartOffset="2490"/>
</LocList>
<StmntSeq Intrnl_Id="101">
<LocList>
<Loc EndOffset="2776" SrcFileId="1" StartOffset="2490"/>
</LocList>
<CondStmnt CovItemId="S58" CovItemPrefix="com.aconex.coding.challenge.NumberToAlphaConverter.java" Intrnl_Id="102">
<Branch CovItemId="B9" CovItemPrefix="com.aconex.coding.challenge.NumberToAlphaConverter.java" Implct="false" Intrnl_Id="103">
<Cond/>
<LocList>
<Loc EndOffset="2538" SrcFileId="1" StartOffset="2516"/>
</LocList>
<StmntSeq Intrnl_Id="104">
<LocList>
<Loc EndOffset="2533" SrcFileId="1" StartOffset="2522"/>
</LocList>
<BasicStmnt CovItemId="S59" CovItemPrefix="com.aconex.coding.challenge.NumberToAlphaConverter.java" Intrnl_Id="105">
<LocList>
<Loc EndOffset="2533" SrcFileId="1" StartOffset="2522"/>
</LocList>
</BasicStmnt>
</StmntSeq>
</Branch>
<Branch CovItemId="B10" CovItemPrefix="com.aconex.coding.challenge.NumberToAlphaConverter.java" Implct="false" Intrnl_Id="106">
<Cond>
<Loc EndOffset="2542" SrcFileId="1" StartOffset="2538"/>
</Cond>
<LocList>
<Loc EndOffset="2776" SrcFileId="1" StartOffset="2543"/>
</LocList>
<StmntSeq Intrnl_Id="107">
<LocList>
<Loc EndOffset="2776" SrcFileId="1" StartOffset="2543"/>
</LocList>
<CondStmnt CovItemId="S60" CovItemPrefix="com.aconex.coding.challenge.NumberToAlphaConverter.java" Intrnl_Id="108">
<Branch CovItemId="B11" CovItemPrefix="com.aconex.coding.challenge.NumberToAlphaConverter.java" Implct="false" Intrnl_Id="109">
<Cond/>
<LocList>
<Loc EndOffset="2591" SrcFileId="1" StartOffset="2569"/>
</LocList>
<StmntSeq Intrnl_Id="110">
<LocList>
<Loc EndOffset="2586" SrcFileId="1" StartOffset="2575"/>
</LocList>
<BasicStmnt CovItemId="S61" CovItemPrefix="com.aconex.coding.challenge.NumberToAlphaConverter.java" Intrnl_Id="111">
<LocList>
<Loc EndOffset="2586" SrcFileId="1" StartOffset="2575"/>
</LocList>
</BasicStmnt>
</StmntSeq>
</Branch>
<Branch CovItemId="B12" CovItemPrefix="com.aconex.coding.challenge.NumberToAlphaConverter.java" Implct="false" Intrnl_Id="112">
<Cond>
<Loc EndOffset="2595" SrcFileId="1" StartOffset="2591"/>
</Cond>
<LocList>
<Loc EndOffset="2776" SrcFileId="1" StartOffset="2596"/>
</LocList>
<StmntSeq Intrnl_Id="113">
<LocList>
<Loc EndOffset="2776" SrcFileId="1" StartOffset="2596"/>
</LocList>
<CondStmnt CovItemId="S62" CovItemPrefix="com.aconex.coding.challenge.NumberToAlphaConverter.java" Intrnl_Id="114">
<Branch CovItemId="B13" CovItemPrefix="com.aconex.coding.challenge.NumberToAlphaConverter.java" Implct="false" Intrnl_Id="115">
<Cond/>
<LocList>
<Loc EndOffset="2644" SrcFileId="1" StartOffset="2622"/>
</LocList>
<StmntSeq Intrnl_Id="116">
<LocList>
<Loc EndOffset="2639" SrcFileId="1" StartOffset="2628"/>
</LocList>
<BasicStmnt CovItemId="S63" CovItemPrefix="com.aconex.coding.challenge.NumberToAlphaConverter.java" Intrnl_Id="117">
<LocList>
<Loc EndOffset="2639" SrcFileId="1" StartOffset="2628"/>
</LocList>
</BasicStmnt>
</StmntSeq>
</Branch>
<Branch CovItemId="B14" CovItemPrefix="com.aconex.coding.challenge.NumberToAlphaConverter.java" Implct="false" Intrnl_Id="118">
<Cond>
<Loc EndOffset="2648" SrcFileId="1" StartOffset="2644"/>
</Cond>
<LocList>
<Loc EndOffset="2776" SrcFileId="1" StartOffset="2649"/>
</LocList>
<StmntSeq Intrnl_Id="119">
<LocList>
<Loc EndOffset="2776" SrcFileId="1" StartOffset="2649"/>
</LocList>
<CondStmnt CovItemId="S64" CovItemPrefix="com.aconex.coding.challenge.NumberToAlphaConverter.java" Intrnl_Id="120">
<Branch CovItemId="B15" CovItemPrefix="com.aconex.coding.challenge.NumberToAlphaConverter.java" Implct="false" Intrnl_Id="121">
<Cond/>
<LocList>
<Loc EndOffset="2697" SrcFileId="1" StartOffset="2675"/>
</LocList>
<StmntSeq Intrnl_Id="122">
<LocList>
<Loc EndOffset="2692" SrcFileId="1" StartOffset="2681"/>
</LocList>
<BasicStmnt CovItemId="S65" CovItemPrefix="com.aconex.coding.challenge.NumberToAlphaConverter.java" Intrnl_Id="123">
<LocList>
<Loc EndOffset="2692" SrcFileId="1" StartOffset="2681"/>
</LocList>
</BasicStmnt>
</StmntSeq>
</Branch>
<Branch CovItemId="B16" CovItemPrefix="com.aconex.coding.challenge.NumberToAlphaConverter.java" Implct="false" Intrnl_Id="124">
<Cond>
<Loc EndOffset="2701" SrcFileId="1" StartOffset="2697"/>
</Cond>
<LocList>
<Loc EndOffset="2776" SrcFileId="1" StartOffset="2702"/>
</LocList>
<StmntSeq Intrnl_Id="125">
<LocList>
<Loc EndOffset="2776" SrcFileId="1" StartOffset="2702"/>
</LocList>
<CondStmnt CovItemId="S66" CovItemPrefix="com.aconex.coding.challenge.NumberToAlphaConverter.java" Intrnl_Id="126">
<Branch CovItemId="B17" CovItemPrefix="com.aconex.coding.challenge.NumberToAlphaConverter.java" Implct="false" Intrnl_Id="127">
<Cond/>
<LocList>
<Loc EndOffset="2750" SrcFileId="1" StartOffset="2728"/>
</LocList>
<StmntSeq Intrnl_Id="128">
<LocList>
<Loc EndOffset="2745" SrcFileId="1" StartOffset="2734"/>
</LocList>
<BasicStmnt CovItemId="S67" CovItemPrefix="com.aconex.coding.challenge.NumberToAlphaConverter.java" Intrnl_Id="129">
<LocList>
<Loc EndOffset="2745" SrcFileId="1" StartOffset="2734"/>
</LocList>
</BasicStmnt>
</StmntSeq>
</Branch>
<Branch CovItemId="B18" CovItemPrefix="com.aconex.coding.challenge.NumberToAlphaConverter.java" Implct="false" Intrnl_Id="130">
<Cond>
<Loc EndOffset="2754" SrcFileId="1" StartOffset="2750"/>
</Cond>
<LocList>
<Loc EndOffset="2776" SrcFileId="1" StartOffset="2754"/>
</LocList>
<StmntSeq Intrnl_Id="131">
<LocList>
<Loc EndOffset="2771" SrcFileId="1" StartOffset="2760"/>
</LocList>
<BasicStmnt CovItemId="S68" CovItemPrefix="com.aconex.coding.challenge.NumberToAlphaConverter.java" Intrnl_Id="132">
<LocList>
<Loc EndOffset="2771" SrcFileId="1" StartOffset="2760"/>
</LocList>
</BasicStmnt>
</StmntSeq>
</Branch>
<Keyword EndOffset="2704" SrcFileId="1" StartOffset="2702"/>
<LocList>
<Loc EndOffset="2776" SrcFileId="1" StartOffset="2702"/>
</LocList>
<RootTerm CovItemId="C10" CovItemPrefix="com.aconex.coding.challenge.NumberToAlphaConverter.java" Intrnl_Id="133">
<OpTerm BooleanOpId="3" Intrnl_Id="134">
<BasicBoolTerm Intrnl_Id="135">
<LocList>
<Loc EndOffset="2715" SrcFileId="1" StartOffset="2705"/>
</LocList>
</BasicBoolTerm>
<BasicBoolTerm Intrnl_Id="136">
<LocList>
<Loc EndOffset="2727" SrcFileId="1" StartOffset="2717"/>
</LocList>
</BasicBoolTerm>
<LocList>
<Loc EndOffset="2717" SrcFileId="1" StartOffset="2715"/>
</LocList>
</OpTerm>
</RootTerm>
</CondStmnt>
</StmntSeq>
</Branch>
<Keyword EndOffset="2651" SrcFileId="1" StartOffset="2649"/>
<LocList>
<Loc EndOffset="2776" SrcFileId="1" StartOffset="2649"/>
</LocList>
<RootTerm CovItemId="C9" CovItemPrefix="com.aconex.coding.challenge.NumberToAlphaConverter.java" Intrnl_Id="137">
<OpTerm BooleanOpId="3" Intrnl_Id="138">
<BasicBoolTerm Intrnl_Id="139">
<LocList>
<Loc EndOffset="2662" SrcFileId="1" StartOffset="2652"/>
</LocList>
</BasicBoolTerm>
<BasicBoolTerm Intrnl_Id="140">
<LocList>
<Loc EndOffset="2674" SrcFileId="1" StartOffset="2664"/>
</LocList>
</BasicBoolTerm>
<LocList>
<Loc EndOffset="2664" SrcFileId="1" StartOffset="2662"/>
</LocList>
</OpTerm>
</RootTerm>
</CondStmnt>
</StmntSeq>
</Branch>
<Keyword EndOffset="2598" SrcFileId="1" StartOffset="2596"/>
<LocList>
<Loc EndOffset="2776" SrcFileId="1" StartOffset="2596"/>
</LocList>
<RootTerm CovItemId="C8" CovItemPrefix="com.aconex.coding.challenge.NumberToAlphaConverter.java" Intrnl_Id="141">
<OpTerm BooleanOpId="3" Intrnl_Id="142">
<BasicBoolTerm Intrnl_Id="143">
<LocList>
<Loc EndOffset="2609" SrcFileId="1" StartOffset="2599"/>
</LocList>
</BasicBoolTerm>
<BasicBoolTerm Intrnl_Id="144">
<LocList>
<Loc EndOffset="2621" SrcFileId="1" StartOffset="2611"/>
</LocList>
</BasicBoolTerm>
<LocList>
<Loc EndOffset="2611" SrcFileId="1" StartOffset="2609"/>
</LocList>
</OpTerm>
</RootTerm>
</CondStmnt>
</StmntSeq>
</Branch>
<Keyword EndOffset="2545" SrcFileId="1" StartOffset="2543"/>
<LocList>
<Loc EndOffset="2776" SrcFileId="1" StartOffset="2543"/>
</LocList>
<RootTerm CovItemId="C7" CovItemPrefix="com.aconex.coding.challenge.NumberToAlphaConverter.java" Intrnl_Id="145">
<OpTerm BooleanOpId="3" Intrnl_Id="146">
<BasicBoolTerm Intrnl_Id="147">
<LocList>
<Loc EndOffset="2556" SrcFileId="1" StartOffset="2546"/>
</LocList>
</BasicBoolTerm>
<BasicBoolTerm Intrnl_Id="148">
<LocList>
<Loc EndOffset="2568" SrcFileId="1" StartOffset="2558"/>
</LocList>
</BasicBoolTerm>
<LocList>
<Loc EndOffset="2558" SrcFileId="1" StartOffset="2556"/>
</LocList>
</OpTerm>
</RootTerm>
</CondStmnt>
</StmntSeq>
</Branch>
<Keyword EndOffset="2492" SrcFileId="1" StartOffset="2490"/>
<LocList>
<Loc EndOffset="2776" SrcFileId="1" StartOffset="2490"/>
</LocList>
<RootTerm CovItemId="C6" CovItemPrefix="com.aconex.coding.challenge.NumberToAlphaConverter.java" Intrnl_Id="149">
<OpTerm BooleanOpId="3" Intrnl_Id="150">
<BasicBoolTerm Intrnl_Id="151">
<LocList>
<Loc EndOffset="2503" SrcFileId="1" StartOffset="2493"/>
</LocList>
</BasicBoolTerm>
<BasicBoolTerm Intrnl_Id="152">
<LocList>
<Loc EndOffset="2515" SrcFileId="1" StartOffset="2505"/>
</LocList>
</BasicBoolTerm>
<LocList>
<Loc EndOffset="2505" SrcFileId="1" StartOffset="2503"/>
</LocList>
</OpTerm>
</RootTerm>
</CondStmnt>
</StmntSeq>
</Branch>
<Keyword EndOffset="2439" SrcFileId="1" StartOffset="2437"/>
<LocList>
<Loc EndOffset="2776" SrcFileId="1" StartOffset="2437"/>
</LocList>
<RootTerm CovItemId="C5" CovItemPrefix="com.aconex.coding.challenge.NumberToAlphaConverter.java" Intrnl_Id="153">
<OpTerm BooleanOpId="3" Intrnl_Id="154">
<BasicBoolTerm Intrnl_Id="155">
<LocList>
<Loc EndOffset="2450" SrcFileId="1" StartOffset="2440"/>
</LocList>
</BasicBoolTerm>
<BasicBoolTerm Intrnl_Id="156">
<LocList>
<Loc EndOffset="2462" SrcFileId="1" StartOffset="2452"/>
</LocList>
</BasicBoolTerm>
<LocList>
<Loc EndOffset="2452" SrcFileId="1" StartOffset="2450"/>
</LocList>
</OpTerm>
</RootTerm>
</CondStmnt>
</StmntSeq>
</Branch>
<Keyword EndOffset="2386" SrcFileId="1" StartOffset="2384"/>
<LocList>
<Loc EndOffset="2776" SrcFileId="1" StartOffset="2384"/>
</LocList>
<RootTerm CovItemId="C4" CovItemPrefix="com.aconex.coding.challenge.NumberToAlphaConverter.java" Intrnl_Id="157">
<OpTerm BooleanOpId="3" Intrnl_Id="158">
<BasicBoolTerm Intrnl_Id="159">
<LocList>
<Loc EndOffset="2397" SrcFileId="1" StartOffset="2387"/>
</LocList>
</BasicBoolTerm>
<BasicBoolTerm Intrnl_Id="160">
<LocList>
<Loc EndOffset="2409" SrcFileId="1" StartOffset="2399"/>
</LocList>
</BasicBoolTerm>
<LocList>
<Loc EndOffset="2399" SrcFileId="1" StartOffset="2397"/>
</LocList>
</OpTerm>
</RootTerm>
</CondStmnt>
</StmntSeq>
</HierarchyLvl>
<HierarchyLvl HierarchyLvlId="729" HierarchyLvlTypeId="7" Intrnl_Id="161" Name="replaceWithDigitAndCheckInDictionary">
<Header>
<Loc EndOffset="2864" SrcFileId="1" StartOffset="2789"/>
</Header>
<LocList>
<Loc EndOffset="3644" SrcFileId="1" StartOffset="2789"/>
</LocList>
<StmntSeq Intrnl_Id="162">
<LocList>
<Loc EndOffset="2918" SrcFileId="1" StartOffset="2869"/>
<Loc EndOffset="3616" SrcFileId="1" StartOffset="2922"/>
<Loc EndOffset="3640" SrcFileId="1" StartOffset="3620"/>
</LocList>
<BasicStmnt CovItemId="S69" CovItemPrefix="com.aconex.coding.challenge.NumberToAlphaConverter.java" Intrnl_Id="163">
<LocList>
<Loc EndOffset="2918" SrcFileId="1" StartOffset="2869"/>
</LocList>
</BasicStmnt>
<LoopStmnt CovItemId="S70" CovItemPrefix="com.aconex.coding.challenge.NumberToAlphaConverter.java" Intrnl_Id="164" MltplExecId="L2-2" MltplExecPrefix="com.aconex.coding.challenge.NumberToAlphaConverter.java" NvrExecId="L2-0" NvrExecPrefix="com.aconex.coding.challenge.NumberToAlphaConverter.java" OnceExecutedId="L2-1" OnceExecutedPrefix="com.aconex.coding.challenge.NumberToAlphaConverter.java" OptBodyExec="true">
<StmntSeq Intrnl_Id="165">
<LocList>
<Loc EndOffset="3611" SrcFileId="1" StartOffset="2961"/>
</LocList>
<CondStmnt CovItemId="S71" CovItemPrefix="com.aconex.coding.challenge.NumberToAlphaConverter.java" Intrnl_Id="166">
<Branch CovItemId="B19" CovItemPrefix="com.aconex.coding.challenge.NumberToAlphaConverter.java" Implct="false" Intrnl_Id="167">
<Cond/>
<LocList>
<Loc EndOffset="3232" SrcFileId="1" StartOffset="2969"/>
</LocList>
<StmntSeq Intrnl_Id="168">
<LocList>
<Loc EndOffset="3037" SrcFileId="1" StartOffset="2976"/>
<Loc EndOffset="3226" SrcFileId="1" StartOffset="3043"/>
</LocList>
<BasicStmnt CovItemId="S72" CovItemPrefix="com.aconex.coding.challenge.NumberToAlphaConverter.java" Intrnl_Id="169">
<LocList>
<Loc EndOffset="3037" SrcFileId="1" StartOffset="2976"/>
</LocList>
</BasicStmnt>
<CondStmnt CovItemId="S73" CovItemPrefix="com.aconex.coding.challenge.NumberToAlphaConverter.java" Intrnl_Id="170">
<Branch CovItemId="B21" CovItemPrefix="com.aconex.coding.challenge.NumberToAlphaConverter.java" Implct="false" Intrnl_Id="171">
<Cond/>
<LocList>
<Loc EndOffset="3226" SrcFileId="1" StartOffset="3124"/>
</LocList>
<StmntSeq Intrnl_Id="172">
<LocList>
<Loc EndOffset="3219" SrcFileId="1" StartOffset="3132"/>
</LocList>
<BasicStmnt CovItemId="S74" CovItemPrefix="com.aconex.coding.challenge.NumberToAlphaConverter.java" Intrnl_Id="173">
<LocList>
<Loc EndOffset="3219" SrcFileId="1" StartOffset="3132"/>
</LocList>
</BasicStmnt>
</StmntSeq>
</Branch>
<Branch CovItemId="B22" CovItemPrefix="com.aconex.coding.challenge.NumberToAlphaConverter.java" Implct="true" Intrnl_Id="174">
<Cond/>
<LocList/>
<StmntSeq Intrnl_Id="175">
<LocList/>
</StmntSeq>
</Branch>
<Keyword EndOffset="3045" SrcFileId="1" StartOffset="3043"/>
<LocList>
<Loc EndOffset="3226" SrcFileId="1" StartOffset="3043"/>
</LocList>
<RootTerm CovItemId="C13" CovItemPrefix="com.aconex.coding.challenge.NumberToAlphaConverter.java" Intrnl_Id="176">
<BasicBoolTerm Intrnl_Id="177">
<LocList>
<Loc EndOffset="3123" SrcFileId="1" StartOffset="3046"/>
</LocList>
</BasicBoolTerm>
</RootTerm>
</CondStmnt>
</StmntSeq>
</Branch>
<Branch CovItemId="B20" CovItemPrefix="com.aconex.coding.challenge.NumberToAlphaConverter.java" Implct="false" Intrnl_Id="178">
<Cond>
<Loc EndOffset="3241" SrcFileId="1" StartOffset="3237"/>
</Cond>
<LocList>
<Loc EndOffset="3611" SrcFileId="1" StartOffset="3241"/>
</LocList>
<StmntSeq Intrnl_Id="179">
<LocList>
<Loc EndOffset="3294" SrcFileId="1" StartOffset="3248"/>
<Loc EndOffset="3605" SrcFileId="1" StartOffset="3300"/>
</LocList>
<BasicStmnt CovItemId="S75" CovItemPrefix="com.aconex.coding.challenge.NumberToAlphaConverter.java" Intrnl_Id="180">
<LocList>
<Loc EndOffset="3294" SrcFileId="1" StartOffset="3248"/>
</LocList>
</BasicStmnt>
<CondStmnt CovItemId="S76" CovItemPrefix="com.aconex.coding.challenge.NumberToAlphaConverter.java" Intrnl_Id="181">
<Branch CovItemId="B23" CovItemPrefix="com.aconex.coding.challenge.NumberToAlphaConverter.java" Implct="false" Intrnl_Id="182">
<Cond/>
<LocList>
<Loc EndOffset="3605" SrcFileId="1" StartOffset="3359"/>
</LocList>
<StmntSeq Intrnl_Id="183">
<LocList>
<Loc EndOffset="3412" SrcFileId="1" StartOffset="3367"/>
<Loc EndOffset="3598" SrcFileId="1" StartOffset="3419"/>
</LocList>
<BasicStmnt CovItemId="S77" CovItemPrefix="com.aconex.coding.challenge.NumberToAlphaConverter.java" Intrnl_Id="184">
<LocList>
<Loc EndOffset="3412" SrcFileId="1" StartOffset="3367"/>
</LocList>
</BasicStmnt>
<CondStmnt CovItemId="S78" CovItemPrefix="com.aconex.coding.challenge.NumberToAlphaConverter.java" Intrnl_Id="185">
<Branch CovItemId="B25" CovItemPrefix="com.aconex.coding.challenge.NumberToAlphaConverter.java" Implct="false" Intrnl_Id="186">
<Cond/>
<LocList>
<Loc EndOffset="3598" SrcFileId="1" StartOffset="3484"/>
</LocList>
<StmntSeq Intrnl_Id="187">
<LocList>
<Loc EndOffset="3590" SrcFileId="1" StartOffset="3493"/>
</LocList>
<BasicStmnt CovItemId="S79" CovItemPrefix="com.aconex.coding.challenge.NumberToAlphaConverter.java" Intrnl_Id="188">
<LocList>
<Loc EndOffset="3590" SrcFileId="1" StartOffset="3493"/>
</LocList>
</BasicStmnt>
</StmntSeq>
</Branch>
<Branch CovItemId="B26" CovItemPrefix="com.aconex.coding.challenge.NumberToAlphaConverter.java" Implct="true" Intrnl_Id="189">
<Cond/>
<LocList/>
<StmntSeq Intrnl_Id="190">
<LocList/>
</StmntSeq>
</Branch>
<Keyword EndOffset="3421" SrcFileId="1" StartOffset="3419"/>
<LocList>
<Loc EndOffset="3598" SrcFileId="1" StartOffset="3419"/>
</LocList>
<RootTerm CovItemId="C15" CovItemPrefix="com.aconex.coding.challenge.NumberToAlphaConverter.java" Intrnl_Id="191">
<BasicBoolTerm Intrnl_Id="192">
<LocList>
<Loc EndOffset="3483" SrcFileId="1" StartOffset="3422"/>
</LocList>
</BasicBoolTerm>
</RootTerm>
</CondStmnt>
</StmntSeq>
</Branch>
<Branch CovItemId="B24" CovItemPrefix="com.aconex.coding.challenge.NumberToAlphaConverter.java" Implct="true" Intrnl_Id="193">
<Cond/>
<LocList/>
<StmntSeq Intrnl_Id="194">
<LocList/>
</StmntSeq>
</Branch>
<Keyword EndOffset="3302" SrcFileId="1" StartOffset="3300"/>
<LocList>
<Loc EndOffset="3605" SrcFileId="1" StartOffset="3300"/>
</LocList>
<RootTerm CovItemId="C14" CovItemPrefix="com.aconex.coding.challenge.NumberToAlphaConverter.java" Intrnl_Id="195">
<BasicBoolTerm Intrnl_Id="196">
<LocList>
<Loc EndOffset="3358" SrcFileId="1" StartOffset="3303"/>
</LocList>
</BasicBoolTerm>
</RootTerm>
</CondStmnt>
</StmntSeq>
</Branch>
<Keyword EndOffset="2963" SrcFileId="1" StartOffset="2961"/>
<LocList>
<Loc EndOffset="3611" SrcFileId="1" StartOffset="2961"/>
</LocList>
<RootTerm CovItemId="C12" CovItemPrefix="com.aconex.coding.challenge.NumberToAlphaConverter.java" Intrnl_Id="197">
<BasicBoolTerm Intrnl_Id="198">
<LocList>
<Loc EndOffset="2968" SrcFileId="1" StartOffset="2964"/>
</LocList>
</BasicBoolTerm>
</RootTerm>
</CondStmnt>
</StmntSeq>
<Keyword EndOffset="2925" SrcFileId="1" StartOffset="2922"/>
<LocList>
<Loc EndOffset="3616" SrcFileId="1" StartOffset="2922"/>
</LocList>
<RootTerm CovItemId="C11" CovItemPrefix="com.aconex.coding.challenge.NumberToAlphaConverter.java" Intrnl_Id="199">
<BasicBoolTerm Intrnl_Id="200">
<LocList>
<Loc EndOffset="2950" SrcFileId="1" StartOffset="2934"/>
</LocList>
</BasicBoolTerm>
</RootTerm>
</LoopStmnt>
<BasicStmnt CovItemId="S80" CovItemPrefix="com.aconex.coding.challenge.NumberToAlphaConverter.java" Intrnl_Id="201">
<LocList>
<Loc EndOffset="3640" SrcFileId="1" StartOffset="3620"/>
</LocList>
</BasicStmnt>
</StmntSeq>
</HierarchyLvl>
<HierarchyLvl HierarchyLvlId="730" HierarchyLvlTypeId="7" Intrnl_Id="202" Name="getResultSetAfterAddingEncodedString">
<Header>
<Loc EndOffset="3806" SrcFileId="1" StartOffset="3650"/>
</Header>
<LocList>
<Loc EndOffset="5875" SrcFileId="1" StartOffset="3650"/>
</LocList>
<StmntSeq Intrnl_Id="203">
<LocList>
<Loc EndOffset="3860" SrcFileId="1" StartOffset="3811"/>
<Loc EndOffset="5847" SrcFileId="1" StartOffset="3864"/>
<Loc EndOffset="5871" SrcFileId="1" StartOffset="5851"/>
</LocList>
<BasicStmnt CovItemId="S81" CovItemPrefix="com.aconex.coding.challenge.NumberToAlphaConverter.java" Intrnl_Id="204">
<LocList>
<Loc EndOffset="3860" SrcFileId="1" StartOffset="3811"/>
</LocList>
</BasicStmnt>
<CondStmnt CovItemId="S82" CovItemPrefix="com.aconex.coding.challenge.NumberToAlphaConverter.java" Intrnl_Id="205">
<Branch CovItemId="B27" CovItemPrefix="com.aconex.coding.challenge.NumberToAlphaConverter.java" Implct="false" Intrnl_Id="206">
<Cond/>
<LocList>
<Loc EndOffset="5726" SrcFileId="1" StartOffset="3886"/>
</LocList>
<StmntSeq Intrnl_Id="207">
<LocList>
<Loc EndOffset="5721" SrcFileId="1" StartOffset="3892"/>
</LocList>
<LoopStmnt CovItemId="S83" CovItemPrefix="com.aconex.coding.challenge.NumberToAlphaConverter.java" Intrnl_Id="208" MltplExecId="L3-2" MltplExecPrefix="com.aconex.coding.challenge.NumberToAlphaConverter.java" NvrExecId="L3-0" NvrExecPrefix="com.aconex.coding.challenge.NumberToAlphaConverter.java" OnceExecutedId="L3-1" OnceExecutedPrefix="com.aconex.coding.challenge.NumberToAlphaConverter.java" OptBodyExec="true">
<StmntSeq Intrnl_Id="209">
<LocList>
<Loc EndOffset="3996" SrcFileId="1" StartOffset="3935"/>
<Loc EndOffset="4071" SrcFileId="1" StartOffset="4002"/>
<Loc EndOffset="5715" SrcFileId="1" StartOffset="4077"/>
</LocList>
<BasicStmnt CovItemId="S84" CovItemPrefix="com.aconex.coding.challenge.NumberToAlphaConverter.java" Intrnl_Id="210">
<LocList>
<Loc EndOffset="3996" SrcFileId="1" StartOffset="3935"/>
</LocList>
</BasicStmnt>
<BasicStmnt CovItemId="S85" CovItemPrefix="com.aconex.coding.challenge.NumberToAlphaConverter.java" Intrnl_Id="211">
<LocList>
<Loc EndOffset="4071" SrcFileId="1" StartOffset="4002"/>
</LocList>
</BasicStmnt>
<LoopStmnt CovItemId="S86" CovItemPrefix="com.aconex.coding.challenge.NumberToAlphaConverter.java" Intrnl_Id="212" MltplExecId="L4-2" MltplExecPrefix="com.aconex.coding.challenge.NumberToAlphaConverter.java" NvrExecId="L4-0" NvrExecPrefix="com.aconex.coding.challenge.NumberToAlphaConverter.java" OnceExecutedId="L4-1" OnceExecutedPrefix="com.aconex.coding.challenge.NumberToAlphaConverter.java" OptBodyExec="true">
<StmntSeq Intrnl_Id="213">
<LocList>
<Loc EndOffset="4203" SrcFileId="1" StartOffset="4129"/>
<Loc EndOffset="4909" SrcFileId="1" StartOffset="4210"/>
<Loc EndOffset="5708" SrcFileId="1" StartOffset="4916"/>
</LocList>
<BasicStmnt CovItemId="S87" CovItemPrefix="com.aconex.coding.challenge.NumberToAlphaConverter.java" Intrnl_Id="214">
<LocList>
<Loc EndOffset="4203" SrcFileId="1" StartOffset="4129"/>
</LocList>
</BasicStmnt>
<CondStmnt CovItemId="S88" CovItemPrefix="com.aconex.coding.challenge.NumberToAlphaConverter.java" Intrnl_Id="215">
<Branch CovItemId="B29" CovItemPrefix="com.aconex.coding.challenge.NumberToAlphaConverter.java" Implct="false" Intrnl_Id="216">
<Cond/>
<LocList>
<Loc EndOffset="4344" SrcFileId="1" StartOffset="4274"/>
</LocList>
<StmntSeq Intrnl_Id="217">
<LocList>
<Loc EndOffset="4336" SrcFileId="1" StartOffset="4283"/>
</LocList>
<BasicStmnt CovItemId="S89" CovItemPrefix="com.aconex.coding.challenge.NumberToAlphaConverter.java" Intrnl_Id="218">
<LocList>
<Loc EndOffset="4336" SrcFileId="1" StartOffset="4283"/>
</LocList>
</BasicStmnt>
</StmntSeq>
</Branch>
<Branch CovItemId="B30" CovItemPrefix="com.aconex.coding.challenge.NumberToAlphaConverter.java" Implct="false" Intrnl_Id="219">
<Cond>
<Loc EndOffset="4355" SrcFileId="1" StartOffset="4351"/>
</Cond>
<LocList>
<Loc EndOffset="4909" SrcFileId="1" StartOffset="4355"/>
</LocList>
<StmntSeq Intrnl_Id="220">
<LocList>
<Loc EndOffset="4541" SrcFileId="1" StartOffset="4364"/>
<Loc EndOffset="4631" SrcFileId="1" StartOffset="4549"/>
<Loc EndOffset="4901" SrcFileId="1" StartOffset="4639"/>
</LocList>
<CondStmnt CovItemId="S90" CovItemPrefix="com.aconex.coding.challenge.NumberToAlphaConverter.java" Intrnl_Id="221">
<Branch CovItemId="B31" CovItemPrefix="com.aconex.coding.challenge.NumberToAlphaConverter.java" Implct="false" Intrnl_Id="222">
<Cond/>
<LocList>
<Loc EndOffset="4541" SrcFileId="1" StartOffset="4477"/>
</LocList>
<StmntSeq Intrnl_Id="223">
<LocList>
<Loc EndOffset="4532" SrcFileId="1" StartOffset="4487"/>
</LocList>
<BasicStmnt CovItemId="S91" CovItemPrefix="com.aconex.coding.challenge.NumberToAlphaConverter.java" Intrnl_Id="224">
<LocList>
<Loc EndOffset="4532" SrcFileId="1" StartOffset="4487"/>
</LocList>
</BasicStmnt>
</StmntSeq>
</Branch>
<Branch CovItemId="B32" CovItemPrefix="com.aconex.coding.challenge.NumberToAlphaConverter.java" Implct="true" Intrnl_Id="225">
<Cond/>
<LocList/>
<StmntSeq Intrnl_Id="226">
<LocList/>
</StmntSeq>
</Branch>
<Keyword EndOffset="4366" SrcFileId="1" StartOffset="4364"/>
<LocList>
<Loc EndOffset="4541" SrcFileId="1" StartOffset="4364"/>
</LocList>
<RootTerm CovItemId="C18" CovItemPrefix="com.aconex.coding.challenge.NumberToAlphaConverter.java" Intrnl_Id="227">
<OpTerm BooleanOpId="3" Intrnl_Id="228">
<BasicBoolTerm Intrnl_Id="229">
<LocList>
<Loc EndOffset="4425" SrcFileId="1" StartOffset="4367"/>
</LocList>
</BasicBoolTerm>
<BasicBoolTerm Intrnl_Id="230">
<LocList>
<Loc EndOffset="4467" SrcFileId="1" StartOffset="4430"/>
</LocList>
</BasicBoolTerm>
<LocList>
<Loc EndOffset="4428" SrcFileId="1" StartOffset="4426"/>
</LocList>
</OpTerm>
</RootTerm>
</CondStmnt>
<BasicStmnt CovItemId="S92" CovItemPrefix="com.aconex.coding.challenge.NumberToAlphaConverter.java" Intrnl_Id="231">
<LocList>
<Loc EndOffset="4631" SrcFileId="1" StartOffset="4549"/>
</LocList>
</BasicStmnt>
<CondStmnt CovItemId="S93" CovItemPrefix="com.aconex.coding.challenge.NumberToAlphaConverter.java" Intrnl_Id="232">
<Branch CovItemId="B33" CovItemPrefix="com.aconex.coding.challenge.NumberToAlphaConverter.java" Implct="false" Intrnl_Id="233">
<Cond/>
<LocList>
<Loc EndOffset="4901" SrcFileId="1" StartOffset="4665"/>
</LocList>
<StmntSeq Intrnl_Id="234">
<LocList>
<Loc EndOffset="4892" SrcFileId="1" StartOffset="4675"/>
</LocList>
<LoopStmnt CovItemId="S94" CovItemPrefix="com.aconex.coding.challenge.NumberToAlphaConverter.java" Intrnl_Id="235" MltplExecId="L5-2" MltplExecPrefix="com.aconex.coding.challenge.NumberToAlphaConverter.java" NvrExecId="L5-0" NvrExecPrefix="com.aconex.coding.challenge.NumberToAlphaConverter.java" OnceExecutedId="L5-1" OnceExecutedPrefix="com.aconex.coding.challenge.NumberToAlphaConverter.java" OptBodyExec="true">
<StmntSeq Intrnl_Id="236">
<LocList>
<Loc EndOffset="4756" SrcFileId="1" StartOffset="4719"/>
<Loc EndOffset="4882" SrcFileId="1" StartOffset="4766"/>
</LocList>
<BasicStmnt CovItemId="S95" CovItemPrefix="com.aconex.coding.challenge.NumberToAlphaConverter.java" Intrnl_Id="237">
<LocList>
<Loc EndOffset="4756" SrcFileId="1" StartOffset="4719"/>
</LocList>
</BasicStmnt>
<CondStmnt CovItemId="S96" CovItemPrefix="com.aconex.coding.challenge.NumberToAlphaConverter.java" Intrnl_Id="238">
<Branch CovItemId="B35" CovItemPrefix="com.aconex.coding.challenge.NumberToAlphaConverter.java" Implct="false" Intrnl_Id="239">
<Cond/>
<LocList>
<Loc EndOffset="4882" SrcFileId="1" StartOffset="4833"/>
</LocList>
<StmntSeq Intrnl_Id="240">
<LocList>
<Loc EndOffset="4871" SrcFileId="1" StartOffset="4845"/>
</LocList>
<BasicStmnt CovItemId="S97" CovItemPrefix="com.aconex.coding.challenge.NumberToAlphaConverter.java" Intrnl_Id="241">
<LocList>
<Loc EndOffset="4871" SrcFileId="1" StartOffset="4845"/>
</LocList>
</BasicStmnt>
</StmntSeq>
</Branch>
<Branch CovItemId="B36" CovItemPrefix="com.aconex.coding.challenge.NumberToAlphaConverter.java" Implct="true" Intrnl_Id="242">
<Cond/>
<LocList/>
<StmntSeq Intrnl_Id="243">
<LocList/>
</StmntSeq>
</Branch>
<Keyword EndOffset="4768" SrcFileId="1" StartOffset="4766"/>
<LocList>
<Loc EndOffset="4882" SrcFileId="1" StartOffset="4766"/>
</LocList>
<RootTerm CovItemId="C20" CovItemPrefix="com.aconex.coding.challenge.NumberToAlphaConverter.java" Intrnl_Id="244">
<OpTerm BooleanOpId="4" Intrnl_Id="245">
<OpTerm BooleanOpId="2" Intrnl_Id="246">
<OpTerm BooleanOpId="3" Intrnl_Id="247">
<BasicBoolTerm Intrnl_Id="248">
<LocList>
<Loc EndOffset="4789" SrcFileId="1" StartOffset="4771"/>
</LocList>
</BasicBoolTerm>
<BasicBoolTerm Intrnl_Id="249">
<LocList>
<Loc EndOffset="4809" SrcFileId="1" StartOffset="4793"/>
</LocList>
</BasicBoolTerm>
<LocList>
<Loc EndOffset="4792" SrcFileId="1" StartOffset="4790"/>
</LocList>
</OpTerm>
<LocList>
<Loc EndOffset="4770" SrcFileId="1" StartOffset="4769"/>
</LocList>
</OpTerm>
<BasicBoolTerm Intrnl_Id="250">
<LocList>
<Loc EndOffset="4832" SrcFileId="1" StartOffset="4814"/>
</LocList>
</BasicBoolTerm>
<LocList>
<Loc EndOffset="4813" SrcFileId="1" StartOffset="4811"/>
</LocList>
</OpTerm>
</RootTerm>
</CondStmnt>
</StmntSeq>
<Keyword EndOffset="4678" SrcFileId="1" StartOffset="4675"/>
<LocList>
<Loc EndOffset="4892" SrcFileId="1" StartOffset="4675"/>
</LocList>
</LoopStmnt>
</StmntSeq>
</Branch>
<Branch CovItemId="B34" CovItemPrefix="com.aconex.coding.challenge.NumberToAlphaConverter.java" Implct="true" Intrnl_Id="251">
<Cond/>
<LocList/>
<StmntSeq Intrnl_Id="252">
<LocList/>
</StmntSeq>
</Branch>
<Keyword EndOffset="4641" SrcFileId="1" StartOffset="4639"/>
<LocList>
<Loc EndOffset="4901" SrcFileId="1" StartOffset="4639"/>
</LocList>
<RootTerm CovItemId="C19" CovItemPrefix="com.aconex.coding.challenge.NumberToAlphaConverter.java" Intrnl_Id="253">
<BasicBoolTerm Intrnl_Id="254">
<LocList>
<Loc EndOffset="4664" SrcFileId="1" StartOffset="4642"/>
</LocList>
</BasicBoolTerm>
</RootTerm>
</CondStmnt>
</StmntSeq>
</Branch>
<Keyword EndOffset="4212" SrcFileId="1" StartOffset="4210"/>
<LocList>
<Loc EndOffset="4909" SrcFileId="1" StartOffset="4210"/>
</LocList>
<RootTerm CovItemId="C17" CovItemPrefix="com.aconex.coding.challenge.NumberToAlphaConverter.java" Intrnl_Id="255">
<BasicBoolTerm Intrnl_Id="256">
<LocList>
<Loc EndOffset="4273" SrcFileId="1" StartOffset="4213"/>
</LocList>
</BasicBoolTerm>
</RootTerm>
</CondStmnt>
<CondStmnt CovItemId="S98" CovItemPrefix="com.aconex.coding.challenge.NumberToAlphaConverter.java" Intrnl_Id="257">
<Branch CovItemId="B37" CovItemPrefix="com.aconex.coding.challenge.NumberToAlphaConverter.java" Implct="false" Intrnl_Id="258">
<Cond/>
<LocList>
<Loc EndOffset="5708" SrcFileId="1" StartOffset="4936"/>
</LocList>
<StmntSeq Intrnl_Id="259">
<LocList>
<Loc EndOffset="5064" SrcFileId="1" StartOffset="4945"/>
<Loc EndOffset="5700" SrcFileId="1" StartOffset="5072"/>
</LocList>
<BasicStmnt CovItemId="S99" CovItemPrefix="com.aconex.coding.challenge.NumberToAlphaConverter.java" Intrnl_Id="260">
<LocList>
<Loc EndOffset="5064" SrcFileId="1" StartOffset="4945"/>
</LocList>
</BasicStmnt>
<CondStmnt CovItemId="S100" CovItemPrefix="com.aconex.coding.challenge.NumberToAlphaConverter.java" Intrnl_Id="261">
<Branch CovItemId="B39" CovItemPrefix="com.aconex.coding.challenge.NumberToAlphaConverter.java" Implct="false" Intrnl_Id="262">
<Cond/>
<LocList>
<Loc EndOffset="5700" SrcFileId="1" StartOffset="5107"/>
</LocList>
<StmntSeq Intrnl_Id="263">
<LocList>
<Loc EndOffset="5691" SrcFileId="1" StartOffset="5117"/>
</LocList>
<LoopStmnt CovItemId="S101" CovItemPrefix="com.aconex.coding.challenge.NumberToAlphaConverter.java" Intrnl_Id="264" MltplExecId="L6-2" MltplExecPrefix="com.aconex.coding.challenge.NumberToAlphaConverter.java" NvrExecId="L6-0" NvrExecPrefix="com.aconex.coding.challenge.NumberToAlphaConverter.java" OnceExecutedId="L6-1" OnceExecutedPrefix="com.aconex.coding.challenge.NumberToAlphaConverter.java" OptBodyExec="true">
<StmntSeq Intrnl_Id="265">
<LocList>
<Loc EndOffset="5292" SrcFileId="1" StartOffset="5190"/>
<Loc EndOffset="5681" SrcFileId="1" StartOffset="5302"/>
</LocList>
<BasicStmnt CovItemId="S102" CovItemPrefix="com.aconex.coding.challenge.NumberToAlphaConverter.java" Intrnl_Id="266">
<LocList>
<Loc EndOffset="5292" SrcFileId="1" StartOffset="5190"/>
</LocList>
</BasicStmnt>
<CondStmnt CovItemId="S103" CovItemPrefix="com.aconex.coding.challenge.NumberToAlphaConverter.java" Intrnl_Id="267">
<Branch CovItemId="B41" CovItemPrefix="com.aconex.coding.challenge.NumberToAlphaConverter.java" Implct="false" Intrnl_Id="268">
<Cond/>
<LocList>
<Loc EndOffset="5681" SrcFileId="1" StartOffset="5396"/>
</LocList>
<StmntSeq Intrnl_Id="269">
<LocList>
<Loc EndOffset="5670" SrcFileId="1" StartOffset="5408"/>
</LocList>
<CondStmnt CovItemId="S104" CovItemPrefix="com.aconex.coding.challenge.NumberToAlphaConverter.java" Intrnl_Id="270">
<Branch CovItemId="B43" CovItemPrefix="com.aconex.coding.challenge.NumberToAlphaConverter.java" Implct="false" Intrnl_Id="271">
<Cond/>
<LocList>
<Loc EndOffset="5577" SrcFileId="1" StartOffset="5429"/>
</LocList>
<StmntSeq Intrnl_Id="272">
<LocList>
<Loc EndOffset="5565" SrcFileId="1" StartOffset="5442"/>
</LocList>
<BasicStmnt CovItemId="S105" CovItemPrefix="com.aconex.coding.challenge.NumberToAlphaConverter.java" Intrnl_Id="273">
<LocList>
<Loc EndOffset="5565" SrcFileId="1" StartOffset="5442"/>
</LocList>
</BasicStmnt>
</StmntSeq>
</Branch>
<Branch CovItemId="B44" CovItemPrefix="com.aconex.coding.challenge.NumberToAlphaConverter.java" Implct="false" Intrnl_Id="274">
<Cond>
<Loc EndOffset="5581" SrcFileId="1" StartOffset="5577"/>
</Cond>
<LocList>
<Loc EndOffset="5670" SrcFileId="1" StartOffset="5581"/>
</LocList>
<StmntSeq Intrnl_Id="275">
<LocList>
<Loc EndOffset="5658" SrcFileId="1" StartOffset="5594"/>
</LocList>
<BasicStmnt CovItemId="S106" CovItemPrefix="com.aconex.coding.challenge.NumberToAlphaConverter.java" Intrnl_Id="276">
<LocList>
<Loc EndOffset="5658" SrcFileId="1" StartOffset="5594"/>
</LocList>
</BasicStmnt>
</StmntSeq>
</Branch>
<Keyword EndOffset="5410" SrcFileId="1" StartOffset="5408"/>
<LocList>
<Loc EndOffset="5670" SrcFileId="1" StartOffset="5408"/>
</LocList>
<RootTerm CovItemId="C24" CovItemPrefix="com.aconex.coding.challenge.NumberToAlphaConverter.java" Intrnl_Id="277">
<BasicBoolTerm Intrnl_Id="278">
<LocList>
<Loc EndOffset="5428" SrcFileId="1" StartOffset="5411"/>
</LocList>
</BasicBoolTerm>
</RootTerm>
</CondStmnt>
</StmntSeq>
</Branch>
<Branch CovItemId="B42" CovItemPrefix="com.aconex.coding.challenge.NumberToAlphaConverter.java" Implct="true" Intrnl_Id="279">
<Cond/>
<LocList/>
<StmntSeq Intrnl_Id="280">
<LocList/>
</StmntSeq>
</Branch>
<Keyword EndOffset="5304" SrcFileId="1" StartOffset="5302"/>
<LocList>
<Loc EndOffset="5681" SrcFileId="1" StartOffset="5302"/>
</LocList>
<RootTerm CovItemId="C23" CovItemPrefix="com.aconex.coding.challenge.NumberToAlphaConverter.java" Intrnl_Id="281">
<BasicBoolTerm Intrnl_Id="282">
<LocList>
<Loc EndOffset="5395" SrcFileId="1" StartOffset="5305"/>
</LocList>
</BasicBoolTerm>
</RootTerm>
</CondStmnt>
</StmntSeq>
<Keyword EndOffset="5120" SrcFileId="1" StartOffset="5117"/>
<LocList>
<Loc EndOffset="5691" SrcFileId="1" StartOffset="5117"/>
</LocList>
</LoopStmnt>
</StmntSeq>
</Branch>
<Branch CovItemId="B40" CovItemPrefix="com.aconex.coding.challenge.NumberToAlphaConverter.java" Implct="true" Intrnl_Id="283">
<Cond/>
<LocList/>
<StmntSeq Intrnl_Id="284">
<LocList/>
</StmntSeq>
</Branch>
<Keyword EndOffset="5074" SrcFileId="1" StartOffset="5072"/>
<LocList>
<Loc EndOffset="5700" SrcFileId="1" StartOffset="5072"/>
</LocList>
<RootTerm CovItemId="C22" CovItemPrefix="com.aconex.coding.challenge.NumberToAlphaConverter.java" Intrnl_Id="285">
<BasicBoolTerm Intrnl_Id="286">
<LocList>
<Loc EndOffset="5106" SrcFileId="1" StartOffset="5075"/>
</LocList>
</BasicBoolTerm>
</RootTerm>
</CondStmnt>
</StmntSeq>
</Branch>
<Branch CovItemId="B38" CovItemPrefix="com.aconex.coding.challenge.NumberToAlphaConverter.java" Implct="true" Intrnl_Id="287">
<Cond/>
<LocList/>
<StmntSeq Intrnl_Id="288">
<LocList/>
</StmntSeq>
</Branch>
<Keyword EndOffset="4918" SrcFileId="1" StartOffset="4916"/>
<LocList>
<Loc EndOffset="5708" SrcFileId="1" StartOffset="4916"/>
</LocList>
<RootTerm CovItemId="C21" CovItemPrefix="com.aconex.coding.challenge.NumberToAlphaConverter.java" Intrnl_Id="289">
<BasicBoolTerm Intrnl_Id="290">
<LocList>
<Loc EndOffset="4935" SrcFileId="1" StartOffset="4919"/>
</LocList>
</BasicBoolTerm>
</RootTerm>
</CondStmnt>
</StmntSeq>
<Keyword EndOffset="4080" SrcFileId="1" StartOffset="4077"/>
<LocList>
<Loc EndOffset="5715" SrcFileId="1" StartOffset="4077"/>
</LocList>
</LoopStmnt>
</StmntSeq>
<Keyword EndOffset="3895" SrcFileId="1" StartOffset="3892"/>
<LocList>
<Loc EndOffset="5721" SrcFileId="1" StartOffset="3892"/>
</LocList>
</LoopStmnt>
</StmntSeq>
</Branch>
<Branch CovItemId="B28" CovItemPrefix="com.aconex.coding.challenge.NumberToAlphaConverter.java" Implct="false" Intrnl_Id="291">
<Cond>
<Loc EndOffset="5730" SrcFileId="1" StartOffset="5726"/>
</Cond>
<LocList>
<Loc EndOffset="5847" SrcFileId="1" StartOffset="5731"/>
</LocList>
<StmntSeq Intrnl_Id="292">
<LocList>
<Loc EndOffset="5847" SrcFileId="1" StartOffset="5731"/>
</LocList>
<CondStmnt CovItemId="S107" CovItemPrefix="com.aconex.coding.challenge.NumberToAlphaConverter.java" Intrnl_Id="293">
<Branch CovItemId="B45" CovItemPrefix="com.aconex.coding.challenge.NumberToAlphaConverter.java" Implct="false" Intrnl_Id="294">
<Cond/>
<LocList>
<Loc EndOffset="5847" SrcFileId="1" StartOffset="5747"/>
</LocList>
<StmntSeq Intrnl_Id="295">
<LocList>
<Loc EndOffset="5842" SrcFileId="1" StartOffset="5753"/>
</LocList>
<LoopStmnt CovItemId="S108" CovItemPrefix="com.aconex.coding.challenge.NumberToAlphaConverter.java" Intrnl_Id="296" MltplExecId="L7-2" MltplExecPrefix="com.aconex.coding.challenge.NumberToAlphaConverter.java" NvrExecId="L7-0" NvrExecPrefix="com.aconex.coding.challenge.NumberToAlphaConverter.java" OnceExecutedId="L7-1" OnceExecutedPrefix="com.aconex.coding.challenge.NumberToAlphaConverter.java" OptBodyExec="true">
<StmntSeq Intrnl_Id="297">
<LocList>
<Loc EndOffset="5836" SrcFileId="1" StartOffset="5804"/>
</LocList>
<BasicStmnt CovItemId="S109" CovItemPrefix="com.aconex.coding.challenge.NumberToAlphaConverter.java" Intrnl_Id="298">
<LocList>
<Loc EndOffset="5836" SrcFileId="1" StartOffset="5804"/>
</LocList>
</BasicStmnt>
</StmntSeq>
<Keyword EndOffset="5756" SrcFileId="1" StartOffset="5753"/>
<LocList>
<Loc EndOffset="5842" SrcFileId="1" StartOffset="5753"/>
</LocList>
</LoopStmnt>
</StmntSeq>
</Branch>
<Branch CovItemId="B46" CovItemPrefix="com.aconex.coding.challenge.NumberToAlphaConverter.java" Implct="true" Intrnl_Id="299">
<Cond/>
<LocList/>
<StmntSeq Intrnl_Id="300">
<LocList/>
</StmntSeq>
</Branch>
<Keyword EndOffset="5733" SrcFileId="1" StartOffset="5731"/>
<LocList>
<Loc EndOffset="5847" SrcFileId="1" StartOffset="5731"/>
</LocList>
<RootTerm CovItemId="C25" CovItemPrefix="com.aconex.coding.challenge.NumberToAlphaConverter.java" Intrnl_Id="301">
<BasicBoolTerm Intrnl_Id="302">
<LocList>
<Loc EndOffset="5746" SrcFileId="1" StartOffset="5734"/>
</LocList>
</BasicBoolTerm>
</RootTerm>
</CondStmnt>
</StmntSeq>
</Branch>
<Keyword EndOffset="3866" SrcFileId="1" StartOffset="3864"/>
<LocList>
<Loc EndOffset="5847" SrcFileId="1" StartOffset="3864"/>
</LocList>
<RootTerm CovItemId="C16" CovItemPrefix="com.aconex.coding.challenge.NumberToAlphaConverter.java" Intrnl_Id="303">
<BasicBoolTerm Intrnl_Id="304">
<LocList>
<Loc EndOffset="3885" SrcFileId="1" StartOffset="3867"/>
</LocList>
</BasicBoolTerm>
</RootTerm>
</CondStmnt>
<BasicStmnt CovItemId="S110" CovItemPrefix="com.aconex.coding.challenge.NumberToAlphaConverter.java" Intrnl_Id="305">
<LocList>
<Loc EndOffset="5871" SrcFileId="1" StartOffset="5851"/>
</LocList>
</BasicStmnt>
</StmntSeq>
</HierarchyLvl>
<HierarchyLvl HierarchyLvlId="731" HierarchyLvlTypeId="7" Intrnl_Id="306" Name="convertToAlpha">
<Header>
<Loc EndOffset="5945" SrcFileId="1" StartOffset="5884"/>
</Header>
<LocList>
<Loc EndOffset="7150" SrcFileId="1" StartOffset="5884"/>
</LocList>
<StmntSeq Intrnl_Id="307">
<LocList>
<Loc EndOffset="5996" SrcFileId="1" StartOffset="5950"/>
<Loc EndOffset="6023" SrcFileId="1" StartOffset="6000"/>
<Loc EndOffset="7125" SrcFileId="1" StartOffset="6027"/>
<Loc EndOffset="7146" SrcFileId="1" StartOffset="7129"/>
</LocList>
<BasicStmnt CovItemId="S111" CovItemPrefix="com.aconex.coding.challenge.NumberToAlphaConverter.java" Intrnl_Id="308">
<LocList>
<Loc EndOffset="5996" SrcFileId="1" StartOffset="5950"/>
</LocList>
</BasicStmnt>
<BasicStmnt CovItemId="S112" CovItemPrefix="com.aconex.coding.challenge.NumberToAlphaConverter.java" Intrnl_Id="309">
<LocList>
<Loc EndOffset="6023" SrcFileId="1" StartOffset="6000"/>
</LocList>
</BasicStmnt>
<LoopStmnt CovItemId="S113" CovItemPrefix="com.aconex.coding.challenge.NumberToAlphaConverter.java" Intrnl_Id="310" MltplExecId="L8-2" MltplExecPrefix="com.aconex.coding.challenge.NumberToAlphaConverter.java" NvrExecId="L8-0" NvrExecPrefix="com.aconex.coding.challenge.NumberToAlphaConverter.java" OnceExecutedId="L8-1" OnceExecutedPrefix="com.aconex.coding.challenge.NumberToAlphaConverter.java" OptBodyExec="true">
<StmntSeq Intrnl_Id="311">
<LocList>
<Loc EndOffset="6115" SrcFileId="1" StartOffset="6081"/>
<Loc EndOffset="7120" SrcFileId="1" StartOffset="6120"/>
</LocList>
<BasicStmnt CovItemId="S114" CovItemPrefix="com.aconex.coding.challenge.NumberToAlphaConverter.java" Intrnl_Id="312">
<LocList>
<Loc EndOffset="6115" SrcFileId="1" StartOffset="6081"/>
</LocList>
</BasicStmnt>
<CondStmnt CovItemId="S115" CovItemPrefix="com.aconex.coding.challenge.NumberToAlphaConverter.java" Intrnl_Id="313">
<Branch CovItemId="B47" CovItemPrefix="com.aconex.coding.challenge.NumberToAlphaConverter.java" Implct="false" Intrnl_Id="314">
<Cond/>
<LocList>
<Loc EndOffset="7120" SrcFileId="1" StartOffset="6192"/>
</LocList>
<StmntSeq Intrnl_Id="315">
<LocList>
<Loc EndOffset="7042" SrcFileId="1" StartOffset="6199"/>
<Loc EndOffset="7092" SrcFileId="1" StartOffset="7048"/>
<Loc EndOffset="7114" SrcFileId="1" StartOffset="7098"/>
</LocList>
<CondStmnt CovItemId="S116" CovItemPrefix="com.aconex.coding.challenge.NumberToAlphaConverter.java" Intrnl_Id="316">
<Branch CovItemId="B49" CovItemPrefix="com.aconex.coding.challenge.NumberToAlphaConverter.java" Implct="false" Intrnl_Id="317">
<Cond/>
<LocList>
<Loc EndOffset="6827" SrcFileId="1" StartOffset="6215"/>
</LocList>
<StmntSeq Intrnl_Id="318">
<LocList>
<Loc EndOffset="6275" SrcFileId="1" StartOffset="6223"/>
<Loc EndOffset="6719" SrcFileId="1" StartOffset="6282"/>
<Loc EndOffset="6744" SrcFileId="1" StartOffset="6726"/>
<Loc EndOffset="6820" SrcFileId="1" StartOffset="6751"/>
</LocList>
<BasicStmnt CovItemId="S117" CovItemPrefix="com.aconex.coding.challenge.NumberToAlphaConverter.java" Intrnl_Id="319">
<LocList>
<Loc EndOffset="6275" SrcFileId="1" StartOffset="6223"/>
</LocList>
</BasicStmnt>
<CondStmnt CovItemId="S118" CovItemPrefix="com.aconex.coding.challenge.NumberToAlphaConverter.java" Intrnl_Id="320">
<Branch CovItemId="B51" CovItemPrefix="com.aconex.coding.challenge.NumberToAlphaConverter.java" Implct="false" Intrnl_Id="321">
<Cond/>
<LocList>
<Loc EndOffset="6335" SrcFileId="1" StartOffset="6293"/>
</LocList>
<StmntSeq Intrnl_Id="322">
<LocList>
<Loc EndOffset="6327" SrcFileId="1" StartOffset="6302"/>
</LocList>
<BasicStmnt CovItemId="S119" CovItemPrefix="com.aconex.coding.challenge.NumberToAlphaConverter.java" Intrnl_Id="323">
<LocList>
<Loc EndOffset="6327" SrcFileId="1" StartOffset="6302"/>
</LocList>
</BasicStmnt>
</StmntSeq>
</Branch>
<Branch CovItemId="B52" CovItemPrefix="com.aconex.coding.challenge.NumberToAlphaConverter.java" Implct="false" Intrnl_Id="324">
<Cond>
<Loc EndOffset="6339" SrcFileId="1" StartOffset="6335"/>
</Cond>
<LocList>
<Loc EndOffset="6719" SrcFileId="1" StartOffset="6339"/>
</LocList>
<StmntSeq Intrnl_Id="325">
<LocList>
<Loc EndOffset="6711" SrcFileId="1" StartOffset="6348"/>
</LocList>
<LoopStmnt CovItemId="S120" CovItemPrefix="com.aconex.coding.challenge.NumberToAlphaConverter.java" Intrnl_Id="326" MltplExecId="L9-2" MltplExecPrefix="com.aconex.coding.challenge.NumberToAlphaConverter.java" NvrExecId="L9-0" NvrExecPrefix="com.aconex.coding.challenge.NumberToAlphaConverter.java" OnceExecutedId="L9-1" OnceExecutedPrefix="com.aconex.coding.challenge.NumberToAlphaConverter.java" OptBodyExec="true">
<StmntSeq Intrnl_Id="327">
<LocList>
<Loc EndOffset="6453" SrcFileId="1" StartOffset="6392"/>
<Loc EndOffset="6702" SrcFileId="1" StartOffset="6462"/>
</LocList>
<BasicStmnt CovItemId="S121" CovItemPrefix="com.aconex.coding.challenge.NumberToAlphaConverter.java" Intrnl_Id="328">
<LocList>
<Loc EndOffset="6453" SrcFileId="1" StartOffset="6392"/>
</LocList>
</BasicStmnt>
<CondStmnt CovItemId="S122" CovItemPrefix="com.aconex.coding.challenge.NumberToAlphaConverter.java" Intrnl_Id="329">
<Branch CovItemId="B53" CovItemPrefix="com.aconex.coding.challenge.NumberToAlphaConverter.java" Implct="false" Intrnl_Id="330">
<Cond/>
<LocList>
<Loc EndOffset="6702" SrcFileId="1" StartOffset="6505"/>
</LocList>
<StmntSeq Intrnl_Id="331">
<LocList>
<Loc EndOffset="6568" SrcFileId="1" StartOffset="6516"/>
<Loc EndOffset="6692" SrcFileId="1" StartOffset="6578"/>
</LocList>
<BasicStmnt CovItemId="S123" CovItemPrefix="com.aconex.coding.challenge.NumberToAlphaConverter.java" Intrnl_Id="332">
<LocList>
<Loc EndOffset="6568" SrcFileId="1" StartOffset="6516"/>
</LocList>
</BasicStmnt>
<CondStmnt CovItemId="S124" CovItemPrefix="com.aconex.coding.challenge.NumberToAlphaConverter.java" Intrnl_Id="333">
<Branch CovItemId="B55" CovItemPrefix="com.aconex.coding.challenge.NumberToAlphaConverter.java" Implct="false" Intrnl_Id="334">
<Cond/>
<LocList>
<Loc EndOffset="6692" SrcFileId="1" StartOffset="6623"/>
</LocList>
<StmntSeq Intrnl_Id="335">
<LocList>
<Loc EndOffset="6681" SrcFileId="1" StartOffset="6635"/>
</LocList>
<BasicStmnt CovItemId="S125" CovItemPrefix="com.aconex.coding.challenge.NumberToAlphaConverter.java" Intrnl_Id="336">
<LocList>
<Loc EndOffset="6681" SrcFileId="1" StartOffset="6635"/>
</LocList>
</BasicStmnt>
</StmntSeq>
</Branch>
<Branch CovItemId="B56" CovItemPrefix="com.aconex.coding.challenge.NumberToAlphaConverter.java" Implct="true" Intrnl_Id="337">
<Cond/>
<LocList/>
<StmntSeq Intrnl_Id="338">
<LocList/>
</StmntSeq>
</Branch>
<Keyword EndOffset="6580" SrcFileId="1" StartOffset="6578"/>
<LocList>
<Loc EndOffset="6692" SrcFileId="1" StartOffset="6578"/>
</LocList>
<RootTerm CovItemId="C31" CovItemPrefix="com.aconex.coding.challenge.NumberToAlphaConverter.java" Intrnl_Id="339">
<BasicBoolTerm Intrnl_Id="340">
<LocList>
<Loc EndOffset="6622" SrcFileId="1" StartOffset="6581"/>
</LocList>
</BasicBoolTerm>
</RootTerm>
</CondStmnt>
</StmntSeq>
</Branch>
<Branch CovItemId="B54" CovItemPrefix="com.aconex.coding.challenge.NumberToAlphaConverter.java" Implct="true" Intrnl_Id="341">
<Cond/>
<LocList/>
<StmntSeq Intrnl_Id="342">
<LocList/>
</StmntSeq>
</Branch>
<Keyword EndOffset="6464" SrcFileId="1" StartOffset="6462"/>
<LocList>
<Loc EndOffset="6702" SrcFileId="1" StartOffset="6462"/>
</LocList>
<RootTerm CovItemId="C30" CovItemPrefix="com.aconex.coding.challenge.NumberToAlphaConverter.java" Intrnl_Id="343">
<BasicBoolTerm Intrnl_Id="344">
<LocList>
<Loc EndOffset="6504" SrcFileId="1" StartOffset="6465"/>
</LocList>
</BasicBoolTerm>
</RootTerm>
</CondStmnt>
</StmntSeq>
<Keyword EndOffset="6351" SrcFileId="1" StartOffset="6348"/>
<LocList>
<Loc EndOffset="6711" SrcFileId="1" StartOffset="6348"/>
</LocList>
</LoopStmnt>
</StmntSeq>
</Branch>
<Keyword EndOffset="6284" SrcFileId="1" StartOffset="6282"/>
<LocList>
<Loc EndOffset="6719" SrcFileId="1" StartOffset="6282"/>
</LocList>
<RootTerm CovItemId="C29" CovItemPrefix="com.aconex.coding.challenge.NumberToAlphaConverter.java" Intrnl_Id="345">
<BasicBoolTerm Intrnl_Id="346">
<LocList>
<Loc EndOffset="6292" SrcFileId="1" StartOffset="6285"/>
</LocList>
</BasicBoolTerm>
</RootTerm>
</CondStmnt>
<BasicStmnt CovItemId="S126" CovItemPrefix="com.aconex.coding.challenge.NumberToAlphaConverter.java" Intrnl_Id="347">
<LocList>
<Loc EndOffset="6744" SrcFileId="1" StartOffset="6726"/>
</LocList>
</BasicStmnt>
<LoopStmnt CovItemId="S127" CovItemPrefix="com.aconex.coding.challenge.NumberToAlphaConverter.java" Intrnl_Id="348" MltplExecId="L10-2" MltplExecPrefix="com.aconex.coding.challenge.NumberToAlphaConverter.java" NvrExecId="L10-0" NvrExecPrefix="com.aconex.coding.challenge.NumberToAlphaConverter.java" OnceExecutedId="L10-1" OnceExecutedPrefix="com.aconex.coding.challenge.NumberToAlphaConverter.java" OptBodyExec="true">
<StmntSeq Intrnl_Id="349">
<LocList>
<Loc EndOffset="6812" SrcFileId="1" StartOffset="6793"/>
</LocList>
<BasicStmnt CovItemId="S128" CovItemPrefix="com.aconex.coding.challenge.NumberToAlphaConverter.java" Intrnl_Id="350">
<LocList>
<Loc EndOffset="6812" SrcFileId="1" StartOffset="6793"/>
</LocList>
</BasicStmnt>
</StmntSeq>
<Keyword EndOffset="6754" SrcFileId="1" StartOffset="6751"/>
<LocList>
<Loc EndOffset="6820" SrcFileId="1" StartOffset="6751"/>
</LocList>
</LoopStmnt>
</StmntSeq>
</Branch>
<Branch CovItemId="B50" CovItemPrefix="com.aconex.coding.challenge.NumberToAlphaConverter.java" Implct="false" Intrnl_Id="351">
<Cond>
<Loc EndOffset="6831" SrcFileId="1" StartOffset="6827"/>
</Cond>
<LocList>
<Loc EndOffset="7042" SrcFileId="1" StartOffset="6831"/>
</LocList>
<StmntSeq Intrnl_Id="352">
<LocList>
<Loc EndOffset="6921" SrcFileId="1" StartOffset="6839"/>
<Loc EndOffset="7035" SrcFileId="1" StartOffset="6928"/>
</LocList>
<BasicStmnt CovItemId="S129" CovItemPrefix="com.aconex.coding.challenge.NumberToAlphaConverter.java" Intrnl_Id="353">
<LocList>
<Loc EndOffset="6921" SrcFileId="1" StartOffset="6839"/>
</LocList>
</BasicStmnt>
<BasicStmnt CovItemId="S130" CovItemPrefix="com.aconex.coding.challenge.NumberToAlphaConverter.java" Intrnl_Id="354">
<LocList>
<Loc EndOffset="7035" SrcFileId="1" StartOffset="6928"/>
</LocList>
</BasicStmnt>
</StmntSeq>
</Branch>
<Keyword EndOffset="6201" SrcFileId="1" StartOffset="6199"/>
<LocList>
<Loc EndOffset="7042" SrcFileId="1" StartOffset="6199"/>
</LocList>
<RootTerm CovItemId="C28" CovItemPrefix="com.aconex.coding.challenge.NumberToAlphaConverter.java" Intrnl_Id="355">
<BasicBoolTerm Intrnl_Id="356">
<LocList>
<Loc EndOffset="6214" SrcFileId="1" StartOffset="6202"/>
</LocList>
</BasicBoolTerm>
</RootTerm>
</CondStmnt>
<CondStmnt CovItemId="S131" CovItemPrefix="com.aconex.coding.challenge.NumberToAlphaConverter.java" Intrnl_Id="357">
<Branch CovItemId="B57" CovItemPrefix="com.aconex.coding.challenge.NumberToAlphaConverter.java" Implct="false" Intrnl_Id="358">
<Cond/>
<LocList>
<Loc EndOffset="7092" SrcFileId="1" StartOffset="7071"/>
</LocList>
<StmntSeq Intrnl_Id="359">
<LocList>
<Loc EndOffset="7085" SrcFileId="1" StartOffset="7079"/>
</LocList>
<BasicStmnt CovItemId="S132" CovItemPrefix="com.aconex.coding.challenge.NumberToAlphaConverter.java" Intrnl_Id="360">
<LocList>
<Loc EndOffset="7085" SrcFileId="1" StartOffset="7079"/>
</LocList>
</BasicStmnt>
</StmntSeq>
</Branch>
<Branch CovItemId="B58" CovItemPrefix="com.aconex.coding.challenge.NumberToAlphaConverter.java" Implct="true" Intrnl_Id="361">
<Cond/>
<LocList/>
<StmntSeq Intrnl_Id="362">
<LocList/>
</StmntSeq>
</Branch>
<Keyword EndOffset="7050" SrcFileId="1" StartOffset="7048"/>
<LocList>
<Loc EndOffset="7092" SrcFileId="1" StartOffset="7048"/>
</LocList>
<RootTerm CovItemId="C32" CovItemPrefix="com.aconex.coding.challenge.NumberToAlphaConverter.java" Intrnl_Id="363">
<BasicBoolTerm Intrnl_Id="364">
<LocList>
<Loc EndOffset="7070" SrcFileId="1" StartOffset="7051"/>
</LocList>
</BasicBoolTerm>
</RootTerm>
</CondStmnt>
<BasicStmnt CovItemId="S133" CovItemPrefix="com.aconex.coding.challenge.NumberToAlphaConverter.java" Intrnl_Id="365">
<LocList>
<Loc EndOffset="7114" SrcFileId="1" StartOffset="7098"/>
</LocList>
</BasicStmnt>
</StmntSeq>
</Branch>
<Branch CovItemId="B48" CovItemPrefix="com.aconex.coding.challenge.NumberToAlphaConverter.java" Implct="true" Intrnl_Id="366">
<Cond/>
<LocList/>
<StmntSeq Intrnl_Id="367">
<LocList/>
</StmntSeq>
</Branch>
<Keyword EndOffset="6122" SrcFileId="1" StartOffset="6120"/>
<LocList>
<Loc EndOffset="7120" SrcFileId="1" StartOffset="6120"/>
</LocList>
<RootTerm CovItemId="C27" CovItemPrefix="com.aconex.coding.challenge.NumberToAlphaConverter.java" Intrnl_Id="368">
<OpTerm BooleanOpId="4" Intrnl_Id="369">
<BasicBoolTerm Intrnl_Id="370">
<LocList>
<Loc EndOffset="6175" SrcFileId="1" StartOffset="6123"/>
</LocList>
</BasicBoolTerm>
<BasicBoolTerm Intrnl_Id="371">
<LocList>
<Loc EndOffset="6191" SrcFileId="1" StartOffset="6179"/>
</LocList>
</BasicBoolTerm>
<LocList>
<Loc EndOffset="6178" SrcFileId="1" StartOffset="6176"/>
</LocList>
</OpTerm>
</RootTerm>
</CondStmnt>
</StmntSeq>
<Keyword EndOffset="6030" SrcFileId="1" StartOffset="6027"/>
<LocList>
<Loc EndOffset="7125" SrcFileId="1" StartOffset="6027"/>
</LocList>
<RootTerm CovItemId="C26" CovItemPrefix="com.aconex.coding.challenge.NumberToAlphaConverter.java" Intrnl_Id="372">
<BasicBoolTerm Intrnl_Id="373">
<LocList>
<Loc EndOffset="6066" SrcFileId="1" StartOffset="6045"/>
</LocList>
</BasicBoolTerm>
</RootTerm>
</LoopStmnt>
<BasicStmnt CovItemId="S134" CovItemPrefix="com.aconex.coding.challenge.NumberToAlphaConverter.java" Intrnl_Id="374">
<LocList>
<Loc EndOffset="7146" SrcFileId="1" StartOffset="7129"/>
</LocList>
</BasicStmnt>
</StmntSeq>
</HierarchyLvl>
</HierarchyLvl>
</HierarchyLvl>
</HierarchyLvl>
</HierarchyLvl>
</HierarchyLvl>
</HierarchyLvl>
</MASTRoot>
<TestSession Comment="" Date="1421776734276" Name="20 Jan, 2015 11:28:54 PM">
<TestCase Comment="This is a test case containing all coverage results cause no startTestCase methods where captured." Date="1421776734073" Name="UNNAMED TESTCASE">
<CovList>
<CovPrefix CovItemPrefix="com.aconex.coding.challenge.NumberToAlphaConverter.java">
<Cov CovItemId="B1" Value="297"/>
<Cov CovItemId="B10" Value="119"/>
<Cov CovItemId="B11" Value="38"/>
<Cov CovItemId="B12" Value="81"/>
<Cov CovItemId="B13" Value="45"/>
<Cov CovItemId="B14" Value="36"/>
<Cov CovItemId="B15" Value="35"/>
<Cov CovItemId="B16" Value="1"/>
<Cov CovItemId="B18" Value="1"/>
<Cov CovItemId="B19" Value="712"/>
<Cov CovItemId="B2" Value="1798"/>
<Cov CovItemId="B20" Value="998"/>
<Cov CovItemId="B21" Value="165"/>
<Cov CovItemId="B22" Value="547"/>
<Cov CovItemId="B23" Value="12"/>
<Cov CovItemId="B24" Value="986"/>
<Cov CovItemId="B26" Value="12"/>
<Cov CovItemId="B27" Value="167"/>
<Cov CovItemId="B28" Value="14"/>
<Cov CovItemId="B29" Value="213"/>
<Cov CovItemId="B3" Value="62"/>
<Cov CovItemId="B30" Value="779"/>
<Cov CovItemId="B31" Value="106"/>
<Cov CovItemId="B32" Value="673"/>
<Cov CovItemId="B33" Value="165"/>
<Cov CovItemId="B34" Value="614"/>
<Cov CovItemId="B35" Value="72"/>
<Cov CovItemId="B36" Value="93"/>
<Cov CovItemId="B37" Value="660"/>
<Cov CovItemId="B38" Value="332"/>
<Cov CovItemId="B39" Value="423"/>
<Cov CovItemId="B4" Value="1736"/>
<Cov CovItemId="B40" Value="237"/>
<Cov CovItemId="B41" Value="30"/>
<Cov CovItemId="B42" Value="1375"/>
<Cov CovItemId="B43" Value="15"/>
<Cov CovItemId="B44" Value="15"/>
<Cov CovItemId="B45" Value="14"/>
<Cov CovItemId="B47" Value="186"/>
<Cov CovItemId="B48" Value="53"/>
<Cov CovItemId="B49" Value="5"/>
<Cov CovItemId="B5" Value="41"/>
<Cov CovItemId="B50" Value="181"/>
<Cov CovItemId="B51" Value="1"/>
<Cov CovItemId="B52" Value="4"/>
<Cov CovItemId="B53" Value="10"/>
<Cov CovItemId="B54" Value="2"/>
<Cov CovItemId="B55" Value="10"/>
<Cov CovItemId="B57" Value="1"/>
<Cov CovItemId="B58" Value="185"/>
<Cov CovItemId="B6" Value="124"/>
<Cov CovItemId="B8" Value="124"/>
<Cov CovItemId="B9" Value="5"/>
<Cov CovItemId="L1-1" Value="47"/>
<Cov CovItemId="L1-2" Value="267"/>
<Cov CovItemId="L10-1" Value="2"/>
<Cov CovItemId="L10-2" Value="3"/>
<Cov CovItemId="L2-0" Value="67"/>
<Cov CovItemId="L2-1" Value="324"/>
<Cov CovItemId="L2-2" Value="388"/>
<Cov CovItemId="L3-1" Value="101"/>
<Cov CovItemId="L3-2" Value="66"/>
<Cov CovItemId="L4-2" Value="302"/>
<Cov CovItemId="L5-1" Value="165"/>
<Cov CovItemId="L6-2" Value="423"/>
<Cov CovItemId="L7-2" Value="14"/>
<Cov CovItemId="L8-2" Value="15"/>
<Cov CovItemId="L9-2" Value="4"/>
<Cov CovItemId="S1" Value="1"/>
<Cov CovItemId="S10" Value="1"/>
<Cov CovItemId="S100" Value="660"/>
<Cov CovItemId="S101" Value="423"/>
<Cov CovItemId="S102" Value="1405"/>
<Cov CovItemId="S103" Value="1405"/>
<Cov CovItemId="S104" Value="30"/>
<Cov CovItemId="S105" Value="15"/>
<Cov CovItemId="S106" Value="15"/>
<Cov CovItemId="S107" Value="14"/>
<Cov CovItemId="S108" Value="14"/>
<Cov CovItemId="S109" Value="46"/>
<Cov CovItemId="S11" Value="1"/>
<Cov CovItemId="S110" Value="181"/>
<Cov CovItemId="S111" Value="15"/>
<Cov CovItemId="S112" Value="15"/>
<Cov CovItemId="S113" Value="15"/>
<Cov CovItemId="S114" Value="239"/>
<Cov CovItemId="S115" Value="239"/>
<Cov CovItemId="S116" Value="186"/>
<Cov CovItemId="S117" Value="5"/>
<Cov CovItemId="S118" Value="5"/>
<Cov CovItemId="S119" Value="1"/>
<Cov CovItemId="S12" Value="1"/>
<Cov CovItemId="S120" Value="4"/>
<Cov CovItemId="S121" Value="12"/>
<Cov CovItemId="S122" Value="12"/>
<Cov CovItemId="S123" Value="10"/>
<Cov CovItemId="S124" Value="10"/>
<Cov CovItemId="S125" Value="10"/>
<Cov CovItemId="S126" Value="5"/>
<Cov CovItemId="S127" Value="5"/>
<Cov CovItemId="S128" Value="11"/>
<Cov CovItemId="S129" Value="181"/>
<Cov CovItemId="S13" Value="1"/>
<Cov CovItemId="S130" Value="181"/>
<Cov CovItemId="S131" Value="186"/>
<Cov CovItemId="S132" Value="1"/>
<Cov CovItemId="S133" Value="185"/>
<Cov CovItemId="S134" Value="15"/>
<Cov CovItemId="S14" Value="1"/>
<Cov CovItemId="S15" Value="1"/>
<Cov CovItemId="S16" Value="1"/>
<Cov CovItemId="S17" Value="1"/>
<Cov CovItemId="S18" Value="1"/>
<Cov CovItemId="S19" Value="1"/>
<Cov CovItemId="S2" Value="1"/>
<Cov CovItemId="S20" Value="1"/>
<Cov CovItemId="S21" Value="1"/>
<Cov CovItemId="S22" Value="1"/>
<Cov CovItemId="S23" Value="1"/>
<Cov CovItemId="S24" Value="1"/>
<Cov CovItemId="S25" Value="1"/>
<Cov CovItemId="S26" Value="1"/>
<Cov CovItemId="S27" Value="1"/>
<Cov CovItemId="S28" Value="1"/>
<Cov CovItemId="S29" Value="1"/>
<Cov CovItemId="S3" Value="1"/>
<Cov CovItemId="S30" Value="1"/>
<Cov CovItemId="S31" Value="1"/>
<Cov CovItemId="S32" Value="1"/>
<Cov CovItemId="S33" Value="1"/>
<Cov CovItemId="S34" Value="1"/>
<Cov CovItemId="S35" Value="1"/>
<Cov CovItemId="S36" Value="1"/>
<Cov CovItemId="S37" Value="1"/>
<Cov CovItemId="S38" Value="1"/>
<Cov CovItemId="S39" Value="1"/>
<Cov CovItemId="S4" Value="1"/>
<Cov CovItemId="S40" Value="1"/>
<Cov CovItemId="S41" Value="1"/>
<Cov CovItemId="S42" Value="1"/>
<Cov CovItemId="S43" Value="1"/>
<Cov CovItemId="S44" Value="314"/>
<Cov CovItemId="S45" Value="314"/>
<Cov CovItemId="S46" Value="314"/>
<Cov CovItemId="S47" Value="314"/>
<Cov CovItemId="S48" Value="2095"/>
<Cov CovItemId="S49" Value="2095"/>
<Cov CovItemId="S5" Value="1"/>
<Cov CovItemId="S50" Value="297"/>
<Cov CovItemId="S51" Value="1798"/>
<Cov CovItemId="S52" Value="62"/>
<Cov CovItemId="S53" Value="314"/>
<Cov CovItemId="S54" Value="165"/>
<Cov CovItemId="S55" Value="41"/>
<Cov CovItemId="S56" Value="124"/>
<Cov CovItemId="S58" Value="124"/>
<Cov CovItemId="S59" Value="5"/>
<Cov CovItemId="S6" Value="1"/>
<Cov CovItemId="S60" Value="119"/>
<Cov CovItemId="S61" Value="38"/>
<Cov CovItemId="S62" Value="81"/>
<Cov CovItemId="S63" Value="45"/>
<Cov CovItemId="S64" Value="36"/>
<Cov CovItemId="S65" Value="35"/>
<Cov CovItemId="S66" Value="1"/>
<Cov CovItemId="S68" Value="1"/>
<Cov CovItemId="S69" Value="779"/>
<Cov CovItemId="S7" Value="1"/>
<Cov CovItemId="S70" Value="779"/>
<Cov CovItemId="S71" Value="1710"/>
<Cov CovItemId="S72" Value="712"/>
<Cov CovItemId="S73" Value="712"/>
<Cov CovItemId="S74" Value="165"/>
<Cov CovItemId="S75" Value="998"/>
<Cov CovItemId="S76" Value="998"/>
<Cov CovItemId="S77" Value="12"/>
<Cov CovItemId="S78" Value="12"/>
<Cov CovItemId="S8" Value="1"/>
<Cov CovItemId="S80" Value="779"/>
<Cov CovItemId="S81" Value="181"/>
<Cov CovItemId="S82" Value="181"/>
<Cov CovItemId="S83" Value="167"/>
<Cov CovItemId="S84" Value="302"/>
<Cov CovItemId="S85" Value="302"/>
<Cov CovItemId="S86" Value="302"/>
<Cov CovItemId="S87" Value="992"/>
<Cov CovItemId="S88" Value="992"/>
<Cov CovItemId="S89" Value="213"/>
<Cov CovItemId="S9" Value="1"/>
<Cov CovItemId="S90" Value="779"/>
<Cov CovItemId="S91" Value="106"/>
<Cov CovItemId="S92" Value="779"/>
<Cov CovItemId="S93" Value="779"/>
<Cov CovItemId="S94" Value="165"/>
<Cov CovItemId="S95" Value="165"/>
<Cov CovItemId="S96" Value="165"/>
<Cov CovItemId="S97" Value="72"/>
<Cov CovItemId="S98" Value="992"/>
<Cov CovItemId="S99" Value="660"/>
</CovPrefix>
</CovList>
<AssgnmntList>
<AssgnmntPrefix RootTermCovItemPrefix="com.aconex.coding.challenge.NumberToAlphaConverter.java">
<AssgnmntListEntry Length="1" RootTermCovItemId="C1">
<MapEntry BoolAssgnmnt="0" Value="314"/>
<MapEntry BoolAssgnmnt="1" Value="2095"/>
</AssgnmntListEntry>
<AssgnmntListEntry Length="2" RootTermCovItemId="C10">
<MapEntry BoolAssgnmnt="10" Value="1"/>
</AssgnmntListEntry>
<AssgnmntListEntry Length="1" RootTermCovItemId="C11">
<MapEntry BoolAssgnmnt="0" Value="779"/>
<MapEntry BoolAssgnmnt="1" Value="1710"/>
</AssgnmntListEntry>
<AssgnmntListEntry Length="1" RootTermCovItemId="C12">
<MapEntry BoolAssgnmnt="0" Value="998"/>
<MapEntry BoolAssgnmnt="1" Value="712"/>
</AssgnmntListEntry>
<AssgnmntListEntry Length="1" RootTermCovItemId="C13">
<MapEntry BoolAssgnmnt="0" Value="547"/>
<MapEntry BoolAssgnmnt="1" Value="165"/>
</AssgnmntListEntry>
<AssgnmntListEntry Length="1" RootTermCovItemId="C14">
<MapEntry BoolAssgnmnt="0" Value="986"/>
<MapEntry BoolAssgnmnt="1" Value="12"/>
</AssgnmntListEntry>
<AssgnmntListEntry Length="1" RootTermCovItemId="C15">
<MapEntry BoolAssgnmnt="0" Value="12"/>
</AssgnmntListEntry>
<AssgnmntListEntry Length="1" RootTermCovItemId="C16">
<MapEntry BoolAssgnmnt="0" Value="14"/>
<MapEntry BoolAssgnmnt="1" Value="167"/>
</AssgnmntListEntry>
<AssgnmntListEntry Length="1" RootTermCovItemId="C17">
<MapEntry BoolAssgnmnt="0" Value="779"/>
<MapEntry BoolAssgnmnt="1" Value="213"/>
</AssgnmntListEntry>
<AssgnmntListEntry Length="2" RootTermCovItemId="C18">
<MapEntry BoolAssgnmnt="02" Value="673"/>
<MapEntry BoolAssgnmnt="11" Value="106"/>
</AssgnmntListEntry>
<AssgnmntListEntry Length="1" RootTermCovItemId="C19">
<MapEntry BoolAssgnmnt="0" Value="614"/>
<MapEntry BoolAssgnmnt="1" Value="165"/>
</AssgnmntListEntry>
<AssgnmntListEntry Length="2" RootTermCovItemId="C2">
<MapEntry BoolAssgnmnt="10" Value="1736"/>
<MapEntry BoolAssgnmnt="02" Value="62"/>
<MapEntry BoolAssgnmnt="11" Value="297"/>
</AssgnmntListEntry>
<AssgnmntListEntry Length="3" RootTermCovItemId="C20">
<MapEntry BoolAssgnmnt="110" Value="93"/>
<MapEntry BoolAssgnmnt="111" Value="72"/>
</AssgnmntListEntry>
<AssgnmntListEntry Length="1" RootTermCovItemId="C21">
<MapEntry BoolAssgnmnt="0" Value="332"/>
<MapEntry BoolAssgnmnt="1" Value="660"/>
</AssgnmntListEntry>
<AssgnmntListEntry Length="1" RootTermCovItemId="C22">
<MapEntry BoolAssgnmnt="0" Value="237"/>
<MapEntry BoolAssgnmnt="1" Value="423"/>
</AssgnmntListEntry>
<AssgnmntListEntry Length="1" RootTermCovItemId="C23">
<MapEntry BoolAssgnmnt="0" Value="1375"/>
<MapEntry BoolAssgnmnt="1" Value="30"/>
</AssgnmntListEntry>
<AssgnmntListEntry Length="1" RootTermCovItemId="C24">
<MapEntry BoolAssgnmnt="0" Value="15"/>
<MapEntry BoolAssgnmnt="1" Value="15"/>
</AssgnmntListEntry>
<AssgnmntListEntry Length="1" RootTermCovItemId="C25">
<MapEntry BoolAssgnmnt="1" Value="14"/>
</AssgnmntListEntry>
<AssgnmntListEntry Length="1" RootTermCovItemId="C26">
<MapEntry BoolAssgnmnt="0" Value="14"/>
<MapEntry BoolAssgnmnt="1" Value="239"/>
</AssgnmntListEntry>
<AssgnmntListEntry Length="2" RootTermCovItemId="C27">
<MapEntry BoolAssgnmnt="01" Value="5"/>
<MapEntry BoolAssgnmnt="00" Value="53"/>
<MapEntry BoolAssgnmnt="12" Value="181"/>
</AssgnmntListEntry>
<AssgnmntListEntry Length="1" RootTermCovItemId="C28">
<MapEntry BoolAssgnmnt="0" Value="181"/>
<MapEntry BoolAssgnmnt="1" Value="5"/>
</AssgnmntListEntry>
<AssgnmntListEntry Length="1" RootTermCovItemId="C29">
<MapEntry BoolAssgnmnt="0" Value="4"/>
<MapEntry BoolAssgnmnt="1" Value="1"/>
</AssgnmntListEntry>
<AssgnmntListEntry Length="1" RootTermCovItemId="C3">
<MapEntry BoolAssgnmnt="0" Value="1736"/>
<MapEntry BoolAssgnmnt="1" Value="62"/>
</AssgnmntListEntry>
<AssgnmntListEntry Length="1" RootTermCovItemId="C30">
<MapEntry BoolAssgnmnt="0" Value="2"/>
<MapEntry BoolAssgnmnt="1" Value="10"/>
</AssgnmntListEntry>
<AssgnmntListEntry Length="1" RootTermCovItemId="C31">
<MapEntry BoolAssgnmnt="1" Value="10"/>
</AssgnmntListEntry>
<AssgnmntListEntry Length="1" RootTermCovItemId="C32">
<MapEntry BoolAssgnmnt="0" Value="185"/>
<MapEntry BoolAssgnmnt="1" Value="1"/>
</AssgnmntListEntry>
<AssgnmntListEntry Length="2" RootTermCovItemId="C4">
<MapEntry BoolAssgnmnt="10" Value="124"/>
<MapEntry BoolAssgnmnt="11" Value="41"/>
</AssgnmntListEntry>
<AssgnmntListEntry Length="2" RootTermCovItemId="C5">
<MapEntry BoolAssgnmnt="10" Value="124"/>
</AssgnmntListEntry>
<AssgnmntListEntry Length="2" RootTermCovItemId="C6">
<MapEntry BoolAssgnmnt="10" Value="119"/>
<MapEntry BoolAssgnmnt="11" Value="5"/>
</AssgnmntListEntry>
<AssgnmntListEntry Length="2" RootTermCovItemId="C7">
<MapEntry BoolAssgnmnt="10" Value="81"/>
<MapEntry BoolAssgnmnt="11" Value="38"/>
</AssgnmntListEntry>
<AssgnmntListEntry Length="2" RootTermCovItemId="C8">
<MapEntry BoolAssgnmnt="10" Value="36"/>
<MapEntry BoolAssgnmnt="11" Value="45"/>
</AssgnmntListEntry>
<AssgnmntListEntry Length="2" RootTermCovItemId="C9">
<MapEntry BoolAssgnmnt="10" Value="1"/>
<MapEntry BoolAssgnmnt="11" Value="35"/>
</AssgnmntListEntry>
</AssgnmntPrefix>
</AssgnmntList>
<ObjMetaDataList/>
<MetaDataList/>
</TestCase>
<MetaDataList/>
</TestSession>
<TestSession Comment="" Date="1421777298485" Name="20 Jan, 2015 11:38:18 PM">
<TestCase Comment="This is a test case containing all coverage results cause no startTestCase methods where captured." Date="1421777298375" Name="UNNAMED TESTCASE">
<CovList>
<CovPrefix CovItemPrefix="com.aconex.coding.challenge.NumberToAlphaConverter.java">
<Cov CovItemId="B1" Value="303"/>
<Cov CovItemId="B10" Value="126"/>
<Cov CovItemId="B11" Value="38"/>
<Cov CovItemId="B12" Value="88"/>
<Cov CovItemId="B13" Value="45"/>
<Cov CovItemId="B14" Value="43"/>
<Cov CovItemId="B15" Value="35"/>
<Cov CovItemId="B16" Value="8"/>
<Cov CovItemId="B18" Value="8"/>
<Cov CovItemId="B19" Value="747"/>
<Cov CovItemId="B2" Value="1823"/>
<Cov CovItemId="B20" Value="1019"/>
<Cov CovItemId="B21" Value="185"/>
<Cov CovItemId="B22" Value="562"/>
<Cov CovItemId="B23" Value="12"/>
<Cov CovItemId="B24" Value="1007"/>
<Cov CovItemId="B26" Value="12"/>
<Cov CovItemId="B27" Value="173"/>
<Cov CovItemId="B28" Value="15"/>
<Cov CovItemId="B29" Value="217"/>
<Cov CovItemId="B3" Value="62"/>
<Cov CovItemId="B30" Value="816"/>
<Cov CovItemId="B31" Value="110"/>
<Cov CovItemId="B32" Value="706"/>
<Cov CovItemId="B33" Value="185"/>
<Cov CovItemId="B34" Value="631"/>
<Cov CovItemId="B35" Value="84"/>
<Cov CovItemId="B36" Value="101"/>
<Cov CovItemId="B37" Value="680"/>
<Cov CovItemId="B38" Value="353"/>
<Cov CovItemId="B39" Value="443"/>
<Cov CovItemId="B4" Value="1761"/>
<Cov CovItemId="B40" Value="237"/>
<Cov CovItemId="B41" Value="32"/>
<Cov CovItemId="B42" Value="1445"/>
<Cov CovItemId="B43" Value="15"/>
<Cov CovItemId="B44" Value="17"/>
<Cov CovItemId="B45" Value="15"/>
<Cov CovItemId="B47" Value="193"/>
<Cov CovItemId="B48" Value="53"/>
<Cov CovItemId="B49" Value="5"/>
<Cov CovItemId="B5" Value="43"/>
<Cov CovItemId="B50" Value="188"/>
<Cov CovItemId="B51" Value="1"/>
<Cov CovItemId="B52" Value="4"/>
<Cov CovItemId="B53" Value="10"/>
<Cov CovItemId="B54" Value="2"/>
<Cov CovItemId="B55" Value="10"/>
<Cov CovItemId="B57" Value="2"/>
<Cov CovItemId="B58" Value="191"/>
<Cov CovItemId="B6" Value="142"/>
<Cov CovItemId="B7" Value="9"/>
<Cov CovItemId="B8" Value="133"/>
<Cov CovItemId="B9" Value="7"/>
<Cov CovItemId="L1-1" Value="50"/>
<Cov CovItemId="L1-2" Value="276"/>
<Cov CovItemId="L10-1" Value="2"/>
<Cov CovItemId="L10-2" Value="3"/>
<Cov CovItemId="L2-0" Value="69"/>
<Cov CovItemId="L2-1" Value="349"/>
<Cov CovItemId="L2-2" Value="398"/>
<Cov CovItemId="L3-1" Value="104"/>
<Cov CovItemId="L3-2" Value="69"/>
<Cov CovItemId="L4-2" Value="314"/>
<Cov CovItemId="L5-1" Value="185"/>
<Cov CovItemId="L6-2" Value="443"/>
<Cov CovItemId="L7-2" Value="15"/>
<Cov CovItemId="L8-2" Value="16"/>
<Cov CovItemId="L9-2" Value="4"/>
<Cov CovItemId="S1" Value="1"/>
<Cov CovItemId="S10" Value="1"/>
<Cov CovItemId="S100" Value="680"/>
<Cov CovItemId="S101" Value="443"/>
<Cov CovItemId="S102" Value="1477"/>
<Cov CovItemId="S103" Value="1477"/>
<Cov CovItemId="S104" Value="32"/>
<Cov CovItemId="S105" Value="15"/>
<Cov CovItemId="S106" Value="17"/>
<Cov CovItemId="S107" Value="15"/>
<Cov CovItemId="S108" Value="15"/>
<Cov CovItemId="S109" Value="49"/>
<Cov CovItemId="S11" Value="1"/>
<Cov CovItemId="S110" Value="188"/>
<Cov CovItemId="S111" Value="16"/>
<Cov CovItemId="S112" Value="16"/>
<Cov CovItemId="S113" Value="16"/>
<Cov CovItemId="S114" Value="246"/>
<Cov CovItemId="S115" Value="246"/>
<Cov CovItemId="S116" Value="193"/>
<Cov CovItemId="S117" Value="5"/>
<Cov CovItemId="S118" Value="5"/>
<Cov CovItemId="S119" Value="1"/>
<Cov CovItemId="S12" Value="1"/>
<Cov CovItemId="S120" Value="4"/>
<Cov CovItemId="S121" Value="12"/>
<Cov CovItemId="S122" Value="12"/>
<Cov CovItemId="S123" Value="10"/>
<Cov CovItemId="S124" Value="10"/>
<Cov CovItemId="S125" Value="10"/>
<Cov CovItemId="S126" Value="5"/>
<Cov CovItemId="S127" Value="5"/>
<Cov CovItemId="S128" Value="11"/>
<Cov CovItemId="S129" Value="188"/>
<Cov CovItemId="S13" Value="1"/>
<Cov CovItemId="S130" Value="188"/>
<Cov CovItemId="S131" Value="193"/>
<Cov CovItemId="S132" Value="2"/>
<Cov CovItemId="S133" Value="191"/>
<Cov CovItemId="S134" Value="16"/>
<Cov CovItemId="S14" Value="1"/>
<Cov CovItemId="S15" Value="1"/>
<Cov CovItemId="S16" Value="1"/>
<Cov CovItemId="S17" Value="1"/>
<Cov CovItemId="S18" Value="1"/>
<Cov CovItemId="S19" Value="1"/>
<Cov CovItemId="S2" Value="1"/>
<Cov CovItemId="S20" Value="1"/>
<Cov CovItemId="S21" Value="1"/>
<Cov CovItemId="S22" Value="1"/>
<Cov CovItemId="S23" Value="1"/>
<Cov CovItemId="S24" Value="1"/>
<Cov CovItemId="S25" Value="1"/>
<Cov CovItemId="S26" Value="1"/>
<Cov CovItemId="S27" Value="1"/>
<Cov CovItemId="S28" Value="1"/>
<Cov CovItemId="S29" Value="1"/>
<Cov CovItemId="S3" Value="1"/>
<Cov CovItemId="S30" Value="1"/>
<Cov CovItemId="S31" Value="1"/>
<Cov CovItemId="S32" Value="1"/>
<Cov CovItemId="S33" Value="1"/>
<Cov CovItemId="S34" Value="1"/>
<Cov CovItemId="S35" Value="1"/>
<Cov CovItemId="S36" Value="1"/>
<Cov CovItemId="S37" Value="1"/>
<Cov CovItemId="S38" Value="1"/>
<Cov CovItemId="S39" Value="1"/>
<Cov CovItemId="S4" Value="1"/>
<Cov CovItemId="S40" Value="1"/>
<Cov CovItemId="S41" Value="1"/>
<Cov CovItemId="S42" Value="1"/>
<Cov CovItemId="S43" Value="1"/>
<Cov CovItemId="S44" Value="326"/>
<Cov CovItemId="S45" Value="326"/>
<Cov CovItemId="S46" Value="326"/>
<Cov CovItemId="S47" Value="326"/>
<Cov CovItemId="S48" Value="2126"/>
<Cov CovItemId="S49" Value="2126"/>
<Cov CovItemId="S5" Value="1"/>
<Cov CovItemId="S50" Value="303"/>
<Cov CovItemId="S51" Value="1823"/>
<Cov CovItemId="S52" Value="62"/>
<Cov CovItemId="S53" Value="326"/>
<Cov CovItemId="S54" Value="185"/>
<Cov CovItemId="S55" Value="43"/>
<Cov CovItemId="S56" Value="142"/>
<Cov CovItemId="S57" Value="9"/>
<Cov CovItemId="S58" Value="133"/>
<Cov CovItemId="S59" Value="7"/>
<Cov CovItemId="S6" Value="1"/>
<Cov CovItemId="S60" Value="126"/>
<Cov CovItemId="S61" Value="38"/>
<Cov CovItemId="S62" Value="88"/>
<Cov CovItemId="S63" Value="45"/>
<Cov CovItemId="S64" Value="43"/>
<Cov CovItemId="S65" Value="35"/>
<Cov CovItemId="S66" Value="8"/>
<Cov CovItemId="S68" Value="8"/>
<Cov CovItemId="S69" Value="816"/>
<Cov CovItemId="S7" Value="1"/>
<Cov CovItemId="S70" Value="816"/>
<Cov CovItemId="S71" Value="1766"/>
<Cov CovItemId="S72" Value="747"/>
<Cov CovItemId="S73" Value="747"/>
<Cov CovItemId="S74" Value="185"/>
<Cov CovItemId="S75" Value="1019"/>
<Cov CovItemId="S76" Value="1019"/>
<Cov CovItemId="S77" Value="12"/>
<Cov CovItemId="S78" Value="12"/>
<Cov CovItemId="S8" Value="1"/>
<Cov CovItemId="S80" Value="816"/>
<Cov CovItemId="S81" Value="188"/>
<Cov CovItemId="S82" Value="188"/>
<Cov CovItemId="S83" Value="173"/>
<Cov CovItemId="S84" Value="314"/>
<Cov CovItemId="S85" Value="314"/>
<Cov CovItemId="S86" Value="314"/>
<Cov CovItemId="S87" Value="1033"/>
<Cov CovItemId="S88" Value="1033"/>
<Cov CovItemId="S89" Value="217"/>
<Cov CovItemId="S9" Value="1"/>
<Cov CovItemId="S90" Value="816"/>
<Cov CovItemId="S91" Value="110"/>
<Cov CovItemId="S92" Value="816"/>
<Cov CovItemId="S93" Value="816"/>
<Cov CovItemId="S94" Value="185"/>
<Cov CovItemId="S95" Value="185"/>
<Cov CovItemId="S96" Value="185"/>
<Cov CovItemId="S97" Value="84"/>
<Cov CovItemId="S98" Value="1033"/>
<Cov CovItemId="S99" Value="680"/>
</CovPrefix>
</CovList>
<AssgnmntList>
<AssgnmntPrefix RootTermCovItemPrefix="com.aconex.coding.challenge.NumberToAlphaConverter.java">
<AssgnmntListEntry Length="1" RootTermCovItemId="C1">
<MapEntry BoolAssgnmnt="0" Value="326"/>
<MapEntry BoolAssgnmnt="1" Value="2126"/>
</AssgnmntListEntry>
<AssgnmntListEntry Length="2" RootTermCovItemId="C10">
<MapEntry BoolAssgnmnt="10" Value="8"/>
</AssgnmntListEntry>
<AssgnmntListEntry Length="1" RootTermCovItemId="C11">
<MapEntry BoolAssgnmnt="0" Value="816"/>
<MapEntry BoolAssgnmnt="1" Value="1766"/>
</AssgnmntListEntry>
<AssgnmntListEntry Length="1" RootTermCovItemId="C12">
<MapEntry BoolAssgnmnt="0" Value="1019"/>
<MapEntry BoolAssgnmnt="1" Value="747"/>
</AssgnmntListEntry>
<AssgnmntListEntry Length="1" RootTermCovItemId="C13">
<MapEntry BoolAssgnmnt="0" Value="562"/>
<MapEntry BoolAssgnmnt="1" Value="185"/>
</AssgnmntListEntry>
<AssgnmntListEntry Length="1" RootTermCovItemId="C14">
<MapEntry BoolAssgnmnt="0" Value="1007"/>
<MapEntry BoolAssgnmnt="1" Value="12"/>
</AssgnmntListEntry>
<AssgnmntListEntry Length="1" RootTermCovItemId="C15">
<MapEntry BoolAssgnmnt="0" Value="12"/>
</AssgnmntListEntry>
<AssgnmntListEntry Length="1" RootTermCovItemId="C16">
<MapEntry BoolAssgnmnt="0" Value="15"/>
<MapEntry BoolAssgnmnt="1" Value="173"/>
</AssgnmntListEntry>
<AssgnmntListEntry Length="1" RootTermCovItemId="C17">
<MapEntry BoolAssgnmnt="0" Value="816"/>
<MapEntry BoolAssgnmnt="1" Value="217"/>
</AssgnmntListEntry>
<AssgnmntListEntry Length="2" RootTermCovItemId="C18">
<MapEntry BoolAssgnmnt="02" Value="706"/>
<MapEntry BoolAssgnmnt="11" Value="110"/>
</AssgnmntListEntry>
<AssgnmntListEntry Length="1" RootTermCovItemId="C19">
<MapEntry BoolAssgnmnt="0" Value="631"/>
<MapEntry BoolAssgnmnt="1" Value="185"/>
</AssgnmntListEntry>
<AssgnmntListEntry Length="2" RootTermCovItemId="C2">
<MapEntry BoolAssgnmnt="10" Value="1761"/>
<MapEntry BoolAssgnmnt="02" Value="62"/>
<MapEntry BoolAssgnmnt="11" Value="303"/>
</AssgnmntListEntry>
<AssgnmntListEntry Length="3" RootTermCovItemId="C20">
<MapEntry BoolAssgnmnt="110" Value="101"/>
<MapEntry BoolAssgnmnt="111" Value="84"/>
</AssgnmntListEntry>
<AssgnmntListEntry Length="1" RootTermCovItemId="C21">
<MapEntry BoolAssgnmnt="0" Value="353"/>
<MapEntry BoolAssgnmnt="1" Value="680"/>
</AssgnmntListEntry>
<AssgnmntListEntry Length="1" RootTermCovItemId="C22">
<MapEntry BoolAssgnmnt="0" Value="237"/>
<MapEntry BoolAssgnmnt="1" Value="443"/>
</AssgnmntListEntry>
<AssgnmntListEntry Length="1" RootTermCovItemId="C23">
<MapEntry BoolAssgnmnt="0" Value="1445"/>
<MapEntry BoolAssgnmnt="1" Value="32"/>
</AssgnmntListEntry>
<AssgnmntListEntry Length="1" RootTermCovItemId="C24">
<MapEntry BoolAssgnmnt="0" Value="17"/>
<MapEntry BoolAssgnmnt="1" Value="15"/>
</AssgnmntListEntry>
<AssgnmntListEntry Length="1" RootTermCovItemId="C25">
<MapEntry BoolAssgnmnt="1" Value="15"/>
</AssgnmntListEntry>
<AssgnmntListEntry Length="1" RootTermCovItemId="C26">
<MapEntry BoolAssgnmnt="0" Value="14"/>
<MapEntry BoolAssgnmnt="1" Value="246"/>
</AssgnmntListEntry>
<AssgnmntListEntry Length="2" RootTermCovItemId="C27">
<MapEntry BoolAssgnmnt="01" Value="5"/>
<MapEntry BoolAssgnmnt="00" Value="53"/>
<MapEntry BoolAssgnmnt="12" Value="188"/>
</AssgnmntListEntry>
<AssgnmntListEntry Length="1" RootTermCovItemId="C28">
<MapEntry BoolAssgnmnt="0" Value="188"/>
<MapEntry BoolAssgnmnt="1" Value="5"/>
</AssgnmntListEntry>
<AssgnmntListEntry Length="1" RootTermCovItemId="C29">
<MapEntry BoolAssgnmnt="0" Value="4"/>
<MapEntry BoolAssgnmnt="1" Value="1"/>
</AssgnmntListEntry>
<AssgnmntListEntry Length="1" RootTermCovItemId="C3">
<MapEntry BoolAssgnmnt="0" Value="1761"/>
<MapEntry BoolAssgnmnt="1" Value="62"/>
</AssgnmntListEntry>
<AssgnmntListEntry Length="1" RootTermCovItemId="C30">
<MapEntry BoolAssgnmnt="0" Value="2"/>
<MapEntry BoolAssgnmnt="1" Value="10"/>
</AssgnmntListEntry>
<AssgnmntListEntry Length="1" RootTermCovItemId="C31">
<MapEntry BoolAssgnmnt="1" Value="10"/>
</AssgnmntListEntry>
<AssgnmntListEntry Length="1" RootTermCovItemId="C32">
<MapEntry BoolAssgnmnt="0" Value="191"/>
<MapEntry BoolAssgnmnt="1" Value="2"/>
</AssgnmntListEntry>
<AssgnmntListEntry Length="2" RootTermCovItemId="C4">
<MapEntry BoolAssgnmnt="10" Value="142"/>
<MapEntry BoolAssgnmnt="11" Value="43"/>
</AssgnmntListEntry>
<AssgnmntListEntry Length="2" RootTermCovItemId="C5">
<MapEntry BoolAssgnmnt="10" Value="133"/>
<MapEntry BoolAssgnmnt="11" Value="9"/>
</AssgnmntListEntry>
<AssgnmntListEntry Length="2" RootTermCovItemId="C6">
<MapEntry BoolAssgnmnt="10" Value="126"/>
<MapEntry BoolAssgnmnt="11" Value="7"/>
</AssgnmntListEntry>
<AssgnmntListEntry Length="2" RootTermCovItemId="C7">
<MapEntry BoolAssgnmnt="10" Value="88"/>
<MapEntry BoolAssgnmnt="11" Value="38"/>
</AssgnmntListEntry>
<AssgnmntListEntry Length="2" RootTermCovItemId="C8">
<MapEntry BoolAssgnmnt="10" Value="43"/>
<MapEntry BoolAssgnmnt="11" Value="45"/>
</AssgnmntListEntry>
<AssgnmntListEntry Length="2" RootTermCovItemId="C9">
<MapEntry BoolAssgnmnt="10" Value="8"/>
<MapEntry BoolAssgnmnt="11" Value="35"/>
</AssgnmntListEntry>
</AssgnmntPrefix>
</AssgnmntList>
<ObjMetaDataList/>
<MetaDataList/>
</TestCase>
<MetaDataList/>
</TestSession>
<TestSession Comment="" Date="1421777330612" Name="20 Jan, 2015 11:38:50 PM">
<TestCase Comment="This is a test case containing all coverage results cause no startTestCase methods where captured." Date="1421777330502" Name="UNNAMED TESTCASE">
<CovList>
<CovPrefix CovItemPrefix="com.aconex.coding.challenge.NumberToAlphaConverter.java">
<Cov CovItemId="B1" Value="303"/>
<Cov CovItemId="B10" Value="126"/>
<Cov CovItemId="B11" Value="38"/>
<Cov CovItemId="B12" Value="88"/>
<Cov CovItemId="B13" Value="45"/>
<Cov CovItemId="B14" Value="43"/>
<Cov CovItemId="B15" Value="35"/>
<Cov CovItemId="B16" Value="8"/>
<Cov CovItemId="B18" Value="8"/>
<Cov CovItemId="B19" Value="747"/>
<Cov CovItemId="B2" Value="1823"/>
<Cov CovItemId="B20" Value="1019"/>
<Cov CovItemId="B21" Value="185"/>
<Cov CovItemId="B22" Value="562"/>
<Cov CovItemId="B23" Value="12"/>
<Cov CovItemId="B24" Value="1007"/>
<Cov CovItemId="B26" Value="12"/>
<Cov CovItemId="B27" Value="173"/>
<Cov CovItemId="B28" Value="15"/>
<Cov CovItemId="B29" Value="217"/>
<Cov CovItemId="B3" Value="62"/>
<Cov CovItemId="B30" Value="816"/>
<Cov CovItemId="B31" Value="110"/>
<Cov CovItemId="B32" Value="706"/>
<Cov CovItemId="B33" Value="185"/>
<Cov CovItemId="B34" Value="631"/>
<Cov CovItemId="B35" Value="84"/>
<Cov CovItemId="B36" Value="101"/>
<Cov CovItemId="B37" Value="680"/>
<Cov CovItemId="B38" Value="353"/>
<Cov CovItemId="B39" Value="443"/>
<Cov CovItemId="B4" Value="1761"/>
<Cov CovItemId="B40" Value="237"/>
<Cov CovItemId="B41" Value="32"/>
<Cov CovItemId="B42" Value="1445"/>
<Cov CovItemId="B43" Value="15"/>
<Cov CovItemId="B44" Value="17"/>
<Cov CovItemId="B45" Value="15"/>
<Cov CovItemId="B47" Value="193"/>
<Cov CovItemId="B48" Value="53"/>
<Cov CovItemId="B49" Value="5"/>
<Cov CovItemId="B5" Value="43"/>
<Cov CovItemId="B50" Value="188"/>
<Cov CovItemId="B51" Value="1"/>
<Cov CovItemId="B52" Value="4"/>
<Cov CovItemId="B53" Value="10"/>
<Cov CovItemId="B54" Value="2"/>
<Cov CovItemId="B55" Value="10"/>
<Cov CovItemId="B57" Value="2"/>
<Cov CovItemId="B58" Value="191"/>
<Cov CovItemId="B6" Value="142"/>
<Cov CovItemId="B7" Value="9"/>
<Cov CovItemId="B8" Value="133"/>
<Cov CovItemId="B9" Value="7"/>
<Cov CovItemId="L1-1" Value="50"/>
<Cov CovItemId="L1-2" Value="276"/>
<Cov CovItemId="L10-1" Value="2"/>
<Cov CovItemId="L10-2" Value="3"/>
<Cov CovItemId="L2-0" Value="69"/>
<Cov CovItemId="L2-1" Value="349"/>
<Cov CovItemId="L2-2" Value="398"/>
<Cov CovItemId="L3-1" Value="104"/>
<Cov CovItemId="L3-2" Value="69"/>
<Cov CovItemId="L4-2" Value="314"/>
<Cov CovItemId="L5-1" Value="185"/>
<Cov CovItemId="L6-2" Value="443"/>
<Cov CovItemId="L7-2" Value="15"/>
<Cov CovItemId="L8-2" Value="16"/>
<Cov CovItemId="L9-2" Value="4"/>
<Cov CovItemId="S1" Value="1"/>
<Cov CovItemId="S10" Value="1"/>
<Cov CovItemId="S100" Value="680"/>
<Cov CovItemId="S101" Value="443"/>
<Cov CovItemId="S102" Value="1477"/>
<Cov CovItemId="S103" Value="1477"/>
<Cov CovItemId="S104" Value="32"/>
<Cov CovItemId="S105" Value="15"/>
<Cov CovItemId="S106" Value="17"/>
<Cov CovItemId="S107" Value="15"/>
<Cov CovItemId="S108" Value="15"/>
<Cov CovItemId="S109" Value="49"/>
<Cov CovItemId="S11" Value="1"/>
<Cov CovItemId="S110" Value="188"/>
<Cov CovItemId="S111" Value="16"/>
<Cov CovItemId="S112" Value="16"/>
<Cov CovItemId="S113" Value="16"/>
<Cov CovItemId="S114" Value="246"/>
<Cov CovItemId="S115" Value="246"/>
<Cov CovItemId="S116" Value="193"/>
<Cov CovItemId="S117" Value="5"/>
<Cov CovItemId="S118" Value="5"/>
<Cov CovItemId="S119" Value="1"/>
<Cov CovItemId="S12" Value="1"/>
<Cov CovItemId="S120" Value="4"/>
<Cov CovItemId="S121" Value="12"/>
<Cov CovItemId="S122" Value="12"/>
<Cov CovItemId="S123" Value="10"/>
<Cov CovItemId="S124" Value="10"/>
<Cov CovItemId="S125" Value="10"/>
<Cov CovItemId="S126" Value="5"/>
<Cov CovItemId="S127" Value="5"/>
<Cov CovItemId="S128" Value="11"/>
<Cov CovItemId="S129" Value="188"/>
<Cov CovItemId="S13" Value="1"/>
<Cov CovItemId="S130" Value="188"/>
<Cov CovItemId="S131" Value="193"/>
<Cov CovItemId="S132" Value="2"/>
<Cov CovItemId="S133" Value="191"/>
<Cov CovItemId="S134" Value="16"/>
<Cov CovItemId="S14" Value="1"/>
<Cov CovItemId="S15" Value="1"/>
<Cov CovItemId="S16" Value="1"/>
<Cov CovItemId="S17" Value="1"/>
<Cov CovItemId="S18" Value="1"/>
<Cov CovItemId="S19" Value="1"/>
<Cov CovItemId="S2" Value="1"/>
<Cov CovItemId="S20" Value="1"/>
<Cov CovItemId="S21" Value="1"/>
<Cov CovItemId="S22" Value="1"/>
<Cov CovItemId="S23" Value="1"/>
<Cov CovItemId="S24" Value="1"/>
<Cov CovItemId="S25" Value="1"/>
<Cov CovItemId="S26" Value="1"/>
<Cov CovItemId="S27" Value="1"/>
<Cov CovItemId="S28" Value="1"/>
<Cov CovItemId="S29" Value="1"/>
<Cov CovItemId="S3" Value="1"/>
<Cov CovItemId="S30" Value="1"/>
<Cov CovItemId="S31" Value="1"/>
<Cov CovItemId="S32" Value="1"/>
<Cov CovItemId="S33" Value="1"/>
<Cov CovItemId="S34" Value="1"/>
<Cov CovItemId="S35" Value="1"/>
<Cov CovItemId="S36" Value="1"/>
<Cov CovItemId="S37" Value="1"/>
<Cov CovItemId="S38" Value="1"/>
<Cov CovItemId="S39" Value="1"/>
<Cov CovItemId="S4" Value="1"/>
<Cov CovItemId="S40" Value="1"/>
<Cov CovItemId="S41" Value="1"/>
<Cov CovItemId="S42" Value="1"/>
<Cov CovItemId="S43" Value="1"/>
<Cov CovItemId="S44" Value="326"/>
<Cov CovItemId="S45" Value="326"/>
<Cov CovItemId="S46" Value="326"/>
<Cov CovItemId="S47" Value="326"/>
<Cov CovItemId="S48" Value="2126"/>
<Cov CovItemId="S49" Value="2126"/>
<Cov CovItemId="S5" Value="1"/>
<Cov CovItemId="S50" Value="303"/>
<Cov CovItemId="S51" Value="1823"/>
<Cov CovItemId="S52" Value="62"/>
<Cov CovItemId="S53" Value="326"/>
<Cov CovItemId="S54" Value="185"/>
<Cov CovItemId="S55" Value="43"/>
<Cov CovItemId="S56" Value="142"/>
<Cov CovItemId="S57" Value="9"/>
<Cov CovItemId="S58" Value="133"/>
<Cov CovItemId="S59" Value="7"/>
<Cov CovItemId="S6" Value="1"/>
<Cov CovItemId="S60" Value="126"/>
<Cov CovItemId="S61" Value="38"/>
<Cov CovItemId="S62" Value="88"/>
<Cov CovItemId="S63" Value="45"/>
<Cov CovItemId="S64" Value="43"/>
<Cov CovItemId="S65" Value="35"/>
<Cov CovItemId="S66" Value="8"/>
<Cov CovItemId="S68" Value="8"/>
<Cov CovItemId="S69" Value="816"/>
<Cov CovItemId="S7" Value="1"/>
<Cov CovItemId="S70" Value="816"/>
<Cov CovItemId="S71" Value="1766"/>
<Cov CovItemId="S72" Value="747"/>
<Cov CovItemId="S73" Value="747"/>
<Cov CovItemId="S74" Value="185"/>
<Cov CovItemId="S75" Value="1019"/>
<Cov CovItemId="S76" Value="1019"/>
<Cov CovItemId="S77" Value="12"/>
<Cov CovItemId="S78" Value="12"/>
<Cov CovItemId="S8" Value="1"/>
<Cov CovItemId="S80" Value="816"/>
<Cov CovItemId="S81" Value="188"/>
<Cov CovItemId="S82" Value="188"/>
<Cov CovItemId="S83" Value="173"/>
<Cov CovItemId="S84" Value="314"/>
<Cov CovItemId="S85" Value="314"/>
<Cov CovItemId="S86" Value="314"/>
<Cov CovItemId="S87" Value="1033"/>
<Cov CovItemId="S88" Value="1033"/>
<Cov CovItemId="S89" Value="217"/>
<Cov CovItemId="S9" Value="1"/>
<Cov CovItemId="S90" Value="816"/>
<Cov CovItemId="S91" Value="110"/>
<Cov CovItemId="S92" Value="816"/>
<Cov CovItemId="S93" Value="816"/>
<Cov CovItemId="S94" Value="185"/>
<Cov CovItemId="S95" Value="185"/>
<Cov CovItemId="S96" Value="185"/>
<Cov CovItemId="S97" Value="84"/>
<Cov CovItemId="S98" Value="1033"/>
<Cov CovItemId="S99" Value="680"/>
</CovPrefix>
</CovList>
<AssgnmntList>
<AssgnmntPrefix RootTermCovItemPrefix="com.aconex.coding.challenge.NumberToAlphaConverter.java">
<AssgnmntListEntry Length="1" RootTermCovItemId="C1">
<MapEntry BoolAssgnmnt="0" Value="326"/>
<MapEntry BoolAssgnmnt="1" Value="2126"/>
</AssgnmntListEntry>
<AssgnmntListEntry Length="2" RootTermCovItemId="C10">
<MapEntry BoolAssgnmnt="10" Value="8"/>
</AssgnmntListEntry>
<AssgnmntListEntry Length="1" RootTermCovItemId="C11">
<MapEntry BoolAssgnmnt="0" Value="816"/>
<MapEntry BoolAssgnmnt="1" Value="1766"/>
</AssgnmntListEntry>
<AssgnmntListEntry Length="1" RootTermCovItemId="C12">
<MapEntry BoolAssgnmnt="0" Value="1019"/>
<MapEntry BoolAssgnmnt="1" Value="747"/>
</AssgnmntListEntry>
<AssgnmntListEntry Length="1" RootTermCovItemId="C13">
<MapEntry BoolAssgnmnt="0" Value="562"/>
<MapEntry BoolAssgnmnt="1" Value="185"/>
</AssgnmntListEntry>
<AssgnmntListEntry Length="1" RootTermCovItemId="C14">
<MapEntry BoolAssgnmnt="0" Value="1007"/>
<MapEntry BoolAssgnmnt="1" Value="12"/>
</AssgnmntListEntry>
<AssgnmntListEntry Length="1" RootTermCovItemId="C15">
<MapEntry BoolAssgnmnt="0" Value="12"/>
</AssgnmntListEntry>
<AssgnmntListEntry Length="1" RootTermCovItemId="C16">
<MapEntry BoolAssgnmnt="0" Value="15"/>
<MapEntry BoolAssgnmnt="1" Value="173"/>
</AssgnmntListEntry>
<AssgnmntListEntry Length="1" RootTermCovItemId="C17">
<MapEntry BoolAssgnmnt="0" Value="816"/>
<MapEntry BoolAssgnmnt="1" Value="217"/>
</AssgnmntListEntry>
<AssgnmntListEntry Length="2" RootTermCovItemId="C18">
<MapEntry BoolAssgnmnt="02" Value="706"/>
<MapEntry BoolAssgnmnt="11" Value="110"/>
</AssgnmntListEntry>
<AssgnmntListEntry Length="1" RootTermCovItemId="C19">
<MapEntry BoolAssgnmnt="0" Value="631"/>
<MapEntry BoolAssgnmnt="1" Value="185"/>
</AssgnmntListEntry>
<AssgnmntListEntry Length="2" RootTermCovItemId="C2">
<MapEntry BoolAssgnmnt="10" Value="1761"/>
<MapEntry BoolAssgnmnt="02" Value="62"/>
<MapEntry BoolAssgnmnt="11" Value="303"/>
</AssgnmntListEntry>
<AssgnmntListEntry Length="3" RootTermCovItemId="C20">
<MapEntry BoolAssgnmnt="110" Value="101"/>
<MapEntry BoolAssgnmnt="111" Value="84"/>
</AssgnmntListEntry>
<AssgnmntListEntry Length="1" RootTermCovItemId="C21">
<MapEntry BoolAssgnmnt="0" Value="353"/>
<MapEntry BoolAssgnmnt="1" Value="680"/>
</AssgnmntListEntry>
<AssgnmntListEntry Length="1" RootTermCovItemId="C22">
<MapEntry BoolAssgnmnt="0" Value="237"/>
<MapEntry BoolAssgnmnt="1" Value="443"/>
</AssgnmntListEntry>
<AssgnmntListEntry Length="1" RootTermCovItemId="C23">
<MapEntry BoolAssgnmnt="0" Value="1445"/>
<MapEntry BoolAssgnmnt="1" Value="32"/>
</AssgnmntListEntry>
<AssgnmntListEntry Length="1" RootTermCovItemId="C24">
<MapEntry BoolAssgnmnt="0" Value="17"/>
<MapEntry BoolAssgnmnt="1" Value="15"/>
</AssgnmntListEntry>
<AssgnmntListEntry Length="1" RootTermCovItemId="C25">
<MapEntry BoolAssgnmnt="1" Value="15"/>
</AssgnmntListEntry>
<AssgnmntListEntry Length="1" RootTermCovItemId="C26">
<MapEntry BoolAssgnmnt="0" Value="14"/>
<MapEntry BoolAssgnmnt="1" Value="246"/>
</AssgnmntListEntry>
<AssgnmntListEntry Length="2" RootTermCovItemId="C27">
<MapEntry BoolAssgnmnt="01" Value="5"/>
<MapEntry BoolAssgnmnt="00" Value="53"/>
<MapEntry BoolAssgnmnt="12" Value="188"/>
</AssgnmntListEntry>
<AssgnmntListEntry Length="1" RootTermCovItemId="C28">
<MapEntry BoolAssgnmnt="0" Value="188"/>
<MapEntry BoolAssgnmnt="1" Value="5"/>
</AssgnmntListEntry>
<AssgnmntListEntry Length="1" RootTermCovItemId="C29">
<MapEntry BoolAssgnmnt="0" Value="4"/>
<MapEntry BoolAssgnmnt="1" Value="1"/>
</AssgnmntListEntry>
<AssgnmntListEntry Length="1" RootTermCovItemId="C3">
<MapEntry BoolAssgnmnt="0" Value="1761"/>
<MapEntry BoolAssgnmnt="1" Value="62"/>
</AssgnmntListEntry>
<AssgnmntListEntry Length="1" RootTermCovItemId="C30">
<MapEntry BoolAssgnmnt="0" Value="2"/>
<MapEntry BoolAssgnmnt="1" Value="10"/>
</AssgnmntListEntry>
<AssgnmntListEntry Length="1" RootTermCovItemId="C31">
<MapEntry BoolAssgnmnt="1" Value="10"/>
</AssgnmntListEntry>
<AssgnmntListEntry Length="1" RootTermCovItemId="C32">
<MapEntry BoolAssgnmnt="0" Value="191"/>
<MapEntry BoolAssgnmnt="1" Value="2"/>
</AssgnmntListEntry>
<AssgnmntListEntry Length="2" RootTermCovItemId="C4">
<MapEntry BoolAssgnmnt="10" Value="142"/>
<MapEntry BoolAssgnmnt="11" Value="43"/>
</AssgnmntListEntry>
<AssgnmntListEntry Length="2" RootTermCovItemId="C5">
<MapEntry BoolAssgnmnt="10" Value="133"/>
<MapEntry BoolAssgnmnt="11" Value="9"/>
</AssgnmntListEntry>
<AssgnmntListEntry Length="2" RootTermCovItemId="C6">
<MapEntry BoolAssgnmnt="10" Value="126"/>
<MapEntry BoolAssgnmnt="11" Value="7"/>
</AssgnmntListEntry>
<AssgnmntListEntry Length="2" RootTermCovItemId="C7">
<MapEntry BoolAssgnmnt="10" Value="88"/>
<MapEntry BoolAssgnmnt="11" Value="38"/>
</AssgnmntListEntry>
<AssgnmntListEntry Length="2" RootTermCovItemId="C8">
<MapEntry BoolAssgnmnt="10" Value="43"/>
<MapEntry BoolAssgnmnt="11" Value="45"/>
</AssgnmntListEntry>
<AssgnmntListEntry Length="2" RootTermCovItemId="C9">
<MapEntry BoolAssgnmnt="10" Value="8"/>
<MapEntry BoolAssgnmnt="11" Value="35"/>
</AssgnmntListEntry>
</AssgnmntPrefix>
</AssgnmntList>
<ObjMetaDataList/>
<MetaDataList/>
</TestCase>
<MetaDataList/>
</TestSession>
<TestSession Comment="" Date="1421777369784" Name="20 Jan, 2015 11:39:29 PM">
<TestCase Comment="" Date="1421777369691" Name="com.aconex.test.TestNumberToAlphaConverter:checkForSimpleConversionWithMultipleResult">
<CovList>
<CovPrefix CovItemPrefix="com.aconex.coding.challenge.NumberToAlphaConverter.java">
<Cov CovItemId="B1" Value="7"/>
<Cov CovItemId="B10" Value="6"/>
<Cov CovItemId="B12" Value="6"/>
<Cov CovItemId="B13" Value="5"/>
<Cov CovItemId="B14" Value="1"/>
<Cov CovItemId="B15" Value="1"/>
<Cov CovItemId="B19" Value="40"/>
<Cov CovItemId="B2" Value="50"/>
<Cov CovItemId="B20" Value="66"/>
<Cov CovItemId="B21" Value="10"/>
<Cov CovItemId="B22" Value="30"/>
<Cov CovItemId="B24" Value="66"/>
<Cov CovItemId="B27" Value="5"/>
<Cov CovItemId="B28" Value="1"/>
<Cov CovItemId="B29" Value="15"/>
<Cov CovItemId="B30" Value="43"/>
<Cov CovItemId="B31" Value="3"/>
<Cov CovItemId="B32" Value="40"/>
<Cov CovItemId="B33" Value="10"/>
<Cov CovItemId="B34" Value="33"/>
<Cov CovItemId="B35" Value="5"/>
<Cov CovItemId="B36" Value="5"/>
<Cov CovItemId="B37" Value="16"/>
<Cov CovItemId="B38" Value="42"/>
<Cov CovItemId="B39" Value="16"/>
<Cov CovItemId="B4" Value="50"/>
<Cov CovItemId="B41" Value="4"/>
<Cov CovItemId="B42" Value="44"/>
<Cov CovItemId="B44" Value="4"/>
<Cov CovItemId="B45" Value="1"/>
<Cov CovItemId="B47" Value="6"/>
<Cov CovItemId="B5" Value="4"/>
<Cov CovItemId="B50" Value="6"/>
<Cov CovItemId="B58" Value="6"/>
<Cov CovItemId="B6" Value="6"/>
<Cov CovItemId="B8" Value="6"/>
<Cov CovItemId="L1-1" Value="3"/>
<Cov CovItemId="L1-2" Value="15"/>
<Cov CovItemId="L2-0" Value="3"/>
<Cov CovItemId="L2-1" Value="16"/>
<Cov CovItemId="L2-2" Value="24"/>
<Cov CovItemId="L3-2" Value="5"/>
<Cov CovItemId="L4-2" Value="18"/>
<Cov CovItemId="L5-1" Value="10"/>
<Cov CovItemId="L6-2" Value="16"/>
<Cov CovItemId="L7-2" Value="1"/>
<Cov CovItemId="L8-2" Value="1"/>
<Cov CovItemId="S1" Value="1"/>
<Cov CovItemId="S10" Value="1"/>
<Cov CovItemId="S100" Value="16"/>
<Cov CovItemId="S101" Value="16"/>
<Cov CovItemId="S102" Value="48"/>
<Cov CovItemId="S103" Value="48"/>
<Cov CovItemId="S104" Value="4"/>
<Cov CovItemId="S106" Value="4"/>
<Cov CovItemId="S107" Value="1"/>
<Cov CovItemId="S108" Value="1"/>
<Cov CovItemId="S109" Value="3"/>
<Cov CovItemId="S11" Value="1"/>
<Cov CovItemId="S110" Value="6"/>
<Cov CovItemId="S111" Value="1"/>
<Cov CovItemId="S112" Value="1"/>
<Cov CovItemId="S113" Value="1"/>
<Cov CovItemId="S114" Value="6"/>
<Cov CovItemId="S115" Value="6"/>
<Cov CovItemId="S116" Value="6"/>
<Cov CovItemId="S12" Value="1"/>
<Cov CovItemId="S129" Value="6"/>
<Cov CovItemId="S13" Value="1"/>
<Cov CovItemId="S130" Value="6"/>
<Cov CovItemId="S131" Value="6"/>
<Cov CovItemId="S133" Value="6"/>
<Cov CovItemId="S134" Value="1"/>
<Cov CovItemId="S14" Value="1"/>
<Cov CovItemId="S15" Value="1"/>
<Cov CovItemId="S16" Value="1"/>
<Cov CovItemId="S17" Value="1"/>
<Cov CovItemId="S18" Value="1"/>
<Cov CovItemId="S19" Value="1"/>
<Cov CovItemId="S2" Value="1"/>
<Cov CovItemId="S20" Value="1"/>
<Cov CovItemId="S21" Value="1"/>
<Cov CovItemId="S22" Value="1"/>
<Cov CovItemId="S23" Value="1"/>
<Cov CovItemId="S24" Value="1"/>
<Cov CovItemId="S25" Value="1"/>
<Cov CovItemId="S26" Value="1"/>
<Cov CovItemId="S27" Value="1"/>
<Cov CovItemId="S28" Value="1"/>
<Cov CovItemId="S29" Value="1"/>
<Cov CovItemId="S3" Value="1"/>
<Cov CovItemId="S30" Value="1"/>
<Cov CovItemId="S31" Value="1"/>
<Cov CovItemId="S32" Value="1"/>
<Cov CovItemId="S33" Value="1"/>
<Cov CovItemId="S34" Value="1"/>
<Cov CovItemId="S35" Value="1"/>
<Cov CovItemId="S36" Value="1"/>
<Cov CovItemId="S37" Value="1"/>
<Cov CovItemId="S38" Value="1"/>
<Cov CovItemId="S39" Value="1"/>
<Cov CovItemId="S4" Value="1"/>
<Cov CovItemId="S40" Value="1"/>
<Cov CovItemId="S41" Value="1"/>
<Cov CovItemId="S42" Value="1"/>
<Cov CovItemId="S43" Value="1"/>
<Cov CovItemId="S44" Value="18"/>
<Cov CovItemId="S45" Value="18"/>
<Cov CovItemId="S46" Value="18"/>
<Cov CovItemId="S47" Value="18"/>
<Cov CovItemId="S48" Value="57"/>
<Cov CovItemId="S49" Value="57"/>
<Cov CovItemId="S5" Value="1"/>
<Cov CovItemId="S50" Value="7"/>
<Cov CovItemId="S51" Value="50"/>
<Cov CovItemId="S53" Value="18"/>
<Cov CovItemId="S54" Value="10"/>
<Cov CovItemId="S55" Value="4"/>
<Cov CovItemId="S56" Value="6"/>
<Cov CovItemId="S58" Value="6"/>
<Cov CovItemId="S6" Value="1"/>
<Cov CovItemId="S60" Value="6"/>
<Cov CovItemId="S62" Value="6"/>
<Cov CovItemId="S63" Value="5"/>
<Cov CovItemId="S64" Value="1"/>
<Cov CovItemId="S65" Value="1"/>
<Cov CovItemId="S69" Value="43"/>
<Cov CovItemId="S7" Value="1"/>
<Cov CovItemId="S70" Value="43"/>
<Cov CovItemId="S71" Value="106"/>
<Cov CovItemId="S72" Value="40"/>
<Cov CovItemId="S73" Value="40"/>
<Cov CovItemId="S74" Value="10"/>
<Cov CovItemId="S75" Value="66"/>
<Cov CovItemId="S76" Value="66"/>
<Cov CovItemId="S8" Value="1"/>
<Cov CovItemId="S80" Value="43"/>
<Cov CovItemId="S81" Value="6"/>
<Cov CovItemId="S82" Value="6"/>
<Cov CovItemId="S83" Value="5"/>
<Cov CovItemId="S84" Value="18"/>
<Cov CovItemId="S85" Value="18"/>
<Cov CovItemId="S86" Value="18"/>
<Cov CovItemId="S87" Value="58"/>
<Cov CovItemId="S88" Value="58"/>
<Cov CovItemId="S89" Value="15"/>
<Cov CovItemId="S9" Value="1"/>
<Cov CovItemId="S90" Value="43"/>
<Cov CovItemId="S91" Value="3"/>
<Cov CovItemId="S92" Value="43"/>
<Cov CovItemId="S93" Value="43"/>
<Cov CovItemId="S94" Value="10"/>
<Cov CovItemId="S95" Value="10"/>
<Cov CovItemId="S96" Value="10"/>
<Cov CovItemId="S97" Value="5"/>
<Cov CovItemId="S98" Value="58"/>
<Cov CovItemId="S99" Value="16"/>
</CovPrefix>
</CovList>
<AssgnmntList>
<AssgnmntPrefix RootTermCovItemPrefix="com.aconex.coding.challenge.NumberToAlphaConverter.java">
<AssgnmntListEntry Length="1" RootTermCovItemId="C1">
<MapEntry BoolAssgnmnt="0" Value="18"/>
<MapEntry BoolAssgnmnt="1" Value="57"/>
</AssgnmntListEntry>
<AssgnmntListEntry Length="1" RootTermCovItemId="C11">
<MapEntry BoolAssgnmnt="0" Value="43"/>
<MapEntry BoolAssgnmnt="1" Value="106"/>
</AssgnmntListEntry>
<AssgnmntListEntry Length="1" RootTermCovItemId="C12">
<MapEntry BoolAssgnmnt="0" Value="66"/>
<MapEntry BoolAssgnmnt="1" Value="40"/>
</AssgnmntListEntry>
<AssgnmntListEntry Length="1" RootTermCovItemId="C13">
<MapEntry BoolAssgnmnt="0" Value="30"/>
<MapEntry BoolAssgnmnt="1" Value="10"/>
</AssgnmntListEntry>
<AssgnmntListEntry Length="1" RootTermCovItemId="C14">
<MapEntry BoolAssgnmnt="0" Value="66"/>
</AssgnmntListEntry>
<AssgnmntListEntry Length="1" RootTermCovItemId="C16">
<MapEntry BoolAssgnmnt="0" Value="1"/>
<MapEntry BoolAssgnmnt="1" Value="5"/>
</AssgnmntListEntry>
<AssgnmntListEntry Length="1" RootTermCovItemId="C17">
<MapEntry BoolAssgnmnt="0" Value="43"/>
<MapEntry BoolAssgnmnt="1" Value="15"/>
</AssgnmntListEntry>
<AssgnmntListEntry Length="2" RootTermCovItemId="C18">
<MapEntry BoolAssgnmnt="02" Value="40"/>
<MapEntry BoolAssgnmnt="11" Value="3"/>
</AssgnmntListEntry>
<AssgnmntListEntry Length="1" RootTermCovItemId="C19">
<MapEntry BoolAssgnmnt="0" Value="33"/>
<MapEntry BoolAssgnmnt="1" Value="10"/>
</AssgnmntListEntry>
<AssgnmntListEntry Length="2" RootTermCovItemId="C2">
<MapEntry BoolAssgnmnt="10" Value="50"/>
<MapEntry BoolAssgnmnt="11" Value="7"/>
</AssgnmntListEntry>
<AssgnmntListEntry Length="3" RootTermCovItemId="C20">
<MapEntry BoolAssgnmnt="110" Value="5"/>
<MapEntry BoolAssgnmnt="111" Value="5"/>
</AssgnmntListEntry>
<AssgnmntListEntry Length="1" RootTermCovItemId="C21">
<MapEntry BoolAssgnmnt="0" Value="42"/>
<MapEntry BoolAssgnmnt="1" Value="16"/>
</AssgnmntListEntry>
<AssgnmntListEntry Length="1" RootTermCovItemId="C22">
<MapEntry BoolAssgnmnt="1" Value="16"/>
</AssgnmntListEntry>
<AssgnmntListEntry Length="1" RootTermCovItemId="C23">
<MapEntry BoolAssgnmnt="0" Value="44"/>
<MapEntry BoolAssgnmnt="1" Value="4"/>
</AssgnmntListEntry>
<AssgnmntListEntry Length="1" RootTermCovItemId="C24">
<MapEntry BoolAssgnmnt="0" Value="4"/>
</AssgnmntListEntry>
<AssgnmntListEntry Length="1" RootTermCovItemId="C25">
<MapEntry BoolAssgnmnt="1" Value="1"/>
</AssgnmntListEntry>
<AssgnmntListEntry Length="1" RootTermCovItemId="C26">
<MapEntry BoolAssgnmnt="0" Value="1"/>
<MapEntry BoolAssgnmnt="1" Value="6"/>
</AssgnmntListEntry>
<AssgnmntListEntry Length="2" RootTermCovItemId="C27">
<MapEntry BoolAssgnmnt="12" Value="6"/>
</AssgnmntListEntry>
<AssgnmntListEntry Length="1" RootTermCovItemId="C28">
<MapEntry BoolAssgnmnt="0" Value="6"/>
</AssgnmntListEntry>
<AssgnmntListEntry Length="1" RootTermCovItemId="C3">
<MapEntry BoolAssgnmnt="0" Value="50"/>
</AssgnmntListEntry>
<AssgnmntListEntry Length="1" RootTermCovItemId="C32">
<MapEntry BoolAssgnmnt="0" Value="6"/>
</AssgnmntListEntry>
<AssgnmntListEntry Length="2" RootTermCovItemId="C4">
<MapEntry BoolAssgnmnt="10" Value="6"/>
<MapEntry BoolAssgnmnt="11" Value="4"/>
</AssgnmntListEntry>
<AssgnmntListEntry Length="2" RootTermCovItemId="C5">
<MapEntry BoolAssgnmnt="10" Value="6"/>
</AssgnmntListEntry>
<AssgnmntListEntry Length="2" RootTermCovItemId="C6">
<MapEntry BoolAssgnmnt="10" Value="6"/>
</AssgnmntListEntry>
<AssgnmntListEntry Length="2" RootTermCovItemId="C7">
<MapEntry BoolAssgnmnt="10" Value="6"/>
</AssgnmntListEntry>
<AssgnmntListEntry Length="2" RootTermCovItemId="C8">
<MapEntry BoolAssgnmnt="10" Value="1"/>
<MapEntry BoolAssgnmnt="11" Value="5"/>
</AssgnmntListEntry>
<AssgnmntListEntry Length="2" RootTermCovItemId="C9">
<MapEntry BoolAssgnmnt="11" Value="1"/>
</AssgnmntListEntry>
</AssgnmntPrefix>
</AssgnmntList>
<ObjMetaDataList/>
<MetaDataList/>
</TestCase>
<TestCase Comment="" Date="1421777369691" Name="com.aconex.test.TestNumberToAlphaConverter:testsSingleStringResultWithMultipleDictionaryWordAndNumbersAtEndsAndInBetween">
<CovList>
<CovPrefix CovItemPrefix="com.aconex.coding.challenge.NumberToAlphaConverter.java">
<Cov CovItemId="B1" Value="36"/>
<Cov CovItemId="B10" Value="10"/>
<Cov CovItemId="B11" Value="8"/>
<Cov CovItemId="B12" Value="2"/>
<Cov CovItemId="B14" Value="2"/>
<Cov CovItemId="B15" Value="2"/>
<Cov CovItemId="B19" Value="51"/>
<Cov CovItemId="B2" Value="139"/>
<Cov CovItemId="B20" Value="84"/>
<Cov CovItemId="B21" Value="12"/>
<Cov CovItemId="B22" Value="39"/>
<Cov CovItemId="B24" Value="84"/>
<Cov CovItemId="B27" Value="18"/>
<Cov CovItemId="B28" Value="1"/>
<Cov CovItemId="B29" Value="14"/>
<Cov CovItemId="B30" Value="56"/>
<Cov CovItemId="B31" Value="11"/>
<Cov CovItemId="B32" Value="45"/>
<Cov CovItemId="B33" Value="12"/>
<Cov CovItemId="B34" Value="44"/>
<Cov CovItemId="B35" Value="6"/>
<Cov CovItemId="B36" Value="6"/>
<Cov CovItemId="B37" Value="61"/>
<Cov CovItemId="B38" Value="9"/>
<Cov CovItemId="B39" Value="61"/>
<Cov CovItemId="B4" Value="139"/>
<Cov CovItemId="B42" Value="204"/>
<Cov CovItemId="B45" Value="1"/>
<Cov CovItemId="B47" Value="19"/>
<Cov CovItemId="B48" Value="7"/>
<Cov CovItemId="B5" Value="2"/>
<Cov CovItemId="B50" Value="19"/>
<Cov CovItemId="B58" Value="19"/>
<Cov CovItemId="B6" Value="10"/>
<Cov CovItemId="B8" Value="10"/>
<Cov CovItemId="L1-1" Value="3"/>
<Cov CovItemId="L1-2" Value="18"/>
<Cov CovItemId="L2-0" Value="5"/>
<Cov CovItemId="L2-1" Value="20"/>
<Cov CovItemId="L2-2" Value="31"/>
<Cov CovItemId="L3-1" Value="16"/>
<Cov CovItemId="L3-2" Value="2"/>
<Cov CovItemId="L4-2" Value="21"/>
<Cov CovItemId="L5-1" Value="12"/>
<Cov CovItemId="L6-2" Value="61"/>
<Cov CovItemId="L7-2" Value="1"/>
<Cov CovItemId="L8-2" Value="1"/>
<Cov CovItemId="S100" Value="61"/>
<Cov CovItemId="S101" Value="61"/>
<Cov CovItemId="S102" Value="204"/>
<Cov CovItemId="S103" Value="204"/>
<Cov CovItemId="S107" Value="1"/>
<Cov CovItemId="S108" Value="1"/>
<Cov CovItemId="S109" Value="3"/>
<Cov CovItemId="S110" Value="19"/>
<Cov CovItemId="S111" Value="1"/>
<Cov CovItemId="S112" Value="1"/>
<Cov CovItemId="S113" Value="1"/>
<Cov CovItemId="S114" Value="26"/>
<Cov CovItemId="S115" Value="26"/>
<Cov CovItemId="S116" Value="19"/>
<Cov CovItemId="S129" Value="19"/>
<Cov CovItemId="S130" Value="19"/>
<Cov CovItemId="S131" Value="19"/>
<Cov CovItemId="S133" Value="19"/>
<Cov CovItemId="S134" Value="1"/>
<Cov CovItemId="S44" Value="21"/>
<Cov CovItemId="S45" Value="21"/>
<Cov CovItemId="S46" Value="21"/>
<Cov CovItemId="S47" Value="21"/>
<Cov CovItemId="S48" Value="175"/>
<Cov CovItemId="S49" Value="175"/>
<Cov CovItemId="S50" Value="36"/>
<Cov CovItemId="S51" Value="139"/>
<Cov CovItemId="S53" Value="21"/>
<Cov CovItemId="S54" Value="12"/>
<Cov CovItemId="S55" Value="2"/>
<Cov CovItemId="S56" Value="10"/>
<Cov CovItemId="S58" Value="10"/>
<Cov CovItemId="S60" Value="10"/>
<Cov CovItemId="S61" Value="8"/>
<Cov CovItemId="S62" Value="2"/>
<Cov CovItemId="S64" Value="2"/>
<Cov CovItemId="S65" Value="2"/>
<Cov CovItemId="S69" Value="56"/>
<Cov CovItemId="S70" Value="56"/>
<Cov CovItemId="S71" Value="135"/>
<Cov CovItemId="S72" Value="51"/>
<Cov CovItemId="S73" Value="51"/>
<Cov CovItemId="S74" Value="12"/>
<Cov CovItemId="S75" Value="84"/>
<Cov CovItemId="S76" Value="84"/>
<Cov CovItemId="S80" Value="56"/>
<Cov CovItemId="S81" Value="19"/>
<Cov CovItemId="S82" Value="19"/>
<Cov CovItemId="S83" Value="18"/>
<Cov CovItemId="S84" Value="21"/>
<Cov CovItemId="S85" Value="21"/>
<Cov CovItemId="S86" Value="21"/>
<Cov CovItemId="S87" Value="70"/>
<Cov CovItemId="S88" Value="70"/>
<Cov CovItemId="S89" Value="14"/>
<Cov CovItemId="S90" Value="56"/>
<Cov CovItemId="S91" Value="11"/>
<Cov CovItemId="S92" Value="56"/>
<Cov CovItemId="S93" Value="56"/>
<Cov CovItemId="S94" Value="12"/>
<Cov CovItemId="S95" Value="12"/>
<Cov CovItemId="S96" Value="12"/>
<Cov CovItemId="S97" Value="6"/>
<Cov CovItemId="S98" Value="70"/>
<Cov CovItemId="S99" Value="61"/>
</CovPrefix>
</CovList>
<AssgnmntList>
<AssgnmntPrefix RootTermCovItemPrefix="com.aconex.coding.challenge.NumberToAlphaConverter.java">
<AssgnmntListEntry Length="1" RootTermCovItemId="C1">
<MapEntry BoolAssgnmnt="0" Value="21"/>
<MapEntry BoolAssgnmnt="1" Value="175"/>
</AssgnmntListEntry>
<AssgnmntListEntry Length="1" RootTermCovItemId="C11">
<MapEntry BoolAssgnmnt="0" Value="56"/>
<MapEntry BoolAssgnmnt="1" Value="135"/>
</AssgnmntListEntry>
<AssgnmntListEntry Length="1" RootTermCovItemId="C12">
<MapEntry BoolAssgnmnt="0" Value="84"/>
<MapEntry BoolAssgnmnt="1" Value="51"/>
</AssgnmntListEntry>
<AssgnmntListEntry Length="1" RootTermCovItemId="C13">
<MapEntry BoolAssgnmnt="0" Value="39"/>
<MapEntry BoolAssgnmnt="1" Value="12"/>
</AssgnmntListEntry>
<AssgnmntListEntry Length="1" RootTermCovItemId="C14">
<MapEntry BoolAssgnmnt="0" Value="84"/>
</AssgnmntListEntry>
<AssgnmntListEntry Length="1" RootTermCovItemId="C16">
<MapEntry BoolAssgnmnt="0" Value="1"/>
<MapEntry BoolAssgnmnt="1" Value="18"/>
</AssgnmntListEntry>
<AssgnmntListEntry Length="1" RootTermCovItemId="C17">
<MapEntry BoolAssgnmnt="0" Value="56"/>
<MapEntry BoolAssgnmnt="1" Value="14"/>
</AssgnmntListEntry>
<AssgnmntListEntry Length="2" RootTermCovItemId="C18">
<MapEntry BoolAssgnmnt="02" Value="45"/>
<MapEntry BoolAssgnmnt="11" Value="11"/>
</AssgnmntListEntry>
<AssgnmntListEntry Length="1" RootTermCovItemId="C19">
<MapEntry BoolAssgnmnt="0" Value="44"/>
<MapEntry BoolAssgnmnt="1" Value="12"/>
</AssgnmntListEntry>
<AssgnmntListEntry Length="2" RootTermCovItemId="C2">
<MapEntry BoolAssgnmnt="10" Value="139"/>
<MapEntry BoolAssgnmnt="11" Value="36"/>
</AssgnmntListEntry>
<AssgnmntListEntry Length="3" RootTermCovItemId="C20">
<MapEntry BoolAssgnmnt="110" Value="6"/>
<MapEntry BoolAssgnmnt="111" Value="6"/>
</AssgnmntListEntry>
<AssgnmntListEntry Length="1" RootTermCovItemId="C21">
<MapEntry BoolAssgnmnt="0" Value="9"/>
<MapEntry BoolAssgnmnt="1" Value="61"/>
</AssgnmntListEntry>
<AssgnmntListEntry Length="1" RootTermCovItemId="C22">
<MapEntry BoolAssgnmnt="1" Value="61"/>
</AssgnmntListEntry>
<AssgnmntListEntry Length="1" RootTermCovItemId="C23">
<MapEntry BoolAssgnmnt="0" Value="204"/>
</AssgnmntListEntry>
<AssgnmntListEntry Length="1" RootTermCovItemId="C25">
<MapEntry BoolAssgnmnt="1" Value="1"/>
</AssgnmntListEntry>
<AssgnmntListEntry Length="1" RootTermCovItemId="C26">
<MapEntry BoolAssgnmnt="0" Value="1"/>
<MapEntry BoolAssgnmnt="1" Value="26"/>
</AssgnmntListEntry>
<AssgnmntListEntry Length="2" RootTermCovItemId="C27">
<MapEntry BoolAssgnmnt="00" Value="7"/>
<MapEntry BoolAssgnmnt="12" Value="19"/>
</AssgnmntListEntry>
<AssgnmntListEntry Length="1" RootTermCovItemId="C28">
<MapEntry BoolAssgnmnt="0" Value="19"/>
</AssgnmntListEntry>
<AssgnmntListEntry Length="1" RootTermCovItemId="C3">
<MapEntry BoolAssgnmnt="0" Value="139"/>
</AssgnmntListEntry>
<AssgnmntListEntry Length="1" RootTermCovItemId="C32">
<MapEntry BoolAssgnmnt="0" Value="19"/>
</AssgnmntListEntry>
<AssgnmntListEntry Length="2" RootTermCovItemId="C4">
<MapEntry BoolAssgnmnt="10" Value="10"/>
<MapEntry BoolAssgnmnt="11" Value="2"/>
</AssgnmntListEntry>
<AssgnmntListEntry Length="2" RootTermCovItemId="C5">
<MapEntry BoolAssgnmnt="10" Value="10"/>
</AssgnmntListEntry>
<AssgnmntListEntry Length="2" RootTermCovItemId="C6">
<MapEntry BoolAssgnmnt="10" Value="10"/>
</AssgnmntListEntry>
<AssgnmntListEntry Length="2" RootTermCovItemId="C7">
<MapEntry BoolAssgnmnt="10" Value="2"/>
<MapEntry BoolAssgnmnt="11" Value="8"/>
</AssgnmntListEntry>
<AssgnmntListEntry Length="2" RootTermCovItemId="C8">
<MapEntry BoolAssgnmnt="10" Value="2"/>
</AssgnmntListEntry>
<AssgnmntListEntry Length="2" RootTermCovItemId="C9">
<MapEntry BoolAssgnmnt="11" Value="2"/>
</AssgnmntListEntry>
</AssgnmntPrefix>
</AssgnmntList>
<ObjMetaDataList/>
<MetaDataList/>
</TestCase>
<TestCase Comment="" Date="1421777369706" Name="com.aconex.test.TestNumberToAlphaConverter:testsResultWithMultipleDictionaryWordAndNumbersConsecutiveInResult">
<CovList>
<CovPrefix CovItemPrefix="com.aconex.coding.challenge.NumberToAlphaConverter.java">
<Cov CovItemId="B1" Value="66"/>
<Cov CovItemId="B10" Value="23"/>
<Cov CovItemId="B11" Value="14"/>
<Cov CovItemId="B12" Value="9"/>
<Cov CovItemId="B13" Value="8"/>
<Cov CovItemId="B14" Value="1"/>
<Cov CovItemId="B16" Value="1"/>
<Cov CovItemId="B18" Value="1"/>
<Cov CovItemId="B19" Value="127"/>
<Cov CovItemId="B2" Value="382"/>
<Cov CovItemId="B20" Value="150"/>
<Cov CovItemId="B21" Value="31"/>
<Cov CovItemId="B22" Value="96"/>
<Cov CovItemId="B24" Value="150"/>
<Cov CovItemId="B27" Value="34"/>
<Cov CovItemId="B28" Value="2"/>
<Cov CovItemId="B29" Value="30"/>
<Cov CovItemId="B3" Value="40"/>
<Cov CovItemId="B30" Value="136"/>
<Cov CovItemId="B31" Value="26"/>
<Cov CovItemId="B32" Value="110"/>
<Cov CovItemId="B33" Value="31"/>
<Cov CovItemId="B34" Value="105"/>
<Cov CovItemId="B35" Value="12"/>
<Cov CovItemId="B36" Value="19"/>
<Cov CovItemId="B37" Value="148"/>
<Cov CovItemId="B38" Value="18"/>
<Cov CovItemId="B39" Value="114"/>
<Cov CovItemId="B4" Value="342"/>
<Cov CovItemId="B40" Value="34"/>
<Cov CovItemId="B41" Value="4"/>
<Cov CovItemId="B42" Value="384"/>
<Cov CovItemId="B43" Value="4"/>
<Cov CovItemId="B45" Value="2"/>
<Cov CovItemId="B47" Value="36"/>
<Cov CovItemId="B48" Value="10"/>
<Cov CovItemId="B5" Value="8"/>
<Cov CovItemId="B50" Value="36"/>
<Cov CovItemId="B57" Value="1"/>
<Cov CovItemId="B58" Value="35"/>
<Cov CovItemId="B6" Value="23"/>
<Cov CovItemId="B8" Value="23"/>
<Cov CovItemId="L1-1" Value="6"/>
<Cov CovItemId="L1-2" Value="44"/>
<Cov CovItemId="L2-0" Value="9"/>
<Cov CovItemId="L2-1" Value="63"/>
<Cov CovItemId="L2-2" Value="64"/>
<Cov CovItemId="L3-1" Value="24"/>
<Cov CovItemId="L3-2" Value="10"/>
<Cov CovItemId="L4-2" Value="50"/>
<Cov CovItemId="L5-1" Value="31"/>
<Cov CovItemId="L6-2" Value="114"/>
<Cov CovItemId="L7-2" Value="2"/>
<Cov CovItemId="L8-2" Value="2"/>
<Cov CovItemId="S100" Value="148"/>
<Cov CovItemId="S101" Value="114"/>
<Cov CovItemId="S102" Value="388"/>
<Cov CovItemId="S103" Value="388"/>
<Cov CovItemId="S104" Value="4"/>
<Cov CovItemId="S105" Value="4"/>
<Cov CovItemId="S107" Value="2"/>
<Cov CovItemId="S108" Value="2"/>
<Cov CovItemId="S109" Value="6"/>
<Cov CovItemId="S110" Value="36"/>
<Cov CovItemId="S111" Value="2"/>
<Cov CovItemId="S112" Value="2"/>
<Cov CovItemId="S113" Value="2"/>
<Cov CovItemId="S114" Value="46"/>
<Cov CovItemId="S115" Value="46"/>
<Cov CovItemId="S116" Value="36"/>
<Cov CovItemId="S129" Value="36"/>
<Cov CovItemId="S130" Value="36"/>
<Cov CovItemId="S131" Value="36"/>
<Cov CovItemId="S132" Value="1"/>
<Cov CovItemId="S133" Value="35"/>
<Cov CovItemId="S134" Value="2"/>
<Cov CovItemId="S44" Value="50"/>
<Cov CovItemId="S45" Value="50"/>
<Cov CovItemId="S46" Value="50"/>
<Cov CovItemId="S47" Value="50"/>
<Cov CovItemId="S48" Value="448"/>
<Cov CovItemId="S49" Value="448"/>
<Cov CovItemId="S50" Value="66"/>
<Cov CovItemId="S51" Value="382"/>
<Cov CovItemId="S52" Value="40"/>
<Cov CovItemId="S53" Value="50"/>
<Cov CovItemId="S54" Value="31"/>
<Cov CovItemId="S55" Value="8"/>
<Cov CovItemId="S56" Value="23"/>
<Cov CovItemId="S58" Value="23"/>
<Cov CovItemId="S60" Value="23"/>
<Cov CovItemId="S61" Value="14"/>
<Cov CovItemId="S62" Value="9"/>
<Cov CovItemId="S63" Value="8"/>
<Cov CovItemId="S64" Value="1"/>
<Cov CovItemId="S66" Value="1"/>
<Cov CovItemId="S68" Value="1"/>
<Cov CovItemId="S69" Value="136"/>
<Cov CovItemId="S70" Value="136"/>
<Cov CovItemId="S71" Value="277"/>
<Cov CovItemId="S72" Value="127"/>
<Cov CovItemId="S73" Value="127"/>
<Cov CovItemId="S74" Value="31"/>
<Cov CovItemId="S75" Value="150"/>
<Cov CovItemId="S76" Value="150"/>
<Cov CovItemId="S80" Value="136"/>
<Cov CovItemId="S81" Value="36"/>
<Cov CovItemId="S82" Value="36"/>
<Cov CovItemId="S83" Value="34"/>
<Cov CovItemId="S84" Value="50"/>
<Cov CovItemId="S85" Value="50"/>
<Cov CovItemId="S86" Value="50"/>
<Cov CovItemId="S87" Value="166"/>
<Cov CovItemId="S88" Value="166"/>
<Cov CovItemId="S89" Value="30"/>
<Cov CovItemId="S90" Value="136"/>
<Cov CovItemId="S91" Value="26"/>
<Cov CovItemId="S92" Value="136"/>
<Cov CovItemId="S93" Value="136"/>
<Cov CovItemId="S94" Value="31"/>
<Cov CovItemId="S95" Value="31"/>
<Cov CovItemId="S96" Value="31"/>
<Cov CovItemId="S97" Value="12"/>
<Cov CovItemId="S98" Value="166"/>
<Cov CovItemId="S99" Value="148"/>
</CovPrefix>
</CovList>
<AssgnmntList>
<AssgnmntPrefix RootTermCovItemPrefix="com.aconex.coding.challenge.NumberToAlphaConverter.java">
<AssgnmntListEntry Length="1" RootTermCovItemId="C1">
<MapEntry BoolAssgnmnt="0" Value="50"/>
<MapEntry BoolAssgnmnt="1" Value="448"/>
</AssgnmntListEntry>
<AssgnmntListEntry Length="2" RootTermCovItemId="C10">
<MapEntry BoolAssgnmnt="10" Value="1"/>
</AssgnmntListEntry>
<AssgnmntListEntry Length="1" RootTermCovItemId="C11">
<MapEntry BoolAssgnmnt="0" Value="136"/>
<MapEntry BoolAssgnmnt="1" Value="277"/>
</AssgnmntListEntry>
<AssgnmntListEntry Length="1" RootTermCovItemId="C12">
<MapEntry BoolAssgnmnt="0" Value="150"/>
<MapEntry BoolAssgnmnt="1" Value="127"/>
</AssgnmntListEntry>
<AssgnmntListEntry Length="1" RootTermCovItemId="C13">
<MapEntry BoolAssgnmnt="0" Value="96"/>
<MapEntry BoolAssgnmnt="1" Value="31"/>
</AssgnmntListEntry>
<AssgnmntListEntry Length="1" RootTermCovItemId="C14">
<MapEntry BoolAssgnmnt="0" Value="150"/>
</AssgnmntListEntry>
<AssgnmntListEntry Length="1" RootTermCovItemId="C16">
<MapEntry BoolAssgnmnt="0" Value="2"/>
<MapEntry BoolAssgnmnt="1" Value="34"/>
</AssgnmntListEntry>
<AssgnmntListEntry Length="1" RootTermCovItemId="C17">
<MapEntry BoolAssgnmnt="0" Value="136"/>
<MapEntry BoolAssgnmnt="1" Value="30"/>
</AssgnmntListEntry>
<AssgnmntListEntry Length="2" RootTermCovItemId="C18">
<MapEntry BoolAssgnmnt="02" Value="110"/>
<MapEntry BoolAssgnmnt="11" Value="26"/>
</AssgnmntListEntry>
<AssgnmntListEntry Length="1" RootTermCovItemId="C19">
<MapEntry BoolAssgnmnt="0" Value="105"/>
<MapEntry BoolAssgnmnt="1" Value="31"/>
</AssgnmntListEntry>
<AssgnmntListEntry Length="2" RootTermCovItemId="C2">
<MapEntry BoolAssgnmnt="10" Value="342"/>
<MapEntry BoolAssgnmnt="02" Value="40"/>
<MapEntry BoolAssgnmnt="11" Value="66"/>
</AssgnmntListEntry>
<AssgnmntListEntry Length="3" RootTermCovItemId="C20">
<MapEntry BoolAssgnmnt="110" Value="19"/>
<MapEntry BoolAssgnmnt="111" Value="12"/>
</AssgnmntListEntry>
<AssgnmntListEntry Length="1" RootTermCovItemId="C21">
<MapEntry BoolAssgnmnt="0" Value="18"/>
<MapEntry BoolAssgnmnt="1" Value="148"/>
</AssgnmntListEntry>
<AssgnmntListEntry Length="1" RootTermCovItemId="C22">
<MapEntry BoolAssgnmnt="0" Value="34"/>
<MapEntry BoolAssgnmnt="1" Value="114"/>
</AssgnmntListEntry>
<AssgnmntListEntry Length="1" RootTermCovItemId="C23">
<MapEntry BoolAssgnmnt="0" Value="384"/>
<MapEntry BoolAssgnmnt="1" Value="4"/>
</AssgnmntListEntry>
<AssgnmntListEntry Length="1" RootTermCovItemId="C24">
<MapEntry BoolAssgnmnt="1" Value="4"/>
</AssgnmntListEntry>
<AssgnmntListEntry Length="1" RootTermCovItemId="C25">
<MapEntry BoolAssgnmnt="1" Value="2"/>
</AssgnmntListEntry>
<AssgnmntListEntry Length="1" RootTermCovItemId="C26">
<MapEntry BoolAssgnmnt="0" Value="1"/>
<MapEntry BoolAssgnmnt="1" Value="46"/>
</AssgnmntListEntry>
<AssgnmntListEntry Length="2" RootTermCovItemId="C27">
<MapEntry BoolAssgnmnt="00" Value="10"/>
<MapEntry BoolAssgnmnt="12" Value="36"/>
</AssgnmntListEntry>
<AssgnmntListEntry Length="1" RootTermCovItemId="C28">
<MapEntry BoolAssgnmnt="0" Value="36"/>
</AssgnmntListEntry>
<AssgnmntListEntry Length="1" RootTermCovItemId="C3">
<MapEntry BoolAssgnmnt="0" Value="342"/>
<MapEntry BoolAssgnmnt="1" Value="40"/>
</AssgnmntListEntry>
<AssgnmntListEntry Length="1" RootTermCovItemId="C32">
<MapEntry BoolAssgnmnt="0" Value="35"/>
<MapEntry BoolAssgnmnt="1" Value="1"/>
</AssgnmntListEntry>
<AssgnmntListEntry Length="2" RootTermCovItemId="C4">
<MapEntry BoolAssgnmnt="10" Value="23"/>
<MapEntry BoolAssgnmnt="11" Value="8"/>
</AssgnmntListEntry>
<AssgnmntListEntry Length="2" RootTermCovItemId="C5">
<MapEntry BoolAssgnmnt="10" Value="23"/>
</AssgnmntListEntry>
<AssgnmntListEntry Length="2" RootTermCovItemId="C6">
<MapEntry BoolAssgnmnt="10" Value="23"/>
</AssgnmntListEntry>
<AssgnmntListEntry Length="2" RootTermCovItemId="C7">
<MapEntry BoolAssgnmnt="10" Value="9"/>
<MapEntry BoolAssgnmnt="11" Value="14"/>
</AssgnmntListEntry>
<AssgnmntListEntry Length="2" RootTermCovItemId="C8">
<MapEntry BoolAssgnmnt="10" Value="1"/>
<MapEntry BoolAssgnmnt="11" Value="8"/>
</AssgnmntListEntry>
<AssgnmntListEntry Length="2" RootTermCovItemId="C9">
<MapEntry BoolAssgnmnt="10" Value="1"/>
</AssgnmntListEntry>
</AssgnmntPrefix>
</AssgnmntList>
<ObjMetaDataList/>
<MetaDataList/>
</TestCase>
<TestCase Comment="Failure&#10;java.lang.AssertionError&#13;&#10;&#9;at org.junit.Assert.fail(Assert.java:92)&#13;&#10;&#9;at org.junit.Assert.assertTrue(Assert.java:43)&#13;&#10;&#9;at org.junit.Assert.assertFalse(Assert.java:68)&#13;&#10;&#9;at org.junit.Assert.assertFalse(Assert.java:79)&#13;&#10;&#9;at com.aconex.test.TestNumberToAlphaConverter.testThreeWordsInOneResult(TestNumberToAlphaConverter.java:299)&#13;&#10;&#9;at sun.reflect.NativeMethodAccessorImpl.invoke0(Native Method)&#13;&#10;&#9;at sun.reflect.NativeMethodAccessorImpl.invoke(Unknown Source)&#13;&#10;&#9;at sun.reflect.DelegatingMethodAccessorImpl.invoke(Unknown Source)&#13;&#10;&#9;at java.lang.reflect.Method.invoke(Unknown Source)&#13;&#10;&#9;at org.junit.runners.model.FrameworkMethod$1.runReflectiveCall(FrameworkMethod.java:45)&#13;&#10;&#9;at org.junit.internal.runners.model.ReflectiveCallable.run(ReflectiveCallable.java:15)&#13;&#10;&#9;at org.junit.runners.model.FrameworkMethod.invokeExplosively(FrameworkMethod.java:42)&#13;&#10;&#9;at org.junit.internal.runners.statements.InvokeMethod.evaluate(InvokeMethod.java:20)&#13;&#10;&#9;at org.junit.internal.runners.statements.RunBefores.evaluate(RunBefores.java:28)&#13;&#10;&#9;at org.junit.runners.ParentRunner.runLeaf(ParentRunner.java:263)&#13;&#10;&#9;at org.junit.runners.BlockJUnit4ClassRunner.runChild(BlockJUnit4ClassRunner.java:68)&#13;&#10;&#9;at org.junit.runners.BlockJUnit4ClassRunner.runChild(BlockJUnit4ClassRunner.java:47)&#13;&#10;&#9;at org.junit.runners.ParentRunner$3.run(ParentRunner.java:231)&#13;&#10;&#9;at org.junit.runners.ParentRunner$1.schedule(ParentRunner.java:60)&#13;&#10;&#9;at org.junit.runners.ParentRunner.runChildren(ParentRunner.java:229)&#13;&#10;&#9;at org.junit.runners.ParentRunner.access$000(ParentRunner.java:50)&#13;&#10;&#9;at org.junit.runners.ParentRunner$2.evaluate(ParentRunner.java:222)&#13;&#10;&#9;at org.junit.runners.ParentRunner.run(ParentRunner.java:300)&#13;&#10;&#9;at org.eclipse.jdt.internal.junit4.runner.JUnit4TestReference.run(JUnit4TestReference.java:50)&#13;&#10;&#9;at org.eclipse.jdt.internal.junit.runner.TestExecution.run(TestExecution.java:38)&#13;&#10;&#9;at org.eclipse.jdt.internal.junit.runner.RemoteTestRunner.runTests(RemoteTestRunner.java:467)&#13;&#10;&#9;at org.eclipse.jdt.internal.junit.runner.RemoteTestRunner.runTests(RemoteTestRunner.java:683)&#13;&#10;&#9;at org.eclipse.jdt.internal.junit.runner.RemoteTestRunner.run(RemoteTestRunner.java:390)&#13;&#10;&#9;at org.codecover.juniteclipse.runner.EclipseTestRunner.main(EclipseTestRunner.java:40)" Date="1421777369706" Name="com.aconex.test.TestNumberToAlphaConverter:testThreeWordsInOneResult">
<CovList>
<CovPrefix CovItemPrefix="com.aconex.coding.challenge.NumberToAlphaConverter.java">
<Cov CovItemId="B1" Value="4"/>
<Cov CovItemId="B19" Value="29"/>
<Cov CovItemId="B2" Value="23"/>
<Cov CovItemId="B20" Value="21"/>
<Cov CovItemId="B21" Value="9"/>
<Cov CovItemId="B22" Value="20"/>
<Cov CovItemId="B24" Value="21"/>
<Cov CovItemId="B27" Value="6"/>
<Cov CovItemId="B28" Value="1"/>
<Cov CovItemId="B29" Value="4"/>
<Cov CovItemId="B30" Value="31"/>
<Cov CovItemId="B31" Value="4"/>
<Cov CovItemId="B32" Value="27"/>
<Cov CovItemId="B33" Value="9"/>
<Cov CovItemId="B34" Value="22"/>
<Cov CovItemId="B35" Value="5"/>
<Cov CovItemId="B36" Value="4"/>
<Cov CovItemId="B37" Value="14"/>
<Cov CovItemId="B38" Value="21"/>
<Cov CovItemId="B39" Value="14"/>
<Cov CovItemId="B4" Value="23"/>
<Cov CovItemId="B41" Value="1"/>
<Cov CovItemId="B42" Value="47"/>
<Cov CovItemId="B44" Value="1"/>
<Cov CovItemId="B45" Value="1"/>
<Cov CovItemId="B47" Value="7"/>
<Cov CovItemId="B5" Value="2"/>
<Cov CovItemId="B50" Value="7"/>
<Cov CovItemId="B57" Value="1"/>
<Cov CovItemId="B58" Value="6"/>
<Cov CovItemId="B6" Value="7"/>
<Cov CovItemId="B7" Value="5"/>
<Cov CovItemId="B8" Value="2"/>
<Cov CovItemId="B9" Value="2"/>
<Cov CovItemId="L1-1" Value="3"/>
<Cov CovItemId="L1-2" Value="7"/>
<Cov CovItemId="L2-0" Value="2"/>
<Cov CovItemId="L2-1" Value="19"/>
<Cov CovItemId="L2-2" Value="10"/>
<Cov CovItemId="L3-1" Value="4"/>
<Cov CovItemId="L3-2" Value="2"/>
<Cov CovItemId="L4-2" Value="10"/>
<Cov CovItemId="L5-1" Value="9"/>
<Cov CovItemId="L6-2" Value="14"/>
<Cov CovItemId="L7-2" Value="1"/>
<Cov CovItemId="L8-2" Value="1"/>
<Cov CovItemId="S100" Value="14"/>
<Cov CovItemId="S101" Value="14"/>
<Cov CovItemId="S102" Value="48"/>
<Cov CovItemId="S103" Value="48"/>
<Cov CovItemId="S104" Value="1"/>
<Cov CovItemId="S106" Value="1"/>
<Cov CovItemId="S107" Value="1"/>
<Cov CovItemId="S108" Value="1"/>
<Cov CovItemId="S109" Value="3"/>
<Cov CovItemId="S110" Value="7"/>
<Cov CovItemId="S111" Value="1"/>
<Cov CovItemId="S112" Value="1"/>
<Cov CovItemId="S113" Value="1"/>
<Cov CovItemId="S114" Value="7"/>
<Cov CovItemId="S115" Value="7"/>
<Cov CovItemId="S116" Value="7"/>
<Cov CovItemId="S129" Value="7"/>
<Cov CovItemId="S130" Value="7"/>
<Cov CovItemId="S131" Value="7"/>
<Cov CovItemId="S132" Value="1"/>
<Cov CovItemId="S133" Value="6"/>
<Cov CovItemId="S134" Value="1"/>
<Cov CovItemId="S44" Value="10"/>
<Cov CovItemId="S45" Value="10"/>
<Cov CovItemId="S46" Value="10"/>
<Cov CovItemId="S47" Value="10"/>
<Cov CovItemId="S48" Value="27"/>
<Cov CovItemId="S49" Value="27"/>
<Cov CovItemId="S50" Value="4"/>
<Cov CovItemId="S51" Value="23"/>
<Cov CovItemId="S53" Value="10"/>
<Cov CovItemId="S54" Value="9"/>
<Cov CovItemId="S55" Value="2"/>
<Cov CovItemId="S56" Value="7"/>
<Cov CovItemId="S57" Value="5"/>
<Cov CovItemId="S58" Value="2"/>
<Cov CovItemId="S59" Value="2"/>
<Cov CovItemId="S69" Value="31"/>
<Cov CovItemId="S70" Value="31"/>
<Cov CovItemId="S71" Value="50"/>
<Cov CovItemId="S72" Value="29"/>
<Cov CovItemId="S73" Value="29"/>
<Cov CovItemId="S74" Value="9"/>
<Cov CovItemId="S75" Value="21"/>
<Cov CovItemId="S76" Value="21"/>
<Cov CovItemId="S80" Value="31"/>
<Cov CovItemId="S81" Value="7"/>
<Cov CovItemId="S82" Value="7"/>
<Cov CovItemId="S83" Value="6"/>
<Cov CovItemId="S84" Value="10"/>
<Cov CovItemId="S85" Value="10"/>
<Cov CovItemId="S86" Value="10"/>
<Cov CovItemId="S87" Value="35"/>
<Cov CovItemId="S88" Value="35"/>
<Cov CovItemId="S89" Value="4"/>
<Cov CovItemId="S90" Value="31"/>
<Cov CovItemId="S91" Value="4"/>
<Cov CovItemId="S92" Value="31"/>
<Cov CovItemId="S93" Value="31"/>
<Cov CovItemId="S94" Value="9"/>
<Cov CovItemId="S95" Value="9"/>
<Cov CovItemId="S96" Value="9"/>
<Cov CovItemId="S97" Value="5"/>
<Cov CovItemId="S98" Value="35"/>
<Cov CovItemId="S99" Value="14"/>
</CovPrefix>
</CovList>
<AssgnmntList>
<AssgnmntPrefix RootTermCovItemPrefix="com.aconex.coding.challenge.NumberToAlphaConverter.java">
<AssgnmntListEntry Length="1" RootTermCovItemId="C1">
<MapEntry BoolAssgnmnt="0" Value="10"/>
<MapEntry BoolAssgnmnt="1" Value="27"/>
</AssgnmntListEntry>
<AssgnmntListEntry Length="1" RootTermCovItemId="C11">
<MapEntry BoolAssgnmnt="0" Value="31"/>
<MapEntry BoolAssgnmnt="1" Value="50"/>
</AssgnmntListEntry>
<AssgnmntListEntry Length="1" RootTermCovItemId="C12">
<MapEntry BoolAssgnmnt="0" Value="21"/>
<MapEntry BoolAssgnmnt="1" Value="29"/>
</AssgnmntListEntry>
<AssgnmntListEntry Length="1" RootTermCovItemId="C13">
<MapEntry BoolAssgnmnt="0" Value="20"/>
<MapEntry BoolAssgnmnt="1" Value="9"/>
</AssgnmntListEntry>
<AssgnmntListEntry Length="1" RootTermCovItemId="C14">
<MapEntry BoolAssgnmnt="0" Value="21"/>
</AssgnmntListEntry>
<AssgnmntListEntry Length="1" RootTermCovItemId="C16">
<MapEntry BoolAssgnmnt="0" Value="1"/>
<MapEntry BoolAssgnmnt="1" Value="6"/>
</AssgnmntListEntry>
<AssgnmntListEntry Length="1" RootTermCovItemId="C17">
<MapEntry BoolAssgnmnt="0" Value="31"/>
<MapEntry BoolAssgnmnt="1" Value="4"/>
</AssgnmntListEntry>
<AssgnmntListEntry Length="2" RootTermCovItemId="C18">
<MapEntry BoolAssgnmnt="02" Value="27"/>
<MapEntry BoolAssgnmnt="11" Value="4"/>
</AssgnmntListEntry>
<AssgnmntListEntry Length="1" RootTermCovItemId="C19">
<MapEntry BoolAssgnmnt="0" Value="22"/>
<MapEntry BoolAssgnmnt="1" Value="9"/>
</AssgnmntListEntry>
<AssgnmntListEntry Length="2" RootTermCovItemId="C2">
<MapEntry BoolAssgnmnt="10" Value="23"/>
<MapEntry BoolAssgnmnt="11" Value="4"/>
</AssgnmntListEntry>
<AssgnmntListEntry Length="3" RootTermCovItemId="C20">
<MapEntry BoolAssgnmnt="110" Value="4"/>
<MapEntry BoolAssgnmnt="111" Value="5"/>
</AssgnmntListEntry>
<AssgnmntListEntry Length="1" RootTermCovItemId="C21">
<MapEntry BoolAssgnmnt="0" Value="21"/>
<MapEntry BoolAssgnmnt="1" Value="14"/>
</AssgnmntListEntry>
<AssgnmntListEntry Length="1" RootTermCovItemId="C22">
<MapEntry BoolAssgnmnt="1" Value="14"/>
</AssgnmntListEntry>
<AssgnmntListEntry Length="1" RootTermCovItemId="C23">
<MapEntry BoolAssgnmnt="0" Value="47"/>
<MapEntry BoolAssgnmnt="1" Value="1"/>
</AssgnmntListEntry>
<AssgnmntListEntry Length="1" RootTermCovItemId="C24">
<MapEntry BoolAssgnmnt="0" Value="1"/>
</AssgnmntListEntry>
<AssgnmntListEntry Length="1" RootTermCovItemId="C25">
<MapEntry BoolAssgnmnt="1" Value="1"/>
</AssgnmntListEntry>
<AssgnmntListEntry Length="1" RootTermCovItemId="C26">
<MapEntry BoolAssgnmnt="1" Value="7"/>
</AssgnmntListEntry>
<AssgnmntListEntry Length="2" RootTermCovItemId="C27">
<MapEntry BoolAssgnmnt="12" Value="7"/>
</AssgnmntListEntry>
<AssgnmntListEntry Length="1" RootTermCovItemId="C28">
<MapEntry BoolAssgnmnt="0" Value="7"/>
</AssgnmntListEntry>
<AssgnmntListEntry Length="1" RootTermCovItemId="C3">
<MapEntry BoolAssgnmnt="0" Value="23"/>
</AssgnmntListEntry>
<AssgnmntListEntry Length="1" RootTermCovItemId="C32">
<MapEntry BoolAssgnmnt="0" Value="6"/>
<MapEntry BoolAssgnmnt="1" Value="1"/>
</AssgnmntListEntry>
<AssgnmntListEntry Length="2" RootTermCovItemId="C4">
<MapEntry BoolAssgnmnt="10" Value="7"/>
<MapEntry BoolAssgnmnt="11" Value="2"/>
</AssgnmntListEntry>
<AssgnmntListEntry Length="2" RootTermCovItemId="C5">
<MapEntry BoolAssgnmnt="10" Value="2"/>
<MapEntry BoolAssgnmnt="11" Value="5"/>
</AssgnmntListEntry>
<AssgnmntListEntry Length="2" RootTermCovItemId="C6">
<MapEntry BoolAssgnmnt="11" Value="2"/>
</AssgnmntListEntry>
</AssgnmntPrefix>
</AssgnmntList>
<ObjMetaDataList/>
<MetaDataList/>
</TestCase>
<TestCase Comment="" Date="1421777369722" Name="com.aconex.test.TestNumberToAlphaConverter:testsSingleStringResultWithMultipleDictionaryWord">
<CovList>
<CovPrefix CovItemPrefix="com.aconex.coding.challenge.NumberToAlphaConverter.java">
<Cov CovItemId="B1" Value="5"/>
<Cov CovItemId="B10" Value="9"/>
<Cov CovItemId="B12" Value="9"/>
<Cov CovItemId="B13" Value="2"/>
<Cov CovItemId="B14" Value="7"/>
<Cov CovItemId="B15" Value="7"/>
<Cov CovItemId="B19" Value="44"/>
<Cov CovItemId="B2" Value="76"/>
<Cov CovItemId="B20" Value="51"/>
<Cov CovItemId="B21" Value="13"/>
<Cov CovItemId="B22" Value="31"/>
<Cov CovItemId="B24" Value="51"/>
<Cov CovItemId="B27" Value="10"/>
<Cov CovItemId="B28" Value="1"/>
<Cov CovItemId="B29" Value="10"/>
<Cov CovItemId="B3" Value="3"/>
<Cov CovItemId="B30" Value="45"/>
<Cov CovItemId="B31" Value="3"/>
<Cov CovItemId="B32" Value="42"/>
<Cov CovItemId="B33" Value="13"/>
<Cov CovItemId="B34" Value="32"/>
<Cov CovItemId="B35" Value="7"/>
<Cov CovItemId="B36" Value="6"/>
<Cov CovItemId="B37" Value="28"/>
<Cov CovItemId="B38" Value="27"/>
<Cov CovItemId="B39" Value="17"/>
<Cov CovItemId="B4" Value="73"/>
<Cov CovItemId="B40" Value="11"/>
<Cov CovItemId="B41" Value="2"/>
<Cov CovItemId="B42" Value="55"/>
<Cov CovItemId="B43" Value="1"/>
<Cov CovItemId="B44" Value="1"/>
<Cov CovItemId="B45" Value="1"/>
<Cov CovItemId="B47" Value="11"/>
<Cov CovItemId="B48" Value="5"/>
<Cov CovItemId="B5" Value="4"/>
<Cov CovItemId="B50" Value="11"/>
<Cov CovItemId="B58" Value="11"/>
<Cov CovItemId="B6" Value="9"/>
<Cov CovItemId="B8" Value="9"/>
<Cov CovItemId="L1-1" Value="4"/>
<Cov CovItemId="L1-2" Value="13"/>
<Cov CovItemId="L2-0" Value="1"/>
<Cov CovItemId="L2-1" Value="25"/>
<Cov CovItemId="L2-2" Value="19"/>
<Cov CovItemId="L3-1" Value="7"/>
<Cov CovItemId="L3-2" Value="3"/>
<Cov CovItemId="L4-2" Value="17"/>
<Cov CovItemId="L5-1" Value="13"/>
<Cov CovItemId="L6-2" Value="17"/>
<Cov CovItemId="L7-2" Value="1"/>
<Cov CovItemId="L8-2" Value="1"/>
<Cov CovItemId="S100" Value="28"/>
<Cov CovItemId="S101" Value="17"/>
<Cov CovItemId="S102" Value="57"/>
<Cov CovItemId="S103" Value="57"/>
<Cov CovItemId="S104" Value="2"/>
<Cov CovItemId="S105" Value="1"/>
<Cov CovItemId="S106" Value="1"/>
<Cov CovItemId="S107" Value="1"/>
<Cov CovItemId="S108" Value="1"/>
<Cov CovItemId="S109" Value="4"/>
<Cov CovItemId="S110" Value="11"/>
<Cov CovItemId="S111" Value="1"/>
<Cov CovItemId="S112" Value="1"/>
<Cov CovItemId="S113" Value="1"/>
<Cov CovItemId="S114" Value="16"/>
<Cov CovItemId="S115" Value="16"/>
<Cov CovItemId="S116" Value="11"/>
<Cov CovItemId="S129" Value="11"/>
<Cov CovItemId="S130" Value="11"/>
<Cov CovItemId="S131" Value="11"/>
<Cov CovItemId="S133" Value="11"/>
<Cov CovItemId="S134" Value="1"/>
<Cov CovItemId="S44" Value="17"/>
<Cov CovItemId="S45" Value="17"/>
<Cov CovItemId="S46" Value="17"/>
<Cov CovItemId="S47" Value="17"/>
<Cov CovItemId="S48" Value="81"/>
<Cov CovItemId="S49" Value="81"/>
<Cov CovItemId="S50" Value="5"/>
<Cov CovItemId="S51" Value="76"/>
<Cov CovItemId="S52" Value="3"/>
<Cov CovItemId="S53" Value="17"/>
<Cov CovItemId="S54" Value="13"/>
<Cov CovItemId="S55" Value="4"/>
<Cov CovItemId="S56" Value="9"/>
<Cov CovItemId="S58" Value="9"/>
<Cov CovItemId="S60" Value="9"/>
<Cov CovItemId="S62" Value="9"/>
<Cov CovItemId="S63" Value="2"/>
<Cov CovItemId="S64" Value="7"/>
<Cov CovItemId="S65" Value="7"/>
<Cov CovItemId="S69" Value="45"/>
<Cov CovItemId="S70" Value="45"/>
<Cov CovItemId="S71" Value="95"/>
<Cov CovItemId="S72" Value="44"/>
<Cov CovItemId="S73" Value="44"/>
<Cov CovItemId="S74" Value="13"/>
<Cov CovItemId="S75" Value="51"/>
<Cov CovItemId="S76" Value="51"/>
<Cov CovItemId="S80" Value="45"/>
<Cov CovItemId="S81" Value="11"/>
<Cov CovItemId="S82" Value="11"/>
<Cov CovItemId="S83" Value="10"/>
<Cov CovItemId="S84" Value="17"/>
<Cov CovItemId="S85" Value="17"/>
<Cov CovItemId="S86" Value="17"/>
<Cov CovItemId="S87" Value="55"/>
<Cov CovItemId="S88" Value="55"/>
<Cov CovItemId="S89" Value="10"/>
<Cov CovItemId="S90" Value="45"/>
<Cov CovItemId="S91" Value="3"/>
<Cov CovItemId="S92" Value="45"/>
<Cov CovItemId="S93" Value="45"/>
<Cov CovItemId="S94" Value="13"/>
<Cov CovItemId="S95" Value="13"/>
<Cov CovItemId="S96" Value="13"/>
<Cov CovItemId="S97" Value="7"/>
<Cov CovItemId="S98" Value="55"/>
<Cov CovItemId="S99" Value="28"/>
</CovPrefix>
</CovList>
<AssgnmntList>
<AssgnmntPrefix RootTermCovItemPrefix="com.aconex.coding.challenge.NumberToAlphaConverter.java">
<AssgnmntListEntry Length="1" RootTermCovItemId="C1">
<MapEntry BoolAssgnmnt="0" Value="17"/>
<MapEntry BoolAssgnmnt="1" Value="81"/>
</AssgnmntListEntry>
<AssgnmntListEntry Length="1" RootTermCovItemId="C11">
<MapEntry BoolAssgnmnt="0" Value="45"/>
<MapEntry BoolAssgnmnt="1" Value="95"/>
</AssgnmntListEntry>
<AssgnmntListEntry Length="1" RootTermCovItemId="C12">
<MapEntry BoolAssgnmnt="0" Value="51"/>
<MapEntry BoolAssgnmnt="1" Value="44"/>
</AssgnmntListEntry>
<AssgnmntListEntry Length="1" RootTermCovItemId="C13">
<MapEntry BoolAssgnmnt="0" Value="31"/>
<MapEntry BoolAssgnmnt="1" Value="13"/>
</AssgnmntListEntry>
<AssgnmntListEntry Length="1" RootTermCovItemId="C14">
<MapEntry BoolAssgnmnt="0" Value="51"/>
</AssgnmntListEntry>
<AssgnmntListEntry Length="1" RootTermCovItemId="C16">
<MapEntry BoolAssgnmnt="0" Value="1"/>
<MapEntry BoolAssgnmnt="1" Value="10"/>
</AssgnmntListEntry>
<AssgnmntListEntry Length="1" RootTermCovItemId="C17">
<MapEntry BoolAssgnmnt="0" Value="45"/>
<MapEntry BoolAssgnmnt="1" Value="10"/>
</AssgnmntListEntry>
<AssgnmntListEntry Length="2" RootTermCovItemId="C18">
<MapEntry BoolAssgnmnt="02" Value="42"/>
<MapEntry BoolAssgnmnt="11" Value="3"/>
</AssgnmntListEntry>
<AssgnmntListEntry Length="1" RootTermCovItemId="C19">
<MapEntry BoolAssgnmnt="0" Value="32"/>
<MapEntry BoolAssgnmnt="1" Value="13"/>
</AssgnmntListEntry>
<AssgnmntListEntry Length="2" RootTermCovItemId="C2">
<MapEntry BoolAssgnmnt="10" Value="73"/>
<MapEntry BoolAssgnmnt="02" Value="3"/>
<MapEntry BoolAssgnmnt="11" Value="5"/>
</AssgnmntListEntry>
<AssgnmntListEntry Length="3" RootTermCovItemId="C20">
<MapEntry BoolAssgnmnt="110" Value="6"/>
<MapEntry BoolAssgnmnt="111" Value="7"/>
</AssgnmntListEntry>
<AssgnmntListEntry Length="1" RootTermCovItemId="C21">
<MapEntry BoolAssgnmnt="0" Value="27"/>
<MapEntry BoolAssgnmnt="1" Value="28"/>
</AssgnmntListEntry>
<AssgnmntListEntry Length="1" RootTermCovItemId="C22">
<MapEntry BoolAssgnmnt="0" Value="11"/>
<MapEntry BoolAssgnmnt="1" Value="17"/>
</AssgnmntListEntry>
<AssgnmntListEntry Length="1" RootTermCovItemId="C23">
<MapEntry BoolAssgnmnt="0" Value="55"/>
<MapEntry BoolAssgnmnt="1" Value="2"/>
</AssgnmntListEntry>
<AssgnmntListEntry Length="1" RootTermCovItemId="C24">
<MapEntry BoolAssgnmnt="0" Value="1"/>
<MapEntry BoolAssgnmnt="1" Value="1"/>
</AssgnmntListEntry>
<AssgnmntListEntry Length="1" RootTermCovItemId="C25">
<MapEntry BoolAssgnmnt="1" Value="1"/>
</AssgnmntListEntry>
<AssgnmntListEntry Length="1" RootTermCovItemId="C26">
<MapEntry BoolAssgnmnt="0" Value="1"/>
<MapEntry BoolAssgnmnt="1" Value="16"/>
</AssgnmntListEntry>
<AssgnmntListEntry Length="2" RootTermCovItemId="C27">
<MapEntry BoolAssgnmnt="00" Value="5"/>
<MapEntry BoolAssgnmnt="12" Value="11"/>
</AssgnmntListEntry>
<AssgnmntListEntry Length="1" RootTermCovItemId="C28">
<MapEntry BoolAssgnmnt="0" Value="11"/>
</AssgnmntListEntry>
<AssgnmntListEntry Length="1" RootTermCovItemId="C3">
<MapEntry BoolAssgnmnt="0" Value="73"/>
<MapEntry BoolAssgnmnt="1" Value="3"/>
</AssgnmntListEntry>
<AssgnmntListEntry Length="1" RootTermCovItemId="C32">
<MapEntry BoolAssgnmnt="0" Value="11"/>
</AssgnmntListEntry>
<AssgnmntListEntry Length="2" RootTermCovItemId="C4">
<MapEntry BoolAssgnmnt="10" Value="9"/>
<MapEntry BoolAssgnmnt="11" Value="4"/>
</AssgnmntListEntry>
<AssgnmntListEntry Length="2" RootTermCovItemId="C5">
<MapEntry BoolAssgnmnt="10" Value="9"/>
</AssgnmntListEntry>
<AssgnmntListEntry Length="2" RootTermCovItemId="C6">
<MapEntry BoolAssgnmnt="10" Value="9"/>
</AssgnmntListEntry>
<AssgnmntListEntry Length="2" RootTermCovItemId="C7">
<MapEntry BoolAssgnmnt="10" Value="9"/>
</AssgnmntListEntry>
<AssgnmntListEntry Length="2" RootTermCovItemId="C8">
<MapEntry BoolAssgnmnt="10" Value="7"/>
<MapEntry BoolAssgnmnt="11" Value="2"/>
</AssgnmntListEntry>
<AssgnmntListEntry Length="2" RootTermCovItemId="C9">
<MapEntry BoolAssgnmnt="11" Value="7"/>
</AssgnmntListEntry>
</AssgnmntPrefix>
</AssgnmntList>
<ObjMetaDataList/>
<MetaDataList/>
</TestCase>
<TestCase Comment="" Date="1421777369722" Name="com.aconex.test.TestNumberToAlphaConverter:testPhoneNumberWith1">
<CovList>
<CovPrefix CovItemPrefix="com.aconex.coding.challenge.NumberToAlphaConverter.java">
<Cov CovItemId="B1" Value="106"/>
<Cov CovItemId="B10" Value="11"/>
<Cov CovItemId="B12" Value="11"/>
<Cov CovItemId="B13" Value="10"/>
<Cov CovItemId="B14" Value="1"/>
<Cov CovItemId="B15" Value="1"/>
<Cov CovItemId="B19" Value="122"/>
<Cov CovItemId="B2" Value="541"/>
<Cov CovItemId="B20" Value="183"/>
<Cov CovItemId="B21" Value="17"/>
<Cov CovItemId="B22" Value="105"/>
<Cov CovItemId="B23" Value="6"/>
<Cov CovItemId="B24" Value="177"/>
<Cov CovItemId="B26" Value="6"/>
<Cov CovItemId="B27" Value="24"/>
<Cov CovItemId="B28" Value="1"/>
<Cov CovItemId="B29" Value="59"/>
<Cov CovItemId="B3" Value="3"/>
<Cov CovItemId="B30" Value="147"/>
<Cov CovItemId="B31" Value="11"/>
<Cov CovItemId="B32" Value="136"/>
<Cov CovItemId="B33" Value="17"/>
<Cov CovItemId="B34" Value="130"/>
<Cov CovItemId="B35" Value="5"/>
<Cov CovItemId="B36" Value="12"/>
<Cov CovItemId="B37" Value="164"/>
<Cov CovItemId="B38" Value="42"/>
<Cov CovItemId="B39" Value="25"/>
<Cov CovItemId="B4" Value="538"/>
<Cov CovItemId="B40" Value="139"/>
<Cov CovItemId="B41" Value="6"/>
<Cov CovItemId="B42" Value="69"/>
<Cov CovItemId="B43" Value="2"/>
<Cov CovItemId="B44" Value="4"/>
<Cov CovItemId="B45" Value="1"/>
<Cov CovItemId="B47" Value="30"/>
<Cov CovItemId="B48" Value="8"/>
<Cov CovItemId="B49" Value="5"/>
<Cov CovItemId="B5" Value="4"/>
<Cov CovItemId="B50" Value="25"/>
<Cov CovItemId="B51" Value="1"/>
<Cov CovItemId="B52" Value="4"/>
<Cov CovItemId="B53" Value="10"/>
<Cov CovItemId="B54" Value="2"/>
<Cov CovItemId="B55" Value="10"/>
<Cov CovItemId="B58" Value="30"/>
<Cov CovItemId="B6" Value="13"/>
<Cov CovItemId="B8" Value="13"/>
<Cov CovItemId="B9" Value="2"/>
<Cov CovItemId="L1-1" Value="4"/>
<Cov CovItemId="L1-2" Value="70"/>
<Cov CovItemId="L10-1" Value="2"/>
<Cov CovItemId="L10-2" Value="3"/>
<Cov CovItemId="L2-0" Value="25"/>
<Cov CovItemId="L2-1" Value="46"/>
<Cov CovItemId="L2-2" Value="76"/>
<Cov CovItemId="L3-1" Value="5"/>
<Cov CovItemId="L3-2" Value="19"/>
<Cov CovItemId="L4-2" Value="62"/>
<Cov CovItemId="L5-1" Value="17"/>
<Cov CovItemId="L6-2" Value="25"/>
<Cov CovItemId="L7-2" Value="1"/>
<Cov CovItemId="L8-2" Value="2"/>
<Cov CovItemId="L9-2" Value="4"/>
<Cov CovItemId="S100" Value="164"/>
<Cov CovItemId="S101" Value="25"/>
<Cov CovItemId="S102" Value="75"/>
<Cov CovItemId="S103" Value="75"/>
<Cov CovItemId="S104" Value="6"/>
<Cov CovItemId="S105" Value="2"/>
<Cov CovItemId="S106" Value="4"/>
<Cov CovItemId="S107" Value="1"/>
<Cov CovItemId="S108" Value="1"/>
<Cov CovItemId="S109" Value="3"/>
<Cov CovItemId="S110" Value="25"/>
<Cov CovItemId="S111" Value="2"/>
<Cov CovItemId="S112" Value="2"/>
<Cov CovItemId="S113" Value="2"/>
<Cov CovItemId="S114" Value="38"/>
<Cov CovItemId="S115" Value="38"/>
<Cov CovItemId="S116" Value="30"/>
<Cov CovItemId="S117" Value="5"/>
<Cov CovItemId="S118" Value="5"/>
<Cov CovItemId="S119" Value="1"/>
<Cov CovItemId="S120" Value="4"/>
<Cov CovItemId="S121" Value="12"/>
<Cov CovItemId="S122" Value="12"/>
<Cov CovItemId="S123" Value="10"/>
<Cov CovItemId="S124" Value="10"/>
<Cov CovItemId="S125" Value="10"/>
<Cov CovItemId="S126" Value="5"/>
<Cov CovItemId="S127" Value="5"/>
<Cov CovItemId="S128" Value="11"/>
<Cov CovItemId="S129" Value="25"/>
<Cov CovItemId="S130" Value="25"/>
<Cov CovItemId="S131" Value="30"/>
<Cov CovItemId="S133" Value="30"/>
<Cov CovItemId="S134" Value="2"/>
<Cov CovItemId="S44" Value="74"/>
<Cov CovItemId="S45" Value="74"/>
<Cov CovItemId="S46" Value="74"/>
<Cov CovItemId="S47" Value="74"/>
<Cov CovItemId="S48" Value="647"/>
<Cov CovItemId="S49" Value="647"/>
<Cov CovItemId="S50" Value="106"/>
<Cov CovItemId="S51" Value="541"/>
<Cov CovItemId="S52" Value="3"/>
<Cov CovItemId="S53" Value="74"/>
<Cov CovItemId="S54" Value="17"/>
<Cov CovItemId="S55" Value="4"/>
<Cov CovItemId="S56" Value="13"/>
<Cov CovItemId="S58" Value="13"/>
<Cov CovItemId="S59" Value="2"/>
<Cov CovItemId="S60" Value="11"/>
<Cov CovItemId="S62" Value="11"/>
<Cov CovItemId="S63" Value="10"/>
<Cov CovItemId="S64" Value="1"/>
<Cov CovItemId="S65" Value="1"/>
<Cov CovItemId="S69" Value="147"/>
<Cov CovItemId="S70" Value="147"/>
<Cov CovItemId="S71" Value="305"/>
<Cov CovItemId="S72" Value="122"/>
<Cov CovItemId="S73" Value="122"/>
<Cov CovItemId="S74" Value="17"/>
<Cov CovItemId="S75" Value="183"/>
<Cov CovItemId="S76" Value="183"/>
<Cov CovItemId="S77" Value="6"/>
<Cov CovItemId="S78" Value="6"/>
<Cov CovItemId="S80" Value="147"/>
<Cov CovItemId="S81" Value="25"/>
<Cov CovItemId="S82" Value="25"/>
<Cov CovItemId="S83" Value="24"/>
<Cov CovItemId="S84" Value="62"/>
<Cov CovItemId="S85" Value="62"/>
<Cov CovItemId="S86" Value="62"/>
<Cov CovItemId="S87" Value="206"/>
<Cov CovItemId="S88" Value="206"/>
<Cov CovItemId="S89" Value="59"/>
<Cov CovItemId="S90" Value="147"/>
<Cov CovItemId="S91" Value="11"/>
<Cov CovItemId="S92" Value="147"/>
<Cov CovItemId="S93" Value="147"/>
<Cov CovItemId="S94" Value="17"/>
<Cov CovItemId="S95" Value="17"/>
<Cov CovItemId="S96" Value="17"/>
<Cov CovItemId="S97" Value="5"/>
<Cov CovItemId="S98" Value="206"/>
<Cov CovItemId="S99" Value="164"/>
</CovPrefix>
</CovList>
<AssgnmntList>
<AssgnmntPrefix RootTermCovItemPrefix="com.aconex.coding.challenge.NumberToAlphaConverter.java">
<AssgnmntListEntry Length="1" RootTermCovItemId="C1">
<MapEntry BoolAssgnmnt="0" Value="74"/>
<MapEntry BoolAssgnmnt="1" Value="647"/>
</AssgnmntListEntry>
<AssgnmntListEntry Length="1" RootTermCovItemId="C11">
<MapEntry BoolAssgnmnt="0" Value="147"/>
<MapEntry BoolAssgnmnt="1" Value="305"/>
</AssgnmntListEntry>
<AssgnmntListEntry Length="1" RootTermCovItemId="C12">
<MapEntry BoolAssgnmnt="0" Value="183"/>
<MapEntry BoolAssgnmnt="1" Value="122"/>
</AssgnmntListEntry>
<AssgnmntListEntry Length="1" RootTermCovItemId="C13">
<MapEntry BoolAssgnmnt="0" Value="105"/>
<MapEntry BoolAssgnmnt="1" Value="17"/>
</AssgnmntListEntry>
<AssgnmntListEntry Length="1" RootTermCovItemId="C14">
<MapEntry BoolAssgnmnt="0" Value="177"/>
<MapEntry BoolAssgnmnt="1" Value="6"/>
</AssgnmntListEntry>
<AssgnmntListEntry Length="1" RootTermCovItemId="C15">
<MapEntry BoolAssgnmnt="0" Value="6"/>
</AssgnmntListEntry>
<AssgnmntListEntry Length="1" RootTermCovItemId="C16">
<MapEntry BoolAssgnmnt="0" Value="1"/>
<MapEntry BoolAssgnmnt="1" Value="24"/>
</AssgnmntListEntry>
<AssgnmntListEntry Length="1" RootTermCovItemId="C17">
<MapEntry BoolAssgnmnt="0" Value="147"/>
<MapEntry BoolAssgnmnt="1" Value="59"/>
</AssgnmntListEntry>
<AssgnmntListEntry Length="2" RootTermCovItemId="C18">
<MapEntry BoolAssgnmnt="02" Value="136"/>
<MapEntry BoolAssgnmnt="11" Value="11"/>
</AssgnmntListEntry>
<AssgnmntListEntry Length="1" RootTermCovItemId="C19">
<MapEntry BoolAssgnmnt="0" Value="130"/>
<MapEntry BoolAssgnmnt="1" Value="17"/>
</AssgnmntListEntry>
<AssgnmntListEntry Length="2" RootTermCovItemId="C2">
<MapEntry BoolAssgnmnt="10" Value="538"/>
<MapEntry BoolAssgnmnt="02" Value="3"/>
<MapEntry BoolAssgnmnt="11" Value="106"/>
</AssgnmntListEntry>
<AssgnmntListEntry Length="3" RootTermCovItemId="C20">
<MapEntry BoolAssgnmnt="110" Value="12"/>
<MapEntry BoolAssgnmnt="111" Value="5"/>
</AssgnmntListEntry>
<AssgnmntListEntry Length="1" RootTermCovItemId="C21">
<MapEntry BoolAssgnmnt="0" Value="42"/>
<MapEntry BoolAssgnmnt="1" Value="164"/>
</AssgnmntListEntry>
<AssgnmntListEntry Length="1" RootTermCovItemId="C22">
<MapEntry BoolAssgnmnt="0" Value="139"/>
<MapEntry BoolAssgnmnt="1" Value="25"/>
</AssgnmntListEntry>
<AssgnmntListEntry Length="1" RootTermCovItemId="C23">
<MapEntry BoolAssgnmnt="0" Value="69"/>
<MapEntry BoolAssgnmnt="1" Value="6"/>
</AssgnmntListEntry>
<AssgnmntListEntry Length="1" RootTermCovItemId="C24">
<MapEntry BoolAssgnmnt="0" Value="4"/>
<MapEntry BoolAssgnmnt="1" Value="2"/>
</AssgnmntListEntry>
<AssgnmntListEntry Length="1" RootTermCovItemId="C25">
<MapEntry BoolAssgnmnt="1" Value="1"/>
</AssgnmntListEntry>
<AssgnmntListEntry Length="1" RootTermCovItemId="C26">
<MapEntry BoolAssgnmnt="0" Value="2"/>
<MapEntry BoolAssgnmnt="1" Value="38"/>
</AssgnmntListEntry>
<AssgnmntListEntry Length="2" RootTermCovItemId="C27">
<MapEntry BoolAssgnmnt="01" Value="5"/>
<MapEntry BoolAssgnmnt="00" Value="8"/>
<MapEntry BoolAssgnmnt="12" Value="25"/>
</AssgnmntListEntry>
<AssgnmntListEntry Length="1" RootTermCovItemId="C28">
<MapEntry BoolAssgnmnt="0" Value="25"/>
<MapEntry BoolAssgnmnt="1" Value="5"/>
</AssgnmntListEntry>
<AssgnmntListEntry Length="1" RootTermCovItemId="C29">
<MapEntry BoolAssgnmnt="0" Value="4"/>
<MapEntry BoolAssgnmnt="1" Value="1"/>
</AssgnmntListEntry>
<AssgnmntListEntry Length="1" RootTermCovItemId="C3">
<MapEntry BoolAssgnmnt="0" Value="538"/>
<MapEntry BoolAssgnmnt="1" Value="3"/>
</AssgnmntListEntry>
<AssgnmntListEntry Length="1" RootTermCovItemId="C30">
<MapEntry BoolAssgnmnt="0" Value="2"/>
<MapEntry BoolAssgnmnt="1" Value="10"/>
</AssgnmntListEntry>
<AssgnmntListEntry Length="1" RootTermCovItemId="C31">
<MapEntry BoolAssgnmnt="1" Value="10"/>
</AssgnmntListEntry>
<AssgnmntListEntry Length="1" RootTermCovItemId="C32">
<MapEntry BoolAssgnmnt="0" Value="30"/>
</AssgnmntListEntry>
<AssgnmntListEntry Length="2" RootTermCovItemId="C4">
<MapEntry BoolAssgnmnt="10" Value="13"/>
<MapEntry BoolAssgnmnt="11" Value="4"/>
</AssgnmntListEntry>
<AssgnmntListEntry Length="2" RootTermCovItemId="C5">
<MapEntry BoolAssgnmnt="10" Value="13"/>
</AssgnmntListEntry>
<AssgnmntListEntry Length="2" RootTermCovItemId="C6">
<MapEntry BoolAssgnmnt="10" Value="11"/>
<MapEntry BoolAssgnmnt="11" Value="2"/>
</AssgnmntListEntry>
<AssgnmntListEntry Length="2" RootTermCovItemId="C7">
<MapEntry BoolAssgnmnt="10" Value="11"/>
</AssgnmntListEntry>
<AssgnmntListEntry Length="2" RootTermCovItemId="C8">
<MapEntry BoolAssgnmnt="10" Value="1"/>
<MapEntry BoolAssgnmnt="11" Value="10"/>
</AssgnmntListEntry>
<AssgnmntListEntry Length="2" RootTermCovItemId="C9">
<MapEntry BoolAssgnmnt="11" Value="1"/>
</AssgnmntListEntry>
</AssgnmntPrefix>
</AssgnmntList>
<ObjMetaDataList/>
<MetaDataList/>
</TestCase>
<TestCase Comment="" Date="1421777369737" Name="com.aconex.test.TestNumberToAlphaConverter:testsSingleStringResultWithMultipleDictionaryWordAndSingleNumbersAtLeftEnd">
<CovList>
<CovPrefix CovItemPrefix="com.aconex.coding.challenge.NumberToAlphaConverter.java">
<Cov CovItemId="B1" Value="15"/>
<Cov CovItemId="B10" Value="10"/>
<Cov CovItemId="B11" Value="6"/>
<Cov CovItemId="B12" Value="4"/>
<Cov CovItemId="B13" Value="4"/>
<Cov CovItemId="B19" Value="38"/>
<Cov CovItemId="B2" Value="63"/>
<Cov CovItemId="B20" Value="40"/>
<Cov CovItemId="B21" Value="12"/>
<Cov CovItemId="B22" Value="26"/>
<Cov CovItemId="B24" Value="40"/>
<Cov CovItemId="B27" Value="10"/>
<Cov CovItemId="B28" Value="1"/>
<Cov CovItemId="B29" Value="9"/>
<Cov CovItemId="B3" Value="3"/>
<Cov CovItemId="B30" Value="39"/>
<Cov CovItemId="B31" Value="4"/>
<Cov CovItemId="B32" Value="35"/>
<Cov CovItemId="B33" Value="12"/>
<Cov CovItemId="B34" Value="27"/>
<Cov CovItemId="B35" Value="6"/>
<Cov CovItemId="B36" Value="6"/>
<Cov CovItemId="B37" Value="39"/>
<Cov CovItemId="B38" Value="9"/>
<Cov CovItemId="B39" Value="30"/>
<Cov CovItemId="B4" Value="60"/>
<Cov CovItemId="B40" Value="9"/>
<Cov CovItemId="B41" Value="1"/>
<Cov CovItemId="B42" Value="98"/>
<Cov CovItemId="B43" Value="1"/>
<Cov CovItemId="B45" Value="1"/>
<Cov CovItemId="B47" Value="11"/>
<Cov CovItemId="B48" Value="2"/>
<Cov CovItemId="B5" Value="2"/>
<Cov CovItemId="B50" Value="11"/>
<Cov CovItemId="B58" Value="11"/>
<Cov CovItemId="B6" Value="10"/>
<Cov CovItemId="B8" Value="10"/>
<Cov CovItemId="L1-1" Value="3"/>
<Cov CovItemId="L1-2" Value="12"/>
<Cov CovItemId="L2-0" Value="1"/>
<Cov CovItemId="L2-1" Value="22"/>
<Cov CovItemId="L2-2" Value="16"/>
<Cov CovItemId="L3-1" Value="7"/>
<Cov CovItemId="L3-2" Value="3"/>
<Cov CovItemId="L4-2" Value="15"/>
<Cov CovItemId="L5-1" Value="12"/>
<Cov CovItemId="L6-2" Value="30"/>
<Cov CovItemId="L7-2" Value="1"/>
<Cov CovItemId="L8-2" Value="1"/>
<Cov CovItemId="S100" Value="39"/>
<Cov CovItemId="S101" Value="30"/>
<Cov CovItemId="S102" Value="99"/>
<Cov CovItemId="S103" Value="99"/>
<Cov CovItemId="S104" Value="1"/>
<Cov CovItemId="S105" Value="1"/>
<Cov CovItemId="S107" Value="1"/>
<Cov CovItemId="S108" Value="1"/>
<Cov CovItemId="S109" Value="3"/>
<Cov CovItemId="S110" Value="11"/>
<Cov CovItemId="S111" Value="1"/>
<Cov CovItemId="S112" Value="1"/>
<Cov CovItemId="S113" Value="1"/>
<Cov CovItemId="S114" Value="13"/>
<Cov CovItemId="S115" Value="13"/>
<Cov CovItemId="S116" Value="11"/>
<Cov CovItemId="S129" Value="11"/>
<Cov CovItemId="S130" Value="11"/>
<Cov CovItemId="S131" Value="11"/>
<Cov CovItemId="S133" Value="11"/>
<Cov CovItemId="S134" Value="1"/>
<Cov CovItemId="S44" Value="15"/>
<Cov CovItemId="S45" Value="15"/>
<Cov CovItemId="S46" Value="15"/>
<Cov CovItemId="S47" Value="15"/>
<Cov CovItemId="S48" Value="78"/>
<Cov CovItemId="S49" Value="78"/>
<Cov CovItemId="S50" Value="15"/>
<Cov CovItemId="S51" Value="63"/>
<Cov CovItemId="S52" Value="3"/>
<Cov CovItemId="S53" Value="15"/>
<Cov CovItemId="S54" Value="12"/>
<Cov CovItemId="S55" Value="2"/>
<Cov CovItemId="S56" Value="10"/>
<Cov CovItemId="S58" Value="10"/>
<Cov CovItemId="S60" Value="10"/>
<Cov CovItemId="S61" Value="6"/>
<Cov CovItemId="S62" Value="4"/>
<Cov CovItemId="S63" Value="4"/>
<Cov CovItemId="S69" Value="39"/>
<Cov CovItemId="S70" Value="39"/>
<Cov CovItemId="S71" Value="78"/>
<Cov CovItemId="S72" Value="38"/>
<Cov CovItemId="S73" Value="38"/>
<Cov CovItemId="S74" Value="12"/>
<Cov CovItemId="S75" Value="40"/>
<Cov CovItemId="S76" Value="40"/>
<Cov CovItemId="S80" Value="39"/>
<Cov CovItemId="S81" Value="11"/>
<Cov CovItemId="S82" Value="11"/>
<Cov CovItemId="S83" Value="10"/>
<Cov CovItemId="S84" Value="15"/>
<Cov CovItemId="S85" Value="15"/>
<Cov CovItemId="S86" Value="15"/>
<Cov CovItemId="S87" Value="48"/>
<Cov CovItemId="S88" Value="48"/>
<Cov CovItemId="S89" Value="9"/>
<Cov CovItemId="S90" Value="39"/>
<Cov CovItemId="S91" Value="4"/>
<Cov CovItemId="S92" Value="39"/>
<Cov CovItemId="S93" Value="39"/>
<Cov CovItemId="S94" Value="12"/>
<Cov CovItemId="S95" Value="12"/>
<Cov CovItemId="S96" Value="12"/>
<Cov CovItemId="S97" Value="6"/>
<Cov CovItemId="S98" Value="48"/>
<Cov CovItemId="S99" Value="39"/>
</CovPrefix>
</CovList>
<AssgnmntList>
<AssgnmntPrefix RootTermCovItemPrefix="com.aconex.coding.challenge.NumberToAlphaConverter.java">
<AssgnmntListEntry Length="1" RootTermCovItemId="C1">
<MapEntry BoolAssgnmnt="0" Value="15"/>
<MapEntry BoolAssgnmnt="1" Value="78"/>
</AssgnmntListEntry>
<AssgnmntListEntry Length="1" RootTermCovItemId="C11">
<MapEntry BoolAssgnmnt="0" Value="39"/>
<MapEntry BoolAssgnmnt="1" Value="78"/>
</AssgnmntListEntry>
<AssgnmntListEntry Length="1" RootTermCovItemId="C12">
<MapEntry BoolAssgnmnt="0" Value="40"/>
<MapEntry BoolAssgnmnt="1" Value="38"/>
</AssgnmntListEntry>
<AssgnmntListEntry Length="1" RootTermCovItemId="C13">
<MapEntry BoolAssgnmnt="0" Value="26"/>
<MapEntry BoolAssgnmnt="1" Value="12"/>
</AssgnmntListEntry>
<AssgnmntListEntry Length="1" RootTermCovItemId="C14">
<MapEntry BoolAssgnmnt="0" Value="40"/>
</AssgnmntListEntry>
<AssgnmntListEntry Length="1" RootTermCovItemId="C16">
<MapEntry BoolAssgnmnt="0" Value="1"/>
<MapEntry BoolAssgnmnt="1" Value="10"/>
</AssgnmntListEntry>
<AssgnmntListEntry Length="1" RootTermCovItemId="C17">
<MapEntry BoolAssgnmnt="0" Value="39"/>
<MapEntry BoolAssgnmnt="1" Value="9"/>
</AssgnmntListEntry>
<AssgnmntListEntry Length="2" RootTermCovItemId="C18">
<MapEntry BoolAssgnmnt="02" Value="35"/>
<MapEntry BoolAssgnmnt="11" Value="4"/>
</AssgnmntListEntry>
<AssgnmntListEntry Length="1" RootTermCovItemId="C19">
<MapEntry BoolAssgnmnt="0" Value="27"/>
<MapEntry BoolAssgnmnt="1" Value="12"/>
</AssgnmntListEntry>
<AssgnmntListEntry Length="2" RootTermCovItemId="C2">
<MapEntry BoolAssgnmnt="10" Value="60"/>
<MapEntry BoolAssgnmnt="02" Value="3"/>
<MapEntry BoolAssgnmnt="11" Value="15"/>
</AssgnmntListEntry>
<AssgnmntListEntry Length="3" RootTermCovItemId="C20">
<MapEntry BoolAssgnmnt="110" Value="6"/>
<MapEntry BoolAssgnmnt="111" Value="6"/>
</AssgnmntListEntry>
<AssgnmntListEntry Length="1" RootTermCovItemId="C21">
<MapEntry BoolAssgnmnt="0" Value="9"/>
<MapEntry BoolAssgnmnt="1" Value="39"/>
</AssgnmntListEntry>
<AssgnmntListEntry Length="1" RootTermCovItemId="C22">
<MapEntry BoolAssgnmnt="0" Value="9"/>
<MapEntry BoolAssgnmnt="1" Value="30"/>
</AssgnmntListEntry>
<AssgnmntListEntry Length="1" RootTermCovItemId="C23">
<MapEntry BoolAssgnmnt="0" Value="98"/>
<MapEntry BoolAssgnmnt="1" Value="1"/>
</AssgnmntListEntry>
<AssgnmntListEntry Length="1" RootTermCovItemId="C24">
<MapEntry BoolAssgnmnt="1" Value="1"/>
</AssgnmntListEntry>
<AssgnmntListEntry Length="1" RootTermCovItemId="C25">
<MapEntry BoolAssgnmnt="1" Value="1"/>
</AssgnmntListEntry>
<AssgnmntListEntry Length="1" RootTermCovItemId="C26">
<MapEntry BoolAssgnmnt="0" Value="1"/>
<MapEntry BoolAssgnmnt="1" Value="13"/>
</AssgnmntListEntry>
<AssgnmntListEntry Length="2" RootTermCovItemId="C27">
<MapEntry BoolAssgnmnt="00" Value="2"/>
<MapEntry BoolAssgnmnt="12" Value="11"/>
</AssgnmntListEntry>
<AssgnmntListEntry Length="1" RootTermCovItemId="C28">
<MapEntry BoolAssgnmnt="0" Value="11"/>
</AssgnmntListEntry>
<AssgnmntListEntry Length="1" RootTermCovItemId="C3">
<MapEntry BoolAssgnmnt="0" Value="60"/>
<MapEntry BoolAssgnmnt="1" Value="3"/>
</AssgnmntListEntry>
<AssgnmntListEntry Length="1" RootTermCovItemId="C32">
<MapEntry BoolAssgnmnt="0" Value="11"/>
</AssgnmntListEntry>
<AssgnmntListEntry Length="2" RootTermCovItemId="C4">
<MapEntry BoolAssgnmnt="10" Value="10"/>
<MapEntry BoolAssgnmnt="11" Value="2"/>
</AssgnmntListEntry>
<AssgnmntListEntry Length="2" RootTermCovItemId="C5">
<MapEntry BoolAssgnmnt="10" Value="10"/>
</AssgnmntListEntry>
<AssgnmntListEntry Length="2" RootTermCovItemId="C6">
<MapEntry BoolAssgnmnt="10" Value="10"/>
</AssgnmntListEntry>
<AssgnmntListEntry Length="2" RootTermCovItemId="C7">
<MapEntry BoolAssgnmnt="10" Value="4"/>
<MapEntry BoolAssgnmnt="11" Value="6"/>
</AssgnmntListEntry>
<AssgnmntListEntry Length="2" RootTermCovItemId="C8">
<MapEntry BoolAssgnmnt="11" Value="4"/>
</AssgnmntListEntry>
</AssgnmntPrefix>
</AssgnmntList>
<ObjMetaDataList/>
<MetaDataList/>
</TestCase>
<TestCase Comment="" Date="1421777369737" Name="com.aconex.test.TestNumberToAlphaConverter:testPhoneNumberForAmbiguity">
<CovList>
<CovPrefix CovItemPrefix="com.aconex.coding.challenge.NumberToAlphaConverter.java">
<Cov CovItemId="B1" Value="4"/>
<Cov CovItemId="B10" Value="3"/>
<Cov CovItemId="B12" Value="3"/>
<Cov CovItemId="B13" Value="3"/>
<Cov CovItemId="B19" Value="33"/>
<Cov CovItemId="B2" Value="49"/>
<Cov CovItemId="B20" Value="42"/>
<Cov CovItemId="B21" Value="6"/>
<Cov CovItemId="B22" Value="27"/>
<Cov CovItemId="B23" Value="6"/>
<Cov CovItemId="B24" Value="36"/>
<Cov CovItemId="B26" Value="6"/>
<Cov CovItemId="B27" Value="6"/>
<Cov CovItemId="B28" Value="1"/>
<Cov CovItemId="B29" Value="9"/>
<Cov CovItemId="B3" Value="2"/>
<Cov CovItemId="B30" Value="35"/>
<Cov CovItemId="B31" Value="8"/>
<Cov CovItemId="B32" Value="27"/>
<Cov CovItemId="B33" Value="6"/>
<Cov CovItemId="B34" Value="29"/>
<Cov CovItemId="B35" Value="3"/>
<Cov CovItemId="B36" Value="3"/>
<Cov CovItemId="B37" Value="19"/>
<Cov CovItemId="B38" Value="25"/>
<Cov CovItemId="B39" Value="13"/>
<Cov CovItemId="B4" Value="47"/>
<Cov CovItemId="B40" Value="6"/>
<Cov CovItemId="B41" Value="2"/>
<Cov CovItemId="B42" Value="37"/>
<Cov CovItemId="B43" Value="2"/>
<Cov CovItemId="B45" Value="1"/>
<Cov CovItemId="B47" Value="7"/>
<Cov CovItemId="B48" Value="7"/>
<Cov CovItemId="B50" Value="7"/>
<Cov CovItemId="B58" Value="7"/>
<Cov CovItemId="B6" Value="6"/>
<Cov CovItemId="B8" Value="6"/>
<Cov CovItemId="B9" Value="3"/>
<Cov CovItemId="L1-1" Value="3"/>
<Cov CovItemId="L1-2" Value="11"/>
<Cov CovItemId="L2-0" Value="2"/>
<Cov CovItemId="L2-1" Value="14"/>
<Cov CovItemId="L2-2" Value="19"/>
<Cov CovItemId="L3-1" Value="1"/>
<Cov CovItemId="L3-2" Value="5"/>
<Cov CovItemId="L4-2" Value="14"/>
<Cov CovItemId="L5-1" Value="6"/>
<Cov CovItemId="L6-2" Value="13"/>
<Cov CovItemId="L7-2" Value="1"/>
<Cov CovItemId="L8-2" Value="1"/>
<Cov CovItemId="S100" Value="19"/>
<Cov CovItemId="S101" Value="13"/>
<Cov CovItemId="S102" Value="39"/>
<Cov CovItemId="S103" Value="39"/>
<Cov CovItemId="S104" Value="2"/>
<Cov CovItemId="S105" Value="2"/>
<Cov CovItemId="S107" Value="1"/>
<Cov CovItemId="S108" Value="1"/>
<Cov CovItemId="S109" Value="3"/>
<Cov CovItemId="S110" Value="7"/>
<Cov CovItemId="S111" Value="1"/>
<Cov CovItemId="S112" Value="1"/>
<Cov CovItemId="S113" Value="1"/>
<Cov CovItemId="S114" Value="14"/>
<Cov CovItemId="S115" Value="14"/>
<Cov CovItemId="S116" Value="7"/>
<Cov CovItemId="S129" Value="7"/>
<Cov CovItemId="S130" Value="7"/>
<Cov CovItemId="S131" Value="7"/>
<Cov CovItemId="S133" Value="7"/>
<Cov CovItemId="S134" Value="1"/>
<Cov CovItemId="S44" Value="14"/>
<Cov CovItemId="S45" Value="14"/>
<Cov CovItemId="S46" Value="14"/>
<Cov CovItemId="S47" Value="14"/>
<Cov CovItemId="S48" Value="53"/>
<Cov CovItemId="S49" Value="53"/>
<Cov CovItemId="S50" Value="4"/>
<Cov CovItemId="S51" Value="49"/>
<Cov CovItemId="S52" Value="2"/>
<Cov CovItemId="S53" Value="14"/>
<Cov CovItemId="S54" Value="6"/>
<Cov CovItemId="S56" Value="6"/>
<Cov CovItemId="S58" Value="6"/>
<Cov CovItemId="S59" Value="3"/>
<Cov CovItemId="S60" Value="3"/>
<Cov CovItemId="S62" Value="3"/>
<Cov CovItemId="S63" Value="3"/>
<Cov CovItemId="S69" Value="35"/>
<Cov CovItemId="S70" Value="35"/>
<Cov CovItemId="S71" Value="75"/>
<Cov CovItemId="S72" Value="33"/>
<Cov CovItemId="S73" Value="33"/>
<Cov CovItemId="S74" Value="6"/>
<Cov CovItemId="S75" Value="42"/>
<Cov CovItemId="S76" Value="42"/>
<Cov CovItemId="S77" Value="6"/>
<Cov CovItemId="S78" Value="6"/>
<Cov CovItemId="S80" Value="35"/>
<Cov CovItemId="S81" Value="7"/>
<Cov CovItemId="S82" Value="7"/>
<Cov CovItemId="S83" Value="6"/>
<Cov CovItemId="S84" Value="14"/>
<Cov CovItemId="S85" Value="14"/>
<Cov CovItemId="S86" Value="14"/>
<Cov CovItemId="S87" Value="44"/>
<Cov CovItemId="S88" Value="44"/>
<Cov CovItemId="S89" Value="9"/>
<Cov CovItemId="S90" Value="35"/>
<Cov CovItemId="S91" Value="8"/>
<Cov CovItemId="S92" Value="35"/>
<Cov CovItemId="S93" Value="35"/>
<Cov CovItemId="S94" Value="6"/>
<Cov CovItemId="S95" Value="6"/>
<Cov CovItemId="S96" Value="6"/>
<Cov CovItemId="S97" Value="3"/>
<Cov CovItemId="S98" Value="44"/>
<Cov CovItemId="S99" Value="19"/>
</CovPrefix>
</CovList>
<AssgnmntList>
<AssgnmntPrefix RootTermCovItemPrefix="com.aconex.coding.challenge.NumberToAlphaConverter.java">
<AssgnmntListEntry Length="1" RootTermCovItemId="C1">
<MapEntry BoolAssgnmnt="0" Value="14"/>
<MapEntry BoolAssgnmnt="1" Value="53"/>
</AssgnmntListEntry>
<AssgnmntListEntry Length="1" RootTermCovItemId="C11">
<MapEntry BoolAssgnmnt="0" Value="35"/>
<MapEntry BoolAssgnmnt="1" Value="75"/>
</AssgnmntListEntry>
<AssgnmntListEntry Length="1" RootTermCovItemId="C12">
<MapEntry BoolAssgnmnt="0" Value="42"/>
<MapEntry BoolAssgnmnt="1" Value="33"/>
</AssgnmntListEntry>
<AssgnmntListEntry Length="1" RootTermCovItemId="C13">
<MapEntry BoolAssgnmnt="0" Value="27"/>
<MapEntry BoolAssgnmnt="1" Value="6"/>
</AssgnmntListEntry>
<AssgnmntListEntry Length="1" RootTermCovItemId="C14">
<MapEntry BoolAssgnmnt="0" Value="36"/>
<MapEntry BoolAssgnmnt="1" Value="6"/>
</AssgnmntListEntry>
<AssgnmntListEntry Length="1" RootTermCovItemId="C15">
<MapEntry BoolAssgnmnt="0" Value="6"/>
</AssgnmntListEntry>
<AssgnmntListEntry Length="1" RootTermCovItemId="C16">
<MapEntry BoolAssgnmnt="0" Value="1"/>
<MapEntry BoolAssgnmnt="1" Value="6"/>
</AssgnmntListEntry>
<AssgnmntListEntry Length="1" RootTermCovItemId="C17">
<MapEntry BoolAssgnmnt="0" Value="35"/>
<MapEntry BoolAssgnmnt="1" Value="9"/>
</AssgnmntListEntry>
<AssgnmntListEntry Length="2" RootTermCovItemId="C18">
<MapEntry BoolAssgnmnt="02" Value="27"/>
<MapEntry BoolAssgnmnt="11" Value="8"/>
</AssgnmntListEntry>
<AssgnmntListEntry Length="1" RootTermCovItemId="C19">
<MapEntry BoolAssgnmnt="0" Value="29"/>
<MapEntry BoolAssgnmnt="1" Value="6"/>
</AssgnmntListEntry>
<AssgnmntListEntry Length="2" RootTermCovItemId="C2">
<MapEntry BoolAssgnmnt="10" Value="47"/>
<MapEntry BoolAssgnmnt="02" Value="2"/>
<MapEntry BoolAssgnmnt="11" Value="4"/>
</AssgnmntListEntry>
<AssgnmntListEntry Length="3" RootTermCovItemId="C20">
<MapEntry BoolAssgnmnt="110" Value="3"/>
<MapEntry BoolAssgnmnt="111" Value="3"/>
</AssgnmntListEntry>
<AssgnmntListEntry Length="1" RootTermCovItemId="C21">
<MapEntry BoolAssgnmnt="0" Value="25"/>
<MapEntry BoolAssgnmnt="1" Value="19"/>
</AssgnmntListEntry>
<AssgnmntListEntry Length="1" RootTermCovItemId="C22">
<MapEntry BoolAssgnmnt="0" Value="6"/>
<MapEntry BoolAssgnmnt="1" Value="13"/>
</AssgnmntListEntry>
<AssgnmntListEntry Length="1" RootTermCovItemId="C23">
<MapEntry BoolAssgnmnt="0" Value="37"/>
<MapEntry BoolAssgnmnt="1" Value="2"/>
</AssgnmntListEntry>
<AssgnmntListEntry Length="1" RootTermCovItemId="C24">
<MapEntry BoolAssgnmnt="1" Value="2"/>
</AssgnmntListEntry>
<AssgnmntListEntry Length="1" RootTermCovItemId="C25">
<MapEntry BoolAssgnmnt="1" Value="1"/>
</AssgnmntListEntry>
<AssgnmntListEntry Length="1" RootTermCovItemId="C26">
<MapEntry BoolAssgnmnt="0" Value="1"/>
<MapEntry BoolAssgnmnt="1" Value="14"/>
</AssgnmntListEntry>
<AssgnmntListEntry Length="2" RootTermCovItemId="C27">
<MapEntry BoolAssgnmnt="00" Value="7"/>
<MapEntry BoolAssgnmnt="12" Value="7"/>
</AssgnmntListEntry>
<AssgnmntListEntry Length="1" RootTermCovItemId="C28">
<MapEntry BoolAssgnmnt="0" Value="7"/>
</AssgnmntListEntry>
<AssgnmntListEntry Length="1" RootTermCovItemId="C3">
<MapEntry BoolAssgnmnt="0" Value="47"/>
<MapEntry BoolAssgnmnt="1" Value="2"/>
</AssgnmntListEntry>
<AssgnmntListEntry Length="1" RootTermCovItemId="C32">
<MapEntry BoolAssgnmnt="0" Value="7"/>
</AssgnmntListEntry>
<AssgnmntListEntry Length="2" RootTermCovItemId="C4">
<MapEntry BoolAssgnmnt="10" Value="6"/>
</AssgnmntListEntry>
<AssgnmntListEntry Length="2" RootTermCovItemId="C5">
<MapEntry BoolAssgnmnt="10" Value="6"/>
</AssgnmntListEntry>
<AssgnmntListEntry Length="2" RootTermCovItemId="C6">
<MapEntry BoolAssgnmnt="10" Value="3"/>
<MapEntry BoolAssgnmnt="11" Value="3"/>
</AssgnmntListEntry>
<AssgnmntListEntry Length="2" RootTermCovItemId="C7">
<MapEntry BoolAssgnmnt="10" Value="3"/>
</AssgnmntListEntry>
<AssgnmntListEntry Length="2" RootTermCovItemId="C8">
<MapEntry BoolAssgnmnt="11" Value="3"/>
</AssgnmntListEntry>
</AssgnmntPrefix>
</AssgnmntList>
<ObjMetaDataList/>
<MetaDataList/>
</TestCase>
<TestCase Comment="" Date="1421777369737" Name="com.aconex.test.TestNumberToAlphaConverter:testPhoneNumberForAlphaToDigitConversionAmbiguity">
<CovList>
<CovPrefix CovItemPrefix="com.aconex.coding.challenge.NumberToAlphaConverter.java">
<Cov CovItemId="B1" Value="13"/>
<Cov CovItemId="B10" Value="12"/>
<Cov CovItemId="B12" Value="12"/>
<Cov CovItemId="B13" Value="5"/>
<Cov CovItemId="B14" Value="7"/>
<Cov CovItemId="B15" Value="7"/>
<Cov CovItemId="B19" Value="73"/>
<Cov CovItemId="B2" Value="134"/>
<Cov CovItemId="B20" Value="138"/>
<Cov CovItemId="B21" Value="16"/>
<Cov CovItemId="B22" Value="57"/>
<Cov CovItemId="B24" Value="138"/>
<Cov CovItemId="B27" Value="8"/>
<Cov CovItemId="B28" Value="1"/>
<Cov CovItemId="B29" Value="21"/>
<Cov CovItemId="B3" Value="3"/>
<Cov CovItemId="B30" Value="85"/>
<Cov CovItemId="B31" Value="15"/>
<Cov CovItemId="B32" Value="70"/>
<Cov CovItemId="B33" Value="16"/>
<Cov CovItemId="B34" Value="69"/>
<Cov CovItemId="B35" Value="5"/>
<Cov CovItemId="B36" Value="11"/>
<Cov CovItemId="B37" Value="52"/>
<Cov CovItemId="B38" Value="54"/>
<Cov CovItemId="B39" Value="40"/>
<Cov CovItemId="B4" Value="131"/>
<Cov CovItemId="B40" Value="12"/>
<Cov CovItemId="B41" Value="7"/>
<Cov CovItemId="B42" Value="137"/>
<Cov CovItemId="B43" Value="3"/>
<Cov CovItemId="B44" Value="4"/>
<Cov CovItemId="B45" Value="1"/>
<Cov CovItemId="B47" Value="9"/>
<Cov CovItemId="B48" Value="2"/>
<Cov CovItemId="B5" Value="4"/>
<Cov CovItemId="B50" Value="9"/>
<Cov CovItemId="B58" Value="9"/>
<Cov CovItemId="B6" Value="12"/>
<Cov CovItemId="B8" Value="12"/>
<Cov CovItemId="L1-1" Value="3"/>
<Cov CovItemId="L1-2" Value="27"/>
<Cov CovItemId="L2-0" Value="12"/>
<Cov CovItemId="L2-1" Value="25"/>
<Cov CovItemId="L2-2" Value="48"/>
<Cov CovItemId="L3-2" Value="8"/>
<Cov CovItemId="L4-2" Value="30"/>
<Cov CovItemId="L5-1" Value="16"/>
<Cov CovItemId="L6-2" Value="40"/>
<Cov CovItemId="L7-2" Value="1"/>
<Cov CovItemId="L8-2" Value="1"/>
<Cov CovItemId="S100" Value="52"/>
<Cov CovItemId="S101" Value="40"/>
<Cov CovItemId="S102" Value="144"/>
<Cov CovItemId="S103" Value="144"/>
<Cov CovItemId="S104" Value="7"/>
<Cov CovItemId="S105" Value="3"/>
<Cov CovItemId="S106" Value="4"/>
<Cov CovItemId="S107" Value="1"/>
<Cov CovItemId="S108" Value="1"/>
<Cov CovItemId="S109" Value="3"/>
<Cov CovItemId="S110" Value="9"/>
<Cov CovItemId="S111" Value="1"/>
<Cov CovItemId="S112" Value="1"/>
<Cov CovItemId="S113" Value="1"/>
<Cov CovItemId="S114" Value="11"/>
<Cov CovItemId="S115" Value="11"/>
<Cov CovItemId="S116" Value="9"/>
<Cov CovItemId="S129" Value="9"/>
<Cov CovItemId="S130" Value="9"/>
<Cov CovItemId="S131" Value="9"/>
<Cov CovItemId="S133" Value="9"/>
<Cov CovItemId="S134" Value="1"/>
<Cov CovItemId="S44" Value="30"/>
<Cov CovItemId="S45" Value="30"/>
<Cov CovItemId="S46" Value="30"/>
<Cov CovItemId="S47" Value="30"/>
<Cov CovItemId="S48" Value="147"/>
<Cov CovItemId="S49" Value="147"/>
<Cov CovItemId="S50" Value="13"/>
<Cov CovItemId="S51" Value="134"/>
<Cov CovItemId="S52" Value="3"/>
<Cov CovItemId="S53" Value="30"/>
<Cov CovItemId="S54" Value="16"/>
<Cov CovItemId="S55" Value="4"/>
<Cov CovItemId="S56" Value="12"/>
<Cov CovItemId="S58" Value="12"/>
<Cov CovItemId="S60" Value="12"/>
<Cov CovItemId="S62" Value="12"/>
<Cov CovItemId="S63" Value="5"/>
<Cov CovItemId="S64" Value="7"/>
<Cov CovItemId="S65" Value="7"/>
<Cov CovItemId="S69" Value="85"/>
<Cov CovItemId="S70" Value="85"/>
<Cov CovItemId="S71" Value="211"/>
<Cov CovItemId="S72" Value="73"/>
<Cov CovItemId="S73" Value="73"/>
<Cov CovItemId="S74" Value="16"/>
<Cov CovItemId="S75" Value="138"/>
<Cov CovItemId="S76" Value="138"/>
<Cov CovItemId="S80" Value="85"/>
<Cov CovItemId="S81" Value="9"/>
<Cov CovItemId="S82" Value="9"/>
<Cov CovItemId="S83" Value="8"/>
<Cov CovItemId="S84" Value="30"/>
<Cov CovItemId="S85" Value="30"/>
<Cov CovItemId="S86" Value="30"/>
<Cov CovItemId="S87" Value="106"/>
<Cov CovItemId="S88" Value="106"/>
<Cov CovItemId="S89" Value="21"/>
<Cov CovItemId="S90" Value="85"/>
<Cov CovItemId="S91" Value="15"/>
<Cov CovItemId="S92" Value="85"/>
<Cov CovItemId="S93" Value="85"/>
<Cov CovItemId="S94" Value="16"/>
<Cov CovItemId="S95" Value="16"/>
<Cov CovItemId="S96" Value="16"/>
<Cov CovItemId="S97" Value="5"/>
<Cov CovItemId="S98" Value="106"/>
<Cov CovItemId="S99" Value="52"/>
</CovPrefix>
</CovList>
<AssgnmntList>
<AssgnmntPrefix RootTermCovItemPrefix="com.aconex.coding.challenge.NumberToAlphaConverter.java">
<AssgnmntListEntry Length="1" RootTermCovItemId="C1">
<MapEntry BoolAssgnmnt="0" Value="30"/>
<MapEntry BoolAssgnmnt="1" Value="147"/>
</AssgnmntListEntry>
<AssgnmntListEntry Length="1" RootTermCovItemId="C11">
<MapEntry BoolAssgnmnt="0" Value="85"/>
<MapEntry BoolAssgnmnt="1" Value="211"/>
</AssgnmntListEntry>
<AssgnmntListEntry Length="1" RootTermCovItemId="C12">
<MapEntry BoolAssgnmnt="0" Value="138"/>
<MapEntry BoolAssgnmnt="1" Value="73"/>
</AssgnmntListEntry>
<AssgnmntListEntry Length="1" RootTermCovItemId="C13">
<MapEntry BoolAssgnmnt="0" Value="57"/>
<MapEntry BoolAssgnmnt="1" Value="16"/>
</AssgnmntListEntry>
<AssgnmntListEntry Length="1" RootTermCovItemId="C14">
<MapEntry BoolAssgnmnt="0" Value="138"/>
</AssgnmntListEntry>
<AssgnmntListEntry Length="1" RootTermCovItemId="C16">
<MapEntry BoolAssgnmnt="0" Value="1"/>
<MapEntry BoolAssgnmnt="1" Value="8"/>
</AssgnmntListEntry>
<AssgnmntListEntry Length="1" RootTermCovItemId="C17">
<MapEntry BoolAssgnmnt="0" Value="85"/>
<MapEntry BoolAssgnmnt="1" Value="21"/>
</AssgnmntListEntry>
<AssgnmntListEntry Length="2" RootTermCovItemId="C18">
<MapEntry BoolAssgnmnt="02" Value="70"/>
<MapEntry BoolAssgnmnt="11" Value="15"/>
</AssgnmntListEntry>
<AssgnmntListEntry Length="1" RootTermCovItemId="C19">
<MapEntry BoolAssgnmnt="0" Value="69"/>
<MapEntry BoolAssgnmnt="1" Value="16"/>
</AssgnmntListEntry>
<AssgnmntListEntry Length="2" RootTermCovItemId="C2">
<MapEntry BoolAssgnmnt="10" Value="131"/>
<MapEntry BoolAssgnmnt="02" Value="3"/>
<MapEntry BoolAssgnmnt="11" Value="13"/>
</AssgnmntListEntry>
<AssgnmntListEntry Length="3" RootTermCovItemId="C20">
<MapEntry BoolAssgnmnt="110" Value="11"/>
<MapEntry BoolAssgnmnt="111" Value="5"/>
</AssgnmntListEntry>
<AssgnmntListEntry Length="1" RootTermCovItemId="C21">
<MapEntry BoolAssgnmnt="0" Value="54"/>
<MapEntry BoolAssgnmnt="1" Value="52"/>
</AssgnmntListEntry>
<AssgnmntListEntry Length="1" RootTermCovItemId="C22">
<MapEntry BoolAssgnmnt="0" Value="12"/>
<MapEntry BoolAssgnmnt="1" Value="40"/>
</AssgnmntListEntry>
<AssgnmntListEntry Length="1" RootTermCovItemId="C23">
<MapEntry BoolAssgnmnt="0" Value="137"/>
<MapEntry BoolAssgnmnt="1" Value="7"/>
</AssgnmntListEntry>
<AssgnmntListEntry Length="1" RootTermCovItemId="C24">
<MapEntry BoolAssgnmnt="0" Value="4"/>
<MapEntry BoolAssgnmnt="1" Value="3"/>
</AssgnmntListEntry>
<AssgnmntListEntry Length="1" RootTermCovItemId="C25">
<MapEntry BoolAssgnmnt="1" Value="1"/>
</AssgnmntListEntry>
<AssgnmntListEntry Length="1" RootTermCovItemId="C26">
<MapEntry BoolAssgnmnt="0" Value="1"/>
<MapEntry BoolAssgnmnt="1" Value="11"/>
</AssgnmntListEntry>
<AssgnmntListEntry Length="2" RootTermCovItemId="C27">
<MapEntry BoolAssgnmnt="00" Value="2"/>
<MapEntry BoolAssgnmnt="12" Value="9"/>
</AssgnmntListEntry>
<AssgnmntListEntry Length="1" RootTermCovItemId="C28">
<MapEntry BoolAssgnmnt="0" Value="9"/>
</AssgnmntListEntry>
<AssgnmntListEntry Length="1" RootTermCovItemId="C3">
<MapEntry BoolAssgnmnt="0" Value="131"/>
<MapEntry BoolAssgnmnt="1" Value="3"/>
</AssgnmntListEntry>
<AssgnmntListEntry Length="1" RootTermCovItemId="C32">
<MapEntry BoolAssgnmnt="0" Value="9"/>
</AssgnmntListEntry>
<AssgnmntListEntry Length="2" RootTermCovItemId="C4">
<MapEntry BoolAssgnmnt="10" Value="12"/>
<MapEntry BoolAssgnmnt="11" Value="4"/>
</AssgnmntListEntry>
<AssgnmntListEntry Length="2" RootTermCovItemId="C5">
<MapEntry BoolAssgnmnt="10" Value="12"/>
</AssgnmntListEntry>
<AssgnmntListEntry Length="2" RootTermCovItemId="C6">
<MapEntry BoolAssgnmnt="10" Value="12"/>
</AssgnmntListEntry>
<AssgnmntListEntry Length="2" RootTermCovItemId="C7">
<MapEntry BoolAssgnmnt="10" Value="12"/>
</AssgnmntListEntry>
<AssgnmntListEntry Length="2" RootTermCovItemId="C8">
<MapEntry BoolAssgnmnt="10" Value="7"/>
<MapEntry BoolAssgnmnt="11" Value="5"/>
</AssgnmntListEntry>
<AssgnmntListEntry Length="2" RootTermCovItemId="C9">
<MapEntry BoolAssgnmnt="11" Value="7"/>
</AssgnmntListEntry>
</AssgnmntPrefix>
</AssgnmntList>
<ObjMetaDataList/>
<MetaDataList/>
</TestCase>
<TestCase Comment="" Date="1421777369753" Name="com.aconex.test.TestNumberToAlphaConverter:testsSingleStringResultWithMultipleDictionaryWordAndSingleNumbersInBetween">
<CovList>
<CovPrefix CovItemPrefix="com.aconex.coding.challenge.NumberToAlphaConverter.java">
<Cov CovItemId="B1" Value="7"/>
<Cov CovItemId="B10" Value="9"/>
<Cov CovItemId="B11" Value="2"/>
<Cov CovItemId="B12" Value="7"/>
<Cov CovItemId="B14" Value="7"/>
<Cov CovItemId="B15" Value="7"/>
<Cov CovItemId="B19" Value="38"/>
<Cov CovItemId="B2" Value="66"/>
<Cov CovItemId="B20" Value="51"/>
<Cov CovItemId="B21" Value="13"/>
<Cov CovItemId="B22" Value="25"/>
<Cov CovItemId="B24" Value="51"/>
<Cov CovItemId="B27" Value="11"/>
<Cov CovItemId="B28" Value="1"/>
<Cov CovItemId="B29" Value="10"/>
<Cov CovItemId="B30" Value="40"/>
<Cov CovItemId="B31" Value="3"/>
<Cov CovItemId="B32" Value="37"/>
<Cov CovItemId="B33" Value="13"/>
<Cov CovItemId="B34" Value="27"/>
<Cov CovItemId="B35" Value="7"/>
<Cov CovItemId="B36" Value="6"/>
<Cov CovItemId="B37" Value="23"/>
<Cov CovItemId="B38" Value="27"/>
<Cov CovItemId="B39" Value="23"/>
<Cov CovItemId="B4" Value="66"/>
<Cov CovItemId="B41" Value="1"/>
<Cov CovItemId="B42" Value="74"/>
<Cov CovItemId="B44" Value="1"/>
<Cov CovItemId="B45" Value="1"/>
<Cov CovItemId="B47" Value="12"/>
<Cov CovItemId="B48" Value="4"/>
<Cov CovItemId="B5" Value="4"/>
<Cov CovItemId="B50" Value="12"/>
<Cov CovItemId="B58" Value="12"/>
<Cov CovItemId="B6" Value="9"/>
<Cov CovItemId="B8" Value="9"/>
<Cov CovItemId="L1-1" Value="4"/>
<Cov CovItemId="L1-2" Value="12"/>
<Cov CovItemId="L2-0" Value="2"/>
<Cov CovItemId="L2-1" Value="19"/>
<Cov CovItemId="L2-2" Value="19"/>
<Cov CovItemId="L3-1" Value="9"/>
<Cov CovItemId="L3-2" Value="2"/>
<Cov CovItemId="L4-2" Value="16"/>
<Cov CovItemId="L5-1" Value="13"/>
<Cov CovItemId="L6-2" Value="23"/>
<Cov CovItemId="L7-2" Value="1"/>
<Cov CovItemId="L8-2" Value="1"/>
<Cov CovItemId="S100" Value="23"/>
<Cov CovItemId="S101" Value="23"/>
<Cov CovItemId="S102" Value="75"/>
<Cov CovItemId="S103" Value="75"/>
<Cov CovItemId="S104" Value="1"/>
<Cov CovItemId="S106" Value="1"/>
<Cov CovItemId="S107" Value="1"/>
<Cov CovItemId="S108" Value="1"/>
<Cov CovItemId="S109" Value="4"/>
<Cov CovItemId="S110" Value="12"/>
<Cov CovItemId="S111" Value="1"/>
<Cov CovItemId="S112" Value="1"/>
<Cov CovItemId="S113" Value="1"/>
<Cov CovItemId="S114" Value="16"/>
<Cov CovItemId="S115" Value="16"/>
<Cov CovItemId="S116" Value="12"/>
<Cov CovItemId="S129" Value="12"/>
<Cov CovItemId="S130" Value="12"/>
<Cov CovItemId="S131" Value="12"/>
<Cov CovItemId="S133" Value="12"/>
<Cov CovItemId="S134" Value="1"/>
<Cov CovItemId="S44" Value="16"/>
<Cov CovItemId="S45" Value="16"/>
<Cov CovItemId="S46" Value="16"/>
<Cov CovItemId="S47" Value="16"/>
<Cov CovItemId="S48" Value="73"/>
<Cov CovItemId="S49" Value="73"/>
<Cov CovItemId="S50" Value="7"/>
<Cov CovItemId="S51" Value="66"/>
<Cov CovItemId="S53" Value="16"/>
<Cov CovItemId="S54" Value="13"/>
<Cov CovItemId="S55" Value="4"/>
<Cov CovItemId="S56" Value="9"/>
<Cov CovItemId="S58" Value="9"/>
<Cov CovItemId="S60" Value="9"/>
<Cov CovItemId="S61" Value="2"/>
<Cov CovItemId="S62" Value="7"/>
<Cov CovItemId="S64" Value="7"/>
<Cov CovItemId="S65" Value="7"/>
<Cov CovItemId="S69" Value="40"/>
<Cov CovItemId="S70" Value="40"/>
<Cov CovItemId="S71" Value="89"/>
<Cov CovItemId="S72" Value="38"/>
<Cov CovItemId="S73" Value="38"/>
<Cov CovItemId="S74" Value="13"/>
<Cov CovItemId="S75" Value="51"/>
<Cov CovItemId="S76" Value="51"/>
<Cov CovItemId="S80" Value="40"/>
<Cov CovItemId="S81" Value="12"/>
<Cov CovItemId="S82" Value="12"/>
<Cov CovItemId="S83" Value="11"/>
<Cov CovItemId="S84" Value="16"/>
<Cov CovItemId="S85" Value="16"/>
<Cov CovItemId="S86" Value="16"/>
<Cov CovItemId="S87" Value="50"/>
<Cov CovItemId="S88" Value="50"/>
<Cov CovItemId="S89" Value="10"/>
<Cov CovItemId="S90" Value="40"/>
<Cov CovItemId="S91" Value="3"/>
<Cov CovItemId="S92" Value="40"/>
<Cov CovItemId="S93" Value="40"/>
<Cov CovItemId="S94" Value="13"/>
<Cov CovItemId="S95" Value="13"/>
<Cov CovItemId="S96" Value="13"/>
<Cov CovItemId="S97" Value="7"/>
<Cov CovItemId="S98" Value="50"/>
<Cov CovItemId="S99" Value="23"/>
</CovPrefix>
</CovList>
<AssgnmntList>
<AssgnmntPrefix RootTermCovItemPrefix="com.aconex.coding.challenge.NumberToAlphaConverter.java">
<AssgnmntListEntry Length="1" RootTermCovItemId="C1">
<MapEntry BoolAssgnmnt="0" Value="16"/>
<MapEntry BoolAssgnmnt="1" Value="73"/>
</AssgnmntListEntry>
<AssgnmntListEntry Length="1" RootTermCovItemId="C11">
<MapEntry BoolAssgnmnt="0" Value="40"/>
<MapEntry BoolAssgnmnt="1" Value="89"/>
</AssgnmntListEntry>
<AssgnmntListEntry Length="1" RootTermCovItemId="C12">
<MapEntry BoolAssgnmnt="0" Value="51"/>
<MapEntry BoolAssgnmnt="1" Value="38"/>
</AssgnmntListEntry>
<AssgnmntListEntry Length="1" RootTermCovItemId="C13">
<MapEntry BoolAssgnmnt="0" Value="25"/>
<MapEntry BoolAssgnmnt="1" Value="13"/>
</AssgnmntListEntry>
<AssgnmntListEntry Length="1" RootTermCovItemId="C14">
<MapEntry BoolAssgnmnt="0" Value="51"/>
</AssgnmntListEntry>
<AssgnmntListEntry Length="1" RootTermCovItemId="C16">
<MapEntry BoolAssgnmnt="0" Value="1"/>
<MapEntry BoolAssgnmnt="1" Value="11"/>
</AssgnmntListEntry>
<AssgnmntListEntry Length="1" RootTermCovItemId="C17">
<MapEntry BoolAssgnmnt="0" Value="40"/>
<MapEntry BoolAssgnmnt="1" Value="10"/>
</AssgnmntListEntry>
<AssgnmntListEntry Length="2" RootTermCovItemId="C18">
<MapEntry BoolAssgnmnt="02" Value="37"/>
<MapEntry BoolAssgnmnt="11" Value="3"/>
</AssgnmntListEntry>
<AssgnmntListEntry Length="1" RootTermCovItemId="C19">
<MapEntry BoolAssgnmnt="0" Value="27"/>
<MapEntry BoolAssgnmnt="1" Value="13"/>
</AssgnmntListEntry>
<AssgnmntListEntry Length="2" RootTermCovItemId="C2">
<MapEntry BoolAssgnmnt="10" Value="66"/>
<MapEntry BoolAssgnmnt="11" Value="7"/>
</AssgnmntListEntry>
<AssgnmntListEntry Length="3" RootTermCovItemId="C20">
<MapEntry BoolAssgnmnt="110" Value="6"/>
<MapEntry BoolAssgnmnt="111" Value="7"/>
</AssgnmntListEntry>
<AssgnmntListEntry Length="1" RootTermCovItemId="C21">
<MapEntry BoolAssgnmnt="0" Value="27"/>
<MapEntry BoolAssgnmnt="1" Value="23"/>
</AssgnmntListEntry>
<AssgnmntListEntry Length="1" RootTermCovItemId="C22">
<MapEntry BoolAssgnmnt="1" Value="23"/>
</AssgnmntListEntry>
<AssgnmntListEntry Length="1" RootTermCovItemId="C23">
<MapEntry BoolAssgnmnt="0" Value="74"/>
<MapEntry BoolAssgnmnt="1" Value="1"/>
</AssgnmntListEntry>
<AssgnmntListEntry Length="1" RootTermCovItemId="C24">
<MapEntry BoolAssgnmnt="0" Value="1"/>
</AssgnmntListEntry>
<AssgnmntListEntry Length="1" RootTermCovItemId="C25">
<MapEntry BoolAssgnmnt="1" Value="1"/>
</AssgnmntListEntry>
<AssgnmntListEntry Length="1" RootTermCovItemId="C26">
<MapEntry BoolAssgnmnt="0" Value="1"/>
<MapEntry BoolAssgnmnt="1" Value="16"/>
</AssgnmntListEntry>
<AssgnmntListEntry Length="2" RootTermCovItemId="C27">
<MapEntry BoolAssgnmnt="00" Value="4"/>
<MapEntry BoolAssgnmnt="12" Value="12"/>
</AssgnmntListEntry>
<AssgnmntListEntry Length="1" RootTermCovItemId="C28">
<MapEntry BoolAssgnmnt="0" Value="12"/>
</AssgnmntListEntry>
<AssgnmntListEntry Length="1" RootTermCovItemId="C3">
<MapEntry BoolAssgnmnt="0" Value="66"/>
</AssgnmntListEntry>
<AssgnmntListEntry Length="1" RootTermCovItemId="C32">
<MapEntry BoolAssgnmnt="0" Value="12"/>
</AssgnmntListEntry>
<AssgnmntListEntry Length="2" RootTermCovItemId="C4">
<MapEntry BoolAssgnmnt="10" Value="9"/>
<MapEntry BoolAssgnmnt="11" Value="4"/>
</AssgnmntListEntry>
<AssgnmntListEntry Length="2" RootTermCovItemId="C5">
<MapEntry BoolAssgnmnt="10" Value="9"/>
</AssgnmntListEntry>
<AssgnmntListEntry Length="2" RootTermCovItemId="C6">
<MapEntry BoolAssgnmnt="10" Value="9"/>
</AssgnmntListEntry>
<AssgnmntListEntry Length="2" RootTermCovItemId="C7">
<MapEntry BoolAssgnmnt="10" Value="7"/>
<MapEntry BoolAssgnmnt="11" Value="2"/>
</AssgnmntListEntry>
<AssgnmntListEntry Length="2" RootTermCovItemId="C8">
<MapEntry BoolAssgnmnt="10" Value="7"/>
</AssgnmntListEntry>
<AssgnmntListEntry Length="2" RootTermCovItemId="C9">
<MapEntry BoolAssgnmnt="11" Value="7"/>
</AssgnmntListEntry>
</AssgnmntPrefix>
</AssgnmntList>
<ObjMetaDataList/>
<MetaDataList/>
</TestCase>
<TestCase Comment="" Date="1421777369753" Name="com.aconex.test.TestNumberToAlphaConverter:testsSingleStringResultWithMultipleDictionaryWordAndNumbersAtBothEnds">
<CovList>
<CovPrefix CovItemPrefix="com.aconex.coding.challenge.NumberToAlphaConverter.java">
<Cov CovItemId="B1" Value="16"/>
<Cov CovItemId="B10" Value="10"/>
<Cov CovItemId="B11" Value="6"/>
<Cov CovItemId="B12" Value="4"/>
<Cov CovItemId="B13" Value="4"/>
<Cov CovItemId="B19" Value="42"/>
<Cov CovItemId="B2" Value="74"/>
<Cov CovItemId="B20" Value="56"/>
<Cov CovItemId="B21" Value="12"/>
<Cov CovItemId="B22" Value="30"/>
<Cov CovItemId="B24" Value="56"/>
<Cov CovItemId="B27" Value="11"/>
<Cov CovItemId="B28" Value="1"/>
<Cov CovItemId="B29" Value="9"/>
<Cov CovItemId="B3" Value="4"/>
<Cov CovItemId="B30" Value="43"/>
<Cov CovItemId="B31" Value="8"/>
<Cov CovItemId="B32" Value="35"/>
<Cov CovItemId="B33" Value="12"/>
<Cov CovItemId="B34" Value="31"/>
<Cov CovItemId="B35" Value="6"/>
<Cov CovItemId="B36" Value="6"/>
<Cov CovItemId="B37" Value="43"/>
<Cov CovItemId="B38" Value="9"/>
<Cov CovItemId="B39" Value="30"/>
<Cov CovItemId="B4" Value="70"/>
<Cov CovItemId="B40" Value="13"/>
<Cov CovItemId="B41" Value="1"/>
<Cov CovItemId="B42" Value="98"/>
<Cov CovItemId="B43" Value="1"/>
<Cov CovItemId="B45" Value="1"/>
<Cov CovItemId="B47" Value="12"/>
<Cov CovItemId="B48" Value="4"/>
<Cov CovItemId="B5" Value="2"/>
<Cov CovItemId="B50" Value="12"/>
<Cov CovItemId="B58" Value="12"/>
<Cov CovItemId="B6" Value="10"/>
<Cov CovItemId="B8" Value="10"/>
<Cov CovItemId="L1-1" Value="3"/>
<Cov CovItemId="L1-2" Value="13"/>
<Cov CovItemId="L2-0" Value="1"/>
<Cov CovItemId="L2-1" Value="22"/>
<Cov CovItemId="L2-2" Value="20"/>
<Cov CovItemId="L3-1" Value="8"/>
<Cov CovItemId="L3-2" Value="3"/>
<Cov CovItemId="L4-2" Value="16"/>
<Cov CovItemId="L5-1" Value="12"/>
<Cov CovItemId="L6-2" Value="30"/>
<Cov CovItemId="L7-2" Value="1"/>
<Cov CovItemId="L8-2" Value="1"/>
<Cov CovItemId="S100" Value="43"/>
<Cov CovItemId="S101" Value="30"/>
<Cov CovItemId="S102" Value="99"/>
<Cov CovItemId="S103" Value="99"/>
<Cov CovItemId="S104" Value="1"/>
<Cov CovItemId="S105" Value="1"/>
<Cov CovItemId="S107" Value="1"/>
<Cov CovItemId="S108" Value="1"/>
<Cov CovItemId="S109" Value="3"/>
<Cov CovItemId="S110" Value="12"/>
<Cov CovItemId="S111" Value="1"/>
<Cov CovItemId="S112" Value="1"/>
<Cov CovItemId="S113" Value="1"/>
<Cov CovItemId="S114" Value="16"/>
<Cov CovItemId="S115" Value="16"/>
<Cov CovItemId="S116" Value="12"/>
<Cov CovItemId="S129" Value="12"/>
<Cov CovItemId="S130" Value="12"/>
<Cov CovItemId="S131" Value="12"/>
<Cov CovItemId="S133" Value="12"/>
<Cov CovItemId="S134" Value="1"/>
<Cov CovItemId="S44" Value="16"/>
<Cov CovItemId="S45" Value="16"/>
<Cov CovItemId="S46" Value="16"/>
<Cov CovItemId="S47" Value="16"/>
<Cov CovItemId="S48" Value="90"/>
<Cov CovItemId="S49" Value="90"/>
<Cov CovItemId="S50" Value="16"/>
<Cov CovItemId="S51" Value="74"/>
<Cov CovItemId="S52" Value="4"/>
<Cov CovItemId="S53" Value="16"/>
<Cov CovItemId="S54" Value="12"/>
<Cov CovItemId="S55" Value="2"/>
<Cov CovItemId="S56" Value="10"/>
<Cov CovItemId="S58" Value="10"/>
<Cov CovItemId="S60" Value="10"/>
<Cov CovItemId="S61" Value="6"/>
<Cov CovItemId="S62" Value="4"/>
<Cov CovItemId="S63" Value="4"/>
<Cov CovItemId="S69" Value="43"/>
<Cov CovItemId="S70" Value="43"/>
<Cov CovItemId="S71" Value="98"/>
<Cov CovItemId="S72" Value="42"/>
<Cov CovItemId="S73" Value="42"/>
<Cov CovItemId="S74" Value="12"/>
<Cov CovItemId="S75" Value="56"/>
<Cov CovItemId="S76" Value="56"/>
<Cov CovItemId="S80" Value="43"/>
<Cov CovItemId="S81" Value="12"/>
<Cov CovItemId="S82" Value="12"/>
<Cov CovItemId="S83" Value="11"/>
<Cov CovItemId="S84" Value="16"/>
<Cov CovItemId="S85" Value="16"/>
<Cov CovItemId="S86" Value="16"/>
<Cov CovItemId="S87" Value="52"/>
<Cov CovItemId="S88" Value="52"/>
<Cov CovItemId="S89" Value="9"/>
<Cov CovItemId="S90" Value="43"/>
<Cov CovItemId="S91" Value="8"/>
<Cov CovItemId="S92" Value="43"/>
<Cov CovItemId="S93" Value="43"/>
<Cov CovItemId="S94" Value="12"/>
<Cov CovItemId="S95" Value="12"/>
<Cov CovItemId="S96" Value="12"/>
<Cov CovItemId="S97" Value="6"/>
<Cov CovItemId="S98" Value="52"/>
<Cov CovItemId="S99" Value="43"/>
</CovPrefix>
</CovList>
<AssgnmntList>
<AssgnmntPrefix RootTermCovItemPrefix="com.aconex.coding.challenge.NumberToAlphaConverter.java">
<AssgnmntListEntry Length="1" RootTermCovItemId="C1">
<MapEntry BoolAssgnmnt="0" Value="16"/>
<MapEntry BoolAssgnmnt="1" Value="90"/>
</AssgnmntListEntry>
<AssgnmntListEntry Length="1" RootTermCovItemId="C11">
<MapEntry BoolAssgnmnt="0" Value="43"/>
<MapEntry BoolAssgnmnt="1" Value="98"/>
</AssgnmntListEntry>
<AssgnmntListEntry Length="1" RootTermCovItemId="C12">
<MapEntry BoolAssgnmnt="0" Value="56"/>
<MapEntry BoolAssgnmnt="1" Value="42"/>
</AssgnmntListEntry>
<AssgnmntListEntry Length="1" RootTermCovItemId="C13">
<MapEntry BoolAssgnmnt="0" Value="30"/>
<MapEntry BoolAssgnmnt="1" Value="12"/>
</AssgnmntListEntry>
<AssgnmntListEntry Length="1" RootTermCovItemId="C14">
<MapEntry BoolAssgnmnt="0" Value="56"/>
</AssgnmntListEntry>
<AssgnmntListEntry Length="1" RootTermCovItemId="C16">
<MapEntry BoolAssgnmnt="0" Value="1"/>
<MapEntry BoolAssgnmnt="1" Value="11"/>
</AssgnmntListEntry>
<AssgnmntListEntry Length="1" RootTermCovItemId="C17">
<MapEntry BoolAssgnmnt="0" Value="43"/>
<MapEntry BoolAssgnmnt="1" Value="9"/>
</AssgnmntListEntry>
<AssgnmntListEntry Length="2" RootTermCovItemId="C18">
<MapEntry BoolAssgnmnt="02" Value="35"/>
<MapEntry BoolAssgnmnt="11" Value="8"/>
</AssgnmntListEntry>
<AssgnmntListEntry Length="1" RootTermCovItemId="C19">
<MapEntry BoolAssgnmnt="0" Value="31"/>
<MapEntry BoolAssgnmnt="1" Value="12"/>
</AssgnmntListEntry>
<AssgnmntListEntry Length="2" RootTermCovItemId="C2">
<MapEntry BoolAssgnmnt="10" Value="70"/>
<MapEntry BoolAssgnmnt="02" Value="4"/>
<MapEntry BoolAssgnmnt="11" Value="16"/>
</AssgnmntListEntry>
<AssgnmntListEntry Length="3" RootTermCovItemId="C20">
<MapEntry BoolAssgnmnt="110" Value="6"/>
<MapEntry BoolAssgnmnt="111" Value="6"/>
</AssgnmntListEntry>
<AssgnmntListEntry Length="1" RootTermCovItemId="C21">
<MapEntry BoolAssgnmnt="0" Value="9"/>
<MapEntry BoolAssgnmnt="1" Value="43"/>
</AssgnmntListEntry>
<AssgnmntListEntry Length="1" RootTermCovItemId="C22">
<MapEntry BoolAssgnmnt="0" Value="13"/>
<MapEntry BoolAssgnmnt="1" Value="30"/>
</AssgnmntListEntry>
<AssgnmntListEntry Length="1" RootTermCovItemId="C23">
<MapEntry BoolAssgnmnt="0" Value="98"/>
<MapEntry BoolAssgnmnt="1" Value="1"/>
</AssgnmntListEntry>
<AssgnmntListEntry Length="1" RootTermCovItemId="C24">
<MapEntry BoolAssgnmnt="1" Value="1"/>
</AssgnmntListEntry>
<AssgnmntListEntry Length="1" RootTermCovItemId="C25">
<MapEntry BoolAssgnmnt="1" Value="1"/>
</AssgnmntListEntry>
<AssgnmntListEntry Length="1" RootTermCovItemId="C26">
<MapEntry BoolAssgnmnt="0" Value="1"/>
<MapEntry BoolAssgnmnt="1" Value="16"/>
</AssgnmntListEntry>
<AssgnmntListEntry Length="2" RootTermCovItemId="C27">
<MapEntry BoolAssgnmnt="00" Value="4"/>
<MapEntry BoolAssgnmnt="12" Value="12"/>
</AssgnmntListEntry>
<AssgnmntListEntry Length="1" RootTermCovItemId="C28">
<MapEntry BoolAssgnmnt="0" Value="12"/>
</AssgnmntListEntry>
<AssgnmntListEntry Length="1" RootTermCovItemId="C3">
<MapEntry BoolAssgnmnt="0" Value="70"/>
<MapEntry BoolAssgnmnt="1" Value="4"/>
</AssgnmntListEntry>
<AssgnmntListEntry Length="1" RootTermCovItemId="C32">
<MapEntry BoolAssgnmnt="0" Value="12"/>
</AssgnmntListEntry>
<AssgnmntListEntry Length="2" RootTermCovItemId="C4">
<MapEntry BoolAssgnmnt="10" Value="10"/>
<MapEntry BoolAssgnmnt="11" Value="2"/>
</AssgnmntListEntry>
<AssgnmntListEntry Length="2" RootTermCovItemId="C5">
<MapEntry BoolAssgnmnt="10" Value="10"/>
</AssgnmntListEntry>
<AssgnmntListEntry Length="2" RootTermCovItemId="C6">
<MapEntry BoolAssgnmnt="10" Value="10"/>
</AssgnmntListEntry>
<AssgnmntListEntry Length="2" RootTermCovItemId="C7">
<MapEntry BoolAssgnmnt="10" Value="4"/>
<MapEntry BoolAssgnmnt="11" Value="6"/>
</AssgnmntListEntry>
<AssgnmntListEntry Length="2" RootTermCovItemId="C8">
<MapEntry BoolAssgnmnt="11" Value="4"/>
</AssgnmntListEntry>
</AssgnmntPrefix>
</AssgnmntList>
<ObjMetaDataList/>
<MetaDataList/>
</TestCase>
<TestCase Comment="" Date="1421777369753" Name="com.aconex.test.TestNumberToAlphaConverter:testsSingleStringResultWithMultipleDictionaryWordAndMultipleNumbersInBetween">
<CovList>
<CovPrefix CovItemPrefix="com.aconex.coding.challenge.NumberToAlphaConverter.java">
<Cov CovItemId="B1" Value="18"/>
<Cov CovItemId="B10" Value="11"/>
<Cov CovItemId="B11" Value="2"/>
<Cov CovItemId="B12" Value="9"/>
<Cov CovItemId="B14" Value="9"/>
<Cov CovItemId="B15" Value="9"/>
<Cov CovItemId="B19" Value="49"/>
<Cov CovItemId="B2" Value="142"/>
<Cov CovItemId="B20" Value="75"/>
<Cov CovItemId="B21" Value="15"/>
<Cov CovItemId="B22" Value="34"/>
<Cov CovItemId="B24" Value="75"/>
<Cov CovItemId="B27" Value="17"/>
<Cov CovItemId="B28" Value="1"/>
<Cov CovItemId="B29" Value="15"/>
<Cov CovItemId="B30" Value="54"/>
<Cov CovItemId="B31" Value="6"/>
<Cov CovItemId="B32" Value="48"/>
<Cov CovItemId="B33" Value="15"/>
<Cov CovItemId="B34" Value="39"/>
<Cov CovItemId="B35" Value="7"/>
<Cov CovItemId="B36" Value="8"/>
<Cov CovItemId="B37" Value="42"/>
<Cov CovItemId="B38" Value="27"/>
<Cov CovItemId="B39" Value="42"/>
<Cov CovItemId="B4" Value="142"/>
<Cov CovItemId="B41" Value="1"/>
<Cov CovItemId="B42" Value="131"/>
<Cov CovItemId="B44" Value="1"/>
<Cov CovItemId="B45" Value="1"/>
<Cov CovItemId="B47" Value="18"/>
<Cov CovItemId="B48" Value="1"/>
<Cov CovItemId="B5" Value="4"/>
<Cov CovItemId="B50" Value="18"/>
<Cov CovItemId="B58" Value="18"/>
<Cov CovItemId="B6" Value="11"/>
<Cov CovItemId="B8" Value="11"/>
<Cov CovItemId="L1-1" Value="4"/>
<Cov CovItemId="L1-2" Value="18"/>
<Cov CovItemId="L2-0" Value="5"/>
<Cov CovItemId="L2-1" Value="21"/>
<Cov CovItemId="L2-2" Value="28"/>
<Cov CovItemId="L3-1" Value="15"/>
<Cov CovItemId="L3-2" Value="2"/>
<Cov CovItemId="L4-2" Value="22"/>
<Cov CovItemId="L5-1" Value="15"/>
<Cov CovItemId="L6-2" Value="42"/>
<Cov CovItemId="L7-2" Value="1"/>
<Cov CovItemId="L8-2" Value="1"/>
<Cov CovItemId="S100" Value="42"/>
<Cov CovItemId="S101" Value="42"/>
<Cov CovItemId="S102" Value="132"/>
<Cov CovItemId="S103" Value="132"/>
<Cov CovItemId="S104" Value="1"/>
<Cov CovItemId="S106" Value="1"/>
<Cov CovItemId="S107" Value="1"/>
<Cov CovItemId="S108" Value="1"/>
<Cov CovItemId="S109" Value="4"/>
<Cov CovItemId="S110" Value="18"/>
<Cov CovItemId="S111" Value="1"/>
<Cov CovItemId="S112" Value="1"/>
<Cov CovItemId="S113" Value="1"/>
<Cov CovItemId="S114" Value="19"/>
<Cov CovItemId="S115" Value="19"/>
<Cov CovItemId="S116" Value="18"/>
<Cov CovItemId="S129" Value="18"/>
<Cov CovItemId="S130" Value="18"/>
<Cov CovItemId="S131" Value="18"/>
<Cov CovItemId="S133" Value="18"/>
<Cov CovItemId="S134" Value="1"/>
<Cov CovItemId="S44" Value="22"/>
<Cov CovItemId="S45" Value="22"/>
<Cov CovItemId="S46" Value="22"/>
<Cov CovItemId="S47" Value="22"/>
<Cov CovItemId="S48" Value="160"/>
<Cov CovItemId="S49" Value="160"/>
<Cov CovItemId="S50" Value="18"/>
<Cov CovItemId="S51" Value="142"/>
<Cov CovItemId="S53" Value="22"/>
<Cov CovItemId="S54" Value="15"/>
<Cov CovItemId="S55" Value="4"/>
<Cov CovItemId="S56" Value="11"/>
<Cov CovItemId="S58" Value="11"/>
<Cov CovItemId="S60" Value="11"/>
<Cov CovItemId="S61" Value="2"/>
<Cov CovItemId="S62" Value="9"/>
<Cov CovItemId="S64" Value="9"/>
<Cov CovItemId="S65" Value="9"/>
<Cov CovItemId="S69" Value="54"/>
<Cov CovItemId="S70" Value="54"/>
<Cov CovItemId="S71" Value="124"/>
<Cov CovItemId="S72" Value="49"/>
<Cov CovItemId="S73" Value="49"/>
<Cov CovItemId="S74" Value="15"/>
<Cov CovItemId="S75" Value="75"/>
<Cov CovItemId="S76" Value="75"/>
<Cov CovItemId="S80" Value="54"/>
<Cov CovItemId="S81" Value="18"/>
<Cov CovItemId="S82" Value="18"/>
<Cov CovItemId="S83" Value="17"/>
<Cov CovItemId="S84" Value="22"/>
<Cov CovItemId="S85" Value="22"/>
<Cov CovItemId="S86" Value="22"/>
<Cov CovItemId="S87" Value="69"/>
<Cov CovItemId="S88" Value="69"/>
<Cov CovItemId="S89" Value="15"/>
<Cov CovItemId="S90" Value="54"/>
<Cov CovItemId="S91" Value="6"/>
<Cov CovItemId="S92" Value="54"/>
<Cov CovItemId="S93" Value="54"/>
<Cov CovItemId="S94" Value="15"/>
<Cov CovItemId="S95" Value="15"/>
<Cov CovItemId="S96" Value="15"/>
<Cov CovItemId="S97" Value="7"/>
<Cov CovItemId="S98" Value="69"/>
<Cov CovItemId="S99" Value="42"/>
</CovPrefix>
</CovList>
<AssgnmntList>
<AssgnmntPrefix RootTermCovItemPrefix="com.aconex.coding.challenge.NumberToAlphaConverter.java">
<AssgnmntListEntry Length="1" RootTermCovItemId="C1">
<MapEntry BoolAssgnmnt="0" Value="22"/>
<MapEntry BoolAssgnmnt="1" Value="160"/>
</AssgnmntListEntry>
<AssgnmntListEntry Length="1" RootTermCovItemId="C11">
<MapEntry BoolAssgnmnt="0" Value="54"/>
<MapEntry BoolAssgnmnt="1" Value="124"/>
</AssgnmntListEntry>
<AssgnmntListEntry Length="1" RootTermCovItemId="C12">
<MapEntry BoolAssgnmnt="0" Value="75"/>
<MapEntry BoolAssgnmnt="1" Value="49"/>
</AssgnmntListEntry>
<AssgnmntListEntry Length="1" RootTermCovItemId="C13">
<MapEntry BoolAssgnmnt="0" Value="34"/>
<MapEntry BoolAssgnmnt="1" Value="15"/>
</AssgnmntListEntry>
<AssgnmntListEntry Length="1" RootTermCovItemId="C14">
<MapEntry BoolAssgnmnt="0" Value="75"/>
</AssgnmntListEntry>
<AssgnmntListEntry Length="1" RootTermCovItemId="C16">
<MapEntry BoolAssgnmnt="0" Value="1"/>
<MapEntry BoolAssgnmnt="1" Value="17"/>
</AssgnmntListEntry>
<AssgnmntListEntry Length="1" RootTermCovItemId="C17">
<MapEntry BoolAssgnmnt="0" Value="54"/>
<MapEntry BoolAssgnmnt="1" Value="15"/>
</AssgnmntListEntry>
<AssgnmntListEntry Length="2" RootTermCovItemId="C18">
<MapEntry BoolAssgnmnt="02" Value="48"/>
<MapEntry BoolAssgnmnt="11" Value="6"/>
</AssgnmntListEntry>
<AssgnmntListEntry Length="1" RootTermCovItemId="C19">
<MapEntry BoolAssgnmnt="0" Value="39"/>
<MapEntry BoolAssgnmnt="1" Value="15"/>
</AssgnmntListEntry>
<AssgnmntListEntry Length="2" RootTermCovItemId="C2">
<MapEntry BoolAssgnmnt="10" Value="142"/>
<MapEntry BoolAssgnmnt="11" Value="18"/>
</AssgnmntListEntry>
<AssgnmntListEntry Length="3" RootTermCovItemId="C20">
<MapEntry BoolAssgnmnt="110" Value="8"/>
<MapEntry BoolAssgnmnt="111" Value="7"/>
</AssgnmntListEntry>
<AssgnmntListEntry Length="1" RootTermCovItemId="C21">
<MapEntry BoolAssgnmnt="0" Value="27"/>
<MapEntry BoolAssgnmnt="1" Value="42"/>
</AssgnmntListEntry>
<AssgnmntListEntry Length="1" RootTermCovItemId="C22">
<MapEntry BoolAssgnmnt="1" Value="42"/>
</AssgnmntListEntry>
<AssgnmntListEntry Length="1" RootTermCovItemId="C23">
<MapEntry BoolAssgnmnt="0" Value="131"/>
<MapEntry BoolAssgnmnt="1" Value="1"/>
</AssgnmntListEntry>
<AssgnmntListEntry Length="1" RootTermCovItemId="C24">
<MapEntry BoolAssgnmnt="0" Value="1"/>
</AssgnmntListEntry>
<AssgnmntListEntry Length="1" RootTermCovItemId="C25">
<MapEntry BoolAssgnmnt="1" Value="1"/>
</AssgnmntListEntry>
<AssgnmntListEntry Length="1" RootTermCovItemId="C26">
<MapEntry BoolAssgnmnt="0" Value="1"/>
<MapEntry BoolAssgnmnt="1" Value="19"/>
</AssgnmntListEntry>
<AssgnmntListEntry Length="2" RootTermCovItemId="C27">
<MapEntry BoolAssgnmnt="00" Value="1"/>
<MapEntry BoolAssgnmnt="12" Value="18"/>
</AssgnmntListEntry>
<AssgnmntListEntry Length="1" RootTermCovItemId="C28">
<MapEntry BoolAssgnmnt="0" Value="18"/>
</AssgnmntListEntry>
<AssgnmntListEntry Length="1" RootTermCovItemId="C3">
<MapEntry BoolAssgnmnt="0" Value="142"/>
</AssgnmntListEntry>
<AssgnmntListEntry Length="1" RootTermCovItemId="C32">
<MapEntry BoolAssgnmnt="0" Value="18"/>
</AssgnmntListEntry>
<AssgnmntListEntry Length="2" RootTermCovItemId="C4">
<MapEntry BoolAssgnmnt="10" Value="11"/>
<MapEntry BoolAssgnmnt="11" Value="4"/>
</AssgnmntListEntry>
<AssgnmntListEntry Length="2" RootTermCovItemId="C5">
<MapEntry BoolAssgnmnt="10" Value="11"/>
</AssgnmntListEntry>
<AssgnmntListEntry Length="2" RootTermCovItemId="C6">
<MapEntry BoolAssgnmnt="10" Value="11"/>
</AssgnmntListEntry>
<AssgnmntListEntry Length="2" RootTermCovItemId="C7">
<MapEntry BoolAssgnmnt="10" Value="9"/>
<MapEntry BoolAssgnmnt="11" Value="2"/>
</AssgnmntListEntry>
<AssgnmntListEntry Length="2" RootTermCovItemId="C8">
<MapEntry BoolAssgnmnt="10" Value="9"/>
</AssgnmntListEntry>
<AssgnmntListEntry Length="2" RootTermCovItemId="C9">
<MapEntry BoolAssgnmnt="11" Value="9"/>
</AssgnmntListEntry>
</AssgnmntPrefix>
</AssgnmntList>
<ObjMetaDataList/>
<MetaDataList/>
</TestCase>
<TestCase Comment="" Date="1421777369753" Name="com.aconex.test.TestNumberToAlphaConverter:checkForSimpleConversionWithSingleResult">
<CovList>
<CovPrefix CovItemPrefix="com.aconex.coding.challenge.NumberToAlphaConverter.java">
<Cov CovItemId="B1" Value="2"/>
<Cov CovItemId="B10" Value="7"/>
<Cov CovItemId="B12" Value="7"/>
<Cov CovItemId="B14" Value="7"/>
<Cov CovItemId="B16" Value="7"/>
<Cov CovItemId="B18" Value="7"/>
<Cov CovItemId="B19" Value="21"/>
<Cov CovItemId="B2" Value="11"/>
<Cov CovItemId="B20" Value="6"/>
<Cov CovItemId="B21" Value="11"/>
<Cov CovItemId="B22" Value="10"/>
<Cov CovItemId="B24" Value="6"/>
<Cov CovItemId="B27" Value="3"/>
<Cov CovItemId="B28" Value="1"/>
<Cov CovItemId="B29" Value="3"/>
<Cov CovItemId="B30" Value="21"/>
<Cov CovItemId="B32" Value="21"/>
<Cov CovItemId="B33" Value="11"/>
<Cov CovItemId="B34" Value="10"/>
<Cov CovItemId="B35" Value="7"/>
<Cov CovItemId="B36" Value="4"/>
<Cov CovItemId="B37" Value="6"/>
<Cov CovItemId="B38" Value="18"/>
<Cov CovItemId="B39" Value="6"/>
<Cov CovItemId="B4" Value="11"/>
<Cov CovItemId="B41" Value="1"/>
<Cov CovItemId="B42" Value="23"/>
<Cov CovItemId="B44" Value="1"/>
<Cov CovItemId="B45" Value="1"/>
<Cov CovItemId="B47" Value="4"/>
<Cov CovItemId="B50" Value="4"/>
<Cov CovItemId="B58" Value="4"/>
<Cov CovItemId="B6" Value="11"/>
<Cov CovItemId="B7" Value="4"/>
<Cov CovItemId="B8" Value="7"/>
<Cov CovItemId="L1-1" Value="4"/>
<Cov CovItemId="L1-2" Value="4"/>
<Cov CovItemId="L2-1" Value="17"/>
<Cov CovItemId="L2-2" Value="4"/>
<Cov CovItemId="L3-1" Value="1"/>
<Cov CovItemId="L3-2" Value="2"/>
<Cov CovItemId="L4-2" Value="8"/>
<Cov CovItemId="L5-1" Value="11"/>
<Cov CovItemId="L6-2" Value="6"/>
<Cov CovItemId="L7-2" Value="1"/>
<Cov CovItemId="L8-2" Value="1"/>
<Cov CovItemId="S100" Value="6"/>
<Cov CovItemId="S101" Value="6"/>
<Cov CovItemId="S102" Value="24"/>
<Cov CovItemId="S103" Value="24"/>
<Cov CovItemId="S104" Value="1"/>
<Cov CovItemId="S106" Value="1"/>
<Cov CovItemId="S107" Value="1"/>
<Cov CovItemId="S108" Value="1"/>
<Cov CovItemId="S109" Value="4"/>
<Cov CovItemId="S110" Value="4"/>
<Cov CovItemId="S111" Value="1"/>
<Cov CovItemId="S112" Value="1"/>
<Cov CovItemId="S113" Value="1"/>
<Cov CovItemId="S114" Value="4"/>
<Cov CovItemId="S115" Value="4"/>
<Cov CovItemId="S116" Value="4"/>
<Cov CovItemId="S129" Value="4"/>
<Cov CovItemId="S130" Value="4"/>
<Cov CovItemId="S131" Value="4"/>
<Cov CovItemId="S133" Value="4"/>
<Cov CovItemId="S134" Value="1"/>
<Cov CovItemId="S44" Value="8"/>
<Cov CovItemId="S45" Value="8"/>
<Cov CovItemId="S46" Value="8"/>
<Cov CovItemId="S47" Value="8"/>
<Cov CovItemId="S48" Value="13"/>
<Cov CovItemId="S49" Value="13"/>
<Cov CovItemId="S50" Value="2"/>
<Cov CovItemId="S51" Value="11"/>
<Cov CovItemId="S53" Value="8"/>
<Cov CovItemId="S54" Value="11"/>
<Cov CovItemId="S56" Value="11"/>
<Cov CovItemId="S57" Value="4"/>
<Cov CovItemId="S58" Value="7"/>
<Cov CovItemId="S60" Value="7"/>
<Cov CovItemId="S62" Value="7"/>
<Cov CovItemId="S64" Value="7"/>
<Cov CovItemId="S66" Value="7"/>
<Cov CovItemId="S68" Value="7"/>
<Cov CovItemId="S69" Value="21"/>
<Cov CovItemId="S70" Value="21"/>
<Cov CovItemId="S71" Value="27"/>
<Cov CovItemId="S72" Value="21"/>
<Cov CovItemId="S73" Value="21"/>
<Cov CovItemId="S74" Value="11"/>
<Cov CovItemId="S75" Value="6"/>
<Cov CovItemId="S76" Value="6"/>
<Cov CovItemId="S80" Value="21"/>
<Cov CovItemId="S81" Value="4"/>
<Cov CovItemId="S82" Value="4"/>
<Cov CovItemId="S83" Value="3"/>
<Cov CovItemId="S84" Value="8"/>
<Cov CovItemId="S85" Value="8"/>
<Cov CovItemId="S86" Value="8"/>
<Cov CovItemId="S87" Value="24"/>
<Cov CovItemId="S88" Value="24"/>
<Cov CovItemId="S89" Value="3"/>
<Cov CovItemId="S90" Value="21"/>
<Cov CovItemId="S92" Value="21"/>
<Cov CovItemId="S93" Value="21"/>
<Cov CovItemId="S94" Value="11"/>
<Cov CovItemId="S95" Value="11"/>
<Cov CovItemId="S96" Value="11"/>
<Cov CovItemId="S97" Value="7"/>
<Cov CovItemId="S98" Value="24"/>
<Cov CovItemId="S99" Value="6"/>
</CovPrefix>
</CovList>
<AssgnmntList>
<AssgnmntPrefix RootTermCovItemPrefix="com.aconex.coding.challenge.NumberToAlphaConverter.java">
<AssgnmntListEntry Length="1" RootTermCovItemId="C1">
<MapEntry BoolAssgnmnt="0" Value="8"/>
<MapEntry BoolAssgnmnt="1" Value="13"/>
</AssgnmntListEntry>
<AssgnmntListEntry Length="2" RootTermCovItemId="C10">
<MapEntry BoolAssgnmnt="10" Value="7"/>
</AssgnmntListEntry>
<AssgnmntListEntry Length="1" RootTermCovItemId="C11">
<MapEntry BoolAssgnmnt="0" Value="21"/>
<MapEntry BoolAssgnmnt="1" Value="27"/>
</AssgnmntListEntry>
<AssgnmntListEntry Length="1" RootTermCovItemId="C12">
<MapEntry BoolAssgnmnt="0" Value="6"/>
<MapEntry BoolAssgnmnt="1" Value="21"/>
</AssgnmntListEntry>
<AssgnmntListEntry Length="1" RootTermCovItemId="C13">
<MapEntry BoolAssgnmnt="0" Value="10"/>
<MapEntry BoolAssgnmnt="1" Value="11"/>
</AssgnmntListEntry>
<AssgnmntListEntry Length="1" RootTermCovItemId="C14">
<MapEntry BoolAssgnmnt="0" Value="6"/>
</AssgnmntListEntry>
<AssgnmntListEntry Length="1" RootTermCovItemId="C16">
<MapEntry BoolAssgnmnt="0" Value="1"/>
<MapEntry BoolAssgnmnt="1" Value="3"/>
</AssgnmntListEntry>
<AssgnmntListEntry Length="1" RootTermCovItemId="C17">
<MapEntry BoolAssgnmnt="0" Value="21"/>
<MapEntry BoolAssgnmnt="1" Value="3"/>
</AssgnmntListEntry>
<AssgnmntListEntry Length="2" RootTermCovItemId="C18">
<MapEntry BoolAssgnmnt="02" Value="21"/>
</AssgnmntListEntry>
<AssgnmntListEntry Length="1" RootTermCovItemId="C19">
<MapEntry BoolAssgnmnt="0" Value="10"/>
<MapEntry BoolAssgnmnt="1" Value="11"/>
</AssgnmntListEntry>
<AssgnmntListEntry Length="2" RootTermCovItemId="C2">
<MapEntry BoolAssgnmnt="10" Value="11"/>
<MapEntry BoolAssgnmnt="11" Value="2"/>
</AssgnmntListEntry>
<AssgnmntListEntry Length="3" RootTermCovItemId="C20">
<MapEntry BoolAssgnmnt="110" Value="4"/>
<MapEntry BoolAssgnmnt="111" Value="7"/>
</AssgnmntListEntry>
<AssgnmntListEntry Length="1" RootTermCovItemId="C21">
<MapEntry BoolAssgnmnt="0" Value="18"/>
<MapEntry BoolAssgnmnt="1" Value="6"/>
</AssgnmntListEntry>
<AssgnmntListEntry Length="1" RootTermCovItemId="C22">
<MapEntry BoolAssgnmnt="1" Value="6"/>
</AssgnmntListEntry>
<AssgnmntListEntry Length="1" RootTermCovItemId="C23">
<MapEntry BoolAssgnmnt="0" Value="23"/>
<MapEntry BoolAssgnmnt="1" Value="1"/>
</AssgnmntListEntry>
<AssgnmntListEntry Length="1" RootTermCovItemId="C24">
<MapEntry BoolAssgnmnt="0" Value="1"/>
</AssgnmntListEntry>
<AssgnmntListEntry Length="1" RootTermCovItemId="C25">
<MapEntry BoolAssgnmnt="1" Value="1"/>
</AssgnmntListEntry>
<AssgnmntListEntry Length="1" RootTermCovItemId="C26">
<MapEntry BoolAssgnmnt="0" Value="1"/>
<MapEntry BoolAssgnmnt="1" Value="4"/>
</AssgnmntListEntry>
<AssgnmntListEntry Length="2" RootTermCovItemId="C27">
<MapEntry BoolAssgnmnt="12" Value="4"/>
</AssgnmntListEntry>
<AssgnmntListEntry Length="1" RootTermCovItemId="C28">
<MapEntry BoolAssgnmnt="0" Value="4"/>
</AssgnmntListEntry>
<AssgnmntListEntry Length="1" RootTermCovItemId="C3">
<MapEntry BoolAssgnmnt="0" Value="11"/>
</AssgnmntListEntry>
<AssgnmntListEntry Length="1" RootTermCovItemId="C32">
<MapEntry BoolAssgnmnt="0" Value="4"/>
</AssgnmntListEntry>
<AssgnmntListEntry Length="2" RootTermCovItemId="C4">
<MapEntry BoolAssgnmnt="10" Value="11"/>
</AssgnmntListEntry>
<AssgnmntListEntry Length="2" RootTermCovItemId="C5">
<MapEntry BoolAssgnmnt="10" Value="7"/>
<MapEntry BoolAssgnmnt="11" Value="4"/>
</AssgnmntListEntry>
<AssgnmntListEntry Length="2" RootTermCovItemId="C6">
<MapEntry BoolAssgnmnt="10" Value="7"/>
</AssgnmntListEntry>
<AssgnmntListEntry Length="2" RootTermCovItemId="C7">
<MapEntry BoolAssgnmnt="10" Value="7"/>
</AssgnmntListEntry>
<AssgnmntListEntry Length="2" RootTermCovItemId="C8">
<MapEntry BoolAssgnmnt="10" Value="7"/>
</AssgnmntListEntry>
<AssgnmntListEntry Length="2" RootTermCovItemId="C9">
<MapEntry BoolAssgnmnt="10" Value="7"/>
</AssgnmntListEntry>
</AssgnmntPrefix>
</AssgnmntList>
<ObjMetaDataList/>
<MetaDataList/>
</TestCase>
<TestCase Comment="" Date="1421777369753" Name="com.aconex.test.TestNumberToAlphaConverter:testsSingleStringResultWithMultipleDictionaryWordAndSingleNumbersAtRightEnd">
<CovList>
<CovPrefix CovItemPrefix="com.aconex.coding.challenge.NumberToAlphaConverter.java">
<Cov CovItemId="B1" Value="4"/>
<Cov CovItemId="B10" Value="5"/>
<Cov CovItemId="B12" Value="5"/>
<Cov CovItemId="B13" Value="4"/>
<Cov CovItemId="B14" Value="1"/>
<Cov CovItemId="B15" Value="1"/>
<Cov CovItemId="B19" Value="40"/>
<Cov CovItemId="B2" Value="73"/>
<Cov CovItemId="B20" Value="56"/>
<Cov CovItemId="B21" Value="8"/>
<Cov CovItemId="B22" Value="32"/>
<Cov CovItemId="B24" Value="56"/>
<Cov CovItemId="B27" Value="10"/>
<Cov CovItemId="B28" Value="1"/>
<Cov CovItemId="B29" Value="9"/>
<Cov CovItemId="B3" Value="4"/>
<Cov CovItemId="B30" Value="41"/>
<Cov CovItemId="B31" Value="8"/>
<Cov CovItemId="B32" Value="33"/>
<Cov CovItemId="B33" Value="8"/>
<Cov CovItemId="B34" Value="33"/>
<Cov CovItemId="B35" Value="3"/>
<Cov CovItemId="B36" Value="5"/>
<Cov CovItemId="B37" Value="25"/>
<Cov CovItemId="B38" Value="25"/>
<Cov CovItemId="B39" Value="12"/>
<Cov CovItemId="B4" Value="69"/>
<Cov CovItemId="B40" Value="13"/>
<Cov CovItemId="B41" Value="1"/>
<Cov CovItemId="B42" Value="44"/>
<Cov CovItemId="B43" Value="1"/>
<Cov CovItemId="B45" Value="1"/>
<Cov CovItemId="B47" Value="11"/>
<Cov CovItemId="B48" Value="3"/>
<Cov CovItemId="B5" Value="3"/>
<Cov CovItemId="B50" Value="11"/>
<Cov CovItemId="B58" Value="11"/>
<Cov CovItemId="B6" Value="5"/>
<Cov CovItemId="B8" Value="5"/>
<Cov CovItemId="L1-1" Value="3"/>
<Cov CovItemId="L1-2" Value="12"/>
<Cov CovItemId="L2-0" Value="1"/>
<Cov CovItemId="L2-1" Value="20"/>
<Cov CovItemId="L2-2" Value="20"/>
<Cov CovItemId="L3-1" Value="7"/>
<Cov CovItemId="L3-2" Value="3"/>
<Cov CovItemId="L4-2" Value="15"/>
<Cov CovItemId="L5-1" Value="8"/>
<Cov CovItemId="L6-2" Value="12"/>
<Cov CovItemId="L7-2" Value="1"/>
<Cov CovItemId="L8-2" Value="1"/>
<Cov CovItemId="S100" Value="25"/>
<Cov CovItemId="S101" Value="12"/>
<Cov CovItemId="S102" Value="45"/>
<Cov CovItemId="S103" Value="45"/>
<Cov CovItemId="S104" Value="1"/>
<Cov CovItemId="S105" Value="1"/>
<Cov CovItemId="S107" Value="1"/>
<Cov CovItemId="S108" Value="1"/>
<Cov CovItemId="S109" Value="3"/>
<Cov CovItemId="S110" Value="11"/>
<Cov CovItemId="S111" Value="1"/>
<Cov CovItemId="S112" Value="1"/>
<Cov CovItemId="S113" Value="1"/>
<Cov CovItemId="S114" Value="14"/>
<Cov CovItemId="S115" Value="14"/>
<Cov CovItemId="S116" Value="11"/>
<Cov CovItemId="S129" Value="11"/>
<Cov CovItemId="S130" Value="11"/>
<Cov CovItemId="S131" Value="11"/>
<Cov CovItemId="S133" Value="11"/>
<Cov CovItemId="S134" Value="1"/>
<Cov CovItemId="S44" Value="15"/>
<Cov CovItemId="S45" Value="15"/>
<Cov CovItemId="S46" Value="15"/>
<Cov CovItemId="S47" Value="15"/>
<Cov CovItemId="S48" Value="77"/>
<Cov CovItemId="S49" Value="77"/>
<Cov CovItemId="S50" Value="4"/>
<Cov CovItemId="S51" Value="73"/>
<Cov CovItemId="S52" Value="4"/>
<Cov CovItemId="S53" Value="15"/>
<Cov CovItemId="S54" Value="8"/>
<Cov CovItemId="S55" Value="3"/>
<Cov CovItemId="S56" Value="5"/>
<Cov CovItemId="S58" Value="5"/>
<Cov CovItemId="S60" Value="5"/>
<Cov CovItemId="S62" Value="5"/>
<Cov CovItemId="S63" Value="4"/>
<Cov CovItemId="S64" Value="1"/>
<Cov CovItemId="S65" Value="1"/>
<Cov CovItemId="S69" Value="41"/>
<Cov CovItemId="S70" Value="41"/>
<Cov CovItemId="S71" Value="96"/>
<Cov CovItemId="S72" Value="40"/>
<Cov CovItemId="S73" Value="40"/>
<Cov CovItemId="S74" Value="8"/>
<Cov CovItemId="S75" Value="56"/>
<Cov CovItemId="S76" Value="56"/>
<Cov CovItemId="S80" Value="41"/>
<Cov CovItemId="S81" Value="11"/>
<Cov CovItemId="S82" Value="11"/>
<Cov CovItemId="S83" Value="10"/>
<Cov CovItemId="S84" Value="15"/>
<Cov CovItemId="S85" Value="15"/>
<Cov CovItemId="S86" Value="15"/>
<Cov CovItemId="S87" Value="50"/>
<Cov CovItemId="S88" Value="50"/>
<Cov CovItemId="S89" Value="9"/>
<Cov CovItemId="S90" Value="41"/>
<Cov CovItemId="S91" Value="8"/>
<Cov CovItemId="S92" Value="41"/>
<Cov CovItemId="S93" Value="41"/>
<Cov CovItemId="S94" Value="8"/>
<Cov CovItemId="S95" Value="8"/>
<Cov CovItemId="S96" Value="8"/>
<Cov CovItemId="S97" Value="3"/>
<Cov CovItemId="S98" Value="50"/>
<Cov CovItemId="S99" Value="25"/>
</CovPrefix>
</CovList>
<AssgnmntList>
<AssgnmntPrefix RootTermCovItemPrefix="com.aconex.coding.challenge.NumberToAlphaConverter.java">
<AssgnmntListEntry Length="1" RootTermCovItemId="C1">
<MapEntry BoolAssgnmnt="0" Value="15"/>
<MapEntry BoolAssgnmnt="1" Value="77"/>
</AssgnmntListEntry>
<AssgnmntListEntry Length="1" RootTermCovItemId="C11">
<MapEntry BoolAssgnmnt="0" Value="41"/>
<MapEntry BoolAssgnmnt="1" Value="96"/>
</AssgnmntListEntry>
<AssgnmntListEntry Length="1" RootTermCovItemId="C12">
<MapEntry BoolAssgnmnt="0" Value="56"/>
<MapEntry BoolAssgnmnt="1" Value="40"/>
</AssgnmntListEntry>
<AssgnmntListEntry Length="1" RootTermCovItemId="C13">
<MapEntry BoolAssgnmnt="0" Value="32"/>
<MapEntry BoolAssgnmnt="1" Value="8"/>
</AssgnmntListEntry>
<AssgnmntListEntry Length="1" RootTermCovItemId="C14">
<MapEntry BoolAssgnmnt="0" Value="56"/>
</AssgnmntListEntry>
<AssgnmntListEntry Length="1" RootTermCovItemId="C16">
<MapEntry BoolAssgnmnt="0" Value="1"/>
<MapEntry BoolAssgnmnt="1" Value="10"/>
</AssgnmntListEntry>
<AssgnmntListEntry Length="1" RootTermCovItemId="C17">
<MapEntry BoolAssgnmnt="0" Value="41"/>
<MapEntry BoolAssgnmnt="1" Value="9"/>
</AssgnmntListEntry>
<AssgnmntListEntry Length="2" RootTermCovItemId="C18">
<MapEntry BoolAssgnmnt="02" Value="33"/>
<MapEntry BoolAssgnmnt="11" Value="8"/>
</AssgnmntListEntry>
<AssgnmntListEntry Length="1" RootTermCovItemId="C19">
<MapEntry BoolAssgnmnt="0" Value="33"/>
<MapEntry BoolAssgnmnt="1" Value="8"/>
</AssgnmntListEntry>
<AssgnmntListEntry Length="2" RootTermCovItemId="C2">
<MapEntry BoolAssgnmnt="10" Value="69"/>
<MapEntry BoolAssgnmnt="02" Value="4"/>
<MapEntry BoolAssgnmnt="11" Value="4"/>
</AssgnmntListEntry>
<AssgnmntListEntry Length="3" RootTermCovItemId="C20">
<MapEntry BoolAssgnmnt="110" Value="5"/>
<MapEntry BoolAssgnmnt="111" Value="3"/>
</AssgnmntListEntry>
<AssgnmntListEntry Length="1" RootTermCovItemId="C21">
<MapEntry BoolAssgnmnt="0" Value="25"/>
<MapEntry BoolAssgnmnt="1" Value="25"/>
</AssgnmntListEntry>
<AssgnmntListEntry Length="1" RootTermCovItemId="C22">
<MapEntry BoolAssgnmnt="0" Value="13"/>
<MapEntry BoolAssgnmnt="1" Value="12"/>
</AssgnmntListEntry>
<AssgnmntListEntry Length="1" RootTermCovItemId="C23">
<MapEntry BoolAssgnmnt="0" Value="44"/>
<MapEntry BoolAssgnmnt="1" Value="1"/>
</AssgnmntListEntry>
<AssgnmntListEntry Length="1" RootTermCovItemId="C24">
<MapEntry BoolAssgnmnt="1" Value="1"/>
</AssgnmntListEntry>
<AssgnmntListEntry Length="1" RootTermCovItemId="C25">
<MapEntry BoolAssgnmnt="1" Value="1"/>
</AssgnmntListEntry>
<AssgnmntListEntry Length="1" RootTermCovItemId="C26">
<MapEntry BoolAssgnmnt="0" Value="1"/>
<MapEntry BoolAssgnmnt="1" Value="14"/>
</AssgnmntListEntry>
<AssgnmntListEntry Length="2" RootTermCovItemId="C27">
<MapEntry BoolAssgnmnt="00" Value="3"/>
<MapEntry BoolAssgnmnt="12" Value="11"/>
</AssgnmntListEntry>
<AssgnmntListEntry Length="1" RootTermCovItemId="C28">
<MapEntry BoolAssgnmnt="0" Value="11"/>
</AssgnmntListEntry>
<AssgnmntListEntry Length="1" RootTermCovItemId="C3">
<MapEntry BoolAssgnmnt="0" Value="69"/>
<MapEntry BoolAssgnmnt="1" Value="4"/>
</AssgnmntListEntry>
<AssgnmntListEntry Length="1" RootTermCovItemId="C32">
<MapEntry BoolAssgnmnt="0" Value="11"/>
</AssgnmntListEntry>
<AssgnmntListEntry Length="2" RootTermCovItemId="C4">
<MapEntry BoolAssgnmnt="10" Value="5"/>
<MapEntry BoolAssgnmnt="11" Value="3"/>
</AssgnmntListEntry>
<AssgnmntListEntry Length="2" RootTermCovItemId="C5">
<MapEntry BoolAssgnmnt="10" Value="5"/>
</AssgnmntListEntry>
<AssgnmntListEntry Length="2" RootTermCovItemId="C6">
<MapEntry BoolAssgnmnt="10" Value="5"/>
</AssgnmntListEntry>
<AssgnmntListEntry Length="2" RootTermCovItemId="C7">
<MapEntry BoolAssgnmnt="10" Value="5"/>
</AssgnmntListEntry>
<AssgnmntListEntry Length="2" RootTermCovItemId="C8">
<MapEntry BoolAssgnmnt="10" Value="1"/>
<MapEntry BoolAssgnmnt="11" Value="4"/>
</AssgnmntListEntry>
<AssgnmntListEntry Length="2" RootTermCovItemId="C9">
<MapEntry BoolAssgnmnt="11" Value="1"/>
</AssgnmntListEntry>
</AssgnmntPrefix>
</AssgnmntList>
<ObjMetaDataList/>
<MetaDataList/>
</TestCase>
<MetaDataList/>
</TestSession>
<TestSession Comment="" Date="1421777451989" Name="20 Jan, 2015 11:40:51 PM">
<TestCase Comment="This is a test case containing all coverage results cause no startTestCase methods where captured." Date="1421777451879" Name="UNNAMED TESTCASE">
<CovList>
<CovPrefix CovItemPrefix="com.aconex.coding.challenge.NumberToAlphaConverter.java">
<Cov CovItemId="B1" Value="305"/>
<Cov CovItemId="B10" Value="127"/>
<Cov CovItemId="B11" Value="38"/>
<Cov CovItemId="B12" Value="89"/>
<Cov CovItemId="B13" Value="45"/>
<Cov CovItemId="B14" Value="44"/>
<Cov CovItemId="B15" Value="35"/>
<Cov CovItemId="B16" Value="9"/>
<Cov CovItemId="B18" Value="9"/>
<Cov CovItemId="B19" Value="756"/>
<Cov CovItemId="B2" Value="1849"/>
<Cov CovItemId="B20" Value="1029"/>
<Cov CovItemId="B21" Value="187"/>
<Cov CovItemId="B22" Value="569"/>
<Cov CovItemId="B23" Value="12"/>
<Cov CovItemId="B24" Value="1017"/>
<Cov CovItemId="B26" Value="12"/>
<Cov CovItemId="B27" Value="174"/>
<Cov CovItemId="B28" Value="15"/>
<Cov CovItemId="B29" Value="221"/>
<Cov CovItemId="B3" Value="64"/>
<Cov CovItemId="B30" Value="824"/>
<Cov CovItemId="B31" Value="113"/>
<Cov CovItemId="B32" Value="711"/>
<Cov CovItemId="B33" Value="187"/>
<Cov CovItemId="B34" Value="637"/>
<Cov CovItemId="B35" Value="84"/>
<Cov CovItemId="B36" Value="103"/>
<Cov CovItemId="B37" Value="692"/>
<Cov CovItemId="B38" Value="353"/>
<Cov CovItemId="B39" Value="449"/>
<Cov CovItemId="B4" Value="1785"/>
<Cov CovItemId="B40" Value="243"/>
<Cov CovItemId="B41" Value="34"/>
<Cov CovItemId="B42" Value="1467"/>
<Cov CovItemId="B43" Value="17"/>
<Cov CovItemId="B44" Value="17"/>
<Cov CovItemId="B45" Value="15"/>
<Cov CovItemId="B47" Value="194"/>
<Cov CovItemId="B48" Value="53"/>
<Cov CovItemId="B49" Value="5"/>
<Cov CovItemId="B5" Value="43"/>
<Cov CovItemId="B50" Value="189"/>
<Cov CovItemId="B51" Value="1"/>
<Cov CovItemId="B52" Value="4"/>
<Cov CovItemId="B53" Value="10"/>
<Cov CovItemId="B54" Value="2"/>
<Cov CovItemId="B55" Value="10"/>
<Cov CovItemId="B57" Value="1"/>
<Cov CovItemId="B58" Value="193"/>
<Cov CovItemId="B6" Value="144"/>
<Cov CovItemId="B7" Value="12"/>
<Cov CovItemId="B8" Value="132"/>
<Cov CovItemId="B9" Value="5"/>
<Cov CovItemId="L1-1" Value="50"/>
<Cov CovItemId="L1-2" Value="280"/>
<Cov CovItemId="L10-1" Value="2"/>
<Cov CovItemId="L10-2" Value="3"/>
<Cov CovItemId="L2-0" Value="68"/>
<Cov CovItemId="L2-1" Value="351"/>
<Cov CovItemId="L2-2" Value="405"/>
<Cov CovItemId="L3-1" Value="103"/>
<Cov CovItemId="L3-2" Value="71"/>
<Cov CovItemId="L4-2" Value="318"/>
<Cov CovItemId="L5-1" Value="187"/>
<Cov CovItemId="L6-2" Value="449"/>
<Cov CovItemId="L7-2" Value="15"/>
<Cov CovItemId="L8-2" Value="16"/>
<Cov CovItemId="L9-2" Value="4"/>
<Cov CovItemId="S1" Value="1"/>
<Cov CovItemId="S10" Value="1"/>
<Cov CovItemId="S100" Value="692"/>
<Cov CovItemId="S101" Value="449"/>
<Cov CovItemId="S102" Value="1501"/>
<Cov CovItemId="S103" Value="1501"/>
<Cov CovItemId="S104" Value="34"/>
<Cov CovItemId="S105" Value="17"/>
<Cov CovItemId="S106" Value="17"/>
<Cov CovItemId="S107" Value="15"/>
<Cov CovItemId="S108" Value="15"/>
<Cov CovItemId="S109" Value="49"/>
<Cov CovItemId="S11" Value="1"/>
<Cov CovItemId="S110" Value="189"/>
<Cov CovItemId="S111" Value="16"/>
<Cov CovItemId="S112" Value="16"/>
<Cov CovItemId="S113" Value="16"/>
<Cov CovItemId="S114" Value="247"/>
<Cov CovItemId="S115" Value="247"/>
<Cov CovItemId="S116" Value="194"/>
<Cov CovItemId="S117" Value="5"/>
<Cov CovItemId="S118" Value="5"/>
<Cov CovItemId="S119" Value="1"/>
<Cov CovItemId="S12" Value="1"/>
<Cov CovItemId="S120" Value="4"/>
<Cov CovItemId="S121" Value="12"/>
<Cov CovItemId="S122" Value="12"/>
<Cov CovItemId="S123" Value="10"/>
<Cov CovItemId="S124" Value="10"/>
<Cov CovItemId="S125" Value="10"/>
<Cov CovItemId="S126" Value="5"/>
<Cov CovItemId="S127" Value="5"/>
<Cov CovItemId="S128" Value="11"/>
<Cov CovItemId="S129" Value="189"/>
<Cov CovItemId="S13" Value="1"/>
<Cov CovItemId="S130" Value="189"/>
<Cov CovItemId="S131" Value="194"/>
<Cov CovItemId="S132" Value="1"/>
<Cov CovItemId="S133" Value="193"/>
<Cov CovItemId="S134" Value="16"/>
<Cov CovItemId="S14" Value="1"/>
<Cov CovItemId="S15" Value="1"/>
<Cov CovItemId="S16" Value="1"/>
<Cov CovItemId="S17" Value="1"/>
<Cov CovItemId="S18" Value="1"/>
<Cov CovItemId="S19" Value="1"/>
<Cov CovItemId="S2" Value="1"/>
<Cov CovItemId="S20" Value="1"/>
<Cov CovItemId="S21" Value="1"/>
<Cov CovItemId="S22" Value="1"/>
<Cov CovItemId="S23" Value="1"/>
<Cov CovItemId="S24" Value="1"/>
<Cov CovItemId="S25" Value="1"/>
<Cov CovItemId="S26" Value="1"/>
<Cov CovItemId="S27" Value="1"/>
<Cov CovItemId="S28" Value="1"/>
<Cov CovItemId="S29" Value="1"/>
<Cov CovItemId="S3" Value="1"/>
<Cov CovItemId="S30" Value="1"/>
<Cov CovItemId="S31" Value="1"/>
<Cov CovItemId="S32" Value="1"/>
<Cov CovItemId="S33" Value="1"/>
<Cov CovItemId="S34" Value="1"/>
<Cov CovItemId="S35" Value="1"/>
<Cov CovItemId="S36" Value="1"/>
<Cov CovItemId="S37" Value="1"/>
<Cov CovItemId="S38" Value="1"/>
<Cov CovItemId="S39" Value="1"/>
<Cov CovItemId="S4" Value="1"/>
<Cov CovItemId="S40" Value="1"/>
<Cov CovItemId="S41" Value="1"/>
<Cov CovItemId="S42" Value="1"/>
<Cov CovItemId="S43" Value="1"/>
<Cov CovItemId="S44" Value="330"/>
<Cov CovItemId="S45" Value="330"/>
<Cov CovItemId="S46" Value="330"/>
<Cov CovItemId="S47" Value="330"/>
<Cov CovItemId="S48" Value="2154"/>
<Cov CovItemId="S49" Value="2154"/>
<Cov CovItemId="S5" Value="1"/>
<Cov CovItemId="S50" Value="305"/>
<Cov CovItemId="S51" Value="1849"/>
<Cov CovItemId="S52" Value="64"/>
<Cov CovItemId="S53" Value="330"/>
<Cov CovItemId="S54" Value="187"/>
<Cov CovItemId="S55" Value="43"/>
<Cov CovItemId="S56" Value="144"/>
<Cov CovItemId="S57" Value="12"/>
<Cov CovItemId="S58" Value="132"/>
<Cov CovItemId="S59" Value="5"/>
<Cov CovItemId="S6" Value="1"/>
<Cov CovItemId="S60" Value="127"/>
<Cov CovItemId="S61" Value="38"/>
<Cov CovItemId="S62" Value="89"/>
<Cov CovItemId="S63" Value="45"/>
<Cov CovItemId="S64" Value="44"/>
<Cov CovItemId="S65" Value="35"/>
<Cov CovItemId="S66" Value="9"/>
<Cov CovItemId="S68" Value="9"/>
<Cov CovItemId="S69" Value="824"/>
<Cov CovItemId="S7" Value="1"/>
<Cov CovItemId="S70" Value="824"/>
<Cov CovItemId="S71" Value="1785"/>
<Cov CovItemId="S72" Value="756"/>
<Cov CovItemId="S73" Value="756"/>
<Cov CovItemId="S74" Value="187"/>
<Cov CovItemId="S75" Value="1029"/>
<Cov CovItemId="S76" Value="1029"/>
<Cov CovItemId="S77" Value="12"/>
<Cov CovItemId="S78" Value="12"/>
<Cov CovItemId="S8" Value="1"/>
<Cov CovItemId="S80" Value="824"/>
<Cov CovItemId="S81" Value="189"/>
<Cov CovItemId="S82" Value="189"/>
<Cov CovItemId="S83" Value="174"/>
<Cov CovItemId="S84" Value="318"/>
<Cov CovItemId="S85" Value="318"/>
<Cov CovItemId="S86" Value="318"/>
<Cov CovItemId="S87" Value="1045"/>
<Cov CovItemId="S88" Value="1045"/>
<Cov CovItemId="S89" Value="221"/>
<Cov CovItemId="S9" Value="1"/>
<Cov CovItemId="S90" Value="824"/>
<Cov CovItemId="S91" Value="113"/>
<Cov CovItemId="S92" Value="824"/>
<Cov CovItemId="S93" Value="824"/>
<Cov CovItemId="S94" Value="187"/>
<Cov CovItemId="S95" Value="187"/>
<Cov CovItemId="S96" Value="187"/>
<Cov CovItemId="S97" Value="84"/>
<Cov CovItemId="S98" Value="1045"/>
<Cov CovItemId="S99" Value="692"/>
</CovPrefix>
</CovList>
<AssgnmntList>
<AssgnmntPrefix RootTermCovItemPrefix="com.aconex.coding.challenge.NumberToAlphaConverter.java">
<AssgnmntListEntry Length="1" RootTermCovItemId="C1">
<MapEntry BoolAssgnmnt="0" Value="330"/>
<MapEntry BoolAssgnmnt="1" Value="2154"/>
</AssgnmntListEntry>
<AssgnmntListEntry Length="2" RootTermCovItemId="C10">
<MapEntry BoolAssgnmnt="10" Value="9"/>
</AssgnmntListEntry>
<AssgnmntListEntry Length="1" RootTermCovItemId="C11">
<MapEntry BoolAssgnmnt="0" Value="824"/>
<MapEntry BoolAssgnmnt="1" Value="1785"/>
</AssgnmntListEntry>
<AssgnmntListEntry Length="1" RootTermCovItemId="C12">
<MapEntry BoolAssgnmnt="0" Value="1029"/>
<MapEntry BoolAssgnmnt="1" Value="756"/>
</AssgnmntListEntry>
<AssgnmntListEntry Length="1" RootTermCovItemId="C13">
<MapEntry BoolAssgnmnt="0" Value="569"/>
<MapEntry BoolAssgnmnt="1" Value="187"/>
</AssgnmntListEntry>
<AssgnmntListEntry Length="1" RootTermCovItemId="C14">
<MapEntry BoolAssgnmnt="0" Value="1017"/>
<MapEntry BoolAssgnmnt="1" Value="12"/>
</AssgnmntListEntry>
<AssgnmntListEntry Length="1" RootTermCovItemId="C15">
<MapEntry BoolAssgnmnt="0" Value="12"/>
</AssgnmntListEntry>
<AssgnmntListEntry Length="1" RootTermCovItemId="C16">
<MapEntry BoolAssgnmnt="0" Value="15"/>
<MapEntry BoolAssgnmnt="1" Value="174"/>
</AssgnmntListEntry>
<AssgnmntListEntry Length="1" RootTermCovItemId="C17">
<MapEntry BoolAssgnmnt="0" Value="824"/>
<MapEntry BoolAssgnmnt="1" Value="221"/>
</AssgnmntListEntry>
<AssgnmntListEntry Length="2" RootTermCovItemId="C18">
<MapEntry BoolAssgnmnt="02" Value="711"/>
<MapEntry BoolAssgnmnt="11" Value="113"/>
</AssgnmntListEntry>
<AssgnmntListEntry Length="1" RootTermCovItemId="C19">
<MapEntry BoolAssgnmnt="0" Value="637"/>
<MapEntry BoolAssgnmnt="1" Value="187"/>
</AssgnmntListEntry>
<AssgnmntListEntry Length="2" RootTermCovItemId="C2">
<MapEntry BoolAssgnmnt="10" Value="1785"/>
<MapEntry BoolAssgnmnt="02" Value="64"/>
<MapEntry BoolAssgnmnt="11" Value="305"/>
</AssgnmntListEntry>
<AssgnmntListEntry Length="3" RootTermCovItemId="C20">
<MapEntry BoolAssgnmnt="110" Value="103"/>
<MapEntry BoolAssgnmnt="111" Value="84"/>
</AssgnmntListEntry>
<AssgnmntListEntry Length="1" RootTermCovItemId="C21">
<MapEntry BoolAssgnmnt="0" Value="353"/>
<MapEntry BoolAssgnmnt="1" Value="692"/>
</AssgnmntListEntry>
<AssgnmntListEntry Length="1" RootTermCovItemId="C22">
<MapEntry BoolAssgnmnt="0" Value="243"/>
<MapEntry BoolAssgnmnt="1" Value="449"/>
</AssgnmntListEntry>
<AssgnmntListEntry Length="1" RootTermCovItemId="C23">
<MapEntry BoolAssgnmnt="0" Value="1467"/>
<MapEntry BoolAssgnmnt="1" Value="34"/>
</AssgnmntListEntry>
<AssgnmntListEntry Length="1" RootTermCovItemId="C24">
<MapEntry BoolAssgnmnt="0" Value="17"/>
<MapEntry BoolAssgnmnt="1" Value="17"/>
</AssgnmntListEntry>
<AssgnmntListEntry Length="1" RootTermCovItemId="C25">
<MapEntry BoolAssgnmnt="1" Value="15"/>
</AssgnmntListEntry>
<AssgnmntListEntry Length="1" RootTermCovItemId="C26">
<MapEntry BoolAssgnmnt="0" Value="15"/>
<MapEntry BoolAssgnmnt="1" Value="247"/>
</AssgnmntListEntry>
<AssgnmntListEntry Length="2" RootTermCovItemId="C27">
<MapEntry BoolAssgnmnt="01" Value="5"/>
<MapEntry BoolAssgnmnt="00" Value="53"/>
<MapEntry BoolAssgnmnt="12" Value="189"/>
</AssgnmntListEntry>
<AssgnmntListEntry Length="1" RootTermCovItemId="C28">
<MapEntry BoolAssgnmnt="0" Value="189"/>
<MapEntry BoolAssgnmnt="1" Value="5"/>
</AssgnmntListEntry>
<AssgnmntListEntry Length="1" RootTermCovItemId="C29">
<MapEntry BoolAssgnmnt="0" Value="4"/>
<MapEntry BoolAssgnmnt="1" Value="1"/>
</AssgnmntListEntry>
<AssgnmntListEntry Length="1" RootTermCovItemId="C3">
<MapEntry BoolAssgnmnt="0" Value="1785"/>
<MapEntry BoolAssgnmnt="1" Value="64"/>
</AssgnmntListEntry>
<AssgnmntListEntry Length="1" RootTermCovItemId="C30">
<MapEntry BoolAssgnmnt="0" Value="2"/>
<MapEntry BoolAssgnmnt="1" Value="10"/>
</AssgnmntListEntry>
<AssgnmntListEntry Length="1" RootTermCovItemId="C31">
<MapEntry BoolAssgnmnt="1" Value="10"/>
</AssgnmntListEntry>
<AssgnmntListEntry Length="1" RootTermCovItemId="C32">
<MapEntry BoolAssgnmnt="0" Value="193"/>
<MapEntry BoolAssgnmnt="1" Value="1"/>
</AssgnmntListEntry>
<AssgnmntListEntry Length="2" RootTermCovItemId="C4">
<MapEntry BoolAssgnmnt="10" Value="144"/>
<MapEntry BoolAssgnmnt="11" Value="43"/>
</AssgnmntListEntry>
<AssgnmntListEntry Length="2" RootTermCovItemId="C5">
<MapEntry BoolAssgnmnt="10" Value="132"/>
<MapEntry BoolAssgnmnt="11" Value="12"/>
</AssgnmntListEntry>
<AssgnmntListEntry Length="2" RootTermCovItemId="C6">
<MapEntry BoolAssgnmnt="10" Value="127"/>
<MapEntry BoolAssgnmnt="11" Value="5"/>
</AssgnmntListEntry>
<AssgnmntListEntry Length="2" RootTermCovItemId="C7">
<MapEntry BoolAssgnmnt="10" Value="89"/>
<MapEntry BoolAssgnmnt="11" Value="38"/>
</AssgnmntListEntry>
<AssgnmntListEntry Length="2" RootTermCovItemId="C8">
<MapEntry BoolAssgnmnt="10" Value="44"/>
<MapEntry BoolAssgnmnt="11" Value="45"/>
</AssgnmntListEntry>
<AssgnmntListEntry Length="2" RootTermCovItemId="C9">
<MapEntry BoolAssgnmnt="10" Value="9"/>
<MapEntry BoolAssgnmnt="11" Value="35"/>
</AssgnmntListEntry>
</AssgnmntPrefix>
</AssgnmntList>
<ObjMetaDataList/>
<MetaDataList/>
</TestCase>
<MetaDataList/>
</TestSession>
<TestSession Comment="" Date="1421780340810" Name="21 Jan, 2015 12:29:00 AM">
<TestCase Comment="This is a test case containing all coverage results cause no startTestCase methods where captured." Date="1421780340685" Name="UNNAMED TESTCASE">
<CovList>
<CovPrefix CovItemPrefix="com.aconex.coding.challenge.NumberToAlphaConverter.java">
<Cov CovItemId="B1" Value="305"/>
<Cov CovItemId="B10" Value="127"/>
<Cov CovItemId="B11" Value="38"/>
<Cov CovItemId="B12" Value="89"/>
<Cov CovItemId="B13" Value="45"/>
<Cov CovItemId="B14" Value="44"/>
<Cov CovItemId="B15" Value="35"/>
<Cov CovItemId="B16" Value="9"/>
<Cov CovItemId="B18" Value="9"/>
<Cov CovItemId="B19" Value="756"/>
<Cov CovItemId="B2" Value="1849"/>
<Cov CovItemId="B20" Value="1029"/>
<Cov CovItemId="B21" Value="187"/>
<Cov CovItemId="B22" Value="569"/>
<Cov CovItemId="B23" Value="12"/>
<Cov CovItemId="B24" Value="1017"/>
<Cov CovItemId="B26" Value="12"/>
<Cov CovItemId="B27" Value="174"/>
<Cov CovItemId="B28" Value="15"/>
<Cov CovItemId="B29" Value="221"/>
<Cov CovItemId="B3" Value="64"/>
<Cov CovItemId="B30" Value="824"/>
<Cov CovItemId="B31" Value="113"/>
<Cov CovItemId="B32" Value="711"/>
<Cov CovItemId="B33" Value="187"/>
<Cov CovItemId="B34" Value="637"/>
<Cov CovItemId="B35" Value="84"/>
<Cov CovItemId="B36" Value="103"/>
<Cov CovItemId="B37" Value="692"/>
<Cov CovItemId="B38" Value="353"/>
<Cov CovItemId="B39" Value="449"/>
<Cov CovItemId="B4" Value="1785"/>
<Cov CovItemId="B40" Value="243"/>
<Cov CovItemId="B41" Value="34"/>
<Cov CovItemId="B42" Value="1467"/>
<Cov CovItemId="B43" Value="17"/>
<Cov CovItemId="B44" Value="17"/>
<Cov CovItemId="B45" Value="15"/>
<Cov CovItemId="B47" Value="194"/>
<Cov CovItemId="B48" Value="53"/>
<Cov CovItemId="B49" Value="5"/>
<Cov CovItemId="B5" Value="43"/>
<Cov CovItemId="B50" Value="189"/>
<Cov CovItemId="B51" Value="1"/>
<Cov CovItemId="B52" Value="4"/>
<Cov CovItemId="B53" Value="10"/>
<Cov CovItemId="B54" Value="2"/>
<Cov CovItemId="B55" Value="10"/>
<Cov CovItemId="B57" Value="1"/>
<Cov CovItemId="B58" Value="193"/>
<Cov CovItemId="B6" Value="144"/>
<Cov CovItemId="B7" Value="12"/>
<Cov CovItemId="B8" Value="132"/>
<Cov CovItemId="B9" Value="5"/>
<Cov CovItemId="L1-1" Value="50"/>
<Cov CovItemId="L1-2" Value="280"/>
<Cov CovItemId="L10-1" Value="2"/>
<Cov CovItemId="L10-2" Value="3"/>
<Cov CovItemId="L2-0" Value="68"/>
<Cov CovItemId="L2-1" Value="351"/>
<Cov CovItemId="L2-2" Value="405"/>
<Cov CovItemId="L3-1" Value="103"/>
<Cov CovItemId="L3-2" Value="71"/>
<Cov CovItemId="L4-2" Value="318"/>
<Cov CovItemId="L5-1" Value="187"/>
<Cov CovItemId="L6-2" Value="449"/>
<Cov CovItemId="L7-2" Value="15"/>
<Cov CovItemId="L8-2" Value="16"/>
<Cov CovItemId="L9-2" Value="4"/>
<Cov CovItemId="S1" Value="1"/>
<Cov CovItemId="S10" Value="1"/>
<Cov CovItemId="S100" Value="692"/>
<Cov CovItemId="S101" Value="449"/>
<Cov CovItemId="S102" Value="1501"/>
<Cov CovItemId="S103" Value="1501"/>
<Cov CovItemId="S104" Value="34"/>
<Cov CovItemId="S105" Value="17"/>
<Cov CovItemId="S106" Value="17"/>
<Cov CovItemId="S107" Value="15"/>
<Cov CovItemId="S108" Value="15"/>
<Cov CovItemId="S109" Value="49"/>
<Cov CovItemId="S11" Value="1"/>
<Cov CovItemId="S110" Value="189"/>
<Cov CovItemId="S111" Value="16"/>
<Cov CovItemId="S112" Value="16"/>
<Cov CovItemId="S113" Value="16"/>
<Cov CovItemId="S114" Value="247"/>
<Cov CovItemId="S115" Value="247"/>
<Cov CovItemId="S116" Value="194"/>
<Cov CovItemId="S117" Value="5"/>
<Cov CovItemId="S118" Value="5"/>
<Cov CovItemId="S119" Value="1"/>
<Cov CovItemId="S12" Value="1"/>
<Cov CovItemId="S120" Value="4"/>
<Cov CovItemId="S121" Value="12"/>
<Cov CovItemId="S122" Value="12"/>
<Cov CovItemId="S123" Value="10"/>
<Cov CovItemId="S124" Value="10"/>
<Cov CovItemId="S125" Value="10"/>
<Cov CovItemId="S126" Value="5"/>
<Cov CovItemId="S127" Value="5"/>
<Cov CovItemId="S128" Value="11"/>
<Cov CovItemId="S129" Value="189"/>
<Cov CovItemId="S13" Value="1"/>
<Cov CovItemId="S130" Value="189"/>
<Cov CovItemId="S131" Value="194"/>
<Cov CovItemId="S132" Value="1"/>
<Cov CovItemId="S133" Value="193"/>
<Cov CovItemId="S134" Value="16"/>
<Cov CovItemId="S14" Value="1"/>
<Cov CovItemId="S15" Value="1"/>
<Cov CovItemId="S16" Value="1"/>
<Cov CovItemId="S17" Value="1"/>
<Cov CovItemId="S18" Value="1"/>
<Cov CovItemId="S19" Value="1"/>
<Cov CovItemId="S2" Value="1"/>
<Cov CovItemId="S20" Value="1"/>
<Cov CovItemId="S21" Value="1"/>
<Cov CovItemId="S22" Value="1"/>
<Cov CovItemId="S23" Value="1"/>
<Cov CovItemId="S24" Value="1"/>
<Cov CovItemId="S25" Value="1"/>
<Cov CovItemId="S26" Value="1"/>
<Cov CovItemId="S27" Value="1"/>
<Cov CovItemId="S28" Value="1"/>
<Cov CovItemId="S29" Value="1"/>
<Cov CovItemId="S3" Value="1"/>
<Cov CovItemId="S30" Value="1"/>
<Cov CovItemId="S31" Value="1"/>
<Cov CovItemId="S32" Value="1"/>
<Cov CovItemId="S33" Value="1"/>
<Cov CovItemId="S34" Value="1"/>
<Cov CovItemId="S35" Value="1"/>
<Cov CovItemId="S36" Value="1"/>
<Cov CovItemId="S37" Value="1"/>
<Cov CovItemId="S38" Value="1"/>
<Cov CovItemId="S39" Value="1"/>
<Cov CovItemId="S4" Value="1"/>
<Cov CovItemId="S40" Value="1"/>
<Cov CovItemId="S41" Value="1"/>
<Cov CovItemId="S42" Value="1"/>
<Cov CovItemId="S43" Value="1"/>
<Cov CovItemId="S44" Value="330"/>
<Cov CovItemId="S45" Value="330"/>
<Cov CovItemId="S46" Value="330"/>
<Cov CovItemId="S47" Value="330"/>
<Cov CovItemId="S48" Value="2154"/>
<Cov CovItemId="S49" Value="2154"/>
<Cov CovItemId="S5" Value="1"/>
<Cov CovItemId="S50" Value="305"/>
<Cov CovItemId="S51" Value="1849"/>
<Cov CovItemId="S52" Value="64"/>
<Cov CovItemId="S53" Value="330"/>
<Cov CovItemId="S54" Value="187"/>
<Cov CovItemId="S55" Value="43"/>
<Cov CovItemId="S56" Value="144"/>
<Cov CovItemId="S57" Value="12"/>
<Cov CovItemId="S58" Value="132"/>
<Cov CovItemId="S59" Value="5"/>
<Cov CovItemId="S6" Value="1"/>
<Cov CovItemId="S60" Value="127"/>
<Cov CovItemId="S61" Value="38"/>
<Cov CovItemId="S62" Value="89"/>
<Cov CovItemId="S63" Value="45"/>
<Cov CovItemId="S64" Value="44"/>
<Cov CovItemId="S65" Value="35"/>
<Cov CovItemId="S66" Value="9"/>
<Cov CovItemId="S68" Value="9"/>
<Cov CovItemId="S69" Value="824"/>
<Cov CovItemId="S7" Value="1"/>
<Cov CovItemId="S70" Value="824"/>
<Cov CovItemId="S71" Value="1785"/>
<Cov CovItemId="S72" Value="756"/>
<Cov CovItemId="S73" Value="756"/>
<Cov CovItemId="S74" Value="187"/>
<Cov CovItemId="S75" Value="1029"/>
<Cov CovItemId="S76" Value="1029"/>
<Cov CovItemId="S77" Value="12"/>
<Cov CovItemId="S78" Value="12"/>
<Cov CovItemId="S8" Value="1"/>
<Cov CovItemId="S80" Value="824"/>
<Cov CovItemId="S81" Value="189"/>
<Cov CovItemId="S82" Value="189"/>
<Cov CovItemId="S83" Value="174"/>
<Cov CovItemId="S84" Value="318"/>
<Cov CovItemId="S85" Value="318"/>
<Cov CovItemId="S86" Value="318"/>
<Cov CovItemId="S87" Value="1045"/>
<Cov CovItemId="S88" Value="1045"/>
<Cov CovItemId="S89" Value="221"/>
<Cov CovItemId="S9" Value="1"/>
<Cov CovItemId="S90" Value="824"/>
<Cov CovItemId="S91" Value="113"/>
<Cov CovItemId="S92" Value="824"/>
<Cov CovItemId="S93" Value="824"/>
<Cov CovItemId="S94" Value="187"/>
<Cov CovItemId="S95" Value="187"/>
<Cov CovItemId="S96" Value="187"/>
<Cov CovItemId="S97" Value="84"/>
<Cov CovItemId="S98" Value="1045"/>
<Cov CovItemId="S99" Value="692"/>
</CovPrefix>
</CovList>
<AssgnmntList>
<AssgnmntPrefix RootTermCovItemPrefix="com.aconex.coding.challenge.NumberToAlphaConverter.java">
<AssgnmntListEntry Length="1" RootTermCovItemId="C1">
<MapEntry BoolAssgnmnt="0" Value="330"/>
<MapEntry BoolAssgnmnt="1" Value="2154"/>
</AssgnmntListEntry>
<AssgnmntListEntry Length="2" RootTermCovItemId="C10">
<MapEntry BoolAssgnmnt="10" Value="9"/>
</AssgnmntListEntry>
<AssgnmntListEntry Length="1" RootTermCovItemId="C11">
<MapEntry BoolAssgnmnt="0" Value="824"/>
<MapEntry BoolAssgnmnt="1" Value="1785"/>
</AssgnmntListEntry>
<AssgnmntListEntry Length="1" RootTermCovItemId="C12">
<MapEntry BoolAssgnmnt="0" Value="1029"/>
<MapEntry BoolAssgnmnt="1" Value="756"/>
</AssgnmntListEntry>
<AssgnmntListEntry Length="1" RootTermCovItemId="C13">
<MapEntry BoolAssgnmnt="0" Value="569"/>
<MapEntry BoolAssgnmnt="1" Value="187"/>
</AssgnmntListEntry>
<AssgnmntListEntry Length="1" RootTermCovItemId="C14">
<MapEntry BoolAssgnmnt="0" Value="1017"/>
<MapEntry BoolAssgnmnt="1" Value="12"/>
</AssgnmntListEntry>
<AssgnmntListEntry Length="1" RootTermCovItemId="C15">
<MapEntry BoolAssgnmnt="0" Value="12"/>
</AssgnmntListEntry>
<AssgnmntListEntry Length="1" RootTermCovItemId="C16">
<MapEntry BoolAssgnmnt="0" Value="15"/>
<MapEntry BoolAssgnmnt="1" Value="174"/>
</AssgnmntListEntry>
<AssgnmntListEntry Length="1" RootTermCovItemId="C17">
<MapEntry BoolAssgnmnt="0" Value="824"/>
<MapEntry BoolAssgnmnt="1" Value="221"/>
</AssgnmntListEntry>
<AssgnmntListEntry Length="2" RootTermCovItemId="C18">
<MapEntry BoolAssgnmnt="02" Value="711"/>
<MapEntry BoolAssgnmnt="11" Value="113"/>
</AssgnmntListEntry>
<AssgnmntListEntry Length="1" RootTermCovItemId="C19">
<MapEntry BoolAssgnmnt="0" Value="637"/>
<MapEntry BoolAssgnmnt="1" Value="187"/>
</AssgnmntListEntry>
<AssgnmntListEntry Length="2" RootTermCovItemId="C2">
<MapEntry BoolAssgnmnt="10" Value="1785"/>
<MapEntry BoolAssgnmnt="02" Value="64"/>
<MapEntry BoolAssgnmnt="11" Value="305"/>
</AssgnmntListEntry>
<AssgnmntListEntry Length="3" RootTermCovItemId="C20">
<MapEntry BoolAssgnmnt="110" Value="103"/>
<MapEntry BoolAssgnmnt="111" Value="84"/>
</AssgnmntListEntry>
<AssgnmntListEntry Length="1" RootTermCovItemId="C21">
<MapEntry BoolAssgnmnt="0" Value="353"/>
<MapEntry BoolAssgnmnt="1" Value="692"/>
</AssgnmntListEntry>
<AssgnmntListEntry Length="1" RootTermCovItemId="C22">
<MapEntry BoolAssgnmnt="0" Value="243"/>
<MapEntry BoolAssgnmnt="1" Value="449"/>
</AssgnmntListEntry>
<AssgnmntListEntry Length="1" RootTermCovItemId="C23">
<MapEntry BoolAssgnmnt="0" Value="1467"/>
<MapEntry BoolAssgnmnt="1" Value="34"/>
</AssgnmntListEntry>
<AssgnmntListEntry Length="1" RootTermCovItemId="C24">
<MapEntry BoolAssgnmnt="0" Value="17"/>
<MapEntry BoolAssgnmnt="1" Value="17"/>
</AssgnmntListEntry>
<AssgnmntListEntry Length="1" RootTermCovItemId="C25">
<MapEntry BoolAssgnmnt="1" Value="15"/>
</AssgnmntListEntry>
<AssgnmntListEntry Length="1" RootTermCovItemId="C26">
<MapEntry BoolAssgnmnt="0" Value="15"/>
<MapEntry BoolAssgnmnt="1" Value="247"/>
</AssgnmntListEntry>
<AssgnmntListEntry Length="2" RootTermCovItemId="C27">
<MapEntry BoolAssgnmnt="01" Value="5"/>
<MapEntry BoolAssgnmnt="00" Value="53"/>
<MapEntry BoolAssgnmnt="12" Value="189"/>
</AssgnmntListEntry>
<AssgnmntListEntry Length="1" RootTermCovItemId="C28">
<MapEntry BoolAssgnmnt="0" Value="189"/>
<MapEntry BoolAssgnmnt="1" Value="5"/>
</AssgnmntListEntry>
<AssgnmntListEntry Length="1" RootTermCovItemId="C29">
<MapEntry BoolAssgnmnt="0" Value="4"/>
<MapEntry BoolAssgnmnt="1" Value="1"/>
</AssgnmntListEntry>
<AssgnmntListEntry Length="1" RootTermCovItemId="C3">
<MapEntry BoolAssgnmnt="0" Value="1785"/>
<MapEntry BoolAssgnmnt="1" Value="64"/>
</AssgnmntListEntry>
<AssgnmntListEntry Length="1" RootTermCovItemId="C30">
<MapEntry BoolAssgnmnt="0" Value="2"/>
<MapEntry BoolAssgnmnt="1" Value="10"/>
</AssgnmntListEntry>
<AssgnmntListEntry Length="1" RootTermCovItemId="C31">
<MapEntry BoolAssgnmnt="1" Value="10"/>
</AssgnmntListEntry>
<AssgnmntListEntry Length="1" RootTermCovItemId="C32">
<MapEntry BoolAssgnmnt="0" Value="193"/>
<MapEntry BoolAssgnmnt="1" Value="1"/>
</AssgnmntListEntry>
<AssgnmntListEntry Length="2" RootTermCovItemId="C4">
<MapEntry BoolAssgnmnt="10" Value="144"/>
<MapEntry BoolAssgnmnt="11" Value="43"/>
</AssgnmntListEntry>
<AssgnmntListEntry Length="2" RootTermCovItemId="C5">
<MapEntry BoolAssgnmnt="10" Value="132"/>
<MapEntry BoolAssgnmnt="11" Value="12"/>
</AssgnmntListEntry>
<AssgnmntListEntry Length="2" RootTermCovItemId="C6">
<MapEntry BoolAssgnmnt="10" Value="127"/>
<MapEntry BoolAssgnmnt="11" Value="5"/>
</AssgnmntListEntry>
<AssgnmntListEntry Length="2" RootTermCovItemId="C7">
<MapEntry BoolAssgnmnt="10" Value="89"/>
<MapEntry BoolAssgnmnt="11" Value="38"/>
</AssgnmntListEntry>
<AssgnmntListEntry Length="2" RootTermCovItemId="C8">
<MapEntry BoolAssgnmnt="10" Value="44"/>
<MapEntry BoolAssgnmnt="11" Value="45"/>
</AssgnmntListEntry>
<AssgnmntListEntry Length="2" RootTermCovItemId="C9">
<MapEntry BoolAssgnmnt="10" Value="9"/>
<MapEntry BoolAssgnmnt="11" Value="35"/>
</AssgnmntListEntry>
</AssgnmntPrefix>
</AssgnmntList>
<ObjMetaDataList/>
<MetaDataList/>
</TestCase>
<MetaDataList/>
</TestSession>
</TestSessionContainer>
